
Gurobi 13.0.0 (linux64) logging started Wed Jan 14 19:23:38 2026

Set parameter LogFile to value "../experiments/network-n_60_s_1_rp_0-app_set-id_94_36_apps/compact_model_gurobi.log"
Set parameter TimeLimit to value 900
Gurobi Optimizer version 13.0.0 build v13.0.0rc1 (linux64 - "Ubuntu 24.04.3 LTS")

CPU model: Intel(R) Core(TM) Ultra 7 165H, instruction set [SSE2|AVX|AVX2]
Thread count: 22 physical cores, 22 logical processors, using up to 22 threads

Non-default parameters:
TimeLimit  900
LogToConsole  0

Academic license 2539022 - for non-commercial use only - registered to al___@studenti.unimi.it
Optimize a model with 89217 rows, 14040 columns and 198251 nonzeros (Min)
Model fingerprint: 0x62b7d996
Model has 14040 linear objective coefficients
Model has 206 quadratic constraints
Variable types: 0 continuous, 14040 integer (14040 binary)
Coefficient statistics:
  Matrix range     [1e+00, 9e+02]
  QMatrix range    [5e+01, 2e+02]
  Objective range  [1e+01, 2e+02]
  Bounds range     [1e+00, 1e+00]
  RHS range        [1e+00, 1e+09]
  QRHS range       [1e+02, 6e+02]
Presolve removed 85744 rows and 8217 columns
Presolve time: 0.16s
Presolved: 70043 rows, 72187 columns, 443620 nonzeros
Variable types: 0 continuous, 72187 integer (72187 binary)
Performing another presolve...
Presolve removed 3198 rows and 3293 columns
Presolve time: 0.86s
Deterministic concurrent LP optimizer: primal and dual simplex
Showing primal log only...

Concurrent spin time: 0.24s (can be avoided by choosing Method=3)

Solved with dual simplex

Root relaxation: infeasible, 10467 iterations, 1.51 seconds (2.43 work units)

    Nodes    |    Current Node    |     Objective Bounds      |     Work
 Expl Unexpl |  Obj  Depth IntInf | Incumbent    BestBd   Gap | It/Node Time

     0     0 infeasible    0               - infeasible      -     -    2s

Explored 1 nodes (10467 simplex iterations) in 2.78 seconds (4.03 work units)
Thread count was 22 (of 22 available processors)

Solution count 0

Model is infeasible
Best objective -, best bound -, gap -

User-callback calls 347, time in user-callback 0.00 sec
