
Gurobi 13.0.0 (linux64) logging started Mon Jan  5 00:11:33 2026

Set parameter LogFile to value "../experiments/network-n_30_s_2_rp_0-app_set-id_6_7_apps/compact_model_gurobi.log"
Set parameter TimeLimit to value 900
Gurobi Optimizer version 13.0.0 build v13.0.0rc1 (linux64 - "Ubuntu 24.04.3 LTS")

CPU model: Intel(R) Core(TM) Ultra 7 165H, instruction set [SSE2|AVX|AVX2]
Thread count: 22 physical cores, 22 logical processors, using up to 22 threads

Non-default parameters:
TimeLimit  900
LogToConsole  0

Academic license 2539022 - for non-commercial use only - registered to al___@studenti.unimi.it
Optimize a model with 2002 rows, 1380 columns and 5708 nonzeros (Min)
Model fingerprint: 0xe30871cc
Model has 1380 linear objective coefficients
Model has 100 quadratic constraints
Variable types: 0 continuous, 1380 integer (1380 binary)
Coefficient statistics:
  Matrix range     [1e+00, 9e+02]
  QMatrix range    [5e+01, 2e+02]
  Objective range  [1e+01, 2e+02]
  Bounds range     [1e+00, 1e+00]
  RHS range        [1e+00, 1e+09]
  QRHS range       [1e+02, 6e+02]
Presolve removed 1811 rows and 933 columns
Presolve time: 0.01s
Presolved: 2890 rows, 3053 columns, 15933 nonzeros
Variable types: 0 continuous, 3053 integer (3053 binary)
Found heuristic solution: objective 2707.0000000

Root relaxation: objective 2.022747e+03, 297 iterations, 0.01 seconds (0.01 work units)

    Nodes    |    Current Node    |     Objective Bounds      |     Work
 Expl Unexpl |  Obj  Depth IntInf | Incumbent    BestBd   Gap | It/Node Time

     0     0 2022.74687    0   57 2707.00000 2022.74687  25.3%     -    0s
H    0     0                    2578.0000000 2022.74687  21.5%     -    0s
H    0     0                    2526.0000000 2022.74687  19.9%     -    0s
     0     0 2038.76145    0   77 2526.00000 2038.76145  19.3%     -    0s
     0     0 2042.16624    0   77 2526.00000 2042.16624  19.2%     -    0s
     0     0 2042.69686    0   77 2526.00000 2042.69686  19.1%     -    0s
     0     0 2042.69686    0   78 2526.00000 2042.69686  19.1%     -    0s
     0     0 2052.55529    0  113 2526.00000 2052.55529  18.7%     -    0s
H    0     0                    2496.0000000 2052.55529  17.8%     -    0s
     0     0 2052.93696    0  101 2496.00000 2052.93696  17.8%     -    0s
H    0     0                    2469.0000000 2052.93696  16.9%     -    0s
     0     0 2060.31556    0  119 2469.00000 2060.31556  16.6%     -    0s
     0     0 2061.49648    0  118 2469.00000 2061.49648  16.5%     -    0s
     0     0 2061.63784    0  128 2469.00000 2061.63784  16.5%     -    0s
     0     0 2063.07997    0  118 2469.00000 2063.07997  16.4%     -    0s
H    0     0                    2372.0000000 2063.17984  13.0%     -    0s
     0     0 2063.17984    0  112 2372.00000 2063.17984  13.0%     -    0s
     0     0 2064.88541    0  126 2372.00000 2064.88541  12.9%     -    0s
     0     0 2064.89815    0  124 2372.00000 2064.89815  12.9%     -    0s
     0     0 2064.89815    0  119 2372.00000 2064.89815  12.9%     -    0s
     0     2 2064.94554    0  116 2372.00000 2064.94554  12.9%     -    0s
H  202   222                    2159.0000000 2068.64605  4.18%  73.0    1s
H  366   295                    2158.0000000 2071.79852  3.99%  59.6    1s
H  707   503                    2151.0000000 2077.06322  3.44%  57.8    1s
*  871   560              21    2135.0000000 2078.16793  2.66%  57.4    1s
H 1128   617                    2133.0000000 2078.68072  2.55%  57.1    1s
* 1135   617              13    2131.0000000 2078.68072  2.46%  57.0    1s
* 1262   614              18    2129.0000000 2079.31834  2.33%  56.6    2s
H 1560   644                    2114.0000000 2084.94419  1.37%  56.5    2s

Cutting planes:
  Lift-and-project: 7
  Cover: 153
  Implied bound: 5
  Clique: 18
  MIR: 81
  Knapsack: 14
  StrongCG: 41
  GUB cover: 7
  Inf proof: 2
  Zero half: 11
  RLT: 101
  Relax-and-lift: 39
  BQP: 30

Explored 2436 nodes (112848 simplex iterations) in 2.76 seconds (1.38 work units)
Thread count was 22 (of 22 available processors)

Solution count 10: 2114 2129 2131 ... 2469

Optimal solution found (tolerance 1.00e-04)
Best objective 2.114000000000e+03, best bound 2.114000000000e+03, gap 0.0000%

User-callback calls 5782, time in user-callback 0.01 sec
