
Gurobi 13.0.0 (linux64) logging started Sun Jan  4 17:52:53 2026

Set parameter LogFile to value "../experiments/network-n_30_s_0_rp_0-app_set-id_0_5_apps/compact_model_gurobi.log"
Set parameter TimeLimit to value 900
Gurobi Optimizer version 13.0.0 build v13.0.0rc1 (linux64 - "Ubuntu 24.04.3 LTS")

CPU model: Intel(R) Core(TM) Ultra 7 165H, instruction set [SSE2|AVX|AVX2]
Thread count: 22 physical cores, 22 logical processors, using up to 22 threads

Non-default parameters:
TimeLimit  900
LogToConsole  0

Academic license 2539022 - for non-commercial use only - registered to al___@studenti.unimi.it
Optimize a model with 2863 rows, 960 columns and 7033 nonzeros (Min)
Model fingerprint: 0x89d26844
Model has 960 linear objective coefficients
Model has 98 quadratic constraints
Variable types: 0 continuous, 960 integer (960 binary)
Coefficient statistics:
  Matrix range     [1e+00, 9e+02]
  QMatrix range    [5e+01, 2e+02]
  Objective range  [1e+01, 2e+02]
  Bounds range     [1e+00, 1e+00]
  RHS range        [1e+00, 1e+09]
  QRHS range       [1e+02, 6e+02]
Presolve removed 2610 rows and 525 columns
Presolve time: 0.02s
Presolved: 2769 rows, 2856 columns, 15913 nonzeros
Variable types: 0 continuous, 2856 integer (2856 binary)
Found heuristic solution: objective 1791.0000000

Root relaxation: objective 9.722149e+02, 102 iterations, 0.01 seconds (0.00 work units)

    Nodes    |    Current Node    |     Objective Bounds      |     Work
 Expl Unexpl |  Obj  Depth IntInf | Incumbent    BestBd   Gap | It/Node Time

     0     0  972.21489    0   26 1791.00000  972.21489  45.7%     -    0s
H    0     0                    1783.0000000  972.21489  45.5%     -    0s
H    0     0                    1121.0000000  972.21489  13.3%     -    0s
H    0     0                    1077.0000000  972.21489  9.73%     -    0s
H    0     0                    1076.0000000  972.21489  9.65%     -    0s
     0     0  986.32796    0   31 1076.00000  986.32796  8.33%     -    0s
H    0     0                    1020.0000000  986.32796  3.30%     -    0s
H    0     0                    1019.0000000  986.32796  3.21%     -    0s
H    0     0                    1009.0000000  986.32796  2.25%     -    0s
     0     0  989.68898    0   43 1009.00000  989.68898  1.91%     -    0s
     0     0  989.68898    0    9 1009.00000  989.68898  1.91%     -    0s
H    0     0                    1008.0000000  989.68898  1.82%     -    0s
H    0     0                     996.0000000  989.68898  0.63%     -    0s
     0     0     cutoff    0       996.00000  996.00000  0.00%     -    0s

Cutting planes:
  Gomory: 4
  Cover: 7
  Clique: 5
  MIR: 1
  StrongCG: 1
  GUB cover: 1
  Zero half: 1
  Relax-and-lift: 1

Explored 1 nodes (258 simplex iterations) in 0.29 seconds (0.13 work units)
Thread count was 22 (of 22 available processors)

Solution count 10: 996 1008 1009 ... 1791

Optimal solution found (tolerance 1.00e-04)
Best objective 9.960000000000e+02, best bound 9.960000000000e+02, gap 0.0000%

User-callback calls 521, time in user-callback 0.00 sec
