
Gurobi 13.0.0 (linux64) logging started Fri Jan 16 08:10:22 2026

Set parameter LogFile to value "../experiments/network-n_60_s_0_rp_0-app_set-id_52_22_apps/submip_40_epr1_model_gurobi.log"
Set parameter TimeLimit to value 7.9649382255300588e+02
Gurobi Optimizer version 13.0.0 build v13.0.0rc1 (linux64 - "Ubuntu 24.04.3 LTS")

CPU model: Intel(R) Core(TM) Ultra 7 165H, instruction set [SSE2|AVX|AVX2]
Thread count: 22 physical cores, 22 logical processors, using up to 22 threads

Non-default parameters:
TimeLimit  7.9649382255300588e+02
LogToConsole  0

Academic license 2539022 - for non-commercial use only - registered to al___@studenti.unimi.it
Optimize a model with 36714 rows, 8580 columns and 85193 nonzeros (Min)
Model fingerprint: 0x0a86f3a4
Model has 8580 linear objective coefficients
Model has 200 quadratic constraints
Variable types: 0 continuous, 8580 integer (8580 binary)
Coefficient statistics:
  Matrix range     [1e+00, 9e+02]
  QMatrix range    [5e+01, 2e+02]
  Objective range  [1e+01, 2e+02]
  Bounds range     [1e+00, 1e+00]
  RHS range        [1e+00, 1e+09]
  QRHS range       [1e+02, 6e+02]
Presolve removed 36306 rows and 7269 columns
Presolve time: 0.10s
Presolved: 7421 rows, 8149 columns, 45831 nonzeros
Variable types: 0 continuous, 8149 integer (8149 binary)

Root relaxation: objective 6.021006e+03, 2108 iterations, 0.13 seconds (0.20 work units)

    Nodes    |    Current Node    |     Objective Bounds      |     Work
 Expl Unexpl |  Obj  Depth IntInf | Incumbent    BestBd   Gap | It/Node Time

     0     0 6021.00570    0  162          - 6021.00570      -     -    0s
     0     0 6103.83789    0  208          - 6103.83789      -     -    1s
     0     0 6141.58350    0  225          - 6141.58350      -     -    1s
     0     0 6141.71794    0  232          - 6141.71794      -     -    1s
     0     0 6144.61071    0  233          - 6144.61071      -     -    1s
     0     0 6144.61071    0  234          - 6144.61071      -     -    1s
     0     0 6195.28195    0  250          - 6195.28195      -     -    2s
     0     0 6206.58763    0  283          - 6206.58763      -     -    2s
     0     0 6211.48702    0  291          - 6211.48702      -     -    2s
     0     0 6212.65660    0  307          - 6212.65660      -     -    2s
     0     0 6252.96838    0  293          - 6252.96838      -     -    2s
     0     0 6253.06581    0  291          - 6253.06581      -     -    2s
     0     0 6253.06581    0  291          - 6253.06581      -     -    2s
     0     2 6253.08982    0  277          - 6253.08982      -     -    3s
   109   136 6276.32226    8  252          - 6268.36553      -   171    5s
   614   625 6371.94010   21  232          - 6268.36553      -   175   10s
  1212  1142 6430.63868   33  187          - 6272.49202      -   157   15s
  1596  1445 6484.95013   38  172          - 6282.04546      -   156   20s
  2172  1822 6394.33784   15  230          - 6292.27263      -   154   25s
  2990  2337 6563.61732   21 3005          - 6292.27263      -   151   31s
  3007  2348 6453.61393   28  352          - 6312.19418      -   151   35s
  3047  2375 6405.92215    9  388          - 6405.92215      -   149   40s
  3087  2402 6430.37131   13  422          - 6430.37131      -   147   45s
  3116  2421 6439.61604   25  429          - 6439.61604      -   145   50s
  3137  2440 6447.68917   13  375          - 6441.26608      -   153   55s
  3229  2535 6503.84088   18  329          - 6463.39134      -   158   61s
  3344  2608 6539.22881   20  289          - 6463.39134      -   169   66s
  3441  2659 6560.93126   22  320          - 6463.39134      -   176   70s
  3534  2724 6568.98118   24  315          - 6463.39134      -   182   76s
  3625  2774 6585.79722   25  302          - 6463.39134      -   185   80s
  3746  2824 6608.04466   27  225          - 6463.39134      -   188   85s
  3862  2844 6635.55498   29  231          - 6470.05176      -   190   90s
  4005  2852 6642.24645   31  220          - 6477.58935      -   192   95s
  4162  2894 6679.84184   33  191          - 6477.58935      -   196  100s
  4390  2884 6721.64258   35  212          - 6482.73228      -   199  106s
  4521  2949 6787.11974   37  194          - 6485.95862      -   202  111s
  4702  2963 6590.76358   26  231          - 6493.31531      -   206  115s
  4803  2978 infeasible   26               - 6493.31531      -   208  122s
  4872  2988 6633.10112   30  196          - 6493.31531      -   210  126s
  4996  3010 6662.18817   32  180          - 6493.31531      -   212  131s
  5215  3070 6681.22182   31  202          - 6505.02735      -   215  137s
  5354  3037 6896.39629   33  165          - 6505.02735      -   216  140s
  5453  3088 6591.44307   26  250          - 6506.49128      -   217  146s
  5707  3146 6717.61425   31  230          - 6506.64331      -   220  152s
  5873  3185 infeasible   31               - 6514.00996      -   222  156s
  6346  3307 6621.74929   26  249          - 6514.82647      -   226  163s
  6603  3366 6667.34058   27  245          - 6517.80194      -   228  166s
  6873  3418 6759.85885   27  205          - 6517.80194      -   229  170s
  7426  3506 6814.31929   32  232          - 6526.29283      -   230  178s
  7741  3474 6880.08703   33  229          - 6526.29283      -   231  182s
  8000  3547 6884.67120   25  237          - 6526.29283      -   233  186s
  8358  3541 6598.63263   26  234          - 6526.82421      -   233  190s
  8923  3562 infeasible   40               - 6532.56139      -   236  199s
  9084  3622 6661.63435   23  237          - 6536.22778      -   236  203s
  9412  3664 6739.08348   25  188          - 6539.17293      -   237  208s
  9752  3684 6591.49704   26  223          - 6540.06695      -   238  213s
 10145  3713 6703.88460   32  234          - 6544.68274      -   238  218s
 10429  3828 6692.46120   22  259          - 6546.07236      -   240  223s
 10893  4068 infeasible   38               - 6546.07236      -   240  228s
 11460  4088 6634.88060   24  236          - 6550.22672      -   240  233s
 11484  4104 6686.67667   24  231          - 6550.22672      -   240  239s
 11512  4123 6678.41843   25  238          - 6550.22672      -   240  244s
 11537  4146 6703.16112   25  212          - 6550.22672      -   240  250s
 11584  4214 6716.01183   25  212          - 6550.22672      -   240  256s
 11756  4311 6688.53461   26  250          - 6553.54293      -   240  262s
 12043  4492 6718.89371   27  230          - 6553.86604      -   240  267s
 12532  4584 6772.62183   22  220          - 6554.55028      -   241  273s
 12814  4811 6673.28840   24  243          - 6558.40839      -   241  280s
 13352  5044 6630.68904   20  221          - 6558.83722      -   242  286s
 13899  5341 infeasible   34               - 6563.51937      -   242  293s
 14593  5620 infeasible   28               - 6565.92086      -   242  300s
 15322  5762 6821.90032   36  241          - 6568.09828      -   241  307s
 15654  5987 6847.92352   37  243          - 6568.55675      -   241  314s
 16400  6245 infeasible   27               - 6569.89508      -   242  322s
 17195  6504 6807.97101   33  218          - 6574.25655      -   242  329s
 17974  6715 6677.22034   29  235          - 6577.37751      -   243  338s
 18572  7031 6786.22207   31  251          - 6580.06441      -   244  346s
 19393  7186 6722.31733   23  221          - 6581.30182      -   245  353s
 19905  7477 infeasible   27               - 6583.00034      -   245  362s
 20859  7499 infeasible   28               - 6586.15550      -   245  371s
 20915  7624 infeasible   29               - 6586.15550      -   245  380s
 21439  7926 6639.98087   25  226          - 6586.84945      -   245  390s
 22416  8218 6701.90686   30  207          - 6590.62342      -   246  399s
 23383  8665 6730.23211   33  181          - 6593.17014      -   246  409s
 24572  9039 6671.31914   25  214          - 6595.64636      -   245  422s
 25763  9402 infeasible   39               - 6597.27882      -   245  432s
 26719  9451 6812.27940   30  184          - 6598.44553      -   245  441s
 26844  9453 6810.80987   34  221          - 6600.55319      -   245  452s
 26922  9686 6833.30979   35  205          - 6600.55319      -   245  464s
 27581 10183 6835.01930   36  203          - 6600.55319      -   245  477s
 29083 10571 6771.75025   37  251          - 6606.23066      -   245  489s
 30405 10921 6821.15497   29  226          - 6609.18402      -   246  501s
 31693 11270 infeasible   21               - 6612.99796      -   246  513s
 33071 11601 6709.35238   24  239          - 6616.66714      -   246  526s
 34498 11967 6742.81515   29  232          - 6619.15077      -   247  539s
 35999 12212 6769.84885   28  233          - 6621.53014      -   247  552s
 36755 12684 6749.23553   26  253          - 6622.14309      -   246  565s
 38364 13167 6978.91558   34  226          - 6626.85616      -   246  579s
 40288 13482 6820.69270   33  191          - 6630.45590      -   245  593s
 41887 13869 6773.70546   26  241          - 6633.17720      -   245  608s
 43709 13969 6679.90889   22  249          - 6637.78732      -   244  622s
 44227 14324 6911.64818   32  213          - 6638.84578      -   244  638s
 46018 14678 infeasible   34               - 6643.23767      -   244  654s
 47836 15167 6715.67687   26  234          - 6647.20359      -   244  671s
 49929 15167 6757.30409   27  258          - 6651.41371      -   244  730s
 50242 16830 6761.94742   28  257          - 6651.41371      -   244  796s

Cutting planes:
  Lift-and-project: 1
  Cover: 73
  Implied bound: 1
  Clique: 28
  MIR: 113
  Knapsack: 6
  StrongCG: 47
  Flow cover: 163
  GUB cover: 11
  Zero half: 33
  RLT: 48
  Relax-and-lift: 20
  BQP: 2

Explored 59218 nodes (14387150 simplex iterations) in 796.58 seconds (613.07 work units)
Thread count was 22 (of 22 available processors)

Solution count 0

Time limit reached
Best objective -, best bound 6.667000000000e+03, gap -

User-callback calls 262939, time in user-callback 1.20 sec
