FIXINGS_START
(0, 0, 0)
(0, 9, 0)
(1, 2, 0)
(2, 0, 0)
(3, 0, 0)
(4, 0, 0)
(6, 0, 0)
(6, 4, 0)
(7, 0, 0)
(8, 0, 0)
(9, 0, 0)
(10, 7, 0)
(10, 8, 0)
(12, 0, 0)
(12, 9, 0)
(13, 0, 0)
(14, 0, 0)
(14, 1, 0)
(15, 0, 0)
(16, 0, 0)
(16, 9, 0)
(17, 0, 0)
(17, 6, 0)
(18, 0, 0)
(18, 1, 0)
(20, 0, 0)
(21, 0, 0)
(21, 6, 0)
(9, 1, 0)
(21, 5, 0)
(20, 1, 0)
(5, 0, 0)
(5, 1, 23)
(5, 2, 21)
(5, 4, 0)
(6, 2, 0)
(6, 5, 27)
(6, 7, 5)
(17, 2, 0)
(0, 4, 0)
(14, 4, 0)
(9, 2, 0)
(11, 0, 0)
(11, 1, 0)
(7, 2, 0)
(8, 2, 0)
(20, 3, 0)
(7, 4, 0)
(21, 8, 0)
(11, 3, 0)
(18, 4, 0)
(11, 5, 0)
(18, 6, 0)
(4, 1, 40)
(19, 0, 0)
(12, 2, 5)
(8, 3, 0)
(20, 4, 20)
(4, 2, 0)
(16, 2, 0)
(19, 2, 0)
(12, 6, 0)
(15, 2, 0)
(15, 3, 0)
(15, 4, 0)
(9, 4, 0)
(11, 6, 0)
(3, 1, 12)
(15, 5, 0)
(0, 8, 24)
(17, 3, 0)
(16, 6, 0)
(17, 4, 0)
(10, 2, 0)
FIXINGS_END
time 796.584
GUROBI
Status TIME_LIMIT
Runtime 796.584203004837
NodeCount 59218.0
IterCount 14387150.0
NumVars 8580
NumConstrs 36714
ObjBound 6667.0
ObjBoundC 6666.425256502894
ObjVal inf
MIPGap inf
