FIXINGS_START
(0, 0, 0)
(0, 6, 0)
(2, 0, 0)
(2, 6, 0)
(3, 0, 0)
(3, 4, 0)
(4, 0, 0)
(4, 6, 0)
(5, 0, 0)
(5, 4, 0)
(6, 0, 0)
(7, 4, 0)
(8, 0, 0)
(9, 0, 0)
(10, 8, 0)
(10, 9, 0)
(11, 0, 0)
(12, 0, 0)
(12, 4, 0)
(13, 0, 0)
(14, 0, 0)
(15, 0, 0)
(9, 3, 0)
(9, 4, 0)
(11, 1, 9)
(13, 2, 0)
(2, 2, 24)
(8, 1, 0)
(10, 1, 0)
(15, 1, 6)
(12, 1, 0)
(13, 3, 0)
(10, 3, 0)
(12, 2, 0)
(13, 5, 0)
(2, 3, 23)
(7, 0, 1)
(7, 1, 0)
(15, 2, 2)
(5, 5, 0)
(10, 4, 0)
(8, 3, 0)
(11, 3, 0)
(10, 5, 7)
(7, 2, 0)
(2, 4, 0)
(14, 1, 0)
(1, 0, 0)
(2, 5, 13)
(2, 7, 0)
(12, 7, 7)
(1, 2, 0)
(1, 3, 26)
(7, 3, 0)
(6, 2, 0)
FIXINGS_END
found_sol 4475.0 time 2.347
found_sol 4451.0 time 2.584
found_sol 4338.0 time 2.585
found_sol 4289.0 time 2.591
found_sol 4269.0 time 2.591
found_sol 4226.0 time 2.592
found_sol 4218.0 time 4.307
found_sol 4212.0 time 4.487
found_sol 4194.0 time 6.059
found_sol 4179.0 time 6.265
found_sol 4146.0 time 6.434
found_sol 4066.0 time 7.545
found_sol 4041.0 time 9.059
found_sol 4041.0 time 12.120
time 12.124
GUROBI
Status OPTIMAL
Runtime 12.123918056488037
NodeCount 11187.0
IterCount 822186.0
NumVars 4160
NumConstrs 11774
ObjBound 4041.0
ObjBoundC 4041.0
ObjVal 4041.0
MIPGap 0.0
