FIXINGS_START
(0, 0, 0)
(0, 6, 0)
(2, 0, 0)
(2, 6, 0)
(3, 0, 0)
(3, 4, 0)
(4, 0, 0)
(4, 6, 0)
(5, 0, 0)
(5, 4, 0)
(6, 0, 0)
(7, 4, 0)
(8, 0, 0)
(9, 0, 0)
(10, 8, 0)
(10, 9, 0)
(11, 0, 0)
(12, 0, 0)
(12, 4, 0)
(13, 0, 0)
(14, 0, 0)
(15, 0, 0)
(15, 3, 0)
(2, 1, 8)
(12, 1, 0)
(2, 3, 23)
(2, 4, 0)
(7, 0, 1)
(3, 1, 0)
(3, 3, 0)
(14, 1, 0)
(13, 2, 0)
(12, 2, 0)
(6, 1, 21)
(6, 2, 0)
(6, 4, 7)
(15, 4, 0)
(4, 1, 0)
(11, 3, 0)
(6, 5, 0)
(8, 1, 0)
(15, 5, 0)
(7, 1, 0)
(14, 2, 7)
(13, 3, 0)
(10, 1, 0)
(0, 3, 0)
FIXINGS_END
found_sol 4209.0 time 6.765
found_sol 4205.0 time 7.105
found_sol 4190.0 time 7.536
found_sol 4004.0 time 8.329
found_sol 3991.0 time 8.894
found_sol 3986.0 time 9.124
found_sol 3985.0 time 13.069
found_sol 3968.0 time 14.797
time 18.945
GUROBI
Status OPTIMAL
Runtime 18.94497799873352
NodeCount 11459.0
IterCount 967701.0
NumVars 4160
NumConstrs 11766
ObjBound 3968.0
ObjBoundC 3968.0
ObjVal 3968.0
MIPGap 0.0
