FIXINGS_START
(0, 0, 0)
(0, 6, 0)
(2, 0, 0)
(2, 6, 0)
(3, 0, 0)
(3, 4, 0)
(4, 0, 0)
(4, 6, 0)
(5, 0, 0)
(5, 4, 0)
(6, 0, 0)
(7, 4, 0)
(8, 0, 0)
(9, 0, 0)
(10, 8, 0)
(10, 9, 0)
(11, 0, 0)
(12, 0, 0)
(12, 4, 0)
(13, 0, 0)
(14, 0, 0)
(15, 0, 0)
(15, 3, 0)
(2, 1, 8)
(12, 1, 0)
(2, 3, 23)
(2, 4, 0)
(7, 0, 1)
(3, 1, 0)
(3, 3, 0)
(14, 1, 0)
(13, 2, 0)
(12, 2, 0)
(6, 1, 21)
(6, 2, 0)
(6, 4, 7)
(15, 4, 0)
(4, 1, 0)
(11, 3, 0)
(6, 5, 0)
(8, 1, 0)
(15, 5, 0)
(7, 1, 0)
(14, 2, 7)
(13, 3, 0)
(10, 1, 0)
(0, 3, 0)
(13, 5, 0)
(7, 2, 0)
(8, 3, 0)
(10, 3, 0)
(3, 7, 0)
(10, 4, 0)
(2, 5, 13)
(7, 3, 0)
FIXINGS_END
time 13.891
GUROBI
Status INFEASIBLE
Runtime 13.890995979309082
NodeCount 7514.0
IterCount 475907.0
NumVars 4160
NumConstrs 11774
ObjBound inf
ObjBoundC inf
ObjVal None
MIPGap inf
