
Gurobi 13.0.0 (linux64) logging started Fri Jan  2 14:57:25 2026

Set parameter LogFile to value "../experiments/network-n_50_s_0_rp_0-app_set-id_59_24_apps/compact_model_gurobi.log"
Set parameter TimeLimit to value 900
Gurobi Optimizer version 13.0.0 build v13.0.0rc1 (linux64 - "Ubuntu 24.04.3 LTS")

CPU model: Intel(R) Core(TM) Ultra 7 165H, instruction set [SSE2|AVX|AVX2]
Thread count: 22 physical cores, 22 logical processors, using up to 22 threads

Non-default parameters:
TimeLimit  900
LogToConsole  0

Academic license 2539022 - for non-commercial use only - registered to al___@studenti.unimi.it
Optimize a model with 34094 rows, 7800 columns and 78788 nonzeros (Min)
Model fingerprint: 0x247d3d80
Model has 7800 linear objective coefficients
Model has 166 quadratic constraints
Variable types: 0 continuous, 7800 integer (7800 binary)
Coefficient statistics:
  Matrix range     [1e+00, 9e+02]
  QMatrix range    [5e+01, 2e+02]
  Objective range  [1e+01, 2e+02]
  Bounds range     [1e+00, 1e+00]
  RHS range        [1e+00, 1e+09]
  QRHS range       [1e+02, 6e+02]
Presolve removed 32336 rows and 4947 columns
Presolve time: 0.35s
Presolved: 32399 rows, 33329 columns, 198891 nonzeros
Variable types: 0 continuous, 33329 integer (33329 binary)
Deterministic concurrent LP optimizer: primal and dual simplex
Showing primal log only...

Concurrent spin time: 0.00s

Solved with dual simplex

Root relaxation: objective 5.987057e+03, 3933 iterations, 0.87 seconds (0.76 work units)

    Nodes    |    Current Node    |     Objective Bounds      |     Work
 Expl Unexpl |  Obj  Depth IntInf | Incumbent    BestBd   Gap | It/Node Time

     0     0 5987.05732    0  348          - 5987.05732      -     -    2s
     0     0 5989.50233    0  357          - 5989.50233      -     -    2s
     0     0 6037.38240    0  390          - 6037.38240      -     -    3s
     0     0 6037.41809    0  385          - 6037.41809      -     -    3s
     0     0 6233.30605    0  436          - 6233.30605      -     -    4s
     0     0 6304.86164    0  546          - 6304.86164      -     -    6s
     0     0 6315.31359    0  546          - 6315.31359      -     -    6s
     0     0 6316.72929    0  532          - 6316.72929      -     -    6s
     0     0 6316.73613    0  534          - 6316.73613      -     -    6s
     0     0 6445.12464    0  512          - 6445.12464      -     -    9s
     0     0 6557.18489    0  562          - 6557.18489      -     -   10s
     0     0 6611.14330    0  622          - 6611.14330      -     -   11s
     0     0 6630.56258    0  609          - 6630.56258      -     -   12s
     0     0 6636.36929    0  674          - 6636.36929      -     -   12s
     0     0 6636.82427    0  637          - 6636.82427      -     -   12s
     0     0 6732.62600    0  588          - 6732.62600      -     -   16s
     0     0 6781.58208    0  597          - 6781.58208      -     -   18s
     0     0 6807.48191    0  583          - 6807.48191      -     -   18s
     0     0 6838.62842    0  615          - 6838.62842      -     -   19s
     0     0 6846.86453    0  643          - 6846.86453      -     -   20s
     0     0 6944.21515    0  694          - 6944.21515      -     -   24s
     0     0 6960.02843    0  697          - 6960.02843      -     -   25s
     0     0 6964.40841    0  703          - 6964.40841      -     -   25s
     0     0 6969.01454    0  695          - 6969.01454      -     -   26s
     0     0 6972.19994    0  687          - 6972.19994      -     -   26s
     0     0 6972.20212    0  682          - 6972.20212      -     -   27s
     0     0 6972.20212    0  660          - 6972.20212      -     -   27s
     0     2 6972.20397    0  630          - 6972.20397      -     -   30s
    15    32 6978.68636    4  623          - 6977.11304      -   610   35s
    53    90 7057.96097    6  570          - 6988.29966      -   621   40s
   123   165 7065.86610    7  541          - 6989.56480      -   602   46s
   206   246 7078.22161    9  560          - 6989.56480      -   623   51s
   281   319 7096.73184   12  538          - 6989.56480      -   641   58s
   319   351 7098.94245   13  519          - 6989.56480      -   652   61s
   387   422 7164.38987   16  485          - 6989.56480      -   688   67s
   422   458 7196.52434   18  505          - 6989.56480      -   690   70s
   496   540 7216.47475   21  490          - 6989.56480      -   688   76s
   575   614 7238.36478   25  473          - 6989.56480      -   688   81s
   641   667 7323.16701   30  451          - 6989.56480      -   673   87s
   691   713 7348.00842   34  450          - 6989.56480      -   674   92s
   740   760 7367.88854   35  480          - 6989.56480      -   664   97s
   764   778 infeasible   35               - 6989.56480      -   661  100s
   809   817 7403.26899   37  445          - 6989.56480      -   655  105s
   855   858 7404.37721   38  432          - 6989.56480      -   651  111s
   884   892 7413.57833   39  436          - 6989.56480      -   654  115s
   960   975 7413.84925   40  438          - 6989.56480      -   647  121s
  1007  1016 7423.91561   41  461          - 6989.56480      -   640  125s
  1098  1093 infeasible   44               - 6989.56480      -   632  133s
  1139  1139 7521.66772   45  418          - 6989.56480      -   625  136s
  1185  1193 7623.65672   46  430          - 6989.56480      -   620  141s
  1253  1249 7662.95459   48  414          - 6989.56480      -   617  145s
  1423  1417 7734.23260   52  398          - 7009.98420      -   607  154s
  1527  1487 infeasible   55               - 7009.98420      -   605  158s
  1641  1553 8311.47847   56  375          - 7018.69059      -   601  163s
  1785  1633 7077.44933   11  490          - 7018.69059      -   591  168s
  1897  1743 7158.17281   15  456          - 7028.82533      -   583  174s
  2031  1815 7116.31483   14  484          - 7028.82533      -   575  179s
  2177  1896 7263.10166   17  454          - 7028.82533      -   571  184s
  2286  1984 7282.40035   18  450          - 7028.82533      -   574  190s
  2394  2013 7368.73779   23  437          - 7028.82533      -   571  196s
  2429  2043 7371.36244   24  442          - 7030.51721      -   572  201s
  2469  2073 7378.23569   25  429          - 7030.51721      -   571  208s
  2503  2133 7421.43818   26  440          - 7030.51721      -   573  214s
  2581  2235 7502.30471   25  436          - 7030.51721      -   572  220s
  2715  2330 7490.69503   27  451          - 7030.51721      -   567  227s
  2846  2430 7589.02373   32  430          - 7034.96673      -   567  234s
  3007  2431 7522.60108   17 15191          - 7048.00314      -   567  241s
  3009  2432 7549.36688   27  343          - 7048.00314      -   566  246s
  3012  2434 8191.98084   23  563          - 7048.00314      -   566  255s
  3014  2436 7361.51513   34  614          - 7048.00314      -   565  260s
  3019  2439 7301.92624   13  638          - 7048.00314      -   564  265s
  3023  2442 7436.74155   25  696          - 7048.00314      -   564  270s
  3027  2444 7591.06704   30  693          - 7057.83131      -   563  275s
  3036  2450 8043.76644   66  704          - 7094.08813      -   561  282s
  3040  2453 7723.34091   64  718          - 7126.34087      -   561  285s
  3048  2458 7943.88961   45  815          - 7142.77294      -   559  291s
  3053  2462 7170.29859    8  748          - 7170.29859      -   558  296s
  3060  2466 7318.53819   15  854          - 7182.31370      -   557  300s
  3071  2474 7213.93125   14  832          - 7187.68095      -   555  305s
  3077  2478 7213.49761   16  875          - 7213.49761      -   554  310s
  3085  2483 7418.22063   42  840          - 7224.31541      -   552  315s
  3091  2487 7391.83147   19  784          - 7245.84182      -   551  320s
  3097  2491 8139.92516   75  906          - 7267.24230      -   550  325s
  3106  2497 7274.46613   14  890          - 7274.46613      -   549  330s
  3111  2500 7288.00306   13  868          - 7288.00306      -   548  335s
  3119  2506 7301.92624   13  930          - 7301.60525      -   546  340s
  3128  2512 7306.18039   25  896          - 7306.18039      -   545  345s
  3137  2518 7337.28291   21  893          - 7310.32177      -   543  350s
  3149  2526 7318.97771   11  906          - 7318.97771      -   541  356s
  3155  2530 7582.89405   53  917          - 7329.28620      -   540  360s
  3163  2535 7405.61629   28  887          - 7347.00460      -   539  366s
  3170  2540 7353.64238   27  947          - 7353.64238      -   538  370s
  3179  2546 7405.14982   16  917          - 7358.34268      -   536  375s
  3188  2552 7422.28877   24  891          - 7362.61857      -   535  380s
  3197  2558 8139.92516   75  964          - 7367.71257      -   533  385s
  3203  2562 7391.57610   15  922          - 7391.57610      -   532  391s
  3212  2568 8191.98084   23  910          - 7401.34920      -   531  395s
  3223  2575 7436.74155   25  887          - 7407.99261      -   529  401s
  3231  2580 7779.50185   34  892          - 7416.69347      -   527  405s
  3246  2590 7581.33243   55  927          - 7419.57051      -   525  410s
  3257  2598 8031.43584   51  961          - 7424.66368      -   523  415s
  3272  2608 7600.98364   32  954          - 7429.45708      -   521  420s
  3284  2616 7431.93566   13  955          - 7431.93566      -   519  425s
  3293  2622 7805.81951   45  949          - 7432.65237      -   517  430s
  3302  2628 7436.00497   13  950          - 7436.00497      -   516  435s
  3311  2634 7437.14264   13  930          - 7437.14264      -   515  440s
  3324  2642 8050.57783   46 1029          - 7439.30935      -   513  445s
  3328  2645 7439.50363   25  991          - 7439.50363      -   512  451s
  3339  2652 7555.21580   35 1000          - 7440.08303      -   510  455s
  3349  2659 7441.70814   11  977          - 7441.70814      -   509  460s
  3358  2665 7443.15791   14  942          - 7443.15791      -   507  465s
  3359  2666 7662.60121   32  960          - 7443.20940      -   507  473s
  3364  2669 7443.38663   21  949          - 7443.38663      -   507  476s
  3370  2673 7445.43694   27  916          - 7445.43694      -   506  480s
  3378  2678 7603.37937   36  858          - 7445.51958      -   504  485s
  3383  2683 8028.55941   58  344          - 7445.51958      -   542  493s
  3385  2685 7445.51958   42  524          - 7445.51958      -   542  498s
  3386  2685 7481.90478   18  591          - 7445.51958      -   542  503s
  3387  2686 7445.51958   15  572          - 7445.51958      -   542  507s
  3388  2687 7445.52264   24  571          - 7445.52264      -   542  511s
  3389  2687 7450.68868   21  711          - 7450.68868      -   541  516s
  3391  2689 7456.51132   19  722          - 7456.51132      -   541  521s
  3392  2689 7627.18125   43  792          - 7460.90715      -   541  526s
  3394  2691 7460.90715   27  821          - 7460.90715      -   541  530s
  3402  2696 7460.90715   13  912          - 7460.90715      -   539  536s
  3410  2701 7460.90715   13  918          - 7460.90715      -   538  540s
  3416  2705 7460.90715   34  892          - 7460.90715      -   537  545s
  3424  2711 8050.57783   46  875          - 7460.90715      -   536  550s
  3431  2715 7779.50185   34  960          - 7460.90715      -   535  555s
  3439  2721 7555.21580   35  830          - 7461.79285      -   534  560s
  3449  2727 7462.22136   11  844          - 7462.22136      -   532  566s
  3456  2732 7462.60629   13  849          - 7462.60629      -   531  570s
  3465  2738 7822.49927   51  979          - 7465.36086      -   530  575s
  3475  2745 7466.91999   14  979          - 7466.91999      -   528  580s
  3485  2751 7468.43885   42  972          - 7468.43885      -   526  585s
  3495  2758 7473.41835   33  947          - 7473.41835      -   525  590s
  3504  2764 8268.38324   22  889          - 7476.03939      -   524  595s
  3515  2771 7477.12003   13  925          - 7477.12003      -   522  600s
  3529  2781 7646.07630   36  940          - 7479.93438      -   520  605s
  3538  2787 7481.42765   18  880          - 7481.42765      -   519  610s
  3549  2794 7483.84123   11  962          - 7483.84123      -   517  616s
  3555  2798 7582.89405   53  909          - 7486.27614      -   516  620s
  3566  2805 7738.90721   46  946          - 7491.71553      -   515  625s
  3576  2812 7720.63895   56  926          - 7498.58005      -   513  630s
  3588  2820 7504.62769   24  908          - 7504.62769      -   511  636s
  3590  2821 7639.36883   33  881          - 7509.38368      -   511  640s
  3602  2829 7512.40630   13  875          - 7512.40630      -   509  645s
  3613  2837 7527.47794   33  909          - 7517.26752      -   508  650s
  3625  2845 7519.60272   11  866          - 7519.60272      -   506  655s
  3635  2851 7520.13138    6  944          - 7520.13138      -   505  660s
  3645  2858 7624.64524   35  919          - 7522.51214      -   503  671s
  3652  2863 7524.08933   18  888          - 7524.08933      -   502  675s
  3661  2869 7527.64815   27  878          - 7527.64815      -   501  680s
  3669  2874 8243.31217   53  863          - 7528.12364      -   500  685s
  3674  2877 7528.62183   14  885          - 7528.62183      -   499  699s
  3675  2881 7549.47896   23  762          - 7528.62183      -   524  703s
  3677  2884 7556.87622   24  760          - 7551.27661      -   525  707s
  3681  2891 7566.01473   25  748          - 7556.89616      -   526  713s
  3689  2904 7566.69245   26  740          - 7565.90530      -   527  719s
  3705  2921 7570.98308   27  752          - 7566.83774      -   532  727s
  3727  2942 7586.97870   28  753          - 7570.99679      -   536  736s
  3755  2957 7599.57865   29  741          - 7570.99679      -   536  744s
  3780  2975 7598.70559   29  767          - 7570.99679      -   537  756s
  3808  2997 7601.82702   30  724          - 7570.99679      -   544  765s
  3839  3015 7779.73133   30  712          - 7570.99679      -   548  777s
  3870  3036 7603.30794   31  714          - 7570.99679      -   555  787s
  3905  3049 7625.79247   32  688          - 7570.99679      -   564  797s
  3934  3071 7659.29737   32  690          - 7570.99679      -   570  805s
  3965  3083 7637.61701   33  659          - 7570.99679      -   574  814s
  3990  3102 7651.50586   33  740          - 7570.99679      -   580  823s
  4017  3118 7645.89363   34  662          - 7570.99679      -   584  833s
  4042  3136 8181.50348   34  651          - 7570.99679      -   589  842s
  4072  3157 7785.32158   35  666          - 7570.99679      -   598  852s
  4109  3175 7687.03818   35  644          - 7570.99679      -   605  861s
  4148  3192 7699.54199   36  649          - 7570.99679      -   609  872s
  4190  3214 7713.80979   37  644          - 7570.99679      -   615  881s
  4238  3237 7747.37384   38  658          - 7570.99679      -   622  890s
  4283  3256 7749.13766   39  689          - 7570.99679      -   629  900s

Cutting planes:
  Gomory: 9
  Cover: 95
  Implied bound: 2
  Clique: 28
  MIR: 223
  Knapsack: 17
  StrongCG: 92
  Flow cover: 417
  GUB cover: 21
  Zero half: 101
  Mod-K: 1
  RLT: 106
  Relax-and-lift: 147
  BQP: 21

Explored 4337 nodes (2778941 simplex iterations) in 900.03 seconds (874.67 work units)
Thread count was 22 (of 22 available processors)

Solution count 0

Time limit reached
Best objective -, best bound 7.571000000000e+03, gap -

User-callback calls 133525, time in user-callback 0.77 sec
