
Gurobi 13.0.0 (linux64) logging started Sun Jan  4 00:50:57 2026

Set parameter LogFile to value "../experiments/network-n_60_s_2_rp_0-app_set-id_27_14_apps/compact_model_gurobi.log"
Set parameter TimeLimit to value 900
Gurobi Optimizer version 13.0.0 build v13.0.0rc1 (linux64 - "Ubuntu 24.04.3 LTS")

CPU model: Intel(R) Core(TM) Ultra 7 165H, instruction set [SSE2|AVX|AVX2]
Thread count: 22 physical cores, 22 logical processors, using up to 22 threads

Non-default parameters:
TimeLimit  900
LogToConsole  0

Academic license 2539022 - for non-commercial use only - registered to al___@studenti.unimi.it
Optimize a model with 36461 rows, 5460 columns and 80820 nonzeros (Min)
Model fingerprint: 0x81bc5a98
Model has 5460 linear objective coefficients
Model has 190 quadratic constraints
Variable types: 0 continuous, 5460 integer (5460 binary)
Coefficient statistics:
  Matrix range     [1e+00, 9e+02]
  QMatrix range    [5e+01, 2e+02]
  Objective range  [1e+01, 2e+02]
  Bounds range     [1e+00, 1e+00]
  RHS range        [1e+00, 1e+09]
  QRHS range       [1e+02, 6e+02]
Presolve removed 34999 rows and 2872 columns
Presolve time: 0.56s
Presolved: 51998 rows, 52871 columns, 334303 nonzeros
Variable types: 0 continuous, 52871 integer (52871 binary)
Deterministic concurrent LP optimizer: primal and dual simplex
Showing primal log only...

Concurrent spin time: 0.00s

Solved with dual simplex

Root relaxation: objective 2.969313e+03, 1312 iterations, 0.44 seconds (0.45 work units)

    Nodes    |    Current Node    |     Objective Bounds      |     Work
 Expl Unexpl |  Obj  Depth IntInf | Incumbent    BestBd   Gap | It/Node Time

     0     0 2969.31279    0  196          - 2969.31279      -     -    2s
H    0     0                    4093.0000000 2969.31279  27.5%     -    2s
H    0     0                    4052.0000000 2969.31279  26.7%     -    2s
H    0     0                    3828.0000000 2969.31279  22.4%     -    2s
     0     0 2992.79842    0  198 3828.00000 2992.79842  21.8%     -    3s
H    0     0                    3614.0000000 2992.79842  17.2%     -    4s
H    0     0                    3602.0000000 2992.79842  16.9%     -    4s
     0     0 3003.62249    0  225 3602.00000 3003.62249  16.6%     -    4s
     0     0 3003.66548    0  232 3602.00000 3003.66548  16.6%     -    5s
H    0     0                    3595.0000000 3010.37810  16.3%     -    6s
     0     0 3010.37810    0  230 3595.00000 3010.37810  16.3%     -    6s
H    0     0                    3518.0000000 3022.91335  14.1%     -    7s
     0     0 3022.91335    0  214 3518.00000 3022.91335  14.1%     -    7s
     0     0 3024.52494    0  231 3518.00000 3024.52494  14.0%     -    7s
     0     0 3024.67046    0  234 3518.00000 3024.67046  14.0%     -    7s
     0     0 3029.02140    0  257 3518.00000 3029.02140  13.9%     -    8s
H    0     0                    3513.0000000 3029.02140  13.8%     -    8s
H    0     0                    3508.0000000 3031.58631  13.6%     -    9s
H    0     0                    3488.0000000 3031.58631  13.1%     -    9s
     0     0 3031.58631    0  286 3488.00000 3031.58631  13.1%     -    9s
H    0     0                    3340.0000000 3032.69370  9.20%     -    9s
H    0     0                    3334.0000000 3032.69370  9.04%     -    9s
H    0     0                    3311.0000000 3032.69370  8.41%     -    9s
H    0     0                    3310.0000000 3032.69370  8.38%     -    9s
     0     0 3032.69370    0  267 3310.00000 3032.69370  8.38%     -    9s
     0     0 3032.76706    0  264 3310.00000 3032.76706  8.38%     -    9s
     0     0 3034.66541    0  286 3310.00000 3034.66541  8.32%     -    9s
     0     0 3034.89328    0  219 3310.00000 3034.89328  8.31%     -   10s
     0     0 3035.71523    0  309 3310.00000 3035.71523  8.29%     -   10s
     0     0 3035.82376    0  307 3310.00000 3035.82376  8.28%     -   10s
     0     0 3035.82376    0  288 3310.00000 3035.82376  8.28%     -   10s
H    0     0                    3296.0000000 3035.82376  7.89%     -   11s
H    0     0                    3283.0000000 3035.82376  7.53%     -   11s
H    0     0                    3258.0000000 3035.82376  6.82%     -   11s
H    0     0                    3244.0000000 3035.82376  6.42%     -   11s
H    0     0                    3231.0000000 3035.82376  6.04%     -   11s
H    0     0                    3230.0000000 3035.82376  6.01%     -   11s
     0     2 3035.82376    0  286 3230.00000 3035.82376  6.01%     -   11s
    31    54 3040.44744    5  282 3230.00000 3037.39505  5.96%   255   15s
H   53    83                    3225.0000000 3040.45110  5.72%   234   16s
H   74    83                    3211.0000000 3040.45110  5.31%   242   16s
H  107   122                    3138.0000000 3040.45110  3.11%   224   17s
   246   290 3042.27830   12  203 3138.00000 3040.45110  3.11%   171   20s
H  271   290                    3130.0000000 3040.45110  2.86%   166   20s
H  329   362                    3099.0000000 3040.45110  1.89%   158   22s
H  337   362                    3095.0000000 3040.45110  1.76%   157   22s
H  339   362                    3092.0000000 3040.45110  1.67%   156   22s
H  344   362                    3088.0000000 3040.45110  1.54%   157   22s
H  348   362                    3086.0000000 3040.45110  1.48%   156   22s
H  428   466                    3075.0000000 3040.45110  1.12%   151   24s
   515   558 3044.02449   17  193 3075.00000 3040.45110  1.12%   143   25s
H  558   558                    3074.0000000 3040.45110  1.09%   139   25s
   872   881 3046.81336   24  159 3074.00000 3040.45110  1.09%   122   30s
  1433  1368 3053.50713   29  245 3074.00000 3041.15063  1.07%   102   35s
  1703  1510 3057.65969   32  137 3074.00000 3041.19988  1.07%   100   41s
  1817  1581 3063.08439   36  128 3074.00000 3041.19988  1.07%  98.6   45s
  2087  1828 3044.75262   12  230 3074.00000 3041.42527  1.06%   100   51s
  2445  2037 3047.48239   22  253 3074.00000 3041.42527  1.06%  98.2   56s
  2513  2164 3048.82716   24  246 3074.00000 3041.42527  1.06%   100   60s
  2788  2300 3059.69037   33 8925 3074.00000 3041.42527  1.06%  98.4   69s
  2790  2301 3045.18608    8  153 3074.00000 3041.42527  1.06%  98.3   71s
  2808  2313 3058.09102   31  297 3074.00000 3042.07800  1.04%  97.7   75s
  2833  2330 3058.35528   23  320 3074.00000 3043.89083  0.98%  96.8   80s
  2855  2345 3059.16151   56  319 3074.00000 3044.89966  0.95%  96.1   85s
  2866  2361 3046.51820   13  257 3074.00000 3045.66759  0.92%   100   90s
  2912  2431 3048.48962   16  284 3074.00000 3047.62778  0.86%   105   95s
  3075  2515     cutoff   19      3074.00000 3047.62778  0.86%   111  100s
  3286  2576 3058.66035   23  223 3074.00000 3047.94865  0.85%   116  106s
  3469  2625     cutoff   25      3074.00000 3048.95601  0.81%   117  110s
  3807  2756 3059.70844   30  158 3074.00000 3049.03456  0.81%   118  115s
  4189  2878 3064.13744   37  151 3074.00000 3049.63967  0.79%   117  120s
  4467  2875 3058.42702   18  172 3074.00000 3049.63967  0.79%   117  125s
  4717  2947 3064.98420   22  152 3074.00000 3050.58810  0.76%   116  130s
  5117  3076 3054.06599   19  224 3074.00000 3050.58810  0.76%   116  135s
  5686  3236 3064.55519   35  165 3074.00000 3050.85710  0.75%   115  141s
  6119  3343 3063.60697   29  168 3074.00000 3052.00230  0.72%   116  145s
  6561  3440 3072.32451   48  117 3074.00000 3052.19649  0.71%   115  150s
  7112  3506 3066.51135   39  148 3074.00000 3053.35652  0.67%   115  156s
  7591  3613 3067.11747   24  111 3074.00000 3053.62700  0.66%   114  162s
  8215  3644 3061.37584   26  160 3074.00000 3054.16287  0.65%   115  168s
  8439  3764 3069.61635   33  127 3074.00000 3054.31994  0.64%   115  171s
  9200  3937 3060.48616   20  162 3074.00000 3054.86477  0.62%   114  178s
  9582  4018 3070.19018   36  112 3074.00000 3054.86477  0.62%   113  182s
 10042  4093 3060.77964   26  163 3074.00000 3054.94548  0.62%   113  185s
 10464  4250 3069.70168   30  143 3074.00000 3055.83921  0.59%   113  190s
 11388  4699 3071.35302   36  128 3074.00000 3056.55818  0.57%   113  197s
 11963  4879 3071.16219   32  117 3074.00000 3056.89174  0.56%   113  200s
H12559  1976                    3065.0000000 3057.01300  0.26%   113  204s
 12899  1580 infeasible   23      3065.00000 3057.18997  0.25%   113  208s
 13236  1439 3063.42102   26  141 3065.00000 3057.74704  0.24%   114  212s
 13920  1260 3061.60166   20  140 3065.00000 3058.72041  0.20%   114  217s
 14448   929 3063.31073   34  151 3065.00000 3059.53556  0.18%   114  223s
 15221    74     cutoff   32      3065.00000 3060.01971  0.16%   114  227s

Cutting planes:
  Gomory: 4
  Lift-and-project: 1
  Cover: 187
  Clique: 24
  MIR: 181
  Knapsack: 9
  StrongCG: 156
  Flow cover: 218
  GUB cover: 23
  Zero half: 90
  RLT: 173
  Relax-and-lift: 230
  BQP: 55

Explored 16404 nodes (1804758 simplex iterations) in 228.49 seconds (191.79 work units)
Thread count was 22 (of 22 available processors)

Solution count 10: 3065 3074 3075 ... 3138

Optimal solution found (tolerance 1.00e-04)
Best objective 3.065000000000e+03, best bound 3.065000000000e+03, gap 0.0000%

User-callback calls 57189, time in user-callback 0.24 sec
