
Gurobi 13.0.0 (linux64) logging started Sun Jan 18 15:11:32 2026

Set parameter LogFile to value "../experiments/network-n_60_s_2_rp_0-app_set-id_57_24_apps/submip_30_epr1_model_gurobi.log"
Set parameter TimeLimit to value 7.2616292386400164e+02
Gurobi Optimizer version 13.0.0 build v13.0.0rc1 (linux64 - "Ubuntu 24.04.3 LTS")

CPU model: Intel(R) Core(TM) Ultra 7 165H, instruction set [SSE2|AVX|AVX2]
Thread count: 22 physical cores, 22 logical processors, using up to 22 threads

Non-default parameters:
TimeLimit  7.2616292386400164e+02
LogToConsole  0

Academic license 2539022 - for non-commercial use only - registered to al___@studenti.unimi.it
Optimize a model with 68713 rows, 9360 columns and 150624 nonzeros (Min)
Model fingerprint: 0x511d6725
Model has 9360 linear objective coefficients
Model has 190 quadratic constraints
Variable types: 0 continuous, 9360 integer (9360 binary)
Coefficient statistics:
  Matrix range     [1e+00, 9e+02]
  QMatrix range    [5e+01, 2e+02]
  Objective range  [1e+01, 2e+02]
  Bounds range     [1e+00, 1e+00]
  RHS range        [1e+00, 1e+09]
  QRHS range       [1e+02, 6e+02]
Presolve removed 67337 rows and 6934 columns
Presolve time: 0.10s
Presolved: 22787 rows, 23650 columns, 147091 nonzeros
Variable types: 0 continuous, 23650 integer (23650 binary)
Performing another presolve...
Presolve removed 1407 rows and 1804 columns
Presolve time: 0.45s
Deterministic concurrent LP optimizer: primal and dual simplex
Showing primal log only...

Concurrent spin time: 0.00s

Solved with dual simplex

Root relaxation: objective 5.492551e+03, 2735 iterations, 0.66 seconds (0.55 work units)

    Nodes    |    Current Node    |     Objective Bounds      |     Work
 Expl Unexpl |  Obj  Depth IntInf | Incumbent    BestBd   Gap | It/Node Time

     0     0 5492.55074    0  273          - 5492.55074      -     -    1s
     0     0 5496.14632    0  278          - 5496.14632      -     -    1s
     0     0 5497.73361    0  280          - 5497.73361      -     -    1s
     0     0 5567.68445    0  386          - 5567.68445      -     -    3s
     0     0 5601.52423    0  430          - 5601.52423      -     -    4s
     0     0 5612.89834    0  423          - 5612.89834      -     -    4s
     0     0 5613.59978    0  445          - 5613.59978      -     -    5s
     0     0 5613.65701    0  442          - 5613.65701      -     -    5s
     0     0 5702.83814    0  384          - 5702.83814      -     -    8s
     0     0 5751.73702    0  429          - 5751.73702      -     -    9s
     0     0 5765.24475    0  421          - 5765.24475      -     -   10s
     0     0 5769.08595    0  480          - 5769.08595      -     -   11s
     0     0 5772.60396    0  509          - 5772.60396      -     -   11s
     0     0 5773.61122    0  500          - 5773.61122      -     -   11s
     0     0 5800.40408    0  492          - 5800.40408      -     -   13s
     0     0 5819.04345    0  474          - 5819.04345      -     -   15s
     0     0 5825.68177    0  500          - 5825.68177      -     -   15s
     0     0 5846.83244    0  476          - 5846.83244      -     -   18s
     0     0 5846.84866    0  471          - 5846.84866      -     -   18s
     0     0 5846.84866    0  471          - 5846.84866      -     -   18s
     0     2 5846.84958    0  462          - 5846.84958      -     -   20s
    31    54 5873.88057    5  487          - 5859.34737      -   523   26s
   117   159 5879.50325    8  455          - 5861.51023      -   333   30s
   273   315 5905.76525   11  441          - 5861.51023      -   352   35s
   338   363 5921.12174   13  453          - 5861.51023      -   346   41s
   418   444 5926.56324   15  406          - 5861.51023      -   338   45s
   512   535 5941.62522   21  398          - 5861.51023      -   329   50s
   622   653 5945.10079   23  368          - 5861.51023      -   327   55s
   688   700 5943.34235   27  370          - 5861.51023      -   318   67s
   733   744 5944.17849   29  367          - 5861.51023      -   307   70s
   799   809 5945.62001   31  372          - 5861.51023      -   299   75s
   844   852 5946.29221   33  334          - 5861.51023      -   293   80s
   910   915 5947.44362   36  367          - 5861.51023      -   288   86s
   954   961 5947.87117   38  338          - 5861.51023      -   284   91s
  1007  1021 5950.11613   39  333          - 5861.51023      -   277   96s
  1096  1148 5952.69369   43  338          - 5861.51023      -   274  101s
  1222  1221 5961.04292   57  348          - 5861.51023      -   265  107s
  1284  1294 5975.34716   58  297          - 5861.51023      -   262  112s
  1325  1349 5962.46620   59  347          - 5861.51023      -   259  115s
  1415  1426 5964.26250   61  350          - 5861.51023      -   256  121s
  1459  1493 5965.10264   62  352          - 5861.51023      -   256  125s
  1601  1676 5973.27616   74  348          - 5861.51023      -   255  132s
  1718  1805 5981.38318   86  337          - 5861.51023      -   252  135s
  2002  2133 6022.97337  102  291          - 5861.51023      -   249  142s
  2186  2346 6012.82843  108  301          - 5861.51023      -   246  146s
  2602  2777 6049.77245  131  220          - 5861.51023      -   245  153s
  2858  3053 6079.53943  146  213          - 5861.51023      -   243  157s
  3134  3315 6113.90535  157  199          - 5861.51023      -   241  161s
  3421  3511 6173.98616  168  187          - 5861.51023      -   240  165s
  4005  3982 6047.69123   10  372          - 5861.51023      -   239  173s
  4295  4188 6096.59307   16  369          - 5862.96327      -   239  178s
  4543  4377 6094.33116   20  381          - 5862.96327      -   242  182s
  4822  4593 6108.73070   20  331          - 5862.96327      -   243  187s
  5130  4767 6140.58924   30  338          - 5862.96327      -   243  192s
  5369  5014 6161.51302   37  304          - 5862.96327      -   244  197s
  5676  5251 6209.70261   42  266          - 5862.96327      -   244  202s
  5969  5273 6309.06178   45  248          - 5865.30878      -   246  208s
  5991  5295 6309.14426   46  240          - 5865.30878      -   246  213s
  6013  5316 6333.19756   45  251          - 5865.30878      -   246  219s
  6036  5337 6310.70967   47  241          - 5865.30878      -   246  224s
  6059  5359 6323.35457   48  238          - 5865.30878      -   246  229s
  6081  5380 6314.93780   46  238          - 5865.30878      -   246  235s
  6104  5402 6327.88744   47  231          - 5865.30878      -   246  241s
  6126  5424 6351.58240   48  223          - 5865.30878      -   247  247s
  6148  5464 6355.52026   47  238          - 5865.30878      -   247  252s
  6188  5515 6358.85920   47  222          - 5865.30878      -   247  258s
  6240  5585 6323.83436   49  230          - 5865.30878      -   247  264s
  6314  5726 6371.58313   50  260          - 5865.30878      -   247  270s
  6455  5921 6362.64613   50  235          - 5865.30878      -   247  276s
  6680  6151 6362.95231   49  219          - 5865.30878      -   246  282s
  6947  6152 5922.58153   28 10160          - 5865.30878      -   244  289s
  6949  6153 6027.73009   55  331          - 5865.30878      -   244  293s
  6950  6154 5907.22414   59  377          - 5865.30878      -   244  295s
  6952  6155 6028.04386   29  421          - 5865.30878      -   244  301s
  6954  6157 6130.49406  157  479          - 5865.30878      -   244  305s
  6956  6158 6351.96713  101  482          - 5865.30878      -   244  310s
  6965  6164 6021.25327  128  488          - 5865.30878      -   244  315s
  6973  6169 6025.50590   90  554          - 5873.92573      -   243  320s
  6980  6174 5966.08457   18  577          - 5884.49697      -   243  325s
  6986  6178 6000.01265   35  621          - 5894.50837      -   243  330s
  6995  6184 5954.22335   22  600          - 5899.88695      -   243  335s
  7006  6191 6020.94595   80  670          - 5903.90508      -   242  340s
  7013  6196 5928.05547   86  652          - 5908.42843      -   242  345s
  7025  6204 6017.71466  113  659          - 5913.35358      -   241  351s
  7034  6210 5970.65800   36  719          - 5915.79459      -   241  355s
  7042  6215 5920.47697   63  678          - 5920.47697      -   241  360s
  7055  6224 6001.66325   57  739          - 5923.02474      -   240  365s
  7066  6231 6014.26659   35  750          - 5926.02075      -   240  371s
  7076  6238 6002.14472   22  803          - 5926.65470      -   240  375s
  7087  6245 5989.62089   27  757          - 5928.36942      -   239  380s
  7096  6251 6150.05899   49  725          - 5929.20130      -   239  385s
  7105  6257 6052.95644   84  747          - 5930.11081      -   239  390s
  7116  6265 6052.95644   84  787          - 5930.55289      -   238  395s
  7127  6272 5931.34128   28  716          - 5931.34128      -   238  400s
  7136  6278 6764.64141  138  704          - 5932.52303      -   238  405s
  7143  6283 5955.47273   30  721          - 5935.90200      -   237  410s
  7156  6291 6351.96713  101  785          - 5937.98248      -   237  415s
  7162  6295 6325.38170  100  730          - 5941.61757      -   237  421s
  7170  6301 6155.83118   93  778          - 5943.26535      -   237  425s
  7180  6307 5966.08457   18  859          - 5944.38391      -   236  430s
  7190  6314 6018.88614   80  861          - 5945.66603      -   236  435s
  7197  6319 6036.43649   70  831          - 5946.54645      -   236  440s
  7210  6327 5947.22432   13  860          - 5947.22432      -   235  446s
  7214  6330 6011.54780  119  806          - 5948.85998      -   235  450s
  7225  6337 6017.71466  113  809          - 5949.76838      -   235  455s
  7241  6348 6006.01301   59  867          - 5950.18913      -   234  460s
  7246  6351 6009.39034   18  818          - 5950.42142      -   234  465s
  7257  6359 5976.97757   21  816          - 5951.15319      -   234  470s
  7266  6365 6014.26659   35  858          - 5951.57627      -   233  475s
  7275  6371 6143.64391   81  881          - 5952.02892      -   233  480s
  7280  6374 5966.08457   18  879          - 5952.18817      -   233  492s
  7283  6376 6073.73516  143  877          - 5952.22054      -   233  495s
  7295  6384 5954.22335   22  903          - 5952.72551      -   233  500s
  7304  6390 5953.13683    5  872          - 5953.13683      -   232  505s
  7317  6399 6151.25444  113  861          - 5953.76034      -   232  510s
  7327  6405 5954.02147   28  856          - 5954.02147      -   232  515s
  7332  6409 5954.63422   12  813          - 5954.63422      -   231  520s
  7342  6415 5954.80662   63  842          - 5954.80662      -   231  525s
  7354  6423 6130.49406  157  829          - 5954.92468      -   231  531s
  7360  6427 6056.73700   71  846          - 5955.04936      -   230  535s
  7369  6433 5983.89000   51  856          - 5955.12062      -   230  540s
  7378  6441 6158.03729  204 10160          - 5955.13162      -   247  548s
  7380  6442 5966.08457   18  336          - 5955.13162      -   247  552s
  7382  6444 6117.45480  104  429          - 5955.13162      -   247  555s
  7384  6445 6044.35920   60  478          - 5955.13162      -   247  562s
  7385  6446 6067.54090   25  533          - 5955.13162      -   246  565s
  7387  6447 5989.62089   27  553          - 5955.45640      -   246  571s
  7389  6448 6075.31584   26  591          - 5958.27673      -   246  577s
  7391  6450 5963.53498   95  670          - 5958.27673      -   246  581s
  7395  6452 5958.27673   22  758          - 5958.27673      -   246  585s
  7404  6458 5958.27673    5  788          - 5958.27673      -   246  590s
  7413  6464 5958.27673   86  796          - 5958.27673      -   246  595s
  7420  6469 5996.18899  114  749          - 5958.34143      -   245  600s
  7427  6474 5960.64078   28  760          - 5960.64078      -   245  605s
  7436  6480 6764.64141  138  792          - 5961.25980      -   245  610s
  7447  6487 5961.75965   28  791          - 5961.75965      -   244  616s
  7455  6492 6001.66325   57  804          - 5962.08438      -   244  620s
  7464  6498 5998.45700   70  816          - 5962.94341      -   244  625s
  7474  6505 5963.12870    6  840          - 5963.12870      -   244  630s
  7483  6511 6073.73516  143  813          - 5963.62511      -   243  635s
  7496  6520 6150.05899   49  802          - 5963.82810      -   243  640s
  7504  6525 5964.83266    5  807          - 5964.83266      -   243  646s
  7507  6527 6204.11759  106  776          - 5965.42405      -   242  650s
  7519  6535 5965.99799   20  819          - 5965.99799      -   242  655s
  7528  6541 5966.62988   95  793          - 5966.62988      -   242  660s
  7534  6545 5970.65800   36  801          - 5966.84153      -   242  665s
  7547  6554 5966.98249   28  827          - 5966.98249      -   241  670s
  7553  6558 6109.44505   89  807          - 5967.03290      -   241  677s
  7558  6561 5967.07592   17  831          - 5967.07592      -   241  680s
  7567  6567 5967.12636    8  847          - 5967.12636      -   241  686s
  7573  6571 6025.50590   90  821          - 5967.17926      -   240  691s
  7574  6572 5967.18115    6  821          - 5967.18115      -   240  703s
  7575  6575 5967.62248   19  764          - 5967.62248      -   249  723s
  7577  6578 5968.21494   20  805          - 5967.90653      -   250  726s

Cutting planes:
  Gomory: 4
  Cover: 77
  Implied bound: 3
  Clique: 36
  MIR: 163
  Knapsack: 8
  StrongCG: 51
  Flow cover: 484
  GUB cover: 17
  Zero half: 38
  Mod-K: 2
  RLT: 85
  Relax-and-lift: 153
  BQP: 10

Explored 7580 nodes (1912506 simplex iterations) in 726.18 seconds (743.39 work units)
Thread count was 22 (of 22 available processors)

Solution count 0

Time limit reached
Best objective -, best bound 5.969000000000e+03, gap -

User-callback calls 142363, time in user-callback 0.70 sec
Set parameter LogToConsole to value 0
