
Gurobi 13.0.0 (linux64) logging started Sun Jan 18 15:23:38 2026

Set parameter LogFile to value "../experiments/network-n_60_s_2_rp_0-app_set-id_57_24_apps/submip_40_epr1_model_gurobi.log"
Set parameter TimeLimit to value 7.1125075882699457e+02
Gurobi Optimizer version 13.0.0 build v13.0.0rc1 (linux64 - "Ubuntu 24.04.3 LTS")

CPU model: Intel(R) Core(TM) Ultra 7 165H, instruction set [SSE2|AVX|AVX2]
Thread count: 22 physical cores, 22 logical processors, using up to 22 threads

Non-default parameters:
TimeLimit  7.1125075882699457e+02
LogToConsole  0

Academic license 2539022 - for non-commercial use only - registered to al___@studenti.unimi.it
Optimize a model with 68725 rows, 9360 columns and 150636 nonzeros (Min)
Model fingerprint: 0xf4ca03b6
Model has 9360 linear objective coefficients
Model has 190 quadratic constraints
Variable types: 0 continuous, 9360 integer (9360 binary)
Coefficient statistics:
  Matrix range     [1e+00, 9e+02]
  QMatrix range    [5e+01, 2e+02]
  Objective range  [1e+01, 2e+02]
  Bounds range     [1e+00, 1e+00]
  RHS range        [1e+00, 1e+09]
  QRHS range       [1e+02, 6e+02]
Presolve removed 67808 rows and 7450 columns
Presolve time: 0.07s
Presolved: 15291 rows, 16099 columns, 98378 nonzeros
Variable types: 0 continuous, 16099 integer (16099 binary)
Performing another presolve...
Presolve removed 1253 rows and 1559 columns
Presolve time: 0.37s

Root relaxation: objective 5.514089e+03, 1878 iterations, 0.23 seconds (0.33 work units)

    Nodes    |    Current Node    |     Objective Bounds      |     Work
 Expl Unexpl |  Obj  Depth IntInf | Incumbent    BestBd   Gap | It/Node Time

     0     0 5514.08857    0  233          - 5514.08857      -     -    0s
     0     0 5514.19952    0  235          - 5514.19952      -     -    0s
     0     0 5608.23754    0  328          - 5608.23754      -     -    2s
     0     0 5668.01565    0  334          - 5668.01565      -     -    3s
     0     0 5695.07836    0  331          - 5695.07836      -     -    3s
     0     0 5695.11307    0  350          - 5695.11307      -     -    3s
     0     0 5695.60153    0  368          - 5695.60153      -     -    3s
     0     0 5695.66744    0  373          - 5695.66744      -     -    3s
     0     0 5784.86890    0  351          - 5784.86890      -     -    5s
     0     0 5814.30218    0  364          - 5814.30218      -     -    5s
     0     0 5828.43207    0  364          - 5828.43207      -     -    5s
     0     0 5837.45815    0  423          - 5837.45815      -     -    6s
     0     0 5838.79263    0  443          - 5838.79263      -     -    7s
     0     0 5865.28326    0  414          - 5865.28326      -     -    8s
     0     0 5865.30567    0  406          - 5865.30567      -     -    8s
     0     0 5865.30567    0  406          - 5865.30567      -     -    8s
     0     2 5865.33565    0  394          - 5865.33565      -     -   10s
    53   117 5880.82601    6  385          - 5879.81776      -   366   15s
   267   305 5898.97331   13  319          - 5879.81776      -   300   20s
   483   533 5910.61830   20  348          - 5879.81776      -   283   25s
   599   613 5913.44343   22  281          - 5879.81776      -   278   30s
   753   764 5919.21743   27  261          - 5879.81776      -   267   35s
   887   901 5922.10980   30  283          - 5879.81776      -   258   40s
   971   984 5931.89218   33  281          - 5879.81776      -   261   45s
  1097  1081 5942.13055   36  260          - 5879.81776      -   259   51s
  1176  1150 5942.63249   38  262          - 5880.81649      -   255   56s
  1221  1193 5950.00288   40  239          - 5880.81649      -   254   60s
  1292  1249 5958.01699   43  225          - 5880.81649      -   257   65s
  1344  1295 5994.90276   44  213          - 5880.81649      -   256   70s
  1419  1365 5975.25472   47  211          - 5880.81649      -   253   77s
  1528  1492 5985.15210   49  219          - 5880.81649      -   249   81s
  1784  1780 6006.18880   50  233          - 5880.81649      -   242   86s
  2141  2073 6121.66514   51  212          - 5884.97253      -   237   91s
  2513  2318 6050.91860   52  213          - 5885.10138      -   238   97s
  2885  2705 6081.67703   53  221          - 5885.10138      -   239  102s
  3124  2948 6083.77354   54  213          - 5885.10138      -   238  105s
  3725  3414 6245.65913   63  169          - 5889.37804      -   233  111s
  4036  3415 5983.35481   25 6783          - 5889.37804      -   231  116s
  4039  3417 6241.21074   74  352          - 5889.37804      -   231  120s
  4042  3419 5999.19788   13  483          - 5889.37804      -   231  125s
  4050  3424 5972.89940   19  481          - 5907.09036      -   230  130s
  4061  3432 6118.82694   53  585          - 5937.06237      -   230  135s
  4070  3438 6125.58931   42  603          - 5959.85991      -   229  140s
  4083  3446 5972.70424    8  632          - 5972.70424      -   229  145s
  4096  3455 6244.39085   81  596          - 5981.18682      -   228  150s
  4110  3464 6025.11603   52  673          - 5988.56096      -   227  155s
  4122  3472 5996.86380   22  716          - 5996.86380      -   226  160s
  4143  3486 6031.12816   30  677          - 6000.35497      -   225  165s
  4157  3496 6003.86908   12  684          - 6003.86908      -   224  170s
  4172  3506 6007.81405   11  687          - 6007.81405      -   224  175s
  4186  3515 6120.26968   61  712          - 6009.16598      -   223  180s
  4198  3523 6186.66489   58  637          - 6015.46380      -   222  185s
  4214  3534 6017.61986   14  760          - 6017.61986      -   221  190s
  4229  3544 6024.67208   14  720          - 6018.36647      -   221  195s
  4246  3555 6182.64976   43  766          - 6018.96380      -   220  200s
  4256  3562 6060.42081   29  774          - 6019.39423      -   219  205s
  4273  3573 6084.04407   44  704          - 6021.03079      -   218  210s
  4288  3583 6021.72933   11  786          - 6021.72933      -   218  215s
  4289  3584 6021.76905   28  765          - 6021.76905      -   218  220s
  4301  3592 6056.77942   53  772          - 6023.25877      -   217  225s
  4317  3602 6069.97281   29  700          - 6023.94181      -   216  230s
  4336  3615 6024.57422   25  725          - 6024.57422      -   215  235s
  4350  3624 6025.16981   19  736          - 6025.16981      -   214  240s
  4362  3632 6025.98589   13  698          - 6025.98589      -   214  245s
  4377  3642 6026.28228   23  776          - 6026.28228      -   213  250s
  4390  3651 6026.90938   53  755          - 6026.90938      -   213  255s
  4401  3660 6056.77942   53 6784          - 6027.01747      -   231  261s
  4404  3662 6054.25363   26  354          - 6027.01747      -   231  266s
  4406  3663 6095.86778   59  358          - 6027.01747      -   231  270s
  4409  3665 6038.10300   30  474          - 6030.01519      -   231  275s
  4412  3667 6030.29497   41  598          - 6030.29497      -   231  280s
  4425  3676 6031.14611   19  686          - 6031.14611      -   230  285s
  4436  3683 6035.15174   25  687          - 6035.15174      -   229  290s
  4449  3692 6035.20574   20  741          - 6035.20574      -   229  295s
  4462  3701 6035.20574   13  723          - 6035.20574      -   228  300s
  4475  3709 6112.62599   43  712          - 6035.20574      -   227  305s
  4493  3721 6264.21276   67  742          - 6035.20574      -   226  311s
  4502  3727 6035.20574    8  719          - 6035.20574      -   226  315s
  4522  3741 6035.92765   22  724          - 6035.92765      -   225  320s
  4540  3753 6036.92522   30  734          - 6036.92522      -   224  325s
  4552  3761 6136.66125   74  760          - 6037.05325      -   223  330s
  4568  3771 6334.88246   84  746          - 6037.85958      -   223  335s
  4583  3781 6038.81149    8  739          - 6038.81149      -   222  346s
  4596  3790 6244.39085   81  769          - 6039.10984      -   221  350s
  4610  3799 6039.50353   52  731          - 6039.50353      -   221  355s
  4611  3800 6145.81080   27  731          - 6039.50396      -   221  360s
  4618  3814 6049.59018   24  635          - 6042.29288      -   233  366s
  4626  3827 6060.51297   25  528          - 6043.86242      -   235  371s
  4642  3844 6063.60630   26  468          - 6046.66924      -   238  376s
  4664  3872 6064.40969   27  509          - 6048.86753      -   243  382s
  4700  3883 6091.70614   28  473          - 6048.86753      -   247  393s
  4723  3899 6082.26589   29  502          - 6048.86753      -   251  400s
  4746  3917 6077.20057   29  459          - 6048.86753      -   259  405s
  4772  3933 6088.18706   30  437          - 6048.86753      -   263  411s
  4797  3952 6085.26921   30  487          - 6048.86753      -   270  417s
  4824  3967 6107.17761   31  429          - 6048.86753      -   275  423s
  4848  3986 6097.52780   31  465          - 6048.86753      -   281  430s
  4875  4003 6119.63566   32  446          - 6048.86753      -   288  438s
  4903  4019 infeasible   32               - 6048.86753      -   295  444s
  4932  4041 6123.88013   33  428          - 6048.86753      -   301  451s
  4966  4058 6134.96978   33  412          - 6048.86753      -   310  457s
  4994  4071 6167.42803   34  355          - 6048.86753      -   314  463s
  5017  4090 6163.24363   34  389          - 6048.86753      -   320  469s
  5045  4106 6169.49843   35  340          - 6048.86753      -   325  475s
  5073  4120 6376.02080   35  279          - 6048.86753      -   332  481s
  5100  4140 6171.52576   36  325          - 6048.86753      -   337  487s
  5129  4171 6173.24621   36  343          - 6048.86753      -   343  493s
  5178  4194 6174.20573   37  338          - 6048.86753      -   349  499s
  5229  4230 6193.82786   37  346          - 6052.02729      -   355  505s
  5286  4269 6174.99685   38  335          - 6052.02729      -   359  511s
  5352  4272 6204.38367   39  325          - 6052.02729      -   366  517s
  5379  4285 6188.58030   40  359          - 6052.02729      -   368  523s
  5413  4307 6246.30049   40  351          - 6052.02729      -   371  530s
  5454  4317 6195.87303   41  361          - 6052.02729      -   373  536s
  5510  4334 6195.06892   41  344          - 6052.02729      -   377  543s
  5578  4381 6196.85042   42  344          - 6052.02729      -   380  551s
  5655  4427 6206.58464   44  302          - 6052.02729      -   384  559s
  5755  4456 6216.24996   47  301          - 6052.02729      -   389  568s
  5851  4493 6243.95460   50  263          - 6052.02729      -   396  578s
  5958  4527 6249.62070   54  279          - 6060.65841      -   404  587s
  6072  4574 6270.62693   57  283          - 6060.65841      -   412  596s
  6199  4578 infeasible   60               - 6060.65841      -   418  605s
  6325  4610 6390.99843   63  239          - 6062.79341      -   427  615s
  6465  4656 infeasible   68               - 6062.79341      -   432  626s
  6608  4715 infeasible   74               - 6062.79341      -   440  636s
  6751  4781 6096.92899   28  520          - 6064.17801      -   446  646s
  6898  4845 6113.67993   30  445          - 6064.17801      -   452  657s
  7047  4919 6136.64560   32  394          - 6064.17801      -   459  669s
  7222  4880 6139.54717   32  428          - 6064.17801      -   465  679s
  7247  4895 infeasible   32               - 6064.17801      -   466  690s
  7281  4952 6229.96601   32  288          - 6064.17801      -   469  702s
  7404  4959 6190.21711   34  372          - 6066.05352      -   469  711s

Cutting planes:
  Gomory: 4
  Lift-and-project: 1
  Cover: 104
  Clique: 58
  MIR: 159
  Knapsack: 8
  StrongCG: 59
  Flow cover: 297
  GUB cover: 17
  Zero half: 36
  Mod-K: 5
  RLT: 75
  Relax-and-lift: 475
  BQP: 14

Explored 7496 nodes (3548768 simplex iterations) in 711.29 seconds (674.47 work units)
Thread count was 22 (of 22 available processors)

Solution count 0

Time limit reached
Best objective -, best bound 6.067000000000e+03, gap -

User-callback calls 143273, time in user-callback 0.98 sec
