
Gurobi 13.0.0 (linux64) logging started Sat Jan  3 12:39:16 2026

Set parameter LogFile to value "../experiments/network-n_60_s_0_rp_0-app_set-id_70_28_apps/compact_model_gurobi.log"
Set parameter TimeLimit to value 900
Gurobi Optimizer version 13.0.0 build v13.0.0rc1 (linux64 - "Ubuntu 24.04.3 LTS")

CPU model: Intel(R) Core(TM) Ultra 7 165H, instruction set [SSE2|AVX|AVX2]
Thread count: 22 physical cores, 22 logical processors, using up to 22 threads

Non-default parameters:
TimeLimit  900
LogToConsole  0

Academic license 2539022 - for non-commercial use only - registered to al___@studenti.unimi.it
Optimize a model with 60735 rows, 10920 columns and 136790 nonzeros (Min)
Model fingerprint: 0x01ccc81b
Model has 10920 linear objective coefficients
Model has 200 quadratic constraints
Variable types: 0 continuous, 10920 integer (10920 binary)
Coefficient statistics:
  Matrix range     [1e+00, 9e+02]
  QMatrix range    [5e+01, 2e+02]
  Objective range  [1e+01, 2e+02]
  Bounds range     [1e+00, 1e+00]
  RHS range        [1e+00, 1e+09]
  QRHS range       [1e+02, 6e+02]
Presolve removed 58236 rows and 6300 columns
Presolve time: 0.78s
Presolved: 76879 rows, 78744 columns, 480849 nonzeros
Variable types: 0 continuous, 78744 integer (78744 binary)
Deterministic concurrent LP optimizer: primal and dual simplex
Showing primal log only...


Root simplex log...

Iteration    Objective       Primal Inf.    Dual Inf.      Time
    7159    6.2989397e+03   0.000000e+00   1.342838e+04      5s
Concurrent spin time: 0.24s

Solved with dual simplex

Root simplex log...

Iteration    Objective       Primal Inf.    Dual Inf.      Time
    6607    6.1959944e+03   0.000000e+00   0.000000e+00      5s

Root relaxation: objective 6.195994e+03, 6607 iterations, 2.79 seconds (3.30 work units)
Total elapsed time = 5.38s (DegenMoves)

    Nodes    |    Current Node    |     Objective Bounds      |     Work
 Expl Unexpl |  Obj  Depth IntInf | Incumbent    BestBd   Gap | It/Node Time

     0     0 6195.99442    0  434          - 6195.99442      -     -    5s
     0     0 6197.57085    0  417          - 6197.57085      -     -    5s
     0     0 6238.88116    0  449          - 6238.88116      -     -   11s
     0     0 6299.04459    0  591          - 6299.04459      -     -   17s
     0     0 6309.13747    0  612          - 6309.13747      -     -   20s
     0     0 6309.50945    0  599          - 6309.50945      -     -   20s
     0     0 6309.69691    0  568          - 6309.69691      -     -   21s
     0     0 6326.48350    0  615          - 6326.48350      -     -   27s
     0     0 6353.44171    0  641          - 6353.44171      -     -   33s
     0     0 6381.01052    0  736          - 6381.01052      -     -   36s
     0     0 6393.16228    0  657          - 6393.16228      -     -   39s
     0     0 6395.27067    0  617          - 6395.27067      -     -   40s
     0     0 6395.98588    0  619          - 6395.98588      -     -   41s
     0     0 6417.29170    0  735          - 6417.29170      -     -   47s
     0     0 6433.11979    0  773          - 6433.11979      -     -   50s
     0     0 6441.38789    0  824          - 6441.38789      -     -   52s
     0     0 6449.01260    0  890          - 6449.01260      -     -   57s
     0     0 6453.46609    0  904          - 6453.46609      -     -   59s
     0     0 6454.46864    0  865          - 6454.46864      -     -   60s
     0     0 6465.01925    0  789          - 6465.01925      -     -   63s
     0     0 6471.60191    0  763          - 6471.60191      -     -   66s
     0     0 6475.07810    0  786          - 6475.07810      -     -   67s
     0     0 6479.71770    0  805          - 6479.71770      -     -   70s
     0     0 6483.14533    0  836          - 6483.14533      -     -   71s
     0     0 6485.30171    0  812          - 6485.30171      -     -   73s
     0     0 6485.30279    0  806          - 6485.30279      -     -   73s
     0     0 6485.30279    0  800          - 6485.30279      -     -   73s
     0     2 6486.05285    0  800          - 6486.05285      -     -   81s
     3     8 6492.10566    2  789          - 6489.10867      -   683   85s
     7    14 6495.37566    3  830          - 6492.24895      -   814   90s
    29    44 6497.01286    5  798          - 6495.51790      -   643   95s
    51    88 6497.45117    6  798          - 6497.01993      -   587  100s
   136   141 6500.85253    8  783          - 6497.45225      -   484  109s
   175   180 6509.66774    9  843          - 6497.45225      -   492  114s
   218   210 6502.04496    9  803          - 6497.45225      -   485  118s
   257   238 6507.57193   10  793          - 6497.45225      -   492  123s
   296   273 6507.78240   11  797          - 6497.45225      -   483  127s
   343   294 6517.21310   14  738          - 6498.23638      -   474  132s
   369   326 6510.24884   14  791          - 6498.69971      -   486  137s
   410   364 6510.68803   16  791          - 6498.73474      -   483  143s
   456   384 infeasible   17               - 6498.73474      -   481  150s
   480   409 6528.40838   19  758          - 6499.19335      -   479  157s
   508   435 6529.03271   20  756          - 6499.19335      -   496  162s
   540   455 6529.25655   21  703          - 6499.19335      -   497  169s
   568   475 6531.03857   22  746          - 6499.19335      -   508  173s
   593   482 infeasible   23               - 6499.19335      -   507  179s
   632   499 6545.62671   24  675          - 6499.33449      -   506  184s
   658   518 6546.34921   25  750          - 6499.33449      -   517  192s
   683   535 6589.73383   26  704          - 6499.33449      -   522  197s
   710   541 infeasible   26               - 6499.33449      -   525  203s
   746   545 6527.44714   11  663          - 6499.33449      -   522  208s
   786   553 6527.99627   12  667          - 6499.33449      -   510  214s
   822   566 6528.54327   13  660          - 6499.33449      -   502  219s
   853   586 6529.11548   14  682          - 6499.33449      -   496  225s
   879   606 6529.97386   15  697          - 6499.33449      -   501  232s
   904   624 6530.29037   16  695          - 6499.33449      -   509  238s
   935   639 6589.93990   17  675          - 6500.24243      -   512  246s
   974   666 6609.17388   15  598          - 6500.24243      -   515  252s
  1005   688 6616.79093   16  625          - 6500.24243      -   522  260s
  1038   709 6545.86945   17  669          - 6500.24243      -   529  267s
  1073   739 6554.91019   18  693          - 6500.24243      -   533  274s
  1114   775 6556.61753   19  671          - 6500.24243      -   531  282s
  1162   811 6636.13635   18  647          - 6500.24243      -   533  290s
  1212   879 6559.09413   20  645          - 6500.24243      -   532  299s
  1292   944 6562.07701   21  599          - 6500.24243      -   524  309s
  1366  1024 infeasible   22               - 6500.24243      -   518  319s
  1459  1103 6693.52948   21  633          - 6500.24243      -   509  328s
  1560  1182 6584.22213   21  646          - 6500.24243      -   499  339s
  1657  1247 6612.05435   22  662          - 6501.02232      -   495  349s
  1733  1318 6616.38127   26  656          - 6501.02232      -   492  360s
  1808  1430 6618.53399   27  585          - 6501.02232      -   488  371s
  1920  1500 6622.58273   31  634          - 6501.02232      -   477  382s
  1991  1559 6682.13650   32  558          - 6501.02232      -   476  396s
  2050  1652 6628.76234   34  618          - 6501.02232      -   474  408s
  2145  1771 6635.46246   41  592          - 6501.02232      -   469  421s
  2265  1913 6639.00537   43  536          - 6501.02232      -   463  433s
  2412  2101 6669.69266   47  540          - 6501.02232      -   456  447s
  2604  2102 6705.17547   47 33452          - 6501.02232      -   446  478s
  2606  2103 6713.15712   87  420          - 6501.02232      -   445  492s
  2607  2104 6788.19748   61  472          - 6501.02232      -   445  497s
  2608  2105 6657.76899   43  482          - 6501.02232      -   445  501s
  2609  2105 6698.29206   42  558          - 6501.02232      -   445  506s
  2610  2106 6879.01523   87  554          - 6501.02232      -   445  514s
  2611  2107 6730.36471   46  748          - 6501.02232      -   444  524s
  2612  2107 6597.22129   58  773          - 6501.02232      -   444  535s
  2613  2108 6508.87868   10  734          - 6501.02232      -   444  543s
  2614  2109 6547.54977   20  794          - 6501.02232      -   444  546s
  2618  2111 6548.33125   34  872          - 6501.02232      -   443  554s
  2619  2112 6637.79795   38  879          - 6501.02232      -   443  557s
  2620  2113 6700.59878   41  863          - 6507.85249      -   443  560s
  2622  2114 6566.60675   56  858          - 6520.10136      -   442  566s
  2624  2115 6704.09823   24  847          - 6524.36707      -   442  571s
  2626  2117 6567.52608   21  863          - 6528.38158      -   442  576s
  2627  2117 6651.32485   54  891          - 6531.96246      -   442  580s
  2630  2119 6542.59021   28  922          - 6535.18629      -   441  588s
  2631  2120 6879.01523   87  947          - 6537.59156      -   441  591s
  2633  2121 6690.92219   95  906          - 6541.84939      -   441  595s
  2636  2123 6552.14772   27  912          - 6546.52298      -   440  601s
  2639  2125 6550.63453   13  823          - 6550.63453      -   440  608s
  2641  2127 6623.34982   15  889          - 6552.04674      -   439  610s
  2647  2131 6711.75803   37  856          - 6552.97050      -   438  615s
  2649  2132 6687.71835   34  943          - 6557.95803      -   438  623s
  2650  2133 6579.04380   28  954          - 6558.81405      -   438  625s
  2653  2135 6562.10646   16  999          - 6562.10646      -   437  630s
  2656  2137 6580.05341   46 1030          - 6565.75350      -   437  636s
  2659  2139 6752.33455   42 1065          - 6567.93245      -   436  642s
  2661  2140 6643.54169   42  988          - 6569.07415      -   436  646s
  2664  2142 6569.55215   31 1037          - 6569.55215      -   436  650s
  2668  2145 6688.59580   53 1043          - 6569.58229      -   435  655s
  2671  2147 6571.81129   26 1036          - 6571.81129      -   434  661s
  2673  2148 6572.96919   14 1013          - 6572.96919      -   434  665s
  2675  2149 6575.27762   11 1037          - 6575.27762      -   434  670s
  2678  2151 6576.71319   19 1040          - 6576.71319      -   433  675s
  2684  2155 6577.24879   15 1099          - 6577.24879      -   432  680s
  2687  2157 6577.25976   13 1102          - 6577.25976      -   432  685s
  2689  2159 6580.64737   11 1042          - 6580.64737      -   431  692s
  2692  2161 6854.88389   92 1145          - 6582.94887      -   431  697s
  2694  2162 6583.52639   30 1101          - 6583.52639      -   431  700s
  2698  2165 6690.05690   62 1155          - 6584.52001      -   430  705s
  2703  2168 6586.50072   42  993          - 6586.50072      -   429  712s
  2706  2170 6713.15712   87 1150          - 6586.87513      -   429  715s
  2707  2171 6788.19748   61 1152          - 6586.87513      -   429  720s
  2708  2171 6657.76899   43 1051          - 6589.59061      -   428  725s
  2711  2173 6730.36471   46 1057          - 6590.52080      -   428  730s
  2714  2175 6592.20690   20 1067          - 6592.20690      -   427  735s
  2720  2179 6700.59878   41 1083          - 6593.25295      -   427  742s
  2723  2181 6732.33991   45 1123          - 6593.71455      -   426  745s
  2728  2185 6594.05697   52 1171          - 6594.05697      -   425  750s
  2736  2190 6594.25069   27 1073          - 6594.25069      -   424  759s
  2737  2191 6600.38082   65 1129          - 6596.84338      -   424  764s
  2738  2191 6596.93085   20 1114          - 6596.93085      -   424  765s
  2741  2193 6623.34982   15 1091          - 6598.83809      -   423  771s
  2745  2196 6702.98153   29 1100          - 6599.42482      -   423  775s
  2752  2201 6599.65453   51 1207          - 6599.65453      -   422  784s
  2753  2201 6602.59609   16 1148          - 6602.59609      -   421  790s
  2756  2203 6604.09172   46 1171          - 6604.09172      -   421  795s
  2760  2206 6764.78199   35 1194          - 6605.16076      -   420  801s
  2763  2208 6709.97062   36 1247          - 6605.77564      -   420  805s
  2768  2211 6688.59580   53 1162          - 6606.31272      -   419  811s
  2770  2213 6606.36409   24 1186          - 6606.36409      -   419  816s
  2772  2214 6607.31151   56 1253          - 6607.31151      -   419  821s
  2775  2216 6608.04136   11 1163          - 6608.04136      -   418  825s
  2778  2218 6608.84140   19 1151          - 6608.84140      -   418  830s
  2784  2222 6609.27008   15 1225          - 6609.27008      -   417  835s
  2788  2225 6609.42795   19 1277          - 6609.42795      -   416  843s
  2789  2225 6610.83588   11 1179          - 6610.83588      -   416  848s
  2791  2227 6647.06536   40 1136          - 6611.14138      -   416  850s
  2798  2231 6690.05690   62 1158          - 6611.92310      -   415  856s
  2799  2232 6784.58777   57 1152          - 6611.92310      -   415  861s
  2802  2234 6693.08146   27 1089          - 6612.62576      -   414  865s
  2807  2237 6788.19748   61 1107          - 6613.03292      -   413  870s
  2811  2240 6730.36471   46 1070          - 6613.20472      -   413  878s
  2812  2241 6613.84635   58 1113          - 6613.84635      -   413  882s
  2814  2242 6614.47880   20 1140          - 6614.47880      -   412  885s
  2817  2244 6615.79914   65 1147          - 6615.79914      -   412  890s
  2821  2247 6673.99686   74 1067          - 6616.39524      -   411  895s

Cutting planes:
  Gomory: 4
  Lift-and-project: 4
  Cover: 167
  Clique: 38
  MIR: 157
  Knapsack: 6
  StrongCG: 128
  Flow cover: 895
  GUB cover: 39
  Zero half: 88
  Mod-K: 3
  RLT: 256
  Relax-and-lift: 116
  BQP: 79

Explored 2824 nodes (1330804 simplex iterations) in 900.42 seconds (970.99 work units)
Thread count was 22 (of 22 available processors)

Solution count 0

Time limit reached
Best objective -, best bound 6.617000000000e+03, gap -

User-callback calls 72056, time in user-callback 0.45 sec
