
Gurobi 13.0.0 (linux64) logging started Sun Jan 18 00:01:25 2026

Set parameter LogFile to value "../experiments/network-n_60_s_0_rp_0-app_set-id_70_28_apps/submip_30_epr0_model_gurobi.log"
Set parameter TimeLimit to value 8.8912702644799720e+02
Gurobi Optimizer version 13.0.0 build v13.0.0rc1 (linux64 - "Ubuntu 24.04.3 LTS")

CPU model: Intel(R) Core(TM) Ultra 7 165H, instruction set [SSE2|AVX|AVX2]
Thread count: 22 physical cores, 22 logical processors, using up to 22 threads

Non-default parameters:
TimeLimit  8.8912702644799720e+02
LogToConsole  0

Academic license 2539022 - for non-commercial use only - registered to al___@studenti.unimi.it
Optimize a model with 60815 rows, 10920 columns and 136870 nonzeros (Min)
Model fingerprint: 0xe3b92f25
Model has 10920 linear objective coefficients
Model has 200 quadratic constraints
Variable types: 0 continuous, 10920 integer (10920 binary)
Coefficient statistics:
  Matrix range     [1e+00, 9e+02]
  QMatrix range    [5e+01, 2e+02]
  Objective range  [1e+01, 2e+02]
  Bounds range     [1e+00, 1e+00]
  RHS range        [1e+00, 1e+09]
  QRHS range       [1e+02, 6e+02]
Presolve removed 59775 rows and 8107 columns
Presolve time: 0.11s
Presolved: 24748 rows, 26325 columns, 157434 nonzeros
Variable types: 0 continuous, 26325 integer (26325 binary)
Performing another presolve...
Presolve removed 1377 rows and 2127 columns
Presolve time: 0.45s
Deterministic concurrent LP optimizer: primal and dual simplex
Showing primal log only...

Concurrent spin time: 0.16s (can be avoided by choosing Method=3)

Solved with dual simplex

Root relaxation: objective 6.493062e+03, 3499 iterations, 0.82 seconds (0.72 work units)

    Nodes    |    Current Node    |     Objective Bounds      |     Work
 Expl Unexpl |  Obj  Depth IntInf | Incumbent    BestBd   Gap | It/Node Time

     0     0 6493.06155    0  232          - 6493.06155      -     -    1s
     0     0 6499.64599    0  227          - 6499.64599      -     -    1s
     0     0 6552.33392    0  272          - 6552.33392      -     -    3s
     0     0 6617.66479    0  307          - 6617.66479      -     -    3s
     0     0 6636.98452    0  300          - 6636.98452      -     -    4s
     0     0 6638.73845    0  339          - 6638.73845      -     -    4s
     0     0 6639.12178    0  337          - 6639.12178      -     -    4s
     0     0 6704.41716    0  399          - 6704.41716      -     -    6s
     0     0 6742.54258    0  395          - 6742.54258      -     -    8s
     0     0 6757.16815    0  407          - 6757.16815      -     -    8s
     0     0 6762.27827    0  446          - 6762.27827      -     -    8s
     0     0 6762.56984    0  452          - 6762.56984      -     -    8s
     0     0 6806.20641    0  404          - 6806.20641      -     -   11s
     0     0 6831.47381    0  428          - 6831.47381      -     -   12s
     0     0 6840.72404    0  445          - 6840.72404      -     -   13s
     0     0 6841.69553    0  444          - 6841.69553      -     -   13s
     0     0 6875.14315    0  434          - 6875.14315      -     -   15s
     0     0 6875.15078    0  420          - 6875.15078      -     -   15s
     0     0 6875.15078    0  420          - 6875.15078      -     -   15s
     0     2 6875.16385    0  410          - 6875.16385      -     -   17s
    15    32 6890.64144    4  371          - 6879.48259      -   424   20s
   125   166 6916.51066    7  389          - 6891.89263      -   399   26s
   213   266 6920.14012   10  381          - 6891.89263      -   381   30s
   392   420 6949.70826   15  381          - 6891.89263      -   320   35s
   478   496 6976.90272   18  365          - 6891.89263      -   317   41s
   589   606 6981.42736   22  380          - 6891.89263      -   306   46s
   680   704 6992.80333   25  372          - 6891.89263      -   301   50s
   809   828 6997.49683   28  380          - 6891.89263      -   292   55s
   916   926 7068.46199   30  325          - 6891.89263      -   289   60s
  1030  1035 7084.94977   32  384          - 6891.89263      -   289   66s
  1132  1138 7087.12720   34  382          - 6891.89263      -   287   70s
  1299  1285 7221.23310   37  350          - 6891.89263      -   282   76s
  1430  1356 7133.12691   38  320          - 6891.89263      -   277   81s
  1518  1427 7317.77685   39  293          - 6891.99046      -   276   86s
  1643  1542 7179.71235   40  331          - 6891.99046      -   274   91s
  1802  1645 7203.09185   42  332          - 6893.07398      -   270   96s
  1892  1747 7209.71336   44  326          - 6893.07398      -   269  100s
  2164  1928 7266.29305   58  293          - 6893.68396      -   265  106s
  2450  2154 infeasible   74               - 6893.68396      -   263  112s
  2615  2263 infeasible   81               - 6893.68396      -   262  115s
  2930  2377 6924.15763   10 10402          - 6893.68396      -   264  126s
  2933  2379 6918.83516    9  303          - 6893.68396      -   263  130s
  2936  2381 7127.21891   19  419          - 6893.68396      -   263  135s
  2942  2385 6958.93399   14  481          - 6893.68396      -   263  140s
  2953  2392 6954.14832   16  493          - 6943.36647      -   262  145s
  2966  2401 7002.30304   16  487          - 6974.44583      -   261  150s
  2981  2411 7330.82642   30  520          - 7007.31830      -   259  155s
  2995  2420 7602.10201   65  589          - 7030.05130      -   258  160s
  3011  2431 7044.76285   14  591          - 7044.76285      -   257  165s
  3028  2442 7283.35001   30  628          - 7049.41305      -   255  170s
  3040  2450 7187.94296   58  602          - 7052.86252      -   254  175s
  3057  2462 7273.28172   29  604          - 7056.78394      -   253  180s
  3070  2470 7130.76476   16  582          - 7063.42883      -   252  185s
  3082  2478 7071.57981   10  620          - 7071.57981      -   251  190s
  3089  2483 7075.27519    5  595          - 7075.27519      -   250  195s
  3105  2494 7196.57073   29  645          - 7078.28404      -   249  200s
  3122  2505 7080.55840   15  650          - 7080.55840      -   248  205s
  3132  2512 7082.37533   22  645          - 7082.37533      -   247  210s
  3143  2519 7083.58716   10  611          - 7083.58716      -   246  215s
  3156  2528 7086.97240   11  632          - 7086.97240      -   245  220s
  3169  2536 7087.92680   17  667          - 7087.92680      -   244  225s
  3187  2548 7101.26118   33  702          - 7089.40303      -   242  230s
  3200  2557 7090.60385   28  673          - 7090.60385      -   241  235s
  3212  2565 7091.17032   28  661          - 7091.17032      -   241  240s
  3215  2567 7238.76344   53  677          - 7091.18643      -   240  245s
  3228  2576 7283.35001   30  658          - 7093.38489      -   239  250s
  3243  2586 7095.21465   10  684          - 7095.21465      -   238  255s
  3260  2597 7096.09316   34  662          - 7096.09316      -   237  260s
  3273  2606 7100.38010   29  662          - 7097.00637      -   236  265s
  3281  2611 7330.82642   30  643          - 7097.35649      -   236  270s
  3293  2620 7259.26948   38 10402          - 7097.43162      -   254  276s
  3295  2621 7602.10201   65  233          - 7097.43162      -   254  280s
  3299  2624 7097.43162   17  411          - 7097.43162      -   254  286s
  3301  2625 7109.23757   28  491          - 7109.23757      -   253  291s
  3304  2627 7109.27355   13  485          - 7109.27355      -   253  295s
  3319  2637 7119.55731   18  613          - 7119.55731      -   252  300s
  3333  2647 7126.52629    9  609          - 7126.52629      -   251  305s
  3347  2656 7128.87439   38  592          - 7126.52629      -   250  310s
  3359  2664 7126.52629   22  574          - 7126.52629      -   249  315s
  3374  2674 7298.60648   58  598          - 7126.52629      -   248  320s
  3388  2683 7126.52629   15  600          - 7126.52629      -   247  325s
  3402  2693 7208.26034   15  601          - 7126.52629      -   246  330s
  3416  2702 7192.52112   17  606          - 7126.52629      -   245  335s
  3422  2706 7126.52629   15  620          - 7126.52629      -   244  340s
  3439  2717 7127.67975   19  629          - 7127.67975      -   243  345s
  3457  2729 7273.28172   29  660          - 7128.59088      -   242  350s
  3466  2735 7129.14990   16  663          - 7129.14990      -   241  357s
  3476  2742 7673.15853   43  636          - 7129.44502      -   241  360s
  3487  2749 7129.93257   33  617          - 7129.93257      -   240  365s
  3502  2759 7208.26034   15  640          - 7130.23370      -   239  370s
  3510  2765 7130.33676   12  643          - 7130.33676      -   238  375s
  3514  2767 7131.19151   27  626          - 7131.19151      -   238  384s
  3515  2771 7165.23217   24  517          - 7131.44072      -   251  387s
  3521  2781 7170.28590   26  545          - 7138.51998      -   251  392s
  3529  2794 7175.82640   27  540          - 7141.38315      -   254  397s
  3545  2811 7182.95428   28  508          - 7148.52364      -   256  402s
  3567  2828 7200.29239   29  513          - 7163.16577      -   260  408s
  3591  2849 7202.71808   30  481          - 7163.26011      -   262  416s
  3620  2861 7213.54778   30  527          - 7163.26011      -   265  426s
  3642  2883 7278.89193   31  505          - 7163.26011      -   270  433s
  3671  2905 7227.01811   31  493          - 7163.26011      -   272  441s
  3705  2930 7243.29663   32  485          - 7163.26011      -   283  449s
  3742  2946 7260.66656   32  484          - 7163.26011      -   288  457s
  3775  2972 7523.15507   33  445          - 7163.26011      -   293  464s
  3812  3003 7254.28517   33  524          - 7163.26011      -   299  471s
  3855  3031 7256.73843   34  510          - 7163.26011      -   304  478s
  3897  3043 7447.43924   34  459          - 7163.26011      -   312  485s
  3925  3057 7257.09139   35  497          - 7163.26011      -   317  491s
  3953  3072 7300.73752   35  439          - 7163.26011      -   322  497s
  3978  3100 7257.99707   36  535          - 7163.26011      -   327  505s
  4014  3123 7262.39345   37  504          - 7163.26011      -   333  512s
  4051  3132 7326.04997   38  483          - 7163.26011      -   341  518s
  4075  3146 7269.93298   38  498          - 7163.26011      -   346  525s
  4099  3162 7272.95611   39  486          - 7163.26011      -   350  531s
  4125  3179 7465.35920   39  495          - 7163.26011      -   355  538s
  4160  3194 7279.20036   40  489          - 7163.26011      -   358  545s
  4197  3219 7285.71715   40  483          - 7163.26011      -   362  552s
  4242  3243 7288.48341   41  471          - 7170.83308      -   366  561s
  4297  3283 7390.91643   41  476          - 7170.83308      -   373  570s
  4364  3312 7300.11336   42  438          - 7170.83308      -   377  580s
  4425  3358 7312.71487   43  444          - 7170.83308      -   386  588s
  4503  3399 7321.48219   45  458          - 7171.64658      -   394  597s
  4586  3427 7325.58689   46  440          - 7171.64658      -   401  606s
  4672  3464 7330.05668   47  430          - 7177.92943      -   409  615s
  4756  3468 7350.16500   49  398          - 7177.92943      -   415  624s
  4800  3477 7356.98760   50  408          - 7183.09902      -   419  634s
  4837  3487 7389.81102   50  354          - 7183.09902      -   423  644s
  4894  3513 7359.65102   51  398          - 7183.09902      -   426  655s
  4951  3563 7752.01003   51  331          - 7183.09902      -   431  666s
  5054  3604 7363.15655   52  405          - 7183.09902      -   432  677s
  5175  3611 7370.13219   54  387          - 7183.09902      -   437  690s
  5318  3647 7390.52577   56  405          - 7188.01691      -   443  702s
  5453  3723 7861.07899   58  315          - 7188.01691      -   448  714s
  5592  3785 7543.87535   61  389          - 7188.01691      -   451  726s
  5760  3828 7558.28642   64  356          - 7188.01691      -   454  739s
  5929  3879 7609.91513   67  339          - 7188.01691      -   459  753s
  6080  3939 7757.01070   71  287          - 7188.01691      -   465  766s
  6240  4005 7757.87727   76  299          - 7188.01691      -   470  780s
  6411  4038 7812.67957   82  294          - 7188.01691      -   475  796s
  6551  4122 7268.62792   38  415          - 7205.54390      -   478  811s
  6734  4078 7488.76761   41  315          - 7205.54390      -   481  826s
  6761  4093 7600.85032   41  331          - 7205.54390      -   482  842s
  6789  4157 7311.48106   39  356          - 7205.54390      -   483  860s
  6900  4170 7348.54148   41  362          - 7205.54390      -   483  877s
  6996  4230 7768.94588   42  319          - 7205.54390      -   486  889s

Cutting planes:
  Gomory: 3
  Lift-and-project: 1
  Cover: 106
  Clique: 42
  MIR: 168
  Knapsack: 5
  StrongCG: 74
  Flow cover: 307
  GUB cover: 22
  Zero half: 45
  Mod-K: 7
  RLT: 75
  Relax-and-lift: 68
  BQP: 8

Explored 7135 nodes (3500078 simplex iterations) in 889.19 seconds (808.14 work units)
Thread count was 22 (of 22 available processors)

Solution count 0

Time limit reached
Best objective -, best bound 7.206000000000e+03, gap -

User-callback calls 159819, time in user-callback 1.09 sec
Set parameter LogToConsole to value 0
