
Gurobi 13.0.0 (linux64) logging started Sun Jan 18 00:28:52 2026

Set parameter LogFile to value "../experiments/network-n_60_s_0_rp_0-app_set-id_70_28_apps/submip_40_epr1_model_gurobi.log"
Set parameter TimeLimit to value 7.2761718556199048e+02
Gurobi Optimizer version 13.0.0 build v13.0.0rc1 (linux64 - "Ubuntu 24.04.3 LTS")

CPU model: Intel(R) Core(TM) Ultra 7 165H, instruction set [SSE2|AVX|AVX2]
Thread count: 22 physical cores, 22 logical processors, using up to 22 threads

Non-default parameters:
TimeLimit  7.2761718556199048e+02
LogToConsole  0

Academic license 2539022 - for non-commercial use only - registered to al___@studenti.unimi.it
Optimize a model with 60830 rows, 10920 columns and 136885 nonzeros (Min)
Model fingerprint: 0x20e14ef2
Model has 10920 linear objective coefficients
Model has 200 quadratic constraints
Variable types: 0 continuous, 10920 integer (10920 binary)
Coefficient statistics:
  Matrix range     [1e+00, 9e+02]
  QMatrix range    [5e+01, 2e+02]
  Objective range  [1e+01, 2e+02]
  Bounds range     [1e+00, 1e+00]
  RHS range        [1e+00, 1e+09]
  QRHS range       [1e+02, 6e+02]
Presolve removed 60013 rows and 8667 columns
Presolve time: 0.07s
Presolved: 16437 rows, 17683 columns, 102214 nonzeros
Variable types: 0 continuous, 17683 integer (17683 binary)
Performing another presolve...
Presolve removed 3260 rows and 3814 columns
Presolve time: 0.35s

Root relaxation: objective 6.354317e+03, 2923 iterations, 0.33 seconds (0.55 work units)

    Nodes    |    Current Node    |     Objective Bounds      |     Work
 Expl Unexpl |  Obj  Depth IntInf | Incumbent    BestBd   Gap | It/Node Time

     0     0 6354.31714    0  221          - 6354.31714      -     -    0s
     0     0 6422.97771    0  260          - 6422.97771      -     -    2s
     0     0 6522.88224    0  257          - 6522.88224      -     -    2s
     0     0 6557.93722    0  276          - 6557.93722      -     -    3s
     0     0 6563.79591    0  296          - 6563.79591      -     -    3s
     0     0 6564.11546    0  295          - 6564.11546      -     -    3s
     0     0 6638.41468    0  301          - 6638.41468      -     -    4s
     0     0 6664.34137    0  305          - 6664.34137      -     -    4s
     0     0 6690.90749    0  314          - 6690.90749      -     -    5s
     0     0 6697.14062    0  343          - 6697.14062      -     -    5s
     0     0 6697.66332    0  341          - 6697.66332      -     -    5s
     0     0 6749.68458    0  353          - 6749.68458      -     -    6s
     0     0 6774.74047    0  392          - 6774.74047      -     -    7s
     0     0 6781.55295    0  394          - 6781.55295      -     -    7s
     0     0 6802.32077    0  370          - 6802.32077      -     -    9s
     0     0 6802.36681    0  363          - 6802.36681      -     -    9s
     0     0 6802.36681    0  363          - 6802.36681      -     -    9s
     0     2 6802.37012    0  356          - 6802.37012      -     -   10s
   181   214 6822.57101   11  351          - 6809.03287      -   219   15s
   342   371 6828.59514   15  343          - 6809.03287      -   229   20s
   540   560 6843.24335   21  340          - 6809.03287      -   227   25s
   756   771 6849.41559   26  299          - 6809.03287      -   228   30s
   926   953 6888.70602   30  295          - 6809.03287      -   230   35s
  1075  1086 6862.59203   33  316          - 6809.03287      -   227   40s
  1171  1174 6903.27375   36  294          - 6809.03287      -   234   45s
  1261  1269 6929.75979   38  291          - 6809.03287      -   241   50s
  1464  1533 6942.37573   41  292          - 6809.03287      -   240   56s
  1763  1834 6990.26222   59  248          - 6810.02627      -   231   61s
  2188  2171 7068.82166  103  203          - 6810.15270      -   218   66s
  2493  2468 7175.01735  135  210          - 6812.59832      -   215   70s
  2910  2841 infeasible  169               - 6816.12360      -   208   75s
  3687  3496 6893.44318   16  303          - 6816.12360      -   198   82s
  4219  3880 6936.40501   27  300          - 6816.24017      -   194   87s
  4665  4056 7099.37541   43 6102          - 6817.64638      -   198   94s
  4667  4057 6889.43102   18  215          - 6817.64638      -   198   96s
  4672  4061 6900.59681   24  345          - 6817.64638      -   198  101s
  4686  4070 7213.78875   69  462          - 6843.70301      -   197  105s
  4703  4081 7276.34650   56  501          - 6882.05654      -   196  110s
  4732  4101 7272.39944   75  538          - 6898.74387      -   195  115s
  4756  4117 7097.60462   80  537          - 6914.91489      -   194  120s
  4776  4130 6937.21486   17  546          - 6937.21486      -   193  125s
  4799  4145 7047.83583   86  566          - 6946.12451      -   192  130s
  4815  4156 6949.97827   19  575          - 6949.97827      -   192  135s
  4829  4165 6962.77165   10  569          - 6962.77165      -   191  140s
  4853  4181 7053.36352   50  568          - 6966.87278      -   190  145s
  4879  4199 7397.46153   39  575          - 6972.29398      -   189  150s
  4890  4206 7273.38107   96  581          - 6973.38478      -   189  155s
  4911  4220 6974.18839   13  607          - 6974.18839      -   188  160s
  4935  4236 7059.59274   48  626          - 6975.69611      -   187  165s
  4956  4250 7097.60462   80  549          - 6980.14682      -   186  170s
  4980  4266 6981.66861   18  587          - 6981.66861      -   185  175s
  4986  4270 7213.78875   69  598          - 6981.94429      -   185  182s
  4994  4275 7360.78345   92  593          - 6982.40189      -   185  185s
  5014  4289 6983.79546   27  563          - 6983.79546      -   184  190s
  5033  4303 7001.11518   43 6093          - 6984.14884      -   196  196s
  5038  4306 6984.14884   18  300          - 6984.14884      -   196  200s
  5042  4309 7092.54489   45  477          - 6987.22505      -   196  205s
  5058  4320 7384.48018   50  561          - 6992.52498      -   195  210s
  5078  4333 7576.05162  104  585          - 6997.09931      -   194  215s
  5092  4342 7022.44696   43  574          - 6997.09931      -   194  220s
  5108  4353 6997.09931   11  569          - 6997.09931      -   193  225s
  5128  4366 6997.09931   26  560          - 6997.09931      -   192  230s
  5150  4381 7018.52254   54  529          - 6997.09931      -   191  235s
  5165  4391 7099.37541   43  564          - 6998.12671      -   191  240s
  5192  4409 7022.44696   43  556          - 6999.93162      -   190  245s
  5213  4423 7055.87923   35  583          - 7001.13324      -   189  250s
  5234  4437 7300.85601   78  577          - 7001.88507      -   188  255s
  5250  4448 7018.52254   54  586          - 7002.21495      -   188  260s
  5255  4451 7402.47868  117  571          - 7002.53896      -   188  273s
  5256  4455 7011.26982   24  495          - 7002.72950      -   195  275s
  5262  4465 7013.89603   26  486          - 7004.32782      -   195  280s
  5286  4495 7014.89631   28  489          - 7007.02022      -   199  287s
  5308  4546 7015.80557   29  490          - 7007.06207      -   204  291s
  5371  4535 7111.34528   30  423          - 7007.11800      -   207  297s
  5393  4550 7017.06322   31  491          - 7007.11800      -   209  300s
  5441  4550 7036.72952   32  416          - 7007.11800      -   215  305s
  5469  4563 7059.03406   32  468          - 7009.75026      -   218  311s
  5523  4588 7043.27093   33  428          - 7012.75013      -   226  318s
  5545  4602 7047.14480   34  407          - 7012.75013      -   227  321s
  5567  4617 7119.36271   34  381          - 7012.75013      -   230  325s
  5612  4649 7435.90560   35  349          - 7012.75013      -   233  332s
  5637  4663 7090.21871   36  375          - 7012.75013      -   234  335s
  5685  4696 7052.66299   37  389          - 7012.75013      -   239  343s
  5710  4711 7071.36245   37  349          - 7012.75013      -   242  347s
  5734  4731 7052.91184   38  369          - 7012.75013      -   243  350s
  5792  4764 7057.12905   39  379          - 7012.75013      -   247  357s
  5814  4779 7072.18876   39  382          - 7012.75013      -   248  361s
  5836  4794 7064.71029   40  403          - 7012.75013      -   249  365s
  5887  4835 7067.11193   41  354          - 7012.75013      -   251  372s
  5921  4864 7096.68756   41  358          - 7012.75013      -   253  377s
  5963  4892 7069.35276   42  375          - 7012.75013      -   255  381s
  6009  4922 7098.55561   42  347          - 7012.75013      -   258  386s
  6058  4927 7073.99335   43  377          - 7012.75013      -   260  390s
  6080  4940 7087.37292   43  393          - 7012.75013      -   261  395s
  6130  4975 7093.87292   44  315          - 7012.75013      -   264  405s
  6199  5024 7324.23992   45  372          - 7012.75013      -   268  414s
  6255  5056 7081.53191   46  363          - 7012.75013      -   269  420s
  6319  5107 7203.09576   46  368          - 7012.75013      -   273  426s
  6419  5134 7082.21341   47  358          - 7012.75013      -   276  432s
  6519  5166 7082.81720   48  374          - 7012.75013      -   282  439s
  6630  5211 7146.63909   49  363          - 7012.75013      -   289  445s
  6755  5246 7126.86814   51  370          - 7012.75013      -   294  452s
  6870  5306 7204.90849   52  320          - 7012.75013      -   299  459s
  7001  5357 7155.65765   54  350          - 7015.02914      -   303  465s
  7128  5430 7161.67665   57  334          - 7015.02914      -   308  472s
  7275  5476 7166.04612   59  308          - 7015.02914      -   312  481s
  7433  5549 7182.33035   61  296          - 7015.02914      -   316  489s
  7613  5619 7213.32545   65  324          - 7015.02914      -   319  497s
  7771  5713 7235.66908   67  310          - 7015.02914      -   324  505s
  7980  5788 7265.09064   70  313          - 7015.02914      -   326  513s
  8177  5870 7270.58024   74  276          - 7015.02914      -   328  521s
  8406  5939 7308.49587   77  266          - 7015.02914      -   331  530s
  8602  6057 7337.72828   82  272          - 7015.02914      -   334  538s
  8836  6130 7108.55703   32  330          - 7015.02914      -   337  547s
  9080  6232 7172.05780   37  350          - 7015.02914      -   341  557s
  9345  6384 7241.39161   41  357          - 7015.02914      -   344  566s
  9640  6306 7245.58032   45  348          - 7047.02779      -   348  576s
  9663  6319 7282.65912   44  321          - 7047.02779      -   349  586s
  9687  6326 7302.00841   45  316          - 7047.02779      -   350  597s
  9716  6336 7269.59084   46  340          - 7047.02779      -   350  607s
  9740  6336 7345.60794   45  294          - 7047.02779      -   350  617s
  9776  6350 7322.32198   46  309          - 7047.02779      -   352  628s
  9802  6381 7390.41872   46  309          - 7047.02779      -   352  638s
  9850  6390 7551.40226   46  308          - 7047.02779      -   352  649s
  9893  6402 7327.04920   47  299          - 7047.02779      -   352  664s
  9925  6415 7340.27791   48  305          - 7047.02779      -   353  680s
  9955  6439 7368.74065   47  302          - 7052.95066      -   354  692s
  9991  6454 7368.48806   48  295          - 7052.95066      -   355  704s
 10026  6500 7369.11202   48  307          - 7052.95066      -   356  721s
 10113  6518 7540.89501   49  310          - 7052.95066      -   356  727s

Cutting planes:
  Gomory: 2
  Cover: 87
  Clique: 28
  MIR: 134
  Knapsack: 15
  StrongCG: 74
  Flow cover: 354
  GUB cover: 8
  Zero half: 21
  Mod-K: 3
  RLT: 84
  Relax-and-lift: 72
  BQP: 3

Explored 10162 nodes (3634939 simplex iterations) in 727.66 seconds (683.62 work units)
Thread count was 22 (of 22 available processors)

Solution count 0

Time limit reached
Best objective -, best bound 7.053000000000e+03, gap -

User-callback calls 143268, time in user-callback 0.81 sec
