FIXINGS_START
(2, 5, 0)
(3, 0, 0)
(4, 3, 0)
(5, 2, 0)
(6, 0, 0)
(6, 9, 0)
(7, 0, 0)
(7, 7, 0)
(8, 0, 0)
(8, 6, 0)
(9, 0, 0)
(10, 7, 0)
(10, 8, 0)
(11, 0, 0)
(12, 0, 0)
(12, 6, 0)
(13, 0, 0)
(14, 0, 0)
(14, 6, 0)
(15, 0, 0)
(15, 4, 0)
(16, 0, 0)
(17, 0, 0)
(18, 0, 0)
(19, 0, 0)
(20, 9, 0)
(21, 0, 0)
(21, 6, 0)
(22, 0, 0)
(22, 7, 0)
(23, 0, 0)
(24, 0, 0)
(24, 1, 0)
(25, 7, 0)
(25, 8, 0)
(26, 0, 0)
(17, 1, 0)
(24, 4, 0)
(20, 0, 0)
(20, 1, 0)
(20, 3, 0)
(24, 6, 0)
(21, 1, 0)
(20, 4, 0)
(21, 3, 0)
(20, 6, 0)
(21, 4, 0)
(21, 7, 0)
(21, 8, 0)
(20, 7, 0)
(7, 3, 0)
(4, 1, 0)
(11, 1, 0)
(14, 5, 0)
(6, 1, 25)
(10, 2, 0)
(10, 6, 9)
(4, 2, 1)
(18, 5, 27)
(15, 1, 0)
(23, 1, 0)
(0, 0, 0)
(7, 4, 0)
(6, 3, 0)
(19, 1, 3)
(16, 1, 14)
(16, 2, 5)
(25, 2, 0)
(9, 2, 0)
(15, 2, 0)
(12, 3, 0)
(1, 0, 0)
(3, 2, 0)
(3, 3, 0)
(0, 1, 0)
(16, 3, 0)
(1, 1, 0)
(23, 2, 0)
(22, 1, 0)
(2, 1, 0)
FIXINGS_END
time 751.098
GUROBI
Status TIME_LIMIT
Runtime 751.0972979068756
NodeCount 9751.0
IterCount 4275479.0
NumVars 10920
NumConstrs 60815
ObjBound 6908.0
ObjBoundC 6907.249438431542
ObjVal inf
MIPGap inf
