
Gurobi 13.0.0 (linux64) logging started Mon Jan  5 01:25:37 2026

Set parameter LogFile to value "../experiments/network-n_40_s_0_rp_0-app_set-id_51_22_apps/compact_model_gurobi.log"
Set parameter TimeLimit to value 900
Gurobi Optimizer version 13.0.0 build v13.0.0rc1 (linux64 - "Ubuntu 24.04.3 LTS")

CPU model: Intel(R) Core(TM) Ultra 7 165H, instruction set [SSE2|AVX|AVX2]
Thread count: 22 physical cores, 22 logical processors, using up to 22 threads

Non-default parameters:
TimeLimit  900
LogToConsole  0

Academic license 2539022 - for non-commercial use only - registered to al___@studenti.unimi.it
Optimize a model with 25501 rows, 5720 columns and 58830 nonzeros (Min)
Model fingerprint: 0x98a2439f
Model has 5720 linear objective coefficients
Model has 128 quadratic constraints
Variable types: 0 continuous, 5720 integer (5720 binary)
Coefficient statistics:
  Matrix range     [1e+00, 9e+02]
  QMatrix range    [5e+01, 2e+02]
  Objective range  [1e+01, 2e+02]
  Bounds range     [1e+00, 1e+00]
  RHS range        [1e+00, 1e+09]
  QRHS range       [1e+02, 6e+02]
Presolve removed 24073 rows and 3518 columns
Presolve time: 0.23s
Presolved: 21749 rows, 22395 columns, 133722 nonzeros
Variable types: 0 continuous, 22395 integer (22395 binary)
Deterministic concurrent LP optimizer: primal and dual simplex
Showing primal log only...

Concurrent spin time: 0.00s

Solved with dual simplex

Root relaxation: infeasible, 3099 iterations, 0.56 seconds (0.43 work units)

    Nodes    |    Current Node    |     Objective Bounds      |     Work
 Expl Unexpl |  Obj  Depth IntInf | Incumbent    BestBd   Gap | It/Node Time

     0     0 infeasible    0               - infeasible      -     -    1s

Explored 1 nodes (3099 simplex iterations) in 1.42 seconds (1.37 work units)
Thread count was 22 (of 22 available processors)

Solution count 0

Model is infeasible
Best objective -, best bound -, gap -

User-callback calls 746, time in user-callback 0.00 sec
