
Gurobi 13.0.0 (linux64) logging started Fri Jan  2 18:42:43 2026

Set parameter LogFile to value "../experiments/network-n_50_s_1_rp_0-app_set-id_20_11_apps/compact_model_gurobi.log"
Set parameter TimeLimit to value 900
Gurobi Optimizer version 13.0.0 build v13.0.0rc1 (linux64 - "Ubuntu 24.04.3 LTS")

CPU model: Intel(R) Core(TM) Ultra 7 165H, instruction set [SSE2|AVX|AVX2]
Thread count: 22 physical cores, 22 logical processors, using up to 22 threads

Non-default parameters:
TimeLimit  900
LogToConsole  0

Academic license 2539022 - for non-commercial use only - registered to al___@studenti.unimi.it
Optimize a model with 20345 rows, 3600 columns and 45619 nonzeros (Min)
Model fingerprint: 0x72ed92da
Model has 3600 linear objective coefficients
Model has 164 quadratic constraints
Variable types: 0 continuous, 3600 integer (3600 binary)
Coefficient statistics:
  Matrix range     [1e+00, 9e+02]
  QMatrix range    [5e+01, 2e+02]
  Objective range  [1e+01, 2e+02]
  Bounds range     [1e+00, 1e+00]
  RHS range        [1e+00, 1e+09]
  QRHS range       [1e+02, 6e+02]
Presolve removed 19560 rows and 2277 columns
Presolve time: 0.18s
Presolved: 14649 rows, 15026 columns, 91604 nonzeros
Variable types: 0 continuous, 15026 integer (15026 binary)

Root relaxation: objective 2.600668e+03, 974 iterations, 0.09 seconds (0.14 work units)

    Nodes    |    Current Node    |     Objective Bounds      |     Work
 Expl Unexpl |  Obj  Depth IntInf | Incumbent    BestBd   Gap | It/Node Time

     0     0 2600.66751    0  149          - 2600.66751      -     -    0s
     0     0 2650.59389    0  191          - 2650.59389      -     -    1s
     0     0 2658.83288    0  193          - 2658.83288      -     -    1s
     0     0 2658.86463    0  197          - 2658.86463      -     -    1s
     0     0 2692.54617    0  266          - 2692.54617      -     -    2s
     0     0 2703.70767    0  267          - 2703.70767      -     -    2s
     0     0 2706.87482    0  281          - 2706.87482      -     -    2s
     0     0 2707.08366    0  275          - 2707.08366      -     -    2s
     0     0 2746.62715    0  303          - 2746.62715      -     -    3s
     0     0 2758.11727    0  293          - 2758.11727      -     -    3s
     0     0 2763.07176    0  355          - 2763.07176      -     -    4s
     0     0 2763.36194    0  346          - 2763.36194      -     -    4s
     0     0 2770.21139    0  336          - 2770.21139      -     -    4s
     0     0 2779.22614    0  317          - 2779.22614      -     -    4s
     0     0 2781.90203    0  321          - 2781.90203      -     -    5s
     0     0 2785.33404    0  331          - 2785.33404      -     -    5s
     0     0 2785.36910    0  320          - 2785.36910      -     -    5s
     0     0 2785.36910    0  309          - 2785.36910      -     -    5s
     0     2 2785.65250    0  303          - 2785.65250      -     -    6s
   113   154 2827.39358    7  263          - 2804.59806      -   212   10s
H  631   621                    3206.0000000 2804.59806  12.5%   163   14s
   657   669 2927.48838   18  244 3206.00000 2804.59806  12.5%   163   15s
H  715   690                    3114.0000000 2804.59806  9.94%   161   16s
H  967   875                    3108.0000000 2804.90359  9.75%   150   18s
  1117  1007 infeasible   14      3108.00000 2804.90359  9.75%   150   20s
  1460  1151 2922.41581   16  232 3108.00000 2832.17452  8.87%   150   25s
H 1482  1151                    3078.0000000 2832.17452  7.99%   152   25s
H 1542  1191                    3055.0000000 2832.17452  7.29%   153   26s
  1793  1227 3003.74644   24  179 3055.00000 2832.17452  7.29%   157   30s
H 1819  1227                    3050.0000000 2835.50509  7.03%   157   30s
H 1978  1268                    3049.0000000 2843.23229  6.75%   160   32s
H 1984  1261                    3047.0000000 2843.23229  6.69%   160   32s
  2289  1416 2934.11127   14  172 3047.00000 2845.44371  6.61%   158   35s
  2781  1621 2913.57433   10  195 3047.00000 2859.38879  6.16%   161   40s
  3091  1702 2952.27976    7  203 3047.00000 2860.77382  6.11%   162   45s
H 3113  1687                    3044.0000000 2860.77382  6.02%   163   45s
  3568  1930 2901.67571   14  119 3044.00000 2867.81449  5.79%   164   51s
H 3635  1866                    3030.0000000 2867.81449  5.35%   164   51s
  3947  1975 2920.67339   16  232 3030.00000 2869.49671  5.30%   164   55s
  4407  2080 2989.09006   35 6507 3030.00000 2872.95158  5.18%   164   61s
  4413  2084 2944.54335   19  331 3030.00000 2872.95158  5.18%   164   65s
  4436  2099 2996.32082   16  410 3030.00000 2872.95158  5.18%   163   70s
H 4449  2001                    3021.0000000 2872.95158  4.90%   162   72s
  4461  2009 2927.41933   25  424 3021.00000 2872.95158  4.90%   162   75s
H 4473  1915                    2994.0000000 2872.95158  4.04%   162   77s
  4486  1924 2972.99545   15  455 2994.00000 2872.95158  4.04%   161   80s
H 4486  1827                    2987.0000000 2872.95158  3.82%   161   80s
  4509  1842 2946.87915   20  451 2987.00000 2872.95158  3.82%   160   85s
  4524  1861 2872.95158   12  431 2987.00000 2872.95158  3.82%   167   91s
  4548  1891 2886.07834   14  356 2987.00000 2872.95158  3.82%   172   95s
  4628  1941 2898.48590   16  311 2987.00000 2872.95158  3.82%   177  101s
  4722  1955 2947.00418   17  278 2987.00000 2872.95158  3.82%   182  105s
  4882  1931     cutoff   19      2987.00000 2872.95158  3.82%   190  111s
  5034  1908     cutoff   21      2987.00000 2876.09512  3.71%   194  116s
  5197  1890 2935.89661   19  121 2987.00000 2884.08706  3.45%   197  121s
  5323  1854 2968.55960   25  128 2987.00000 2884.08706  3.45%   198  125s
  5450  1840     cutoff   23      2987.00000 2889.38683  3.27%   200  131s
  5557  1837 2938.72095   21  248 2987.00000 2894.29161  3.10%   202  135s
  5707  1814 2955.56403   25  232 2987.00000 2894.29161  3.10%   204  140s
  5860  1784 2970.58656   27  189 2987.00000 2902.60001  2.83%   205  145s
  6074  1752 2959.57925   15  232 2987.00000 2902.60001  2.83%   206  150s
  6289  1691 2979.40014   21  203 2987.00000 2913.09788  2.47%   207  155s
  6529  1626 2962.48297   20  238 2987.00000 2918.42431  2.30%   208  160s
  6815  1524 2976.58198   23  130 2987.00000 2922.98437  2.14%   209  166s
H 6915  1397                    2982.0000000 2923.74847  1.95%   210  166s
  7099  1291     cutoff   28      2982.00000 2928.85566  1.78%   211  172s
  7262  1222 2965.62769   30  193 2982.00000 2932.75069  1.65%   212  175s
  7792   930     cutoff   25      2982.00000 2943.30071  1.30%   208  182s
  8114   722     cutoff   28      2982.00000 2948.70104  1.12%   205  185s

Cutting planes:
  Gomory: 3
  Lift-and-project: 1
  Cover: 260
  Clique: 41
  MIR: 212
  Knapsack: 11
  StrongCG: 159
  Flow cover: 317
  GUB cover: 21
  Inf proof: 1
  Zero half: 60
  Mod-K: 4
  RLT: 230
  Relax-and-lift: 920
  BQP: 56
  PSD: 1

Explored 8675 nodes (1727624 simplex iterations) in 187.76 seconds (126.45 work units)
Thread count was 22 (of 22 available processors)

Solution count 10: 2982 2987 2994 ... 3055

Optimal solution found (tolerance 1.00e-04)
Best objective 2.982000000000e+03, best bound 2.982000000000e+03, gap 0.0000%

User-callback calls 32057, time in user-callback 0.12 sec
