
Gurobi 13.0.0 (linux64) logging started Wed Jan 14 19:19:38 2026

Set parameter LogFile to value "../experiments/network-n_60_s_0_rp_0-app_set-id_98_37_apps/compact_model_gurobi.log"
Set parameter TimeLimit to value 900
Gurobi Optimizer version 13.0.0 build v13.0.0rc1 (linux64 - "Ubuntu 24.04.3 LTS")

CPU model: Intel(R) Core(TM) Ultra 7 165H, instruction set [SSE2|AVX|AVX2]
Thread count: 22 physical cores, 22 logical processors, using up to 22 threads

Non-default parameters:
TimeLimit  900
LogToConsole  0

Academic license 2539022 - for non-commercial use only - registered to al___@studenti.unimi.it
Optimize a model with 65551 rows, 14400 columns and 151041 nonzeros (Min)
Model fingerprint: 0xf5bbbc55
Model has 14400 linear objective coefficients
Model has 200 quadratic constraints
Variable types: 0 continuous, 14400 integer (14400 binary)
Coefficient statistics:
  Matrix range     [1e+00, 9e+02]
  QMatrix range    [5e+01, 2e+02]
  Objective range  [1e+01, 2e+02]
  Bounds range     [1e+00, 1e+00]
  RHS range        [1e+00, 1e+09]
  QRHS range       [1e+02, 6e+02]
Presolve removed 62621 rows and 8489 columns
Presolve time: 0.29s
Presolved: 80666 rows, 83449 columns, 505053 nonzeros
Variable types: 0 continuous, 83449 integer (83449 binary)
Performing another presolve...
Presolve removed 1871 rows and 2405 columns
Presolve time: 1.06s
Deterministic concurrent LP optimizer: primal and dual simplex
Showing primal log only...

Concurrent spin time: 0.00s

Solved with dual simplex

Root relaxation: infeasible, 14869 iterations, 1.86 seconds (3.37 work units)

    Nodes    |    Current Node    |     Objective Bounds      |     Work
 Expl Unexpl |  Obj  Depth IntInf | Incumbent    BestBd   Gap | It/Node Time

     0     0 infeasible    0               - infeasible      -     -    3s

Explored 1 nodes (14869 simplex iterations) in 3.72 seconds (5.39 work units)
Thread count was 22 (of 22 available processors)

Solution count 0

Model is infeasible
Best objective -, best bound -, gap -

User-callback calls 398, time in user-callback 0.00 sec
