
Gurobi 13.0.0 (linux64) logging started Wed Jan 14 00:15:30 2026

Set parameter LogFile to value "../experiments/network-n_50_s_0_rp_0-app_set-id_107_40_apps/compact_model_gurobi.log"
Set parameter TimeLimit to value 900
Gurobi Optimizer version 13.0.0 build v13.0.0rc1 (linux64 - "Ubuntu 24.04.3 LTS")

CPU model: Intel(R) Core(TM) Ultra 7 165H, instruction set [SSE2|AVX|AVX2]
Thread count: 22 physical cores, 22 logical processors, using up to 22 threads

Non-default parameters:
TimeLimit  900
LogToConsole  0

Academic license 2539022 - for non-commercial use only - registered to al___@studenti.unimi.it
Optimize a model with 53667 rows, 13000 columns and 125022 nonzeros (Min)
Model fingerprint: 0xe813e64a
Model has 13000 linear objective coefficients
Model has 166 quadratic constraints
Variable types: 0 continuous, 13000 integer (13000 binary)
Coefficient statistics:
  Matrix range     [1e+00, 9e+02]
  QMatrix range    [5e+01, 2e+02]
  Objective range  [1e+01, 2e+02]
  Bounds range     [1e+00, 1e+00]
  RHS range        [1e+00, 1e+09]
  QRHS range       [1e+02, 6e+02]
Presolve removed 50969 rows and 8277 columns
Presolve time: 0.49s
Presolved: 51783 rows, 53644 columns, 319573 nonzeros
Variable types: 0 continuous, 53644 integer (53644 binary)
Deterministic concurrent LP optimizer: primal and dual simplex
Showing primal log only...

Concurrent spin time: 0.00s

Solved with dual simplex

Root relaxation: infeasible, 4506 iterations, 0.62 seconds (0.72 work units)

    Nodes    |    Current Node    |     Objective Bounds      |     Work
 Expl Unexpl |  Obj  Depth IntInf | Incumbent    BestBd   Gap | It/Node Time

     0     0 infeasible    0               - infeasible      -     -    2s

Explored 1 nodes (4506 simplex iterations) in 2.10 seconds (2.84 work units)
Thread count was 22 (of 22 available processors)

Solution count 0

Model is infeasible
Best objective -, best bound -, gap -

User-callback calls 840, time in user-callback 0.00 sec
