
Gurobi 13.0.0 (linux64) logging started Sat Jan  3 00:18:32 2026

Set parameter LogFile to value "../experiments/network-n_50_s_2_rp_0-app_set-id_35_16_apps/compact_model_gurobi.log"
Set parameter TimeLimit to value 900
Gurobi Optimizer version 13.0.0 build v13.0.0rc1 (linux64 - "Ubuntu 24.04.3 LTS")

CPU model: Intel(R) Core(TM) Ultra 7 165H, instruction set [SSE2|AVX|AVX2]
Thread count: 22 physical cores, 22 logical processors, using up to 22 threads

Non-default parameters:
TimeLimit  900
LogToConsole  0

Academic license 2539022 - for non-commercial use only - registered to al___@studenti.unimi.it
Optimize a model with 24793 rows, 5200 columns and 56630 nonzeros (Min)
Model fingerprint: 0x64312ff7
Model has 5200 linear objective coefficients
Model has 162 quadratic constraints
Variable types: 0 continuous, 5200 integer (5200 binary)
Coefficient statistics:
  Matrix range     [1e+00, 9e+02]
  QMatrix range    [5e+01, 2e+02]
  Objective range  [1e+01, 2e+02]
  Bounds range     [1e+00, 1e+00]
  RHS range        [1e+00, 1e+09]
  QRHS range       [1e+02, 6e+02]
Presolve removed 23754 rows and 3289 columns
Presolve time: 0.27s
Presolved: 19900 rows, 20615 columns, 125212 nonzeros
Variable types: 0 continuous, 20615 integer (20615 binary)
Deterministic concurrent LP optimizer: primal and dual simplex
Showing primal log only...

Concurrent spin time: 0.00s

Solved with dual simplex

Root relaxation: objective 4.078188e+03, 2045 iterations, 0.39 seconds (0.35 work units)

    Nodes    |    Current Node    |     Objective Bounds      |     Work
 Expl Unexpl |  Obj  Depth IntInf | Incumbent    BestBd   Gap | It/Node Time

     0     0 4078.18787    0  210          - 4078.18787      -     -    1s
     0     0 4130.98449    0  258          - 4130.98449      -     -    2s
     0     0 4204.05720    0  275          - 4204.05720      -     -    3s
     0     0 4214.33037    0  271          - 4214.33037      -     -    3s
     0     0 4214.93218    0  273          - 4214.93218      -     -    3s
     0     0 4214.95908    0  274          - 4214.95908      -     -    3s
     0     0 4309.77434    0  303          - 4309.77434      -     -    4s
     0     0 4350.56985    0  322          - 4350.56985      -     -    5s
     0     0 4364.05793    0  367          - 4364.05793      -     -    5s
     0     0 4372.32889    0  364          - 4372.32889      -     -    6s
     0     0 4372.66397    0  370          - 4372.66397      -     -    6s
     0     0 4435.93324    0  369          - 4435.93324      -     -    7s
     0     0 4456.57442    0  361          - 4456.57442      -     -    7s
     0     0 4475.57092    0  403          - 4475.57092      -     -    8s
     0     0 4486.12280    0  437          - 4486.12280      -     -    8s
     0     0 4490.72143    0  428          - 4490.72143      -     -    9s
     0     0 4540.49016    0  430          - 4540.49016      -     -   10s
     0     0 4556.91851    0  405          - 4556.91851      -     -   11s
     0     0 4562.79844    0  420          - 4562.79844      -     -   11s
     0     0 4576.70446    0  444          - 4576.70446      -     -   11s
     0     0 4576.73634    0  425          - 4576.73634      -     -   11s
     0     0 4576.73634    0  416          - 4576.73634      -     -   11s
     0     2 4576.74965    0  409          - 4576.74965      -     -   13s
     9    16 4627.59884    4  348          - 4584.00508      -   312   15s
   133   135 4657.23933   12  301          - 4605.81348      -   268   20s
   285   242 5129.49568   14  235          - 4605.81348      -   303   25s
   419   356 4711.37620   21  300          - 4610.05406      -   294   30s
   517   439 4715.75799   23  291          - 4610.05406      -   303   35s
   635   547 4735.91919   26  278          - 4610.05406      -   305   40s
   735   621 4738.90718   27  290          - 4610.05406      -   305   45s
   831   694 4751.66686   32  281          - 4610.05406      -   299   50s
   908   752 4755.55799   34  261          - 4610.05406      -   291   55s
  1018   866 4806.17336   34  259          - 4610.05406      -   279   60s
  1211  1013 4791.93551   36  248          - 4610.05406      -   277   65s
  1470  1153 4836.08676   38  274          - 4610.05406      -   269   72s
  1690  1299 4861.67769   39  255          - 4610.05406      -   263   76s
  1958  1489 5114.73467   40  199          - 4628.60339      -   256   81s
  2243  1661 5094.04755   45  165          - 4631.01028      -   250   86s
  2513  1803 infeasible   11               - 4631.59937      -   248   91s
  2723  1971 4646.64208    9  331          - 4631.59937      -   244   97s
  2855  2048 4660.34518   10  290          - 4636.64062      -   242  100s
  3113  2160 5176.38281   37 8533          - 4636.64062      -   241  107s
  3115  2161 4789.60144   16  206          - 4636.64062      -   241  110s
  3119  2164 4686.24367   23  378          - 4636.64062      -   241  115s
  3136  2175 5051.51485   42  452          - 4640.90082      -   239  120s
  3154  2187 5090.63486   26  437          - 4676.60800      -   238  125s
  3177  2203 4777.45029   36  526          - 4694.00539      -   236  130s
  3192  2213 4936.51226   24  443          - 4706.70489      -   235  135s
  3216  2229 4713.94553   11  481          - 4713.94553      -   234  140s
  3238  2243 5090.31470   26  459          - 4730.00457      -   232  145s
  3262  2259 4748.06374   10  510          - 4748.06374      -   230  150s
  3276  2269 4782.73502   34  517          - 4751.06027      -   229  155s
  3293  2280 4752.43506   13  488          - 4752.43506      -   228  160s
  3295  2284 4775.40734   11  447          - 4752.46310      -   241  165s
  3309  2308 4801.17285   14  453          - 4782.44011      -   243  171s
  3347  2350 4933.62014   16  323          - 4862.70905      -   251  178s
  3397  2354 5141.31274   17  325          - 4862.71195      -   255  184s
  3419  2382 5218.61050   18  313          - 4862.71195      -   258  187s
  3456  2401 infeasible   18               - 4862.71195      -   263  191s
  3520  2424 5321.32480   20  281          - 4862.71195      -   268  198s
  3546  2438 5335.28564   20  294          - 4862.71195      -   270  201s
  3598  2455 5417.10929   21  268          - 4862.71195      -   274  207s
  3626  2469 5336.54276   22  299          - 4862.71195      -   277  210s
  3697  2475 5424.86011   24  279          - 4862.71195      -   281  217s
  3740  2480 infeasible   25               - 4873.29461      -   282  220s
  3813  2488 5462.43062   27  248          - 4878.12054      -   285  225s
  3889  2522 5464.84578   28  208          - 4878.12054      -   287  231s
  3954  2542 infeasible   31               - 4878.12054      -   290  238s
  4000  2552 5118.33901   16  291          - 4878.12054      -   292  241s
  4054  2565 5136.15265   17  301          - 4878.12054      -   293  245s
  4180  2603 5303.43089   19  284          - 4878.12054      -   296  252s
  4243  2627 5328.99085   21  273          - 4878.12054      -   297  256s
  4316  2656 5357.57728   22  286          - 4878.12054      -   299  260s
  4496  2711 5415.17786   26  277          - 4878.12054      -   301  268s
  4600  2711 infeasible   28               - 4878.12054      -   301  272s
  4703  2727 5037.67545   17  331          - 4886.85790      -   303  277s
  4785  2739 5313.02853   20  276          - 4886.85790      -   305  281s
  4885  2766 5218.92901   20  292          - 4886.85790      -   307  286s
  5005  2737 5335.74157   25  275          - 4886.85790      -   309  291s
  5038  2738 5343.74644   24  260          - 4886.85790      -   309  295s
  5069  2734 infeasible   25               - 4899.79790      -   310  300s
  5114  2739 5579.38077   25  186          - 4899.79790      -   311  305s
  5150  2752 5568.67783   25  188          - 4899.79790      -   312  310s
  5234  2776 infeasible   26               - 4899.79790      -   312  315s
  5330  2820 infeasible   27               - 4916.66710      -   313  321s
  5456  2798 5050.96881   21  288          - 4916.66710      -   314  326s
  5505  2814 5070.82819   22  271          - 4916.66710      -   315  332s
  5564  2836 5089.15151   23  249          - 4916.66710      -   315  338s
  5641  2860 5098.11396   24  261          - 4919.73972      -   316  344s
  5757  2894 5160.49741   25  239          - 4935.43941      -   317  351s
  5923  2923 5103.93829   25  262          - 4935.43941      -   317  357s
  6104  2963 5157.34705   27  237          - 4939.90819      -   318  364s
  6281  3014 infeasible   31               - 4939.90819      -   320  371s
  6514  3041 infeasible   21               - 4958.15775      -   320  379s
  6782  3098 5277.35175   24  213          - 4959.46619      -   320  386s
  7046  3147 infeasible   28               - 4959.46619      -   320  394s
  7371  3168 5155.66759   23  219          - 4964.43122      -   318  402s
  7693  3175 5409.07074   28  203          - 4969.66084      -   318  410s
  7977  3206 5398.27668   36  193          - 4975.34669      -   319  418s
  8240  3247 5663.55638   53   97          - 4975.34669      -   320  427s
  8551  3153 infeasible   23               - 4983.00554      -   321  435s
  8595  3179 5345.69457   21  267          - 4987.27709      -   322  443s
  8675  3259 5334.06405   24  261          - 4987.27709      -   322  452s
  8890  3272 infeasible   22               - 4987.27709      -   321  461s
  9122  3312 infeasible   24               - 4995.27544      -   324  472s
  9344  3381 5082.21866   24  255          - 5000.45257      -   327  482s
  9678  3350 5197.10349   28  228          - 5007.49979      -   328  493s
  9970  3342 5059.25253   22  301          - 5008.78838      -   332  505s
 10190  3393 5116.79658   24  291          - 5012.88246      -   336  516s
 10509  3512 5132.60573   28  314          - 5016.39906      -   340  528s
 10822  3578 5568.06232   20  249          - 5016.39906      -   343  540s
 10969  3721 5764.29743   21  214          - 5020.36199      -   344  553s
 11340  3936 5398.16034   24  266          - 5024.91433      -   346  566s
 11854  4111 infeasible   22               - 5027.60258      -   347  580s
 12242  4228 5303.67517   28  268          - 5027.60258      -   348  594s
 12608  4263 5201.07415   24  281          - 5035.48442      -   350  608s
 12693  4282 5172.53164   24  281          - 5035.48442      -   351  621s
 12718  4327 5413.64582   25  289          - 5035.48442      -   351  636s
 12827  4452 5199.00265   25  252          - 5035.48442      -   351  651s
 13163  4633 5413.73588   27  166          - 5038.79038      -   351  667s
 13628  4811 infeasible   22               - 5045.18638      -   352  684s
 14232  5142 5466.51307   29  221          - 5046.46535      -   355  701s
 14932  5440 5184.82051   26  250          - 5050.19316      -   355  720s
 15621  5708 5553.09701   29  229          - 5050.19316      -   356  738s
 16367  5945 5395.36819   30  218          - 5062.28370      -   356  757s
 17030  6151 5142.26319   23  302          - 5066.03556      -   356  776s
 17613  6363 5717.67865   37  209          - 5066.03556      -   357  796s
 18254  6695 5710.99283   35  191          - 5071.62901      -   356  817s
 19107  6970 5363.28292   26  293          - 5077.55497      -   356  838s
 19769  7243 5566.92750   26  257          - 5080.53937      -   356  861s
 20493  7597 6077.29375   41   86          - 5081.40222      -   353  884s
 21484  7868 infeasible   39               - 5089.32075      -   353  900s

Cutting planes:
  Gomory: 3
  Cover: 114
  Clique: 44
  MIR: 130
  Knapsack: 18
  StrongCG: 90
  Flow cover: 453
  GUB cover: 21
  Zero half: 64
  RLT: 80
  Relax-and-lift: 245
  BQP: 17

Explored 22273 nodes (7858560 simplex iterations) in 900.05 seconds (654.81 work units)
Thread count was 22 (of 22 available processors)

Solution count 0

Time limit reached
Best objective -, best bound 5.094000000000e+03, gap -

User-callback calls 206660, time in user-callback 1.54 sec
