
Gurobi 13.0.0 (linux64) logging started Fri Jan 16 02:47:28 2026

Set parameter LogFile to value "../experiments/network-n_50_s_2_rp_0-app_set-id_35_16_apps/submip_30_epr1_model_gurobi.log"
Set parameter TimeLimit to value 865.036871897988
Gurobi Optimizer version 13.0.0 build v13.0.0rc1 (linux64 - "Ubuntu 24.04.3 LTS")

CPU model: Intel(R) Core(TM) Ultra 7 165H, instruction set [SSE2|AVX|AVX2]
Thread count: 22 physical cores, 22 logical processors, using up to 22 threads

Non-default parameters:
TimeLimit  865.036871897988
LogToConsole  0

Academic license 2539022 - for non-commercial use only - registered to al___@studenti.unimi.it
Optimize a model with 24841 rows, 5200 columns and 56678 nonzeros (Min)
Model fingerprint: 0x60300f72
Model has 5200 linear objective coefficients
Model has 162 quadratic constraints
Variable types: 0 continuous, 5200 integer (5200 binary)
Coefficient statistics:
  Matrix range     [1e+00, 9e+02]
  QMatrix range    [5e+01, 2e+02]
  Objective range  [1e+01, 2e+02]
  Bounds range     [1e+00, 1e+00]
  RHS range        [1e+00, 1e+09]
  QRHS range       [1e+02, 6e+02]
Presolve removed 24411 rows and 4166 columns
Presolve time: 0.09s
Presolved: 6476 rows, 6924 columns, 41227 nonzeros
Variable types: 0 continuous, 6924 integer (6924 binary)

Root relaxation: objective 4.174306e+03, 973 iterations, 0.05 seconds (0.08 work units)

    Nodes    |    Current Node    |     Objective Bounds      |     Work
 Expl Unexpl |  Obj  Depth IntInf | Incumbent    BestBd   Gap | It/Node Time

     0     0 4174.30650    0  131          - 4174.30650      -     -    0s
     0     0 4356.16190    0  155          - 4356.16190      -     -    0s
     0     0 4552.40409    0  169          - 4552.40409      -     -    0s
     0     0 4564.90868    0  178          - 4564.90868      -     -    0s
     0     0 4565.58483    0  179          - 4565.58483      -     -    1s

Cutting planes:
  Gomory: 3
  Lift-and-project: 21
  Cover: 50
  Implied bound: 1
  Clique: 24
  MIR: 24
  Knapsack: 15
  StrongCG: 31
  GUB cover: 10
  Zero half: 30
  RLT: 62
  Relax-and-lift: 8
  BQP: 24

Explored 1 nodes (2133 simplex iterations) in 1.46 seconds (0.99 work units)
Thread count was 22 (of 22 available processors)

Solution count 0

Model is infeasible
Best objective -, best bound -, gap -

User-callback calls 1154, time in user-callback 0.00 sec
Set parameter LogToConsole to value 0
