FIXINGS_START
(0, 0, 0)
(0, 8, 0)
(1, 0, 0)
(1, 1, 0)
(2, 6, 0)
(3, 0, 0)
(3, 9, 0)
(4, 0, 0)
(5, 0, 0)
(5, 1, 0)
(6, 0, 0)
(7, 0, 0)
(8, 0, 0)
(8, 6, 0)
(9, 0, 0)
(9, 6, 0)
(10, 3, 0)
(11, 0, 0)
(11, 6, 0)
(12, 0, 0)
(12, 4, 0)
(13, 0, 0)
(15, 4, 0)
(3, 6, 0)
(6, 1, 0)
(4, 1, 21)
(1, 2, 0)
(2, 0, 0)
(10, 0, 1)
(0, 1, 13)
(1, 3, 22)
(0, 2, 19)
(15, 1, 0)
(6, 4, 0)
(1, 6, 0)
(14, 0, 0)
(8, 5, 0)
(7, 1, 18)
(5, 4, 0)
(15, 2, 0)
(10, 1, 0)
(7, 2, 0)
(14, 1, 0)
(2, 4, 0)
(12, 1, 0)
(0, 4, 0)
(14, 2, 0)
(0, 7, 0)
(12, 2, 0)
(5, 6, 0)
(14, 4, 0)
(2, 5, 24)
(2, 7, 0)
(9, 1, 0)
(9, 2, 26)
(9, 5, 0)
FIXINGS_END
time 0.509
GUROBI
Status INFEASIBLE
Runtime 0.5088009834289551
NodeCount 1.0
IterCount 1490.0
NumVars 5200
NumConstrs 24849
ObjBound inf
ObjBoundC inf
ObjVal None
MIPGap inf
