FIXINGS_START
(0, 0, 0)
(0, 8, 0)
(1, 0, 0)
(1, 1, 0)
(2, 6, 0)
(3, 0, 0)
(3, 9, 0)
(4, 0, 0)
(5, 0, 0)
(5, 1, 0)
(6, 0, 0)
(7, 0, 0)
(8, 0, 0)
(8, 6, 0)
(9, 0, 0)
(9, 6, 0)
(10, 3, 0)
(11, 0, 0)
(11, 6, 0)
(12, 0, 0)
(12, 4, 0)
(13, 0, 0)
(15, 4, 0)
(7, 1, 18)
(2, 0, 0)
(15, 1, 0)
(15, 2, 0)
(5, 4, 0)
(14, 0, 0)
(0, 1, 13)
(8, 5, 0)
(1, 2, 0)
(4, 1, 21)
(6, 1, 0)
(12, 2, 0)
(3, 6, 0)
(1, 3, 22)
(10, 1, 0)
(9, 1, 0)
(2, 2, 8)
(7, 2, 0)
(0, 2, 19)
(14, 1, 0)
(11, 2, 23)
(0, 4, 0)
(11, 4, 20)
(14, 2, 0)
(2, 7, 0)
FIXINGS_END
time 1.681
GUROBI
Status INFEASIBLE
Runtime 1.6804327964782715
NodeCount 1.0
IterCount 2812.0
NumVars 5200
NumConstrs 24841
ObjBound inf
ObjBoundC inf
ObjVal None
MIPGap inf
