
Gurobi 13.0.0 (linux64) logging started Thu Jan 15 08:33:37 2026

Set parameter LogFile to value "../experiments/network-n_50_s_1_rp_0-app_set-id_42_19_apps/submip_40_epr0_model_gurobi.log"
Set parameter TimeLimit to value 8.9510500110199791e+02
Gurobi Optimizer version 13.0.0 build v13.0.0rc1 (linux64 - "Ubuntu 24.04.3 LTS")

CPU model: Intel(R) Core(TM) Ultra 7 165H, instruction set [SSE2|AVX|AVX2]
Thread count: 22 physical cores, 22 logical processors, using up to 22 threads

Non-default parameters:
TimeLimit  8.9510500110199791e+02
LogToConsole  0

Academic license 2539022 - for non-commercial use only - registered to al___@studenti.unimi.it
Optimize a model with 39674 rows, 6200 columns and 88081 nonzeros (Min)
Model fingerprint: 0xab00e15a
Model has 6200 linear objective coefficients
Model has 164 quadratic constraints
Variable types: 0 continuous, 6200 integer (6200 binary)
Coefficient statistics:
  Matrix range     [1e+00, 9e+02]
  QMatrix range    [5e+01, 2e+02]
  Objective range  [1e+01, 2e+02]
  Bounds range     [1e+00, 1e+00]
  RHS range        [1e+00, 1e+09]
  QRHS range       [1e+02, 6e+02]
Presolve removed 39214 rows and 5100 columns
Presolve time: 0.11s
Presolved: 6776 rows, 7263 columns, 42680 nonzeros
Variable types: 0 continuous, 7263 integer (7263 binary)

Root relaxation: objective 5.087801e+03, 583 iterations, 0.02 seconds (0.03 work units)

    Nodes    |    Current Node    |     Objective Bounds      |     Work
 Expl Unexpl |  Obj  Depth IntInf | Incumbent    BestBd   Gap | It/Node Time

     0     0 5087.80143    0  141          - 5087.80143      -     -    0s
     0     0 5121.07359    0  142          - 5121.07359      -     -    0s
     0     0 5121.33212    0  141          - 5121.33212      -     -    0s
     0     0 infeasible    0               - infeasible      -     -    0s

Cutting planes:
  Gomory: 19
  Cover: 27
  Implied bound: 6
  Clique: 20
  MIR: 16
  Knapsack: 2
  StrongCG: 11
  GUB cover: 6
  Zero half: 27
  RLT: 50
  Relax-and-lift: 17
  BQP: 19

Explored 1 nodes (990 simplex iterations) in 0.63 seconds (0.66 work units)
Thread count was 22 (of 22 available processors)

Solution count 0

Model is infeasible
Best objective -, best bound -, gap -

User-callback calls 854, time in user-callback 0.00 sec
Set parameter LogToConsole to value 0
