
Gurobi 13.0.0 (linux64) logging started Sat Jan  3 06:08:23 2026

Set parameter LogFile to value "../experiments/network-n_60_s_0_rp_0-app_set-id_44_19_apps/compact_model_gurobi.log"
Set parameter TimeLimit to value 900
Gurobi Optimizer version 13.0.0 build v13.0.0rc1 (linux64 - "Ubuntu 24.04.3 LTS")

CPU model: Intel(R) Core(TM) Ultra 7 165H, instruction set [SSE2|AVX|AVX2]
Thread count: 22 physical cores, 22 logical processors, using up to 22 threads

Non-default parameters:
TimeLimit  900
LogToConsole  0

Academic license 2539022 - for non-commercial use only - registered to al___@studenti.unimi.it
Optimize a model with 41742 rows, 7440 columns and 93851 nonzeros (Min)
Model fingerprint: 0xfa566309
Model has 7440 linear objective coefficients
Model has 200 quadratic constraints
Variable types: 0 continuous, 7440 integer (7440 binary)
Coefficient statistics:
  Matrix range     [1e+00, 9e+02]
  QMatrix range    [5e+01, 2e+02]
  Objective range  [1e+01, 2e+02]
  Bounds range     [1e+00, 1e+00]
  RHS range        [1e+00, 1e+09]
  QRHS range       [1e+02, 6e+02]
Presolve removed 40129 rows and 4359 columns
Presolve time: 0.44s
Presolved: 41330 rows, 42602 columns, 261065 nonzeros
Variable types: 0 continuous, 42602 integer (42602 binary)
Deterministic concurrent LP optimizer: primal and dual simplex
Showing primal log only...

Concurrent spin time: 0.00s

Solved with dual simplex

Root relaxation: objective 4.834106e+03, 3807 iterations, 1.14 seconds (1.21 work units)

    Nodes    |    Current Node    |     Objective Bounds      |     Work
 Expl Unexpl |  Obj  Depth IntInf | Incumbent    BestBd   Gap | It/Node Time

     0     0 4834.10587    0  336          - 4834.10587      -     -    2s
     0     0 4834.18532    0  292          - 4834.18532      -     -    2s
     0     0 4872.20235    0  352          - 4872.20235      -     -    5s
     0     0 4904.54398    0  392          - 4904.54398      -     -    6s
     0     0 4904.61260    0  363          - 4904.61260      -     -    6s
     0     0 4914.92637    0  410          - 4914.92637      -     -    7s
     0     0 4915.64691    0  414          - 4915.64691      -     -    7s
     0     0 4915.69218    0  416          - 4915.69218      -     -    7s
     0     0 4940.28146    0  437          - 4940.28146      -     -   11s
     0     0 4940.30281    0  422          - 4940.30281      -     -   11s
     0     0 4950.05274    0  451          - 4950.05274      -     -   12s
     0     0 4960.12360    0  508          - 4960.12360      -     -   13s
     0     0 4963.41437    0  440          - 4963.41437      -     -   13s
     0     0 4963.69395    0  467          - 4963.69395      -     -   14s
     0     0 4987.86199    0  475          - 4987.86199      -     -   17s
     0     0 4995.45808    0  465          - 4995.45808      -     -   18s
     0     0 4999.41246    0  516          - 4999.41246      -     -   19s
     0     0 5000.68468    0  552          - 5000.68468      -     -   20s
     0     0 5011.40514    0  499          - 5011.40514      -     -   23s
     0     0 5011.41177    0  488          - 5011.41177      -     -   23s
     0     0 5011.41177    0  465          - 5011.41177      -     -   23s
     0     2 5011.48144    0  464          - 5011.48144      -     -   26s
     7    16 5014.60331    3  434          - 5013.53776      -   357   30s
    31    54 5018.32348    5  387          - 5015.45361      -   604   36s
   119   161 5024.02725    7  384          - 5015.79029      -   400   41s
   202   226 5022.10308    9  382          - 5015.79029      -   365   45s
   319   370 5022.70567   11  413          - 5015.79029      -   335   51s
   396   422 5028.02958   13  420          - 5015.79029      -   322   56s
   481   499 5040.93420   15  407          - 5015.79029      -   335   61s
   534   548 5042.04273   16  403          - 5015.79029      -   329   65s
   603   619 5046.36623   19  418          - 5015.79029      -   314   70s
   673   692 5046.79942   21  397          - 5015.79029      -   305   76s
   734   762 5047.46844   23  387          - 5015.79029      -   304   81s
   818   837 5051.74356   24  381          - 5015.79029      -   297   86s
   916   925 5050.89488   26  395          - 5016.38385      -   296   91s
  1014  1012 5052.18724   28  373          - 5016.38385      -   295   97s
H 1058  1012                    6001.0000000 5016.38385  16.4%   295   97s
  1067  1067 5062.99128   29  351 6001.00000 5016.38385  16.4%   296  100s
H 1084  1067                    5776.0000000 5016.38385  13.2%   294  100s
H 1131  1120                    5753.0000000 5016.38385  12.8%   294  102s
H 1139  1120                    5748.0000000 5016.38385  12.7%   294  102s
H 1157  1120                    5724.0000000 5016.38385  12.4%   292  102s
  1194  1183 5057.29998   31  367 5724.00000 5016.38385  12.4%   292  105s
H 1207  1183                    5601.0000000 5016.38385  10.4%   292  105s
H 1264  1183                    5508.0000000 5016.38385  8.93%   288  105s
H 1265  1245                    5498.0000000 5016.38385  8.76%   288  108s
  1339  1282 5063.31801   33  393 5498.00000 5016.76384  8.75%   285  112s
H 1341  1282                    5478.0000000 5016.76384  8.42%   285  112s
H 1343  1282                    5470.0000000 5016.76384  8.29%   285  112s
  1376  1360 5104.28000   35  388 5470.00000 5016.76384  8.29%   290  115s
  1553  1485 5075.12280   37  409 5470.00000 5016.76384  8.29%   292  122s
H 1554  1485                    5450.0000000 5016.76384  7.95%   292  122s
  1590  1573 5141.54070   37  352 5450.00000 5016.76384  7.95%   295  125s
  1837  1762 5154.78196   40  361 5450.00000 5016.76384  7.95%   289  132s
  1945  1829 5146.34637   42  364 5450.00000 5017.91040  7.93%   291  136s
  2049  1917 5182.70640   44  355 5450.00000 5017.91040  7.93%   296  141s
  2146  2044 5164.42114   45  376 5450.00000 5017.91040  7.93%   301  145s
  2433  2280 5209.35568   54  303 5450.00000 5018.22253  7.92%   298  155s
  2577  2404 5232.97499   61  263 5450.00000 5018.33286  7.92%   299  160s
H 2591  2403                    5446.0000000 5018.33286  7.85%   298  160s
  2849  2645 5290.81720   87  208 5446.00000 5018.33286  7.85%   299  169s
H 2948  2414                    5355.0000000 5018.33286  6.29%   296  169s
  2963  2567 5302.14426  104  195 5355.00000 5018.33286  6.29%   296  174s
  3141  2822 5316.61933  130  188 5355.00000 5018.33286  6.29%   293  179s
  3418  2875 5337.16201  155  183 5355.00000 5018.33286  6.29%   282  185s
  3500  2931 5047.71288   11  449 5355.00000 5018.90497  6.28%   282  191s
H 3503  2922                    5351.0000000 5018.90497  6.21%   282  191s
  3579  3129 5059.44294   13  476 5351.00000 5018.90497  6.21%   281  198s
  3829  3289 5181.19292   15  363 5351.00000 5018.90497  6.21%   279  204s
  4041  3488 5101.75453   17  451 5351.00000 5018.90497  6.21%   279  211s
  4290  3489 5055.04502   20 18560 5351.00000 5018.90497  6.21%   278  229s
  4292  3490 5146.12090   79  372 5351.00000 5018.90497  6.21%   278  236s
  4294  3492 5279.05700   58  386 5351.00000 5018.90497  6.21%   278  242s
  4295  3492 5182.90330   59  411 5351.00000 5018.90497  6.21%   278  245s
  4297  3494 5322.88349   55  468 5351.00000 5018.90497  6.21%   278  250s
  4299  3495 5130.54463   15  516 5351.00000 5020.85224  6.17%   278  256s
  4304  3498 5142.24318   14  590 5351.00000 5024.29786  6.11%   277  260s
  4307  3500 5037.37849   12  580 5351.00000 5034.37419  5.92%   277  265s
  4316  3506 5184.21306   26  648 5351.00000 5039.77597  5.82%   277  271s
  4319  3508 5132.32656    9  576 5351.00000 5046.13620  5.70%   276  275s
  4326  3513 5176.51669   49  566 5351.00000 5048.58722  5.65%   276  281s
  4333  3518 5211.37180  149  638 5351.00000 5051.16050  5.60%   275  286s
  4339  3522 5052.71810   11  653 5351.00000 5052.71810  5.57%   275  291s
  4345  3526 5286.20782   44  715 5351.00000 5054.18734  5.55%   275  295s
H 4347  3349                    5350.0000000 5056.34682  5.49%   275  298s
  4351  3352 5134.32036   24  652 5350.00000 5056.72840  5.48%   274  300s
  4358  3356 5141.88265   38  667 5350.00000 5057.34272  5.47%   274  305s
  4366  3362 5186.24031   58  662 5350.00000 5058.82956  5.44%   273  310s
  4374  3367 5194.73104   77  642 5350.00000 5059.37022  5.43%   273  315s
  4379  3370 5060.00815   35  651 5350.00000 5060.00815  5.42%   273  320s
  4392  3379 5146.12090   79  678 5350.00000 5060.49954  5.41%   272  326s
  4398  3383 5307.20518   62  656 5350.00000 5061.23766  5.40%   271  331s
  4405  3388 5061.40544   35  698 5350.00000 5061.40544  5.39%   271  336s
  4411  3392 5065.29950   43  662 5350.00000 5062.22398  5.38%   271  340s
  4417  3396 5062.36905   39  690 5350.00000 5062.36905  5.38%   270  345s
  4426  3402 5176.51669   49  656 5350.00000 5064.63737  5.33%   270  351s
  4432  3406 5094.47354   17  696 5350.00000 5065.90608  5.31%   269  355s
H 4433  3233                    5346.0000000 5066.14690  5.23%   269  358s
  4434  3234 5066.14690   24  664 5346.00000 5066.14690  5.23%   269  360s
  4443  3240 5163.22988   96  673 5346.00000 5066.54106  5.23%   269  365s
  4447  3243 5067.70166    5  648 5346.00000 5067.70166  5.21%   268  370s
  4458  3250 5141.88265   38  670 5346.00000 5067.97975  5.20%   268  376s
  4466  3255 5186.24031   58  686 5346.00000 5068.20891  5.20%   267  380s
  4475  3261 5210.73200   17  686 5346.00000 5068.32277  5.19%   267  386s
H 4478  3097                    5339.0000000 5068.39128  5.07%   267  393s
  4481  3099 5191.81469  121  721 5339.00000 5068.40037  5.07%   266  395s
  4487  3105 5068.41229   16 18559 5339.00000 5068.41229  5.07%   281  405s
  4489  3106 5110.65168   39  371 5339.00000 5068.41229  5.07%   281  412s
  4490  3107 5068.41229   20  396 5339.00000 5068.41229  5.07%   280  415s
  4492  3108 5146.12090   79  450 5339.00000 5068.41229  5.07%   280  421s
  4494  3110 5279.05700   58  514 5339.00000 5068.41491  5.07%   280  426s
  4496  3111 5260.42945  126  525 5339.00000 5069.28829  5.05%   280  434s
  4497  3112 5322.88349   55  524 5339.00000 5069.28829  5.05%   280  436s
  4500  3114 5140.29517   34  595 5339.00000 5069.28829  5.05%   280  440s
  4506  3118 5299.18633   71  696 5339.00000 5069.28829  5.05%   279  446s
  4513  3122 5261.59913   94  707 5339.00000 5069.28829  5.05%   279  450s
  4521  3128 5183.80253   54  642 5339.00000 5069.28829  5.05%   279  456s
  4526  3131 5176.51669   49  665 5339.00000 5069.29650  5.05%   278  460s
  4532  3135 5094.47354   17  635 5339.00000 5069.29650  5.05%   278  465s
  4538  3139 5156.16198   49  572 5339.00000 5070.11938  5.04%   278  470s
  4548  3146 5228.92042  178  624 5339.00000 5070.52297  5.03%   277  475s
  4556  3151 5192.69032   87  626 5339.00000 5070.78408  5.02%   276  480s
  4563  3156 5148.50669   16  699 5339.00000 5072.15882  5.00%   276  485s
  4573  3162 5072.45996    8  646 5339.00000 5072.45996  4.99%   275  490s
  4583  3169 5316.54877  128  676 5339.00000 5072.66310  4.99%   275  497s
  4588  3172 5073.12857   16  615 5339.00000 5073.12857  4.98%   274  502s
  4592  3175 5146.12090   79  677 5339.00000 5074.20508  4.96%   274  505s
  4603  3182 5074.39856   31  664 5339.00000 5074.39856  4.96%   274  510s
  4609  3186 5339.00000   98  688 5339.00000 5074.48043  4.95%   273  515s
  4617  3192 5074.58901   39  663 5339.00000 5074.58901  4.95%   273  520s
  4623  3196 5136.41863   17  736 5339.00000 5074.59660  4.95%   272  527s
  4624  3196 5078.69407   13  732 5339.00000 5074.60004  4.95%   272  541s
  4627  3198 5265.95905   84  702 5339.00000 5074.93456  4.95%   272  545s
  4628  3199 5273.17599   43  702 5339.00000 5074.93486  4.95%   272  551s
  4629  3203 5079.22598   28  599 5339.00000 5075.18028  4.94%   283  559s
  4631  3206 5081.14167   29  641 5339.00000 5080.48914  4.84%   283  567s
  4635  3213 5082.10863   30  654 5339.00000 5082.10863  4.81%   285  576s
H 4636  3049                    5313.0000000 5082.10944  4.35%   285  576s
H 4643  2909                    5311.0000000 5082.10944  4.31%   287  586s
  4659  2926 5090.67314   32  666 5311.00000 5083.19980  4.29%   292  603s
H 4664  2778                    5291.0000000 5083.19980  3.93%   292  603s
  4681  2841 5091.09544   33  605 5291.00000 5090.71104  3.79%   298  619s
  4752  2864 5096.75095   35  646 5291.00000 5090.71104  3.79%   305  630s
  4798  2888 5093.37412   35  634 5291.00000 5090.71104  3.79%   311  639s
  4840  2913 5115.47021   36  596 5291.00000 5090.71104  3.79%   316  650s
  4883  2929 5097.09075   37  673 5291.00000 5090.71104  3.79%   322  664s
  4916  2961 5103.78494   37  616 5291.00000 5090.71104  3.79%   327  677s
  4962  2977 5106.45806   38  510 5291.00000 5092.17422  3.76%   333  686s
H 4990  2827                    5265.0000000 5092.17422  3.28%   335  686s
  4995  2866 5098.10845   38  630 5265.00000 5092.17422  3.28%   335  694s
  5037  2893 5098.16517   39  622 5265.00000 5092.17422  3.28%   339  704s
  5081  2900 5098.54970   40  652 5265.00000 5092.17422  3.28%   343  713s
  5103  2919 5151.27647   40  543 5265.00000 5092.17422  3.28%   345  722s
  5131  2947 5100.10503   41  663 5265.00000 5092.17422  3.28%   348  733s
  5169  2980 5104.62114   41  556 5265.00000 5092.17422  3.28%   350  742s
  5216  3006 5101.46100   42  631 5265.00000 5092.17422  3.28%   353  750s
  5263  3042 5103.25510   42  698 5265.00000 5092.17422  3.28%   357  759s
  5320  3070 5102.96587   43  598 5265.00000 5092.17953  3.28%   360  774s
  5368  3101 5116.47621   43  648 5265.00000 5092.17953  3.28%   364  783s
  5420  3134 5109.02823   44  596 5265.00000 5092.17953  3.28%   368  794s
  5474  3169 5104.97367   44  586 5265.00000 5092.17953  3.28%   373  806s
  5528  3200 5105.29101   45  581 5265.00000 5092.17953  3.28%   377  817s
  5582  3243 5107.52698   46  645 5265.00000 5092.17953  3.28%   384  827s
  5645  3278 5108.36297   47  634 5265.00000 5092.17953  3.28%   387  839s
  5708  3305 5120.96581   48  644 5265.00000 5092.17953  3.28%   392  852s
  5777  3315 5116.32477   48  638 5265.00000 5093.37618  3.26%   396  872s
  5840  3339 5126.69825   49  601 5265.00000 5093.38294  3.26%   401  888s
  5907  3338 5127.60042   50  612 5265.00000 5093.38294  3.26%   407  900s

Cutting planes:
  Gomory: 8
  Lift-and-project: 1
  Cover: 274
  Clique: 63
  MIR: 270
  Knapsack: 12
  StrongCG: 181
  Flow cover: 536
  GUB cover: 17
  Zero half: 88
  Mod-K: 2
  RLT: 219
  Relax-and-lift: 357
  BQP: 75
  PSD: 1

Explored 5938 nodes (2447637 simplex iterations) in 900.09 seconds (933.78 work units)
Thread count was 22 (of 22 available processors)

Solution count 10: 5265 5291 5311 ... 5446

Time limit reached
Best objective 5.265000000000e+03, best bound 5.094000000000e+03, gap 3.2479%

User-callback calls 156778, time in user-callback 0.87 sec
