FIXINGS_START
(0, 0, 0)
(0, 9, 0)
(1, 0, 0)
(2, 3, 0)
(3, 0, 0)
(4, 0, 0)
(4, 4, 0)
(5, 0, 0)
(5, 1, 0)
(6, 0, 0)
(7, 0, 0)
(8, 0, 0)
(8, 4, 0)
(9, 0, 0)
(11, 0, 0)
(12, 0, 0)
(12, 6, 0)
(13, 4, 0)
(14, 3, 0)
(15, 0, 0)
(15, 9, 0)
(16, 0, 0)
(16, 1, 0)
(17, 0, 0)
(17, 7, 0)
(18, 0, 0)
(18, 4, 0)
(5, 2, 0)
(5, 6, 0)
(4, 1, 0)
(1, 2, 14)
(4, 3, 0)
(7, 2, 0)
(0, 4, 0)
(8, 1, 0)
(0, 7, 23)
(4, 5, 0)
(1, 3, 0)
(9, 1, 0)
(14, 1, 0)
(17, 1, 34)
(4, 7, 0)
(17, 2, 34)
(1, 5, 27)
(16, 3, 27)
(11, 2, 0)
(8, 2, 0)
(7, 3, 0)
(16, 4, 0)
(1, 6, 0)
(9, 4, 0)
(12, 3, 0)
(2, 0, 5)
(8, 3, 15)
(2, 2, 0)
(16, 5, 0)
(7, 4, 0)
FIXINGS_END
found_sol 5448.0 time 54.203
found_sol 5448.0 time 66.612
found_sol 5444.0 time 68.992
found_sol 5414.0 time 75.646
found_sol 5386.0 time 77.528
found_sol 5382.0 time 79.936
found_sol 5365.0 time 81.361
found_sol 5348.0 time 97.899
found_sol 5348.0 time 120.723
found_sol 5365.0 time 120.726
found_sol 5382.0 time 120.728
found_sol 5329.0 time 472.117
found_sol 5317.0 time 709.200
found_sol 5317.0 time 817.180
time 817.188
GUROBI
Status TIME_LIMIT
Runtime 817.188226222992
NodeCount 41133.0
IterCount 8228772.0
NumVars 7440
NumConstrs 41799
ObjBound 5253.0
ObjBoundC 5252.6732133122705
ObjVal 5317.0
MIPGap 0.012036862892608614
