FIXINGS_START
(0, 0, 0)
(0, 9, 0)
(1, 0, 0)
(2, 3, 0)
(3, 0, 0)
(4, 0, 0)
(4, 4, 0)
(5, 0, 0)
(5, 1, 0)
(6, 0, 0)
(7, 0, 0)
(8, 0, 0)
(8, 4, 0)
(9, 0, 0)
(11, 0, 0)
(12, 0, 0)
(12, 6, 0)
(13, 4, 0)
(14, 3, 0)
(15, 0, 0)
(15, 9, 0)
(16, 0, 0)
(16, 1, 0)
(17, 0, 0)
(17, 7, 0)
(18, 0, 0)
(18, 4, 0)
(18, 6, 0)
(3, 1, 26)
(0, 1, 4)
(9, 1, 0)
(10, 1, 0)
(7, 2, 0)
(11, 2, 0)
(8, 1, 0)
(10, 2, 0)
(8, 2, 0)
(0, 4, 0)
(7, 3, 0)
(2, 2, 0)
(5, 2, 0)
(10, 3, 15)
(3, 2, 0)
(14, 0, 5)
(13, 2, 0)
(14, 1, 0)
(5, 5, 9)
(15, 1, 0)
(5, 6, 0)
(7, 4, 0)
(18, 1, 35)
(12, 3, 0)
(12, 4, 0)
(12, 5, 0)
(12, 7, 0)
(9, 3, 4)
(15, 2, 1)
(16, 4, 0)
(16, 5, 0)
(18, 2, 5)
(10, 4, 0)
(4, 1, 0)
(9, 4, 0)
(4, 3, 0)
(10, 5, 0)
(11, 3, 0)
FIXINGS_END
found_sol 5675.0 time 65.430
found_sol 5670.0 time 88.524
found_sol 5532.0 time 88.527
found_sol 5476.0 time 101.471
found_sol 5469.0 time 108.617
found_sol 5464.0 time 108.619
found_sol 5463.0 time 108.619
found_sol 5458.0 time 113.878
found_sol 5457.0 time 113.880
time 125.586
GUROBI
Status OPTIMAL
Runtime 125.58570599555969
NodeCount 9297.0
IterCount 1326974.0
NumVars 7440
NumConstrs 41808
ObjBound 5457.0
ObjBoundC 5457.0
ObjVal 5457.0
MIPGap 0.0
