
Gurobi 13.0.0 (linux64) logging started Fri Jan 16 05:39:10 2026

Set parameter LogFile to value "../experiments/network-n_60_s_0_rp_0-app_set-id_44_19_apps/submip_40_epr1_model_gurobi.log"
Set parameter TimeLimit to value 8.0916501278000942e+02
Gurobi Optimizer version 13.0.0 build v13.0.0rc1 (linux64 - "Ubuntu 24.04.3 LTS")

CPU model: Intel(R) Core(TM) Ultra 7 165H, instruction set [SSE2|AVX|AVX2]
Thread count: 22 physical cores, 22 logical processors, using up to 22 threads

Non-default parameters:
TimeLimit  8.0916501278000942e+02
LogToConsole  0

Academic license 2539022 - for non-commercial use only - registered to al___@studenti.unimi.it
Optimize a model with 41808 rows, 7440 columns and 93917 nonzeros (Min)
Model fingerprint: 0x7a041b58
Model has 7440 linear objective coefficients
Model has 200 quadratic constraints
Variable types: 0 continuous, 7440 integer (7440 binary)
Coefficient statistics:
  Matrix range     [1e+00, 9e+02]
  QMatrix range    [5e+01, 2e+02]
  Objective range  [1e+01, 2e+02]
  Bounds range     [1e+00, 1e+00]
  RHS range        [1e+00, 1e+09]
  QRHS range       [1e+02, 6e+02]

Loaded MIP start from previous solve with objective 5317

Presolve removed 41250 rows and 6201 columns
Presolve time: 0.16s
Presolved: 11426 rows, 11921 columns, 69801 nonzeros
Variable types: 0 continuous, 11921 integer (11921 binary)

Root relaxation: objective 4.971117e+03, 1797 iterations, 0.16 seconds (0.22 work units)

    Nodes    |    Current Node    |     Objective Bounds      |     Work
 Expl Unexpl |  Obj  Depth IntInf | Incumbent    BestBd   Gap | It/Node Time

     0     0 4971.11740    0  177 5317.00000 4971.11740  6.51%     -    0s
     0     0 5033.82610    0  244 5317.00000 5033.82610  5.33%     -    1s
     0     0 5054.36254    0  203 5317.00000 5054.36254  4.94%     -    1s
     0     0 5055.25686    0  214 5317.00000 5055.25686  4.92%     -    2s
     0     0 5055.30752    0  214 5317.00000 5055.30752  4.92%     -    2s
     0     0 5093.54590    0  216 5317.00000 5093.54590  4.20%     -    2s
     0     0 5111.71876    0  270 5317.00000 5111.71876  3.86%     -    2s
     0     0 5119.39931    0  283 5317.00000 5119.39931  3.72%     -    2s
     0     0 5120.32278    0  299 5317.00000 5120.32278  3.70%     -    2s
     0     0 5140.19159    0  243 5317.00000 5140.19159  3.33%     -    3s
     0     0 5140.26784    0  237 5317.00000 5140.26784  3.32%     -    3s
     0     0 5140.26784    0  237 5317.00000 5140.26784  3.32%     -    3s
     0     2 5140.26892    0  237 5317.00000 5140.26892  3.32%     -    4s
    15    32 5158.00130    4  400 5317.00000 5149.61391  3.15%   466    5s
   280   297 5175.56684   10  375 5317.00000 5164.15647  2.87%   278   10s
   461   468 5183.45005   12  283 5317.00000 5164.15647  2.87%   248   15s
   584   588 5189.32969   15  247 5317.00000 5164.15647  2.87%   238   20s
   740   740 5197.97408   25  217 5317.00000 5164.15647  2.87%   224   25s
  1133  1107 5217.03877   37  251 5317.00000 5164.15647  2.87%   202   31s
  1652  1392 5242.06550   56  172 5317.00000 5167.73714  2.81%   182   35s
  2189  1785 5264.68104   11  273 5317.00000 5171.03529  2.75%   179   41s
  2807  2171 5264.38430   19 4881 5317.00000 5172.63436  2.72%   165   48s
  2810  2173 5201.51326   31  196 5317.00000 5172.63436  2.72%   165   50s
  2831  2187 5208.65211   11  376 5317.00000 5172.63436  2.72%   164   55s
  2861  2207 5202.42667   23  346 5317.00000 5176.99480  2.63%   162   60s
  2890  2226 5252.65709   11  381 5317.00000 5181.71799  2.54%   161   65s
  2913  2242 5289.82526   50  410 5317.00000 5185.22393  2.48%   159   70s
  2934  2259 5194.26240   11  355 5317.00000 5186.21288  2.46%   166   75s
  2964  2299 5224.13712   15  378 5317.00000 5193.57999  2.32%   172   81s
  3022  2348 5245.29385   17  400 5317.00000 5196.55011  2.27%   178   87s
  3056  2371 5248.05343   17  399 5317.00000 5196.55011  2.27%   181   90s
  3127  2407 5312.18285   18  301 5317.00000 5196.55011  2.27%   188   95s
  3206  2449 5285.34616   19  311 5317.00000 5196.55011  2.27%   196  100s
  3300  2497 5290.23737   21  336 5317.00000 5201.83773  2.17%   204  107s
  3400  2562 5294.39710   22  322 5317.00000 5201.83773  2.17%   208  111s
  3523  2600     cutoff   25      5317.00000 5202.29373  2.16%   209  115s
  3732  2598 5249.25092   19  244 5317.00000 5202.29373  2.16%   212  121s
  3861  2632 5250.11940   21  216 5317.00000 5203.62678  2.13%   215  126s
  4008  2625 5264.50286   24  251 5317.00000 5205.67952  2.09%   217  131s
  4130  2709 5259.67465   24  260 5317.00000 5206.04081  2.09%   221  136s
  4332  2740     cutoff   31      5317.00000 5208.86559  2.03%   221  141s
  4593  2758 5228.34687   22  292 5317.00000 5208.86559  2.03%   223  147s
  4732  2778 5273.78004   25  263 5317.00000 5210.32010  2.01%   224  150s
  4952  2764 5312.82614   39  148 5317.00000 5210.32010  2.01%   226  155s
  5057  2837 5314.12976   20  269 5317.00000 5210.44889  2.00%   227  161s
  5405  2901 5270.15445   24  216 5317.00000 5211.90649  1.98%   225  167s
  5593  2916 5239.89061   22  271 5317.00000 5215.13202  1.92%   226  171s
  5983  2985 5238.50744   16  327 5317.00000 5217.21519  1.88%   226  178s
  6151  3035 5272.94140   19  278 5317.00000 5217.65673  1.87%   227  182s
  6358  3069     cutoff   25      5317.00000 5219.77906  1.83%   228  186s
  6585  3107     cutoff   20      5317.00000 5221.15462  1.80%   229  190s
  7202  3202 5286.84849   19  254 5317.00000 5221.53374  1.80%   228  198s
  7490  3335 5259.27000   26  209 5317.00000 5223.41241  1.76%   228  202s
  7907  3342 5261.96550   21  238 5317.00000 5223.41241  1.76%   225  207s
  8272  3313 5281.85978   23  268 5317.00000 5228.55700  1.66%   225  211s
  8525  3462 5309.36248   28  193 5317.00000 5228.72360  1.66%   225  216s
  8928  3552 infeasible   28      5317.00000 5228.72360  1.66%   223  221s
  9386  3549 5276.30524   21  157 5317.00000 5233.59921  1.57%   221  226s
  9710  3694 5268.99173   24  263 5317.00000 5234.25307  1.56%   221  231s
 10237  3866 5284.27175   23  278 5317.00000 5235.40946  1.53%   219  236s
 10674  4098 infeasible   22      5317.00000 5237.23976  1.50%   219  241s
 11192  4352 5279.30246   19  304 5317.00000 5237.82350  1.49%   219  247s
 11789  4534     cutoff   24      5317.00000 5239.17434  1.46%   217  252s
 12199  4687     cutoff   35      5317.00000 5240.41503  1.44%   216  258s
 12611  4834 5301.09897   29  175 5317.00000 5242.52682  1.40%   215  264s
 13104  4925 5306.87400   32  197 5317.00000 5243.66845  1.38%   215  271s
 13486  5117 infeasible   19      5317.00000 5244.27764  1.37%   215  277s
 13982  5355 5278.12952   21  226 5317.00000 5245.03612  1.35%   215  284s
 14683  5710 5281.32278   27  209 5317.00000 5246.81078  1.32%   214  291s
 15443  5918 5287.20152   35  148 5317.00000 5248.46021  1.29%   212  298s
 16246  6203     cutoff   20      5317.00000 5250.30667  1.25%   211  305s
 17058  6519 5301.04397   32  180 5317.00000 5251.20829  1.24%   210  313s
 17993  6839 5286.38834   26  171 5317.00000 5253.42315  1.20%   208  320s
 18952  6989 5306.84516   36  178 5317.00000 5254.85997  1.17%   206  328s
 19609  7277 5276.56775   24  211 5317.00000 5255.70059  1.15%   205  336s
 20652  7464 5269.42151   23  250 5317.00000 5256.85848  1.13%   204  345s
 21363  7705 5299.04948   32  215 5317.00000 5257.08817  1.13%   203  353s
 22385  8033 5286.43516   29  237 5317.00000 5258.51663  1.10%   201  362s
 23593  8329     cutoff   40      5317.00000 5261.15794  1.05%   199  371s
 24847  8725 5285.63311   34  230 5317.00000 5262.68229  1.02%   198  384s
 26285  8950 5294.87945   33  145 5317.00000 5264.21724  0.99%   196  392s
 27360  9044 5295.25155   24  189 5317.00000 5265.68298  0.97%   195  399s
 27988  9316 5302.27471   37  208 5317.00000 5266.54898  0.95%   195  408s
 29223  9522 5292.73452   38  139 5317.00000 5268.11822  0.92%   193  416s
 30406  9689 infeasible   26      5317.00000 5269.32699  0.90%   193  425s
 31615  9858 5292.64637   23  225 5317.00000 5270.60234  0.87%   192  434s
 32893 10024 5308.48512   38  179 5317.00000 5272.00605  0.85%   191  443s
 34456 10145     cutoff   37      5317.00000 5273.32259  0.82%   189  453s
 35985 10297     cutoff   32      5317.00000 5274.84307  0.79%   187  462s
 37186 10472     cutoff   37      5317.00000 5275.77314  0.78%   186  472s
 38822 10619     cutoff   37      5317.00000 5277.32220  0.75%   185  483s
 40547 10806 5297.17005   25  185 5317.00000 5278.46659  0.72%   183  494s
 42352 10850 5312.19941   28  147 5317.00000 5280.15907  0.69%   182  505s
*43179 10702              38    5314.0000000 5280.20430  0.64%   181  505s
 44130 10690 5307.99362   31  202 5314.00000 5281.22930  0.62%   181  515s
 44196 10624 5309.69352   32  194 5314.00000 5281.40786  0.61%   181  527s
 45458 10522     cutoff   31      5314.00000 5282.58233  0.59%   180  539s
 46951 10370 5307.13224   40  133 5314.00000 5283.76748  0.57%   178  551s
 48638 10040 5301.18119   39  222 5314.00000 5285.00218  0.55%   177  565s
 51242  9543     cutoff   38      5314.00000 5287.72390  0.49%   176  578s
 53820  8800     cutoff   48      5314.00000 5289.96372  0.45%   174  591s
 56441  7765     cutoff   40      5314.00000 5292.08787  0.41%   172  603s
 59302  6740     cutoff   23      5314.00000 5294.83617  0.36%   170  617s
 61454  5244     cutoff   32      5314.00000 5296.94668  0.32%   168  626s
 63836  3637     cutoff   29      5314.00000 5300.08632  0.26%   166  634s
 66017  1844     cutoff   31      5314.00000 5302.19440  0.22%   163  639s
 68036     0     cutoff   35      5314.00000 5306.31314  0.14%   161  643s

Cutting planes:
  Gomory: 2
  Lift-and-project: 1
  Cover: 628
  Clique: 73
  MIR: 275
  Knapsack: 20
  StrongCG: 191
  Flow cover: 346
  GUB cover: 35
  Inf proof: 2
  Zero half: 160
  Mod-K: 2
  RLT: 289
  Relax-and-lift: 116
  BQP: 45
  PSD: 1

Explored 69931 nodes (10990432 simplex iterations) in 643.50 seconds (424.58 work units)
Thread count was 22 (of 22 available processors)

Solution count 2: 5314 5317 

Optimal solution found (tolerance 1.00e-04)
Best objective 5.314000000000e+03, best bound 5.314000000000e+03, gap 0.0000%

User-callback calls 192746, time in user-callback 0.46 sec
