FIXINGS_START
(0, 0, 0)
(0, 9, 0)
(1, 0, 0)
(2, 3, 0)
(3, 0, 0)
(4, 0, 0)
(4, 4, 0)
(5, 0, 0)
(5, 1, 0)
(6, 0, 0)
(7, 0, 0)
(8, 0, 0)
(8, 4, 0)
(9, 0, 0)
(11, 0, 0)
(12, 0, 0)
(12, 6, 0)
(13, 4, 0)
(14, 3, 0)
(15, 0, 0)
(15, 9, 0)
(16, 0, 0)
(16, 1, 0)
(17, 0, 0)
(17, 7, 0)
(18, 0, 0)
(18, 4, 0)
(18, 6, 0)
(3, 1, 26)
(0, 1, 4)
(9, 1, 0)
(10, 1, 0)
(7, 2, 0)
(11, 2, 0)
(8, 1, 0)
(10, 2, 0)
(8, 2, 0)
(0, 4, 0)
(7, 3, 0)
(2, 2, 0)
(5, 2, 0)
(10, 3, 15)
(3, 2, 0)
(14, 0, 5)
(13, 2, 0)
(14, 1, 0)
(5, 5, 9)
(15, 1, 0)
(5, 6, 0)
(7, 4, 0)
(18, 1, 35)
(12, 3, 0)
(12, 4, 0)
(12, 5, 0)
(12, 7, 0)
(9, 3, 4)
(15, 2, 1)
FIXINGS_END
found_sol 5552.0 time 24.904
found_sol 5541.0 time 57.087
found_sol 5540.0 time 59.313
found_sol 5539.0 time 62.621
found_sol 5537.0 time 62.622
found_sol 5506.0 time 63.328
found_sol 5484.0 time 63.739
found_sol 5477.0 time 75.114
found_sol 5461.0 time 98.104
found_sol 5454.0 time 103.251
found_sol 5437.0 time 108.711
time 213.690
GUROBI
Status OPTIMAL
Runtime 213.68930077552795
NodeCount 13195.0
IterCount 2073460.0
NumVars 7440
NumConstrs 41799
ObjBound 5437.0
ObjBoundC 5437.0
ObjVal 5437.0
MIPGap 0.0
