
Gurobi 13.0.0 (linux64) logging started Sun Jan  4 18:05:59 2026

Set parameter LogFile to value "../experiments/network-n_30_s_0_rp_0-app_set-id_23_12_apps/compact_model_gurobi.log"
Set parameter TimeLimit to value 900
Gurobi Optimizer version 13.0.0 build v13.0.0rc1 (linux64 - "Ubuntu 24.04.3 LTS")

CPU model: Intel(R) Core(TM) Ultra 7 165H, instruction set [SSE2|AVX|AVX2]
Thread count: 22 physical cores, 22 logical processors, using up to 22 threads

Non-default parameters:
TimeLimit  900
LogToConsole  0

Academic license 2539022 - for non-commercial use only - registered to al___@studenti.unimi.it
Optimize a model with 4350 rows, 2340 columns and 11785 nonzeros (Min)
Model fingerprint: 0x36ae82ba
Model has 2340 linear objective coefficients
Model has 98 quadratic constraints
Variable types: 0 continuous, 2340 integer (2340 binary)
Coefficient statistics:
  Matrix range     [1e+00, 9e+02]
  QMatrix range    [6e+01, 2e+02]
  Objective range  [1e+01, 2e+02]
  Bounds range     [1e+00, 1e+00]
  RHS range        [1e+00, 1e+09]
  QRHS range       [1e+02, 6e+02]
Presolve removed 3923 rows and 1470 columns
Presolve time: 0.04s
Presolved: 6025 rows, 6373 columns, 34514 nonzeros
Variable types: 0 continuous, 6373 integer (6373 binary)

Root relaxation: objective 2.871457e+03, 745 iterations, 0.04 seconds (0.06 work units)

    Nodes    |    Current Node    |     Objective Bounds      |     Work
 Expl Unexpl |  Obj  Depth IntInf | Incumbent    BestBd   Gap | It/Node Time

     0     0 2871.45717    0  146          - 2871.45717      -     -    0s
     0     0 3064.89549    0  181          - 3064.89549      -     -    1s
     0     0 3098.07697    0  185          - 3098.07697      -     -    1s
     0     0 3098.13500    0  191          - 3098.13500      -     -    1s
     0     0 3207.88468    0  205          - 3207.88468      -     -    1s
     0     0 3227.72359    0  228          - 3227.72359      -     -    1s
     0     0 3229.86307    0  248          - 3229.86307      -     -    1s
     0     0 3284.18280    0  244          - 3284.18280      -     -    1s
     0     0 3304.38589    0  257          - 3304.38589      -     -    1s
     0     0 3310.44078    0  270          - 3310.44078      -     -    1s
     0     0 3327.46673    0  283          - 3327.46673      -     -    2s
     0     0 3327.53330    0  278          - 3327.53330      -     -    2s
     0     0 3327.53330    0  270          - 3327.53330      -     -    2s
     0     2 3327.56226    0  270          - 3327.56226      -     -    2s
   331   367 3364.48732   14  218          - 3337.51527      -   113    5s
   865   881 3435.99059   27  174          - 3337.51527      -   119   10s
  1339  1313 3479.91907   36  143          - 3345.79259      -   117   15s
  1879  1748 infeasible   58               - 3347.57737      -   111   20s
  2872  2634 3408.98428   17  162          - 3349.60027      -   108   25s
  3363  2822 3453.67665   28  359          - 3362.62670      -   107   30s
  3438  2872 3479.49814   24  307          - 3389.70156      -   105   35s
  3493  2908 3443.81040   17  301          - 3398.41957      -   103   40s
  3660  3046 3413.53294   22  269          - 3404.53648      -   115   45s
  3855  3192 3421.38924   25  303          - 3404.53648      -   121   50s
  4043  3304 3429.59187   28  283          - 3404.53648      -   127   55s
  4184  3381 3439.82558   30  238          - 3404.53648      -   132   60s
  4325  3453 3448.37463   34  230          - 3408.60010      -   136   65s
  4523  3558 3465.59846   40  206          - 3408.60010      -   143   71s
  4692  3634 3485.13297   43  178          - 3415.43546      -   147   75s
  4944  3703 3581.95318   44  165          - 3415.97973      -   152   80s
H 5245  3686                    4010.0000000 3416.69810  14.8%   159   84s
  5340  3778 3545.59550   57  106 4010.00000 3416.69810  14.8%   161   86s
H 5342  3637                    3983.0000000 3416.69810  14.2%   161   86s
  5765  3761 3460.79653   23  285 3983.00000 3417.96834  14.2%   169   91s
  6080  3823 3564.09898   34  265 3983.00000 3417.96834  14.2%   174   95s
  6493  4014     cutoff   56      3983.00000 3418.53764  14.2%   182  101s
  6797  4237 3495.91483   34  217 3983.00000 3422.40982  14.1%   189  105s
* 7204  4067              47    3868.0000000 3422.40982  11.5%   193  108s
  7227  4239 3493.94639   20  275 3868.00000 3422.40982  11.5%   194  110s
  7745  4443 3505.76412   19  309 3868.00000 3422.40982  11.5%   197  115s
  8313  4556     cutoff   42      3868.00000 3425.16078  11.4%   199  120s
  8799  4740     cutoff   37      3868.00000 3425.16078  11.4%   202  126s
  9375  4979 3726.74849   36  218 3868.00000 3425.16078  11.4%   204  131s
  9697  5081 3507.98706   28  256 3868.00000 3425.16078  11.4%   205  135s
 10456  5149 infeasible   41      3868.00000 3427.81636  11.4%   208  141s
 11226  5512 3495.13786   22  309 3868.00000 3427.81636  11.4%   211  148s
 11620  5676     cutoff   41      3868.00000 3429.59003  11.3%   212  151s
 11898  5905 3570.89125   29  225 3868.00000 3437.43025  11.1%   214  155s
 12660  6439 3635.46350   38  249 3868.00000 3437.88928  11.1%   217  162s
 13119  6787 3477.03044   27  312 3868.00000 3438.17235  11.1%   219  166s
 13569  6917 3641.10361   39  197 3868.00000 3445.16520  10.9%   220  170s
 13944  7201 3611.00066   31  262 3868.00000 3446.50449  10.9%   221  179s
 14138  7548 3554.10817   27  252 3868.00000 3447.12152  10.9%   222  183s
 14708  7926 3726.86534   43  178 3868.00000 3447.12152  10.9%   224  188s
 15328  8150 3609.54052   37  237 3868.00000 3447.66900  10.9%   225  193s
 15754  8438 3570.91343   28  314 3868.00000 3448.61982  10.8%   226  197s
 16294  8733     cutoff   41      3868.00000 3448.61982  10.8%   228  202s
 16823  9112 3595.73996   29  210 3868.00000 3454.32201  10.7%   230  207s
 17454  9531 3518.27094   29  242 3868.00000 3454.32201  10.7%   233  212s
 18299  9968 3555.52394   27  274 3868.00000 3455.48945  10.7%   233  218s
 18986 10356 3573.51867   32  158 3868.00000 3455.48945  10.7%   233  224s
 19710 10740 3613.28361   44  272 3868.00000 3459.89448  10.6%   234  229s
 20290 10865 3527.36004   27  349 3868.00000 3459.92283  10.6%   235  236s
H20459  9990                    3751.0000000 3459.92283  7.76%   235  236s
 20477 10440 3534.61068   29  312 3751.00000 3459.92283  7.76%   235  242s
H20548 10330                    3745.0000000 3459.92283  7.61%   235  242s
 21276 10799 3554.00934   35  167 3745.00000 3462.77332  7.54%   237  248s
 22130 11278 3725.97217   42  171 3745.00000 3464.73527  7.48%   238  255s
 22997 11789 3533.20783   36  227 3745.00000 3465.78419  7.46%   239  262s
 23944 12082 3701.21781   38  219 3745.00000 3467.06893  7.42%   239  270s
 24727 12661 3576.14553   25  232 3745.00000 3469.23920  7.36%   241  278s
 25874 13008 3620.15738   55  125 3745.00000 3471.38134  7.31%   242  285s
H26274 12980                    3743.0000000 3471.42878  7.26%   242  285s
 26510 13610 3581.08132   39  220 3743.00000 3472.37403  7.23%   243  294s
 27709 14100 3541.18536   30  271 3743.00000 3474.38101  7.18%   243  302s
 28786 14632 3630.56230   45  172 3743.00000 3475.35882  7.15%   245  310s
 29899 15158 3721.19106   41  220 3743.00000 3477.00467  7.11%   246  319s
 30883 15764 3572.12627   31  284 3743.00000 3479.53043  7.04%   247  328s
 32225 16344 3525.23659   28  240 3743.00000 3481.84117  6.98%   247  337s
 33386 16963     cutoff   36      3743.00000 3482.92232  6.95%   249  347s
 34645 17595 3531.46276   33  314 3743.00000 3484.87858  6.90%   250  357s
 35945 18314 3602.21141   30  266 3743.00000 3486.86742  6.84%   251  367s
 37367 19003 3647.67790   44  237 3743.00000 3487.98174  6.81%   252  377s
 38837 19666 3658.46421   42  230 3743.00000 3489.98965  6.76%   252  388s
 40123 20410 3612.98298   36  238 3743.00000 3491.37581  6.72%   254  400s
 41724 21052 3575.25494   42  194 3743.00000 3492.89279  6.68%   254  412s
 43395 21831 3665.39374   41  174 3743.00000 3495.19858  6.62%   255  424s
 45069 22518 3567.47758   26  290 3743.00000 3497.16453  6.57%   255  437s
 46754 23400 3549.52922   33  236 3743.00000 3498.21084  6.54%   257  450s
 48542 23401 3659.45025   44 2980 3743.00000 3499.66012  6.50%   259  478s
 48549 23406 3668.52298   48  313 3743.00000 3499.66012  6.50%   259  480s
 48584 23429 3680.67799   31  364 3743.00000 3499.66012  6.50%   258  485s
 48604 23442 3584.76301   27  372 3743.00000 3499.66012  6.50%   258  490s
 48624 23456 3552.71829   43  361 3743.00000 3499.66012  6.50%   258  495s
 48638 23465 3589.67923   34  380 3743.00000 3499.66012  6.50%   258  500s
 48661 23480 3601.64082   32  385 3743.00000 3499.66012  6.50%   258  505s
 48672 23488 3574.97774   30  387 3743.00000 3499.66012  6.50%   258  510s
 48682 23494 3634.11607   38  390 3743.00000 3499.66012  6.50%   258  515s
 48698 23522 3499.66012   30  352 3743.00000 3499.66012  6.50%   258  520s
 48786 23590 3499.66012   33  296 3743.00000 3499.66012  6.50%   259  525s
 48885 23644 3499.66012   35  308 3743.00000 3499.66012  6.50%   259  531s
 48979 23684 3579.67578   36  291 3743.00000 3499.66012  6.50%   260  536s
 49095 23735 3508.27319   38  299 3743.00000 3499.66012  6.50%   260  541s
 49225 23776 3528.11774   39  299 3743.00000 3499.66012  6.50%   260  546s
 49356 23810 3595.32577   41  200 3743.00000 3499.66012  6.50%   260  550s
H49369 22627                    3723.0000000 3499.66012  6.00%   260  550s
 49519 22669 3629.08143   45  209 3723.00000 3499.66012  6.00%   260  556s
 49636 22707 3639.84625   46  235 3723.00000 3499.66012  6.00%   261  560s
 49839 22778 3675.89094   50  195 3723.00000 3499.66012  6.00%   261  566s
H49918 21657                    3717.0000000 3499.66012  5.85%   261  568s
H49926 20593                    3692.0000000 3499.66012  5.21%   261  568s
H49928 19583                    3686.0000000 3499.66012  5.06%   261  568s
H49936 18621                    3675.0000000 3499.66012  4.77%   261  568s
 49955 18653     cutoff   54      3675.00000 3499.66012  4.77%   261  571s
 50105 18708 3601.03299   39  171 3675.00000 3499.66012  4.77%   261  575s
 50288 18744     cutoff   43      3675.00000 3499.66012  4.77%   261  580s
 50493 18783 3548.84889   37  217 3675.00000 3499.66012  4.77%   261  585s
 50703 18787 3643.98632   47  186 3675.00000 3499.66012  4.77%   261  591s
 50962 18817 3543.10140   35  256 3675.00000 3499.66012  4.77%   261  596s
 51212 18867 3629.84175   43  227 3675.00000 3500.23478  4.76%   261  602s
 51363 18904 3515.85205   36  258 3675.00000 3500.67098  4.74%   261  605s
 51690 18902 3621.35915   47  225 3675.00000 3501.58697  4.72%   262  612s
H51711 17891                    3650.0000000 3501.58697  4.07%   262  612s
 51724 17978 3637.55233   48  218 3650.00000 3501.58697  4.07%   262  615s
 52141 18086 3554.87479   46  226 3650.00000 3505.79055  3.95%   262  622s
 52365 18091 3615.02021   55  161 3650.00000 3508.38979  3.88%   262  626s
 53020 18077 3611.94882   45  160 3650.00000 3513.63963  3.74%   261  633s
 53256 18118 3561.76178   45  231 3650.00000 3513.63963  3.74%   261  637s
 53588 18168 3592.87674   37  240 3650.00000 3515.92364  3.67%   262  641s
 53983 18221 3593.42759   42  214 3650.00000 3520.12517  3.56%   262  645s
 54423 18249 3583.78707   40  297 3650.00000 3523.86767  3.46%   262  650s
 55241 18271 3584.42588   45  295 3650.00000 3526.11247  3.39%   262  658s
 55729 18304 infeasible   49      3650.00000 3529.04196  3.31%   262  663s
 56233 18313     cutoff   50      3650.00000 3530.56829  3.27%   262  667s
 56847 18299     cutoff   51      3650.00000 3531.22559  3.25%   262  672s
 57433 18313 3566.42972   37  255 3650.00000 3534.11760  3.17%   262  677s
 58076 18292     cutoff   49      3650.00000 3535.83454  3.13%   263  682s
 58720 18330 3613.60094   38  232 3650.00000 3536.04749  3.12%   263  687s
 59342 18309     cutoff   53      3650.00000 3537.86902  3.07%   263  692s
 60021 18188 3597.19119   41  237 3650.00000 3540.36708  3.00%   263  698s
 60791 18085 3624.76957   42  185 3650.00000 3542.07351  2.96%   263  704s
 61502 18003 3583.70795   37  241 3650.00000 3543.46440  2.92%   263  709s
 62323 17903 3600.47825   49  199 3650.00000 3544.82381  2.88%   263  715s
 63155 17818 3593.13953   43  270 3650.00000 3546.65242  2.83%   264  721s
 63875 17728 3599.90779   44  224 3650.00000 3548.93157  2.77%   264  728s
 64580 17605 3639.99696   53  200 3650.00000 3551.11168  2.71%   264  734s
 65079 17562     cutoff   54      3650.00000 3551.69874  2.69%   264  740s
 65605 17515     cutoff   44      3650.00000 3551.69874  2.69%   264  746s
 66145 17416 3643.00875   36  231 3650.00000 3553.02901  2.66%   265  753s
 66689 17314     cutoff   37      3650.00000 3553.06845  2.66%   265  760s
 67237 17264 3619.21955   37  246 3650.00000 3555.11341  2.60%   265  768s
 67962 17203     cutoff   46      3650.00000 3555.75327  2.58%   265  776s
 69096 16984 3633.83578   48  210 3650.00000 3560.28303  2.46%   265  784s
 70335 16730     cutoff   49      3650.00000 3561.96887  2.41%   266  793s
 71602 16443 3620.00861   49  209 3650.00000 3564.43381  2.34%   266  801s
 72842 16104 3642.97127   44  276 3650.00000 3566.72628  2.28%   266  812s
 73673 15935     cutoff   46      3650.00000 3568.21121  2.24%   267  823s
 75441 15390 3647.42764   38  247 3650.00000 3571.18805  2.16%   267  833s
 76813 14934 3631.09604   48  295 3650.00000 3573.76145  2.09%   267  842s
 78100 14546 3629.52311   42  196 3650.00000 3576.29121  2.02%   268  851s
 78807 14339     cutoff   40      3650.00000 3577.27228  1.99%   268  860s
 80276 13772 3604.61282   49  219 3650.00000 3579.64090  1.93%   269  871s
 81761 13226 3636.14859   36  204 3650.00000 3582.55085  1.85%   269  881s
 83298 12612 3645.99695   49  227 3650.00000 3584.94668  1.78%   270  891s
 84950 11939     cutoff   38      3650.00000 3588.01141  1.70%   270  900s

Cutting planes:
  Gomory: 16
  Cover: 769
  Clique: 26
  MIR: 531
  Knapsack: 12
  StrongCG: 464
  Flow cover: 788
  GUB cover: 20
  Inf proof: 3
  Zero half: 224
  Mod-K: 1
  RLT: 141
  Relax-and-lift: 58
  BQP: 139

Explored 86536 nodes (23351578 simplex iterations) in 900.03 seconds (613.35 work units)
Thread count was 22 (of 22 available processors)

Solution count 10: 3650 3675 3686 ... 3868

Time limit reached
Best objective 3.650000000000e+03, best bound 3.590000000000e+03, gap 1.6438%

User-callback calls 267628, time in user-callback 0.68 sec
