
Gurobi 13.0.0 (linux64) logging started Thu Jan 15 00:07:02 2026

Set parameter LogFile to value "../experiments/network-n_30_s_0_rp_0-app_set-id_23_12_apps/submip_30_epr0_model_gurobi.log"
Set parameter TimeLimit to value 8.9918238309299340e+02
Gurobi Optimizer version 13.0.0 build v13.0.0rc1 (linux64 - "Ubuntu 24.04.3 LTS")

CPU model: Intel(R) Core(TM) Ultra 7 165H, instruction set [SSE2|AVX|AVX2]
Thread count: 22 physical cores, 22 logical processors, using up to 22 threads

Non-default parameters:
TimeLimit  8.9918238309299340e+02
LogToConsole  0

Academic license 2539022 - for non-commercial use only - registered to al___@studenti.unimi.it
Optimize a model with 4386 rows, 2340 columns and 11821 nonzeros (Min)
Model fingerprint: 0xe3fa23a6
Model has 2340 linear objective coefficients
Model has 98 quadratic constraints
Variable types: 0 continuous, 2340 integer (2340 binary)
Coefficient statistics:
  Matrix range     [1e+00, 9e+02]
  QMatrix range    [6e+01, 2e+02]
  Objective range  [1e+01, 2e+02]
  Bounds range     [1e+00, 1e+00]
  RHS range        [1e+00, 1e+09]
  QRHS range       [1e+02, 6e+02]
Presolve removed 4176 rows and 1892 columns
Presolve time: 0.01s
Presolved: 2496 rows, 2641 columns, 14135 nonzeros
Variable types: 0 continuous, 2641 integer (2641 binary)

Root relaxation: objective 3.225722e+03, 366 iterations, 0.01 seconds (0.01 work units)

    Nodes    |    Current Node    |     Objective Bounds      |     Work
 Expl Unexpl |  Obj  Depth IntInf | Incumbent    BestBd   Gap | It/Node Time

     0     0 3225.72220    0   78          - 3225.72220      -     -    0s
     0     0 infeasible    0               - infeasible      -     -    0s

Cutting planes:
  Gomory: 22
  Cover: 22
  Clique: 17
  MIR: 24
  Knapsack: 8
  StrongCG: 11
  Zero half: 10
  RLT: 60
  Relax-and-lift: 63
  BQP: 17
  PSD: 1

Explored 1 nodes (653 simplex iterations) in 0.16 seconds (0.17 work units)
Thread count was 22 (of 22 available processors)

Solution count 0

Model is infeasible
Best objective -, best bound -, gap -

User-callback calls 598, time in user-callback 0.00 sec
Set parameter LogToConsole to value 0
