FIXINGS_START
(0, 0, 0)
(1, 2, 0)
(2, 0, 0)
(2, 6, 0)
(3, 0, 0)
(3, 6, 0)
(4, 4, 0)
(5, 0, 0)
(5, 4, 0)
(6, 0, 0)
(6, 9, 0)
(7, 0, 0)
(8, 0, 0)
(9, 0, 0)
(9, 4, 0)
(10, 5, 0)
(10, 6, 0)
(11, 5, 0)
(7, 1, 7)
(5, 1, 16)
(8, 1, 17)
(11, 0, 8)
(11, 1, 20)
(5, 3, 0)
(6, 2, 2)
(10, 0, 2)
(10, 1, 2)
(5, 7, 0)
(1, 1, 0)
(8, 2, 7)
(6, 3, 16)
(3, 1, 5)
(6, 4, 0)
(6, 6, 0)
(3, 2, 0)
(6, 7, 2)
(4, 1, 2)
(9, 2, 0)
(8, 3, 0)
(3, 3, 7)
(11, 2, 6)
(9, 3, 23)
FIXINGS_END
time 0.008
GUROBI
Status INFEASIBLE
Runtime 0.007521867752075195
NodeCount 0.0
IterCount 0.0
NumVars 2340
NumConstrs 4392
ObjBound inf
ObjBoundC inf
ObjVal None
MIPGap inf
