
Gurobi 13.0.0 (linux64) logging started Fri Jan  2 22:09:47 2026

Set parameter LogFile to value "../experiments/network-n_50_s_2_rp_0-app_set-id_23_12_apps/compact_model_gurobi.log"
Set parameter TimeLimit to value 900
Gurobi Optimizer version 13.0.0 build v13.0.0rc1 (linux64 - "Ubuntu 24.04.3 LTS")

CPU model: Intel(R) Core(TM) Ultra 7 165H, instruction set [SSE2|AVX|AVX2]
Thread count: 22 physical cores, 22 logical processors, using up to 22 threads

Non-default parameters:
TimeLimit  900
LogToConsole  0

Academic license 2539022 - for non-commercial use only - registered to al___@studenti.unimi.it
Optimize a model with 12891 rows, 3900 columns and 31037 nonzeros (Min)
Model fingerprint: 0x1b1406b9
Model has 3900 linear objective coefficients
Model has 162 quadratic constraints
Variable types: 0 continuous, 3900 integer (3900 binary)
Coefficient statistics:
  Matrix range     [1e+00, 9e+02]
  QMatrix range    [6e+01, 2e+02]
  Objective range  [1e+01, 2e+02]
  Bounds range     [1e+00, 1e+00]
  RHS range        [1e+00, 1e+09]
  QRHS range       [1e+02, 6e+02]
Presolve removed 12143 rows and 2461 columns
Presolve time: 0.11s
Presolved: 15283 rows, 15817 columns, 91748 nonzeros
Variable types: 0 continuous, 15817 integer (15817 binary)

Root relaxation: objective 2.617004e+03, 962 iterations, 0.11 seconds (0.16 work units)

    Nodes    |    Current Node    |     Objective Bounds      |     Work
 Expl Unexpl |  Obj  Depth IntInf | Incumbent    BestBd   Gap | It/Node Time

     0     0 2617.00399    0  173          - 2617.00399      -     -    0s
     0     0 2629.54651    0  203          - 2629.54651      -     -    1s
     0     0 2654.20334    0  224          - 2654.20334      -     -    1s
     0     0 2655.50905    0  201          - 2655.50905      -     -    1s
     0     0 2655.53419    0  221          - 2655.53419      -     -    1s
     0     0 2673.57152    0  214          - 2673.57152      -     -    2s
     0     0 2691.28745    0  224          - 2691.28745      -     -    2s
     0     0 2692.73781    0  245          - 2692.73781      -     -    2s
     0     0 2692.76969    0  251          - 2692.76969      -     -    2s
H    0     0                    3659.0000000 2705.75140  26.1%     -    3s
H    0     0                    3499.0000000 2705.75140  22.7%     -    3s
     0     0 2705.75140    0  244 3499.00000 2705.75140  22.7%     -    3s
H    0     0                    3366.0000000 2705.75140  19.6%     -    3s
H    0     0                    3154.0000000 2710.69007  14.1%     -    3s
     0     0 2710.69007    0  231 3154.00000 2710.69007  14.1%     -    3s
     0     0 2711.55595    0  250 3154.00000 2711.55595  14.0%     -    3s
H    0     0                    3128.0000000 2717.85153  13.1%     -    3s
     0     0 2717.85153    0  236 3128.00000 2717.85153  13.1%     -    4s
     0     0 2717.85543    0  234 3128.00000 2717.85543  13.1%     -    4s
     0     0 2717.85543    0  234 3128.00000 2717.85543  13.1%     -    4s
     0     2 2717.89887    0  228 3128.00000 2717.89887  13.1%     -    4s
     7    16 2725.26496    3  265 3128.00000 2723.61087  12.9%   332    5s
H   96   156                    3080.0000000 2729.52326  11.4%   247    9s
   203   252 2734.97782   10  279 3080.00000 2729.52326  11.4%   201   10s
H  253   274                    2972.0000000 2729.52326  8.16%   195   11s
H  358   377                    2955.0000000 2729.52326  7.63%   190   12s
H  369   377                    2943.0000000 2729.52326  7.25%   189   12s
   475   495 2744.36600   17  286 2943.00000 2729.52326  7.25%   177   15s
H  476   495                    2891.0000000 2729.52326  5.59%   177   15s
H  492   495                    2873.0000000 2729.52326  4.99%   175   15s
H  724   751                    2855.0000000 2729.52326  4.39%   155   19s
   783   803 2754.43992   24  303 2855.00000 2729.52326  4.39%   152   20s
H 1033  1010                    2853.0000000 2730.90463  4.28%   136   23s
  1168  1084 2779.49562   35  290 2853.00000 2731.66042  4.25%   135   25s
H 1218  1113                    2851.0000000 2731.66042  4.19%   135   26s
H 1358  1260                    2846.0000000 2731.66042  4.02%   132   28s
  1543  1305 2826.48466   49  250 2846.00000 2733.05312  3.97%   128   30s
  2115  1847 2776.62102   22  171 2846.00000 2734.94054  3.90%   122   35s
  2536  2098 2792.44264   29  126 2846.00000 2734.94054  3.90%   115   40s
H 2658  2055                    2842.0000000 2734.94054  3.77%   114   40s
  2856  2196 2771.42703   42 6376 2842.00000 2734.94054  3.77%   112   45s
  2874  2208 2769.24540   20  222 2842.00000 2734.94054  3.77%   112   50s
  2910  2232 2772.40239   41  377 2842.00000 2739.92423  3.59%   110   55s
  2940  2252 2809.84909   51  330 2842.00000 2742.93092  3.49%   109   60s
  2968  2271 2769.56346   15  305 2842.00000 2745.49581  3.40%   108   65s
  2984  2290 2746.87472   17  261 2842.00000 2745.84345  3.38%   112   70s
  3063  2374 2771.01268   21  231 2842.00000 2747.99678  3.31%   118   76s
H 3153  2269                    2841.0000000 2747.99678  3.27%   122   78s
  3186  2320 2779.81636   23  218 2841.00000 2747.99678  3.27%   122   81s
  3314  2383 2777.45774   26  248 2841.00000 2747.99678  3.27%   125   85s
  3474  2443 2789.90224   28  219 2841.00000 2748.04342  3.27%   128   91s
  3584  2468 2783.77346   31  209 2841.00000 2748.04342  3.27%   130   95s
  3664  2507 2789.34178   34  234 2841.00000 2753.01730  3.10%   132  100s
  3787  2546 2792.31329   37  222 2841.00000 2755.01362  3.03%   133  105s
  3947  2634 2808.24426   40  232 2841.00000 2755.08550  3.02%   134  110s
  4193  2754 2798.73668   43  246 2841.00000 2755.08550  3.02%   133  116s
  4412  2797 2804.95259   47  174 2841.00000 2757.01205  2.96%   133  121s
  4667  2790 2809.17154   51  251 2841.00000 2757.01205  2.96%   132  126s
  4841  2934 2839.53601   53  197 2841.00000 2757.01205  2.96%   132  130s
  5226  2980 infeasible   61      2841.00000 2761.42103  2.80%   130  135s
  5564  3199 2820.20334   30  164 2841.00000 2762.06402  2.78%   130  140s
  6004  3252 2803.45946   28  212 2841.00000 2762.37537  2.77%   127  145s
  6439  3403 2799.18130   25  167 2841.00000 2763.09626  2.74%   127  150s
  6950  3646     cutoff   56      2841.00000 2764.92284  2.68%   125  156s
  7255  3649 2806.71508   28  200 2841.00000 2764.92284  2.68%   124  160s
  7767  3796 2788.86782   37  197 2841.00000 2764.92284  2.68%   124  166s
  8366  4053 2789.97795   26  199 2841.00000 2770.43756  2.48%   124  172s
  8741  4085 2816.78161   42  160 2841.00000 2770.43756  2.48%   123  176s
  9372  4270 2798.10643   37  154 2841.00000 2772.79827  2.40%   123  183s
  9619  4471 2830.56178   44  144 2841.00000 2772.79827  2.40%   123  187s
 10001  4645 2787.25550   25  229 2841.00000 2773.80948  2.37%   122  190s
 10766  4984     cutoff   32      2841.00000 2776.35299  2.28%   122  198s
 11097  5246 2798.76282   34  239 2841.00000 2776.35299  2.28%   122  202s
 11518  5266 2818.20164   41  227 2841.00000 2776.66918  2.26%   122  206s
 11546  5425 2821.35359   41  234 2841.00000 2776.66918  2.26%   122  211s
 11843  5693 2822.13515   45  237 2841.00000 2777.92280  2.22%   122  215s
 12350  5968     cutoff   40      2841.00000 2779.21557  2.17%   122  220s
 12850  6277 2795.01321   25  249 2841.00000 2780.18116  2.14%   121  225s
 13919  7033 2807.35853   29  196 2841.00000 2781.93933  2.08%   121  234s
 14618  7224 2835.35879   47  175 2841.00000 2782.76334  2.05%   120  240s
 14962  7494 2806.56424   39  207 2841.00000 2782.84379  2.05%   120  245s
 15587  7832 2787.21246   26  199 2841.00000 2782.95218  2.04%   120  250s
 16253  7996 2818.59468   55   88 2841.00000 2783.20958  2.03%   121  257s
 16665  8384 2798.66590   41  164 2841.00000 2784.62480  1.98%   120  262s
 17348  8659 2834.94854   57  172 2841.00000 2785.75879  1.94%   120  268s
 17992  9075 2801.22575   30  220 2841.00000 2785.85128  1.94%   120  275s
 18799  9487 2827.79431   49  169 2841.00000 2786.52256  1.92%   120  281s
 19558  9927 2798.95298   45  181 2841.00000 2786.92295  1.90%   120  288s
 20380 10381 2804.36187   38  230 2841.00000 2787.87022  1.87%   119  295s
 21274 10896 2801.71215   30  186 2841.00000 2788.45148  1.85%   119  302s
 22259 11185 2823.00275   41  175 2841.00000 2788.88326  1.83%   119  309s
 22924 11562 2821.84731   49  161 2841.00000 2789.54736  1.81%   119  317s
 23886 11901 2822.42997   34  152 2841.00000 2789.90059  1.80%   118  325s
 24924 12482 2820.93916   45  216 2841.00000 2790.52849  1.78%   118  337s
 26081 12947 2825.85771   46  215 2841.00000 2791.60420  1.74%   118  344s
 27046 13556 2815.01923   27  174 2841.00000 2792.12898  1.72%   118  352s
 28140 14139 2825.58094   28  248 2841.00000 2792.73782  1.70%   117  360s
 29289 14494 2812.95166   28  172 2841.00000 2793.61278  1.67%   117  367s
 30290 14969 2833.50340   45  190 2841.00000 2794.12859  1.65%   117  376s
 31439 15212 2810.31443   35  209 2841.00000 2794.67427  1.63%   117  384s
 32116 15343 2804.92369   39  208 2841.00000 2794.99654  1.62%   117  393s
 32540 15608 2805.59552   40  216 2841.00000 2795.14019  1.61%   117  402s
H32715 14943                    2836.0000000 2795.14019  1.44%   117  402s
 33040 15373 2829.53339   41  154 2836.00000 2795.17852  1.44%   117  413s
 34293 15884 2825.64447   48  154 2836.00000 2795.71345  1.42%   117  424s
 35903 16576 2807.65248   27  210 2836.00000 2796.78985  1.38%   116  435s
*37690 15940              68    2834.0000000 2797.13514  1.30%   116  435s
 37773 16429 2815.94900   31  241 2834.00000 2797.63427  1.28%   116  446s
 39550 16970     cutoff   34      2834.00000 2798.54978  1.25%   116  457s
 41383 17259 2828.53004   45  196 2834.00000 2799.53165  1.22%   115  469s
 42800 17981 2811.75756   33  233 2834.00000 2800.27127  1.19%   115  481s
H43450 14638                    2828.0000000 2800.29592  0.98%   115  482s
 44743 14813 2814.75406   28  162 2828.00000 2801.00084  0.95%   115  494s
 46782 15130 2812.20675   32  196 2828.00000 2802.15741  0.91%   115  507s
 48840 15439 2816.70818   31  206 2828.00000 2803.11264  0.88%   115  520s
 51096 15510     cutoff   24      2828.00000 2804.75221  0.82%   115  604s
H51851 11558                    2823.0000000 2804.75270  0.65%   115  604s
 53522 10978     cutoff   63      2823.00000 2806.04153  0.60%   115  618s
 55864 10258     cutoff   44      2823.00000 2807.58857  0.55%   115  632s
 58281  9100     cutoff   45      2823.00000 2809.52055  0.48%   114  645s
 60611  7848     cutoff   57      2823.00000 2811.71153  0.40%   114  658s
 62588  6361     cutoff   33      2823.00000 2813.19542  0.35%   114  667s
 64488  4729     cutoff   38      2823.00000 2815.46474  0.27%   113  673s
 66298  2936     cutoff   52      2823.00000 2817.14948  0.21%   111  678s
 68134   966     cutoff   51      2823.00000 2818.94666  0.14%   110  683s

Cutting planes:
  Gomory: 5
  Lift-and-project: 3
  Cover: 400
  Clique: 32
  MIR: 215
  Knapsack: 11
  StrongCG: 150
  Flow cover: 156
  GUB cover: 15
  Inf proof: 2
  Zero half: 82
  Mod-K: 3
  RLT: 224
  Relax-and-lift: 34
  BQP: 71

Explored 71088 nodes (7531237 simplex iterations) in 684.79 seconds (438.11 work units)
Thread count was 22 (of 22 available processors)

Solution count 10: 2823 2828 2834 ... 2855

Optimal solution found (tolerance 1.00e-04)
Best objective 2.823000000000e+03, best bound 2.823000000000e+03, gap 0.0000%

User-callback calls 224411, time in user-callback 0.70 sec
