
Gurobi 13.0.0 (linux64) logging started Mon Jan  5 03:48:05 2026

Set parameter LogFile to value "../experiments/network-n_40_s_2_rp_0-app_set-id_21_12_apps/compact_model_gurobi.log"
Set parameter TimeLimit to value 900
Gurobi Optimizer version 13.0.0 build v13.0.0rc1 (linux64 - "Ubuntu 24.04.3 LTS")

CPU model: Intel(R) Core(TM) Ultra 7 165H, instruction set [SSE2|AVX|AVX2]
Thread count: 22 physical cores, 22 logical processors, using up to 22 threads

Non-default parameters:
TimeLimit  900
LogToConsole  0

Academic license 2539022 - for non-commercial use only - registered to al___@studenti.unimi.it
Optimize a model with 14780 rows, 3120 columns and 33994 nonzeros (Min)
Model fingerprint: 0x17efe7d3
Model has 3120 linear objective coefficients
Model has 126 quadratic constraints
Variable types: 0 continuous, 3120 integer (3120 binary)
Coefficient statistics:
  Matrix range     [1e+00, 9e+02]
  QMatrix range    [5e+01, 2e+02]
  Objective range  [1e+01, 2e+02]
  Bounds range     [1e+00, 1e+00]
  RHS range        [1e+00, 1e+09]
  QRHS range       [1e+02, 6e+02]
Presolve removed 14012 rows and 1722 columns
Presolve time: 0.11s
Presolved: 12936 rows, 13442 columns, 80585 nonzeros
Variable types: 0 continuous, 13442 integer (13442 binary)

Root relaxation: objective 2.464914e+03, 803 iterations, 0.07 seconds (0.11 work units)

    Nodes    |    Current Node    |     Objective Bounds      |     Work
 Expl Unexpl |  Obj  Depth IntInf | Incumbent    BestBd   Gap | It/Node Time

     0     0 2464.91410    0  148          - 2464.91410      -     -    0s
     0     0 2502.36538    0  143          - 2502.36538      -     -    1s
H    0     0                    3836.0000000 2502.36538  34.8%     -    1s
H    0     0                    3622.0000000 2502.36538  30.9%     -    1s
H    0     0                    3452.0000000 2502.36538  27.5%     -    1s
H    0     0                    3365.0000000 2519.92527  25.1%     -    1s
H    0     0                    3352.0000000 2519.92527  24.8%     -    1s
     0     0 2519.92527    0  157 3352.00000 2519.92527  24.8%     -    1s
     0     0 2520.95067    0  157 3352.00000 2520.95067  24.8%     -    1s
     0     0 2521.26569    0  118 3352.00000 2521.26569  24.8%     -    1s
H    0     0                    3220.0000000 2533.28871  21.3%     -    1s
     0     0 2539.06904    0  171 3220.00000 2539.06904  21.1%     -    1s
H    0     0                    3006.0000000 2539.06904  15.5%     -    1s
     0     0 2541.80101    0  161 3006.00000 2541.80101  15.4%     -    1s
     0     0 2542.52165    0  164 3006.00000 2542.52165  15.4%     -    1s
     0     0 2553.69652    0  208 3006.00000 2553.69652  15.0%     -    2s
H    0     0                    2916.0000000 2553.69652  12.4%     -    2s
     0     0 2559.74115    0  189 2916.00000 2559.74115  12.2%     -    2s
     0     0 2560.79646    0  187 2916.00000 2560.79646  12.2%     -    2s
H    0     0                    2794.0000000 2566.10744  8.16%     -    3s
     0     0 2566.10744    0  189 2794.00000 2566.10744  8.16%     -    3s
     0     0 2566.11787    0  189 2794.00000 2566.11787  8.16%     -    3s
     0     0 2566.11787    0  187 2794.00000 2566.11787  8.16%     -    3s
     0     2 2566.15648    0  187 2794.00000 2566.15648  8.15%     -    3s
    53    91 2584.12409    6  198 2794.00000 2576.74289  7.78%   257    5s
H  103   113                    2738.0000000 2576.83588  5.89%   228    5s
H  110   113                    2730.0000000 2576.83588  5.61%   222    5s
H  170   200                    2713.0000000 2576.83588  5.02%   195    6s
H  313   319                    2706.0000000 2576.83588  4.77%   169    7s
H  315   319                    2642.0000000 2576.83588  2.47%   168    7s
H  322   353                    2628.0000000 2576.83588  1.95%   166    7s
   809   671 2608.60353   24  156 2628.00000 2580.29479  1.82%   112   10s
H  867   714                    2627.0000000 2580.29479  1.78%   109   10s
  1768  1246 2606.36838   20  132 2627.00000 2585.53251  1.58%  95.6   15s
H 1973  1269                    2626.0000000 2586.97412  1.49%  94.5   16s
  2600  1589 2603.25608   15  100 2626.00000 2589.16382  1.40%  91.2   20s
  3327  1909     cutoff   24      2626.00000 2591.72419  1.31%  89.6   25s
  3924  2067 2599.85656   17  243 2626.00000 2592.37667  1.28%  87.4   30s
  4067  2192 2592.37667   22  196 2626.00000 2592.37667  1.28%  89.7   35s
H 4467  2128                    2625.0000000 2592.37667  1.24%  91.8   37s
  4833  2136 2606.05790   31  155 2625.00000 2595.94287  1.11%  92.1   40s
  6091  2110     cutoff   30      2625.00000 2600.47381  0.93%  90.2   45s
H 6284  1945                    2619.0000000 2601.14584  0.68%  89.6   45s
  8421  1009 2614.60636   29  231 2619.00000 2609.01978  0.38%  85.8   50s

Cutting planes:
  Gomory: 1
  Cover: 131
  Implied bound: 1
  Clique: 19
  MIR: 71
  Knapsack: 7
  StrongCG: 46
  Flow cover: 97
  GUB cover: 3
  Zero half: 19
  RLT: 126
  Relax-and-lift: 122
  BQP: 32

Explored 9575 nodes (791790 simplex iterations) in 51.81 seconds (32.18 work units)
Thread count was 22 (of 22 available processors)

Solution count 10: 2619 2625 2626 ... 2738

Optimal solution found (tolerance 1.00e-04)
Best objective 2.619000000000e+03, best bound 2.619000000000e+03, gap 0.0000%

User-callback calls 24523, time in user-callback 0.05 sec
