found_sol 4430.0 time 57.349
found_sol 4423.0 time 58.269
found_sol 4346.0 time 59.974
found_sol 4270.0 time 60.970
found_sol 4267.0 time 65.761
found_sol 4247.0 time 67.898
found_sol 4159.0 time 101.839
found_sol 4139.0 time 108.759
found_sol 4050.0 time 108.761
found_sol 3999.0 time 125.383
found_sol 3913.0 time 147.139
found_sol 3905.0 time 172.865
found_sol 3881.0 time 235.360
found_sol 3854.0 time 395.375
found_sol 3836.0 time 429.081
found_sol 3814.0 time 441.081
found_sol 3803.0 time 453.484
found_sol 3795.0 time 506.785
found_sol 3787.0 time 506.788
found_sol 3787.0 time 537.783
time 537.806
GUROBI
Status OPTIMAL
Runtime 537.8057849407196
NodeCount 30816.0
IterCount 7944628.0
NumVars 4200
NumConstrs 16888
ObjBound 3787.0
ObjBoundC 3787.0
ObjVal 3787.0
MIPGap 0.0
