
Gurobi 13.0.0 (linux64) logging started Sat Jan  3 21:15:58 2026

Set parameter LogFile to value "../experiments/network-n_60_s_1_rp_0-app_set-id_50_21_apps/compact_model_gurobi.log"
Set parameter TimeLimit to value 900
Gurobi Optimizer version 13.0.0 build v13.0.0rc1 (linux64 - "Ubuntu 24.04.3 LTS")

CPU model: Intel(R) Core(TM) Ultra 7 165H, instruction set [SSE2|AVX|AVX2]
Thread count: 22 physical cores, 22 logical processors, using up to 22 threads

Non-default parameters:
TimeLimit  900
LogToConsole  0

Academic license 2539022 - for non-commercial use only - registered to al___@studenti.unimi.it
Optimize a model with 45787 rows, 8160 columns and 102979 nonzeros (Min)
Model fingerprint: 0x0d759414
Model has 8160 linear objective coefficients
Model has 206 quadratic constraints
Variable types: 0 continuous, 8160 integer (8160 binary)
Coefficient statistics:
  Matrix range     [1e+00, 8e+02]
  QMatrix range    [5e+01, 2e+02]
  Objective range  [1e+01, 2e+02]
  Bounds range     [1e+00, 1e+00]
  RHS range        [1e+00, 1e+09]
  QRHS range       [1e+02, 6e+02]
Presolve removed 44217 rows and 4958 columns
Presolve time: 0.53s
Presolved: 38582 rows, 40008 columns, 246538 nonzeros
Variable types: 0 continuous, 40008 integer (40008 binary)
Deterministic concurrent LP optimizer: primal and dual simplex
Showing primal log only...

Concurrent spin time: 0.24s (can be avoided by choosing Method=3)

Solved with dual simplex

Root relaxation: objective 5.230045e+03, 4114 iterations, 0.83 seconds (1.05 work units)

    Nodes    |    Current Node    |     Objective Bounds      |     Work
 Expl Unexpl |  Obj  Depth IntInf | Incumbent    BestBd   Gap | It/Node Time

     0     0 5230.04530    0  328          - 5230.04530      -     -    2s
     0     0 5256.96397    0  335          - 5256.96397      -     -    4s
     0     0 5291.89388    0  357          - 5291.89388      -     -    5s
     0     0 5336.34650    0  417          - 5336.34650      -     -    7s
     0     0 5344.11768    0  396          - 5344.11768      -     -    8s
     0     0 5347.09536    0  428          - 5347.09536      -     -    8s
     0     0 5347.20047    0  446          - 5347.20047      -     -    9s
     0     0 5401.22313    0  446          - 5401.22313      -     -   11s
     0     0 5451.25020    0  475          - 5451.25020      -     -   12s
     0     0 5472.00730    0  496          - 5472.00730      -     -   12s
     0     0 5478.50479    0  504          - 5478.50479      -     -   13s
     0     0 5484.68406    0  500          - 5484.68406      -     -   14s
     0     0 5488.61681    0  534          - 5488.61681      -     -   15s
     0     0 5489.48768    0  562          - 5489.48768      -     -   15s
     0     0 5538.93799    0  532          - 5538.93799      -     -   17s
     0     0 5557.80742    0  491          - 5557.80742      -     -   21s
     0     0 5570.22930    0  552          - 5570.22930      -     -   21s
     0     0 5574.87666    0  585          - 5574.87666      -     -   22s
     0     0 5597.27282    0  566          - 5597.27282      -     -   25s
     0     0 5597.28361    0  554          - 5597.28361      -     -   25s
     0     0 5597.28361    0  548          - 5597.28361      -     -   25s
     0     2 5597.30896    0  542          - 5597.30896      -     -   29s
     1     5 5598.93790    1  500          - 5597.35629      -   310   30s
    53    87 5611.31972    6  495          - 5605.10296      -   394   36s
   127   163 5616.74347    8  509          - 5605.10296      -   360   40s
   245   246 5624.96432   12  507          - 5605.10296      -   365   45s
   362   327 5630.92311   15  456          - 5605.10296      -   350   50s
   470   405 5647.04748   21  448          - 5605.10296      -   342   55s
   553   484 5638.72864   23  468          - 5608.31194      -   338   61s
   628   551 5639.79442   25  455          - 5608.31194      -   325   67s
   682   602 5643.69167   26  454          - 5608.31194      -   316   71s
   730   650 5651.27803   28  457          - 5608.31194      -   313   75s
   805   725 5663.72169   29  429          - 5608.31194      -   319   81s
   889   808 5666.45531   31  416          - 5608.31194      -   320   87s
   947   868 5669.68115   33  431          - 5608.31194      -   315   91s
  1015   954 5670.42185   35  441          - 5608.31194      -   314   96s
  1116  1051 5674.26128   36  427          - 5608.31194      -   315  100s
  1215  1167 5678.22446   40  457          - 5608.31194      -   315  105s
  1330  1273 5686.93136   47  433          - 5608.31194      -   311  112s
  1391  1334 5685.01264   50  426          - 5608.31194      -   313  115s
  1514  1428 5692.71750   61  408          - 5608.31194      -   314  122s
  1556  1458 5701.04578   67  379          - 5608.31194      -   314  125s
  1616  1513 5708.56301   73  393          - 5608.31194      -   318  133s
  1653  1572 5763.86908   73  395          - 5608.31194      -   319  137s
  1718  1634 5709.06709   74  400          - 5608.31194      -   319  140s
  1878  1841 5719.36138   75  392          - 5608.31194      -   320  148s
  2001  1941 5714.81732   76  412          - 5608.31194      -   318  152s
  2105  2112 5715.69947   77  406          - 5608.31194      -   317  157s
  2279  2322 5726.76626   79  399          - 5608.31194      -   314  163s
  2491  2530 5760.65050   86  369          - 5608.31194      -   308  168s
  2700  2705 5818.45371   90  375          - 5608.31194      -   305  172s
  2881  2912 5769.00167   92  319          - 5608.31194      -   307  176s
  3096  3134 5791.50346   98  309          - 5608.31194      -   306  180s
  3335  3325 5826.49456  105  325          - 5608.31194      -   303  185s
  3553  3534 5864.07301  115  333          - 5608.31194      -   305  190s
  3813  3751 5927.62524  130  255          - 5608.31194      -   302  195s
  4063  4017 5901.81647  145  281          - 5608.31194      -   303  201s
  4384  4270 5987.03847  155  269          - 5608.31194      -   300  206s
  4742  4511 6266.51320  176  226          - 5610.22652      -   296  212s
  5045  4710 5624.16748   12  431          - 5610.22652      -   295  218s
  5332  4988 5655.25382   17  403          - 5610.22652      -   297  223s
  5684  5245 5670.60134   22  392          - 5610.22652      -   294  229s
  6047  5525 5698.40062   30  343          - 5611.94582      -   292  234s
  6414  5526 5645.47749   19 17358          - 5613.36767      -   289  248s
  6416  5527 5711.40069   29  361          - 5613.36767      -   289  254s
  6417  5528 5801.21755   91  383          - 5613.36767      -   289  255s
  6419  5529 5618.02028   11  517          - 5613.36767      -   289  260s
  6421  5531 5843.58135   59  515          - 5613.36767      -   289  267s
  6423  5532 5664.24691   16  538          - 5613.36767      -   289  270s
  6431  5537 5773.81272   31  624          - 5616.14411      -   289  275s
  6438  5542 5648.58624   26  584          - 5634.04575      -   288  280s
  6444  5546 5893.79812  103  682          - 5642.66327      -   288  285s
  6454  5553 5715.24397   18  672          - 5648.45752      -   288  290s
  6465  5560 5654.47238   16  628          - 5654.47238      -   287  295s
  6477  5568 5739.34748   69  780          - 5657.59816      -   287  300s
  6488  5575 5663.23158   19  803          - 5663.23158      -   286  305s
  6496  5581 5847.27232   65  735          - 5666.09683      -   286  310s
  6509  5589 5684.90262   50  808          - 5669.78080      -   285  315s
  6518  5595 5888.29930  122  826          - 5672.38471      -   285  320s
  6534  5606 5673.08880   21  794          - 5673.08880      -   284  326s
  6542  5611 5889.03407   68  769          - 5674.70449      -   284  330s
  6557  5621 6033.44912  116  772          - 5676.47488      -   283  335s
  6569  5629 5777.97229   73  738          - 5677.64038      -   283  340s
  6580  5637 5991.58155  137  755          - 5678.18729      -   282  345s
  6592  5645 5766.62560   61  757          - 5680.54407      -   282  350s
  6604  5653 5737.56623   20  741          - 5682.20164      -   281  355s
  6619  5663 5682.49635   11  772          - 5682.49635      -   280  360s
  6631  5671 5773.81272   31  768          - 5685.22334      -   280  365s
  6643  5679 6093.23433  172  788          - 5685.58119      -   279  370s
  6655  5687 5829.01086  101  774          - 5685.82155      -   279  375s
  6670  5697 5761.24320   54  804          - 5686.34634      -   278  380s
  6682  5705 5845.89142  130  744          - 5687.17880      -   278  385s
  6692  5711 5766.62560   61  791          - 5687.79623      -   277  392s
  6698  5715 5687.81412   10  788          - 5687.81412      -   277  395s
  6702  5719 5786.88754   68 17358          - 5687.81593      -   291  402s
  6704  5720 5737.56623   20  366          - 5687.81593      -   291  409s
  6705  5721 5739.69195   81  398          - 5687.81593      -   291  410s
  6707  5722 5942.69861  158  502          - 5687.81593      -   290  415s
  6709  5724 5687.81909   50  471          - 5687.81909      -   290  421s
  6711  5725 5900.99406  143  656          - 5689.40140      -   290  426s
  6713  5726 5722.96678   33  648          - 5689.40140      -   290  430s
  6717  5729 5801.21755   91  730          - 5690.51371      -   290  435s
  6731  5738 5773.81272   31  748          - 5690.51371      -   289  440s
  6740  5744 6084.62434  113  722          - 5690.51371      -   289  446s
  6750  5751 5771.59710   44  743          - 5690.51371      -   289  451s
  6758  5756 5736.95593   38  740          - 5690.51371      -   288  455s
  6767  5762 5769.84676   97  721          - 5690.51371      -   288  460s
  6773  5766 5741.63693   86  722          - 5690.51371      -   288  465s
  6779  5770 5770.83988  101  721          - 5690.51371      -   287  470s
  6785  5774 5971.90906  148  744          - 5691.03783      -   287  475s
  6791  5778 5718.87257   34  714          - 5691.15644      -   287  480s
  6800  5784 5699.02890   53  726          - 5691.54343      -   287  485s
  6811  5792 5900.99406  143  697          - 5691.62510      -   286  490s
  6822  5799 6194.68793  111  709          - 5691.98396      -   286  495s
  6823  5800 5691.98557   16  709          - 5691.98557      -   286  507s
  6824  5803 5692.28194   25  646          - 5692.28194      -   293  511s
  6830  5813 5704.15981   27  658          - 5696.04174      -   294  520s
  6838  5823 5710.03093   28  650          - 5698.33714      -   295  530s
  6854  5837 5711.45912   29  620          - 5699.68318      -   299  542s
  6876  5857 5713.95439   30  621          - 5699.88008      -   303  553s
  6913  5862 5714.24736   31  597          - 5700.60122      -   306  580s
  6938  5896 5774.50964   31  615          - 5700.73774      -   310  594s
  6985  5916 5714.53784   32  646          - 5704.09674      -   314  608s
  7020  5947 5716.80414   33  619          - 5704.26058      -   319  622s
  7063  5973 5722.54766   34  626          - 5706.12134      -   327  635s
  7103  5981 5756.53055   35  620          - 5707.18313      -   333  646s
  7127  5996 5734.47874   35  595          - 5707.18508      -   336  657s
  7150  6015 5737.02768   36  580          - 5709.45759      -   340  668s
  7176  6033 5737.07054   37  580          - 5709.52813      -   345  680s
  7205  6045 5741.50565   38  583          - 5713.08657      -   350  692s
  7227  6065 5750.80025   38  596          - 5713.08657      -   353  706s
  7254  6086 5751.22335   39  569          - 5713.54813      -   358  719s
  7286  6101 6053.46134   39  584          - 5713.54813      -   362  734s
  7312  6127 5754.53985   40  549          - 5713.54813      -   367  746s
  7350  6140 5757.31050   40  553          - 5713.54813      -   372  759s
  7386  6159 5766.64353   41  545          - 5713.54813      -   380  769s
  7419  6187 5764.93505   41  566          - 5713.54813      -   382  781s
  7460  6195 5768.12002   42  517          - 5713.54813      -   387  792s
  7482  6210 5783.35094   42  546          - 5713.54813      -   388  805s
  7504  6225 5787.77749   43  610          - 5713.54813      -   392  817s
  7526  6239 5820.83644   43  533          - 5713.54813      -   394  829s
  7548  6256 5793.58033   44  577          - 5713.54813      -   399  840s
  7572  6289 5789.98823   44  604          - 5713.54813      -   401  852s
  7613  6301 5790.99385   45  582          - 5713.54813      -   404  864s
  7639  6322 5827.63429   45  590          - 5713.54813      -   406  878s
  7674  6364 5791.48480   46  586          - 5713.54813      -   409  892s
  7730  6385 5832.52351   46  536          - 5713.54813      -   413  900s

Cutting planes:
  Gomory: 5
  Lift-and-project: 1
  Cover: 129
  Clique: 54
  MIR: 150
  Knapsack: 10
  StrongCG: 76
  Flow cover: 433
  GUB cover: 27
  Zero half: 49
  RLT: 77
  Relax-and-lift: 171
  BQP: 12

Explored 7774 nodes (3247977 simplex iterations) in 900.08 seconds (1092.24 work units)
Thread count was 22 (of 22 available processors)

Solution count 0

Time limit reached
Best objective -, best bound 5.714000000000e+03, gap -

User-callback calls 176753, time in user-callback 0.99 sec
