
Gurobi 13.0.0 (linux64) logging started Sun Jan 18 04:49:19 2026

Set parameter LogFile to value "../experiments/network-n_60_s_1_rp_0-app_set-id_50_21_apps/submip_40_epr0_model_gurobi.log"
Set parameter TimeLimit to value 8.9274239905398281e+02
Gurobi Optimizer version 13.0.0 build v13.0.0rc1 (linux64 - "Ubuntu 24.04.3 LTS")

CPU model: Intel(R) Core(TM) Ultra 7 165H, instruction set [SSE2|AVX|AVX2]
Thread count: 22 physical cores, 22 logical processors, using up to 22 threads

Non-default parameters:
TimeLimit  8.9274239905398281e+02
LogToConsole  0

Academic license 2539022 - for non-commercial use only - registered to al___@studenti.unimi.it
Optimize a model with 45861 rows, 8160 columns and 103053 nonzeros (Min)
Model fingerprint: 0xae811387
Model has 8160 linear objective coefficients
Model has 206 quadratic constraints
Variable types: 0 continuous, 8160 integer (8160 binary)
Coefficient statistics:
  Matrix range     [1e+00, 8e+02]
  QMatrix range    [5e+01, 2e+02]
  Objective range  [1e+01, 2e+02]
  Bounds range     [1e+00, 1e+00]
  RHS range        [1e+00, 1e+09]
  QRHS range       [1e+02, 6e+02]
Presolve removed 45408 rows and 6933 columns
Presolve time: 0.13s
Presolved: 8185 rows, 8702 columns, 52762 nonzeros
Variable types: 1 continuous, 8701 integer (8701 binary)

Root relaxation: objective 5.579588e+03, 1700 iterations, 0.12 seconds (0.16 work units)

    Nodes    |    Current Node    |     Objective Bounds      |     Work
 Expl Unexpl |  Obj  Depth IntInf | Incumbent    BestBd   Gap | It/Node Time

     0     0 5579.58848    0  187          - 5579.58848      -     -    0s
     0     0 6011.51121    0  201          - 6011.51121      -     -    1s
     0     0 6072.07561    0  201          - 6072.07561      -     -    1s
     0     0 6073.25923    0  206          - 6073.25923      -     -    1s

Cutting planes:
  Gomory: 9
  Lift-and-project: 17
  Cover: 64
  Implied bound: 5
  Clique: 47
  MIR: 53
  Knapsack: 14
  StrongCG: 27
  GUB cover: 9
  Zero half: 17
  RLT: 112
  Relax-and-lift: 36
  BQP: 45
  PSD: 1

Explored 1 nodes (3320 simplex iterations) in 1.99 seconds (1.57 work units)
Thread count was 22 (of 22 available processors)

Solution count 0

Model is infeasible
Best objective -, best bound -, gap -

User-callback calls 1239, time in user-callback 0.00 sec
Set parameter LogToConsole to value 0
