
Gurobi 13.0.0 (linux64) logging started Fri Jan  2 23:49:18 2026

Set parameter LogFile to value "../experiments/network-n_50_s_2_rp_0-app_set-id_32_15_apps/compact_model_gurobi.log"
Set parameter TimeLimit to value 900
Gurobi Optimizer version 13.0.0 build v13.0.0rc1 (linux64 - "Ubuntu 24.04.3 LTS")

CPU model: Intel(R) Core(TM) Ultra 7 165H, instruction set [SSE2|AVX|AVX2]
Thread count: 22 physical cores, 22 logical processors, using up to 22 threads

Non-default parameters:
TimeLimit  900
LogToConsole  0

Academic license 2539022 - for non-commercial use only - registered to al___@studenti.unimi.it
Optimize a model with 23401 rows, 4900 columns and 53475 nonzeros (Min)
Model fingerprint: 0xb5be700b
Model has 4900 linear objective coefficients
Model has 162 quadratic constraints
Variable types: 0 continuous, 4900 integer (4900 binary)
Coefficient statistics:
  Matrix range     [1e+00, 9e+02]
  QMatrix range    [5e+01, 2e+02]
  Objective range  [1e+01, 2e+02]
  Bounds range     [1e+00, 1e+00]
  RHS range        [1e+00, 1e+09]
  QRHS range       [1e+02, 6e+02]
Presolve removed 22479 rows and 3077 columns
Presolve time: 0.26s
Presolved: 18056 rows, 18797 columns, 114835 nonzeros
Variable types: 0 continuous, 18797 integer (18797 binary)
Deterministic concurrent LP optimizer: primal and dual simplex
Showing primal log only...

Concurrent spin time: 0.00s

Solved with dual simplex

Root relaxation: objective 3.137955e+03, 832 iterations, 0.14 seconds (0.14 work units)

    Nodes    |    Current Node    |     Objective Bounds      |     Work
 Expl Unexpl |  Obj  Depth IntInf | Incumbent    BestBd   Gap | It/Node Time

     0     0 3137.95502    0  141          - 3137.95502      -     -    0s
     0     0 3180.23638    0  143          - 3180.23638      -     -    1s
     0     0 3193.77113    0  178          - 3193.77113      -     -    2s
     0     0 3194.43191    0  188          - 3194.43191      -     -    2s
     0     0 3194.48073    0  188          - 3194.48073      -     -    2s
     0     0 3214.04154    0  188          - 3214.04154      -     -    2s
     0     0 3225.09871    0  189          - 3225.09871      -     -    2s
     0     0 3226.09763    0  192          - 3226.09763      -     -    3s
     0     0 3226.12620    0  193          - 3226.12620      -     -    3s
     0     0 3240.03432    0  208          - 3240.03432      -     -    3s
     0     0 3240.21401    0  206          - 3240.21401      -     -    3s
     0     0 3243.46832    0  203          - 3243.46832      -     -    3s
     0     0 3243.98458    0  228          - 3243.98458      -     -    3s
     0     0 3257.25160    0  228          - 3257.25160      -     -    4s
     0     0 3260.35809    0  217          - 3260.35809      -     -    4s
     0     0 3261.35896    0  227          - 3261.35896      -     -    4s
     0     0 3262.40880    0  255          - 3262.40880      -     -    4s
     0     0 3262.42008    0  251          - 3262.42008      -     -    4s
     0     0 3262.42008    0  241          - 3262.42008      -     -    4s
     0     2 3262.42008    0  241          - 3262.42008      -     -    5s
   404   415 3370.57740   18  147          - 3275.99396      -   112   10s
H  762   707                    3684.0000000 3275.99396  11.1%   101   13s
H  826   807                    3614.0000000 3275.99396  9.35%   100   13s
  1073  1015 3446.20724   37   91 3614.00000 3275.99396  9.35%  94.9   15s
H 1196  1087                    3602.0000000 3275.99396  9.05%  93.8   15s
H 1266  1132                    3580.0000000 3276.13047  8.49%  92.0   15s
  1916  1622 3417.23834   19  155 3580.00000 3281.01376  8.35%  92.9   20s
  2419  1882 3553.69324   40   42 3580.00000 3281.86739  8.33%  96.2   25s
H 2443  1879                    3572.0000000 3281.86739  8.12%  96.6   25s
  3035  2288 3330.31944   31 6034 3572.00000 3284.20784  8.06%  95.0   32s
  3045  2295 3368.26995   14  273 3572.00000 3284.20784  8.06%  94.7   35s
H 3080  2201                    3545.0000000 3284.20784  7.36%  93.6   38s
H 3083  2092                    3529.0000000 3284.20784  6.94%  93.6   39s
H 3083  1986                    3527.0000000 3284.20784  6.88%  93.6   39s
  3089  1990 3378.11711   37  310 3527.00000 3284.71223  6.87%  93.4   40s
H 3092  1892                    3512.0000000 3285.10854  6.46%  93.3   40s
  3111  1914 3301.66515   17  256 3512.00000 3290.16481  6.32%  96.5   45s
H 3127  1828                    3492.0000000 3294.82045  5.65%  97.7   47s
  3157  1889 3314.21610   20  230 3492.00000 3299.60228  5.51%   101   50s
  3291  1967 3324.62232   23  257 3492.00000 3299.94089  5.50%   106   55s
  3518  2084 3363.15038   27  192 3492.00000 3299.94089  5.50%   111   60s
H 3597  1981                    3478.0000000 3302.41347  5.05%   112   61s
H 3607  1909                    3472.0000000 3302.41347  4.88%   112   63s
H 3630  1819                    3460.0000000 3304.21027  4.50%   113   63s
H 3697  1761                    3454.0000000 3306.38184  4.27%   114   65s
H 3698  1686                    3417.0000000 3306.38184  3.24%   114   65s
  3895  1676 3321.82788   25  238 3417.00000 3308.49656  3.18%   118   71s
H 3930  1609                    3400.0000000 3308.55097  2.69%   118   72s
  4016  1619 infeasible   29      3400.00000 3309.09111  2.67%   119   75s
  4313  1682 3347.09576   20  185 3400.00000 3311.95540  2.59%   122   81s
H 4350  1602                    3399.0000000 3311.95540  2.56%   122   81s
H 4352  1538                    3398.0000000 3311.95540  2.53%   122   81s
  4638  1607 3321.54084   23  197 3398.00000 3313.61398  2.48%   123   86s
  5066  1656 3391.53784   35  127 3398.00000 3313.61398  2.48%   125   91s
  5393  1606     cutoff   32      3398.00000 3316.33274  2.40%   126   95s
  5483  1591     cutoff   32      3398.00000 3316.67194  2.39%   126  100s
  5593  1568 3396.27685   26  146 3398.00000 3316.67194  2.39%   126  106s
  5714  1572 3370.44083   23  187 3398.00000 3321.98170  2.24%   126  110s
  6187  1525 3341.76246   25  180 3398.00000 3322.41530  2.22%   126  116s
  6438  1570 3335.74971   25  212 3398.00000 3325.19952  2.14%   126  122s
  7057  1676     cutoff   40      3398.00000 3328.95185  2.03%   125  127s
  7630  1832 3366.14105   33  108 3398.00000 3331.86406  1.95%   125  132s
  7953  1877     cutoff   31      3398.00000 3333.92193  1.89%   126  135s
  8524  2052 3379.59084   36  153 3398.00000 3335.16580  1.85%   127  141s
  9228  2206 3370.25834   30  163 3398.00000 3338.77228  1.74%   126  147s
  9709  2236 3370.40885   37  158 3398.00000 3338.77228  1.74%   125  150s
 10477  2335     cutoff   31      3398.00000 3341.48473  1.66%   125  157s
 11022  2413 3381.59776   22  187 3398.00000 3343.51983  1.60%   125  160s
 12076  2487     cutoff   32      3398.00000 3347.49093  1.49%   124  167s
 12700  2511 infeasible   43      3398.00000 3349.96789  1.41%   124  171s
 13184  2500     cutoff   34      3398.00000 3351.59353  1.37%   124  175s
 14642  2532     cutoff   32      3398.00000 3355.77360  1.24%   123  183s
H14935  1316                    3374.0000000 3356.23633  0.53%   123  183s
 15324    42     cutoff   39      3374.00000 3357.99847  0.47%   122  186s

Cutting planes:
  Gomory: 7
  Lift-and-project: 5
  Cover: 372
  Clique: 42
  MIR: 190
  Knapsack: 10
  StrongCG: 127
  Flow cover: 199
  GUB cover: 15
  Inf proof: 2
  Zero half: 107
  RLT: 128
  Relax-and-lift: 117
  BQP: 35

Explored 16654 nodes (1950235 simplex iterations) in 186.56 seconds (100.95 work units)
Thread count was 22 (of 22 available processors)

Solution count 10: 3374 3398 3399 ... 3492

Optimal solution found (tolerance 1.00e-04)
Best objective 3.374000000000e+03, best bound 3.374000000000e+03, gap 0.0000%

User-callback calls 51543, time in user-callback 0.19 sec
