
Gurobi 13.0.0 (linux64) logging started Mon Jan  5 03:48:58 2026

Set parameter LogFile to value "../experiments/network-n_40_s_2_rp_0-app_set-id_22_12_apps/compact_model_gurobi.log"
Set parameter TimeLimit to value 900
Gurobi Optimizer version 13.0.0 build v13.0.0rc1 (linux64 - "Ubuntu 24.04.3 LTS")

CPU model: Intel(R) Core(TM) Ultra 7 165H, instruction set [SSE2|AVX|AVX2]
Thread count: 22 physical cores, 22 logical processors, using up to 22 threads

Non-default parameters:
TimeLimit  900
LogToConsole  0

Academic license 2539022 - for non-commercial use only - registered to al___@studenti.unimi.it
Optimize a model with 14418 rows, 3120 columns and 33215 nonzeros (Min)
Model fingerprint: 0x3744da60
Model has 3120 linear objective coefficients
Model has 126 quadratic constraints
Variable types: 0 continuous, 3120 integer (3120 binary)
Coefficient statistics:
  Matrix range     [1e+00, 8e+02]
  QMatrix range    [6e+01, 2e+02]
  Objective range  [1e+01, 2e+02]
  Bounds range     [1e+00, 1e+00]
  RHS range        [1e+00, 1e+09]
  QRHS range       [1e+02, 6e+02]
Presolve removed 13727 rows and 1781 columns
Presolve time: 0.11s
Presolved: 10744 rows, 11268 columns, 69372 nonzeros
Variable types: 0 continuous, 11268 integer (11268 binary)

Root relaxation: objective 2.728311e+03, 849 iterations, 0.07 seconds (0.10 work units)

    Nodes    |    Current Node    |     Objective Bounds      |     Work
 Expl Unexpl |  Obj  Depth IntInf | Incumbent    BestBd   Gap | It/Node Time

     0     0 2728.31105    0  148          - 2728.31105      -     -    0s
     0     0 2777.26040    0  177          - 2777.26040      -     -    1s
     0     0 2783.52659    0  210          - 2783.52659      -     -    1s
     0     0 2783.83891    0  204          - 2783.83891      -     -    1s
H    0     0                    4754.0000000 2783.83891  41.4%     -    1s
     0     0 2814.31244    0  221 4754.00000 2814.31244  40.8%     -    1s
H    0     0                    4677.0000000 2814.31244  39.8%     -    2s
     0     0 2826.73986    0  215 4677.00000 2826.73986  39.6%     -    2s
     0     0 2828.71399    0  212 4677.00000 2828.71399  39.5%     -    2s
     0     0 2829.48755    0  225 4677.00000 2829.48755  39.5%     -    2s
     0     0 2851.40651    0  283 4677.00000 2851.40651  39.0%     -    2s
H    0     0                    4097.0000000 2851.40651  30.4%     -    2s
     0     0 2858.29261    0  271 4097.00000 2858.29261  30.2%     -    2s
     0     0 2860.35852    0  239 4097.00000 2860.35852  30.2%     -    2s
     0     0 2865.45662    0  240 4097.00000 2865.45662  30.1%     -    3s
H    0     0                    4062.0000000 2865.45662  29.5%     -    3s
     0     0 2868.64237    0  228 4062.00000 2868.64237  29.4%     -    3s
     0     0 2875.95988    0  298 4062.00000 2875.95988  29.2%     -    3s
H    0     0                    3772.0000000 2875.95988  23.8%     -    3s
H    0     0                    3770.0000000 2875.95988  23.7%     -    3s
H    0     0                    3558.0000000 2875.95988  19.2%     -    3s
H    0     0                    3551.0000000 2875.95988  19.0%     -    3s
     0     0 2878.05727    0  275 3551.00000 2878.05727  19.0%     -    3s
     0     0 2879.88369    0  277 3551.00000 2879.88369  18.9%     -    3s
     0     0 2879.98860    0  276 3551.00000 2879.98860  18.9%     -    3s
     0     0 2879.98860    0  276 3551.00000 2879.98860  18.9%     -    3s
H    0     0                    3434.0000000 2879.98860  16.1%     -    4s
H    0     0                    3405.0000000 2879.98860  15.4%     -    4s
H    0     0                    3299.0000000 2879.99767  12.7%     -    4s
     0     2 2879.99767    0  270 3299.00000 2879.99767  12.7%     -    4s
    15    32 2888.69383    4  258 3299.00000 2884.68538  12.6%   302    5s
H   76    98                    3230.0000000 2889.39222  10.5%   274    7s
H   93    98                    3176.0000000 2889.39222  9.02%   253    7s
H  210   257                    3174.0000000 2889.39222  8.97%   208    8s
H  212   257                    3167.0000000 2889.39222  8.77%   209    8s
H  320   354                    3165.0000000 2889.39222  8.71%   186    9s
   391   438 2921.76062   13  255 3165.00000 2889.39222  8.71%   186   10s
H  448   480                    3137.0000000 2889.39222  7.89%   181   10s
H  458   480                    3121.0000000 2889.39222  7.42%   181   10s
H  629   663                    3086.0000000 2889.39222  6.37%   166   12s
H  691   709                    3052.0000000 2889.39222  5.33%   161   12s
   962   977 2942.33014   24  181 3052.00000 2889.41490  5.33%   150   15s
  1733  1553     cutoff   40      3052.00000 2893.39342  5.20%   138   21s
  1978  1715 3015.12726   46  159 3052.00000 2894.59605  5.16%   135   25s
H 2180  1870                    3048.0000000 2895.73828  5.00%   133   27s
  2518  2164 2922.01788   16  187 3048.00000 2896.07243  4.98%   131   30s
  2811  2313 2968.56801   33  182 3048.00000 2896.07243  4.98%   131   35s
  2853  2341 2944.97254   29  313 3048.00000 2896.07243  4.98%   129   40s
  2894  2369 2973.08669   30  370 3048.00000 2896.43107  4.97%   128   45s
  2941  2400 2968.20315   38  343 3048.00000 2900.05933  4.85%   125   50s
  2973  2430 2904.98712   12  305 3048.00000 2902.60213  4.77%   130   55s
  3067  2526 2912.08444   16  327 3048.00000 2909.22014  4.55%   135   60s
  3270  2662 2949.40892   20  217 3048.00000 2909.22014  4.55%   142   65s
  3439  2760 2953.39867   23  267 3048.00000 2909.22014  4.55%   145   70s
  3641  2857 2959.89273   27  134 3048.00000 2909.22136  4.55%   150   75s
  3881  2940 2974.34333   32  179 3048.00000 2913.44376  4.41%   153   80s
H 3898  2810                    3035.0000000 2913.44376  4.01%   153   80s
  4142  2904 2995.77031   38  177 3035.00000 2914.16627  3.98%   155   86s
  4418  3009 3005.19207   18  209 3035.00000 2914.16627  3.98%   157   90s
  4604  2990 3029.41004   25  220 3035.00000 2916.24270  3.91%   158   95s
  4910  3062 2944.09499   32  228 3035.00000 2917.43154  3.87%   158  101s
H 5023  2828                    3017.0000000 2917.43154  3.30%   158  103s
  5036  2910 2959.70477   40  231 3017.00000 2917.43154  3.30%   158  105s
H 5195  2560                    2998.0000000 2917.43154  2.69%   158  107s
  5441  2681 2942.50202   25  261 2998.00000 2920.51630  2.58%   159  111s
  5852  2799 2981.10578   41  203 2998.00000 2921.07273  2.57%   159  115s
  6279  2797 2960.12785   33  203 2998.00000 2922.67554  2.51%   160  120s
  6616  2958 2955.81887   24  217 2998.00000 2924.40162  2.45%   162  125s
  7074  2984 infeasible   33      2998.00000 2924.74674  2.44%   163  130s
  7647  3090 2955.08765   27  255 2998.00000 2925.07329  2.43%   164  135s
  8180  3187 2950.42316   21  230 2998.00000 2927.33260  2.36%   165  141s
  8794  3314 2992.67943   21  231 2998.00000 2930.21646  2.26%   168  147s
  9206  3351 2989.52703   33  212 2998.00000 2932.73905  2.18%   167  150s
  9961  3698     cutoff   45      2998.00000 2934.78802  2.11%   167  157s
 10201  3877 2966.51266   25  233 2998.00000 2934.78802  2.11%   167  160s
 11158  4171     cutoff   35      2998.00000 2936.10323  2.06%   167  167s
 11582  4267 2977.42988   36  155 2998.00000 2936.14431  2.06%   167  171s
 11859  4464 2985.22376   26  249 2998.00000 2937.13748  2.03%   168  175s
 12846  4885 2989.44029   28  232 2998.00000 2938.04001  2.00%   168  183s
 13377  5068 2971.16135   24  195 2998.00000 2939.31636  1.96%   168  187s
 13942  5230 2975.76353   30  188 2998.00000 2940.17964  1.93%   169  192s
 14331  5495 2989.55209   26  192 2998.00000 2940.38207  1.92%   169  196s
 14963  5765 2961.23785   24  274 2998.00000 2941.40318  1.89%   168  201s
 15601  6003 2971.79108   27  177 2998.00000 2941.89698  1.87%   168  205s
 16248  6235 2957.10935   24  188 2998.00000 2942.54405  1.85%   169  210s
 16878  6553 2958.98764   27  242 2998.00000 2942.59710  1.85%   169  215s
 17589  6875 2994.14130   38  163 2998.00000 2943.91745  1.80%   169  220s
 18300  6916 2990.35631   46  180 2998.00000 2944.62096  1.78%   170  226s
 18366  7088 2995.88945   49  168 2998.00000 2944.62096  1.78%   170  232s
 18992  7392 2975.53927   33  176 2998.00000 2945.02427  1.77%   169  237s
 19781  7625     cutoff   35      2998.00000 2945.83280  1.74%   170  243s
 20327  7990 2996.92240   33  222 2998.00000 2946.22779  1.73%   170  249s
 21262  8266 2960.60852   28  225 2998.00000 2946.97840  1.70%   169  255s
 22279  8507     cutoff   28      2998.00000 2947.83270  1.67%   169  261s
 23318  8815 2978.42125   33  217 2998.00000 2948.25447  1.66%   169  268s
 24294  9183 2962.67697   27  222 2998.00000 2949.04348  1.63%   170  277s
 25418  9482 2980.90517   31  264 2998.00000 2949.67392  1.61%   170  283s
 26322  9725 2995.11016   23  112 2998.00000 2950.56511  1.58%   170  290s
 27164 10065 2978.44170   33  215 2998.00000 2950.90393  1.57%   170  296s
 28242 10377 2990.92084   30  197 2998.00000 2951.56074  1.55%   170  303s
 29448 10677     cutoff   42      2998.00000 2952.26987  1.53%   170  311s
 30556 10966     cutoff   25      2998.00000 2952.67857  1.51%   170  318s
 31734 11329 2979.76846   24  171 2998.00000 2953.27432  1.49%   170  326s
 33069 11614     cutoff   26      2998.00000 2953.85862  1.47%   169  334s
 33998 11968 2995.49182   34  173 2998.00000 2954.34858  1.46%   170  343s
 35417 12280     cutoff   36      2998.00000 2954.93996  1.44%   170  351s
 36834 12675 2974.02776   31  223 2998.00000 2955.64086  1.41%   170  360s
 38347 13027     cutoff   24      2998.00000 2956.16027  1.40%   170  369s
 39925 13359     cutoff   33      2998.00000 2956.97455  1.37%   170  379s
 41558 13708 2979.39648   29  174 2998.00000 2957.62179  1.35%   170  389s
 43417 14057 2974.49736   29  219 2998.00000 2958.24943  1.33%   170  399s
 45140 14434     cutoff   33      2998.00000 2959.06028  1.30%   170  409s
 46991 14708 2995.38740   31  168 2998.00000 2959.72563  1.28%   170  420s
 48825 15043 2993.04681   36  187 2998.00000 2960.41002  1.25%   170  488s
 51082 15248 2972.38719   21  205 2998.00000 2961.17601  1.23%   171  500s
 52841 15549 2977.70675   28  218 2998.00000 2961.82440  1.21%   171  512s
 54963 15760     cutoff   33      2998.00000 2962.71740  1.18%   171  525s
 57111 15998 2981.63325   28  219 2998.00000 2963.53841  1.15%   172  538s
 59439 16082 2988.77651   35  255 2998.00000 2964.29954  1.12%   172  551s
 61639 16267 2980.10458   26  202 2998.00000 2965.02959  1.10%   172  564s
 64024 16392     cutoff   28      2998.00000 2965.92699  1.07%   173  577s
 66381 16402 2993.87415   31  175 2998.00000 2966.77735  1.04%   173  590s
 68758 16396     cutoff   31      2998.00000 2967.55342  1.02%   174  603s
 69855 16330 2991.86378   28  138 2998.00000 2968.08105  1.00%   174  617s
 72120 16224 2992.19970   27  155 2998.00000 2968.81639  0.97%   175  631s
 74084 16075 2985.42783   29  190 2998.00000 2969.54423  0.95%   176  645s
 76524 15840 2990.47101   32  234 2998.00000 2970.47406  0.92%   177  659s
 78992 15453 2986.18117   28  226 2998.00000 2971.17751  0.89%   178  673s
 81396 15018 2988.39052   24  173 2998.00000 2972.17644  0.86%   179  687s
 83833 14494 2992.10380   29  202 2998.00000 2973.12389  0.83%   180  700s
 86155 13959     cutoff   31      2998.00000 2974.27958  0.79%   181  713s
*87127 12264              40    2991.0000000 2974.33961  0.56%   181  713s
 88477 11087     cutoff   33      2991.00000 2975.21190  0.53%   182  724s
 90278  9854     cutoff   25      2991.00000 2976.87455  0.47%   182  732s
 92021  8501     cutoff   31      2991.00000 2978.44952  0.42%   182  740s
 93640  7015     cutoff   26      2991.00000 2980.05170  0.37%   182  747s
 95371  5383     cutoff   30      2991.00000 2981.62672  0.31%   181  753s
 97179  3590     cutoff   36      2991.00000 2983.32506  0.26%   180  758s
 99049  1620     cutoff   27      2991.00000 2985.34507  0.19%   178  762s
 101035     0     cutoff   27      2991.00000 2987.73728  0.11%   175  765s

Cutting planes:
  Gomory: 8
  Lift-and-project: 4
  Cover: 629
  Clique: 36
  MIR: 261
  Knapsack: 12
  StrongCG: 230
  Flow cover: 350
  GUB cover: 23
  Inf proof: 3
  Zero half: 187
  RLT: 282
  Relax-and-lift: 102
  BQP: 89

Explored 102657 nodes (17747437 simplex iterations) in 765.11 seconds (518.87 work units)
Thread count was 22 (of 22 available processors)

Solution count 10: 2991 2998 3017 ... 3165

Optimal solution found (tolerance 1.00e-04)
Best objective 2.991000000000e+03, best bound 2.991000000000e+03, gap 0.0000%

User-callback calls 292688, time in user-callback 0.71 sec
