
Gurobi 13.0.0 (linux64) logging started Sun Jan  4 06:14:44 2026

Set parameter LogFile to value "../experiments/network-n_60_s_2_rp_0-app_set-id_54_23_apps/compact_model_gurobi.log"
Set parameter TimeLimit to value 900
Gurobi Optimizer version 13.0.0 build v13.0.0rc1 (linux64 - "Ubuntu 24.04.3 LTS")

CPU model: Intel(R) Core(TM) Ultra 7 165H, instruction set [SSE2|AVX|AVX2]
Thread count: 22 physical cores, 22 logical processors, using up to 22 threads

Non-default parameters:
TimeLimit  900
LogToConsole  0

Academic license 2539022 - for non-commercial use only - registered to al___@studenti.unimi.it
Optimize a model with 56112 rows, 9000 columns and 125194 nonzeros (Min)
Model fingerprint: 0x4140ba43
Model has 9000 linear objective coefficients
Model has 190 quadratic constraints
Variable types: 0 continuous, 9000 integer (9000 binary)
Coefficient statistics:
  Matrix range     [1e+00, 9e+02]
  QMatrix range    [5e+01, 2e+02]
  Objective range  [1e+01, 2e+02]
  Bounds range     [1e+00, 1e+00]
  RHS range        [1e+00, 1e+09]
  QRHS range       [1e+02, 6e+02]
Presolve removed 53947 rows and 4872 columns
Presolve time: 0.67s
Presolved: 62398 rows, 64173 columns, 400788 nonzeros
Variable types: 0 continuous, 64173 integer (64173 binary)
Deterministic concurrent LP optimizer: primal and dual simplex
Showing primal log only...

Concurrent spin time: 0.29s (can be avoided by choosing Method=3)

Solved with dual simplex

Root relaxation: objective 5.337852e+03, 4826 iterations, 1.17 seconds (1.74 work units)

    Nodes    |    Current Node    |     Objective Bounds      |     Work
 Expl Unexpl |  Obj  Depth IntInf | Incumbent    BestBd   Gap | It/Node Time

     0     0 5337.85210    0  314          - 5337.85210      -     -    3s
     0     0 5384.50352    0  360          - 5384.50352      -     -    6s
     0     0 5398.04480    0  439          - 5398.04480      -     -    7s
     0     0 5399.22261    0  417          - 5399.22261      -     -    7s
     0     0 5399.24566    0  425          - 5399.24566      -     -    8s
     0     0 5412.30839    0  505          - 5412.30839      -     -   10s
     0     0 5412.32011    0  501          - 5412.32011      -     -   10s
     0     0 5426.04312    0  491          - 5426.04312      -     -   11s
     0     0 5426.04686    0  489          - 5426.04686      -     -   11s
     0     0 5427.80770    0  519          - 5427.80770      -     -   12s
     0     0 5428.06025    0  509          - 5428.06025      -     -   12s
     0     0 5438.34447    0  501          - 5438.34447      -     -   15s
     0     0 5444.65737    0  510          - 5444.65737      -     -   16s
     0     0 5445.77381    0  507          - 5445.77381      -     -   16s
     0     0 5447.44047    0  485          - 5447.44047      -     -   17s
     0     0 5448.12444    0  471          - 5448.12444      -     -   18s
     0     0 5461.37462    0  518          - 5461.37462      -     -   21s
     0     0 5465.31993    0  623          - 5465.31993      -     -   22s
     0     0 5466.44506    0  617          - 5466.44506      -     -   23s
     0     0 5467.40515    0  592          - 5467.40515      -     -   25s
     0     0 5471.24004    0  589          - 5471.24004      -     -   26s
     0     0 5473.21719    0  536          - 5473.21719      -     -   27s
     0     0 5475.66512    0  500          - 5475.66512      -     -   28s
     0     0 5476.50647    0  597          - 5476.50647      -     -   29s
     0     0 5480.05140    0  587          - 5480.05140      -     -   32s
     0     0 5480.05195    0  578          - 5480.05195      -     -   33s
     0     0 5480.05195    0  564          - 5480.05195      -     -   33s
     0     2 5480.05453    0  559          - 5480.05453      -     -   39s
     3     8 5480.24295    2  537          - 5480.18267      -   218   41s
    15    32 5482.12254    4  579          - 5480.29338      -   563   45s
    53   101 5482.80169    6  579          - 5480.57232      -   471   50s
   184   221 5484.58221    9  538          - 5480.57669      -   330   56s
   220   264 5485.06715   10  567          - 5480.57669      -   330   60s
   289   306 5486.39611   12  494          - 5480.57669      -   332   66s
   348   355 5494.57776   16  519          - 5480.57669      -   362   71s
   399   405 5488.01529   19  560          - 5480.57669      -   357   77s
   432   427 5488.85148   22  549          - 5480.57669      -   351   80s
   476   471 5490.54656   24  562          - 5480.57669      -   350   86s
   520   517 5491.28705   25  562          - 5480.57669      -   338   91s
   566   564 5491.86750   27  546          - 5480.57669      -   337   96s
   593   591 5492.02455   28  546          - 5480.57669      -   333  100s
   663   666 5492.97574   30  557          - 5480.57669      -   328  107s
   695   727 5493.13603   31  555          - 5480.57669      -   323  110s
   806   831 5501.65314   34  513          - 5480.57669      -   315  116s
   909   902 5500.53193   38  458          - 5480.57669      -   316  123s
   933   957 5502.82462   39  459          - 5480.57669      -   320  126s
   988  1008 5503.77057   40  466          - 5480.57669      -   317  130s
  1088  1091 5505.56081   43  451          - 5480.57669      -   318  136s
  1123  1138 5505.33531   44  452          - 5480.57669      -   318  140s
  1170  1185 5509.43212   45  450          - 5480.57669      -   318  145s
  1219  1249 5506.85909   46  435          - 5480.57669      -   320  150s
  1351  1385 5510.34818   49  486          - 5480.57669      -   318  160s
  1429  1454 5511.05336   50  493          - 5480.57669      -   315  165s
  1499  1505 5512.67303   51  454          - 5480.57669      -   313  170s
  1553  1563 5512.69948   52  432          - 5480.57669      -   313  176s
  1612  1645 5514.34950   53  444          - 5480.57669      -   313  184s
  1697  1736 5515.67646   53  438          - 5480.57669      -   314  189s
  1790  1859 5514.51815   54  490          - 5480.57669      -   315  195s
  1921  2004 5514.59029   55  493          - 5480.57669      -   310  200s
  2068  2132 5525.58645   60  438          - 5480.57669      -   305  205s
  2196  2264 5523.67313   65  480          - 5480.57669      -   301  213s
  2328  2291 5526.15056   69  451          - 5480.57669      -   301  220s
  2357  2325 5528.36802   70  454          - 5480.57669      -   301  226s
  2391  2366 5533.33845   71  443          - 5480.57669      -   304  232s
  2439  2409 5537.29125   71  453          - 5480.57669      -   308  240s
  2482  2473 5536.08527   72  441          - 5480.57669      -   312  248s
  2547  2556 5536.56291   73  441          - 5480.57669      -   314  265s
  2631  2633 5537.27527   74  450          - 5480.57669      -   313  278s
  2713  2730 5538.07318   75  437          - 5480.57669      -   311  290s
  2812  2836 5538.47184   76  426          - 5480.57669      -   309  300s
  2918  2970 5539.11661   77  413          - 5480.57669      -   307  308s
  3056  3086 5539.15234   78  422          - 5480.57669      -   302  321s
  3172  3189 5539.78090   79  423          - 5480.57669      -   302  335s
  3276  3303 5539.77822   79  409          - 5480.57669      -   305  342s
  3393  3397 5572.36080   80  416          - 5480.57669      -   311  355s
  3489  3469 5578.26179   80  419          - 5480.57669      -   311  370s
  3563  3557 5573.46638   81  426          - 5480.57669      -   311  383s
  3654  3684 5592.43912   82  424          - 5480.57669      -   312  395s
  3784  3903 5585.78506   88  405          - 5480.57669      -   313  408s
  4009  4065 5594.24950  107  398          - 5480.57669      -   309  418s
  4203  4430 5602.58005  116  353          - 5480.57669      -   313  430s
  4570  4820 5617.72911  142  343          - 5480.57669      -   309  442s
  4979  5113 5625.10036  167  310          - 5480.57669      -   305  455s
  5304  5404 5638.64317  185  310          - 5480.57669      -   303  468s
  5636  5737 5708.69545  201  294          - 5480.57669      -   306  480s
  6027  5934 5929.44924  219  250          - 5480.57669      -   308  494s
  6402  6154 5487.65115   11  533          - 5480.57669      -   313  508s
  6684  6197 5504.20483   21  436          - 5480.57669      -   320  527s
  6748  6335 5537.00580   20  425          - 5480.57669      -   321  542s
  6947  6654 5512.55630   25  390          - 5480.57669      -   321  557s
  7315  7120 5517.62919   28  422          - 5481.06362      -   322  574s
  7817  7587 5546.59409   38  430          - 5481.06362      -   321  588s
  8362  7959 5567.18635   42  375          - 5481.06362      -   319  603s
  8828  8309 5590.81462   51  318          - 5481.87690      -   321  622s
  9281  8606 5607.77496   77  328          - 5481.87690      -   321  644s
  9653  8859 5681.42427   76  304          - 5481.87690      -   321  667s
  9969  8900 5786.21566   77  316          - 5481.87690      -   324  692s
 10033  8901 5507.88473   19 30695          - 5481.87690      -   324  732s
 10035  8902 5692.35502  137  360          - 5481.87690      -   324  745s
 10037  8904 5815.01908  170  408          - 5481.87690      -   324  750s
 10039  8905 5541.39293   57  547          - 5481.87690      -   324  760s
 10040  8906 5667.69331  186  529          - 5481.87690      -   324  766s
 10042  8907 5485.10576   22  612          - 5481.87690      -   323  773s
 10044  8908 5603.67380   68  613          - 5482.50391      -   323  775s
 10048  8911 5547.63111   26  567          - 5484.71593      -   323  780s
 10052  8914 5696.67817  129  595          - 5489.60991      -   323  785s
 10055  8916 5769.96305  111  612          - 5494.37240      -   323  790s
 10058  8918 5592.62278   98  632          - 5497.22273      -   323  795s
 10064  8922 5547.73468   70  700          - 5498.33055      -   323  802s
 10066  8923 5658.21517  145  706          - 5501.09983      -   323  806s
 10069  8925 5704.31108  185  771          - 5502.78841      -   323  810s
 10073  8928 5532.34968   64  780          - 5506.47138      -   322  816s
 10080  8932 5524.34578   49  827          - 5506.78409      -   322  821s
 10083  8934 5784.43006  160  759          - 5508.48766      -   322  825s
 10087  8937 5682.18485  159  764          - 5510.36180      -   322  830s
 10094  8942 5640.39959  156  715          - 5511.42214      -   322  835s
 10098  8944 5605.68736  154  743          - 5513.79192      -   322  841s
 10102  8947 5547.15622  117  740          - 5515.35347      -   322  846s
 10109  8952 5524.49248   33  740          - 5516.00805      -   321  850s
 10118  8958 5536.29957   75  781          - 5516.21367      -   321  855s
 10121  8960 6084.60162  279  724          - 5518.91197      -   321  860s
 10126  8963 5712.39514   84  803          - 5520.66691      -   321  865s
 10132  8967 5534.45276   66  841          - 5521.34545      -   321  871s
 10135  8969 5692.35502  137  714          - 5522.48778      -   321  876s
 10140  8972 5667.69331  186  809          - 5523.35124      -   320  880s
 10146  8976 5585.80489  147  829          - 5523.84293      -   320  885s
 10153  8981 5712.08174  196  779          - 5524.47630      -   320  890s
 10157  8984 5679.69184  126  762          - 5525.41878      -   320  895s

Cutting planes:
  Gomory: 9
  Lift-and-project: 2
  Cover: 106
  Clique: 26
  MIR: 118
  Knapsack: 16
  StrongCG: 82
  Flow cover: 1338
  GUB cover: 13
  Zero half: 62
  RLT: 179
  Relax-and-lift: 613
  BQP: 80

Explored 10163 nodes (3356298 simplex iterations) in 900.05 seconds (1077.86 work units)
Thread count was 22 (of 22 available processors)

Solution count 0

Time limit reached
Best objective -, best bound 5.527000000000e+03, gap -

User-callback calls 182812, time in user-callback 0.99 sec
