FIXINGS_START
(0, 0, 0)
(0, 6, 0)
(2, 4, 0)
(3, 0, 0)
(4, 0, 0)
(5, 0, 0)
(6, 0, 0)
(6, 9, 0)
(7, 0, 0)
(8, 0, 0)
(8, 6, 0)
(9, 0, 0)
(10, 0, 0)
(11, 0, 0)
(11, 6, 0)
(12, 0, 0)
(13, 0, 0)
(14, 0, 0)
(14, 6, 0)
(15, 0, 0)
(16, 0, 0)
(17, 0, 0)
(17, 9, 0)
(18, 0, 0)
(18, 9, 0)
(19, 0, 0)
(19, 4, 0)
(20, 0, 0)
(20, 6, 0)
(21, 4, 0)
(22, 8, 0)
(22, 9, 0)
(5, 1, 0)
(17, 6, 0)
(17, 8, 0)
(5, 2, 0)
(5, 5, 0)
(13, 1, 0)
(20, 1, 0)
(20, 2, 0)
(20, 4, 0)
(20, 7, 0)
(1, 0, 0)
(16, 1, 0)
(6, 1, 0)
(8, 4, 0)
(6, 4, 0)
(12, 1, 28)
(16, 3, 22)
(22, 0, 0)
(22, 1, 34)
(22, 2, 0)
(22, 3, 0)
(16, 4, 0)
(22, 5, 0)
(22, 7, 0)
(18, 4, 0)
(6, 5, 20)
(3, 3, 0)
(0, 4, 0)
(21, 2, 0)
(10, 1, 0)
(10, 2, 0)
(19, 1, 0)
(18, 5, 0)
(12, 2, 0)
(0, 5, 0)
(1, 2, 0)
(9, 2, 0)
(2, 1, 0)
(2, 2, 0)
(19, 3, 0)
(14, 1, 18)
(19, 5, 0)
(9, 4, 0)
(14, 2, 11)
(18, 6, 0)
(18, 7, 0)
(8, 2, 5)
(7, 3, 0)
FIXINGS_END
time 23.501
GUROBI
Status INFEASIBLE
Runtime 23.500312089920044
NodeCount 596.0
IterCount 146750.0
NumVars 9000
NumConstrs 56192
ObjBound inf
ObjBoundC inf
ObjVal None
MIPGap inf
