
Gurobi 13.0.0 (linux64) logging started Sun Jan 18 14:04:26 2026

Set parameter LogFile to value "../experiments/network-n_60_s_2_rp_0-app_set-id_54_23_apps/submip_30_epr1_model_gurobi.log"
Set parameter TimeLimit to value 7.8646809327701339e+02
Gurobi Optimizer version 13.0.0 build v13.0.0rc1 (linux64 - "Ubuntu 24.04.3 LTS")

CPU model: Intel(R) Core(TM) Ultra 7 165H, instruction set [SSE2|AVX|AVX2]
Thread count: 22 physical cores, 22 logical processors, using up to 22 threads

Non-default parameters:
TimeLimit  7.8646809327701339e+02
LogToConsole  0

Academic license 2539022 - for non-commercial use only - registered to al___@studenti.unimi.it
Optimize a model with 56180 rows, 9000 columns and 125262 nonzeros (Min)
Model fingerprint: 0x00ad47fa
Model has 9000 linear objective coefficients
Model has 190 quadratic constraints
Variable types: 0 continuous, 9000 integer (9000 binary)
Coefficient statistics:
  Matrix range     [1e+00, 9e+02]
  QMatrix range    [5e+01, 2e+02]
  Objective range  [1e+01, 2e+02]
  Bounds range     [1e+00, 1e+00]
  RHS range        [1e+00, 1e+09]
  QRHS range       [1e+02, 6e+02]
Presolve removed 55169 rows and 6379 columns
Presolve time: 0.12s
Presolved: 29537 rows, 30959 columns, 191627 nonzeros
Variable types: 0 continuous, 30959 integer (30959 binary)
Performing another presolve...
Presolve removed 501 rows and 700 columns
Presolve time: 0.45s
Deterministic concurrent LP optimizer: primal and dual simplex
Showing primal log only...

Concurrent spin time: 0.19s (can be avoided by choosing Method=3)

Solved with dual simplex

Root relaxation: objective 5.389653e+03, 3292 iterations, 0.80 seconds (0.71 work units)

    Nodes    |    Current Node    |     Objective Bounds      |     Work
 Expl Unexpl |  Obj  Depth IntInf | Incumbent    BestBd   Gap | It/Node Time

     0     0 5389.65332    0  203          - 5389.65332      -     -    1s
     0     0 5389.81861    0  200          - 5389.81861      -     -    1s
     0     0 5434.90452    0  228          - 5434.90452      -     -    3s
     0     0 5469.77904    0  255          - 5469.77904      -     -    4s
     0     0 5470.69022    0  267          - 5470.69022      -     -    4s
     0     0 5470.81279    0  265          - 5470.81279      -     -    4s
     0     0 5495.15138    0  283          - 5495.15138      -     -    6s
     0     0 5495.15164    0  284          - 5495.15164      -     -    7s
     0     0 5511.64244    0  324          - 5511.64244      -     -    7s
     0     0 5514.69194    0  336          - 5514.69194      -     -    8s
     0     0 5516.09611    0  324          - 5516.09611      -     -    8s
     0     0 5516.16799    0  342          - 5516.16799      -     -    8s
     0     0 5529.94866    0  305          - 5529.94866      -     -   10s
     0     0 5540.75578    0  338          - 5540.75578      -     -   12s
     0     0 5544.94956    0  346          - 5544.94956      -     -   12s
     0     0 5546.95008    0  370          - 5546.95008      -     -   12s
     0     0 5560.62710    0  354          - 5560.62710      -     -   16s
     0     0 5560.63293    0  349          - 5560.63293      -     -   16s
     0     0 5560.63293    0  345          - 5560.63293      -     -   16s
     0     2 5560.63780    0  344          - 5560.63780      -     -   19s
     7    16 5561.50009    3  337          - 5561.30899      -   321   20s
   107   148 5567.26069    8  326          - 5563.21232      -   286   26s
   223   265 5568.73535   12  334          - 5563.21232      -   275   30s
   361   393 5572.38575   18  311          - 5563.21232      -   275   36s
   394   416 5577.58743   20  319          - 5563.21232      -   275   42s
   442   468 5604.71432   21  301          - 5563.21232      -   275   46s
   493   518 5599.37086   22  305          - 5563.21232      -   284   51s
   573   597 5599.34304   25  288          - 5563.21232      -   314   57s
   632   661 5599.68070   26  288          - 5563.21232      -   328   60s
   724   760 5605.39074   28  272          - 5563.21232      -   335   66s
   800   836 5604.27827   29  272          - 5563.21232      -   338   70s
   915   948 5612.91418   36  286          - 5563.21232      -   334   76s
   979   995 5613.92171   38  266          - 5563.21232      -   332   86s
  1029  1053 5615.26667   39  245          - 5563.21232      -   334   91s
  1102  1129 5618.19455   41  250          - 5563.21232      -   334   97s
  1142  1171 5618.80475   42  252          - 5563.21232      -   332  100s
  1238  1281 5622.28244   44  244          - 5563.21232      -   328  106s
  1372  1440 5636.99360   46  244          - 5563.21232      -   318  112s
  1460  1547 5681.69541   46  225          - 5563.21232      -   315  115s
  1708  1777 5678.26281   54  241          - 5563.81851      -   306  122s
  1879  1873 5684.47294   57  238          - 5563.81851      -   301  126s
  2198  2121 5709.66684   69  247          - 5564.62527      -   297  133s
  2365  2231 infeasible   77               - 5564.62527      -   294  137s
  2523  2377 5842.66712   88  218          - 5564.62527      -   293  140s
  2713  2399 5858.05118  103  199          - 5564.62527      -   290  145s
  2762  2445 5861.29650  104  196          - 5564.62527      -   292  153s
  2796  2481 5861.44643  105  195          - 5566.69233      -   292  158s
  2836  2561 5865.52212  107  181          - 5566.69233      -   294  162s
  2948  2727 infeasible  118               - 5566.69233      -   295  167s
  3134  2933 5936.65855  131  161          - 5566.69233      -   292  171s
  3392  3090 6168.64316  136  155          - 5568.53207      -   288  176s
  3617  3276 5590.18892   13  316          - 5568.68381      -   287  180s
  3854  3277 5792.08959   66 14155          - 5568.68381      -   285  188s
  3856  3278 5641.65835   22  189          - 5568.68381      -   285  193s
  3858  3280 5750.53596   39  282          - 5568.68381      -   285  197s
  3859  3280 5766.77702   46  313          - 5568.68381      -   285  200s
  3863  3283 5646.39421   23  348          - 5568.68381      -   285  205s
  3869  3287 5635.39086   40  407          - 5575.36651      -   284  210s
  3879  3294 5661.98919   50  419          - 5582.92674      -   283  215s
  3887  3299 5640.56333   36  412          - 5588.41246      -   283  220s
  3900  3308 5649.99523   34  409          - 5593.70664      -   282  225s
  3912  3316 5878.42661  101  398          - 5597.02772      -   281  230s
  3924  3324 5791.78170   54  442          - 5600.44234      -   280  235s
  3939  3334 5753.70940   15  419          - 5602.43895      -   279  240s
  3948  3340 5644.84349   28  450          - 5603.83300      -   278  245s
  3964  3350 5606.77592   21  508          - 5606.77592      -   277  250s
  3976  3358 5660.02648   42  503          - 5609.85317      -   276  256s
  3977  3359 5665.94332   38  435          - 5611.16591      -   276  261s
  3989  3367 5953.88288   63  477          - 5611.77070      -   276  266s
  3998  3373 5612.63943   27  510          - 5612.63943      -   275  270s
  4011  3382 5905.30694  122  494          - 5614.69732      -   274  275s
  4019  3387 5719.27176   64  511          - 5617.47626      -   273  280s
  4029  3394 5853.47984   44  519          - 5618.47074      -   273  285s
  4043  3403 5681.96996   40  486          - 5620.72132      -   272  291s
  4044  3404 5649.28316   32  482          - 5621.16072      -   272  297s
  4051  3408 5947.89174   76  500          - 5622.42185      -   271  300s
  4066  3418 5682.74379   61  522          - 5623.16779      -   270  305s
  4079  3427 5661.98919   50  548          - 5623.82124      -   269  310s
  4092  3436 5624.44909   11  516          - 5624.44909      -   269  315s
  4101  3442 5898.44002   93  543          - 5624.79975      -   268  320s
  4109  3447 5647.76537   20  521          - 5625.94643      -   267  325s
  4117  3452 5701.88928   39  548          - 5626.42769      -   267  330s
  4128  3460 5858.73202   77  555          - 5627.00237      -   266  335s
  4137  3466 5627.69290   27  512          - 5627.69290      -   266  340s
  4151  3475 5947.89174   76  535          - 5628.21878      -   265  345s
  4164  3484 5628.79053   21  560          - 5628.79053      -   264  350s
  4179  3494 5661.98919   50  563          - 5629.15347      -   263  356s
  4187  3499 5640.56333   36  544          - 5629.35855      -   263  361s
  4197  3506 5667.03989   44  565          - 5629.65808      -   262  365s
  4208  3513 5632.64157   15  555          - 5630.00778      -   261  370s
  4218  3520 5716.35092   31  535          - 5630.08808      -   261  376s
  4228  3526 5858.73202   77  557          - 5630.24559      -   260  380s
  4241  3535 5666.94856   34  557          - 5630.39206      -   259  385s
  4242  3536 5938.62137  129  545          - 5630.41139      -   259  390s
  4250  3541 5649.99523   34  561          - 5630.48826      -   259  395s
  4261  3548 5630.58398   19  560          - 5630.58398      -   258  400s
  4271  3555 5635.40573   40  538          - 5631.82225      -   257  405s
  4281  3562 5709.07583   57  512          - 5633.69488      -   257  410s
  4290  3568 5633.73961   10  546          - 5633.73961      -   256  415s
  4294  3572 5640.93034   19 14155          - 5633.73961      -   277  421s
  4296  3573 5633.73961   36  190          - 5633.73961      -   277  426s
  4299  3575 5633.73961   10  297          - 5633.73961      -   277  431s
  4301  3577 5898.44002   93  339          - 5633.73961      -   277  436s
  4302  3577 5633.80516   29  367          - 5633.80516      -   277  440s
  4305  3579 5887.52315  107  397          - 5634.00668      -   277  445s
  4309  3582 5647.76537   20  469          - 5634.46705      -   276  450s
  4319  3589 5719.27176   64  499          - 5634.73065      -   276  455s
  4330  3596 5634.99934   22  526          - 5634.99934      -   275  461s
  4337  3601 5635.62648   27  508          - 5635.62648      -   275  465s
  4348  3608 5644.84349   28  495          - 5635.82233      -   274  470s
  4357  3614 5738.08950   80  527          - 5636.01180      -   273  476s
  4365  3619 5851.32597   79  515          - 5636.10054      -   273  481s
  4369  3622 5636.20105   40  511          - 5636.20105      -   273  488s
  4373  3625 5676.50447   50  515          - 5636.33386      -   272  490s
  4381  3630 5709.07583   57  507          - 5636.48592      -   272  495s
  4387  3634 5640.56333   36  495          - 5637.43219      -   271  500s
  4397  3641 5667.03989   44  508          - 5638.26277      -   271  505s
  4411  3650 5905.30694  122  519          - 5638.36823      -   270  510s
  4424  3659 5791.78170   54  550          - 5638.42979      -   269  515s
  4427  3661 5674.29177   30  552          - 5638.66663      -   269  523s
  4428  3664 5640.21809   25  444          - 5638.68083      -   278  527s
  4430  3668 5644.22651   26  488          - 5640.57115      -   279  530s
  4434  3674 5647.62359   27  455          - 5643.13304      -   280  535s
  4442  3688 5648.25352   28  452          - 5644.86240      -   281  541s
  4458  3704 5651.81796   29  457          - 5647.72286      -   284  548s
  4480  3740 5654.05434   30  451          - 5649.11347      -   287  558s
  4523  3748 5662.82279   31  418          - 5649.11347      -   289  570s
  4545  3771 5654.19312   31  435          - 5649.11347      -   290  579s
  4576  3789 5659.64729   32  412          - 5649.11347      -   292  588s
  4604  3811 5656.20701   32  432          - 5649.11347      -   293  597s
  4635  3839 5656.52874   33  427          - 5649.11347      -   297  606s
  4674  3862 5670.10433   33  430          - 5649.11347      -   300  616s
  4712  3895 5656.90167   34  441          - 5649.11347      -   303  624s
  4757  3924 5659.44218   34  432          - 5649.11347      -   306  633s
  4801  3941 5657.15116   35  437          - 5649.11347      -   312  642s
  4834  3959 5668.20747   36  444          - 5649.11347      -   317  650s
  4865  3981 5660.24661   36  386          - 5649.11347      -   322  657s
  4899  3993 5736.08870   37  385          - 5649.11347      -   327  665s
  4923  4010 5661.95244   38  423          - 5649.11347      -   330  674s
  4948  4026 5670.08823   39  349          - 5649.11347      -   334  684s
  4972  4046 5755.69455   39  409          - 5649.11347      -   339  695s
  5001  4061 5700.87937   40  428          - 5649.11347      -   343  706s
  5032  4074 5770.87797   40  358          - 5649.11347      -   349  717s
  5061  4098 5706.50400   41  402          - 5649.11347      -   352  728s
  5097  4119 5719.34016   42  396          - 5649.11347      -   354  739s
  5136  4143 5721.55566   43  391          - 5649.11347      -   358  751s
  5180  4148 5722.97156   44  381          - 5649.11347      -   362  762s
  5205  4170 5731.01438   44  316          - 5649.11347      -   364  774s
  5236  4195 5730.03800   45  369          - 5649.11347      -   366  786s

Cutting planes:
  Gomory: 1
  Cover: 92
  Clique: 27
  MIR: 205
  Knapsack: 8
  StrongCG: 75
  Flow cover: 430
  GUB cover: 36
  Zero half: 44
  RLT: 42
  Relax-and-lift: 709
  BQP: 8

Explored 5275 nodes (1969454 simplex iterations) in 786.50 seconds (805.85 work units)
Thread count was 22 (of 22 available processors)

Solution count 0

Time limit reached
Best objective -, best bound 5.650000000000e+03, gap -

User-callback calls 142428, time in user-callback 0.87 sec
Set parameter LogToConsole to value 0
