
Gurobi 13.0.0 (linux64) logging started Sat Jan  3 10:23:56 2026

Set parameter LogFile to value "../experiments/network-n_60_s_0_rp_0-app_set-id_61_25_apps/compact_model_gurobi.log"
Set parameter TimeLimit to value 900
Gurobi Optimizer version 13.0.0 build v13.0.0rc1 (linux64 - "Ubuntu 24.04.3 LTS")

CPU model: Intel(R) Core(TM) Ultra 7 165H, instruction set [SSE2|AVX|AVX2]
Thread count: 22 physical cores, 22 logical processors, using up to 22 threads

Non-default parameters:
TimeLimit  900
LogToConsole  0

Academic license 2539022 - for non-commercial use only - registered to al___@studenti.unimi.it
Optimize a model with 49679 rows, 9720 columns and 112910 nonzeros (Min)
Model fingerprint: 0xdb2f4586
Model has 9720 linear objective coefficients
Model has 200 quadratic constraints
Variable types: 0 continuous, 9720 integer (9720 binary)
Coefficient statistics:
  Matrix range     [1e+00, 9e+02]
  QMatrix range    [5e+01, 2e+02]
  Objective range  [1e+01, 2e+02]
  Bounds range     [1e+00, 1e+00]
  RHS range        [1e+00, 1e+09]
  QRHS range       [1e+02, 6e+02]
Presolve removed 47444 rows and 5657 columns
Presolve time: 0.58s
Presolved: 62916 rows, 64474 columns, 388845 nonzeros
Variable types: 0 continuous, 64474 integer (64474 binary)
Deterministic concurrent LP optimizer: primal and dual simplex
Showing primal log only...

Concurrent spin time: 0.00s

Solved with dual simplex

Root relaxation: objective 6.685277e+03, 8828 iterations, 2.53 seconds (3.04 work units)

    Nodes    |    Current Node    |     Objective Bounds      |     Work
 Expl Unexpl |  Obj  Depth IntInf | Incumbent    BestBd   Gap | It/Node Time

     0     0 6685.27706    0  376          - 6685.27706      -     -    4s
     0     0 6685.66968    0  379          - 6685.66968      -     -    5s
     0     0 6732.20841    0  432          - 6732.20841      -     -   10s
     0     0 6772.94721    0  441          - 6772.94721      -     -   13s
     0     0 6772.94816    0  435          - 6772.94816      -     -   13s
     0     0 6802.03382    0  438          - 6802.03382      -     -   16s
     0     0 6805.37418    0  459          - 6805.37418      -     -   17s
     0     0 6805.51949    0  472          - 6805.51949      -     -   18s
     0     0 6832.80035    0  521          - 6832.80035      -     -   23s
     0     0 6864.51228    0  579          - 6864.51228      -     -   26s
     0     0 6864.69583    0  543          - 6864.69583      -     -   26s
     0     0 6884.39599    0  589          - 6884.39599      -     -   29s
     0     0 6899.18250    0  591          - 6899.18250      -     -   33s
     0     0 6902.94011    0  654          - 6902.94011      -     -   34s
     0     0 6903.48904    0  664          - 6903.48904      -     -   35s
     0     0 6939.47408    0  690          - 6939.47408      -     -   42s
     0     0 6950.34966    0  729          - 6950.34966      -     -   45s
     0     0 6957.10613    0  724          - 6957.10613      -     -   49s
     0     0 6962.26068    0  786          - 6962.26068      -     -   51s
     0     0 6969.26243    0  787          - 6969.26243      -     -   54s
     0     0 6970.62428    0  770          - 6970.62428      -     -   56s
     0     0 6975.82617    0  740          - 6975.82617      -     -   59s
     0     0 6984.01083    0  769          - 6984.01083      -     -   61s
     0     0 6994.36993    0  864          - 6994.36993      -     -   66s
     0     0 6998.67282    0  878          - 6998.67282      -     -   68s
     0     0 7001.75958    0  851          - 7001.75958      -     -   70s
     0     0 7006.03068    0  870          - 7006.03068      -     -   73s
     0     0 7006.04267    0  843          - 7006.04267      -     -   74s
     0     0 7006.04267    0  843          - 7006.04267      -     -   74s
     0     2 7006.04509    0  812          - 7006.04509      -     -   80s
     7    16 7012.65902    3  791          - 7007.26197      -   479   85s
    31    54 7015.54534    5  781          - 7007.51620      -   426   92s
    53    98 7015.94612    6  773          - 7009.38738      -   542   96s
    97   128 7019.42225    7  767          - 7009.45535      -   457  101s
   127   162 7020.44013    8  761          - 7009.45535      -   486  106s
   161   200 7021.25733   10  767          - 7009.45535      -   546  112s
   201   237 7021.94393   11  726          - 7009.45535      -   569  117s
   238   275 7023.23792   13  726          - 7009.45535      -   573  122s
   276   315 7030.47082   14  659          - 7009.45535      -   575  126s
   316   355 7026.65886   14  706          - 7009.45535      -   574  130s
   356   399 7027.18119   15  747          - 7009.45535      -   559  135s
   400   450 7027.90322   17  742          - 7009.45535      -   542  140s
   451   491 7029.17913   18  717          - 7009.45535      -   522  145s
   494   514 7030.03639   20  699          - 7009.45535      -   514  150s
   554   594 7031.26120   21  705          - 7009.45535      -   517  160s
   599   645 7034.13878   23  718          - 7009.45535      -   513  166s
   652   691 7034.09499   24  679          - 7009.45535      -   505  172s
   702   727 7144.31927   25  659          - 7009.45535      -   502  180s
   744   766 7040.23354   26  692          - 7009.45535      -   499  186s
   783   795 7041.57919   30  730          - 7009.45535      -   502  193s
   816   822 7042.60677   33  718          - 7009.45535      -   500  202s
   843   844 7045.13475   34  722          - 7009.45535      -   503  211s
   865   877 7044.04310   34  695          - 7009.45535      -   504  220s
   900   909 7045.06233   40  663          - 7009.45535      -   496  229s
   932   947 7047.39553   42  636          - 7009.45535      -   493  237s
   970   988 7055.31214   45  668          - 7009.45535      -   487  245s
  1011  1032 7050.20389   46  650          - 7009.45535      -   483  254s
  1057  1073 7056.71607   51  587          - 7009.45535      -   479  263s
  1098  1115 7074.49013   53  647          - 7009.45535      -   479  273s
  1142  1172 7053.43363   53  677          - 7009.45535      -   480  282s
  1199  1227 7057.41349   60  619          - 7009.45535      -   475  293s
  1254  1292 7062.38545   62  599          - 7009.45535      -   470  301s
  1319  1351 7063.24259   67  584          - 7009.45535      -   463  310s
  1378  1422 7067.14588   76  575          - 7009.45535      -   464  319s
  1453  1490 7071.60694   78  585          - 7009.45535      -   461  328s
  1521  1539 7077.08419   89  554          - 7009.45535      -   457  337s
  1572  1584 7090.83588   92  513          - 7009.45535      -   456  346s
  1617  1640 7080.05630   93  570          - 7009.45535      -   456  355s
  1673  1704 7080.07721   94  568          - 7009.45535      -   450  365s
  1737  1789 7085.44798   97  562          - 7009.45535      -   445  375s
  1824  1934 7090.05208  106  555          - 7009.45535      -   442  386s
  1973  1996 7093.60635  114  546          - 7009.45535      -   429  397s
  2035  2022 7098.20004  116  546          - 7009.45535      -   427  408s
  2061  2065 7098.89612  117  550          - 7009.45535      -   426  419s
  2104  2235 7098.91817  118  551          - 7009.45535      -   423  431s
  2280  2446 7103.54475  136  488          - 7009.45535      -   410  443s
  2494  2672 7104.62007  138  511          - 7009.45535      -   401  456s
  2720  2830 7109.25302  140  502          - 7009.45535      -   392  469s
  2878  3027 7118.66917  144  488          - 7009.45535      -   398  482s
  3081  3231 7127.53789  150  457          - 7009.45535      -   397  495s
  3291  3492 7136.51624  162  460          - 7009.45535      -   396  509s
  3570  3674 7151.28267  172  472          - 7009.45535      -   388  524s
  3766  3861 7403.87735  185  440          - 7009.45535      -   391  539s
  3994  4119 7587.39721  202  401          - 7009.45535      -   392  554s
  4272  4483 7651.46658  209  404          - 7009.55726      -   389  569s
  4663  4510 7020.06810   10  615          - 7009.55726      -   376  587s
  4718  4561 7023.04243   11  631          - 7009.55726      -   375  605s
  4771  4696 7045.28778   10  557          - 7009.55726      -   375  624s
  4916  4899 7025.11977   12  643          - 7009.55726      -   377  642s
  5188  4919 7038.18079   16  547          - 7009.55726      -   377  662s
  5210  4945 7043.80878   16  578          - 7009.55726      -   378  680s
  5240  5023 infeasible   15               - 7009.63096      -   379  700s
  5330  5216 7043.42518   18  537          - 7009.63096      -   378  720s
  5535  5522 7052.78607   20  544          - 7009.63096      -   375  740s
  5865  5830 7062.98459   27  534          - 7009.63096      -   370  760s
  6194  6216 7080.42488   40  569          - 7009.63096      -   370  781s
  6610  6591 7123.49871   46  556          - 7009.63096      -   367  804s
  7044  6924 7112.13688   54  486          - 7009.63096      -   364  827s
  7437  7235 7142.62048   71  480          - 7009.78431      -   364  852s
  7859  7516 7222.20300   85  432          - 7009.78431      -   365  878s
  8176  7693 7226.23549   94  440          - 7009.78431      -   368  900s

Cutting planes:
  Gomory: 4
  Lift-and-project: 1
  Cover: 80
  Implied bound: 1
  Clique: 53
  MIR: 58
  Knapsack: 36
  StrongCG: 42
  GUB cover: 12
  Zero half: 20
  RLT: 415
  Relax-and-lift: 264
  BQP: 109

Explored 8373 nodes (3123271 simplex iterations) in 900.05 seconds (855.98 work units)
Thread count was 22 (of 22 available processors)

Solution count 0

Time limit reached
Best objective -, best bound 7.010000000000e+03, gap -

User-callback calls 155102, time in user-callback 0.98 sec
