FIXINGS_START
(0, 0, 0)
(1, 0, 0)
(1, 9, 0)
(2, 0, 0)
(2, 1, 0)
(3, 0, 0)
(5, 0, 0)
(6, 0, 0)
(6, 4, 0)
(7, 6, 0)
(8, 0, 0)
(8, 7, 0)
(9, 0, 0)
(9, 6, 0)
(10, 0, 0)
(11, 0, 0)
(12, 0, 0)
(13, 4, 0)
(14, 0, 0)
(15, 0, 0)
(16, 0, 0)
(17, 0, 0)
(17, 6, 0)
(19, 6, 0)
(19, 7, 0)
(20, 2, 0)
(21, 0, 0)
(21, 7, 0)
(22, 0, 0)
(22, 4, 0)
(23, 0, 0)
(23, 4, 0)
(24, 4, 0)
(15, 3, 0)
(15, 4, 0)
(22, 3, 0)
(22, 7, 0)
(22, 8, 0)
(19, 0, 0)
(20, 1, 9)
(2, 3, 27)
(2, 4, 0)
(2, 5, 0)
(13, 2, 0)
(16, 1, 0)
(16, 2, 0)
(16, 5, 0)
(21, 5, 0)
(0, 1, 1)
(17, 1, 0)
(12, 2, 0)
(0, 2, 0)
(8, 3, 0)
(10, 2, 0)
(12, 4, 18)
(9, 3, 0)
(9, 4, 0)
(9, 5, 0)
(9, 7, 0)
(24, 1, 0)
(4, 0, 0)
(17, 2, 0)
(8, 4, 0)
(10, 3, 0)
(7, 0, 0)
(1, 4, 0)
(0, 5, 27)
(17, 4, 0)
(18, 0, 0)
(1, 7, 23)
(24, 2, 0)
(17, 7, 0)
FIXINGS_END
time 784.498
GUROBI
Status TIME_LIMIT
Runtime 784.4975428581238
NodeCount 5884.0
IterCount 2686288.0
NumVars 9720
NumConstrs 49751
ObjBound 7330.0
ObjBoundC 7329.1414026362645
ObjVal inf
MIPGap inf
