
Gurobi 13.0.0 (linux64) logging started Sat Jan 17 19:20:48 2026

Set parameter LogFile to value "../experiments/network-n_60_s_0_rp_0-app_set-id_61_25_apps/submip_30_epr1_model_gurobi.log"
Set parameter TimeLimit to value 7.8446371553099016e+02
Gurobi Optimizer version 13.0.0 build v13.0.0rc1 (linux64 - "Ubuntu 24.04.3 LTS")

CPU model: Intel(R) Core(TM) Ultra 7 165H, instruction set [SSE2|AVX|AVX2]
Thread count: 22 physical cores, 22 logical processors, using up to 22 threads

Non-default parameters:
TimeLimit  7.8446371553099016e+02
LogToConsole  0

Academic license 2539022 - for non-commercial use only - registered to al___@studenti.unimi.it
Optimize a model with 49751 rows, 9720 columns and 112982 nonzeros (Min)
Model fingerprint: 0xbff94853
Model has 9720 linear objective coefficients
Model has 200 quadratic constraints
Variable types: 0 continuous, 9720 integer (9720 binary)
Coefficient statistics:
  Matrix range     [1e+00, 9e+02]
  QMatrix range    [5e+01, 2e+02]
  Objective range  [1e+01, 2e+02]
  Bounds range     [1e+00, 1e+00]
  RHS range        [1e+00, 1e+09]
  QRHS range       [1e+02, 6e+02]
Presolve removed 48794 rows and 7518 columns
Presolve time: 0.23s
Presolved: 25177 rows, 26218 columns, 153265 nonzeros
Variable types: 0 continuous, 26218 integer (26218 binary)
Deterministic concurrent LP optimizer: primal and dual simplex
Showing primal log only...

Concurrent spin time: 0.05s

Solved with dual simplex

Root relaxation: objective 6.742607e+03, 4929 iterations, 1.10 seconds (1.33 work units)

    Nodes    |    Current Node    |     Objective Bounds      |     Work
 Expl Unexpl |  Obj  Depth IntInf | Incumbent    BestBd   Gap | It/Node Time

     0     0 6742.60722    0  295          - 6742.60722      -     -    2s
     0     0 6743.12832    0  283          - 6743.12832      -     -    2s
     0     0 6790.06658    0  348          - 6790.06658      -     -    3s
     0     0 6870.00953    0  360          - 6870.00953      -     -    5s
     0     0 6899.04181    0  380          - 6899.04181      -     -    6s
     0     0 6921.21952    0  376          - 6921.21952      -     -    8s
     0     0 6923.04772    0  371          - 6923.04772      -     -    8s
     0     0 6923.34004    0  403          - 6923.34004      -     -    8s
     0     0 6985.71544    0  407          - 6985.71544      -     -   10s
     0     0 7024.69476    0  479          - 7024.69476      -     -   12s
     0     0 7031.46795    0  475          - 7031.46795      -     -   13s
     0     0 7041.45771    0  515          - 7041.45771      -     -   13s
     0     0 7043.20120    0  542          - 7043.20120      -     -   14s
     0     0 7085.35183    0  515          - 7085.35183      -     -   17s
     0     0 7098.09799    0  546          - 7098.09799      -     -   18s
     0     0 7103.73563    0  553          - 7103.73563      -     -   19s
     0     0 7142.75940    0  543          - 7142.75940      -     -   22s
     0     0 7142.78529    0  532          - 7142.78529      -     -   22s
     0     0 7142.78529    0  532          - 7142.78529      -     -   22s
     0     2 7142.84267    0  517          - 7142.84267      -     -   25s
    31    54 7156.12965    5  507          - 7153.98124      -   470   31s
   104   145 7159.10989    8  535          - 7154.18284      -   408   36s
   193   233 7166.19301   11  534          - 7154.18284      -   385   41s
   272   300 7168.25575   13  494          - 7154.18284      -   416   46s
   332   347 7168.64887   15  502          - 7154.18284      -   434   51s
   415   419 7170.89609   18  486          - 7154.18284      -   423   57s
   459   463 7175.45326   19  453          - 7154.18284      -   422   60s
   529   528 7176.91736   21  510          - 7154.18284      -   407   65s
   623   617 7182.22606   25  482          - 7154.18284      -   387   72s
   672   670 7185.56473   26  478          - 7154.18284      -   383   75s
   722   716 7186.02733   28  496          - 7154.18284      -   385   80s
   797   790 7186.99175   31  499          - 7154.18284      -   382   87s
   847   841 7199.41927   32  469          - 7154.18284      -   376   92s
   900   891 7189.61437   34  458          - 7154.18284      -   370   97s
   923   918 7190.73092   35  443          - 7154.18284      -   370  100s
   983   997 7192.61808   37  448          - 7154.18284      -   368  105s
  1069  1076 7200.11002   44  451          - 7154.18284      -   363  112s
  1116  1129 7267.63033   50  413          - 7154.18284      -   365  115s
  1208  1194 7274.07860   60  438          - 7154.18284      -   378  122s
  1236  1229 7274.56650   61  432          - 7154.18284      -   384  126s
  1317  1316 7286.21015   62  431          - 7154.18284      -   388  133s
  1358  1373 7277.27485   63  443          - 7154.18284      -   386  136s
  1415  1443 7302.07852   63  416          - 7154.18284      -   382  140s
  1579  1619 7336.69191   64  437          - 7154.18284      -   373  148s
  1663  1729 7387.00920   65  435          - 7154.18284      -   369  152s
  1773  1862 7386.42063   65  401          - 7154.18284      -   362  157s
  1922  1989 7394.16777   66  433          - 7154.18284      -   356  162s
  2075  2145 7399.83648   67  438          - 7154.18284      -   354  167s
  2246  2291 7410.55623   67  420          - 7154.18284      -   349  171s
  2398  2424 7404.68030   68  430          - 7154.18284      -   347  176s
  2545  2633 7406.90670   68  409          - 7154.18284      -   352  181s
  2766  2763 7473.37031   69  413          - 7154.18284      -   347  187s
  2914  2864 7435.73859   75  434          - 7154.18284      -   356  192s
  3059  2985 7477.65558   80  389          - 7154.39471      -   366  198s
  3210  3160 infeasible   81               - 7156.25451      -   376  204s
  3425  3329 7684.15149   81  331          - 7156.25451      -   379  210s
  3624  3472 7870.92819   82  330          - 7156.47672      -   383  216s
  3835  3598 infeasible   86               - 7157.25427      -   388  223s
  4075  3764 7219.05402   14  403          - 7158.95488      -   388  230s
  4311  3937 7255.95878   20  369          - 7158.95488      -   389  237s
  4518  4100 7294.73861   30  362          - 7158.95488      -   394  244s
  4749  4278 7300.34621   45  354          - 7159.11602      -   396  251s
  4968  4279 7934.03870   78 10938          - 7159.11602      -   399  258s
  4970  4280 7666.57398   91  291          - 7159.11602      -   399  262s
  4972  4282 7648.37062   51  392          - 7159.11602      -   399  267s
  4973  4282 7581.04935   67  537          - 7159.11602      -   399  271s
  4975  4284 7189.18710   17  552          - 7159.11602      -   399  277s
  4977  4285 7300.66026   63  607          - 7159.11602      -   398  280s
  4982  4288 7310.95865   32  654          - 7170.26172      -   398  285s
  4987  4292 7934.03870   78  683          - 7186.80572      -   398  290s
  4995  4297 7198.86354   18  695          - 7198.86354      -   397  295s
  5001  4301 7761.25511  116  759          - 7212.38894      -   396  300s
  5013  4309 7282.15992   39  774          - 7218.60710      -   396  305s
  5021  4314 7738.03476   59  807          - 7226.61605      -   395  310s
  5028  4319 7494.34443   22  778          - 7230.40410      -   394  315s
  5038  4326 7466.83613   83  831          - 7236.60942      -   394  320s
  5049  4333 7261.16032   45  779          - 7239.86773      -   393  325s
  5058  4339 7674.39008   97  830          - 7246.21611      -   392  330s
  5069  4346 8178.40413   76  871          - 7247.71193      -   391  335s
  5076  4351 7273.43317    6  834          - 7255.14103      -   391  340s
  5088  4359 7268.92788   19  840          - 7257.92055      -   390  346s
  5093  4362 7621.27180  140  829          - 7260.96634      -   389  350s
  5105  4370 7263.89113    8  887          - 7263.89113      -   388  355s
  5112  4375 7821.75344  105  861          - 7266.72493      -   388  360s
  5121  4381 7738.03476   59  878          - 7269.09462      -   387  365s
  5127  4385 7736.31604  102  855          - 7272.04285      -   387  370s
  5139  4393 7529.34575   31  876          - 7274.42910      -   386  375s
  5151  4401 7276.76980   43  861          - 7276.76980      -   385  380s
  5160  4407 7630.24452   59  867          - 7279.50404      -   384  385s
  5168  4412 7934.03870   78  837          - 7283.66726      -   384  390s
  5183  4422 7286.06207   27  938          - 7286.06207      -   383  398s
  5184  4423 7289.98207   27  876          - 7289.98207      -   382  400s
  5196  4431 7291.61650   26  921          - 7291.61650      -   382  405s
  5199  4433 7535.53720   39  892          - 7294.31188      -   381  410s
  5211  4441 7295.51223   13  894          - 7295.51223      -   380  415s
  5222  4448 7296.33604   28  892          - 7296.33604      -   380  420s
  5236  4458 7546.16663   42  944          - 7296.67052      -   379  425s
  5241  4461 7545.47308   36  912          - 7296.78944      -   378  430s
  5249  4467 7296.78967   45  287          - 7296.78967      -   400  439s
  5250  4468 7296.78967   27  347          - 7296.78967      -   400  440s
  5252  4469 7296.78967   10  444          - 7296.78967      -   399  446s
  5253  4470 7296.78967   42  487          - 7296.78967      -   399  450s
  5255  4471 7296.79288   42  625          - 7296.79288      -   399  456s
  5258  4473 7674.39008   97  636          - 7299.51439      -   399  460s
  5260  4475 7630.24452   59  657          - 7299.51439      -   399  467s
  5262  4476 7300.47638   16  747          - 7300.47638      -   399  472s
  5264  4477 7552.85879   42  751          - 7300.99187      -   398  475s
  5271  4482 7301.05366   37  857          - 7301.05366      -   398  481s
  5279  4487 7506.10086   54  880          - 7301.05366      -   397  486s
  5287  4493 7934.03870   78  892          - 7301.05366      -   397  490s
  5296  4499 7301.05366   26  868          - 7301.05366      -   396  495s
  5303  4503 7352.20117   74  850          - 7301.05366      -   396  500s
  5313  4510 7301.05366   39  862          - 7301.05366      -   395  505s
  5325  4518 7301.68784   28  895          - 7301.68784      -   394  511s
  5335  4525 7302.52149   18  868          - 7302.52149      -   393  515s
  5343  4530 7303.61375   19  890          - 7303.61375      -   393  520s
  5352  4536 7304.00910   10  937          - 7304.00910      -   392  525s
  5363  4543 7357.35529   63  938          - 7304.12738      -   391  532s
  5367  4546 7696.83627  145  906          - 7307.13138      -   391  535s
  5372  4549 7648.37062   51  866          - 7308.61468      -   390  540s
  5382  4556 7310.95865   32  852          - 7310.23639      -   390  545s
  5397  4566 7310.97500   20  908          - 7310.97500      -   389  550s
  5411  4575 7312.41739   13  855          - 7312.41739      -   388  555s
  5422  4583 7313.35053   28  865          - 7313.35053      -   387  560s
  5435  4591 7313.76881   18  925          - 7313.76881      -   386  566s
  5440  4595 7323.45095   76  832          - 7314.29570      -   386  571s
  5451  4602 7314.86089   43  900          - 7314.86089      -   385  576s
  5461  4609 7525.12459  169  913          - 7316.67041      -   384  580s
  5472  4616 7648.37062   51  912          - 7316.88514      -   383  585s
  5484  4624 7317.18666   27  915          - 7317.18666      -   382  591s
  5490  4628 7423.57201  106  862          - 7317.86187      -   382  603s
  5496  4632 7318.41386   26  917          - 7318.41386      -   382  605s
  5507  4639 7319.15382   82  870          - 7319.15382      -   381  610s
  5518  4647 7502.08051  153  917          - 7319.55257      -   380  615s
  5532  4656 7393.60977  105  913          - 7320.54547      -   379  620s
  5543  4663 7320.82154   19  879          - 7320.82154      -   378  625s
  5554  4671 7527.65422   34  891          - 7321.22117      -   378  630s
  5562  4676 7321.30172   16  920          - 7321.30172      -   377  635s
  5565  4678 7321.48410   11  894          - 7321.48410      -   377  647s
  5566  4682 7323.46981   21  789          - 7323.32118      -   394  653s
  5568  4685 7324.03798   22  795          - 7324.03798      -   395  658s
  5572  4692 7324.72192   23  785          - 7324.05770      -   396  663s
  5580  4705 7328.20510   24  796          - 7324.72837      -   399  669s
  5596  4722 7328.86364   25  800          - 7328.22102      -   402  675s
  5618  4767 7329.85371   26  801          - 7329.14140      -   406  690s
  5671  4773 7388.87077   27  709          - 7329.14140      -   413  706s
  5694  4793 7330.60619   28  801          - 7329.14140      -   416  717s
  5724  4804 7354.22591   29  692          - 7329.14140      -   424  728s
  5747  4820 7330.72396   29  796          - 7329.14140      -   432  739s
  5771  4841 7333.71695   30  773          - 7329.14140      -   436  751s
  5804  4851 7340.70713   30  733          - 7329.14140      -   441  763s
  5827  4872 7343.01499   31  721          - 7329.14140      -   446  774s
  5855  4887 7336.20834   31  786          - 7329.14140      -   450  784s

Cutting planes:
  Gomory: 2
  Lift-and-project: 1
  Cover: 82
  Implied bound: 2
  Clique: 38
  MIR: 285
  Knapsack: 5
  StrongCG: 95
  Flow cover: 266
  GUB cover: 21
  Zero half: 47
  Mod-K: 2
  RLT: 96
  Relax-and-lift: 68
  BQP: 6

Explored 5884 nodes (2686288 simplex iterations) in 784.49 seconds (828.07 work units)
Thread count was 22 (of 22 available processors)

Solution count 0

Time limit reached
Best objective -, best bound 7.330000000000e+03, gap -

User-callback calls 127107, time in user-callback 0.66 sec
Set parameter LogToConsole to value 0
