
Gurobi 13.0.0 (linux64) logging started Fri Jan 16 02:20:05 2026

Set parameter LogFile to value "../experiments/network-n_50_s_2_rp_0-app_set-id_28_14_apps/submip_30_epr0_model_gurobi.log"
Set parameter TimeLimit to value 8.9737583403699682e+02
Gurobi Optimizer version 13.0.0 build v13.0.0rc1 (linux64 - "Ubuntu 24.04.3 LTS")

CPU model: Intel(R) Core(TM) Ultra 7 165H, instruction set [SSE2|AVX|AVX2]
Thread count: 22 physical cores, 22 logical processors, using up to 22 threads

Non-default parameters:
TimeLimit  8.9737583403699682e+02
LogToConsole  0

Academic license 2539022 - for non-commercial use only - registered to al___@studenti.unimi.it
Optimize a model with 24231 rows, 4550 columns and 54638 nonzeros (Min)
Model fingerprint: 0xfe3bad17
Model has 4550 linear objective coefficients
Model has 162 quadratic constraints
Variable types: 0 continuous, 4550 integer (4550 binary)
Coefficient statistics:
  Matrix range     [1e+00, 9e+02]
  QMatrix range    [5e+01, 2e+02]
  Objective range  [1e+01, 2e+02]
  Bounds range     [1e+00, 1e+00]
  RHS range        [1e+00, 1e+09]
  QRHS range       [1e+02, 6e+02]
Presolve removed 23887 rows and 3755 columns
Presolve time: 0.06s
Presolved: 4325 rows, 4571 columns, 26445 nonzeros
Variable types: 0 continuous, 4571 integer (4571 binary)

Root relaxation: objective 3.241836e+03, 579 iterations, 0.03 seconds (0.03 work units)

    Nodes    |    Current Node    |     Objective Bounds      |     Work
 Expl Unexpl |  Obj  Depth IntInf | Incumbent    BestBd   Gap | It/Node Time

     0     0 3241.83637    0  127          - 3241.83637      -     -    0s
     0     0 3243.19697    0  131          - 3243.19697      -     -    0s
     0     0 3327.25252    0  156          - 3327.25252      -     -    0s
     0     0 3327.66667    0  155          - 3327.66667      -     -    0s
     0     0 3361.29159    0  162          - 3361.29159      -     -    0s
     0     0 3363.04874    0  162          - 3363.04874      -     -    0s
     0     0 3363.20849    0  166          - 3363.20849      -     -    0s
     0     0 3424.76057    0  149          - 3424.76057      -     -    1s
     0     0 3433.78977    0  160          - 3433.78977      -     -    1s
     0     0 3436.43700    0  184          - 3436.43700      -     -    1s
     0     0 3516.02346    0  204          - 3516.02346      -     -    1s
     0     0 3527.85959    0  209          - 3527.85959      -     -    1s
     0     0 3528.13535    0  188          - 3528.13535      -     -    1s
     0     0 3564.61436    0  212          - 3564.61436      -     -    1s
     0     0 3564.85948    0  207          - 3564.85948      -     -    1s
     0     0 3564.85948    0  193          - 3564.85948      -     -    1s
     0     2 3564.86068    0  185          - 3564.86068      -     -    2s

Cutting planes:
  Lift-and-project: 2
  Cover: 43
  Implied bound: 3
  Clique: 17
  MIR: 73
  Knapsack: 7
  StrongCG: 32
  GUB cover: 14
  Zero half: 2
  Mod-K: 1
  RLT: 138
  Relax-and-lift: 31
  BQP: 39

Explored 398 nodes (29129 simplex iterations) in 2.96 seconds (2.16 work units)
Thread count was 22 (of 22 available processors)

Solution count 0

Model is infeasible
Best objective -, best bound -, gap -

User-callback calls 2183, time in user-callback 0.00 sec
Set parameter LogToConsole to value 0
