FIXINGS_START
(0, 0, 0)
(0, 4, 0)
(1, 0, 0)
(1, 4, 0)
(2, 4, 0)
(3, 0, 0)
(4, 0, 0)
(4, 6, 0)
(5, 0, 0)
(5, 6, 0)
(6, 7, 0)
(6, 8, 0)
(7, 6, 0)
(8, 0, 0)
(9, 0, 0)
(9, 4, 0)
(10, 0, 0)
(11, 0, 0)
(12, 0, 0)
(13, 0, 0)
(2, 1, 0)
(2, 2, 0)
(11, 1, 0)
(5, 7, 0)
(9, 1, 0)
(0, 3, 0)
(0, 7, 0)
(0, 8, 0)
(1, 2, 0)
(6, 2, 0)
(13, 1, 0)
(6, 3, 24)
(7, 0, 0)
(9, 3, 0)
(9, 6, 0)
(10, 4, 0)
(13, 2, 0)
(13, 3, 29)
(13, 4, 0)
(12, 1, 0)
(13, 5, 0)
(7, 1, 0)
(7, 3, 0)
(7, 5, 0)
(8, 1, 0)
(8, 2, 0)
(9, 7, 0)
(12, 4, 0)
(3, 3, 0)
FIXINGS_END
found_sol 3991.0 time 22.867
found_sol 3990.0 time 22.868
found_sol 3980.0 time 24.374
found_sol 3807.0 time 26.665
found_sol 3787.0 time 26.666
found_sol 3781.0 time 28.212
found_sol 3687.0 time 39.058
found_sol 3573.0 time 47.194
time 105.712
GUROBI
Status OPTIMAL
Runtime 105.71145510673523
NodeCount 13072.0
IterCount 1700035.0
NumVars 4550
NumConstrs 24238
ObjBound 3573.0
ObjBoundC 3573.0
ObjVal 3573.0
MIPGap 0.0
