FIXINGS_START
(0, 0, 0)
(0, 4, 0)
(1, 0, 0)
(1, 4, 0)
(2, 4, 0)
(3, 0, 0)
(4, 0, 0)
(4, 6, 0)
(5, 0, 0)
(5, 6, 0)
(6, 7, 0)
(6, 8, 0)
(7, 6, 0)
(8, 0, 0)
(9, 0, 0)
(9, 4, 0)
(10, 0, 0)
(11, 0, 0)
(12, 0, 0)
(13, 0, 0)
(12, 1, 0)
(12, 4, 0)
(10, 1, 14)
(10, 3, 26)
(0, 1, 30)
(0, 2, 6)
(13, 1, 0)
(0, 3, 0)
(0, 7, 0)
(13, 2, 0)
(3, 1, 13)
(4, 1, 0)
(5, 4, 21)
(3, 2, 7)
(8, 1, 0)
(11, 1, 0)
(1, 2, 0)
(10, 4, 0)
(13, 4, 0)
(3, 3, 0)
(7, 0, 0)
(3, 4, 0)
(11, 2, 27)
(5, 7, 0)
(2, 1, 0)
(7, 1, 0)
(2, 2, 0)
(6, 2, 0)
(7, 3, 0)
FIXINGS_END
time 0.202
GUROBI
Status INFEASIBLE
Runtime 0.2018270492553711
NodeCount 1.0
IterCount 0.0
NumVars 4550
NumConstrs 24238
ObjBound inf
ObjBoundC inf
ObjVal None
MIPGap inf
