
Gurobi 13.0.0 (linux64) logging started Sun Jan 18 07:18:58 2026

Set parameter LogFile to value "../experiments/network-n_60_s_2_rp_0-app_set-id_38_17_apps/submip_30_epr1_model_gurobi.log"
Set parameter TimeLimit to value 8.5152147485001478e+02
Gurobi Optimizer version 13.0.0 build v13.0.0rc1 (linux64 - "Ubuntu 24.04.3 LTS")

CPU model: Intel(R) Core(TM) Ultra 7 165H, instruction set [SSE2|AVX|AVX2]
Thread count: 22 physical cores, 22 logical processors, using up to 22 threads

Non-default parameters:
TimeLimit  8.5152147485001478e+02
LogToConsole  0

Academic license 2539022 - for non-commercial use only - registered to al___@studenti.unimi.it
Optimize a model with 49925 rows, 6600 columns and 109220 nonzeros (Min)
Model fingerprint: 0x69ee5cb8
Model has 6600 linear objective coefficients
Model has 190 quadratic constraints
Variable types: 0 continuous, 6600 integer (6600 binary)
Coefficient statistics:
  Matrix range     [1e+00, 9e+02]
  QMatrix range    [5e+01, 2e+02]
  Objective range  [1e+01, 2e+02]
  Bounds range     [1e+00, 1e+00]
  RHS range        [1e+00, 1e+09]
  QRHS range       [1e+02, 6e+02]

MIP start from previous solve did not produce a new incumbent solution
MIP start from previous solve violates constraint fixed_app_8_microservice_1 by 1.000000000

Presolve removed 49211 rows and 4964 columns
Presolve time: 0.22s
Presolved: 18018 rows, 18755 columns, 117985 nonzeros
Variable types: 0 continuous, 18755 integer (18755 binary)
Deterministic concurrent LP optimizer: primal and dual simplex
Showing primal log only...

Concurrent spin time: 0.00s

Solved with dual simplex

Root relaxation: objective 3.824243e+03, 1467 iterations, 0.26 seconds (0.23 work units)

    Nodes    |    Current Node    |     Objective Bounds      |     Work
 Expl Unexpl |  Obj  Depth IntInf | Incumbent    BestBd   Gap | It/Node Time

     0     0 3824.24305    0  145          - 3824.24305      -     -    1s
     0     0 3824.67332    0  146          - 3824.67332      -     -    1s
     0     0 3840.37306    0  164          - 3840.37306      -     -    2s
H    0     0                    4494.0000000 3840.37306  14.5%     -    2s
H    0     0                    4469.0000000 3840.37306  14.1%     -    2s
H    0     0                    4443.0000000 3840.37306  13.6%     -    2s
     0     0 3851.47724    0  169 4443.00000 3851.47724  13.3%     -    2s
     0     0 3851.49591    0  168 4443.00000 3851.49591  13.3%     -    2s
     0     0 3852.60755    0  168 4443.00000 3852.60755  13.3%     -    2s
     0     0 3852.74736    0  170 4443.00000 3852.74736  13.3%     -    2s
     0     0 3852.75159    0  167 4443.00000 3852.75159  13.3%     -    2s
     0     0 3864.32616    0  189 4443.00000 3864.32616  13.0%     -    3s
     0     0 3868.27597    0  208 4443.00000 3868.27597  12.9%     -    3s
     0     0 3868.87584    0  220 4443.00000 3868.87584  12.9%     -    3s
     0     0 3877.35388    0  226 4443.00000 3877.35388  12.7%     -    3s
H    0     0                    4432.0000000 3877.35388  12.5%     -    3s
H    0     0                    4428.0000000 3877.35388  12.4%     -    4s
     0     0 3882.64168    0  233 4428.00000 3882.64168  12.3%     -    4s
     0     0 3883.70552    0  221 4428.00000 3883.70552  12.3%     -    4s
     0     0 3888.11875    0  213 4428.00000 3888.11875  12.2%     -    4s
     0     0 3889.77761    0  243 4428.00000 3889.77761  12.2%     -    5s
     0     0 3890.19443    0  236 4428.00000 3890.19443  12.1%     -    5s
     0     0 3892.10008    0  258 4428.00000 3892.10008  12.1%     -    5s
     0     0 3892.12745    0  254 4428.00000 3892.12745  12.1%     -    5s
     0     0 3892.12745    0  251 4428.00000 3892.12745  12.1%     -    5s
     0     2 3892.13334    0  250 4428.00000 3892.13334  12.1%     -    5s
H   53    94                    4407.0000000 3895.36437  11.6%   288    8s
H   58    94                    4355.0000000 3895.38656  10.6%   277    8s
H   60    94                    4167.0000000 3895.38656  6.52%   272    8s
H   85    94                    4133.0000000 3895.38656  5.75%   233    8s
   194   244 3899.04091   11  192 4133.00000 3895.38656  5.75%   198   10s
H  286   325                    4119.0000000 3895.38656  5.43%   178   11s
H  287   325                    4045.0000000 3895.38656  3.70%   178   11s
H  331   358                    4001.0000000 3895.38656  2.64%   171   12s
H  338   358                    4000.0000000 3895.38656  2.62%   169   12s
H  343   358                    3989.0000000 3895.38656  2.35%   171   12s
H  394   381                    3985.0000000 3895.38656  2.25%   161   12s
   578   571 3902.80267   21  160 3985.00000 3895.74774  2.24%   142   15s
H  673   665                    3976.0000000 3895.74774  2.02%   136   16s
H  831   824                    3966.0000000 3895.74774  1.77%   126   18s
  1112  1093 3930.95413   37  123 3966.00000 3895.74774  1.77%   117   20s
  1901  1617 3922.16695   13  120 3966.00000 3898.90052  1.69%   103   25s
  2558  2087 3905.84255   13  194 3966.00000 3900.24116  1.66%  97.6   30s
  2930  2273 3950.81849   47 4887 3966.00000 3900.57145  1.65%  96.7   35s
  2953  2288 3904.49117    9  248 3966.00000 3900.57145  1.65%  96.0   40s
  2996  2317 3954.56942   55  256 3966.00000 3900.57145  1.65%  94.6   45s
  3028  2338 3929.90097   24  279 3966.00000 3900.57145  1.65%  93.6   50s
  3047  2360 3903.56031   12  218 3966.00000 3901.81495  1.62%  97.6   56s
H 3071  2270                    3963.0000000 3904.27379  1.48%   100   59s
  3093  2305 3909.30499   15  230 3963.00000 3905.57208  1.45%   102   61s
  3157  2338 3913.02155   16  191 3963.00000 3905.57208  1.45%   104   65s
  3282  2422 3911.95882   18  222 3963.00000 3905.57208  1.45%   107   71s
  3419  2485 3912.44952   20  206 3963.00000 3906.24628  1.43%   109   75s
H 3497  2386                    3953.0000000 3906.67998  1.17%   109   77s
  3615  2486 3915.49955   22  178 3953.00000 3907.07848  1.16%   110   80s
  3909  2558 3921.85530   28  156 3953.00000 3907.55127  1.15%   111   85s
  4361  2647 3942.15009   33  139 3953.00000 3908.19207  1.13%   110   90s
  4744  2700 3950.22293   40  108 3953.00000 3909.02766  1.11%   109   95s
  5085  2770 3916.26151   21  167 3953.00000 3909.64744  1.10%   109  101s
  5393  2857 3941.08532   38  137 3953.00000 3909.65037  1.10%   108  105s
  5835  2955 3939.32918   25  183 3953.00000 3909.65037  1.10%   108  110s
  6406  3081 3950.11773   27   94 3953.00000 3910.70717  1.07%   109  116s
  6899  3182     cutoff   26      3953.00000 3911.08857  1.06%   109  120s
  7456  3314 3937.89258   35  124 3953.00000 3911.10466  1.06%   108  125s
  7789  3416 3946.78966   53   95 3953.00000 3912.27900  1.03%   108  130s
  8370  3512 3938.35843   33  139 3953.00000 3913.06996  1.01%   108  136s
  9036  3512 3928.84616   31  163 3953.00000 3913.42437  1.00%   107  141s
  9445  3774 3930.52477   23  134 3953.00000 3913.42437  1.00%   107  147s
  9824  3992 3935.48207   26  187 3953.00000 3914.49883  0.97%   107  150s
 10362  4195 3949.68368   26  151 3953.00000 3914.82154  0.97%   106  156s
 10991  4540     cutoff   27      3953.00000 3914.83204  0.97%   107  163s
 11474  4660     cutoff   33      3953.00000 3914.83204  0.97%   107  166s
 11960  4827     cutoff   36      3953.00000 3915.86018  0.94%   106  170s
 12977  5324 3951.76843   25  103 3953.00000 3916.50750  0.92%   105  177s
 13500  5599     cutoff   29      3953.00000 3916.50750  0.92%   106  181s
 14025  5797 3931.71956   29  140 3953.00000 3916.78465  0.92%   106  186s
 14590  6139 3934.01931   23  199 3953.00000 3916.82674  0.92%   106  190s
 15865  6559 3929.17038   21  174 3953.00000 3917.52197  0.90%   106  198s
 16140  6618 3932.47438   24  101 3953.00000 3917.72830  0.89%   106  203s
 16271  6860 3945.93397   29   87 3953.00000 3917.72830  0.89%   106  208s
 16942  7149 3930.04773   22  118 3953.00000 3918.50978  0.87%   106  213s
 17657  7523 3949.78395   38  116 3953.00000 3918.79844  0.87%   105  218s
 18390  7746 3941.19647   29  195 3953.00000 3919.06103  0.86%   105  223s
 18896  8182 3934.20264   27  151 3953.00000 3919.26982  0.85%   105  228s
 19720  8574 3950.93665   23  175 3953.00000 3919.60202  0.84%   105  234s
 20593  8937 3931.77545   30  180 3953.00000 3919.97921  0.84%   105  239s
 21364  9298 3943.42916   37  104 3953.00000 3920.13797  0.83%   105  245s
 22294  9664 3928.24200   28  165 3953.00000 3920.59848  0.82%   105  251s
 23217  9980 3928.77638   21  160 3953.00000 3920.90908  0.81%   105  257s
 24211 10576 3923.55146   22  106 3953.00000 3921.22369  0.80%   105  266s
 25408 10940 3941.26406   27  184 3953.00000 3921.42812  0.80%   105  272s
H25574  7720                    3943.0000000 3921.56508  0.54%   105  272s
 26236  7792 3932.35172   26   96 3943.00000 3921.96000  0.53%   105  278s
H26328  3718                    3934.0000000 3921.96000  0.31%   105  278s
 27159  3361     cutoff   26      3934.00000 3922.30769  0.30%   105  284s
 28250  3201 3930.26401   24  134 3934.00000 3923.23041  0.27%   105  291s
 28856  2869 3929.30673   31  121 3934.00000 3924.00480  0.25%   105  298s
 30069  2480 infeasible   31      3934.00000 3925.11309  0.23%   106  305s
 31020  1771 3932.54056   26  149 3934.00000 3926.60763  0.19%   106  313s
 32230   531     cutoff   37      3934.00000 3927.75910  0.16%   105  318s

Cutting planes:
  Gomory: 5
  Lift-and-project: 3
  Cover: 386
  Implied bound: 1
  Clique: 63
  MIR: 263
  Knapsack: 8
  StrongCG: 151
  Flow cover: 112
  GUB cover: 19
  Zero half: 44
  RLT: 126
  Relax-and-lift: 140
  BQP: 33
  PSD: 1

Explored 34186 nodes (3477822 simplex iterations) in 319.22 seconds (186.40 work units)
Thread count was 22 (of 22 available processors)

Solution count 10: 3934 3943 3953 ... 4001

Optimal solution found (tolerance 1.00e-04)
Best objective 3.934000000000e+03, best bound 3.934000000000e+03, gap 0.0000%

User-callback calls 98507, time in user-callback 0.33 sec
Set parameter LogToConsole to value 0
