FIXINGS_START
(1, 0, 0)
(2, 5, 0)
(3, 0, 0)
(3, 1, 0)
(4, 0, 0)
(5, 0, 0)
(5, 4, 0)
(6, 0, 0)
(6, 4, 0)
(7, 0, 0)
(8, 0, 0)
(8, 4, 0)
(9, 0, 0)
(9, 8, 0)
(10, 0, 0)
(10, 4, 0)
(11, 0, 0)
(11, 7, 0)
(12, 0, 0)
(13, 0, 0)
(13, 1, 0)
(14, 0, 0)
(15, 0, 0)
(16, 0, 0)
(8, 1, 36)
(13, 4, 0)
(13, 6, 0)
(5, 2, 0)
(8, 2, 11)
(15, 2, 1)
(0, 0, 0)
(6, 1, 0)
(6, 5, 0)
(3, 2, 0)
(14, 1, 28)
(3, 3, 0)
(11, 3, 0)
(14, 2, 0)
(16, 3, 0)
(6, 7, 0)
(11, 4, 0)
(16, 4, 0)
(4, 1, 0)
(0, 2, 0)
(4, 2, 0)
(0, 4, 0)
(4, 5, 0)
(3, 5, 7)
(3, 6, 18)
(5, 3, 1)
(9, 1, 10)
(0, 5, 8)
(6, 8, 0)
(9, 2, 33)
(0, 6, 0)
(15, 3, 0)
(2, 0, 22)
(2, 1, 0)
(15, 4, 0)
FIXINGS_END
found_sol 4476.0 time 0.889
found_sol 4472.0 time 0.889
found_sol 4406.0 time 1.043
found_sol 4385.0 time 1.725
found_sol 4381.0 time 1.726
found_sol 4370.0 time 1.727
found_sol 4349.0 time 2.050
found_sol 4260.0 time 2.157
found_sol 4256.0 time 2.158
found_sol 4255.0 time 3.564
found_sol 4187.0 time 3.799
found_sol 4166.0 time 3.800
found_sol 4155.0 time 4.174
found_sol 4134.0 time 4.177
found_sol 4111.0 time 4.363
found_sol 4093.0 time 4.365
found_sol 4091.0 time 4.536
found_sol 4077.0 time 4.721
found_sol 4028.0 time 6.361
found_sol 4022.0 time 6.603
found_sol 4020.0 time 6.936
found_sol 3997.0 time 6.938
found_sol 3995.0 time 7.163
found_sol 3979.0 time 7.166
found_sol 3975.0 time 7.589
found_sol 3970.0 time 8.029
found_sol 3956.0 time 13.734
found_sol 3955.0 time 14.332
found_sol 3955.0 time 16.953
found_sol 3956.0 time 16.954
found_sol 3970.0 time 16.955
found_sol 3946.0 time 23.047
time 48.297
GUROBI
Status OPTIMAL
Runtime 48.29719519615173
NodeCount 11767.0
IterCount 882585.0
NumVars 6600
NumConstrs 49934
ObjBound 3946.0
ObjBoundC 3946.0
ObjVal 3946.0
MIPGap 0.0
