FIXINGS_START
(1, 0, 0)
(2, 5, 0)
(3, 0, 0)
(3, 1, 0)
(4, 0, 0)
(5, 0, 0)
(5, 4, 0)
(6, 0, 0)
(6, 4, 0)
(7, 0, 0)
(8, 0, 0)
(8, 4, 0)
(9, 0, 0)
(9, 8, 0)
(10, 0, 0)
(10, 4, 0)
(11, 0, 0)
(11, 7, 0)
(12, 0, 0)
(13, 0, 0)
(13, 1, 0)
(14, 0, 0)
(15, 0, 0)
(16, 0, 0)
(8, 5, 0)
(8, 6, 0)
(8, 7, 22)
(15, 2, 1)
(15, 3, 0)
(13, 3, 3)
(12, 1, 36)
(9, 2, 33)
(1, 4, 0)
(13, 4, 0)
(15, 4, 0)
(10, 1, 0)
(11, 3, 0)
(9, 3, 0)
(5, 2, 0)
(12, 2, 0)
(4, 1, 0)
(12, 3, 0)
(3, 2, 0)
(9, 4, 33)
(12, 4, 0)
(2, 0, 22)
(12, 5, 0)
(6, 1, 0)
(5, 3, 1)
(3, 3, 0)
(9, 6, 0)
(16, 1, 7)
(10, 2, 0)
(16, 2, 40)
(4, 2, 0)
(2, 1, 0)
(2, 3, 0)
(16, 3, 0)
(6, 2, 28)
FIXINGS_END
found_sol 4303.0 time 1.396
found_sol 4186.0 time 2.329
found_sol 4087.0 time 2.763
found_sol 4047.0 time 2.886
found_sol 4046.0 time 3.180
found_sol 4028.0 time 3.195
found_sol 4016.0 time 3.216
found_sol 4014.0 time 3.310
found_sol 3999.0 time 5.550
found_sol 3992.0 time 6.492
found_sol 3988.0 time 8.170
found_sol 3966.0 time 8.948
found_sol 3962.0 time 10.209
found_sol 3960.0 time 13.819
found_sol 3959.0 time 23.761
found_sol 3957.0 time 23.771
found_sol 3957.0 time 26.105
found_sol 3959.0 time 26.106
found_sol 3960.0 time 26.107
time 52.956
GUROBI
Status OPTIMAL
Runtime 52.9553439617157
NodeCount 10366.0
IterCount 829726.0
NumVars 6600
NumConstrs 49934
ObjBound 3957.0
ObjBoundC 3957.0
ObjVal 3957.0
MIPGap 0.0
