
Gurobi 13.0.0 (linux64) logging started Sun Jan 18 07:24:17 2026

Set parameter LogFile to value "../experiments/network-n_60_s_2_rp_0-app_set-id_38_17_apps/submip_40_epr1_model_gurobi.log"
Set parameter TimeLimit to value 837.381772933004
Gurobi Optimizer version 13.0.0 build v13.0.0rc1 (linux64 - "Ubuntu 24.04.3 LTS")

CPU model: Intel(R) Core(TM) Ultra 7 165H, instruction set [SSE2|AVX|AVX2]
Thread count: 22 physical cores, 22 logical processors, using up to 22 threads

Non-default parameters:
TimeLimit  837.381772933004
LogToConsole  0

Academic license 2539022 - for non-commercial use only - registered to al___@studenti.unimi.it
Optimize a model with 49934 rows, 6600 columns and 109229 nonzeros (Min)
Model fingerprint: 0x7eee56b6
Model has 6600 linear objective coefficients
Model has 190 quadratic constraints
Variable types: 0 continuous, 6600 integer (6600 binary)
Coefficient statistics:
  Matrix range     [1e+00, 9e+02]
  QMatrix range    [5e+01, 2e+02]
  Objective range  [1e+01, 2e+02]
  Bounds range     [1e+00, 1e+00]
  RHS range        [1e+00, 1e+09]
  QRHS range       [1e+02, 6e+02]

MIP start from previous solve did not produce a new incumbent solution
MIP start from previous solve violates constraint fixed_app_2_microservice_0 by 1.000000000

Presolve removed 49454 rows and 5393 columns
Presolve time: 0.14s
Presolved: 9139 rows, 9686 columns, 61921 nonzeros
Variable types: 0 continuous, 9686 integer (9686 binary)

Root relaxation: objective 3.837679e+03, 818 iterations, 0.08 seconds (0.07 work units)

    Nodes    |    Current Node    |     Objective Bounds      |     Work
 Expl Unexpl |  Obj  Depth IntInf | Incumbent    BestBd   Gap | It/Node Time

     0     0 3837.67912    0   93          - 3837.67912      -     -    0s
H    0     0                    4476.0000000 3837.67912  14.3%     -    0s
H    0     0                    4472.0000000 3837.67912  14.2%     -    0s
     0     0 3861.17355    0  152 4472.00000 3861.17355  13.7%     -    1s
H    0     0                    4406.0000000 3861.17355  12.4%     -    1s
     0     0 3864.68110    0  155 4406.00000 3864.68110  12.3%     -    1s
     0     0 3864.80230    0  155 4406.00000 3864.80230  12.3%     -    1s
H    0     0                    4385.0000000 3880.20250  11.5%     -    1s
H    0     0                    4381.0000000 3880.20250  11.4%     -    1s
H    0     0                    4370.0000000 3880.20250  11.2%     -    1s
     0     0 3883.06795    0  148 4370.00000 3883.06795  11.1%     -    1s
     0     0 3886.04068    0  160 4370.00000 3886.04068  11.1%     -    1s
     0     0 3887.10438    0  179 4370.00000 3887.10438  11.1%     -    1s
     0     0 3887.24979    0  176 4370.00000 3887.24979  11.0%     -    1s
H    0     0                    4349.0000000 3887.24979  10.6%     -    2s
H    0     0                    4260.0000000 3894.36975  8.58%     -    2s
H    0     0                    4256.0000000 3894.36975  8.50%     -    2s
     0     0 3894.36975    0  188 4256.00000 3894.36975  8.50%     -    2s
     0     0 3894.55300    0  187 4256.00000 3894.55300  8.49%     -    2s
     0     0 3894.55300    0  185 4256.00000 3894.55300  8.49%     -    2s
     0     2 3894.56232    0  185 4256.00000 3894.56232  8.49%     -    2s
H   74    94                    4255.0000000 3902.15175  8.29%   208    3s
H   96   151                    4187.0000000 3903.92813  6.76%   187    3s
H   99   151                    4166.0000000 3903.92813  6.29%   184    3s
H  192   241                    4155.0000000 3903.92813  6.04%   142    4s
H  236   241                    4134.0000000 3903.92813  5.57%   132    4s
H  246   277                    4111.0000000 3903.92813  5.04%   129    4s
H  272   277                    4093.0000000 3903.92813  4.62%   126    4s
H  282   332                    4091.0000000 3903.92813  4.57%   123    4s
H  343   375                    4077.0000000 3903.92813  4.25%   118    4s
   487   514 3923.05580   15  145 4077.00000 3903.92813  4.25%   107    5s
H  989   985                    4028.0000000 3906.38374  3.02%  88.1    6s
* 1078  1015              50    4022.0000000 3906.38374  2.87%  85.4    6s
H 1157  1031                    4020.0000000 3906.38374  2.83%  84.1    6s
H 1160  1031                    3997.0000000 3906.38374  2.27%  84.3    6s
H 1183  1046                    3995.0000000 3906.38374  2.22%  84.2    7s
H 1195  1046                    3979.0000000 3906.38374  1.82%  84.3    7s
H 1334  1150                    3975.0000000 3906.38374  1.73%  84.3    7s
H 1470  1219                    3970.0000000 3908.97239  1.54%  84.3    8s
  2107  1256 3951.85443   23  149 3970.00000 3908.97239  1.54%  82.3   10s
H 2838  1293                    3956.0000000 3912.45835  1.10%  80.3   13s
H 3027  1330                    3955.0000000 3912.45835  1.08%  79.7   14s
  3209  1543 3937.50795   18  144 3955.00000 3913.89085  1.04%  79.8   15s
  3459  1581 3927.05081   13  212 3955.00000 3914.79437  1.02%  78.4   20s
H 3552  1562                    3946.0000000 3915.15755  0.78%  82.0   23s
  3716  1580 3925.30289   20  145 3946.00000 3918.00830  0.71%  84.5   25s
  4238  1653 3935.74416   25  125 3946.00000 3922.30377  0.60%  87.2   30s
  5990  1503     cutoff   23      3946.00000 3927.34345  0.47%  83.0   35s
  7779  1061     cutoff   34      3946.00000 3931.37183  0.37%  81.2   40s
  9834   795     cutoff   31      3946.00000 3935.25965  0.27%  78.8   45s

Cutting planes:
  Lift-and-project: 4
  Cover: 126
  Clique: 30
  MIR: 129
  Knapsack: 9
  StrongCG: 52
  Flow cover: 77
  GUB cover: 9
  Zero half: 26
  Mod-K: 1
  RLT: 46
  Relax-and-lift: 29
  BQP: 15

Explored 11767 nodes (882585 simplex iterations) in 48.29 seconds (30.67 work units)
Thread count was 22 (of 22 available processors)

Solution count 10: 3946 3955 3956 ... 4022

Optimal solution found (tolerance 1.00e-04)
Best objective 3.946000000000e+03, best bound 3.946000000000e+03, gap 0.0000%

User-callback calls 29716, time in user-callback 0.05 sec
