
Gurobi 13.0.0 (linux64) logging started Fri Jan  2 16:20:23 2026

Set parameter LogFile to value "../experiments/network-n_50_s_1_rp_0-app_set-id_64_26_apps/compact_model_gurobi.log"
Set parameter TimeLimit to value 900
Gurobi Optimizer version 13.0.0 build v13.0.0rc1 (linux64 - "Ubuntu 24.04.3 LTS")

CPU model: Intel(R) Core(TM) Ultra 7 165H, instruction set [SSE2|AVX|AVX2]
Thread count: 22 physical cores, 22 logical processors, using up to 22 threads

Non-default parameters:
TimeLimit  900
LogToConsole  0

Academic license 2539022 - for non-commercial use only - registered to al___@studenti.unimi.it
Optimize a model with 44499 rows, 8450 columns and 100808 nonzeros (Min)
Model fingerprint: 0x485d5c7d
Model has 8450 linear objective coefficients
Model has 164 quadratic constraints
Variable types: 0 continuous, 8450 integer (8450 binary)
Coefficient statistics:
  Matrix range     [1e+00, 9e+02]
  QMatrix range    [5e+01, 2e+02]
  Objective range  [1e+01, 2e+02]
  Bounds range     [1e+00, 1e+00]
  RHS range        [1e+00, 1e+09]
  QRHS range       [1e+02, 6e+02]
Presolve removed 42815 rows and 5191 columns
Presolve time: 0.34s
Presolved: 33529 rows, 34941 columns, 212496 nonzeros
Variable types: 0 continuous, 34941 integer (34941 binary)
Deterministic concurrent LP optimizer: primal and dual simplex
Showing primal log only...

Concurrent spin time: 0.28s (can be avoided by choosing Method=3)

Solved with dual simplex

Root relaxation: infeasible, 9076 iterations, 2.42 seconds (2.76 work units)

    Nodes    |    Current Node    |     Objective Bounds      |     Work
 Expl Unexpl |  Obj  Depth IntInf | Incumbent    BestBd   Gap | It/Node Time

     0     0 infeasible    0               - infeasible      -     -    3s

Explored 1 nodes (9076 simplex iterations) in 3.58 seconds (4.04 work units)
Thread count was 22 (of 22 available processors)

Solution count 0

Model is infeasible
Best objective -, best bound -, gap -

User-callback calls 761, time in user-callback 0.00 sec
