
Gurobi 13.0.0 (linux64) logging started Fri Jan  2 17:16:49 2026

Set parameter LogFile to value "../experiments/network-n_50_s_2_rp_0-app_set-id_68_27_apps/compact_model_gurobi.log"
Set parameter TimeLimit to value 900
Gurobi Optimizer version 13.0.0 build v13.0.0rc1 (linux64 - "Ubuntu 24.04.3 LTS")

CPU model: Intel(R) Core(TM) Ultra 7 165H, instruction set [SSE2|AVX|AVX2]
Thread count: 22 physical cores, 22 logical processors, using up to 22 threads

Non-default parameters:
TimeLimit  900
LogToConsole  0

Academic license 2539022 - for non-commercial use only - registered to al___@studenti.unimi.it
Optimize a model with 43024 rows, 8800 columns and 98145 nonzeros (Min)
Model fingerprint: 0xcccff1d7
Model has 8800 linear objective coefficients
Model has 162 quadratic constraints
Variable types: 0 continuous, 8800 integer (8800 binary)
Coefficient statistics:
  Matrix range     [1e+00, 9e+02]
  QMatrix range    [5e+01, 2e+02]
  Objective range  [1e+01, 2e+02]
  Bounds range     [1e+00, 1e+00]
  RHS range        [1e+00, 1e+09]
  QRHS range       [1e+02, 6e+02]
Presolve removed 41258 rows and 5516 columns
Presolve time: 0.42s
Presolved: 35792 rows, 37116 columns, 227469 nonzeros
Variable types: 0 continuous, 37116 integer (37116 binary)
Deterministic concurrent LP optimizer: primal and dual simplex
Showing primal log only...

Concurrent spin time: 0.00s

Solved with dual simplex

Root relaxation: infeasible, 5118 iterations, 0.95 seconds (0.79 work units)

    Nodes    |    Current Node    |     Objective Bounds      |     Work
 Expl Unexpl |  Obj  Depth IntInf | Incumbent    BestBd   Gap | It/Node Time

     0     0 infeasible    0               - infeasible      -     -    2s

Explored 1 nodes (5118 simplex iterations) in 2.26 seconds (2.32 work units)
Thread count was 22 (of 22 available processors)

Solution count 0

Model is infeasible
Best objective -, best bound -, gap -

User-callback calls 899, time in user-callback 0.00 sec
