
Gurobi 13.0.0 (linux64) logging started Sat Jan 17 21:51:05 2026

Set parameter LogFile to value "../experiments/network-n_60_s_0_rp_0-app_set-id_66_27_apps/submip_30_epr0_model_gurobi.log"
Set parameter TimeLimit to value 8.8825159151799744e+02
Gurobi Optimizer version 13.0.0 build v13.0.0rc1 (linux64 - "Ubuntu 24.04.3 LTS")

CPU model: Intel(R) Core(TM) Ultra 7 165H, instruction set [SSE2|AVX|AVX2]
Thread count: 22 physical cores, 22 logical processors, using up to 22 threads

Non-default parameters:
TimeLimit  8.8825159151799744e+02
LogToConsole  0

Academic license 2539022 - for non-commercial use only - registered to al___@studenti.unimi.it
Optimize a model with 46052 rows, 10560 columns and 106903 nonzeros (Min)
Model fingerprint: 0xd9d1b083
Model has 10560 linear objective coefficients
Model has 200 quadratic constraints
Variable types: 0 continuous, 10560 integer (10560 binary)
Coefficient statistics:
  Matrix range     [1e+00, 9e+02]
  QMatrix range    [5e+01, 2e+02]
  Objective range  [1e+01, 2e+02]
  Bounds range     [1e+00, 1e+00]
  RHS range        [1e+00, 1e+09]
  QRHS range       [1e+02, 6e+02]
Presolve removed 45457 rows and 8081 columns
Presolve time: 0.14s
Presolved: 19842 rows, 21533 columns, 121498 nonzeros
Variable types: 0 continuous, 21533 integer (21533 binary)
Deterministic concurrent LP optimizer: primal and dual simplex
Showing primal log only...

Concurrent spin time: 0.23s (can be avoided by choosing Method=3)

Solved with dual simplex

Root relaxation: objective 6.825911e+03, 3030 iterations, 0.77 seconds (0.57 work units)

    Nodes    |    Current Node    |     Objective Bounds      |     Work
 Expl Unexpl |  Obj  Depth IntInf | Incumbent    BestBd   Gap | It/Node Time

     0     0 6825.91110    0  266          - 6825.91110      -     -    1s
     0     0 6826.03026    0  267          - 6826.03026      -     -    1s
     0     0 6869.73413    0  288          - 6869.73413      -     -    2s
     0     0 6869.73413    0  288          - 6869.73413      -     -    2s
     0     0 6869.82763    0  289          - 6869.82763      -     -    2s
     0     0 6869.82763    0  289          - 6869.82763      -     -    2s
     0     0 6869.82763    0  289          - 6869.82763      -     -    2s
     0     0 6869.82774    0  288          - 6869.82774      -     -    2s
     0     0 7018.93715    0  347          - 7018.93715      -     -    4s
     0     0 7018.96228    0  349          - 7018.96228      -     -    4s
     0     0 7018.96471    0  352          - 7018.96471      -     -    4s
     0     0 7019.72535    0  350          - 7019.72535      -     -    4s
     0     0 7019.74310    0  353          - 7019.74310      -     -    4s
     0     0 7019.75253    0  350          - 7019.75253      -     -    4s
     0     0 7019.75717    0  347          - 7019.75717      -     -    4s
     0     0 7019.75717    0  347          - 7019.75717      -     -    4s
     0     0 7020.12661    0  344          - 7020.12661      -     -    4s
     0     0 7051.32272    0  312          - 7051.32272      -     -    4s
     0     0 7055.87700    0  353          - 7055.87700      -     -    5s
     0     0 7056.65687    0  354          - 7056.65687      -     -    5s
     0     0 7056.65759    0  356          - 7056.65759      -     -    5s
     0     0 7143.46497    0  375          - 7143.46497      -     -    6s
     0     0 7171.13282    0  404          - 7171.13282      -     -    7s
     0     0 7203.69486    0  410          - 7203.69486      -     -    8s
     0     0 7221.94438    0  412          - 7221.94438      -     -    8s
     0     0 7230.81069    0  431          - 7230.81069      -     -    9s
     0     0 7231.72558    0  443          - 7231.72558      -     -    9s
     0     0 7335.07079    0  441          - 7335.07079      -     -   11s
     0     0 7359.00575    0  447          - 7359.00575      -     -   12s
     0     0 7379.04805    0  485          - 7379.04805      -     -   13s
     0     0 7382.30818    0  497          - 7382.30818      -     -   13s
     0     0 7446.42521    0  507          - 7446.42521      -     -   15s
     0     0 7446.50827    0  503          - 7446.50827      -     -   15s
     0     0 7446.50827    0  498          - 7446.50827      -     -   15s
     0     2 7446.51294    0  487          - 7446.51294      -     -   17s
    15    32 7459.53702    4  452          - 7454.52949      -   466   20s
   142   182 7465.43553    9  434          - 7460.42316      -   313   25s
   312   321 7475.78951   14  425          - 7460.42316      -   330   31s
   397   401 7480.86140   17  423          - 7460.42316      -   311   38s
   444   443 7486.25923   18  435          - 7460.42316      -   308   40s
   592   586 7492.13165   23  393          - 7460.42316      -   290   45s
   708   693 7522.10606   26  387          - 7460.42316      -   293   50s
   801   788 7541.12502   30  382          - 7460.42316      -   296   55s
   940   899 7548.31730   33  377          - 7462.05258      -   289   61s
  1031   995 7551.40932   36  377          - 7462.05258      -   288   66s
  1191  1122 7554.24968   38  372          - 7463.92014      -   280   71s
  1289  1206 7588.18314   39  347          - 7463.92014      -   282   75s
  1398  1271 7580.91882   41  362          - 7463.92014      -   283   80s
  1609  1489 7665.24060   48  328          - 7463.92014      -   282   87s
  1846  1723 7720.97493   66  307          - 7468.02994      -   281   92s
  1966  1851 7823.49025   73  269          - 7468.02994      -   283   95s
  2259  2111 7999.66014   86  245          - 7468.02994      -   283  100s
  2641  2371 7557.41232   14  337          - 7468.71703      -   278  106s
  2987  2569 7660.98318   23  299          - 7468.71703      -   280  112s
  3095  2690 7713.26334   30  282          - 7468.71703      -   282  115s
  3442  2839 8042.82191   11 8404          - 7468.71703      -   284  123s
  3444  2840 7619.76768   50  252          - 7468.71703      -   284  125s
  3448  2843 8035.88917   54  361          - 7468.71703      -   284  130s
  3456  2848 7648.85065   21  487          - 7481.29677      -   283  135s
  3469  2857 7613.44921   39  552          - 7537.63222      -   282  140s
  3483  2866 7611.62415   30  540          - 7599.17229      -   281  145s
  3490  2871 7909.66332   15  553          - 7637.64359      -   280  150s
  3507  2882 7839.28609   47  599          - 7660.91286      -   279  155s
  3518  2890 7684.62856   14  563          - 7684.62856      -   278  160s
  3544  2907 7705.29736   50  622          - 7705.29736      -   276  165s
  3562  2919 7823.43542   59  659          - 7719.20407      -   275  170s
  3582  2932 7725.41642   10  711          - 7725.41642      -   273  175s
  3600  2944 7881.64801   68  619          - 7743.33756      -   272  180s
  3627  2962 7754.20316   27  675          - 7754.20316      -   270  185s
  3645  2974 7767.39817   69  640          - 7767.39817      -   269  190s
  3661  2985 7772.81787   20  661          - 7772.81787      -   267  196s
  3678  2996 7775.71872   23  668          - 7775.71872      -   266  200s
  3700  3011 7881.64801   68  664          - 7779.45188      -   265  205s
  3714  3020 7878.50243   11  662          - 7781.86567      -   264  210s
  3727  3029 7783.53097   27  666          - 7783.53097      -   263  215s
  3740  3038 7790.38536   21  676          - 7790.38536      -   262  220s
  3761  3052 7791.81647   20  712          - 7791.81647      -   260  225s
  3770  3059 7791.81647   29  307          - 7791.81647      -   280  230s
  3774  3062 7825.35024   48  430          - 7791.83464      -   280  236s
  3776  3063 7796.11849   33  479          - 7796.11849      -   280  240s
  3788  3071 7799.29213   17  677          - 7799.29213      -   279  245s
  3804  3082 8159.76483   35  659          - 7799.33833      -   277  250s
  3823  3094 7800.94992   46  628          - 7800.94992      -   276  255s
  3841  3106 7807.11204   39  652          - 7807.11204      -   275  260s
  3861  3120 7810.63748   20  674          - 7810.63748      -   273  265s
  3874  3128 7825.35024   48  664          - 7812.30683      -   272  270s
  3889  3138 7818.03936   24  702          - 7818.03936      -   271  275s
  3901  3146 7824.16993   55  702          - 7824.16993      -   271  281s
  3915  3156 7868.10336   73  714          - 7825.44042      -   270  285s
  3929  3165 7826.04125   10  711          - 7826.04125      -   269  290s
  3931  3166 7826.04128    8  690          - 7826.04128      -   269  297s
  3934  3173 7828.43021   25  605          - 7827.01379      -   279  301s
  3946  3191 7836.94298   27  597          - 7829.57272      -   281  306s
  3962  3206 7845.17496   28  605          - 7835.14128      -   283  310s
  3984  3223 7875.25045   29  550          - 7839.77216      -   286  315s
  4008  3236 7958.13323   30  507          - 7845.18563      -   290  320s
  4031  3250 7883.88186   30  574          - 7845.18563      -   294  327s
  4053  3272 7890.49818   31  543          - 7845.18563      -   297  333s
  4084  3286 7931.72172   32  529          - 7845.18563      -   299  338s
  4109  3301 7894.23380   32  549          - 7845.18563      -   302  343s
  4136  3318 7899.10556   33  560          - 7845.18563      -   306  349s
  4162  3332 7958.53202   33  533          - 7845.18563      -   308  354s
  4187  3351 7905.63779   34  556          - 7845.18563      -   313  360s
  4218  3369 7958.79898   34  519          - 7845.18563      -   317  366s
  4246  3393 7907.46563   35  557          - 7845.18563      -   321  371s
  4282  3410 7909.61983   36  538          - 7845.18563      -   326  379s
  4317  3419 7916.19283   37  552          - 7845.18563      -   333  384s
  4361  3450 7962.08393   38  530          - 7845.18563      -   339  390s
  4409  3467 7919.64268   39  545          - 7845.18563      -   342  395s
  4475  3495 7923.08449   40  551          - 7845.18563      -   347  404s
  4508  3517 7923.22885   41  536          - 7845.18563      -   349  408s
  4547  3531 8079.85002   41  451          - 7845.18563      -   352  413s
  4596  3560 7993.52202   42  494          - 7858.21687      -   355  419s
  4653  3582 7924.80504   42  511          - 7858.21687      -   359  424s
  4712  3607 7969.65252   43  487          - 7858.21687      -   363  430s
  4785  3605 7971.81077   44  419          - 7858.21687      -   367  436s
  4855  3635 7978.49367   45  481          - 7864.02353      -   372  442s
  4921  3660 8084.09904   46  412          - 7867.41645      -   378  448s
  4989  3660 8028.72266   47  440          - 7870.78596      -   383  455s
  5027  3669 8077.85307   48  404          - 7870.78596      -   386  461s
  5061  3677 8096.68967   48  383          - 7870.78596      -   387  467s
  5102  3692 8191.32684   49  371          - 7870.78596      -   390  474s
  5147  3705 8261.73175   49  353          - 7876.76952      -   392  481s
  5200  3721 8216.74019   50  376          - 7876.76952      -   393  488s
  5272  3724 8254.86111   51  376          - 7889.01869      -   397  496s
  5338  3764 infeasible   51               - 7889.01869      -   403  504s
  5436  3802 7969.36101   30  386          - 7889.01869      -   408  512s
  5548  3814 8050.42722   31  370          - 7889.01869      -   411  520s
  5660  3834 7982.92702   33  414          - 7889.01869      -   416  529s
  5761  3855 8244.14006   34  351          - 7889.01869      -   421  538s
  5888  3878 8245.97455   35  323          - 7889.01869      -   426  547s
  6017  3911 8242.54822   38  337          - 7896.52328      -   431  557s
  6153  3930 8274.40289   40  351          - 7910.11503      -   436  566s
  6267  3956 8315.82573   42  360          - 7910.11503      -   443  577s
  6405  3929 8618.09065   45  350          - 7910.11503      -   448  587s
  6438  3941 8653.76441   46  328          - 7910.11503      -   449  597s
  6465  3950 8689.48359   47  323          - 7910.11503      -   451  608s
  6495  3956 infeasible   47               - 7910.11503      -   452  620s
  6535  3985 infeasible   48               - 7918.01824      -   454  631s
  6613  4044 8041.00197   31  436          - 7922.84644      -   458  643s
  6778  4011 8473.59545   35  312          - 7922.84644      -   461  654s
  6826  4046 8312.34175   39  329          - 7922.84644      -   463  667s
  6997  4094 8472.75789   41  347          - 7922.84644      -   465  680s
  7184  4138 8518.91938   45  376          - 7926.70388      -   469  693s
  7366  4199 8774.22559   51  283          - 7926.70388      -   475  707s
  7606  4235 7962.77730   34  438          - 7931.73012      -   478  722s
  7788  4290 8007.01934   35  408          - 7931.73012      -   481  737s
  8048  4220 8129.04691   39  395          - 7931.73012      -   484  752s
  8075  4226 8145.76227   40  368          - 7931.73012      -   485  768s
  8104  4225 8307.52951   38  321          - 7931.73012      -   486  784s
  8139  4241 8164.34469   41  340          - 7935.56017      -   487  801s
  8188  4305 8206.58382   40  366          - 7935.56017      -   487  818s
  8353  4349 infeasible   45               - 7935.56017      -   489  835s
  8606  4424 infeasible   49               - 7935.56017      -   495  853s
  8937  4455 infeasible   35               - 7935.56017      -   498  871s
  9259  4519 8242.29555   36  387          - 7939.30386      -   503  888s

Cutting planes:
  Gomory: 3
  Lift-and-project: 1
  Cover: 121
  Clique: 26
  MIR: 202
  Knapsack: 18
  StrongCG: 109
  Flow cover: 326
  GUB cover: 19
  Zero half: 45
  Mod-K: 2
  RLT: 57
  Relax-and-lift: 44
  BQP: 14

Explored 9648 nodes (4893599 simplex iterations) in 888.27 seconds (772.94 work units)
Thread count was 22 (of 22 available processors)

Solution count 0

Time limit reached
Best objective -, best bound 7.951000000000e+03, gap -

User-callback calls 154939, time in user-callback 1.04 sec
Set parameter LogToConsole to value 0
