
Gurobi 13.0.0 (linux64) logging started Sat Jan 17 22:18:49 2026

Set parameter LogFile to value "../experiments/network-n_60_s_0_rp_0-app_set-id_66_27_apps/submip_40_epr1_model_gurobi.log"
Set parameter TimeLimit to value 7.4529354420000163e+02
Gurobi Optimizer version 13.0.0 build v13.0.0rc1 (linux64 - "Ubuntu 24.04.3 LTS")

CPU model: Intel(R) Core(TM) Ultra 7 165H, instruction set [SSE2|AVX|AVX2]
Thread count: 22 physical cores, 22 logical processors, using up to 22 threads

Non-default parameters:
TimeLimit  7.4529354420000163e+02
LogToConsole  0

Academic license 2539022 - for non-commercial use only - registered to al___@studenti.unimi.it
Optimize a model with 46066 rows, 10560 columns and 106917 nonzeros (Min)
Model fingerprint: 0x84338c34
Model has 10560 linear objective coefficients
Model has 200 quadratic constraints
Variable types: 0 continuous, 10560 integer (10560 binary)
Coefficient statistics:
  Matrix range     [1e+00, 9e+02]
  QMatrix range    [5e+01, 2e+02]
  Objective range  [1e+01, 2e+02]
  Bounds range     [1e+00, 1e+00]
  RHS range        [1e+00, 1e+09]
  QRHS range       [1e+02, 6e+02]
Presolve removed 45481 rows and 8372 columns
Presolve time: 0.18s
Presolved: 21657 rows, 23069 columns, 131154 nonzeros
Variable types: 0 continuous, 23069 integer (23069 binary)
Deterministic concurrent LP optimizer: primal and dual simplex
Showing primal log only...

Concurrent spin time: 0.20s (can be avoided by choosing Method=3)

Solved with dual simplex

Root relaxation: objective 6.795957e+03, 3502 iterations, 0.76 seconds (0.69 work units)

    Nodes    |    Current Node    |     Objective Bounds      |     Work
 Expl Unexpl |  Obj  Depth IntInf | Incumbent    BestBd   Gap | It/Node Time

     0     0 6795.95718    0  249          - 6795.95718      -     -    1s
     0     0 6835.87729    0  262          - 6835.87729      -     -    2s
     0     0 6835.96313    0  265          - 6835.96313      -     -    2s
     0     0 6954.32529    0  269          - 6954.32529      -     -    3s
     0     0 6954.56417    0  269          - 6954.56417      -     -    3s
     0     0 6954.56417    0  269          - 6954.56417      -     -    3s
     0     0 6954.56417    0  269          - 6954.56417      -     -    3s
     0     0 6954.80170    0  267          - 6954.80170      -     -    3s
     0     0 6954.80170    0  267          - 6954.80170      -     -    3s
     0     0 6954.80170    0  267          - 6954.80170      -     -    3s
     0     0 6954.83393    0  271          - 6954.83393      -     -    3s
     0     0 6954.83393    0  271          - 6954.83393      -     -    3s
     0     0 6954.83393    0  271          - 6954.83393      -     -    3s
     0     0 6954.83393    0  271          - 6954.83393      -     -    3s
     0     0 6990.28234    0  305          - 6990.28234      -     -    4s
     0     0 6991.28139    0  307          - 6991.28139      -     -    4s
     0     0 6991.28139    0  307          - 6991.28139      -     -    4s
     0     0 6991.36478    0  310          - 6991.36478      -     -    4s
     0     0 6991.96633    0  301          - 6991.96633      -     -    4s
     0     0 6992.68516    0  299          - 6992.68516      -     -    4s
     0     0 6992.68516    0  300          - 6992.68516      -     -    4s
     0     0 6993.04257    0  303          - 6993.04257      -     -    4s
     0     0 6993.04257    0  303          - 6993.04257      -     -    4s
     0     0 6993.04257    0  303          - 6993.04257      -     -    4s
     0     0 6993.20268    0  297          - 6993.20268      -     -    4s
     0     0 6998.40196    0  303          - 6998.40196      -     -    5s
     0     0 6998.40196    0  303          - 6998.40196      -     -    5s
     0     0 6998.40196    0  303          - 6998.40196      -     -    5s
     0     0 6998.40196    0  303          - 6998.40196      -     -    5s
     0     0 6998.48344    0  305          - 6998.48344      -     -    5s
     0     0 6998.48923    0  301          - 6998.48923      -     -    5s
     0     0 6998.48923    0  301          - 6998.48923      -     -    5s
     0     0 6998.48923    0  301          - 6998.48923      -     -    5s
     0     0 6998.48923    0  301          - 6998.48923      -     -    5s
     0     0 6998.56982    0  294          - 6998.56982      -     -    5s
     0     0 6999.19934    0  296          - 6999.19934      -     -    5s
     0     0 6999.23385    0  299          - 6999.23385      -     -    5s
     0     0 7052.81669    0  300          - 7052.81669      -     -    6s
     0     0 7052.81669    0  300          - 7052.81669      -     -    6s
     0     0 7052.84998    0  295          - 7052.84998      -     -    6s
     0     0 7085.19243    0  341          - 7085.19243      -     -    7s
     0     0 7085.89967    0  333          - 7085.89967      -     -    7s
     0     0 7101.56804    0  341          - 7101.56804      -     -    8s
     0     0 7113.46651    0  361          - 7113.46651      -     -    8s
     0     0 7115.33674    0  376          - 7115.33674      -     -    9s
     0     0 7175.47238    0  363          - 7175.47238      -     -   11s
     0     0 7191.05362    0  374          - 7191.05362      -     -   11s
     0     0 7204.14678    0  414          - 7204.14678      -     -   12s
     0     0 7214.34096    0  381          - 7214.34096      -     -   12s
     0     0 7217.68260    0  396          - 7217.68260      -     -   12s
     0     0 7265.94982    0  438          - 7265.94982      -     -   15s
     0     0 7265.96333    0  425          - 7265.96333      -     -   15s
     0     0 7265.96333    0  419          - 7265.96333      -     -   15s
     0     2 7265.96640    0  418          - 7265.96640      -     -   16s
    31    54 7270.22980    5  400          - 7269.67704      -   292   20s
   186   221 7311.45243   10  337          - 7271.83439      -   247   25s
   335   378 7285.52117   14  391          - 7271.83439      -   270   30s
   444   480 7290.35388   19  386          - 7271.83439      -   264   35s
   542   566 7297.93203   26  372          - 7271.83439      -   252   40s
   588   614 7302.27646   29  380          - 7271.83439      -   252   48s
   613   640 7305.45097   33  368          - 7271.83439      -   251   53s
   639   662 7317.77900   37  355          - 7271.83439      -   255   57s
   661   686 7307.71316   38  365          - 7271.83439      -   254   62s
   685   713 7417.59621   40  329          - 7271.83439      -   253   67s
   712   746 7314.35681   41  361          - 7271.83439      -   250   72s
   745   776 7332.75425   45  353          - 7271.83439      -   254   75s
   894   989 7324.82500   51  360          - 7271.83439      -   258   80s
  1046  1086 7328.37107   59  341          - 7271.83439      -   240   85s
  1192  1247 7347.06619   65  329          - 7271.83439      -   237   91s
  1350  1381 7356.55287   78  299          - 7271.83439      -   233   95s
  1477  1555 7359.09378   83  293          - 7271.83439      -   236  100s
  1619  1624 7399.59971   88  284          - 7271.83439      -   242  105s
  1682  1743 7413.65590   90  275          - 7271.83439      -   252  111s
  1900  2059 7402.76254   91  276          - 7271.83439      -   248  117s
  2089  2245 7415.21576   94  288          - 7271.83439      -   242  120s
  2469  2651 7442.22205  107  277          - 7271.83439      -   238  126s
  2925  3012 7555.80399  131  264          - 7271.83439      -   234  132s
  3077  3290 7562.41194  138  244          - 7271.83439      -   240  135s
  3569  3528 infeasible  171               - 7271.83439      -   240  142s
  3737  3616 8006.73187  186  218          - 7271.83439      -   246  146s
  3907  3729 7343.66421    7  381          - 7271.83439      -   251  150s
  4327  4048 7490.43497   12  295          - 7271.83439      -   256  158s
  4537  4264 7450.11612   13  336          - 7271.83439      -   258  161s
  4783  4413 7524.47236   14  291          - 7271.83439      -   258  166s
  4974  4587 7528.64265   19  310          - 7273.57125      -   256  171s
  5173  4859 7557.49334   23  304          - 7273.57125      -   255  175s
  5469  5212 7648.96098   33  272          - 7274.22795      -   254  180s
  6299  5918 7751.82974   46  234          - 7278.02391      -   246  189s
  6733  5919 7322.41251   11 9791          - 7278.99838      -   243  193s
  6735  5920 8116.25958  125  257          - 7278.99838      -   243  196s
  6738  5922 7525.48972   56  297          - 7278.99838      -   242  200s
  6743  5926 7418.10704   50  408          - 7278.99838      -   242  205s
  6756  5934 7894.33857  107  484          - 7321.51540      -   242  210s
  6769  5943 7412.97495   73  517          - 7367.34944      -   241  215s
  6784  5953 7702.62813  112  541          - 7400.91465      -   241  220s
  6800  5964 7517.11278  122  562          - 7432.78587      -   240  225s
  6816  5974 7461.07380   14  543          - 7461.07380      -   240  230s
  6832  5985 7477.55314   39  547          - 7477.55314      -   239  235s
  6852  5998 7500.45305   45  593          - 7489.00695      -   238  240s
  6868  6009 7501.80697   85  583          - 7501.80697      -   238  245s
  6888  6022 7507.14124   67  645          - 7507.14124      -   237  250s
  6911  6038 7515.36307   15  639          - 7515.36307      -   236  255s
  6931  6051 7639.11371   66  612          - 7526.42235      -   236  260s
  6947  6062 7538.31515   93  614          - 7538.31515      -   235  265s
  6967  6075 7885.05863   53  610          - 7546.73942      -   234  274s
  6969  6076 7547.13184   73  603          - 7547.13184      -   234  275s
  6988  6089 7549.78062   67  610          - 7549.78062      -   234  280s
  7005  6100 7568.63666  140  614          - 7552.83757      -   233  285s
  7019  6110 7557.90587   58  594          - 7557.90587      -   233  290s
  7031  6118 7639.11371   66  585          - 7562.92540      -   232  295s
  7047  6128 7568.69596   93  603          - 7568.69596      -   232  300s
  7064  6140 7571.43913   19  624          - 7571.43913      -   231  305s
  7074  6146 7571.87598    7  601          - 7571.87598      -   231  317s
  7080  6150 7732.72489   88  597          - 7573.05050      -   231  320s
  7105  6167 7574.64744  140  624          - 7574.64744      -   230  325s
  7113  6172 7574.74485  117  622          - 7574.74485      -   230  330s
  7135  6187 8116.25958  125  643          - 7575.81000      -   229  335s
  7156  6201 7894.33857  107  621          - 7576.77215      -   228  340s
  7171  6211 7985.32575  125  630          - 7578.05744      -   228  345s
  7188  6222 7578.80844   67  637          - 7578.80844      -   227  350s
  7200  6230 7581.13131  122  599          - 7581.13131      -   227  355s
  7219  6243 7582.07417   58  646          - 7582.07417      -   226  360s
  7231  6252 7639.11371   66  261          - 7582.09857      -   239  367s
  7234  6254 7582.09857   49  307          - 7582.09857      -   239  371s
  7237  6256 7582.10002   64  368          - 7582.10002      -   239  376s
  7241  6259 7582.59644   23  498          - 7582.59644      -   239  381s
  7250  6265 7586.24527   13  623          - 7586.24527      -   239  385s
  7266  6276 7586.24527  118  582          - 7586.24527      -   238  390s
  7279  6284 7586.29113  115  585          - 7586.29113      -   238  395s
  7295  6295 7588.45876   99  600          - 7588.45876      -   237  400s
  7306  6302 7589.06304   39  596          - 7589.06304      -   237  405s
  7321  6312 7696.95898   37  593          - 7589.52363      -   236  410s
  7335  6322 8116.25958  125  593          - 7596.86968      -   236  415s
  7337  6323 7597.49213   64  592          - 7597.49213      -   236  422s
  7346  6329 7599.74508   72  580          - 7599.74508      -   235  425s
  7371  6346 7985.32575  125  566          - 7602.84184      -   235  430s
  7395  6362 7603.29862   99  609          - 7603.29862      -   234  435s
  7416  6376 7604.60124   14  605          - 7604.60124      -   233  440s
  7427  6383 7619.79337   49  594          - 7605.11275      -   233  445s
  7449  6398 8084.74521  129  606          - 7606.08859      -   232  450s
  7467  6410 7885.05863   53  604          - 7607.72580      -   232  455s
  7482  6420 7609.30301   95  611          - 7609.30301      -   231  460s
  7499  6431 7609.59838   18  605          - 7609.59838      -   231  465s
  7514  6441 7610.87854   30  628          - 7610.87854      -   230  470s
  7530  6452 7611.40670   12  601          - 7611.40670      -   230  475s
  7537  6456 7611.65592   64  603          - 7611.65592      -   229  483s
  7538  6460 7612.48549   21  562          - 7612.27213      -   236  485s
  7544  6470 7614.81762   23  515          - 7614.81762      -   237  490s
  7568  6500 7616.12193   25  521          - 7615.53638      -   238  497s
  7590  6541 7618.35254   26  507          - 7616.12586      -   239  502s
  7638  6545 7649.40257   27  491          - 7616.12586      -   240  509s
  7660  6575 7621.51798   28  496          - 7616.12586      -   241  513s
  7702  6582 7623.75134   29  499          - 7616.12586      -   244  518s
  7725  6597 7641.71985   29  448          - 7616.12586      -   245  523s
  7747  6610 7624.29054   30  495          - 7616.12586      -   245  529s
  7770  6625 7648.52898   30  478          - 7616.12586      -   246  535s
  7792  6640 7625.79753   31  484          - 7616.12586      -   248  540s
  7815  6658 7763.72076   31  413          - 7616.12586      -   250  546s
  7840  6673 7626.45610   32  497          - 7616.12586      -   251  553s
  7864  6689 7642.38342   32  473          - 7616.12586      -   252  558s
  7888  6703 7626.95465   33  468          - 7616.12586      -   254  565s
  7910  6718 7646.88486   33  469          - 7616.12586      -   255  570s
  7932  6737 7633.70627   34  474          - 7616.12586      -   256  575s
  7958  6750 7651.26254   34  482          - 7616.12586      -   256  582s
  7980  6767 7634.15229   35  498          - 7616.12586      -   257  588s
  8004  6787 7782.48630   35  407          - 7616.12586      -   259  593s
  8032  6806 7638.05879   36  489          - 7616.12586      -   261  599s
  8061  6826 7642.23519   36  496          - 7616.12586      -   262  605s
  8090  6849 7647.57468   37  491          - 7616.12586      -   263  610s
  8123  6860 7649.40343   37  469          - 7616.12586      -   265  616s
  8145  6879 7663.81014   38  457          - 7616.12586      -   266  622s
  8171  6895 7669.41248   38  430          - 7616.12586      -   267  628s
  8196  6916 7686.19750   39  395          - 7616.12586      -   269  635s
  8225  6933 7770.37728   39  381          - 7616.12586      -   271  642s
  8252  6963 7690.38692   40  408          - 7616.12586      -   273  649s
  8291  6998 7692.58004   40  387          - 7616.12586      -   275  657s
  8339  7036 7692.98544   41  396          - 7616.12586      -   277  664s
  8395  7071 7698.07035   41  389          - 7616.12586      -   280  674s
  8449  7104 7696.67457   42  397          - 7616.12586      -   283  682s
  8502  7144 7738.41002   42  375          - 7616.12586      -   286  690s
  8561  7175 7697.22749   43  406          - 7616.12586      -   289  700s
  8614  7212 7752.23301   43  382          - 7616.12586      -   293  710s
  8671  7247 7699.79772   44  400          - 7616.12586      -   296  723s
  8729  7249 7710.43613   44  398          - 7616.12586      -   299  732s
  8752  7263 7703.14763   45  397          - 7616.12586      -   301  741s
  8774  7276 7856.16121   45  367          - 7616.12586      -   302  745s

Cutting planes:
  Gomory: 3
  Cover: 83
  Clique: 33
  MIR: 255
  Knapsack: 7
  StrongCG: 101
  Flow cover: 253
  GUB cover: 13
  Zero half: 30
  RLT: 51
  Relax-and-lift: 123
  BQP: 15

Explored 8794 nodes (2683152 simplex iterations) in 745.33 seconds (728.76 work units)
Thread count was 22 (of 22 available processors)

Solution count 0

Time limit reached
Best objective -, best bound 7.617000000000e+03, gap -

User-callback calls 141616, time in user-callback 0.74 sec
