
Gurobi 13.0.0 (linux64) logging started Sat Jan 17 22:05:53 2026

Set parameter LogFile to value "../experiments/network-n_60_s_0_rp_0-app_set-id_66_27_apps/submip_40_epr0_model_gurobi.log"
Set parameter TimeLimit to value 8.8789762291600346e+02
Gurobi Optimizer version 13.0.0 build v13.0.0rc1 (linux64 - "Ubuntu 24.04.3 LTS")

CPU model: Intel(R) Core(TM) Ultra 7 165H, instruction set [SSE2|AVX|AVX2]
Thread count: 22 physical cores, 22 logical processors, using up to 22 threads

Non-default parameters:
TimeLimit  8.8789762291600346e+02
LogToConsole  0

Academic license 2539022 - for non-commercial use only - registered to al___@studenti.unimi.it
Optimize a model with 46066 rows, 10560 columns and 106917 nonzeros (Min)
Model fingerprint: 0x374eb6cd
Model has 10560 linear objective coefficients
Model has 200 quadratic constraints
Variable types: 0 continuous, 10560 integer (10560 binary)
Coefficient statistics:
  Matrix range     [1e+00, 9e+02]
  QMatrix range    [5e+01, 2e+02]
  Objective range  [1e+01, 2e+02]
  Bounds range     [1e+00, 1e+00]
  RHS range        [1e+00, 1e+09]
  QRHS range       [1e+02, 6e+02]
Presolve removed 45686 rows and 8500 columns
Presolve time: 0.04s

Explored 0 nodes (0 simplex iterations) in 0.04 seconds (0.07 work units)
Thread count was 1 (of 22 available processors)

Solution count 0

Model is infeasible
Best objective -, best bound -, gap -

User-callback calls 205, time in user-callback 0.00 sec
Set parameter LogToConsole to value 0
