
Gurobi 13.0.0 (linux64) logging started Mon Jan  5 00:44:42 2026

Set parameter LogFile to value "../experiments/network-n_40_s_0_rp_0-app_set-id_23_12_apps/compact_model_gurobi.log"
Set parameter TimeLimit to value 900
Gurobi Optimizer version 13.0.0 build v13.0.0rc1 (linux64 - "Ubuntu 24.04.3 LTS")

CPU model: Intel(R) Core(TM) Ultra 7 165H, instruction set [SSE2|AVX|AVX2]
Thread count: 22 physical cores, 22 logical processors, using up to 22 threads

Non-default parameters:
TimeLimit  900
LogToConsole  0

Academic license 2539022 - for non-commercial use only - registered to al___@studenti.unimi.it
Optimize a model with 7400 rows, 3120 columns and 18873 nonzeros (Min)
Model fingerprint: 0x5f2f63ad
Model has 3120 linear objective coefficients
Model has 128 quadratic constraints
Variable types: 0 continuous, 3120 integer (3120 binary)
Coefficient statistics:
  Matrix range     [1e+00, 9e+02]
  QMatrix range    [6e+01, 2e+02]
  Objective range  [1e+01, 2e+02]
  Bounds range     [1e+00, 1e+00]
  RHS range        [1e+00, 1e+09]
  QRHS range       [1e+02, 6e+02]
Presolve removed 6858 rows and 2042 columns
Presolve time: 0.07s
Presolved: 8615 rows, 9026 columns, 51035 nonzeros
Variable types: 0 continuous, 9026 integer (9026 binary)

Root relaxation: objective 2.795609e+03, 853 iterations, 0.07 seconds (0.09 work units)

    Nodes    |    Current Node    |     Objective Bounds      |     Work
 Expl Unexpl |  Obj  Depth IntInf | Incumbent    BestBd   Gap | It/Node Time

     0     0 2795.60898    0  170          - 2795.60898      -     -    0s
     0     0 2947.33177    0  205          - 2947.33177      -     -    1s
     0     0 2971.72201    0  219          - 2971.72201      -     -    1s
     0     0 2973.59919    0  235          - 2973.59919      -     -    1s
     0     0 2974.23032    0  223          - 2974.23032      -     -    1s
     0     0 3122.98447    0  240          - 3122.98447      -     -    1s
     0     0 3135.14683    0  258          - 3135.14683      -     -    1s
     0     0 3137.95569    0  259          - 3137.95569      -     -    1s
     0     0 3163.16285    0  300          - 3163.16285      -     -    2s
     0     0 3163.18240    0  290          - 3163.18240      -     -    2s
     0     0 3163.18240    0  269          - 3163.18240      -     -    2s
     0     2 3163.18895    0  268          - 3163.18895      -     -    3s
   306   315 3193.65417   13  209          - 3172.53114      -   106    5s
   501   495 3209.04987   19  199          - 3172.53114      -   101   10s
H  570   555                    3765.0000000 3172.53114  15.7%   100   12s
H  678   692                    3740.0000000 3172.53114  15.2%   101   13s
H  800   752                    3729.0000000 3173.12987  14.9%   102   13s
H  836   776                    3714.0000000 3173.12987  14.6%   103   13s
H  840   776                    3701.0000000 3173.12987  14.3%   104   13s
   972   855 3267.04672   29  247 3701.00000 3177.29006  14.2%   130   15s
H 1637  1203                    3687.0000000 3182.67262  13.7%   144   18s
  1731  1299 infeasible   45      3687.00000 3188.52590  13.5%   145   20s
H 1867  1357                    3643.0000000 3194.50755  12.3%   149   21s
  2619  1805 3344.85977   11  244 3643.00000 3195.00244  12.3%   153   26s
  3160  2146 3328.06615   23  217 3643.00000 3201.32159  12.1%   158   30s
H 3241  2146                    3640.0000000 3201.32159  12.1%   157   30s
  3550  2260 3443.54511   34  184 3640.00000 3201.32159  12.1%   158   35s
  3594  2290 3337.28234   19  337 3640.00000 3245.55490  10.8%   156   40s
H 3636  2200                    3609.0000000 3260.67942  9.65%   154   44s
  3645  2206 3263.35413   12  323 3609.00000 3262.40678  9.60%   154   45s
  3691  2236 3290.96627   20  356 3609.00000 3278.27404  9.16%   152   50s
H 3706  2131                    3599.0000000 3279.47754  8.88%   151   52s
H 3717  2029                    3555.0000000 3281.27659  7.70%   151   53s
  3728  2036 3316.36448   14  413 3555.00000 3281.50644  7.69%   150   55s
  3762  2082 3321.26713   20  347 3555.00000 3290.22800  7.45%   161   61s
  3872  2173 3357.91938   23  319 3555.00000 3292.79848  7.38%   170   66s
  4010  2247 3342.36410   25  307 3555.00000 3292.79848  7.38%   174   70s
  4267  2320 3380.21326   30  275 3555.00000 3296.86323  7.26%   180   75s
  4466  2369 3415.65967   34  256 3555.00000 3300.93317  7.15%   185   80s
  4634  2422 3425.90184   37  198 3555.00000 3300.93317  7.15%   187   85s
  4851  2453 3489.94509   41  211 3555.00000 3308.18095  6.94%   189   90s
  5052  2486 3376.36668   23  189 3555.00000 3310.87240  6.87%   192   95s
  5247  2556 3391.14881   26  193 3555.00000 3310.87240  6.87%   193  101s
  5407  2607 3457.04201   31  216 3555.00000 3310.87240  6.87%   194  105s
* 5438  2492              58    3536.0000000 3310.87240  6.37%   194  105s
H 5501  2406                    3524.0000000 3310.87240  6.05%   195  107s
H 5501  2311                    3514.0000000 3310.87240  5.78%   195  107s
H 5527  2212                    3510.0000000 3310.87240  5.67%   195  107s
H 5540  2122                    3480.0000000 3310.87240  4.86%   195  107s
  5667  2164 3364.70926   24  176 3480.00000 3310.87240  4.86%   196  111s
  5906  2091 3412.03711   30  214 3480.00000 3312.52918  4.81%   198  116s
H 5907  1979                    3459.0000000 3312.52918  4.23%   198  116s
  6120  1988 3349.50930   26  209 3459.00000 3312.52918  4.23%   199  121s
  6385  1996 3347.34242   23  240 3459.00000 3321.65011  3.97%   201  126s
H 6387  1888                    3452.0000000 3321.65011  3.78%   201  126s
  6631  1957 3442.50974   27  208 3452.00000 3321.65011  3.78%   202  132s
  6814  2025 3362.70596   28  213 3452.00000 3323.92067  3.71%   203  135s
  7274  2095     cutoff   27      3452.00000 3324.45374  3.69%   203  141s
  7697  2153 3392.72959   30  278 3452.00000 3325.93294  3.65%   204  147s
  7923  2242     cutoff   38      3452.00000 3325.93294  3.65%   206  151s
  8472  2443 3371.08164   31  267 3452.00000 3327.10592  3.62%   206  158s
* 8636  2429              42    3450.0000000 3327.10592  3.56%   206  158s
  8786  2451     cutoff   36      3450.00000 3327.10592  3.56%   207  162s
H 8788  2362                    3438.0000000 3327.10592  3.23%   207  162s
H 8798  2316                    3433.0000000 3335.95986  2.83%   207  162s
H 8847  2141                    3420.0000000 3335.95986  2.46%   207  162s
  8879  2238 3349.62674   27  244 3420.00000 3335.97771  2.46%   207  165s
  9531  2367     cutoff   27      3420.00000 3339.11595  2.37%   208  173s
  9891  2426 3380.49049   36  263 3420.00000 3339.11595  2.37%   210  178s
 10197  2495 3382.99869   31  262 3420.00000 3340.63635  2.32%   211  182s
 10566  2578 3411.43963   35  261 3420.00000 3342.47093  2.27%   212  186s
 10992  2638 3375.65681   31  331 3420.00000 3344.96889  2.19%   212  191s
 11396  2660 3407.51324   36  220 3420.00000 3346.53302  2.15%   213  195s
 11821  2689 3367.81220   27  171 3420.00000 3347.99863  2.11%   214  200s
 12297  2705 3404.97943   30  236 3420.00000 3349.40738  2.06%   214  205s
 12698  2790 3401.12629   24  286 3420.00000 3351.52705  2.00%   215  210s
 13189  2814 3384.92317   30  187 3420.00000 3352.77873  1.97%   216  216s
 13714  2874 3411.13668   31  221 3420.00000 3354.35455  1.92%   216  221s
 14264  2888 3413.94187   29  206 3420.00000 3356.18832  1.87%   217  227s
 14482  2878 3416.68168   35  311 3420.00000 3356.71907  1.85%   217  233s
 15079  2910     cutoff   25      3420.00000 3359.00268  1.78%   218  239s
 15602  2886 3404.90463   35  237 3420.00000 3361.79033  1.70%   219  245s
 16213  2845     cutoff   35      3420.00000 3363.75295  1.64%   219  251s
 16880  2760 infeasible   34      3420.00000 3366.23174  1.57%   220  258s
 17529  2678     cutoff   31      3420.00000 3369.29113  1.48%   221  265s
 18263  2590     cutoff   34      3420.00000 3371.54361  1.42%   221  272s
 18833  2458     cutoff   34      3420.00000 3372.99367  1.37%   221  279s
 19436  2217     cutoff   30      3420.00000 3375.29293  1.31%   221  287s
 20250  1815 3417.55304   36  166 3420.00000 3380.38307  1.16%   222  294s
 21157  1315     cutoff   42      3420.00000 3385.39262  1.01%   221  302s
 22189   189     cutoff   31      3420.00000 3390.98472  0.85%   220  310s

Cutting planes:
  Gomory: 13
  Lift-and-project: 5
  Cover: 538
  Clique: 27
  MIR: 342
  Knapsack: 7
  StrongCG: 202
  Flow cover: 384
  GUB cover: 35
  Inf proof: 2
  Zero half: 181
  Mod-K: 2
  RLT: 285
  Relax-and-lift: 57
  BQP: 96

Explored 23806 nodes (5082181 simplex iterations) in 310.79 seconds (210.15 work units)
Thread count was 22 (of 22 available processors)

Solution count 10: 3420 3433 3438 ... 3524

Optimal solution found (tolerance 1.00e-04)
Best objective 3.420000000000e+03, best bound 3.420000000000e+03, gap 0.0000%

User-callback calls 68394, time in user-callback 0.17 sec
