
Gurobi 13.0.0 (linux64) logging started Sun Jan  4 19:27:13 2026

Set parameter LogFile to value "../experiments/network-n_30_s_1_rp_0-app_set-id_22_12_apps/compact_model_gurobi.log"
Set parameter TimeLimit to value 900
Gurobi Optimizer version 13.0.0 build v13.0.0rc1 (linux64 - "Ubuntu 24.04.3 LTS")

CPU model: Intel(R) Core(TM) Ultra 7 165H, instruction set [SSE2|AVX|AVX2]
Thread count: 22 physical cores, 22 logical processors, using up to 22 threads

Non-default parameters:
TimeLimit  900
LogToConsole  0

Academic license 2539022 - for non-commercial use only - registered to al___@studenti.unimi.it
Optimize a model with 6366 rows, 2340 columns and 16027 nonzeros (Min)
Model fingerprint: 0x7d9a6e12
Model has 2340 linear objective coefficients
Model has 100 quadratic constraints
Variable types: 0 continuous, 2340 integer (2340 binary)
Coefficient statistics:
  Matrix range     [1e+00, 8e+02]
  QMatrix range    [6e+01, 2e+02]
  Objective range  [1e+01, 2e+02]
  Bounds range     [1e+00, 1e+00]
  RHS range        [1e+00, 1e+09]
  QRHS range       [1e+02, 6e+02]
Presolve removed 5876 rows and 1241 columns
Presolve time: 0.06s
Presolved: 9160 rows, 9670 columns, 53397 nonzeros
Variable types: 0 continuous, 9670 integer (9670 binary)

Root relaxation: objective 2.708512e+03, 954 iterations, 0.06 seconds (0.09 work units)

    Nodes    |    Current Node    |     Objective Bounds      |     Work
 Expl Unexpl |  Obj  Depth IntInf | Incumbent    BestBd   Gap | It/Node Time

     0     0 2708.51193    0   89          - 2708.51193      -     -    0s
H    0     0                    3631.0000000 2708.51193  25.4%     -    0s
H    0     0                    3627.0000000 2708.51193  25.3%     -    0s
H    0     0                    3473.0000000 2708.51193  22.0%     -    0s
     0     0 2730.87131    0  149 3473.00000 2730.87131  21.4%     -    0s
H    0     0                    3267.0000000 2730.87131  16.4%     -    0s
     0     0 2731.57979    0  154 3267.00000 2731.57979  16.4%     -    0s
     0     0 2731.57979    0  155 3267.00000 2731.57979  16.4%     -    0s
     0     0 2740.06006    0  162 3267.00000 2740.06006  16.1%     -    1s
     0     0 2741.33867    0  179 3267.00000 2741.33867  16.1%     -    1s
     0     0 2741.45928    0  174 3267.00000 2741.45928  16.1%     -    1s
     0     0 2744.56341    0  187 3267.00000 2744.56341  16.0%     -    1s
H    0     0                    3176.0000000 2744.56341  13.6%     -    1s
H    0     0                    3027.0000000 2744.56341  9.33%     -    1s
     0     0 2745.07622    0  191 3027.00000 2745.07622  9.31%     -    1s
     0     0 2746.36246    0  206 3027.00000 2746.36246  9.27%     -    1s
     0     0 2746.36272    0  202 3027.00000 2746.36272  9.27%     -    1s
     0     0 2746.36272    0  197 3027.00000 2746.36272  9.27%     -    1s
H    0     0                    2982.0000000 2746.36490  7.90%     -    1s
H    0     0                    2859.0000000 2746.36490  3.94%     -    1s
     0     2 2746.36490    0  194 2859.00000 2746.36490  3.94%     -    1s
H   99   131                    2852.0000000 2749.34003  3.60%   135    3s
H  116   131                    2837.0000000 2749.34003  3.09%   135    3s
H  183   216                    2832.0000000 2749.34003  2.92%   126    3s
H  185   216                    2823.0000000 2749.34003  2.61%   127    3s
H  191   216                    2811.0000000 2749.34003  2.19%   129    3s
H  314   337                    2808.0000000 2749.34003  2.09%   115    4s
H  315   337                    2797.0000000 2749.34003  1.70%   115    4s
H  336   382                    2796.0000000 2749.34003  1.67%   112    4s
   441   493 2768.81170   11  154 2796.00000 2749.34003  1.67%   105    5s
  1438  1309 2789.35295   26  124 2796.00000 2751.84051  1.58%  81.5   10s
H 1625  1329                    2788.0000000 2751.84051  1.30%  79.0   10s
  2844  2012 2780.06162   17  142 2788.00000 2754.50923  1.20%  74.6   15s
  3619  2399 2782.00291   17  183 2788.00000 2755.22259  1.18%  71.7   20s
  4427  2626 2777.33383   24   84 2788.00000 2762.03844  0.93%  76.2   25s
  6604  2708 2771.81026   20  119 2788.00000 2766.31854  0.78%  70.7   30s
  9775  2580 2775.71668   24   84 2788.00000 2771.44138  0.59%  65.9   35s
 14369  3133 2785.87326   24  102 2788.00000 2774.83936  0.47%  61.2   40s
 17937  3425 2783.95819   28   93 2788.00000 2776.69662  0.41%  58.9   45s
H18564  1569                    2782.0000000 2777.10335  0.18%  58.7   46s

Cutting planes:
  Gomory: 2
  Lift-and-project: 2
  Cover: 170
  Clique: 14
  MIR: 124
  Knapsack: 6
  StrongCG: 74
  Flow cover: 90
  GUB cover: 7
  Inf proof: 1
  Zero half: 29
  RLT: 74
  Relax-and-lift: 49
  BQP: 22

Explored 21015 nodes (1173644 simplex iterations) in 47.38 seconds (19.52 work units)
Thread count was 22 (of 22 available processors)

Solution count 10: 2782 2788 2796 ... 2852

Optimal solution found (tolerance 1.00e-04)
Best objective 2.782000000000e+03, best bound 2.782000000000e+03, gap 0.0000%

User-callback calls 47326, time in user-callback 0.06 sec
