
Gurobi 13.0.0 (linux64) logging started Mon Jan  5 03:24:12 2026

Set parameter LogFile to value "../experiments/network-n_40_s_2_rp_0-app_set-id_11_8_apps/compact_model_gurobi.log"
Set parameter TimeLimit to value 900
Gurobi Optimizer version 13.0.0 build v13.0.0rc1 (linux64 - "Ubuntu 24.04.3 LTS")

CPU model: Intel(R) Core(TM) Ultra 7 165H, instruction set [SSE2|AVX|AVX2]
Thread count: 22 physical cores, 22 logical processors, using up to 22 threads

Non-default parameters:
TimeLimit  900
LogToConsole  0

Academic license 2539022 - for non-commercial use only - registered to al___@studenti.unimi.it
Optimize a model with 7709 rows, 2080 columns and 18163 nonzeros (Min)
Model fingerprint: 0xd3e827d4
Model has 2080 linear objective coefficients
Model has 126 quadratic constraints
Variable types: 0 continuous, 2080 integer (2080 binary)
Coefficient statistics:
  Matrix range     [1e+00, 9e+02]
  QMatrix range    [5e+01, 2e+02]
  Objective range  [1e+01, 2e+02]
  Bounds range     [1e+00, 1e+00]
  RHS range        [1e+00, 1e+09]
  QRHS range       [1e+02, 6e+02]
Presolve removed 7308 rows and 1327 columns
Presolve time: 0.04s
Presolved: 6418 rows, 6648 columns, 39423 nonzeros
Variable types: 0 continuous, 6648 integer (6648 binary)
Found heuristic solution: objective 4025.0000000

Root relaxation: objective 1.892583e+03, 525 iterations, 0.03 seconds (0.04 work units)

    Nodes    |    Current Node    |     Objective Bounds      |     Work
 Expl Unexpl |  Obj  Depth IntInf | Incumbent    BestBd   Gap | It/Node Time

     0     0 1892.58275    0  105 4025.00000 1892.58275  53.0%     -    0s
H    0     0                    4012.0000000 1892.58275  52.8%     -    0s
H    0     0                    3558.0000000 1892.58275  46.8%     -    0s
     0     0 1920.26274    0  113 3558.00000 1920.26274  46.0%     -    0s
H    0     0                    2475.0000000 1920.26274  22.4%     -    0s
H    0     0                    2402.0000000 1920.26274  20.1%     -    0s
H    0     0                    2312.0000000 1920.91863  16.9%     -    0s
     0     0 1920.91863    0  115 2312.00000 1920.91863  16.9%     -    0s
     0     0 1938.38288    0  160 2312.00000 1938.38288  16.2%     -    0s
H    0     0                    2302.0000000 1938.38288  15.8%     -    0s
     0     0 1941.05319    0  162 2302.00000 1941.05319  15.7%     -    0s
     0     0 1941.50559    0  160 2302.00000 1941.50559  15.7%     -    0s
     0     0 1949.97865    0  155 2302.00000 1949.97865  15.3%     -    1s
H    0     0                    2298.0000000 1949.97865  15.1%     -    1s
     0     0 1950.49856    0  170 2298.00000 1950.49856  15.1%     -    1s
     0     0 1951.34882    0  170 2298.00000 1951.34882  15.1%     -    1s
H    0     0                    2277.0000000 1951.65483  14.3%     -    1s
H    0     0                    2276.0000000 1951.65483  14.3%     -    1s
     0     0 1951.65483    0  159 2276.00000 1951.65483  14.3%     -    1s
H    0     0                    2083.0000000 1951.70476  6.30%     -    1s
H    0     0                    2080.0000000 1951.70476  6.17%     -    1s
     0     0 1951.70476    0  185 2080.00000 1951.70476  6.17%     -    1s
     0     0 1951.97210    0  182 2080.00000 1951.97210  6.16%     -    1s
     0     0 1951.97210    0  182 2080.00000 1951.97210  6.16%     -    1s
     0     0 1951.97210    0  167 2080.00000 1951.97210  6.16%     -    1s
     0     2 1951.97210    0  166 2080.00000 1951.97210  6.16%     -    1s
H   27    30                    2064.0000000 1957.50817  5.16%   162    1s
H   31    52                    2042.0000000 1957.50817  4.14%   169    1s
H   58    90                    2012.0000000 1958.90440  2.64%   146    2s
H   64    90                    2011.0000000 1958.90440  2.59%   142    2s
H   89    90                    2009.0000000 1959.06426  2.49%   120    2s
H  187   170                    1999.0000000 1959.06426  2.00%  87.1    2s
H  402   236                    1994.0000000 1963.56685  1.53%  72.8    2s
H  483   221                    1993.0000000 1963.56685  1.48%  68.1    2s
H  510   221                    1992.0000000 1963.56685  1.43%  67.9    2s

Cutting planes:
  Gomory: 5
  Lift-and-project: 4
  Cover: 148
  Implied bound: 8
  Clique: 27
  MIR: 87
  Knapsack: 7
  StrongCG: 42
  GUB cover: 7
  Zero half: 16
  RLT: 202
  Relax-and-lift: 46
  BQP: 59
  PSD: 2

Explored 1243 nodes (63771 simplex iterations) in 3.87 seconds (2.25 work units)
Thread count was 22 (of 22 available processors)

Solution count 10: 1992 1993 1994 ... 2080

Optimal solution found (tolerance 1.00e-04)
Best objective 1.992000000000e+03, best bound 1.992000000000e+03, gap 0.0000%

User-callback calls 3493, time in user-callback 0.01 sec
