
Gurobi 13.0.0 (linux64) logging started Sat Jan  3 13:43:04 2026

Set parameter LogFile to value "../experiments/network-n_60_s_0_rp_0-app_set-id_77_30_apps/compact_model_gurobi.log"
Set parameter TimeLimit to value 900
Gurobi Optimizer version 13.0.0 build v13.0.0rc1 (linux64 - "Ubuntu 24.04.3 LTS")

CPU model: Intel(R) Core(TM) Ultra 7 165H, instruction set [SSE2|AVX|AVX2]
Thread count: 22 physical cores, 22 logical processors, using up to 22 threads

Non-default parameters:
TimeLimit  900
LogToConsole  0

Academic license 2539022 - for non-commercial use only - registered to al___@studenti.unimi.it
Optimize a model with 62060 rows, 11700 columns and 140716 nonzeros (Min)
Model fingerprint: 0x30ba4d2f
Model has 11700 linear objective coefficients
Model has 200 quadratic constraints
Variable types: 0 continuous, 11700 integer (11700 binary)
Coefficient statistics:
  Matrix range     [1e+00, 9e+02]
  QMatrix range    [5e+01, 2e+02]
  Objective range  [1e+01, 2e+02]
  Bounds range     [1e+00, 1e+00]
  RHS range        [1e+00, 1e+09]
  QRHS range       [1e+02, 6e+02]
Presolve removed 59267 rows and 6547 columns
Presolve time: 0.65s
Presolved: 86070 rows, 88226 columns, 530823 nonzeros
Variable types: 0 continuous, 88226 integer (88226 binary)
Deterministic concurrent LP optimizer: primal simplex, dual simplex, and barrier
Showing barrier log only...

Root barrier log...

Ordering time: 8.73s
Elapsed ordering time = 9s
Elapsed ordering time = 11s
Elapsed ordering time = 15s
Ordering time: 16.18s

Barrier performed 0 iterations in 20.11 seconds (7.61 work units)
Barrier solve interrupted - model solved by another algorithm

Concurrent spin time: 12.16s (can be avoided by choosing Method=3)

Solved with dual simplex

Root simplex log...

Iteration    Objective       Primal Inf.    Dual Inf.      Time
    9858    7.7827319e+03   0.000000e+00   0.000000e+00     20s

Root relaxation: objective 7.782732e+03, 9858 iterations, 17.54 seconds (4.38 work units)
Total elapsed time = 20.13s (DegenMoves)

    Nodes    |    Current Node    |     Objective Bounds      |     Work
 Expl Unexpl |  Obj  Depth IntInf | Incumbent    BestBd   Gap | It/Node Time

     0     0 7782.73187    0  465          - 7782.73187      -     -   20s
     0     0 7783.91262    0  460          - 7783.91262      -     -   20s
     0     0 7844.63715    0  493          - 7844.63715      -     -   26s
     0     0 7977.48852    0  632          - 7977.48852      -     -   35s
     0     0 7995.46020    0  665          - 7995.46020      -     -   39s
     0     0 7997.08486    0  675          - 7997.08486      -     -   41s
     0     0 7997.20003    0  674          - 7997.20003      -     -   41s
     0     0 8056.23055    0  692          - 8056.23055      -     -   49s
     0     0 8094.90150    0  686          - 8094.90150      -     -   53s
     0     0 8144.85003    0  839          - 8144.85003      -     -   59s
     0     0 8150.43331    0  845          - 8150.43331      -     -   63s
     0     0 8151.69541    0  814          - 8151.69541      -     -   64s
     0     0 8205.13033    0  869          - 8205.13033      -     -   73s
     0     0 8222.86712    0  853          - 8222.86712      -     -   78s
     0     0 8261.07589    0  877          - 8261.07589      -     -   84s
     0     0 8269.19120    0  901          - 8269.19120      -     -   87s
     0     0 8277.31569    0  979          - 8277.31569      -     -   89s
     0     0 8278.51754    0 1033          - 8278.51754      -     -   91s
     0     0 8296.23149    0  950          - 8296.23149      -     -   96s
     0     0 8314.45046    0  938          - 8314.45046      -     -  100s
     0     0 8327.65430    0  931          - 8327.65430      -     -  104s
     0     0 8329.69876    0  989          - 8329.69876      -     -  105s
     0     0 8334.65576    0  987          - 8334.65576      -     -  108s
     0     0 8352.40229    0  943          - 8352.40229      -     -  113s
     0     0 8359.58504    0 1006          - 8359.58504      -     -  115s
     0     0 8360.65803    0  982          - 8360.65803      -     -  117s
     0     0 8360.66216    0  970          - 8360.66216      -     -  118s
     0     0 8360.66216    0  957          - 8360.66216      -     -  118s
     0     2 8360.67050    0  930          - 8360.67050      -     -  125s
     3     8 8362.10351    2  898          - 8361.69017      -   768  130s
     7    16 8367.73825    3  888          - 8362.13608      -   753  135s
    15    32 8367.87012    4  882          - 8366.55872      -   896  142s
    31    54 8370.30206    5  896          - 8366.78413      -  1013  151s
    53   136 8371.01298    6  886          - 8370.30927      -  1077  159s
   137   173 8373.93964    9  880          - 8370.30927      -   628  164s
   174   207 8378.34686   11  857          - 8370.30927      -   628  171s
   208   241 8381.46194   13  884          - 8370.30927      -   627  177s
   242   283 8382.58774   15  859          - 8370.30927      -   623  185s
   284   305 8384.22216   16  878          - 8370.30927      -   614  192s
   306   333 8384.38570   17  885          - 8370.30927      -   624  199s
   334   358 8385.89386   18  866          - 8370.30927      -   614  206s
   359   380 8391.37795   18  870          - 8370.30927      -   610  212s
   381   407 8386.04319   19  869          - 8370.30927      -   609  218s
   408   433 8387.57309   20  870          - 8370.30927      -   596  225s
   436   457 8389.42186   21  875          - 8370.30927      -   602  231s
   462   481 8389.93825   22  867          - 8370.30927      -   607  238s
   488   505 8392.63530   22  837          - 8370.30927      -   603  244s
   512   533 8391.00936   23  847          - 8370.30927      -   610  251s
   542   559 8392.42051   24  855          - 8370.30927      -   603  261s
   568   587 8392.69446   25  863          - 8370.30927      -   599  267s
   596   619 8393.31805   26  871          - 8370.30927      -   589  274s
   628   647 8400.60058   27  861          - 8370.30927      -   586  281s
   656   677 8400.00371   27  860          - 8370.30927      -   580  294s
   686   702 8401.06956   28  840          - 8370.30927      -   577  302s
   712   737 8402.50042   29  799          - 8370.30927      -   580  309s
   749   766 8403.52501   30  826          - 8370.30927      -   574  320s
   778   805 8404.05358   31  823          - 8370.30927      -   570  327s
   817   845 8404.80473   32  832          - 8370.30927      -   559  335s
   858   883 8407.18302   33  835          - 8370.30927      -   549  343s
   896   915 8417.03940   33  817          - 8370.30927      -   543  351s
   928   943 8409.50657   34  832          - 8370.30927      -   547  361s
   956   976 8412.04699   35  835          - 8370.30927      -   554  371s
   989  1031 8427.60328   36  823          - 8370.30927      -   567  381s
  1047  1065 8418.91743   36  825          - 8370.30927      -   563  391s
  1081  1104 8418.97632   37  826          - 8370.30927      -   568  400s
  1120  1150 8428.90695   38  772          - 8370.30927      -   571  410s
  1166  1205 8428.26612   38  838          - 8370.30927      -   571  421s
  1222  1239 8428.93151   39  767          - 8370.30927      -   569  433s
  1256  1264 8429.28512   40  771          - 8370.30927      -   568  443s
  1281  1290 8429.66109   41  798          - 8370.30927      -   568  455s
  1307  1327 8446.75985   41  788          - 8370.30927      -   572  467s
  1344  1358 8507.52617   42  718          - 8370.30927      -   577  479s
  1375  1388 8455.47373   42  786          - 8370.30927      -   583  496s
  1407  1430 8456.75089   47  826          - 8370.30927      -   591  510s
  1449  1483 8459.33812   48  796          - 8370.30927      -   602  524s
  1502  1537 8462.93547   52  785          - 8370.30927      -   607  540s
  1556  1624 8479.33733   53  782          - 8370.30927      -   617  555s
  1644  1709 8483.87432   56  735          - 8370.30927      -   616  571s
  1729  1828 8501.02201   60  746          - 8370.30927      -   624  587s
  1849  1962 8495.03188   62  736          - 8370.30927      -   618  603s
  1983  2008 8510.01778   69  744          - 8370.30927      -   610  623s
  2029  2081 8514.22468   74  712          - 8370.30927      -   613  644s
  2102  2223 8538.70860   74  726          - 8370.30927      -   615  664s
  2244  2383 8526.66196   75  716          - 8370.30927      -   610  682s
  2404  2524 8653.32138   76  726          - 8370.30927      -   606  701s
  2545  2689 8531.08421   77  723          - 8370.30927      -   609  720s
  2712  2866 8558.12545   81  743          - 8370.30927      -   608  741s
  2891  3063 8559.26919   89  697          - 8370.30927      -   607  763s
  3090  3230 8630.72185   96  633          - 8370.30927      -   608  784s
  3269  3454 8738.22131   99  665          - 8370.30927      -   612  806s
  3501  3475 8686.90620  103  646          - 8370.30927      -   608  834s
  3524  3496 8692.48730  103  661          - 8370.30927      -   608  861s
  3547  3518 8687.77961  104  655          - 8370.30927      -   608  889s
  3569  3539 8693.90999  105  670          - 8370.30927      -   608  900s

Cutting planes:
  Gomory: 9
  Lift-and-project: 8
  Cover: 73
  Clique: 50
  MIR: 79
  Knapsack: 44
  StrongCG: 50
  GUB cover: 7
  Zero half: 25
  RLT: 545
  Relax-and-lift: 182
  BQP: 192

Explored 3592 nodes (2233291 simplex iterations) in 900.07 seconds (916.65 work units)
Thread count was 22 (of 22 available processors)

Solution count 0

Time limit reached
Best objective -, best bound 8.371000000000e+03, gap -

User-callback calls 124799, time in user-callback 0.82 sec
