
Gurobi 13.0.0 (linux64) logging started Fri Jan  2 20:40:57 2026

Set parameter LogFile to value "../experiments/network-n_50_s_1_rp_0-app_set-id_36_17_apps/compact_model_gurobi.log"
Set parameter TimeLimit to value 900
Gurobi Optimizer version 13.0.0 build v13.0.0rc1 (linux64 - "Ubuntu 24.04.3 LTS")

CPU model: Intel(R) Core(TM) Ultra 7 165H, instruction set [SSE2|AVX|AVX2]
Thread count: 22 physical cores, 22 logical processors, using up to 22 threads

Non-default parameters:
TimeLimit  900
LogToConsole  0

Academic license 2539022 - for non-commercial use only - registered to al___@studenti.unimi.it
Optimize a model with 27482 rows, 5500 columns and 62730 nonzeros (Min)
Model fingerprint: 0x510152df
Model has 5500 linear objective coefficients
Model has 164 quadratic constraints
Variable types: 0 continuous, 5500 integer (5500 binary)
Coefficient statistics:
  Matrix range     [1e+00, 9e+02]
  QMatrix range    [5e+01, 2e+02]
  Objective range  [1e+01, 2e+02]
  Bounds range     [1e+00, 1e+00]
  RHS range        [1e+00, 1e+09]
  QRHS range       [1e+02, 6e+02]
Presolve removed 26210 rows and 3233 columns
Presolve time: 0.29s
Presolved: 27339 rows, 28159 columns, 167806 nonzeros
Variable types: 0 continuous, 28159 integer (28159 binary)
Deterministic concurrent LP optimizer: primal and dual simplex
Showing primal log only...

Concurrent spin time: 0.22s (can be avoided by choosing Method=3)

Solved with dual simplex

Root relaxation: objective 3.957671e+03, 2456 iterations, 0.65 seconds (0.59 work units)

    Nodes    |    Current Node    |     Objective Bounds      |     Work
 Expl Unexpl |  Obj  Depth IntInf | Incumbent    BestBd   Gap | It/Node Time

     0     0 3957.67100    0  273          - 3957.67100      -     -    1s
     0     0 3997.67557    0  334          - 3997.67557      -     -    3s
     0     0 4055.29618    0  313          - 4055.29618      -     -    4s
     0     0 4059.90588    0  347          - 4059.90588      -     -    4s
     0     0 4060.52600    0  341          - 4060.52600      -     -    4s
     0     0 4060.55350    0  339          - 4060.55350      -     -    4s
     0     0 4127.51151    0  351          - 4127.51151      -     -    6s
     0     0 4127.58803    0  347          - 4127.58803      -     -    6s
     0     0 4150.29121    0  359          - 4150.29121      -     -    6s
     0     0 4162.43680    0  365          - 4162.43680      -     -    7s
     0     0 4165.31368    0  373          - 4165.31368      -     -    7s
     0     0 4167.67397    0  391          - 4167.67397      -     -    7s
     0     0 4168.45701    0  396          - 4168.45701      -     -    7s
     0     0 4200.32723    0  338          - 4200.32723      -     -    9s
     0     0 4223.74983    0  394          - 4223.74983      -     -   10s
     0     0 4229.36368    0  407          - 4229.36368      -     -   10s
     0     0 4238.26101    0  346          - 4238.26101      -     -   13s
     0     0 4238.31208    0  338          - 4238.31208      -     -   13s
     0     0 4238.31208    0  333          - 4238.31208      -     -   13s
     0     2 4238.40202    0  331          - 4238.40202      -     -   15s
    53   112 4243.13214    6  347          - 4240.40169      -   364   21s
   195   217 4246.19679   15  341          - 4240.59402      -   259   25s
   336   349 4249.40352   20  307          - 4240.59402      -   257   30s
   420   425 4250.87352   22  297          - 4240.59402      -   251   35s
   494   496 4254.58554   24  322          - 4240.59402      -   250   40s
   560   561 4255.64976   26  278          - 4240.59402      -   244   45s
   628   628 4270.50659   28  273          - 4240.59402      -   237   50s
   698   701 4257.45749   31  290          - 4240.59402      -   232   55s
   773   776 4263.58698   33  274          - 4240.59402      -   230   60s
   847   849 4260.53045   35  293          - 4240.59402      -   225   66s
   906   900 4298.52972   36  290          - 4240.59402      -   219   70s
   957   953 4280.73102   37  251          - 4240.59402      -   215   75s
  1071  1077 4289.67091   40  271          - 4240.59402      -   208   82s
  1159  1144 4290.93949   41  253          - 4240.59402      -   206   87s
  1219  1203 4287.68705   42  223          - 4240.59402      -   206   92s
  1247  1235 4289.66856   43  216          - 4240.59402      -   205   95s
  1345  1336 4290.45973   45  228          - 4240.59402      -   200  102s
  1395  1375 4290.66133   46  220          - 4240.59402      -   200  105s
  1518  1515 4313.88863   68  178          - 4240.59402      -   195  112s
  1590  1605 4320.15428   74  194          - 4240.59402      -   195  115s
  1783  1808 4346.35572   99  184          - 4240.59402      -   188  122s
  1893  1927 4369.39945  112  178          - 4240.59402      -   184  127s
  2019  2069 4409.17300  126  158          - 4240.59402      -   181  132s
  2165  2206 4429.77057  143  134          - 4240.59402      -   175  138s
  2308  2344 4483.35410  162  127          - 4240.59402      -   173  144s
  2478  2488 4586.33839  176  123          - 4240.59402      -   169  150s
  2927  3005 4274.40697   21  252          - 4241.41177      -   169  158s
  3246  3333 4285.47986   29  230          - 4241.41177      -   169  162s
  3673  3618 4305.20917   42  220          - 4241.41177      -   166  166s
  4064  3887 4318.82888   49  175          - 4241.41177      -   166  170s
  4396  4150 4346.62261   65  165          - 4241.41177      -   167  175s
  5065  4731 infeasible   93               - 4241.41177      -   169  184s
  5455  5050 4609.61664  121  140          - 4241.41177      -   169  189s
  5849  5051 4301.80151   31 12662          - 4241.41177      -   169  196s
  5851  5052 4425.09854  111  237          - 4241.41177      -   169  200s
  5855  5055 4314.10471   36  457          - 4241.41177      -   169  207s
  5861  5059 4331.19688   24  398          - 4243.57911      -   169  210s
  5870  5065 4296.26176   25  412          - 4259.05121      -   169  215s
  5883  5074 4302.89580   23  462          - 4270.39622      -   168  220s
  5895  5082 4501.76286   79  449          - 4276.08189      -   168  225s
  5909  5091 4577.93001  100  488          - 4279.82786      -   168  230s
  5921  5099 4399.00060   42  525          - 4281.31517      -   167  235s
  5931  5106 4326.63785   45  534          - 4282.00842      -   167  240s
  5940  5112 4375.93451   43  467          - 4283.42419      -   167  245s
  5952  5120 4291.11957   29  477          - 4284.44286      -   166  250s
  5965  5128 4607.29047  143  513          - 4287.59916      -   166  255s
  5977  5136 4438.10779   79  577          - 4287.93387      -   166  260s
  5993  5147 4290.03777   45  556          - 4290.03777      -   165  266s
  6002  5153 4412.85044   83  529          - 4290.80428      -   165  270s
  6018  5164 4634.42389   63  564          - 4291.04943      -   165  288s
  6024  5168 4291.10775   20  557          - 4291.10775      -   164  290s
  6044  5181 4502.28443   56  521          - 4291.37931      -   164  295s
  6056  5189 4314.57301   15  522          - 4291.63963      -   164  300s
  6064  5194 4329.26621   40  516          - 4291.66147      -   163  305s
  6069  5199 4455.26073   96 12641          - 4291.66147      -   170  310s
  6071  5200 4393.71699   11  239          - 4291.66147      -   170  315s
  6075  5203 4762.62171   75  412          - 4291.77286      -   170  320s
  6078  5205 4700.71739   64  386          - 4293.35304      -   170  325s
  6088  5212 4293.75321   31  491          - 4293.75321      -   170  330s
  6104  5222 4369.55714   79  509          - 4293.75321      -   169  335s
  6115  5230 4326.63785   45  523          - 4293.75321      -   169  340s
  6127  5238 4420.17626   66  467          - 4293.75321      -   169  345s
  6136  5244 4622.44376  105  509          - 4293.75321      -   168  350s
  6151  5254 4425.09854  111  485          - 4293.75321      -   168  356s
  6158  5258 4534.08431   91  485          - 4293.75321      -   168  360s
  6169  5266 4455.26073   96  485          - 4293.75321      -   168  365s
  6174  5269 4421.72512   21  465          - 4293.92974      -   167  380s
  6181  5283 4306.89780   29  409          - 4294.23447      -   172  386s
  6205  5313 4308.09414   31  419          - 4295.33511      -   174  393s
  6227  5350 4310.19056   32  452          - 4295.39077      -   175  399s
  6272  5368 4359.06652   33  402          - 4295.39984      -   176  404s
  6305  5394 4314.26157   34  426          - 4295.39984      -   180  411s
  6342  5404 4315.87639   35  400          - 4295.39984      -   183  422s
  6364  5426 4325.09330   35  387          - 4295.39984      -   184  428s
  6393  5458 4320.04277   36  415          - 4295.39984      -   187  433s
  6435  5487 4322.31179   37  351          - 4295.39984      -   190  439s
  6482  5493 4323.84913   38  338          - 4295.39984      -   192  446s
  6504  5508 4329.72781   38  333          - 4295.39984      -   192  453s
  6526  5523 4328.03312   39  282          - 4295.39984      -   194  458s
  6548  5535 4328.31548   39  339          - 4295.39984      -   195  464s
  6570  5550 4328.56940   40  324          - 4295.39984      -   196  469s
  6592  5565 4333.26879   40  326          - 4295.39984      -   197  474s
  6614  5579 4330.00556   41  336          - 4295.39984      -   198  480s
  6636  5594 4335.48881   41  294          - 4295.39984      -   199  486s
  6658  5611 4332.48621   42  334          - 4295.39984      -   200  492s
H 6675  5339                    4610.0000000 4295.39984  6.82%   200  492s
  6682  5399 4332.12522   42  300 4610.00000 4295.39984  6.82%   200  497s
  6744  5435 4333.20854   44  328 4610.00000 4295.39984  6.82%   203  502s
H 6795  5166                    4604.0000000 4295.39984  6.70%   204  502s
  6801  5223 4388.20817   45  273 4604.00000 4295.39984  6.70%   204  507s
H 6860  5015                    4597.0000000 4295.39984  6.56%   206  513s
  6911  5058 4343.91606   48  262 4597.00000 4295.39984  6.56%   208  518s
  6972  5091 4344.44661   49  263 4597.00000 4295.39984  6.56%   210  523s
  7028  5130 4345.12289   50  259 4597.00000 4295.39984  6.56%   211  529s
  7088  5176 4355.64915   51  240 4597.00000 4295.39984  6.56%   213  535s
  7154  5223 4351.19829   53  279 4597.00000 4295.39984  6.56%   215  542s
H 7230  4992                    4532.0000000 4295.39984  5.22%   216  548s
  7253  5064 4351.15067   55  285 4532.00000 4295.39984  5.22%   217  554s
H 7338  4896                    4525.0000000 4295.39984  5.07%   218  561s
H 7342  4689                    4516.0000000 4295.39984  4.88%   218  561s
H 7388  4478                    4512.0000000 4295.39984  4.80%   220  561s
  7422  4552 4353.79229   59  281 4512.00000 4295.39984  4.80%   220  568s
  7529  4606 4356.89557   61  264 4512.00000 4295.39984  4.80%   222  576s
H 7533  4413                    4505.0000000 4295.39984  4.65%   222  576s
  7654  4478 4363.78708   63  263 4505.00000 4300.11801  4.55%   223  583s
  7779  4567 4366.40366   65  273 4505.00000 4300.11801  4.55%   226  591s
  7934  4681 4377.61746   68  233 4505.00000 4303.99850  4.46%   228  598s
  8121  4801 4425.85254   71  197 4505.00000 4303.99850  4.46%   230  605s
  8337  4915 4390.45291   75  224 4505.00000 4303.99850  4.46%   231  612s
  8578  4991 4388.57781   78  216 4505.00000 4303.99850  4.46%   231  620s
  8787  5025 4392.19742   83  225 4505.00000 4304.73629  4.45%   232  628s
  8975  5091 4397.28887   86  214 4505.00000 4305.16853  4.44%   235  636s
  9126  5223 4421.46450   89  159 4505.00000 4305.16853  4.44%   237  644s
  9382  5293     cutoff   97      4505.00000 4306.13698  4.41%   238  654s
  9653  5367     cutoff  109      4505.00000 4306.13698  4.41%   240  663s
  9892  5459 4471.33130  126  144 4505.00000 4307.80014  4.38%   241  672s
 10147  5538 4324.65398   37  410 4505.00000 4308.28110  4.37%   243  683s
 10399  5681 4331.04427   41  356 4505.00000 4308.58895  4.36%   246  692s
 10682  5686 4344.62273   49  328 4505.00000 4308.58895  4.36%   248  703s
 10840  5865 4346.63107   50  365 4505.00000 4308.58895  4.36%   250  714s
 11163  5910 4352.33262   59  280 4505.00000 4309.59897  4.34%   251  725s
 11395  6092 4361.77622   62  316 4505.00000 4309.59897  4.34%   253  736s
 11714  6180 4373.26641   69  308 4505.00000 4309.59897  4.34%   255  748s
 11945  6366 4382.45080   73  278 4505.00000 4309.59897  4.34%   257  760s
 12231  6579 4440.34648   86  164 4505.00000 4309.59897  4.34%   260  774s
 12671  6706 4347.85861   38  383 4505.00000 4309.59897  4.34%   260  787s
 13061  6914 4379.74434   54  234 4505.00000 4309.59897  4.34%   261  801s
 13460  7015 4440.84210   78  247 4505.00000 4309.59897  4.34%   263  815s
 13792  7106 4410.85083   45  362 4505.00000 4309.59897  4.34%   266  831s
 14099  7265 4354.47293   48  296 4505.00000 4309.59897  4.34%   270  846s
 14506  7461 4443.50042   56  190 4505.00000 4309.59897  4.34%   274  863s
 14992  7583 4385.74046   47  305 4505.00000 4309.59897  4.34%   276  881s
 15446  7825 4351.22836   37  361 4505.00000 4309.59897  4.34%   278  898s
 15964  7682 4365.78253   47  313 4505.00000 4309.59897  4.34%   279  900s

Cutting planes:
  Gomory: 5
  Lift-and-project: 1
  Cover: 436
  Implied bound: 3
  Clique: 56
  MIR: 253
  Knapsack: 15
  StrongCG: 216
  Flow cover: 634
  GUB cover: 33
  Zero half: 92
  Mod-K: 3
  RLT: 121
  Relax-and-lift: 330
  BQP: 10

Explored 16017 nodes (4476091 simplex iterations) in 900.04 seconds (746.93 work units)
Thread count was 22 (of 22 available processors)

Solution count 8: 4505 4512 4516 ... 4610

Time limit reached
Best objective 4.505000000000e+03, best bound 4.310000000000e+03, gap 4.3285%

User-callback calls 149038, time in user-callback 0.75 sec
