
Gurobi 13.0.0 (linux64) logging started Thu Jan 15 07:48:24 2026

Set parameter LogFile to value "../experiments/network-n_50_s_1_rp_0-app_set-id_36_17_apps/submip_30_epr0_model_gurobi.log"
Set parameter TimeLimit to value 8.9571762648200092e+02
Gurobi Optimizer version 13.0.0 build v13.0.0rc1 (linux64 - "Ubuntu 24.04.3 LTS")

CPU model: Intel(R) Core(TM) Ultra 7 165H, instruction set [SSE2|AVX|AVX2]
Thread count: 22 physical cores, 22 logical processors, using up to 22 threads

Non-default parameters:
TimeLimit  8.9571762648200092e+02
LogToConsole  0

Academic license 2539022 - for non-commercial use only - registered to al___@studenti.unimi.it
Optimize a model with 27532 rows, 5500 columns and 62780 nonzeros (Min)
Model fingerprint: 0xedd03146
Model has 5500 linear objective coefficients
Model has 164 quadratic constraints
Variable types: 0 continuous, 5500 integer (5500 binary)
Coefficient statistics:
  Matrix range     [1e+00, 9e+02]
  QMatrix range    [5e+01, 2e+02]
  Objective range  [1e+01, 2e+02]
  Bounds range     [1e+00, 1e+00]
  RHS range        [1e+00, 1e+09]
  QRHS range       [1e+02, 6e+02]
Presolve removed 27004 rows and 4298 columns
Presolve time: 0.10s
Presolved: 8784 rows, 9290 columns, 54901 nonzeros
Variable types: 1 continuous, 9289 integer (9289 binary)

Root relaxation: objective 4.105277e+03, 1096 iterations, 0.06 seconds (0.12 work units)

    Nodes    |    Current Node    |     Objective Bounds      |     Work
 Expl Unexpl |  Obj  Depth IntInf | Incumbent    BestBd   Gap | It/Node Time

     0     0 4105.27742    0  162          - 4105.27742      -     -    0s
     0     0 4229.94880    0  169          - 4229.94880      -     -    0s
     0     0 4251.83801    0  176          - 4251.83801      -     -    1s
     0     0 4252.91436    0  190          - 4252.91436      -     -    1s
     0     0 4252.98820    0  193          - 4252.98820      -     -    1s
     0     0 4351.16403    0  185          - 4351.16403      -     -    1s
     0     0 4404.27119    0  164          - 4404.27119      -     -    1s
     0     0 4410.72157    0  189          - 4410.72157      -     -    1s
     0     0 4411.36804    0  209          - 4411.36804      -     -    1s
     0     0 4442.58450    0  194          - 4442.58450      -     -    1s
     0     0 4442.72408    0  192          - 4442.72408      -     -    1s
     0     0 4442.72408    0  192          - 4442.72408      -     -    1s
     0     2 4442.73171    0  185          - 4442.73171      -     -    2s
   371   358 4475.14309   13  170          - 4450.37883      -   142    5s
   759   797 4532.39411   26  158          - 4450.37883      -   127   10s
  1965  1697 4504.41492   10  121          - 4457.91078      -   111   15s
  3162  2461 4515.91578   23 3622          - 4461.63076      -   104   21s
  3200  2486 4501.60652   13  253          - 4476.49298      -   103   25s
  3275  2536 4589.33835   44  274          - 4489.34374      -   100   30s
  3328  2572 4584.40454   38  304          - 4494.88362      -  98.8   35s
  3464  2680 4504.58093   20  231          - 4504.58093      -   110   40s
  3594  2730 4514.54629   23  206          - 4508.85766      -   115   45s
  3811  2828 4530.05523   27  159          - 4509.83470      -   122   50s
  3974  2883 4547.87429   30  159          - 4510.96266      -   127   55s
  4140  2933 4570.18694   33  154          - 4511.07598      -   130   60s
  4325  3013 4665.17131   35  118          - 4511.07598      -   135   66s
  4480  3058 4842.23232   40  120          - 4511.07598      -   137   70s
  4665  3120 4569.08642   26  167          - 4511.07598      -   141   75s
H 4838  2984                    5207.0000000 4512.47036  13.3%   143   76s
  5043  3053 infeasible   33      5207.00000 4512.47036  13.3%   145   80s
  5523  3168 4632.20367   27  148 5207.00000 4517.90129  13.2%   152   86s
  5825  3227 4745.85756   33  121 5207.00000 4521.44762  13.2%   157   90s
  6176  3296 4827.96893   32  173 5207.00000 4528.55397  13.0%   160   95s
* 6813  3181              43    5189.0000000 4533.21473  12.6%   164   99s
  6940  3254 infeasible   29      5189.00000 4533.45288  12.6%   164  102s
  7250  3281 4624.92623   29  178 5189.00000 4533.45288  12.6%   165  105s
H 7564  3134                    5094.0000000 4539.24101  10.9%   167  107s
* 7642  2948              42    4868.0000000 4539.24101  6.75%   168  107s
* 7643  2837              42    4862.0000000 4539.24101  6.64%   168  107s
  7806  2972 4652.51123   29  154 4862.00000 4539.24101  6.64%   168  110s
  8536  2925 4629.00848   26  156 4862.00000 4545.14881  6.52%   170  116s
* 8824  2902              38    4859.0000000 4547.69651  6.41%   170  118s
H 8826  2852                    4848.0000000 4547.69651  6.19%   170  118s
  9195  3029 4648.32689   23  184 4848.00000 4550.09545  6.14%   171  121s
  9640  3192 4660.95995   21  163 4848.00000 4554.66620  6.05%   171  125s
H10288  3344                    4845.0000000 4555.10682  5.98%   171  128s
 10565  3535 infeasible   36      4845.00000 4557.70210  5.93%   171  131s
 11027  3699 4711.95869   30  206 4845.00000 4559.86601  5.89%   171  135s
 12116  4121 4659.44971   24  174 4845.00000 4565.94641  5.76%   171  142s
 12633  4273 4740.85608   28  119 4845.00000 4566.82966  5.74%   172  146s
 13184  4411 4650.19521   32  172 4845.00000 4569.59527  5.68%   172  150s
 14210  4821 4781.16286   28  195 4845.00000 4571.58536  5.64%   174  158s
 14933  4950 4828.39351   34  177 4845.00000 4574.22550  5.59%   174  163s
 15586  5146 4717.44231   32  192 4845.00000 4575.58206  5.56%   173  167s
 16337  5421 4756.71036   37  159 4845.00000 4578.48381  5.50%   173  172s
 17133  5606 4758.26718   30  157 4845.00000 4581.14202  5.45%   173  177s
H17868  5503                    4813.0000000 4582.95540  4.78%   173  177s
 17905  5680 4609.76590   30  215 4813.00000 4583.90155  4.76%   173  182s
 18834  5820 4707.46206   34  150 4813.00000 4585.26624  4.73%   172  187s
 19430  6033 infeasible   41      4813.00000 4587.22670  4.69%   172  192s
 20218  6245     cutoff   34      4813.00000 4588.07294  4.67%   172  198s
 21113  6508 4763.67848   32  147 4813.00000 4591.63336  4.60%   172  203s
 22037  6668 4754.25910   41  116 4813.00000 4594.53308  4.54%   172  209s
 22845  6930 4723.29787   34  174 4813.00000 4596.48176  4.50%   173  215s
*23713  6494              37    4770.0000000 4597.27741  3.62%   172  216s
 23859  6582     cutoff   33      4770.00000 4598.27796  3.60%   172  222s
 24881  6842 4711.80718   27  168 4770.00000 4601.91554  3.52%   172  231s
H25765  6454                    4750.0000000 4602.53304  3.10%   172  231s
H25790  5013                    4704.0000000 4602.53304  2.16%   172  231s
 26119  4899 4666.84922   26  196 4704.00000 4605.43342  2.10%   172  236s
 26726  4801 infeasible   31      4704.00000 4608.62219  2.03%   173  243s
 27758  4704 infeasible   40      4704.00000 4612.54706  1.94%   174  250s
 28879  4582     cutoff   34      4704.00000 4617.68083  1.84%   174  257s
 29982  4281 4689.59813   39  170 4704.00000 4622.98280  1.72%   174  264s
 31266  3971     cutoff   35      4704.00000 4628.98461  1.59%   174  272s
 32553  3417     cutoff   34      4704.00000 4638.22619  1.40%   174  279s
 33942  2708     cutoff   32      4704.00000 4646.19073  1.23%   174  287s
 35216  1483     cutoff   33      4704.00000 4654.24040  1.06%   174  294s
 36967   128     cutoff   27      4704.00000 4674.30981  0.63%   171  297s

Cutting planes:
  Gomory: 9
  Lift-and-project: 3
  Cover: 720
  Implied bound: 15
  Clique: 75
  MIR: 442
  Knapsack: 21
  StrongCG: 336
  Flow cover: 574
  GUB cover: 38
  Inf proof: 1
  Zero half: 136
  Mod-K: 3
  RLT: 86
  Relax-and-lift: 263

Explored 38510 nodes (6410484 simplex iterations) in 298.17 seconds (262.47 work units)
Thread count was 22 (of 22 available processors)

Solution count 10: 4704 4750 4770 ... 5094

Optimal solution found (tolerance 1.00e-04)
Best objective 4.704000000000e+03, best bound 4.704000000000e+03, gap 0.0000%

User-callback calls 101445, time in user-callback 0.24 sec
Set parameter LogToConsole to value 0
