FIXINGS_START
(0, 0, 0)
(0, 6, 0)
(1, 0, 0)
(2, 0, 0)
(2, 8, 0)
(3, 3, 0)
(4, 0, 0)
(5, 0, 0)
(5, 6, 0)
(7, 0, 0)
(8, 0, 0)
(9, 0, 0)
(10, 0, 0)
(10, 6, 0)
(11, 0, 0)
(11, 9, 0)
(12, 0, 0)
(12, 4, 0)
(13, 0, 0)
(13, 4, 0)
(15, 3, 0)
(16, 0, 0)
(16, 6, 0)
(16, 2, 0)
(11, 4, 0)
(0, 1, 1)
(5, 3, 0)
(5, 5, 0)
(13, 2, 0)
(4, 3, 0)
(15, 2, 0)
(1, 1, 0)
(12, 1, 0)
(9, 2, 0)
(16, 3, 0)
(13, 7, 24)
(16, 4, 0)
(6, 0, 0)
(2, 2, 18)
(10, 1, 0)
(4, 4, 0)
(3, 0, 0)
(10, 3, 0)
(1, 2, 0)
(12, 3, 0)
(16, 7, 0)
(3, 1, 0)
(3, 2, 0)
(12, 6, 0)
(12, 7, 0)
(10, 4, 7)
(7, 1, 6)
(2, 4, 18)
(0, 2, 28)
(7, 2, 0)
(10, 8, 0)
(14, 0, 0)
(10, 9, 0)
FIXINGS_END
time 1.378
GUROBI
Status INFEASIBLE
Runtime 1.3777461051940918
NodeCount 1.0
IterCount 3327.0
NumVars 5500
NumConstrs 27540
ObjBound inf
ObjBoundC inf
ObjVal None
MIPGap inf
