
Gurobi 13.0.0 (linux64) logging started Sun Jan  4 00:33:28 2026

Set parameter LogFile to value "../experiments/network-n_60_s_2_rp_0-app_set-id_12_9_apps/compact_model_gurobi.log"
Set parameter TimeLimit to value 900
Gurobi Optimizer version 13.0.0 build v13.0.0rc1 (linux64 - "Ubuntu 24.04.3 LTS")

CPU model: Intel(R) Core(TM) Ultra 7 165H, instruction set [SSE2|AVX|AVX2]
Thread count: 22 physical cores, 22 logical processors, using up to 22 threads

Non-default parameters:
TimeLimit  900
LogToConsole  0

Academic license 2539022 - for non-commercial use only - registered to al___@studenti.unimi.it
Optimize a model with 24618 rows, 3480 columns and 54090 nonzeros (Min)
Model fingerprint: 0xc5476ef7
Model has 3480 linear objective coefficients
Model has 190 quadratic constraints
Variable types: 0 continuous, 3480 integer (3480 binary)
Coefficient statistics:
  Matrix range     [1e+00, 9e+02]
  QMatrix range    [5e+01, 2e+02]
  Objective range  [1e+01, 2e+02]
  Bounds range     [1e+00, 1e+00]
  RHS range        [1e+00, 1e+09]
  QRHS range       [1e+02, 6e+02]
Presolve removed 23692 rows and 1974 columns
Presolve time: 0.38s
Presolved: 19960 rows, 20356 columns, 132608 nonzeros
Variable types: 0 continuous, 20356 integer (20356 binary)
Deterministic concurrent LP optimizer: primal and dual simplex
Showing primal log only...

Concurrent spin time: 0.01s

Solved with dual simplex

Root relaxation: objective 1.815482e+03, 572 iterations, 0.08 seconds (0.13 work units)

    Nodes    |    Current Node    |     Objective Bounds      |     Work
 Expl Unexpl |  Obj  Depth IntInf | Incumbent    BestBd   Gap | It/Node Time

     0     0 1815.48152    0   93          - 1815.48152      -     -    1s
H    0     0                    2680.0000000 1815.48152  32.3%     -    1s
H    0     0                    2328.0000000 1815.48152  22.0%     -    1s
H    0     0                    1977.0000000 1815.48152  8.17%     -    1s
H    0     0                    1946.0000000 1815.48152  6.71%     -    1s
H    0     0                    1944.0000000 1815.48152  6.61%     -    1s
H    0     0                    1930.0000000 1815.48152  5.93%     -    1s
     0     0 1829.99995    0   98 1930.00000 1829.99995  5.18%     -    1s
     0     0 1834.79413    0  106 1930.00000 1834.79413  4.93%     -    1s
     0     0 1834.90745    0  126 1930.00000 1834.90745  4.93%     -    1s
     0     0 1834.90745    0  127 1930.00000 1834.90745  4.93%     -    1s
     0     0 1841.17530    0  123 1930.00000 1841.17530  4.60%     -    2s
     0     0 1841.89446    0  124 1930.00000 1841.89446  4.57%     -    2s
     0     0 1842.46124    0  128 1930.00000 1842.46124  4.54%     -    2s
     0     0 1842.48590    0  125 1930.00000 1842.48590  4.53%     -    2s
     0     0 1846.00192    0  130 1930.00000 1846.00192  4.35%     -    2s
H    0     0                    1927.0000000 1846.00192  4.20%     -    2s
     0     0 1846.51828    0  124 1927.00000 1846.51828  4.18%     -    2s
     0     0 1846.58879    0  128 1927.00000 1846.58879  4.17%     -    2s
     0     0 1847.12896    0  144 1927.00000 1847.12896  4.14%     -    2s
     0     0 1847.22277    0  155 1927.00000 1847.22277  4.14%     -    2s
H    0     0                    1889.0000000 1847.22277  2.21%     -    2s
     0     0 1847.26099    0  144 1889.00000 1847.26099  2.21%     -    2s
     0     0 1847.27798    0  144 1889.00000 1847.27798  2.21%     -    2s
     0     0 1847.27798    0  144 1889.00000 1847.27798  2.21%     -    2s
     0     0 1847.27798    0  140 1889.00000 1847.27798  2.21%     -    3s
H    0     0                    1862.0000000 1847.31562  0.79%     -    3s
H    0     0                    1861.0000000 1847.31562  0.74%     -    3s
     0     2 1847.38714    0  137 1861.00000 1847.38714  0.73%     -    3s
H   68    63                    1860.0000000 1851.44763  0.46%  56.5    3s
H   83    63                    1859.0000000 1851.69332  0.39%  55.7    3s

Cutting planes:
  Gomory: 4
  Lift-and-project: 3
  Cover: 69
  Clique: 38
  MIR: 56
  Knapsack: 6
  StrongCG: 43
  GUB cover: 5
  Zero half: 6
  RLT: 100
  Relax-and-lift: 122
  BQP: 17

Explored 353 nodes (12982 simplex iterations) in 4.30 seconds (3.98 work units)
Thread count was 22 (of 22 available processors)

Solution count 10: 1859 1860 1861 ... 1977

Optimal solution found (tolerance 1.00e-04)
Best objective 1.859000000000e+03, best bound 1.859000000000e+03, gap 0.0000%

User-callback calls 2065, time in user-callback 0.01 sec
