
Gurobi 13.0.0 (linux64) logging started Sun Jan  4 00:32:47 2026

Set parameter LogFile to value "../experiments/network-n_60_s_2_rp_0-app_set-id_0_5_apps/compact_model_gurobi.log"
Set parameter TimeLimit to value 900
Gurobi Optimizer version 13.0.0 build v13.0.0rc1 (linux64 - "Ubuntu 24.04.3 LTS")

CPU model: Intel(R) Core(TM) Ultra 7 165H, instruction set [SSE2|AVX|AVX2]
Thread count: 22 physical cores, 22 logical processors, using up to 22 threads

Non-default parameters:
TimeLimit  900
LogToConsole  0

Academic license 2539022 - for non-commercial use only - registered to al___@studenti.unimi.it
Optimize a model with 14919 rows, 1920 columns and 32591 nonzeros (Min)
Model fingerprint: 0x03eed4c0
Model has 1920 linear objective coefficients
Model has 190 quadratic constraints
Variable types: 0 continuous, 1920 integer (1920 binary)
Coefficient statistics:
  Matrix range     [1e+00, 9e+02]
  QMatrix range    [5e+01, 2e+02]
  Objective range  [1e+01, 2e+02]
  Bounds range     [1e+00, 1e+00]
  RHS range        [1e+00, 1e+09]
  QRHS range       [1e+02, 6e+02]
Presolve removed 14322 rows and 955 columns
Presolve time: 0.23s
Presolved: 11138 rows, 11323 columns, 73023 nonzeros
Variable types: 0 continuous, 11323 integer (11323 binary)
Found heuristic solution: objective 1437.0000000

Root relaxation: objective 8.827480e+02, 111 iterations, 0.01 seconds (0.01 work units)

    Nodes    |    Current Node    |     Objective Bounds      |     Work
 Expl Unexpl |  Obj  Depth IntInf | Incumbent    BestBd   Gap | It/Node Time

     0     0  882.74799    0   22 1437.00000  882.74799  38.6%     -    0s
H    0     0                    1016.0000000  882.74799  13.1%     -    0s
     0     0  889.00000    0    7 1016.00000  889.00000  12.5%     -    0s
H    0     0                     902.0000000  889.00000  1.44%     -    0s
H    0     0                     895.0000000  889.00000  0.67%     -    0s
     0     0  891.25610    0   24  895.00000  891.25610  0.42%     -    0s
     0     0  891.63653    0   15  895.00000  891.63653  0.38%     -    0s
     0     0  892.02842    0   17  895.00000  892.02842  0.33%     -    0s
     0     0  893.50000    0   17  895.00000  893.50000  0.17%     -    0s

Cutting planes:
  Gomory: 3
  Cover: 6
  Clique: 3
  MIR: 2
  Knapsack: 1
  StrongCG: 1
  Zero half: 3
  RLT: 13
  Relax-and-lift: 3
  BQP: 2

Explored 1 nodes (206 simplex iterations) in 0.76 seconds (0.80 work units)
Thread count was 22 (of 22 available processors)

Solution count 4: 895 902 1016 1437 

Optimal solution found (tolerance 1.00e-04)
Best objective 8.950000000000e+02, best bound 8.950000000000e+02, gap 0.0000%

User-callback calls 882, time in user-callback 0.00 sec
