FIXINGS_START
(0, 7, 0)
(0, 8, 0)
(1, 0, 0)
(2, 0, 0)
(3, 0, 0)
(4, 0, 0)
(4, 6, 0)
(5, 0, 0)
(5, 9, 0)
(6, 0, 0)
(8, 0, 0)
(8, 4, 0)
(9, 0, 0)
(9, 9, 0)
(10, 0, 0)
(11, 0, 0)
(11, 1, 0)
(12, 0, 0)
(12, 6, 0)
(1, 1, 8)
(0, 0, 24)
(0, 1, 24)
(0, 2, 0)
(0, 5, 0)
(6, 3, 0)
(9, 6, 0)
(3, 1, 0)
(3, 4, 0)
(9, 8, 6)
(4, 1, 0)
(2, 2, 0)
(5, 3, 0)
(4, 3, 0)
(4, 4, 32)
(7, 0, 0)
(4, 5, 32)
(7, 1, 0)
(12, 1, 15)
(12, 3, 27)
(4, 8, 0)
(7, 2, 24)
(4, 9, 0)
(12, 4, 24)
(5, 4, 0)
(12, 5, 0)
FIXINGS_END
time 0.499
GUROBI
Status INFEASIBLE
Runtime 0.4993569850921631
NodeCount 1.0
IterCount 1728.0
NumVars 4200
NumConstrs 20998
ObjBound inf
ObjBoundC inf
ObjVal None
MIPGap inf
