FIXINGS_START
(0, 7, 0)
(0, 8, 0)
(1, 0, 0)
(2, 0, 0)
(3, 0, 0)
(4, 0, 0)
(4, 6, 0)
(5, 0, 0)
(5, 9, 0)
(6, 0, 0)
(8, 0, 0)
(8, 4, 0)
(9, 0, 0)
(9, 9, 0)
(10, 0, 0)
(11, 0, 0)
(11, 1, 0)
(12, 0, 0)
(12, 6, 0)
(9, 4, 26)
(3, 1, 0)
(3, 4, 0)
(12, 5, 0)
(1, 1, 8)
(4, 1, 0)
(9, 6, 0)
(8, 2, 0)
(0, 0, 24)
(2, 2, 0)
(6, 3, 0)
(0, 1, 24)
(5, 3, 0)
(4, 3, 0)
(5, 4, 0)
(11, 4, 0)
(4, 8, 0)
(4, 9, 0)
(0, 2, 0)
(7, 0, 0)
(5, 6, 0)
(12, 8, 0)
(5, 7, 0)
(0, 5, 0)
(7, 1, 0)
(0, 6, 11)
FIXINGS_END
time 0.267
GUROBI
Status INFEASIBLE
Runtime 0.2670259475708008
NodeCount 1.0
IterCount 1289.0
NumVars 4200
NumConstrs 20998
ObjBound inf
ObjBoundC inf
ObjVal None
MIPGap inf
