
Gurobi 13.0.0 (linux64) logging started Fri Jan  2 03:14:03 2026

Set parameter LogFile to value "../experiments/network-n_50_s_0_rp_0-app_set-id_35_16_apps/compact_model_gurobi.log"
Set parameter TimeLimit to value 900
Gurobi Optimizer version 13.0.0 build v13.0.0rc1 (linux64 - "Ubuntu 24.04.3 LTS")

CPU model: Intel(R) Core(TM) Ultra 7 165H, instruction set [SSE2|AVX|AVX2]
Thread count: 22 physical cores, 22 logical processors, using up to 22 threads

Non-default parameters:
TimeLimit  900
LogToConsole  0

Academic license 2539022 - for non-commercial use only - registered to al___@studenti.unimi.it
Optimize a model with 20774 rows, 5200 columns and 48493 nonzeros (Min)
Model fingerprint: 0x9c4664df
Model has 5200 linear objective coefficients
Model has 166 quadratic constraints
Variable types: 0 continuous, 5200 integer (5200 binary)
Coefficient statistics:
  Matrix range     [1e+00, 9e+02]
  QMatrix range    [5e+01, 2e+02]
  Objective range  [1e+01, 2e+02]
  Bounds range     [1e+00, 1e+00]
  RHS range        [1e+00, 1e+09]
  QRHS range       [1e+02, 6e+02]
Presolve removed 19751 rows and 3354 columns
Presolve time: 0.18s
Presolved: 18960 rows, 19626 columns, 116283 nonzeros
Variable types: 0 continuous, 19626 integer (19626 binary)
Deterministic concurrent LP optimizer: primal and dual simplex
Showing primal log only...

Concurrent spin time: 0.01s

Solved with dual simplex

Root relaxation: objective 3.998947e+03, 1578 iterations, 0.29 seconds (0.27 work units)

    Nodes    |    Current Node    |     Objective Bounds      |     Work
 Expl Unexpl |  Obj  Depth IntInf | Incumbent    BestBd   Gap | It/Node Time

     0     0 3998.94656    0  190          - 3998.94656      -     -    0s
     0     0 4054.77290    0  244          - 4054.77290      -     -    1s
     0     0 4063.43829    0  255          - 4063.43829      -     -    2s
     0     0 4063.69990    0  229          - 4063.69990      -     -    2s
     0     0 4089.18722    0  221          - 4089.18722      -     -    2s
     0     0 4101.71334    0  298          - 4101.71334      -     -    2s
     0     0 4104.73102    0  293          - 4104.73102      -     -    3s
     0     0 4104.76322    0  258          - 4104.76322      -     -    3s
     0     0 4123.57142    0  281          - 4123.57142      -     -    3s
     0     0 4123.67264    0  259          - 4123.67264      -     -    3s
     0     0 4125.82511    0  319          - 4125.82511      -     -    3s
     0     0 4127.15951    0  301          - 4127.15951      -     -    4s
     0     0 4132.44260    0  275          - 4132.44260      -     -    4s
     0     0 4134.85434    0  300          - 4134.85434      -     -    5s
     0     0 4136.13829    0  288          - 4136.13829      -     -    5s
     0     0 4136.15374    0  277          - 4136.15374      -     -    5s
     0     0 4136.15374    0  265          - 4136.15374      -     -    5s
     0     2 4136.15374    0  259          - 4136.15374      -     -    6s
   110   153 4183.89904    7  298          - 4142.86735      -   161   10s
   440   450 4192.05651   15  228          - 4142.86735      -   141   15s
H  538   527                    4836.0000000 4142.86735  14.3%   138   17s
H  555   570                    4829.0000000 4142.86735  14.2%   136   17s
H  557   570                    4797.0000000 4142.86735  13.6%   136   17s
H  682   688                    4759.0000000 4142.86735  12.9%   129   19s
H  686   688                    4742.0000000 4142.86735  12.6%   129   19s
H  694   688                    4737.0000000 4142.86735  12.5%   129   19s
H  700   688                    4640.0000000 4142.86735  10.7%   128   19s
H  702   746                    4611.0000000 4142.86735  10.2%   128   19s
   760   808 4244.44643   24  152 4611.00000 4142.86735  10.2%   125   20s
H  788   808                    4603.0000000 4142.86735  10.0%   124   20s
H  912   920                    4586.0000000 4142.86735  9.66%   117   21s
  1315  1393 4270.52601   43  155 4586.00000 4142.86735  9.66%   111   25s
H 1407  1415                    4572.0000000 4142.86735  9.39%   110   26s
H 1415  1415                    4466.0000000 4142.86735  7.24%   109   26s
H 1416  1391                    4358.0000000 4142.86735  4.94%   109   26s
H 1519  1418                    4354.0000000 4142.86735  4.85%   108   28s
  1564  1467 4291.07793   52  223 4354.00000 4142.86735  4.85%   115   30s
  1895  1704 4312.49086   65  199 4354.00000 4145.04588  4.80%   125   35s
H 1897  1688                    4349.0000000 4145.04588  4.69%   125   35s
H 1912  1482                    4323.0000000 4145.04588  4.12%   125   35s
  2152  1779 4180.03363   16  152 4323.00000 4145.04588  4.12%   128   40s
H 2250  1736                    4318.0000000 4145.25820  4.00%   127   40s
  2633  2165 4218.72054   37  164 4318.00000 4145.25820  4.00%   126   46s
  2948  2255 4159.85126   10 8978 4318.00000 4145.25820  4.00%   125   52s
  2952  2258 4304.98562   35  265 4318.00000 4145.25820  4.00%   125   55s
  2974  2272 4234.57942   31  323 4318.00000 4152.02891  3.84%   124   60s
  3002  2291 4190.77439   37  346 4318.00000 4157.90476  3.71%   123   65s
  3029  2309 4288.14604   23  382 4318.00000 4160.44629  3.65%   121   70s
H 3041  2199                    4311.0000000 4161.54389  3.47%   121   74s
  3047  2203 4217.11798   61  318 4311.00000 4161.96005  3.46%   121   75s
H 3061  2100                    4300.0000000 4162.51554  3.20%   120   79s
H 3062  1994                    4293.0000000 4162.52180  3.04%   120   79s
H 3063  1893                    4278.0000000 4162.52751  2.70%   120   79s
H 3063  1796                    4262.0000000 4162.52751  2.33%   120   79s
  3064  1796 4172.13702   26  338 4262.00000 4162.52751  2.33%   120   80s
H 3071  1709                    4234.0000000 4163.13506  1.67%   120   83s
H 3071  1622                    4231.0000000 4163.13506  1.60%   120   83s
  3073  1626 4163.13506   14  298 4231.00000 4163.13506  1.60%   126   86s
  3087  1650 4167.97765   17  290 4231.00000 4163.77760  1.59%   127   90s
  3125  1681 4174.93202   19  304 4231.00000 4166.58641  1.52%   131   96s
  3160  1695 4176.37688   20  299 4231.00000 4169.61253  1.45%   134  100s
H 3183  1604                    4229.0000000 4169.61253  1.40%   135  100s
  3233  1658 4177.32157   21  299 4229.00000 4169.61253  1.40%   138  106s
  3331  1689 4203.32583   23  281 4229.00000 4169.61253  1.40%   141  111s
  3432  1707     cutoff   26      4229.00000 4170.65189  1.38%   144  116s
  3538  1706 4199.27009   23  256 4229.00000 4170.65189  1.38%   147  120s
  3669  1733     cutoff   27      4229.00000 4174.10131  1.30%   149  127s
H 3671  1653                    4225.0000000 4174.10131  1.20%   149  127s
H 3685  1573                    4222.0000000 4174.10131  1.13%   149  127s
  3792  1604 4179.96487   22  260 4222.00000 4175.22191  1.11%   149  131s
  3945  1663 4182.11848   27  265 4222.00000 4175.23954  1.11%   150  136s
  4145  1732 4188.03728   35  198 4222.00000 4175.89665  1.09%   149  141s
  4394  1782 4210.94149   42  198 4222.00000 4175.89665  1.09%   147  146s
  4594  1838 infeasible   50      4222.00000 4176.37394  1.08%   147  152s
  4826  1901 4211.30932   26  192 4222.00000 4176.80199  1.07%   148  157s
  4968  1923 4217.33915   31  192 4222.00000 4176.80199  1.07%   148  160s
  5267  1981 4188.73819   29  236 4222.00000 4177.92943  1.04%   148  165s
  5595  2072 4209.09298   44  156 4222.00000 4177.92943  1.04%   146  172s
  5700  2150 4215.76477   52  142 4222.00000 4178.95198  1.02%   146  175s
* 5980  2077              55    4221.0000000 4178.95198  1.00%   145  178s
  6104  2182 4215.55369   32  205 4221.00000 4179.30988  0.99%   145  181s
  6318  2282 4191.97895   26  249 4221.00000 4180.22195  0.97%   144  185s
H 6493  2148                    4220.0000000 4180.22195  0.94%   143  185s
  6793  2339 4209.30003   45  138 4220.00000 4180.47647  0.94%   143  192s
H 6843  2282                    4217.0000000 4180.84580  0.86%   143  192s
  7031  2433 4194.17205   35  207 4217.00000 4180.84580  0.86%   143  196s
  7306  2465 4207.75461   50  137 4217.00000 4181.61893  0.84%   143  200s
  7655  2783 4188.04444   27  207 4217.00000 4182.27178  0.82%   143  208s
  7897  2832 4195.84687   33  134 4217.00000 4182.27178  0.82%   144  212s
  7997  3051 4199.91943   37  138 4217.00000 4182.27178  0.82%   145  216s
  8303  3246 4196.09417   23  227 4217.00000 4182.27178  0.82%   145  221s
  8732  3309 4211.14315   39  134 4217.00000 4182.82624  0.81%   144  225s
  8863  3512 4187.87537   26  191 4217.00000 4183.08791  0.80%   144  230s
  9236  3650 4214.02833   38  129 4217.00000 4183.08791  0.80%   144  235s
  9504  3834 4197.18567   31  208 4217.00000 4183.08791  0.80%   145  240s
  9907  3954 4204.59614   43  181 4217.00000 4183.08791  0.80%   145  245s
 10208  4176     cutoff   54      4217.00000 4184.03160  0.78%   145  250s
 10633  4386 4213.20653   46  159 4217.00000 4185.06748  0.76%   145  255s
 11063  4660 4198.60129   31  211 4217.00000 4186.08496  0.73%   146  261s
 11587  4902 4215.83946   26  161 4217.00000 4186.17039  0.73%   146  267s
 12050  5175 4209.36015   34   95 4217.00000 4186.22865  0.73%   146  273s
 12573  5436 4202.36148   48  168 4217.00000 4186.70855  0.72%   147  279s
 13200  5751 4192.53082   31  178 4217.00000 4186.77765  0.72%   146  285s
 13827  5939 4208.75265   42  169 4217.00000 4186.77765  0.72%   145  292s
 14197  6256 4199.21061   30  197 4217.00000 4187.47350  0.70%   145  298s
 14837  6576 4201.29320   28  195 4217.00000 4188.07977  0.69%   145  305s
 15531  6682 4214.81900   31  207 4217.00000 4188.11635  0.68%   145  312s
 15889  7004 4210.02712   39  139 4217.00000 4188.39574  0.68%   145  320s
 16539  7296 4201.21143   43  172 4217.00000 4188.62817  0.67%   144  328s
 17279  7613 4198.75235   34  208 4217.00000 4189.28532  0.66%   144  335s
 18038  7915 4209.71365   35  156 4217.00000 4189.53408  0.65%   144  343s
 18807  8265 4211.74265   36  217 4217.00000 4189.90282  0.64%   144  351s
 19664  8554     cutoff   34      4217.00000 4190.21039  0.64%   144  360s
 20489  8779 4204.44980   31  149 4217.00000 4190.27209  0.63%   144  370s
 21000  9137 4204.44188   35  179 4217.00000 4190.82282  0.62%   144  379s
 21882  9533 4205.50100   36  148 4217.00000 4191.03904  0.62%   144  389s
 22879  9901 4203.46793   35  227 4217.00000 4191.44488  0.61%   144  398s
 23877  9987 4206.02829   27  217 4217.00000 4191.78368  0.60%   145  408s
 24286  9988 4208.07924   34 4764 4217.00000 4191.87859  0.60%   145  423s
 24289  9990 4205.93798   36  248 4217.00000 4191.87859  0.60%   145  425s
 24322 10012 4204.46065   38  355 4217.00000 4191.87859  0.60%   145  430s
 24343 10026 4211.59176   49  371 4217.00000 4191.87859  0.60%   145  435s
 24363 10039 4205.90991   37  373 4217.00000 4191.87859  0.60%   144  440s
 24383 10060 4205.71005   30  279 4217.00000 4191.87859  0.60%   145  445s
 24449 10086 4215.44641   33  244 4217.00000 4191.87859  0.60%   146  450s
 24524 10107 4215.73390   35  192 4217.00000 4191.87859  0.60%   146  455s
 24657 10165 4191.87859   36  192 4217.00000 4191.87859  0.60%   147  460s
 24798 10182 4191.87859   38  189 4217.00000 4191.87859  0.60%   147  465s
 24981 10193 4196.24869   43   99 4217.00000 4191.87859  0.60%   147  471s
 25102 10212 4200.31397   46   62 4217.00000 4191.87859  0.60%   147  476s
 25199 10233 4200.85661   51   50 4217.00000 4191.87859  0.60%   147  480s
 25366 10240 4206.39735   57   72 4217.00000 4191.87859  0.60%   148  486s
 25467 10264 4191.87859   43  193 4217.00000 4191.87859  0.60%   148  490s
 25704 10293 4205.06172   53  146 4217.00000 4191.87859  0.60%   148  496s
 25886 10323     cutoff   61      4217.00000 4191.87859  0.60%   148  501s
 26113 10371 4194.82341   43  207 4217.00000 4191.87859  0.60%   148  506s
 26373 10481 4201.41388   56  136 4217.00000 4191.87859  0.60%   147  511s
 26851 10470 4194.46043   43  238 4217.00000 4191.87859  0.60%   147  516s
 27252 10571 4207.48552   53  113 4217.00000 4191.87859  0.60%   146  522s
 27802 10675 4208.07497   49  171 4217.00000 4191.87859  0.60%   146  527s
 28117 10673 4209.11685   38  218 4217.00000 4191.87859  0.60%   146  530s
 28710 10650     cutoff   43      4217.00000 4191.87859  0.60%   146  536s
 29474 10678 4199.45980   39  248 4217.00000 4191.87859  0.60%   146  542s
 29867 10735 4208.24235   44  183 4217.00000 4191.87859  0.60%   146  546s
 30704 10819 4196.57392   47  165 4217.00000 4191.87859  0.60%   146  552s
 31031 10932 4209.85557   40  196 4217.00000 4191.87859  0.60%   146  555s
 32042 11112 4205.35070   53  161 4217.00000 4191.87859  0.60%   145  563s
 32541 11208 4201.11019   51  101 4217.00000 4191.87859  0.60%   145  566s
 33114 11287 4203.48074   52  161 4217.00000 4191.87859  0.60%   144  570s
 34246 11431 4200.82480   41  199 4217.00000 4192.26507  0.59%   144  578s
 34876 11422 4206.55342   44  157 4217.00000 4192.90245  0.57%   144  582s
 35497 11500 4205.99715   43  195 4217.00000 4193.00240  0.57%   144  587s
 36287 11404     cutoff   59      4217.00000 4193.51920  0.56%   143  591s
 36783 11602 4208.18796   49  168 4217.00000 4193.75098  0.55%   143  596s
 37543 11689     cutoff   54      4217.00000 4193.97206  0.55%   143  600s
 38379 11689 4203.68991   47  176 4217.00000 4194.62071  0.53%   142  605s
 39133 11759 4205.86312   45  224 4217.00000 4194.92658  0.52%   142  610s
 39942 11896 4199.76885   38  193 4217.00000 4195.37114  0.51%   142  615s
 40868 11855 4215.34459   58   65 4217.00000 4195.55462  0.51%   141  620s
 41705 11897 4209.59455   45  219 4217.00000 4195.89077  0.50%   141  625s
 42684 11936     cutoff   49      4217.00000 4196.27874  0.49%   140  631s
 43727 11959 4204.73387   33  267 4217.00000 4196.66671  0.48%   140  636s
 44801 11993 4203.68014   36  241 4217.00000 4196.97713  0.47%   139  642s
 45867 11987 4205.44677   42  116 4217.00000 4197.33592  0.47%   139  648s
 47016 11948     cutoff   44      4217.00000 4197.59081  0.46%   139  653s
*47238 11297              53    4216.0000000 4197.59081  0.44%   139  653s
 48270 11351 4208.45357   49  122 4216.00000 4197.95399  0.43%   138  662s
 49668 11158 4208.22509   49  265 4216.00000 4198.37039  0.42%   138  668s
 50500 11192 4209.06598   49   92 4216.00000 4198.55214  0.41%   137  674s
H51527  6251                    4209.0000000 4198.71595  0.24%   137  674s
 51571  6012     cutoff   44      4209.00000 4198.92637  0.24%   137  681s
 52890  5841     cutoff   46      4209.00000 4199.48591  0.23%   137  688s
 54188  5590 4206.44861   42  134 4209.00000 4200.10012  0.21%   136  694s
 55791  5199 4204.42463   43  201 4209.00000 4200.93753  0.19%   136  701s
 57485  4566     cutoff   45      4209.00000 4201.67809  0.17%   135  708s
 59174  3542 4207.07135   51  103 4209.00000 4202.72266  0.15%   135  715s
 61170  2306 4205.33407   45  126 4209.00000 4204.02185  0.12%   134  721s
 64199     0     cutoff   46      4209.00000 4206.96441  0.05%   131  726s

Cutting planes:
  Gomory: 12
  Lift-and-project: 3
  Cover: 354
  Clique: 23
  MIR: 382
  Knapsack: 12
  StrongCG: 313
  Flow cover: 285
  GUB cover: 26
  Zero half: 94
  Mod-K: 4
  RLT: 135
  Relax-and-lift: 104
  BQP: 145

Explored 65155 nodes (8412377 simplex iterations) in 726.73 seconds (456.65 work units)
Thread count was 22 (of 22 available processors)

Solution count 10: 4209 4216 4217 ... 4234

Optimal solution found (tolerance 1.00e-04)
Best objective 4.209000000000e+03, best bound 4.209000000000e+03, gap 0.0000%

User-callback calls 198465, time in user-callback 0.60 sec
