
Gurobi 13.0.0 (linux64) logging started Sat Jan  3 01:34:12 2026

Set parameter LogFile to value "../experiments/network-n_50_s_2_rp_0-app_set-id_42_19_apps/compact_model_gurobi.log"
Set parameter TimeLimit to value 900
Gurobi Optimizer version 13.0.0 build v13.0.0rc1 (linux64 - "Ubuntu 24.04.3 LTS")

CPU model: Intel(R) Core(TM) Ultra 7 165H, instruction set [SSE2|AVX|AVX2]
Thread count: 22 physical cores, 22 logical processors, using up to 22 threads

Non-default parameters:
TimeLimit  900
LogToConsole  0

Academic license 2539022 - for non-commercial use only - registered to al___@studenti.unimi.it
Optimize a model with 33797 rows, 6200 columns and 76138 nonzeros (Min)
Model fingerprint: 0xa2fa0116
Model has 6200 linear objective coefficients
Model has 162 quadratic constraints
Variable types: 0 continuous, 6200 integer (6200 binary)
Coefficient statistics:
  Matrix range     [1e+00, 9e+02]
  QMatrix range    [5e+01, 2e+02]
  Objective range  [1e+01, 2e+02]
  Bounds range     [1e+00, 1e+00]
  RHS range        [1e+00, 1e+09]
  QRHS range       [1e+02, 6e+02]
Presolve removed 32427 rows and 3802 columns
Presolve time: 0.32s
Presolved: 23074 rows, 23924 columns, 144396 nonzeros
Variable types: 0 continuous, 23924 integer (23924 binary)
Deterministic concurrent LP optimizer: primal and dual simplex
Showing primal log only...

Concurrent spin time: 0.00s

Solved with dual simplex

Root relaxation: objective 4.612327e+03, 2742 iterations, 0.51 seconds (0.54 work units)

    Nodes    |    Current Node    |     Objective Bounds      |     Work
 Expl Unexpl |  Obj  Depth IntInf | Incumbent    BestBd   Gap | It/Node Time

     0     0 4612.32713    0  286          - 4612.32713      -     -    1s
     0     0 4612.36830    0  285          - 4612.36830      -     -    1s
     0     0 4688.12354    0  368          - 4688.12354      -     -    3s
     0     0 4690.55712    0  363          - 4690.55712      -     -    3s
     0     0 4809.77182    0  411          - 4809.77182      -     -    3s
     0     0 4820.29174    0  421          - 4820.29174      -     -    4s
     0     0 4820.65769    0  416          - 4820.65769      -     -    4s
     0     0 5038.18195    0  434          - 5038.18195      -     -    6s
     0     0 5080.26032    0  463          - 5080.26032      -     -    7s
     0     0 5086.35383    0  457          - 5086.35383      -     -    7s
     0     0 5087.07227    0  479          - 5087.07227      -     -    7s
     0     0 5144.35324    0  490          - 5144.35324      -     -    9s
     0     0 5176.37679    0  502          - 5176.37679      -     -   10s
     0     0 5198.32545    0  546          - 5198.32545      -     -   11s
     0     0 5205.86921    0  582          - 5205.86921      -     -   11s
     0     0 5247.70175    0  527          - 5247.70175      -     -   14s
     0     0 5247.73963    0  512          - 5247.73963      -     -   14s
     0     0 5247.73963    0  505          - 5247.73963      -     -   14s
     0     2 5247.74741    0  504          - 5247.74741      -     -   16s
    29    48 5269.53698    5  484          - 5259.12008      -   396   20s
   135   172 5299.89788    9  438          - 5261.83174      -   402   26s
   257   290 5291.29355   12  471          - 5261.83174      -   407   31s
   374   408 5305.83272   17  462          - 5261.83174      -   401   36s
   482   494 5419.31735   21  371          - 5261.83174      -   387   42s
   539   555 5332.41948   22  426          - 5261.83174      -   391   47s
   574   586 5339.07711   23  362          - 5261.83174      -   385   50s
   648   643 5345.37175   24  364          - 5261.83174      -   380   56s
   691   669 5351.41785   26  356          - 5261.83174      -   384   60s
   785   736 infeasible   31               - 5264.78010      -   384   66s
   864   802 5275.44367    9  393          - 5264.78010      -   381   71s
   961   887 5327.44035   15  342          - 5264.78010      -   374   76s
  1102  1033 5354.69051   19  308          - 5264.78010      -   364   81s
  1277  1177 5432.48832   24  285          - 5266.02697      -   363   87s
  1373  1257 5389.55590   22  289          - 5266.02697      -   362   90s
  1550  1366 5484.53536   31  302          - 5266.02697      -   364   96s
  1677  1442 5607.00265   33  323          - 5266.02697      -   365  102s
  1756  1476 5637.13437   34  308          - 5266.02697      -   365  105s
  1840  1527 5657.91123   35  327          - 5270.93749      -   365  111s
  1885  1569 5590.27291   35  355          - 5272.11669      -   364  115s
  2000  1706 5659.55402   41  300          - 5272.11669      -   362  122s
  2101  1817 5785.55685   48  317          - 5272.11669      -   357  126s
  2254  1957 infeasible   60               - 5272.11669      -   350  130s
  2614  2176 5357.78447   10  376          - 5272.11669      -   343  137s
  2805  2321 5463.08585   12  375          - 5272.11669      -   341  142s
  2997  2322 5424.05128   31 11265          - 5272.11669      -   341  147s
  2999  2323 5355.39749    6  328          - 5272.11669      -   341  151s
  3003  2326 5353.49527   21  422          - 5272.11669      -   341  158s
  3004  2327 5568.66992   29  505          - 5272.11669      -   341  161s
  3013  2333 5427.17635   35  561          - 5272.11669      -   340  166s
  3017  2335 5707.51014   25  581          - 5309.18678      -   339  170s
  3028  2343 5334.87471   24  564          - 5334.87471      -   338  175s
  3039  2350 5355.83808   13  637          - 5355.83808      -   337  180s
  3054  2360 5371.93378   18  628          - 5371.93378      -   335  185s
  3068  2369 5385.63486   22  630          - 5385.63486      -   333  190s
  3082  2379 5548.99504   12  749          - 5393.61953      -   332  195s
  3089  2383 5404.21326   17  658          - 5404.21326      -   331  200s
  3106  2395 5599.02279   29  711          - 5407.76420      -   329  205s
  3119  2403 5493.23544   40  746          - 5411.01992      -   328  210s
  3136  2415 5451.11499   14  662          - 5413.20473      -   326  215s
  3154  2427 5415.10951   18  697          - 5415.10951      -   324  220s
  3168  2436 5422.27461   22  747          - 5422.27461      -   323  226s
  3178  2443 5555.79132   44  757          - 5427.32647      -   322  230s
  3194  2453 5972.61986   35  756          - 5429.90045      -   320  235s
  3205  2461 5433.10333   12  690          - 5433.10333      -   319  240s
  3219  2470 5493.23544   40  753          - 5436.82205      -   318  245s
  3226  2475 5547.26561   53  701          - 5439.95354      -   317  252s
  3230  2477 5442.70732   11  684          - 5442.70732      -   317  255s
  3243  2486 5445.47082   12  708          - 5445.47082      -   315  260s
  3257  2495 5464.03453   28  715          - 5447.88256      -   314  265s
  3258  2496 5447.92348   11  715          - 5447.92348      -   314  271s
  3264  2500 5449.24180   28  771          - 5449.24180      -   313  275s
  3277  2509 5853.81534   47  789          - 5450.26036      -   312  280s
  3290  2517 5494.36484   19  771          - 5450.73635      -   311  285s
  3301  2525 5537.29606   23  803          - 5450.84641      -   310  290s
  3309  2531 5450.84872   15  324          - 5450.84872      -   336  298s
  3312  2533 5642.60157   52  444          - 5450.84872      -   335  301s
  3314  2535 5450.84872   12  525          - 5450.84872      -   335  308s
  3315  2535 5450.84872   27  498          - 5450.84872      -   335  310s
  3317  2537 5707.51014   25  602          - 5455.87154      -   335  315s
  3321  2539 5693.05832   40  742          - 5463.28159      -   335  320s
  3331  2546 5466.49501   37  774          - 5466.49501      -   334  325s
  3343  2554 5470.63323   12  759          - 5470.63323      -   332  330s
  3357  2563 5470.63323   28  789          - 5470.63323      -   331  336s
  3365  2569 5470.63323   22  738          - 5470.63323      -   330  340s
  3377  2577 5853.81534   47  690          - 5470.63323      -   329  345s
  3391  2586 5470.63323   15  786          - 5470.63323      -   328  350s
  3401  2593 5537.29606   23  794          - 5470.63323      -   327  355s
  3409  2598 5470.63323   15  699          - 5470.63323      -   326  360s
  3420  2605 5853.71953   24  690          - 5470.63323      -   325  365s
  3431  2613 5470.63323   37  713          - 5470.63323      -   324  371s
  3443  2621 5470.63323   12  726          - 5470.63323      -   323  375s
  3457  2630 5471.88409   28  751          - 5471.88409      -   321  380s
  3469  2638 5473.87724   20  722          - 5473.87724      -   320  387s
  3475  2642 5474.53650   20  724          - 5474.53650      -   320  390s
  3489  2651 5475.38085   17  733          - 5475.38085      -   318  395s
  3502  2660 5475.89919   25  714          - 5475.89919      -   317  400s
  3513  2667 5476.41734   35  769          - 5476.41734      -   316  405s
  3530  2679 5477.05092   11  777          - 5477.05092      -   315  410s
  3535  2682 5477.39347   27  801          - 5477.39347      -   314  415s
  3546  2689 5662.93373   21  799          - 5477.57241      -   313  420s
  3555  2695 5477.73287    8  691          - 5477.73287      -   313  425s
  3560  2699 6032.28720   57  667          - 5478.07829      -   312  430s
  3567  2703 5478.14559   19  676          - 5478.14559      -   312  435s
  3573  2707 6090.05573   28  705          - 5480.83974      -   311  440s
  3583  2714 5497.86306   10  702          - 5482.41440      -   310  445s
  3593  2721 5489.60791   24  767          - 5483.27166      -   309  450s
  3594  2721 5972.61986   35  766          - 5483.27166      -   309  455s
  3599  2725 5483.45937    6  768          - 5483.45937      -   309  460s
  3606  2729 5599.02279   29  765          - 5484.00528      -   308  465s
  3610  2732 5484.13838   20  746          - 5484.13838      -   308  470s
  3616  2736 5576.81646   18  784          - 5484.27424      -   307  476s
  3619  2738 5493.23544   40  763          - 5485.23285      -   307  480s
  3626  2743 5547.26561   53  766          - 5485.31471      -   306  485s
  3638  2751 5991.43098   49  817          - 5486.00739      -   305  490s
  3644  2755 5512.18460   19  778          - 5486.25873      -   305  495s
  3650  2759 5486.62347   24  833          - 5486.62347      -   304  501s
  3657  2763 5486.81661   28  876          - 5486.81661      -   304  505s
  3663  2767 5486.88558   39  839          - 5486.88558      -   303  510s
  3667  2770 5487.08023   19  785          - 5487.08023      -   303  524s
  3668  2774 5488.16910   19  768          - 5487.79252      -   325  527s
  3670  2777 5492.67389   20  678          - 5488.16910      -   325  532s
  3674  2784 5508.58221   21  656          - 5492.70699      -   327  536s
  3682  2797 5528.94281   22  709          - 5504.19817      -   329  541s
  3698  2814 5533.79330   23  687          - 5511.94262      -   337  549s
  3720  2832 5536.76567   24  697          - 5514.04921      -   341  557s
  3750  2846 5550.28022   25  619          - 5514.21305      -   344  568s
  3780  2867 5581.14501   25  674          - 5514.21305      -   350  577s
  3813  2888 5598.43737   26  629          - 5514.21305      -   357  586s
  3851  2909 5551.33480   26  641          - 5514.21305      -   362  593s
  3888  2930 5552.86194   27  625          - 5514.21305      -   365  601s
  3926  2944 5609.49926   28  647          - 5514.21305      -   369  610s
  3962  2979 5558.28892   28  616          - 5515.67210      -   377  620s
  4011  3001 5562.43429   30  598          - 5515.67210      -   383  628s
  4052  3018 5564.66057   31  601          - 5515.67210      -   393  636s
  4084  3029 infeasible   31               - 5515.67210      -   399  647s
  4112  3048 5576.13246   32  644          - 5515.67210      -   405  656s
  4140  3066 5684.26099   32  543          - 5515.67210      -   413  663s
  4170  3087 5604.01513   33  683          - 5515.67210      -   419  675s
  4203  3109 5711.49683   33  553          - 5515.67210      -   427  683s
  4244  3129 5606.08180   34  677          - 5515.67210      -   435  691s
  4281  3157 5649.00849   34  595          - 5515.67210      -   443  701s
  4324  3184 5704.62071   35  602          - 5515.67210      -   449  710s
  4367  3218 5619.86405   35  594          - 5515.67210      -   458  719s
  4415  3231 5628.76133   36  544          - 5515.67210      -   463  731s
  4466  3251 5669.44032   36  596          - 5515.67210      -   475  741s
  4523  3246 5897.89894   37  586          - 5515.67210      -   485  751s
  4559  3258 5631.96039   37  565          - 5515.67210      -   493  760s
  4593  3277 5636.50568   38  513          - 5518.51212      -   499  770s
  4641  3322 infeasible   38               - 5518.51212      -   505  781s
  4708  3372 5753.78996   39  581          - 5518.51212      -   510  792s
  4785  3359 5785.14163   39  494          - 5518.51212      -   519  804s
  4814  3367 5760.00435   40  574          - 5518.51212      -   525  816s
  4845  3385 5891.45935   40  413          - 5518.51212      -   528  828s
  4878  3396 5800.11209   41  556          - 5518.51212      -   534  841s
  4920  3408 5808.96482   41  519          - 5518.51212      -   544  853s
  4972  3414 5818.64723   42  512          - 5522.57704      -   551  866s
  5031  3442 5830.98751   42  514          - 5526.41230      -   558  881s
  5115  3467 5831.95199   43  509          - 5526.61460      -   566  896s
  5220  3457 5905.88903   45  499          - 5526.61460      -   577  900s

Cutting planes:
  Gomory: 7
  Lift-and-project: 1
  Cover: 97
  Clique: 40
  MIR: 173
  Knapsack: 17
  StrongCG: 60
  Flow cover: 667
  GUB cover: 18
  Zero half: 69
  Mod-K: 4
  RLT: 102
  Relax-and-lift: 132
  BQP: 17
  PSD: 1

Explored 5253 nodes (3048118 simplex iterations) in 900.04 seconds (897.75 work units)
Thread count was 22 (of 22 available processors)

Solution count 0

Time limit reached
Best objective -, best bound 5.527000000000e+03, gap -

User-callback calls 191311, time in user-callback 1.05 sec
