
Gurobi 13.0.0 (linux64) logging started Sun Jan  4 20:04:04 2026

Set parameter LogFile to value "../experiments/network-n_30_s_1_rp_0-app_set-id_30_15_apps/compact_model_gurobi.log"
Set parameter TimeLimit to value 900
Gurobi Optimizer version 13.0.0 build v13.0.0rc1 (linux64 - "Ubuntu 24.04.3 LTS")

CPU model: Intel(R) Core(TM) Ultra 7 165H, instruction set [SSE2|AVX|AVX2]
Thread count: 22 physical cores, 22 logical processors, using up to 22 threads

Non-default parameters:
TimeLimit  900
LogToConsole  0

Academic license 2539022 - for non-commercial use only - registered to al___@studenti.unimi.it
Optimize a model with 8400 rows, 2940 columns and 20942 nonzeros (Min)
Model fingerprint: 0xabb7f565
Model has 2940 linear objective coefficients
Model has 100 quadratic constraints
Variable types: 0 continuous, 2940 integer (2940 binary)
Coefficient statistics:
  Matrix range     [1e+00, 9e+02]
  QMatrix range    [5e+01, 2e+02]
  Objective range  [1e+01, 2e+02]
  Bounds range     [1e+00, 1e+00]
  RHS range        [1e+00, 1e+09]
  QRHS range       [1e+02, 6e+02]
Presolve removed 7699 rows and 1586 columns
Presolve time: 0.07s
Presolved: 13736 rows, 14291 columns, 78126 nonzeros
Variable types: 0 continuous, 14291 integer (14291 binary)

Root relaxation: objective 3.295830e+03, 1253 iterations, 0.08 seconds (0.12 work units)

    Nodes    |    Current Node    |     Objective Bounds      |     Work
 Expl Unexpl |  Obj  Depth IntInf | Incumbent    BestBd   Gap | It/Node Time

     0     0 3295.83040    0  121          - 3295.83040      -     -    0s
     0     0 3334.23377    0  163          - 3334.23377      -     -    1s
     0     0 3343.51919    0  169          - 3343.51919      -     -    1s
     0     0 3344.77219    0  183          - 3344.77219      -     -    1s
     0     0 3344.88063    0  184          - 3344.88063      -     -    1s
     0     0 3364.82948    0  245          - 3364.82948      -     -    2s
     0     0 3372.80916    0  234          - 3372.80916      -     -    2s
     0     0 3374.18992    0  250          - 3374.18992      -     -    2s
     0     0 3374.28616    0  260          - 3374.28616      -     -    2s
     0     0 3390.95229    0  286          - 3390.95229      -     -    2s
     0     0 3394.98869    0  320          - 3394.98869      -     -    3s
     0     0 3395.75072    0  268          - 3395.75072      -     -    3s
     0     0 3401.62462    0  306          - 3401.62462      -     -    3s
     0     0 3404.86616    0  339          - 3404.86616      -     -    4s
     0     0 3407.13853    0  320          - 3407.13853      -     -    4s
     0     0 3408.05500    0  335          - 3408.05500      -     -    4s
     0     0 3408.10932    0  328          - 3408.10932      -     -    4s
     0     0 3408.10932    0  319          - 3408.10932      -     -    4s
     0     2 3408.10944    0  314          - 3408.10944      -     -    5s
   231   260 3422.88851   14  244          - 3414.28005      -   203   10s
   569   546 3441.67011   27  201          - 3414.28005      -   189   15s
   854   832 3446.04792   33  191          - 3414.28005      -   179   20s
  1153  1138 3454.59208   39  197          - 3414.28005      -   168   25s
  1694  1563 3514.39395   69  179          - 3415.25032      -   151   30s
  2137  1923 3672.23310   96  135          - 3415.25032      -   149   35s
  2553  2202 infeasible  129               - 3415.72236      -   144   40s
  2793  2419 3510.90638    9  156          - 3415.72236      -   149   46s
  3235  2782 3521.98489   11  160          - 3415.72236      -   151   50s
  3618  2912 3713.38849   61  129          - 3415.72236      -   151   55s
  3638  2926 3481.42213   28  403          - 3425.02076      -   150   60s
  3681  2954 3753.89500   41  460          - 3434.30078      -   148   65s
  3713  2976 3484.19653   40  458          - 3439.68911      -   147   70s
  3741  2994 3444.29345   24  434          - 3444.29345      -   146   75s
  3763  3009 3445.26753   12  488          - 3445.26753      -   145   81s
  3778  3036 3450.52379   18  404          - 3448.52162      -   153   85s
  3858  3095 3452.96497   21  406          - 3451.32760      -   157   91s
  3959  3177 3456.48614   23  382          - 3451.32760      -   164   96s
  4035  3230 3461.38172   24  329          - 3451.32760      -   170  100s
  4132  3286 3462.05336   25  310          - 3451.32760      -   178  105s
  4233  3350 3468.92186   27  302          - 3451.32760      -   183  111s
  4334  3424 3550.20291   28  273          - 3451.32760      -   188  116s
  4457  3516 3478.28750   30  304          - 3451.32760      -   190  121s
  4565  3567 3480.83325   32  297          - 3451.32760      -   193  125s
  4700  3652 3875.53608   35  211          - 3451.32760      -   199  132s
  4793  3673 3499.58890   38  255          - 3451.98057      -   202  138s
  4837  3693 3522.87663   38  250          - 3451.98057      -   203  140s
  4958  3711 infeasible   44               - 3451.98057      -   204  146s
  5092  3744 3474.50508   23  263          - 3452.26727      -   207  151s
  5219  3761 3514.28410   31  235          - 3452.26727      -   209  157s
  5254  3780 3503.45758   32  239          - 3452.26727      -   210  160s
  5337  3843 3587.68483   31  248          - 3452.26727      -   212  167s
  5398  3884 3525.12980   34  231          - 3452.85357      -   214  170s
  5565  3987 3648.16038   37  192          - 3452.85357      -   218  176s
  5690  4021 3659.41914   40  190          - 3452.85357      -   220  180s
  5943  4149 3678.33496   57  168          - 3454.15416      -   222  187s
  6086  4224 3738.94225   62  163          - 3454.15416      -   222  191s
  6250  4307 infeasible   74               - 3454.15416      -   223  195s
  6551  4443 3499.99785   24  283          - 3455.49972      -   223  203s
  6766  4510 3575.13247   27  248          - 3455.49972      -   223  207s
  6962  4586 3577.33382   28  237          - 3455.49972      -   223  212s
  7115  4785 3614.81828   29  210          - 3455.49972      -   224  216s
  7395  4718 3641.83142   38  201          - 3455.49972      -   223  221s
  7444  4743 3642.07852   39  213          - 3456.43341      -   224  225s
  7507  4767 3755.31686   40  201          - 3456.43341      -   224  230s
  7674  4879 3661.02011   39  188          - 3456.43341      -   225  239s
  7794  4940 3685.28025   41  204          - 3456.43341      -   225  246s
  7963  5045 3728.73038   41  227          - 3456.43341      -   226  252s
  8138  5191 3661.53637   40  183          - 3456.43341      -   227  257s
  8451  5233 3685.30575   41  172          - 3456.43341      -   226  263s
  8705  5414 3827.51669   41  171          - 3458.25381      -   228  270s
  9020  5619 3686.15936   42  181          - 3458.25381      -   229  275s
  9437  5796 3718.00715   42  206          - 3458.25381      -   229  283s
  9884  5975 3689.98961   44  194          - 3458.25381      -   229  290s
 10325  6235 3800.59875   61  117          - 3458.25381      -   231  299s
 10885  6463 3614.96937   30  158          - 3459.02133      -   231  309s
 11426  6695 3755.07610   43  141          - 3459.02133      -   231  316s
 12007  7002 3846.16725   47  134          - 3459.39921      -   232  323s
 12713  7182 3512.72203   31  201          - 3464.09638      -   232  330s
 13286  7635 3628.91242   36  197          - 3464.09638      -   232  337s
 13995  8125 3967.92610   51  196          - 3464.09638      -   233  345s
 14711  8667 3678.67174   28  188          - 3464.09638      -   234  353s
 15441  9192 3638.45841   29  235          - 3464.09638      -   234  361s
 16166  9891 infeasible   45               - 3465.45453      -   235  370s
 17136 10445 3616.94377   61  123          - 3465.45453      -   234  378s
 17858 11213 3812.85711  102   59          - 3465.45453      -   234  387s
 18947 11840 3529.85943   31  191          - 3470.42204      -   233  396s
 19776 12683 3658.08391   66   85          - 3471.53776      -   232  405s
 20861 13498 3611.30731   27  226          - 3471.97131      -   232  414s
 22047 14349 3601.44391   25  274          - 3471.97131      -   231  423s
 23224 14737 3813.89523   37  165          - 3471.97131      -   230  433s
 24041 15747 3680.53457   24  208          - 3473.99595      -   229  447s
 25400 16356 3893.01365   32  186          - 3473.99595      -   229  455s
 26384 17031 3664.88814   25  205          - 3473.99595      -   229  464s
 27312 17437 3522.65101   29  215          - 3473.99595      -   230  472s
 27935 18019 3556.07167   42  173          - 3473.99595      -   229  482s
H28580 14384                    3763.0000000 3473.99595  7.68%   229  482s
 28693 14860 3561.84013   29  259 3763.00000 3476.91830  7.60%   229  493s
 29861 15137 3601.32344   38  229 3763.00000 3480.44629  7.51%   228  504s
 30442 15539 3575.16327   26  249 3763.00000 3480.44629  7.51%   231  514s
 31231 15951 3547.16348   25  296 3763.00000 3483.79543  7.42%   233  526s
 32036 16373 3739.49374   29  255 3763.00000 3484.23599  7.41%   235  539s
 32945 16834 3674.08503   31  250 3763.00000 3486.38757  7.35%   237  553s
 33924 17318 3590.51359   25  267 3763.00000 3489.45942  7.27%   240  567s
 34846 17810 3652.42286   37  194 3763.00000 3491.01784  7.23%   241  581s
 35985 18407 3585.49951   30  216 3763.00000 3494.48564  7.14%   244  597s
 37233 18789 3630.01402   32  207 3763.00000 3496.13431  7.09%   246  614s
 38483 19341 3584.60891   25  229 3763.00000 3499.65895  7.00%   249  631s
 39888 19918     cutoff   29      3763.00000 3501.62754  6.95%   250  648s
 41240 20366     cutoff   41      3763.00000 3504.17227  6.88%   253  667s
 42357 20498 3642.34586   38  218 3763.00000 3505.42615  6.84%   256  687s
H42456 20275                    3757.0000000 3506.67384  6.66%   256  687s
 42680 21035 3677.42375   31  318 3757.00000 3506.67384  6.66%   256  708s
 44315 21627 3710.91514   48  189 3757.00000 3509.25678  6.59%   259  728s
 45915 22524 3644.24634   35  275 3757.00000 3511.56051  6.53%   262  750s
 47818 23321 3554.58945   28  342 3757.00000 3515.56412  6.43%   263  773s
 49648 23322 3564.35184   43 6204 3757.00000 3517.36068  6.38%   265  838s
 49652 23325 3693.39443   44  254 3757.00000 3517.36068  6.38%   265  840s
 49671 23337 3651.12566   54  510 3757.00000 3517.36068  6.38%   265  845s
 49687 23348 3585.59798   44  476 3757.00000 3517.36068  6.38%   264  851s
 49697 23355 3625.63712   33  494 3757.00000 3517.36068  6.38%   264  855s
H49706 22192                    3739.0000000 3517.36068  5.93%   264  858s
 49718 22200 3649.99470   52  474 3739.00000 3517.36068  5.93%   264  861s
H49724 21092                    3723.0000000 3517.36068  5.52%   264  863s
 49732 21097 3618.09027   32  463 3723.00000 3517.36068  5.52%   264  865s
 49747 21107 3576.95195   32  482 3723.00000 3517.36068  5.52%   264  870s
 49758 21114 3648.56249   39  508 3723.00000 3517.36068  5.52%   264  876s
 49768 21121 3621.61869   29  467 3723.00000 3517.36068  5.52%   264  880s
 49782 21130 3576.57145   36  511 3723.00000 3517.36068  5.52%   264  885s
 49795 21139 3545.29544   26  466 3723.00000 3517.36068  5.52%   264  891s
 49804 21145 3649.55243   36  481 3723.00000 3517.36068  5.52%   264  895s

Cutting planes:
  Gomory: 8
  Lift-and-project: 3
  Cover: 92
  Clique: 8
  MIR: 124
  Knapsack: 6
  StrongCG: 69
  Flow cover: 396
  GUB cover: 10
  Inf proof: 1
  Zero half: 43
  Mod-K: 1
  RLT: 61
  Relax-and-lift: 27
  BQP: 9

Explored 49821 nodes (13179804 simplex iterations) in 900.03 seconds (743.19 work units)
Thread count was 22 (of 22 available processors)

Solution count 4: 3723 3739 3757 3763 

Time limit reached
Best objective 3.723000000000e+03, best bound 3.518000000000e+03, gap 5.5063%

User-callback calls 238576, time in user-callback 0.97 sec
