
Gurobi 13.0.0 (linux64) logging started Thu Jan 15 00:19:31 2026

Set parameter LogFile to value "../experiments/network-n_30_s_1_rp_0-app_set-id_30_15_apps/submip_30_epr1_model_gurobi.log"
Set parameter TimeLimit to value 8.9096933925499616e+02
Gurobi Optimizer version 13.0.0 build v13.0.0rc1 (linux64 - "Ubuntu 24.04.3 LTS")

CPU model: Intel(R) Core(TM) Ultra 7 165H, instruction set [SSE2|AVX|AVX2]
Thread count: 22 physical cores, 22 logical processors, using up to 22 threads

Non-default parameters:
TimeLimit  8.9096933925499616e+02
LogToConsole  0

Academic license 2539022 - for non-commercial use only - registered to al___@studenti.unimi.it
Optimize a model with 8443 rows, 2940 columns and 20985 nonzeros (Min)
Model fingerprint: 0x238d587e
Model has 2940 linear objective coefficients
Model has 100 quadratic constraints
Variable types: 0 continuous, 2940 integer (2940 binary)
Coefficient statistics:
  Matrix range     [1e+00, 9e+02]
  QMatrix range    [5e+01, 2e+02]
  Objective range  [1e+01, 2e+02]
  Bounds range     [1e+00, 1e+00]
  RHS range        [1e+00, 1e+09]
  QRHS range       [1e+02, 6e+02]
Presolve removed 8170 rows and 2191 columns
Presolve time: 0.03s
Presolved: 4626 rows, 4998 columns, 26193 nonzeros
Variable types: 0 continuous, 4998 integer (4998 binary)

Root relaxation: objective 3.357719e+03, 546 iterations, 0.02 seconds (0.03 work units)

    Nodes    |    Current Node    |     Objective Bounds      |     Work
 Expl Unexpl |  Obj  Depth IntInf | Incumbent    BestBd   Gap | It/Node Time

     0     0 3357.71867    0   86          - 3357.71867      -     -    0s
     0     0 3493.85186    0  148          - 3493.85186      -     -    0s
     0     0 3597.10480    0  165          - 3597.10480      -     -    0s
     0     0 3617.88344    0  164          - 3617.88344      -     -    0s
     0     0 3621.22120    0  162          - 3621.22120      -     -    0s
     0     0 3621.72531    0  163          - 3621.72531      -     -    0s
     0     0 infeasible    0               - infeasible      -     -    0s

Cutting planes:
  Gomory: 6
  Lift-and-project: 16
  Cover: 43
  Clique: 12
  MIR: 35
  Knapsack: 6
  StrongCG: 25
  GUB cover: 14
  Zero half: 14
  RLT: 56
  Relax-and-lift: 41
  BQP: 45

Explored 1 nodes (1524 simplex iterations) in 0.60 seconds (0.52 work units)
Thread count was 22 (of 22 available processors)

Solution count 0

Model is infeasible
Best objective -, best bound -, gap -

User-callback calls 758, time in user-callback 0.00 sec
Set parameter LogToConsole to value 0
