FIXINGS_START
(0, 0, 0)
(0, 9, 0)
(1, 0, 0)
(2, 0, 0)
(2, 6, 0)
(3, 0, 0)
(4, 9, 0)
(5, 0, 0)
(6, 0, 0)
(6, 4, 0)
(8, 0, 0)
(8, 4, 0)
(9, 0, 0)
(9, 7, 0)
(10, 0, 0)
(11, 0, 0)
(12, 0, 0)
(13, 0, 0)
(14, 8, 0)
(10, 2, 16)
(5, 2, 0)
(13, 1, 0)
(14, 0, 0)
(9, 1, 13)
(3, 1, 0)
(9, 2, 15)
(4, 0, 0)
(11, 2, 0)
(1, 1, 0)
(11, 3, 0)
(6, 1, 9)
(3, 2, 0)
(4, 1, 0)
(14, 1, 0)
(3, 3, 0)
(4, 2, 16)
(11, 4, 0)
(4, 3, 0)
(2, 1, 12)
(6, 5, 0)
(13, 2, 0)
(8, 2, 4)
(6, 6, 0)
FIXINGS_END
time 0.939
GUROBI
Status INFEASIBLE
Runtime 0.9384720325469971
NodeCount 1.0
IterCount 1954.0
NumVars 2940
NumConstrs 8443
ObjBound inf
ObjBoundC inf
ObjVal None
MIPGap inf
