
Gurobi 13.0.0 (linux64) logging started Sun Jan  4 01:35:08 2026

Set parameter LogFile to value "../experiments/network-n_60_s_2_rp_0-app_set-id_34_16_apps/compact_model_gurobi.log"
Set parameter TimeLimit to value 900
Gurobi Optimizer version 13.0.0 build v13.0.0rc1 (linux64 - "Ubuntu 24.04.3 LTS")

CPU model: Intel(R) Core(TM) Ultra 7 165H, instruction set [SSE2|AVX|AVX2]
Thread count: 22 physical cores, 22 logical processors, using up to 22 threads

Non-default parameters:
TimeLimit  900
LogToConsole  0

Academic license 2539022 - for non-commercial use only - registered to al___@studenti.unimi.it
Optimize a model with 36872 rows, 6240 columns and 82672 nonzeros (Min)
Model fingerprint: 0x0b1e13a3
Model has 6240 linear objective coefficients
Model has 190 quadratic constraints
Variable types: 0 continuous, 6240 integer (6240 binary)
Coefficient statistics:
  Matrix range     [1e+00, 9e+02]
  QMatrix range    [5e+01, 2e+02]
  Objective range  [1e+01, 2e+02]
  Bounds range     [1e+00, 1e+00]
  RHS range        [1e+00, 1e+09]
  QRHS range       [1e+02, 6e+02]
Presolve removed 35390 rows and 3382 columns
Presolve time: 0.51s
Presolved: 46568 rows, 47756 columns, 292934 nonzeros
Variable types: 0 continuous, 47756 integer (47756 binary)
Deterministic concurrent LP optimizer: primal and dual simplex
Showing primal log only...

Concurrent spin time: 0.03s

Solved with dual simplex

Root relaxation: objective 3.315541e+03, 1703 iterations, 0.37 seconds (0.51 work units)

    Nodes    |    Current Node    |     Objective Bounds      |     Work
 Expl Unexpl |  Obj  Depth IntInf | Incumbent    BestBd   Gap | It/Node Time

     0     0 3315.54102    0  193          - 3315.54102      -     -    2s
     0     0 3315.58004    0  185          - 3315.58004      -     -    2s
H    0     0                    5375.0000000 3315.58004  38.3%     -    2s
H    0     0                    4976.0000000 3315.58004  33.4%     -    2s
H    0     0                    4890.0000000 3315.58004  32.2%     -    2s
H    0     0                    4786.0000000 3315.58004  30.7%     -    2s
H    0     0                    4781.0000000 3315.58004  30.7%     -    2s
H    0     0                    4528.0000000 3316.10223  26.8%     -    3s
H    0     0                    4427.0000000 3316.10223  25.1%     -    3s
H    0     0                    4259.0000000 3316.10223  22.1%     -    3s
H    0     0                    4252.0000000 3316.10223  22.0%     -    3s
     0     0 3359.55909    0  238 4252.00000 3359.55909  21.0%     -    4s
H    0     0                    3910.0000000 3359.55909  14.1%     -    4s
     0     0 3368.76698    0  206 3910.00000 3368.76698  13.8%     -    4s
     0     0 3368.82171    0  203 3910.00000 3368.82171  13.8%     -    4s
     0     0 3377.50989    0  215 3910.00000 3377.50989  13.6%     -    6s
     0     0 3380.44090    0  230 3910.00000 3380.44090  13.5%     -    6s
     0     0 3380.82519    0  240 3910.00000 3380.82519  13.5%     -    6s
     0     0 3385.87414    0  276 3910.00000 3385.87414  13.4%     -    7s
H    0     0                    3887.0000000 3385.87414  12.9%     -    7s
H    0     0                    3886.0000000 3385.87414  12.9%     -    7s
H    0     0                    3848.0000000 3385.87414  12.0%     -    7s
H    0     0                    3843.0000000 3385.87414  11.9%     -    7s
H    0     0                    3826.0000000 3385.87414  11.5%     -    7s
H    0     0                    3797.0000000 3385.87414  10.8%     -    7s
H    0     0                    3788.0000000 3385.87414  10.6%     -    7s
H    0     0                    3737.0000000 3385.87414  9.40%     -    7s
H    0     0                    3728.0000000 3385.87414  9.18%     -    7s
H    0     0                    3723.0000000 3385.87414  9.06%     -    7s
H    0     0                    3722.0000000 3385.87414  9.03%     -    7s
H    0     0                    3704.0000000 3385.87414  8.59%     -    7s
     0     0 3391.08781    0  264 3704.00000 3391.08781  8.45%     -    7s
     0     0 3391.34201    0  278 3704.00000 3391.34201  8.44%     -    7s
     0     0 3393.52728    0  256 3704.00000 3393.52728  8.38%     -    8s
     0     0 3393.55944    0  255 3704.00000 3393.55944  8.38%     -    8s
     0     0 3393.55944    0  245 3704.00000 3393.55944  8.38%     -    9s
H    0     0                    3654.0000000 3393.87835  7.12%     -    9s
H    0     2                    3598.0000000 3393.87835  5.67%     -   10s
     0     2 3393.87835    0  243 3598.00000 3393.87835  5.67%     -   10s
H   53    93                    3484.0000000 3396.33935  2.52%   233   14s
H   58    93                    3465.0000000 3397.51739  1.95%   232   14s
H   80    93                    3453.0000000 3397.51739  1.61%   204   14s
    92   131 3409.86485    8  288 3453.00000 3397.51739  1.61%   205   15s
   333   377 3401.00417   12  246 3453.00000 3397.51739  1.61%   167   20s
H  553   587                    3450.0000000 3397.51739  1.52%   152   24s
   590   624 3403.43397   17  241 3450.00000 3397.51739  1.52%   149   25s
H  674   694                    3444.0000000 3397.51739  1.35%   144   27s
H  762   789                    3442.0000000 3397.51739  1.29%   139   28s
   868   889 3405.96040   24  221 3442.00000 3397.71870  1.29%   136   30s
H  869   889                    3439.0000000 3397.71870  1.20%   136   30s
H  890   889                    3438.0000000 3397.71870  1.17%   136   30s
H  901   889                    3434.0000000 3397.71870  1.06%   136   30s
  1113  1096 3408.55030   27  212 3434.00000 3397.71870  1.06%   130   35s
H 1171  1129                    3433.0000000 3397.71870  1.03%   128   36s
H 1280  1305                    3430.0000000 3397.71870  0.94%   125   38s
  1470  1414 3411.51848   40  218 3430.00000 3397.91495  0.94%   121   41s
  1931  1746 3426.15864   48  179 3430.00000 3397.91495  0.94%   115   45s
  2391  2066 3418.71850   59  203 3430.00000 3398.71818  0.91%   112   50s
  2908  2373 3409.91641   12 5631 3430.00000 3398.84508  0.91%   112   65s
  2938  2393 3422.18116   22  242 3430.00000 3399.14238  0.90%   111   70s
  2979  2420 3403.93831   13  227 3430.00000 3402.19379  0.81%   109   75s
  3013  2443 3403.25386    9  257 3430.00000 3403.25386  0.78%   108   80s
  3045  2487 3406.98808   15  205 3430.00000 3404.66140  0.74%   114   85s
  3250  2616 3412.57230   20  178 3430.00000 3405.38889  0.72%   120   90s
  3507  2742 3417.03011   25  142 3430.00000 3405.89866  0.70%   123   95s
  4099  2874 infeasible   38      3430.00000 3406.51178  0.68%   120  100s
  4893  3069 3427.79346   35   96 3430.00000 3407.17737  0.67%   118  105s
H 5729  2952                    3427.0000000 3408.56060  0.54%   116  109s
  5737  3017 3415.95292   26  107 3427.00000 3408.56060  0.54%   116  110s
  6616  3202 3416.76046   20  204 3427.00000 3409.60401  0.51%   115  115s
  7333  3288     cutoff   25      3427.00000 3409.96880  0.50%   114  120s
  7957  3502 3424.51623   37  151 3427.00000 3410.52135  0.48%   113  125s
  8838  3667 3415.06889   24  208 3427.00000 3410.99650  0.47%   112  130s
  9828  3805 3418.71063   30   96 3427.00000 3411.08645  0.46%   112  135s
 10383  4046 3421.06994   33  168 3427.00000 3411.74375  0.45%   112  141s
 10926  4439 3417.51784   23  145 3427.00000 3411.92238  0.44%   112  147s
 11445  4703     cutoff   21      3427.00000 3412.02926  0.44%   111  150s
 12643  5082     cutoff   25      3427.00000 3412.57892  0.42%   111  155s
 13602  5679 3424.04473   42   79 3427.00000 3412.86510  0.41%   110  162s
 15059  6154 3421.85392   31  105 3427.00000 3413.15069  0.40%   108  167s
 16160  6872 3417.46645   29  167 3427.00000 3413.49116  0.39%   108  172s
 17007  7091 3425.56553   43   98 3427.00000 3413.79004  0.39%   108  175s
 18544  7776 3416.84996   27  192 3427.00000 3414.21432  0.37%   107  181s
 19479  7810 3425.03963   39  104 3427.00000 3414.35528  0.37%   107  185s
 20437  8543 3422.60897   31  150 3427.00000 3414.52071  0.36%   107  192s
 21546  8897 3418.96740   29  109 3427.00000 3414.72821  0.36%   106  195s
 23072  9441 3425.00185   18  178 3427.00000 3415.15751  0.35%   106  203s
 24179  9442 3424.66992   34 2522 3427.00000 3415.29218  0.34%   105  209s
 24182  9444 3422.69787   51  175 3427.00000 3415.29218  0.34%   105  210s
 24231  9477 3423.73077   31  206 3427.00000 3415.29218  0.34%   105  215s
 24388  9599 3419.99955   30  165 3427.00000 3415.29218  0.34%   106  220s
 25089  9832 3419.35695   40  159 3427.00000 3415.29218  0.34%   105  225s
 25905 10011 3416.72709   32  105 3427.00000 3415.29218  0.34%   105  230s
 28101 10419 3416.76396   41  131 3427.00000 3415.29218  0.34%   103  235s
 30805 10739 3423.26262   36  132 3427.00000 3415.29218  0.34%   101  240s
 33181 10746 3422.40888   35  117 3427.00000 3415.29218  0.34%  98.9  245s
 35721 10779 3418.91987   35  121 3427.00000 3415.29218  0.34%  97.3  251s
 38464 10775 3423.20309   35  131 3427.00000 3415.70546  0.33%  96.1  256s
H40595  6963                    3422.0000000 3416.05830  0.17%  95.1  259s
 40838  6552 3418.39715   43   96 3422.00000 3416.23586  0.17%  95.0  260s
 43378  4798     cutoff   45      3422.00000 3417.59832  0.13%  94.0  266s

Cutting planes:
  Gomory: 1
  Cover: 148
  Clique: 21
  MIR: 206
  Knapsack: 5
  StrongCG: 119
  Flow cover: 186
  GUB cover: 13
  Inf proof: 2
  Zero half: 27
  RLT: 69
  Relax-and-lift: 9
  BQP: 30

Explored 47082 nodes (4286522 simplex iterations) in 268.50 seconds (235.46 work units)
Thread count was 22 (of 22 available processors)

Solution count 10: 3422 3427 3430 ... 3450

Optimal solution found (tolerance 1.00e-04)
Best objective 3.422000000000e+03, best bound 3.422000000000e+03, gap 0.0000%

User-callback calls 122172, time in user-callback 0.24 sec
