
Gurobi 13.0.0 (linux64) logging started Fri Jan  2 18:45:52 2026

Set parameter LogFile to value "../experiments/network-n_50_s_1_rp_0-app_set-id_21_12_apps/compact_model_gurobi.log"
Set parameter TimeLimit to value 900
Gurobi Optimizer version 13.0.0 build v13.0.0rc1 (linux64 - "Ubuntu 24.04.3 LTS")

CPU model: Intel(R) Core(TM) Ultra 7 165H, instruction set [SSE2|AVX|AVX2]
Thread count: 22 physical cores, 22 logical processors, using up to 22 threads

Non-default parameters:
TimeLimit  900
LogToConsole  0

Academic license 2539022 - for non-commercial use only - registered to al___@studenti.unimi.it
Optimize a model with 22523 rows, 3900 columns and 50675 nonzeros (Min)
Model fingerprint: 0x9aea85ae
Model has 3900 linear objective coefficients
Model has 164 quadratic constraints
Variable types: 0 continuous, 3900 integer (3900 binary)
Coefficient statistics:
  Matrix range     [1e+00, 9e+02]
  QMatrix range    [5e+01, 2e+02]
  Objective range  [1e+01, 2e+02]
  Bounds range     [1e+00, 1e+00]
  RHS range        [1e+00, 1e+09]
  QRHS range       [1e+02, 6e+02]
Presolve removed 21572 rows and 2115 columns
Presolve time: 0.25s
Presolved: 22733 rows, 23406 columns, 139697 nonzeros
Variable types: 0 continuous, 23406 integer (23406 binary)
Deterministic concurrent LP optimizer: primal and dual simplex
Showing primal log only...

Concurrent spin time: 0.00s

Solved with dual simplex

Root relaxation: objective 2.411980e+03, 974 iterations, 0.20 seconds (0.21 work units)

    Nodes    |    Current Node    |     Objective Bounds      |     Work
 Expl Unexpl |  Obj  Depth IntInf | Incumbent    BestBd   Gap | It/Node Time

     0     0 2411.98002    0  133          - 2411.98002      -     -    1s
     0     0 2429.57696    0  121          - 2429.57696      -     -    2s
     0     0 2437.42883    0  125          - 2437.42883      -     -    2s
     0     0 2437.88169    0  135          - 2437.88169      -     -    2s
     0     0 2437.94886    0  138          - 2437.94886      -     -    2s
H    0     0                    3834.0000000 2437.94886  36.4%     -    2s
H    0     0                    2913.0000000 2439.16735  16.3%     -    2s
     0     0 2439.16735    0  140 2913.00000 2439.16735  16.3%     -    2s
H    0     0                    2905.0000000 2439.16735  16.0%     -    2s
     0     0 2443.29321    0  170 2905.00000 2443.29321  15.9%     -    3s
     0     0 2446.59905    0  162 2905.00000 2446.59905  15.8%     -    3s
     0     0 2447.14992    0  166 2905.00000 2447.14992  15.8%     -    3s
     0     0 2447.17346    0  166 2905.00000 2447.17346  15.8%     -    3s
     0     0 2449.30934    0  158 2905.00000 2449.30934  15.7%     -    3s
H    0     0                    2557.0000000 2449.30934  4.21%     -    3s
H    0     0                    2531.0000000 2449.30934  3.23%     -    3s
     0     0 2451.41364    0  173 2531.00000 2451.41364  3.14%     -    3s
     0     0 2452.05287    0  184 2531.00000 2452.05287  3.12%     -    3s
     0     0 2454.86431    0  178 2531.00000 2454.86431  3.01%     -    4s
     0     0 2455.71841    0  167 2531.00000 2455.71841  2.97%     -    4s
     0     0 2456.87786    0  169 2531.00000 2456.87786  2.93%     -    4s
     0     0 2456.88240    0  169 2531.00000 2456.88240  2.93%     -    4s
     0     0 2456.88240    0  169 2531.00000 2456.88240  2.93%     -    4s
     0     0 2456.88240    0  166 2531.00000 2456.88240  2.93%     -    4s
H    0     0                    2523.0000000 2456.90449  2.62%     -    4s
H    0     2                    2501.0000000 2456.90449  1.76%     -    4s
     0     2 2456.90449    0  163 2501.00000 2456.90449  1.76%     -    4s
     1     4 2459.15346    1  155 2501.00000 2456.90449  1.76%   136    5s
H   55    92                    2484.0000000 2461.20545  0.92%   129    6s
H   71    92                    2482.0000000 2461.26989  0.84%   112    6s
H  154   148                    2480.0000000 2461.26989  0.76%  85.4    7s
   488   235 2472.54822   12  134 2480.00000 2464.36749  0.63%  63.7   10s
  1179   277 2475.63233   16   61 2480.00000 2470.00095  0.40%  52.2   15s

Cutting planes:
  Gomory: 2
  Lift-and-project: 4
  Cover: 94
  Implied bound: 6
  Clique: 28
  MIR: 83
  Knapsack: 11
  StrongCG: 56
  GUB cover: 12
  Zero half: 6
  RLT: 101
  Relax-and-lift: 75
  BQP: 36

Explored 1959 nodes (95413 simplex iterations) in 18.89 seconds (9.51 work units)
Thread count was 22 (of 22 available processors)

Solution count 10: 2480 2482 2484 ... 3834

Optimal solution found (tolerance 1.00e-04)
Best objective 2.480000000000e+03, best bound 2.480000000000e+03, gap 0.0000%

User-callback calls 5976, time in user-callback 0.01 sec
