
Gurobi 13.0.0 (linux64) logging started Wed Jan 14 00:08:00 2026

Set parameter LogFile to value "../experiments/network-n_30_s_0_rp_0-app_set-id_101_38_apps/compact_model_gurobi.log"
Set parameter TimeLimit to value 900
Gurobi Optimizer version 13.0.0 build v13.0.0rc1 (linux64 - "Ubuntu 24.04.3 LTS")

CPU model: Intel(R) Core(TM) Ultra 7 165H, instruction set [SSE2|AVX|AVX2]
Thread count: 22 physical cores, 22 logical processors, using up to 22 threads

Non-default parameters:
TimeLimit  900
LogToConsole  0

Academic license 2539022 - for non-commercial use only - registered to al___@studenti.unimi.it
Optimize a model with 18649 rows, 7410 columns and 47282 nonzeros (Min)
Model fingerprint: 0x6aec6ee3
Model has 7410 linear objective coefficients
Model has 98 quadratic constraints
Variable types: 0 continuous, 7410 integer (7410 binary)
Coefficient statistics:
  Matrix range     [1e+00, 9e+02]
  QMatrix range    [5e+01, 2e+02]
  Objective range  [1e+01, 2e+02]
  Bounds range     [1e+00, 1e+00]
  RHS range        [1e+00, 1e+09]
  QRHS range       [1e+02, 6e+02]
Presolve removed 17107 rows and 4607 columns
Presolve time: 0.12s
Presolved: 19868 rows, 21031 columns, 117209 nonzeros
Variable types: 0 continuous, 21031 integer (21031 binary)
Deterministic concurrent LP optimizer: primal and dual simplex
Showing primal log only...

Concurrent spin time: 0.02s

Solved with primal simplex

Root relaxation: infeasible, 3988 iterations, 0.41 seconds (0.46 work units)

    Nodes    |    Current Node    |     Objective Bounds      |     Work
 Expl Unexpl |  Obj  Depth IntInf | Incumbent    BestBd   Gap | It/Node Time

     0     0 infeasible    0               - infeasible      -     -    0s

Explored 1 nodes (3988 simplex iterations) in 0.88 seconds (0.96 work units)
Thread count was 22 (of 22 available processors)

Solution count 0

Model is infeasible
Best objective -, best bound -, gap -

User-callback calls 485, time in user-callback 0.00 sec
