
Gurobi 13.0.0 (linux64) logging started Sun Jan  4 03:59:24 2026

Set parameter LogFile to value "../experiments/network-n_60_s_2_rp_0-app_set-id_45_20_apps/compact_model_gurobi.log"
Set parameter TimeLimit to value 900
Gurobi Optimizer version 13.0.0 build v13.0.0rc1 (linux64 - "Ubuntu 24.04.3 LTS")

CPU model: Intel(R) Core(TM) Ultra 7 165H, instruction set [SSE2|AVX|AVX2]
Thread count: 22 physical cores, 22 logical processors, using up to 22 threads

Non-default parameters:
TimeLimit  900
LogToConsole  0

Academic license 2539022 - for non-commercial use only - registered to al___@studenti.unimi.it
Optimize a model with 58552 rows, 7800 columns and 128365 nonzeros (Min)
Model fingerprint: 0xa15660e0
Model has 7800 linear objective coefficients
Model has 190 quadratic constraints
Variable types: 0 continuous, 7800 integer (7800 binary)
Coefficient statistics:
  Matrix range     [1e+00, 9e+02]
  QMatrix range    [5e+01, 2e+02]
  Objective range  [1e+01, 2e+02]
  Bounds range     [1e+00, 1e+00]
  RHS range        [1e+00, 1e+09]
  QRHS range       [1e+02, 6e+02]
Presolve removed 56329 rows and 4199 columns
Presolve time: 0.74s
Presolved: 54957 rows, 56148 columns, 355848 nonzeros
Variable types: 0 continuous, 56148 integer (56148 binary)
Deterministic concurrent LP optimizer: primal and dual simplex
Showing primal log only...

Concurrent spin time: 0.00s

Solved with dual simplex

Root relaxation: objective 4.375208e+03, 2664 iterations, 0.72 seconds (0.96 work units)

    Nodes    |    Current Node    |     Objective Bounds      |     Work
 Expl Unexpl |  Obj  Depth IntInf | Incumbent    BestBd   Gap | It/Node Time

     0     0 4375.20767    0  306          - 4375.20767      -     -    2s
     0     0 4375.28842    0  311          - 4375.28842      -     -    2s
     0     0 4438.08519    0  397          - 4438.08519      -     -    5s
     0     0 4450.11192    0  405          - 4450.11192      -     -    6s
     0     0 4450.81399    0  419          - 4450.81399      -     -    7s
     0     0 4450.83560    0  436          - 4450.83560      -     -    7s
     0     0 4470.08299    0  400          - 4470.08299      -     -   10s
     0     0 4483.17986    0  377          - 4483.17986      -     -   11s
     0     0 4484.56208    0  363          - 4484.56208      -     -   11s
     0     0 4485.02316    0  373          - 4485.02316      -     -   11s
     0     0 4497.73674    0  345          - 4497.73674      -     -   13s
     0     0 4500.78524    0  363          - 4500.78524      -     -   14s
     0     0 4501.48536    0  373          - 4501.48536      -     -   14s
     0     0 4505.42203    0  356          - 4505.42203      -     -   16s
     0     0 4507.11218    0  339          - 4507.11218      -     -   17s
     0     0 4508.06791    0  410          - 4508.06791      -     -   17s
     0     0 4508.07681    0  403          - 4508.07681      -     -   18s
     0     0 4508.07681    0  395          - 4508.07681      -     -   18s
     0     2 4508.08747    0  390          - 4508.08747      -     -   22s
    29    50 4509.26259    5  352          - 4508.88935      -   204   25s
   159   196 4527.92306    9  425          - 4509.17819      -   221   30s
   294   324 4530.01622   12  363          - 4509.17819      -   251   36s
   443   472 4531.95967   19  374          - 4509.17819      -   234   40s
   540   560 4532.97876   21  363          - 4509.17819      -   228   45s
   616   628 4534.21309   25  404          - 4509.17819      -   229   51s
   686   701 4536.19532   27  366          - 4509.17819      -   224   57s
   738   755 4535.42869   29  363          - 4509.17819      -   221   62s
H  770   786                    4778.0000000 4509.17819  5.63%   217   64s
   802   832 4538.91703   30  368 4778.00000 4509.17819  5.63%   216   66s
H  842   832                    4770.0000000 4509.17819  5.47%   217   66s
   899   950 4539.72241   34  348 4770.00000 4509.17819  5.47%   215   70s
H  919   950                    4761.0000000 4509.17819  5.29%   214   70s
H  966  1026                    4750.0000000 4509.17819  5.07%   212   73s
  1137  1164 4545.23773   43  325 4750.00000 4509.26862  5.07%   204   77s
H 1161  1164                    4744.0000000 4509.26862  4.95%   206   77s
  1260  1316 4544.61918   47  304 4744.00000 4509.26862  4.95%   209   81s
H 1423  1392                    4720.0000000 4509.26862  4.46%   205   83s
  1424  1490 4549.91357   55  270 4720.00000 4509.26862  4.46%   205   86s
  1641  1725 4553.50645   64  277 4720.00000 4509.26862  4.46%   196   91s
  1894  1917 4558.35434   69  265 4720.00000 4509.26862  4.46%   187   97s
H 1921  1917                    4717.0000000 4509.26862  4.40%   188   97s
  1993  1956 4564.22838   73  265 4717.00000 4509.44320  4.40%   188  100s
  2073  2003 4567.73577   77  260 4717.00000 4509.44320  4.40%   198  107s
H 2074  2003                    4714.0000000 4509.44320  4.34%   198  107s
  2098  2115 4569.33188   78  257 4714.00000 4509.44320  4.34%   201  110s
H 2266  2218                    4709.0000000 4509.44320  4.24%   197  113s
  2328  2357 4573.36604   88  241 4709.00000 4509.44320  4.24%   197  116s
  2617  2524 4577.80143  107  222 4709.00000 4509.44320  4.24%   191  123s
  2639  2567 4583.11457  108  216 4709.00000 4509.44320  4.24%   190  127s
  2682  2661 4584.40369  109  211 4709.00000 4509.44320  4.24%   191  131s
  2778  2742 4598.59147  118  230 4709.00000 4509.44320  4.24%   191  136s
  2885  2870 4593.48614  120  229 4709.00000 4509.44320  4.24%   192  141s
  3033  2940 infeasible  125      4709.00000 4509.44320  4.24%   191  145s
  3298  3102 4515.94704    7  388 4709.00000 4509.44320  4.24%   196  154s
  3414  3168 4519.49498   11  385 4709.00000 4509.44320  4.24%   197  159s
  3533  3269 4520.30845   14  296 4709.00000 4509.44320  4.24%   199  164s
  3656  3393 4523.41957   20  404 4709.00000 4509.44320  4.24%   200  169s
  3790  3595 4527.95943   25  336 4709.00000 4509.90185  4.23%   201  174s
  3999  3679 4615.33431   31  438 4709.00000 4509.90185  4.23%   200  179s
  4113  3734 4618.43496   34  337 4709.00000 4510.02154  4.23%   200  185s
  4176  3828 4618.65697   35  335 4709.00000 4510.19083  4.22%   201  191s
  4279  3829 4543.88753   69 26144 4709.00000 4510.19083  4.22%   200  217s
  4281  3830 4516.70802   16  387 4709.00000 4510.19083  4.22%   200  225s
  4284  3832 4577.39367   81  443 4709.00000 4510.19083  4.22%   200  230s
  4287  3834 4550.53980   63  336 4709.00000 4510.19083  4.22%   200  236s
  4293  3838 4664.78269   23  365 4709.00000 4512.59682  4.17%   200  240s
  4300  3843 4618.16147   78  377 4709.00000 4516.19014  4.09%   199  245s
  4309  3849 4545.45052   61  401 4709.00000 4518.40923  4.05%   199  250s
  4315  3853 4676.60538   24  433 4709.00000 4519.68068  4.02%   199  255s
  4325  3860 4521.54031   23  471 4709.00000 4520.49924  4.00%   198  260s
  4332  3864 4520.69262    9  461 4709.00000 4520.69262  4.00%   198  265s
  4343  3872 4659.49282   48  464 4709.00000 4521.19601  3.99%   197  270s
  4351  3877 4561.33060   82  455 4709.00000 4521.23075  3.99%   197  275s
  4357  3881 4547.79331   78  459 4709.00000 4521.34672  3.98%   197  280s
  4369  3889 4620.40623   89  484 4709.00000 4521.58066  3.98%   196  285s
  4378  3895 4533.97914   35  397 4709.00000 4524.71837  3.91%   196  291s
  4386  3900 4618.10773   88  451 4709.00000 4526.67377  3.87%   195  296s
  4394  3906 4571.67161   86  458 4709.00000 4528.56318  3.83%   195  301s
  4403  3912 4532.62544   20  487 4709.00000 4531.83039  3.76%   195  306s
  4414  3919 4537.02103   18  451 4709.00000 4533.80007  3.72%   194  311s
  4421  3924 4542.06739   47  463 4709.00000 4535.62305  3.68%   194  315s
  4430  3930 4536.76132   14  439 4709.00000 4536.76132  3.66%   193  320s
  4440  3936 4538.77277   35  510 4709.00000 4538.77277  3.61%   193  325s
  4444  3939 4650.03566  121  510 4709.00000 4539.09695  3.61%   193  330s
  4455  3946 4705.24616  137  546 4709.00000 4539.22533  3.61%   192  335s
  4462  3951 4568.67952   93  539 4709.00000 4539.24261  3.60%   192  340s
  4470  3956 4539.29087   28  551 4709.00000 4539.29087  3.60%   192  346s
  4476  3960 4539.38583   43  511 4709.00000 4539.38583  3.60%   192  350s
  4481  3964 4539.56108   16  484 4709.00000 4539.56108  3.60%   191  355s
  4491  3970 4672.38700  131  516 4709.00000 4539.65883  3.60%   191  361s
  4495  3973 4641.93053   84  519 4709.00000 4539.65883  3.60%   191  367s
H 4495  3770                    4707.0000000 4539.65883  3.56%   191  370s
  4501  3775 4561.88270   72 25495 4707.00000 4539.65883  3.56%   201  389s
  4503  3776 4539.65883   20  385 4707.00000 4539.65883  3.56%   201  398s
  4505  3778 4539.65883   23  363 4707.00000 4539.65883  3.56%   201  402s
  4507  3779 4590.48427   85  381 4707.00000 4539.65883  3.56%   201  406s
  4509  3780 4545.45052   61  447 4707.00000 4540.19910  3.54%   201  412s
  4510  3781 4540.65573   16  367 4707.00000 4540.19910  3.54%   201  415s
  4514  3784 4540.19910   18  458 4707.00000 4540.19910  3.54%   200  420s
  4522  3789 4540.19910   42  503 4707.00000 4540.19910  3.54%   200  425s
  4535  3798 4601.15291   39  494 4707.00000 4540.19910  3.54%   200  430s
  4542  3802 4641.49252  113  486 4707.00000 4540.62414  3.53%   199  436s
  4546  3805 4704.58595  136  462 4707.00000 4540.83221  3.53%   199  440s
  4552  3809 4542.01115   50  448 4707.00000 4542.01115  3.51%   199  445s
  4560  3814 4546.66123   16  472 4707.00000 4542.45847  3.50%   198  450s
  4567  3819 4614.07618   11  476 4707.00000 4542.88955  3.49%   198  455s
  4576  3825 4542.95848   43  504 4707.00000 4542.95848  3.49%   198  460s
  4582  3829 4543.03194   48  501 4707.00000 4543.03194  3.48%   198  466s
  4585  3831 4676.32456   67  480 4707.00000 4543.31502  3.48%   197  470s
  4593  3836 4664.78269   23  497 4707.00000 4543.84961  3.47%   197  475s
  4602  3842 4612.32655   92  480 4707.00000 4543.98769  3.46%   197  480s
  4613  3850 4544.08627   30  480 4707.00000 4544.08627  3.46%   196  486s
  4621  3855 4544.11916   47  486 4707.00000 4544.11916  3.46%   196  491s
  4625  3858 4544.15046   23  471 4707.00000 4544.15046  3.46%   196  495s
  4629  3860 4687.45436   19  486 4707.00000 4544.15430  3.46%   196  501s
  4632  3862 4544.16547    9  467 4707.00000 4544.16547  3.46%   195  506s
  4639  3867 4676.00468   24  490 4707.00000 4544.19329  3.46%   195  510s
  4646  3872 4704.58595  136  497 4707.00000 4544.20723  3.46%   195  516s
  4649  3874 4644.88057   86  487 4707.00000 4544.27569  3.46%   195  520s
  4651  3875 4561.33060   82  481 4707.00000 4544.27976  3.46%   195  528s
  4652  3879 4544.27976   23  471 4707.00000 4544.27976  3.46%   203  532s
  4654  3882 4544.40697   24  460 4707.00000 4544.27976  3.46%   204  536s
  4658  3887 4544.75841   25  463 4707.00000 4544.75841  3.45%   204  541s
  4666  3898 4545.56702   26  463 4707.00000 4544.76039  3.45%   205  548s
  4680  3915 4545.83640   27  472 4707.00000 4545.68150  3.43%   208  559s
  4702  3967 4545.91240   28  472 4707.00000 4545.84181  3.42%   214  572s
  4761  3991 4546.91257   30  447 4707.00000 4545.84181  3.42%   219  580s
  4805  4014 4547.58439   31  451 4707.00000 4545.84181  3.42%   222  588s
  4842  4043 4549.58870   32  458 4707.00000 4545.84181  3.42%   225  598s
  4884  4070 4553.23709   32  366 4707.00000 4545.84181  3.42%   228  607s
  4925  4089 4549.63638   33  432 4707.00000 4545.84181  3.42%   232  616s
  4957  4115 4549.98805   34  427 4707.00000 4545.84181  3.42%   234  624s
  4995  4140 4550.89762   35  439 4707.00000 4545.84181  3.42%   238  634s
  5037  4159 4566.10202   35  502 4707.00000 4545.84181  3.42%   242  642s
  5073  4186 4551.07257   36  485 4707.00000 4547.58763  3.39%   245  650s
  5115  4210 4557.87870   36  528 4707.00000 4547.58763  3.39%   247  659s
  5160  4239 4552.43280   37  430 4707.00000 4547.59708  3.39%   249  666s
  5204  4268 4601.78539   37  454 4707.00000 4547.59708  3.39%   254  686s
  5247  4303 4554.72516   38  415 4707.00000 4547.59708  3.39%   257  693s
  5297  4339 4586.96679   38  442 4707.00000 4547.59708  3.39%   261  702s
  5349  4367 4554.96364   39  389 4707.00000 4547.59708  3.39%   263  710s
  5396  4402 4555.40690   40  439 4707.00000 4547.59708  3.39%   266  720s
  5450  4418 4556.16220   41  380 4707.00000 4547.59708  3.39%   268  728s
  5484  4451 4562.29824   41  457 4707.00000 4547.59708  3.39%   269  744s
  5535  4494 4557.65889   42  367 4707.00000 4547.59708  3.39%   271  754s
  5597  4534 4558.06947   43  352 4707.00000 4547.59708  3.39%   273  765s
  5659  4571 4558.50444   44  359 4707.00000 4547.59708  3.39%   275  775s
  5720  4614 4559.30512   45  366 4707.00000 4547.59708  3.39%   278  786s
  5789  4623 4559.44784   46  360 4707.00000 4548.09522  3.38%   280  796s
  5823  4662 4568.41744   46  355 4707.00000 4548.09522  3.38%   281  807s
  5876  4723 4559.48196   47  369 4707.00000 4548.09522  3.38%   284  819s
  5956  4759 4560.36619   48  467 4707.00000 4548.09522  3.38%   286  833s
  6030  4813 4561.28705   49  395 4707.00000 4548.09522  3.38%   288  847s
  6117  4862 4561.75110   50  382 4707.00000 4548.09522  3.38%   290  870s
  6210  4924 4562.80568   51  383 4707.00000 4548.09522  3.38%   292  882s
  6320  4990 4618.26140   52  332 4707.00000 4548.09522  3.38%   294  897s
  6468  4969  postponed   56      4707.00000 4549.30973  3.35%   297  900s

Cutting planes:
  Gomory: 9
  Lift-and-project: 2
  Cover: 125
  Clique: 42
  MIR: 195
  Knapsack: 7
  StrongCG: 112
  Flow cover: 792
  GUB cover: 11
  Zero half: 69
  Mod-K: 2
  RLT: 143
  Relax-and-lift: 139
  BQP: 36
  PSD: 1

Explored 6501 nodes (1942739 simplex iterations) in 900.06 seconds (1094.96 work units)
Thread count was 22 (of 22 available processors)

Solution count 10: 4707 4709 4714 ... 4778

Time limit reached
Best objective 4.707000000000e+03, best bound 4.550000000000e+03, gap 3.3355%

User-callback calls 155774, time in user-callback 0.88 sec
