FIXINGS_START
(0, 0, 0)
(1, 0, 0)
(1, 9, 0)
(2, 0, 0)
(3, 6, 0)
(4, 0, 0)
(5, 0, 0)
(6, 0, 0)
(7, 0, 0)
(8, 0, 0)
(9, 0, 0)
(9, 4, 0)
(10, 0, 0)
(10, 4, 0)
(11, 0, 0)
(12, 0, 0)
(12, 9, 0)
(13, 0, 0)
(13, 7, 0)
(14, 0, 0)
(14, 6, 0)
(15, 0, 0)
(15, 1, 0)
(16, 0, 0)
(16, 6, 0)
(17, 0, 0)
(19, 0, 0)
(19, 8, 0)
(19, 3, 0)
(19, 6, 0)
(3, 0, 0)
(9, 1, 0)
(0, 1, 1)
(4, 1, 0)
(7, 1, 0)
(8, 1, 25)
(18, 0, 0)
(9, 5, 0)
(2, 1, 0)
(3, 1, 0)
(6, 1, 0)
(1, 4, 0)
(9, 7, 0)
(8, 2, 0)
(11, 1, 0)
(11, 2, 0)
(4, 3, 25)
(13, 5, 0)
(10, 1, 0)
(2, 2, 0)
(18, 1, 0)
(15, 2, 18)
(1, 5, 0)
(18, 2, 0)
(1, 6, 0)
(11, 5, 0)
(1, 7, 0)
(9, 8, 0)
(15, 4, 0)
FIXINGS_END
found_sol 4785.0 time 21.890
found_sol 4776.0 time 22.592
found_sol 4774.0 time 23.502
found_sol 4706.0 time 23.504
found_sol 4699.0 time 24.957
found_sol 4675.0 time 25.865
found_sol 4664.0 time 28.318
found_sol 4659.0 time 32.544
found_sol 4657.0 time 38.996
found_sol 4649.0 time 39.000
found_sol 4657.0 time 70.039
found_sol 4647.0 time 94.930
found_sol 4645.0 time 160.062
found_sol 4640.0 time 169.638
found_sol 4639.0 time 187.651
found_sol 4636.0 time 753.519
found_sol 4636.0 time 843.632
time 843.644
GUROBI
Status TIME_LIMIT
Runtime 843.6442890167236
NodeCount 49679.0
IterCount 8814937.0
NumVars 7800
NumConstrs 58611
ObjBound 4626.0
ObjBoundC 4625.866860677703
ObjVal 4636.0
MIPGap 0.0021570319240724763
