
Gurobi 13.0.0 (linux64) logging started Sun Jan 18 09:35:45 2026

Set parameter LogFile to value "../experiments/network-n_60_s_2_rp_0-app_set-id_45_20_apps/submip_40_epr0_model_gurobi.log"
Set parameter TimeLimit to value 8.9157454921900353e+02
Gurobi Optimizer version 13.0.0 build v13.0.0rc1 (linux64 - "Ubuntu 24.04.3 LTS")

CPU model: Intel(R) Core(TM) Ultra 7 165H, instruction set [SSE2|AVX|AVX2]
Thread count: 22 physical cores, 22 logical processors, using up to 22 threads

Non-default parameters:
TimeLimit  8.9157454921900353e+02
LogToConsole  0

Academic license 2539022 - for non-commercial use only - registered to al___@studenti.unimi.it
Optimize a model with 58621 rows, 7800 columns and 128434 nonzeros (Min)
Model fingerprint: 0xa78a7198
Model has 7800 linear objective coefficients
Model has 190 quadratic constraints
Variable types: 0 continuous, 7800 integer (7800 binary)
Coefficient statistics:
  Matrix range     [1e+00, 9e+02]
  QMatrix range    [5e+01, 2e+02]
  Objective range  [1e+01, 2e+02]
  Bounds range     [1e+00, 1e+00]
  RHS range        [1e+00, 1e+09]
  QRHS range       [1e+02, 6e+02]

MIP start from previous solve did not produce a new incumbent solution
MIP start from previous solve violates constraint fixed_app_16_microservice_1 by 1.000000000

Presolve removed 57891 rows and 6076 columns
Presolve time: 0.11s
Presolved: 18082 rows, 18892 columns, 115774 nonzeros
Variable types: 0 continuous, 18892 integer (18892 binary)
Performing another presolve...
Presolve removed 2978 rows and 3425 columns
Presolve time: 0.41s

Root relaxation: objective 4.471739e+03, 951 iterations, 0.09 seconds (0.12 work units)

    Nodes    |    Current Node    |     Objective Bounds      |     Work
 Expl Unexpl |  Obj  Depth IntInf | Incumbent    BestBd   Gap | It/Node Time

     0     0 4471.73871    0  154          - 4471.73871      -     -    0s
     0     0 4479.55415    0  163          - 4479.55415      -     -    0s
     0     0 4528.13343    0  176          - 4528.13343      -     -    1s
     0     0 4529.05659    0  175          - 4529.05659      -     -    1s
     0     0 4547.87780    0  187          - 4547.87780      -     -    1s
     0     0 4548.36492    0  183          - 4548.36492      -     -    1s
     0     0 4549.27547    0  192          - 4549.27547      -     -    1s
     0     0 4549.38540    0  187          - 4549.38540      -     -    2s
     0     0 4569.98033    0  236          - 4569.98033      -     -    2s
     0     0 4575.89126    0  203          - 4575.89126      -     -    2s
     0     0 4577.68703    0  188          - 4577.68703      -     -    3s
     0     0 4577.77555    0  197          - 4577.77555      -     -    3s
     0     0 4585.70545    0  215          - 4585.70545      -     -    3s
     0     0 4588.03563    0  259          - 4588.03563      -     -    4s
     0     0 4590.41103    0  202          - 4590.41103      -     -    4s
     0     0 4591.19043    0  204          - 4591.19043      -     -    4s
H    0     0                    5717.0000000 4591.19043  19.7%     -    4s
     0     0 4599.78914    0  209 5717.00000 4599.78914  19.5%     -    4s
     0     0 4599.80288    0  208 5717.00000 4599.80288  19.5%     -    5s
     0     0 4599.80288    0  205 5717.00000 4599.80288  19.5%     -    5s
H    0     0                    5591.0000000 4599.80578  17.7%     -    5s
H    0     0                    5530.0000000 4599.80578  16.8%     -    5s
H    0     0                    5454.0000000 4599.80578  15.7%     -    5s
H    0     0                    5377.0000000 4599.80578  14.5%     -    5s
H    0     0                    5364.0000000 4599.80578  14.2%     -    5s
H    0     0                    5335.0000000 4599.80578  13.8%     -    5s
H    0     0                    5331.0000000 4599.80578  13.7%     -    5s
H    0     0                    5292.0000000 4599.80578  13.1%     -    5s
H    0     2                    5211.0000000 4599.80578  11.7%     -    5s
     0     2 4599.80578    0  205 5211.00000 4599.80578  11.7%     -    5s
H   55    73                    5150.0000000 4611.01955  10.5%   399    9s
H   59    73                    5032.0000000 4611.39905  8.36%   393    9s
H   68    73                    4984.0000000 4611.69185  7.47%   370    9s
    86   114 4623.85089    7  244 4984.00000 4612.76157  7.45%   352   10s
H   88   114                    4953.0000000 4612.76157  6.87%   349   10s
H   91   114                    4951.0000000 4612.78265  6.83%   346   10s
H   93   114                    4934.0000000 4612.78265  6.51%   347   10s
H  112   114                    4892.0000000 4612.78265  5.71%   327   10s
H  190   221                    4888.0000000 4612.78265  5.63%   261   11s
H  210   221                    4861.0000000 4612.78265  5.11%   251   11s
H  305   312                    4846.0000000 4612.78265  4.81%   211   12s
H  421   435                    4838.0000000 4612.78265  4.66%   190   14s
H  425   435                    4834.0000000 4612.78265  4.58%   190   14s
   508   518 4778.67857   15  227 4834.00000 4612.78265  4.58%   179   15s
H  615   571                    4821.0000000 4613.62627  4.30%   175   16s
   806   773 4764.72650   24  174 4821.00000 4613.85637  4.30%   167   20s
H 1004   908                    4811.0000000 4614.61951  4.08%   162   23s
H 1053   943                    4758.0000000 4614.61951  3.01%   162   24s
  1191  1008 4749.76001   39  121 4758.00000 4614.61951  3.01%   159   25s
H 1200  1008                    4742.0000000 4614.61951  2.69%   158   25s
H 1314  1076                    4735.0000000 4615.31824  2.53%   159   28s
H 1333  1076                    4734.0000000 4615.31824  2.51%   160   28s
  1470  1155 4662.06815   11  142 4734.00000 4615.31824  2.51%   157   30s
H 1515  1193                    4707.0000000 4615.31824  1.95%   157   31s
  1795  1225 4692.78739   29  138 4707.00000 4616.43786  1.92%   156   35s
  2089  1220 4701.94017    9  166 4707.00000 4618.12288  1.89%   161   40s
  2436  1227 4704.73842   18  137 4707.00000 4618.39045  1.88%   160   46s
  2744  1226 4633.39407   10  182 4707.00000 4623.56477  1.77%   160   51s
  3002  1289 4683.72238   18  102 4707.00000 4623.56477  1.77%   161   55s
  3365  1397 4680.63922   16  198 4707.00000 4623.56477  1.77%   160   60s
  3999  1626 4686.30941   20   88 4707.00000 4628.76414  1.66%   160   66s
  4492  1820 4692.25148   28  181 4707.00000 4631.94861  1.59%   157   71s
  4750  1821 4689.55862    7 5844 4707.00000 4633.88967  1.55%   157   76s
  4763  1830 4691.97340   40  235 4707.00000 4633.88967  1.55%   157   80s
  4791  1848 4692.25682   50  235 4707.00000 4636.32711  1.50%   156   85s
  4821  1868 4674.28849   17  280 4707.00000 4642.02064  1.38%   155   90s
  4846  1885 4686.79792   29  269 4707.00000 4650.30947  1.20%   154   95s
  4860  1899 4657.82318   14  277 4707.00000 4651.88930  1.17%   158  101s
  4898  1951 4676.57698   17  230 4707.00000 4660.89647  0.98%   160  106s
  4988  1981     cutoff   18      4707.00000 4663.72594  0.92%   162  110s
  5127  2026 4684.27183   21  227 4707.00000 4664.13140  0.91%   164  115s
  5308  2069 4697.43942   25  210 4707.00000 4665.47194  0.88%   164  120s
  5399  2088     cutoff   27      4707.00000 4665.47194  0.88%   164  125s
  5473  2109 4701.96496   29  171 4707.00000 4665.47194  0.88%   163  130s
H 5474  2012                    4704.0000000 4665.47194  0.82%   163  130s
H 5580  1919                    4701.0000000 4666.63773  0.73%   163  132s
  5722  1923 4677.12101   26  153 4701.00000 4666.63773  0.73%   163  136s
  5871  2000 4680.63958   29   83 4701.00000 4668.48032  0.69%   162  141s
  6279  2069 4694.05405   35   36 4701.00000 4668.87537  0.68%   159  146s
  6843  2101 4687.18602   30  117 4701.00000 4671.14142  0.64%   155  151s
  7338  2122 4695.51130   35   69 4701.00000 4671.38847  0.63%   152  155s
  8123  2163 4692.92837   31  107 4701.00000 4674.76763  0.56%   148  161s
  8710  2182 4681.34082   24  115 4701.00000 4675.45460  0.54%   145  165s
  9712  2077     cutoff   27      4701.00000 4677.56022  0.50%   140  171s
 10423  2270 4695.75697   34  100 4701.00000 4678.67026  0.47%   137  176s
 10966  2368 4690.40083   25  101 4701.00000 4679.49987  0.46%   136  181s
 11720  2584 4694.63343   27  116 4701.00000 4680.22822  0.44%   134  186s
 12494  2804 4694.19748   29  110 4701.00000 4680.88747  0.43%   132  192s
 13000  2855     cutoff   28      4701.00000 4681.75535  0.41%   131  195s
 13966  3055 4687.88268   27  121 4701.00000 4682.76189  0.39%   129  201s
*14000  2959              32    4699.0000000 4682.76189  0.35%   129  201s
 15110  3021 4689.31861   24  171 4699.00000 4684.14993  0.32%   127  208s
 15482  3053 4689.76682   25  102 4699.00000 4684.30881  0.31%   126  211s
 16844  2964 4692.55816   35   80 4699.00000 4685.60899  0.28%   124  218s
 17601  2906 4695.98928   30  121 4699.00000 4686.31704  0.27%   123  222s
 18401  2778     cutoff   29      4699.00000 4687.29014  0.25%   122  226s
 19244  2683 4695.94340   32  137 4699.00000 4688.04871  0.23%   121  230s
H19939  2399                    4698.0000000 4688.48655  0.20%   121  234s
 20589  1968     cutoff   28      4698.00000 4689.08543  0.19%   120  238s
 21665  1362     cutoff   32      4698.00000 4690.54064  0.16%   119  242s
 22822   123     cutoff   28      4698.00000 4691.83301  0.13%   116  245s
*23534     0              33    4697.0000000 4692.03938  0.11%   114  245s

Cutting planes:
  Gomory: 2
  Lift-and-project: 4
  Cover: 273
  Clique: 47
  MIR: 151
  Knapsack: 8
  StrongCG: 76
  Flow cover: 140
  GUB cover: 18
  Inf proof: 4
  Zero half: 48
  RLT: 161
  Relax-and-lift: 58
  BQP: 62

Explored 24202 nodes (2722046 simplex iterations) in 245.66 seconds (153.06 work units)
Thread count was 22 (of 22 available processors)

Solution count 10: 4697 4698 4699 ... 4758

Optimal solution found (tolerance 1.00e-04)
Best objective 4.697000000000e+03, best bound 4.697000000000e+03, gap 0.0000%

User-callback calls 66125, time in user-callback 0.20 sec
Set parameter LogToConsole to value 0
