
Gurobi 13.0.0 (linux64) logging started Sun Jan 18 09:39:50 2026

Set parameter LogFile to value "../experiments/network-n_60_s_2_rp_0-app_set-id_45_20_apps/submip_30_epr1_model_gurobi.log"
Set parameter TimeLimit to value 8.4344237631199940e+02
Gurobi Optimizer version 13.0.0 build v13.0.0rc1 (linux64 - "Ubuntu 24.04.3 LTS")

CPU model: Intel(R) Core(TM) Ultra 7 165H, instruction set [SSE2|AVX|AVX2]
Thread count: 22 physical cores, 22 logical processors, using up to 22 threads

Non-default parameters:
TimeLimit  8.4344237631199940e+02
LogToConsole  0

Academic license 2539022 - for non-commercial use only - registered to al___@studenti.unimi.it
Optimize a model with 58611 rows, 7800 columns and 128424 nonzeros (Min)
Model fingerprint: 0xcd3c03ff
Model has 7800 linear objective coefficients
Model has 190 quadratic constraints
Variable types: 0 continuous, 7800 integer (7800 binary)
Coefficient statistics:
  Matrix range     [1e+00, 9e+02]
  QMatrix range    [5e+01, 2e+02]
  Objective range  [1e+01, 2e+02]
  Bounds range     [1e+00, 1e+00]
  RHS range        [1e+00, 1e+09]
  QRHS range       [1e+02, 6e+02]

MIP start from previous solve did not produce a new incumbent solution
MIP start from previous solve violates constraint fixed_app_4_microservice_3 by 1.000000000

Presolve removed 57586 rows and 5442 columns
Presolve time: 0.10s
Presolved: 23674 rows, 24820 columns, 155456 nonzeros
Variable types: 0 continuous, 24820 integer (24820 binary)
Performing another presolve...
Presolve removed 1285 rows and 1661 columns
Presolve time: 0.46s
Deterministic concurrent LP optimizer: primal and dual simplex
Showing primal log only...

Concurrent spin time: 0.17s (can be avoided by choosing Method=3)

Solved with primal simplex

Root relaxation: objective 4.433498e+03, 3162 iterations, 0.64 seconds (0.48 work units)

    Nodes    |    Current Node    |     Objective Bounds      |     Work
 Expl Unexpl |  Obj  Depth IntInf | Incumbent    BestBd   Gap | It/Node Time

     0     0 4433.49772    0  199          - 4433.49772      -     -    1s
     0     0 4433.71530    0  213          - 4433.71530      -     -    1s
     0     0 4469.23530    0  252          - 4469.23530      -     -    2s
     0     0 4494.28835    0  269          - 4494.28835      -     -    3s
     0     0 4495.87567    0  285          - 4495.87567      -     -    3s
     0     0 4497.03240    0  278          - 4497.03240      -     -    3s
     0     0 4497.03867    0  282          - 4497.03867      -     -    3s
     0     0 4540.80795    0  263          - 4540.80795      -     -    4s
     0     0 4548.05747    0  257          - 4548.05747      -     -    5s
     0     0 4555.07649    0  271          - 4555.07649      -     -    5s
     0     0 4556.79684    0  260          - 4556.79684      -     -    5s
     0     0 4557.14287    0  290          - 4557.14287      -     -    5s
     0     0 4567.61594    0  318          - 4567.61594      -     -    7s
     0     0 4574.08197    0  287          - 4574.08197      -     -    7s
     0     0 4574.68937    0  319          - 4574.68937      -     -    7s
     0     0 4577.83065    0  271          - 4577.83065      -     -    8s
     0     0 4577.83823    0  265          - 4577.83823      -     -    9s
     0     0 4577.83823    0  262          - 4577.83823      -     -    9s
     0     2 4577.92580    0  262          - 4577.92580      -     -   10s
   149   181 4617.35363   10  208          - 4580.16088      -   178   15s
   433   432 4621.07708   22  179          - 4580.16088      -   168   20s
H  459   458                    4785.0000000 4580.16088  4.28%   165   21s
H  481   502                    4776.0000000 4580.16088  4.10%   164   22s
H  526   540                    4774.0000000 4580.16088  4.06%   161   23s
H  528   540                    4706.0000000 4580.16088  2.67%   161   23s
H  594   615                    4699.0000000 4580.16088  2.53%   157   24s
   644   660 4625.08748   29  196 4699.00000 4580.16088  2.53%   154   25s
H  663   660                    4675.0000000 4580.16088  2.03%   153   25s
H  806   776                    4664.0000000 4580.16088  1.80%   150   28s
   870   886 4634.56044   38  163 4664.00000 4580.16088  1.80%   148   30s
H 1014   985                    4659.0000000 4580.16088  1.69%   145   32s
  1188  1148 4643.86831   50  201 4659.00000 4580.16088  1.69%   139   35s
H 1308  1235                    4657.0000000 4581.19396  1.63%   149   38s
H 1315  1235                    4649.0000000 4581.19396  1.46%   149   39s
  1337  1289     cutoff   54      4649.00000 4581.19396  1.46%   150   40s
  1709  1621 4615.92665   21  181 4649.00000 4581.40462  1.45%   148   45s
  2061  1856 4623.22988   33  208 4649.00000 4581.40462  1.45%   147   51s
  2434  2106     cutoff   49      4649.00000 4581.71193  1.45%   146   56s
  2645  2302 4608.36353   10  200 4649.00000 4581.75597  1.45%   148   60s
  3147  2515 4610.73362   20 7966 4649.00000 4583.18760  1.42%   146   70s
  3155  2520 4601.78270   18  294 4649.00000 4583.18760  1.42%   145   75s
  3179  2536 4596.46886   19  307 4649.00000 4585.60613  1.36%   144   80s
  3205  2554 4636.55726   52  325 4649.00000 4588.62696  1.30%   143   85s
  3221  2564 4624.71617   47  301 4649.00000 4590.28386  1.26%   142   90s
H 3238  2445                    4647.0000000 4590.74358  1.21%   141   94s
  3240  2446 4618.85602   60  337 4647.00000 4590.74708  1.21%   141   95s
  3258  2458 4615.83816   38  357 4647.00000 4591.06379  1.20%   141  101s
  3273  2468 4622.95356   37  366 4647.00000 4591.70963  1.19%   140  105s
  3290  2479 4597.51367   13  363 4647.00000 4592.25557  1.18%   139  110s
  3304  2489 4608.08879   13  381 4647.00000 4592.73899  1.17%   139  116s
  3319  2499 4642.60789   43  388 4647.00000 4592.99482  1.16%   138  120s
  3333  2508 4593.33460   11  389 4647.00000 4593.33460  1.15%   137  125s
  3336  2513 4595.57363   13  277 4647.00000 4593.43266  1.15%   146  130s
  3350  2532 4607.74185   16  340 4647.00000 4596.46378  1.09%   148  137s
  3366  2545 4612.86867   17  378 4647.00000 4597.25699  1.07%   150  140s
  3388  2572 4626.03132   18  329 4647.00000 4598.93373  1.03%   154  145s
  3466  2629 4630.99404   20  241 4647.00000 4600.81283  0.99%   160  153s
  3512  2650 4632.97238   21  221 4647.00000 4601.14070  0.99%   163  156s
  3552  2676 4633.05637   22  220 4647.00000 4601.14070  0.99%   165  160s
H 3579  2539                    4645.0000000 4601.14070  0.94%   167  160s
  3645  2588 4636.09399   24  195 4645.00000 4603.93474  0.88%   169  166s
H 3711  2484                    4640.0000000 4603.93474  0.78%   173  169s
  3751  2476     cutoff   27      4640.00000 4603.93474  0.78%   173  172s
  3789  2488     cutoff   28      4640.00000 4603.93474  0.78%   175  175s
  3871  2509 4614.27536   20  160 4640.00000 4603.93474  0.78%   179  181s
  3964  2532 4620.54588   25  153 4640.00000 4603.93474  0.78%   180  187s
H 3967  2415                    4639.0000000 4603.93474  0.76%   180  187s
  4018  2423 4627.84288   27  132 4639.00000 4604.64490  0.74%   181  190s
  4131  2451     cutoff   35      4639.00000 4605.82013  0.72%   184  197s
  4192  2468 4621.74181   21  251 4639.00000 4605.82013  0.72%   185  200s
  4341  2543 4633.68238   30  155 4639.00000 4605.82013  0.72%   185  206s
  4445  2587 4611.77099   25  256 4639.00000 4607.11273  0.69%   187  210s
  4700  2667 4615.50110   31  225 4639.00000 4607.54466  0.68%   189  217s
  4854  2718 4620.41630   35  199 4639.00000 4607.54466  0.68%   189  220s
  5139  2765 4633.24406   47  174 4639.00000 4607.98883  0.67%   190  227s
  5333  2752 4629.11648   25  250 4639.00000 4607.98883  0.67%   191  231s
  5462  2828 4629.75411   29  201 4639.00000 4607.98883  0.67%   192  235s
  5889  2890 4623.24347   19  274 4639.00000 4607.98883  0.67%   191  243s
  6087  2833 4625.40903   23  181 4639.00000 4609.89963  0.63%   193  247s
  6114  2891     cutoff   23      4639.00000 4609.89963  0.63%   194  251s
  6231  2944 4628.97015   24  185 4639.00000 4610.47497  0.61%   194  256s
  6436  2888 4637.49818   28  171 4639.00000 4610.47497  0.61%   195  260s
  6468  2919     cutoff   28      4639.00000 4610.47497  0.61%   195  265s
  6548  3051 4616.84983   27  291 4639.00000 4610.47497  0.61%   195  270s
  7154  3022 4623.31383   35  198 4639.00000 4611.40729  0.59%   194  279s
  7300  3135 4628.02878   41  175 4639.00000 4611.96024  0.58%   194  284s
  7602  3188 4633.26391   44  246 4639.00000 4612.01811  0.58%   195  289s
  7869  3199 4637.00311   57  177 4639.00000 4612.01811  0.58%   194  295s
  8127  3267     cutoff   29      4639.00000 4612.08448  0.58%   194  300s
  8436  3361 4633.34750   41  115 4639.00000 4612.08448  0.58%   193  306s
  8784  3436 4621.14374   28  121 4639.00000 4613.02012  0.56%   192  311s
  9135  3520 4619.22459   26  210 4639.00000 4613.02012  0.56%   191  317s
  9515  3614 4626.21440   35  181 4639.00000 4613.72188  0.54%   192  323s
  9928  3721 4632.07930   43  174 4639.00000 4613.79156  0.54%   191  330s
 10295  3999 4623.25095   31  303 4639.00000 4613.79156  0.54%   191  337s
 10707  4220 4630.37960   37  247 4639.00000 4613.85171  0.54%   191  343s
 11217  4448 4636.17317   35  182 4639.00000 4615.63944  0.50%   190  350s
 11701  4623 4636.79472   39  164 4639.00000 4615.63944  0.50%   189  358s
 12161  4918     cutoff   33      4639.00000 4616.12246  0.49%   190  365s
 12703  5004 4633.86154   29  185 4639.00000 4616.36710  0.49%   189  373s
 12926  5275 4620.26599   26  250 4639.00000 4616.65595  0.48%   189  380s
 13541  5563 4635.55239   47  118 4639.00000 4616.70219  0.48%   188  388s
 14115  5796 4626.89915   21  196 4639.00000 4617.30673  0.47%   188  396s
 14739  5924 4634.31347   28  265 4639.00000 4617.51210  0.46%   188  405s
 15126  6243     cutoff   25      4639.00000 4617.74535  0.46%   187  414s
 15805  6533 4623.55715   32  161 4639.00000 4617.97923  0.45%   186  423s
 16463  6907 4626.65905   27  245 4639.00000 4618.29333  0.45%   186  433s
 17256  7073 4621.99784   25  255 4639.00000 4618.54533  0.44%   184  444s
 17716  7396     cutoff   41      4639.00000 4618.74592  0.44%   184  454s
 18557  7779 4626.50663   36  153 4639.00000 4619.01229  0.43%   184  464s
 19448  8125 4628.10448   26  142 4639.00000 4619.31160  0.42%   183  475s
 20330  8513     cutoff   40      4639.00000 4619.85119  0.41%   183  486s
 21227  8925 4626.17678   35  303 4639.00000 4620.12273  0.41%   183  497s
 22220  9393 4633.61448   32  115 4639.00000 4620.27123  0.40%   182  509s
 23299  9506 4633.58067   22  204 4639.00000 4620.58882  0.40%   181  521s
 23665  9858 4630.89040   38  165 4639.00000 4620.63336  0.40%   181  533s
 24781 10259 4624.86719   28  141 4639.00000 4621.00153  0.39%   181  551s
 26029 10541 4625.39953   34  244 4639.00000 4621.29337  0.38%   182  563s
 26953 10757 4636.52260   33  152 4639.00000 4621.47944  0.38%   182  574s
 27701 11149 4635.83890   26  170 4639.00000 4621.68700  0.37%   182  588s
 28855 11466 4633.37768   42  143 4639.00000 4622.01091  0.37%   182  601s
 30005 11784 4627.62040   32  163 4639.00000 4622.22784  0.36%   182  614s
 31276 12187 4631.58315   28  290 4639.00000 4622.40134  0.36%   181  628s
 32578 12631 4633.62603   29  235 4639.00000 4622.76120  0.35%   181  642s
 34048 12912 4634.30749   36  127 4639.00000 4623.02551  0.34%   180  656s
 35415 13048 4630.26121   37  252 4639.00000 4623.28226  0.34%   180  671s
 36063 13440 4635.61419   49  202 4639.00000 4623.33683  0.34%   180  686s
 37560 13826 4632.83835   36  166 4639.00000 4623.76149  0.33%   179  702s
 39192 14126 infeasible   36      4639.00000 4624.01848  0.32%   179  719s
 41001 14404 4635.25546   29  193 4639.00000 4624.31452  0.32%   178  736s
 42418 14805     cutoff   42      4639.00000 4624.53003  0.31%   178  753s
H42465 13193                    4636.0000000 4624.53003  0.25%   178  753s
 43960 13206     cutoff   39      4636.00000 4624.77731  0.24%   178  772s
 45581 13359 4634.46017   31  150 4636.00000 4625.09552  0.24%   178  792s
 47530 13493 infeasible   32      4636.00000 4625.55717  0.23%   178  811s
 49678 13492 infeasible   48      4636.00000 4625.86686  0.22%   177  843s

Cutting planes:
  Gomory: 6
  Lift-and-project: 3
  Cover: 459
  Implied bound: 1
  Clique: 58
  MIR: 338
  Knapsack: 17
  StrongCG: 238
  Flow cover: 313
  GUB cover: 23
  Inf proof: 1
  Zero half: 93
  Mod-K: 1
  RLT: 173
  Relax-and-lift: 298
  BQP: 33

Explored 49679 nodes (8814937 simplex iterations) in 843.63 seconds (598.52 work units)
Thread count was 22 (of 22 available processors)

Solution count 10: 4636 4639 4640 ... 4675

Time limit reached
Best objective 4.636000000000e+03, best bound 4.626000000000e+03, gap 0.2157%

User-callback calls 184524, time in user-callback 0.67 sec
Set parameter LogToConsole to value 0
