
Gurobi 13.0.0 (linux64) logging started Sun Jan 18 09:25:58 2026

Set parameter LogFile to value "../experiments/network-n_60_s_2_rp_0-app_set-id_45_20_apps/submip_30_epr0_model_gurobi.log"
Set parameter TimeLimit to value 8.9179914323300181e+02
Gurobi Optimizer version 13.0.0 build v13.0.0rc1 (linux64 - "Ubuntu 24.04.3 LTS")

CPU model: Intel(R) Core(TM) Ultra 7 165H, instruction set [SSE2|AVX|AVX2]
Thread count: 22 physical cores, 22 logical processors, using up to 22 threads

Non-default parameters:
TimeLimit  8.9179914323300181e+02
LogToConsole  0

Academic license 2539022 - for non-commercial use only - registered to al___@studenti.unimi.it
Optimize a model with 58611 rows, 7800 columns and 128424 nonzeros (Min)
Model fingerprint: 0x0b6e7256
Model has 7800 linear objective coefficients
Model has 190 quadratic constraints
Variable types: 0 continuous, 7800 integer (7800 binary)
Coefficient statistics:
  Matrix range     [1e+00, 9e+02]
  QMatrix range    [5e+01, 2e+02]
  Objective range  [1e+01, 2e+02]
  Bounds range     [1e+00, 1e+00]
  RHS range        [1e+00, 1e+09]
  QRHS range       [1e+02, 6e+02]
Presolve removed 57707 rows and 5718 columns
Presolve time: 0.14s
Presolved: 22356 rows, 23348 columns, 143609 nonzeros
Variable types: 0 continuous, 23348 integer (23348 binary)
Performing another presolve...
Presolve removed 2750 rows and 3209 columns
Presolve time: 0.43s
Deterministic concurrent LP optimizer: primal and dual simplex
Showing primal log only...

Concurrent spin time: 0.01s

Solved with dual simplex

Root relaxation: objective 4.444631e+03, 1580 iterations, 0.32 seconds (0.29 work units)

    Nodes    |    Current Node    |     Objective Bounds      |     Work
 Expl Unexpl |  Obj  Depth IntInf | Incumbent    BestBd   Gap | It/Node Time

     0     0 4444.63148    0  193          - 4444.63148      -     -    1s
     0     0 4452.90402    0  194          - 4452.90402      -     -    1s
     0     0 4489.53219    0  193          - 4489.53219      -     -    2s
     0     0 4522.97014    0  238          - 4522.97014      -     -    2s
     0     0 4525.88143    0  270          - 4525.88143      -     -    2s
     0     0 4525.88791    0  265          - 4525.88791      -     -    2s
     0     0 4526.48923    0  274          - 4526.48923      -     -    2s
     0     0 4526.55674    0  279          - 4526.55674      -     -    2s
     0     0 4540.11144    0  271          - 4540.11144      -     -    3s
     0     0 4549.69420    0  220          - 4549.69420      -     -    4s
     0     0 4552.28470    0  326          - 4552.28470      -     -    4s
     0     0 4553.63559    0  246          - 4553.63559      -     -    4s
     0     0 4553.63576    0  244          - 4553.63576      -     -    4s
     0     0 4553.79142    0  292          - 4553.79142      -     -    4s
     0     0 4563.40464    0  276          - 4563.40464      -     -    5s
H    0     0                    5033.0000000 4565.26254  9.29%     -    6s
     0     0 4565.26254    0  265 5033.00000 4565.26254  9.29%     -    6s
     0     0 4570.40059    0  252 5033.00000 4570.40059  9.19%     -    6s
     0     0 4572.13574    0  224 5033.00000 4572.13574  9.16%     -    7s
     0     0 4573.29318    0  255 5033.00000 4573.29318  9.13%     -    7s
     0     0 4573.29383    0  251 5033.00000 4573.29383  9.13%     -    7s
     0     0 4573.29383    0  251 5033.00000 4573.29383  9.13%     -    7s
H    0     0                    5014.0000000 4573.31404  8.79%     -    8s
     0     2 4573.31404    0  251 5014.00000 4573.31404  8.79%     -    8s
    15    32 4580.89887    4  316 5014.00000 4576.13223  8.73%   464   10s
H   53    98                    4904.0000000 4577.92924  6.65%   484   13s
H   59    98                    4874.0000000 4577.92924  6.07%   460   13s
H   67    98                    4869.0000000 4577.92924  5.98%   438   13s
H  113   155                    4866.0000000 4577.93249  5.92%   328   14s
H  146   155                    4807.0000000 4577.93249  4.77%   299   14s
   154   203 4584.58956   10  357 4807.00000 4577.93249  4.77%   291   15s
H  163   203                    4797.0000000 4577.93249  4.57%   293   15s
H  339   360                    4791.0000000 4577.93249  4.45%   246   19s
   363   391 4588.74452   16  353 4791.00000 4577.93249  4.45%   248   20s
   564   576 4591.68872   22  366 4791.00000 4577.93249  4.45%   224   26s
H  655   645                    4742.0000000 4577.96577  3.46%   223   29s
   663   688 4678.13970   25  250 4742.00000 4577.96577  3.46%   226   30s
H  715   725                    4741.0000000 4577.96577  3.44%   226   31s
H  726   725                    4740.0000000 4577.96577  3.42%   227   31s
H  728   725                    4713.0000000 4577.96577  2.87%   227   31s
H  753   757                    4712.0000000 4577.97855  2.84%   223   32s
   895   888 4610.55860   29  320 4712.00000 4578.20630  2.84%   223   35s
  1120  1082 4668.86597   34  265 4712.00000 4578.20630  2.84%   220   41s
  1404  1274 4678.08294   41  217 4712.00000 4578.20630  2.84%   210   46s
H 1536  1268                    4695.0000000 4578.20630  2.49%   205   48s
  1698  1240 4688.77107   49  145 4695.00000 4578.33413  2.48%   201   51s
  1827  1339 4693.38639   55  171 4695.00000 4580.03483  2.45%   203   55s
  2209  1602 4675.49948   36  135 4695.00000 4581.13989  2.43%   197   61s
  2573  1786 4588.35868    8  239 4695.00000 4581.93272  2.41%   190   65s
  2977  2048 4670.98346   12  200 4695.00000 4582.05803  2.41%   182   70s
  3351  2147 4668.66591   16 8145 4695.00000 4582.17235  2.40%   179   78s
  3353  2148 4689.90874   67  178 4695.00000 4582.17235  2.40%   179   80s
  3368  2158 4656.67301   43  286 4695.00000 4582.17235  2.40%   178   85s
  3394  2176 4625.01249   23  305 4695.00000 4584.70712  2.35%   177   90s
  3412  2188 4587.96053    7  263 4695.00000 4587.96053  2.28%   176   95s
H 3427  2086                    4688.0000000 4590.80949  2.07%   175   98s
H 3427  1981                    4680.0000000 4590.80949  1.91%   175   98s
  3438  1988 4591.26431    5  366 4680.00000 4591.26431  1.90%   175  100s
H 3438  1887                    4676.0000000 4591.26475  1.81%   175  100s
  3457  1900 4673.76072   12  365 4676.00000 4592.48765  1.79%   174  105s
H 3465  1808                    4670.0000000 4594.05825  1.63%   173  107s
  3474  1814 4655.23284    6  340 4670.00000 4595.30672  1.60%   173  110s
  3498  1830 4670.00000   45  319 4670.00000 4596.16404  1.58%   172  115s
  3514  1841 4648.48110   13  360 4670.00000 4596.53615  1.57%   171  120s
  3533  1853 4665.31945    8  383 4670.00000 4596.84361  1.57%   170  125s
  3537  1857 4600.56377   14  336 4670.00000 4600.51379  1.49%   178  130s
  3567  1867 4612.79508   18  259 4670.00000 4607.91987  1.33%   181  136s
  3620  1880 4618.13519   20  275 4670.00000 4614.12660  1.20%   186  141s
  3769  1823 4626.88146   22  286 4670.00000 4615.43315  1.17%   189  146s
  3832  1841 4645.68876   23  241 4670.00000 4617.72239  1.12%   193  150s
  3962  1884 4657.52483   25  223 4670.00000 4617.72239  1.12%   194  155s
  4095  1909 4659.42484   27  191 4670.00000 4626.23951  0.94%   194  160s
  4209  1951 4662.52988   30  188 4670.00000 4627.07659  0.92%   194  166s
H 4276  1865                    4668.0000000 4627.07659  0.88%   194  168s
  4346  1902 4629.30862   23  196 4668.00000 4629.27931  0.83%   194  171s
  4469  1918 4632.46090   27  216 4668.00000 4629.27931  0.83%   193  176s
H 4473  1826                    4666.0000000 4629.31538  0.79%   193  176s
  4566  1873 4637.38674   31  201 4666.00000 4629.31538  0.79%   193  180s
  4707  1912 4640.40861   36  146 4666.00000 4629.45127  0.78%   192  185s
  4857  1939 4654.99952   40  185 4666.00000 4630.16618  0.77%   192  190s
  5060  2028 4653.90766   28  117 4666.00000 4631.49227  0.74%   191  195s
H 5232  1955                    4665.0000000 4631.49227  0.72%   189  197s
  5390  1976 4637.78123   26  286 4665.00000 4631.57026  0.72%   187  200s
H 5565  1913                    4664.0000000 4632.25303  0.68%   186  202s
  5693  1942 4647.65115   33  224 4664.00000 4632.31922  0.68%   186  205s
  6066  1914 4661.01693   43  161 4664.00000 4633.36138  0.66%   184  211s
  6190  1999 4662.38373   46  156 4664.00000 4633.53846  0.65%   183  217s
  6400  1992 4646.82757   29  191 4664.00000 4633.53846  0.65%   182  220s
  6777  2008 4652.27086   33  128 4664.00000 4633.53846  0.65%   181  226s
  7225  2132 4655.60423   33  156 4664.00000 4635.37418  0.61%   180  232s
  7503  2170 4641.77057   35  138 4664.00000 4635.91132  0.60%   178  236s
  7759  2255 4651.01471   52   88 4664.00000 4635.91132  0.60%   177  240s
  8316  2443 4650.64499   32  130 4664.00000 4636.32767  0.59%   175  247s
  8684  2608 4644.82379   32  160 4664.00000 4636.45756  0.59%   174  251s
  9078  2687 4641.49316   29  173 4664.00000 4638.33814  0.55%   172  255s
  9299  2872 4647.36637   34  155 4664.00000 4638.82510  0.54%   172  260s
 10091  3093     cutoff   33      4664.00000 4639.44544  0.53%   169  269s
 10470  3251 4649.15595   28  241 4664.00000 4639.80206  0.52%   169  273s
 10859  3447 4648.97447   31  141 4664.00000 4640.34097  0.51%   168  278s
 11347  3580 4648.53015   32  116 4664.00000 4640.56394  0.50%   167  283s
 11737  3723 4649.50444   39  146 4664.00000 4640.56394  0.50%   167  288s
 12243  3913 4647.68497   37  177 4664.00000 4641.22768  0.49%   166  293s
 12738  4074 4645.99854   29  238 4664.00000 4641.78693  0.48%   165  299s
 13293  4192     cutoff   35      4664.00000 4642.06168  0.47%   165  304s
 13855  4287     cutoff   34      4664.00000 4642.37666  0.46%   165  310s
 14228  4464 4659.67399   39  173 4664.00000 4642.48799  0.46%   165  315s
 14816  4635 infeasible   33      4664.00000 4643.00664  0.45%   164  321s
 15517  4778     cutoff   47      4664.00000 4643.35879  0.44%   163  328s
 16118  4945     cutoff   39      4664.00000 4643.75119  0.43%   163  334s
 16948  5122 4657.35182   30  197 4664.00000 4644.07395  0.43%   161  341s
 17663  5334 4662.83058   49   98 4664.00000 4644.39257  0.42%   161  347s
 18500  5540     cutoff   40      4664.00000 4644.92025  0.41%   159  354s
 19309  5663 4654.80650   34  123 4664.00000 4645.41754  0.40%   159  362s
 19896  5814 4661.98080   40  138 4664.00000 4645.66341  0.39%   158  370s
 20600  6022 4655.17677   36  203 4664.00000 4645.78990  0.39%   156  377s
 21608  6211 4654.05923   27  202 4664.00000 4646.18488  0.38%   156  385s
 22503  6414 4659.59613   39  140 4664.00000 4646.66056  0.37%   154  393s
 23562  6660 4658.45334   39  116 4664.00000 4647.09260  0.36%   154  402s
 24591  6898 4653.19028   33  195 4664.00000 4647.37255  0.36%   153  415s
 25868  7046 4655.21575   43  146 4664.00000 4647.81259  0.35%   152  422s
 26890  7172 4654.50578   33  190 4664.00000 4648.37914  0.33%   151  429s
 27954  7324     cutoff   26      4664.00000 4648.61062  0.33%   150  437s
 29088  7420     cutoff   42      4664.00000 4648.83284  0.33%   149  445s
 29826  7578 4660.22453   36  118 4664.00000 4649.36447  0.31%   149  453s
 31091  7698 infeasible   42      4664.00000 4649.76571  0.31%   148  461s
 32346  7770 4662.12212   50  112 4664.00000 4650.10969  0.30%   147  470s
 33616  7914 4659.71869   43  191 4664.00000 4650.52352  0.29%   146  479s
 35049  8007     cutoff   40      4664.00000 4650.84287  0.28%   145  488s
 36463  8021 infeasible   40      4664.00000 4651.39260  0.27%   144  498s
 38044  8112     cutoff   36      4664.00000 4651.88368  0.26%   144  507s
 39254  8076     cutoff   42      4664.00000 4652.23831  0.25%   143  518s
 40956  7958     cutoff   45      4664.00000 4652.74782  0.24%   142  528s
H41276  7400                    4662.0000000 4652.77009  0.20%   141  528s
 42636  7105     cutoff   46      4662.00000 4653.23459  0.19%   141  539s
 43553  6406 infeasible   48      4662.00000 4653.44664  0.18%   141  550s
 45720  5336     cutoff   32      4662.00000 4654.43544  0.16%   140  562s
 48021  4002 4660.20474   36  125 4662.00000 4655.77392  0.13%   138  572s
 50290  2514 4659.41165   36   99 4662.00000 4656.95718  0.11%   136  580s
 53849     0     cutoff   39      4662.00000 4659.82868  0.05%   131  586s

Cutting planes:
  Gomory: 7
  Lift-and-project: 4
  Cover: 494
  Clique: 69
  MIR: 308
  Knapsack: 9
  StrongCG: 201
  Flow cover: 340
  GUB cover: 31
  Inf proof: 5
  Zero half: 110
  RLT: 199
  Relax-and-lift: 103
  BQP: 53

Explored 54731 nodes (7083720 simplex iterations) in 586.53 seconds (390.32 work units)
Thread count was 22 (of 22 available processors)

Solution count 10: 4662 4664 4665 ... 4695

Optimal solution found (tolerance 1.00e-04)
Best objective 4.662000000000e+03, best bound 4.662000000000e+03, gap 0.0000%

User-callback calls 150232, time in user-callback 0.38 sec
Set parameter LogToConsole to value 0
