
Gurobi 13.0.0 (linux64) logging started Sat Jan  3 04:53:15 2026

Set parameter LogFile to value "../experiments/network-n_60_s_0_rp_0-app_set-id_39_18_apps/compact_model_gurobi.log"
Set parameter TimeLimit to value 900
Gurobi Optimizer version 13.0.0 build v13.0.0rc1 (linux64 - "Ubuntu 24.04.3 LTS")

CPU model: Intel(R) Core(TM) Ultra 7 165H, instruction set [SSE2|AVX|AVX2]
Thread count: 22 physical cores, 22 logical processors, using up to 22 threads

Non-default parameters:
TimeLimit  900
LogToConsole  0

Academic license 2539022 - for non-commercial use only - registered to al___@studenti.unimi.it
Optimize a model with 33577 rows, 7020 columns and 76859 nonzeros (Min)
Model fingerprint: 0xcebab6c7
Model has 7020 linear objective coefficients
Model has 200 quadratic constraints
Variable types: 0 continuous, 7020 integer (7020 binary)
Coefficient statistics:
  Matrix range     [1e+00, 9e+02]
  QMatrix range    [6e+01, 2e+02]
  Objective range  [1e+01, 2e+02]
  Bounds range     [1e+00, 1e+00]
  RHS range        [1e+00, 1e+09]
  QRHS range       [1e+02, 6e+02]
Presolve removed 32068 rows and 4121 columns
Presolve time: 0.46s
Presolved: 45750 rows, 46944 columns, 284562 nonzeros
Variable types: 0 continuous, 46944 integer (46944 binary)
Deterministic concurrent LP optimizer: primal and dual simplex
Showing primal log only...

Concurrent spin time: 0.00s

Solved with dual simplex

Root relaxation: objective 4.336865e+03, 2465 iterations, 0.85 seconds (0.81 work units)

    Nodes    |    Current Node    |     Objective Bounds      |     Work
 Expl Unexpl |  Obj  Depth IntInf | Incumbent    BestBd   Gap | It/Node Time

     0     0 4336.86540    0  241          - 4336.86540      -     -    2s
     0     0 4372.33105    0  262          - 4372.33105      -     -    4s
     0     0 4396.25192    0  313          - 4396.25192      -     -    5s
     0     0 4396.29302    0  291          - 4396.29302      -     -    5s
     0     0 4398.82917    0  302          - 4398.82917      -     -    6s
     0     0 4399.01418    0  294          - 4399.01418      -     -    6s
     0     0 4408.07631    0  325          - 4408.07631      -     -    7s
     0     0 4424.23774    0  291          - 4424.23774      -     -    9s
     0     0 4426.60783    0  312          - 4426.60783      -     -    9s
     0     0 4427.02785    0  310          - 4427.02785      -     -    9s
     0     0 4437.54833    0  327          - 4437.54833      -     -   11s
     0     0 4443.87087    0  373          - 4443.87087      -     -   12s
     0     0 4447.59989    0  362          - 4447.59989      -     -   12s
     0     0 4448.60973    0  386          - 4448.60973      -     -   13s
H    0     0                    4986.0000000 4448.60973  10.8%     -   14s
H    0     0                    4980.0000000 4448.60973  10.7%     -   14s
H    0     0                    4752.0000000 4448.60973  6.38%     -   14s
H    0     0                    4743.0000000 4448.60973  6.21%     -   14s
     0     0 4454.90035    0  390 4743.00000 4454.90035  6.07%     -   15s
     0     0 4456.29014    0  348 4743.00000 4456.29014  6.04%     -   15s
     0     0 4457.81383    0  353 4743.00000 4457.81383  6.01%     -   16s
     0     0 4457.85419    0  343 4743.00000 4457.85419  6.01%     -   16s
     0     0 4457.85419    0  329 4743.00000 4457.85419  6.01%     -   17s
     0     2 4457.85451    0  323 4743.00000 4457.85451  6.01%     -   18s
     3     8 4460.90656    2  376 4743.00000 4458.61731  6.00%   344   20s
    31    54 4471.97087    5  371 4743.00000 4466.36447  5.83%   535   25s
H   55   101                    4683.0000000 4467.99512  4.59%   497   27s
H   69   101                    4567.0000000 4467.99679  2.17%   458   27s
   100   127 4475.12921    8  371 4567.00000 4467.99679  2.17%   393   30s
H  183   226                    4564.0000000 4467.99679  2.10%   338   34s
   225   278 4478.85426   10  334 4564.00000 4467.99679  2.10%   324   36s
H  303   322                    4544.0000000 4467.99679  1.67%   298   38s
   323   365 4484.37443   12  358 4544.00000 4467.99679  1.67%   289   40s
   450   477 4486.48130   14  332 4544.00000 4467.99679  1.67%   273   45s
H  515   499                    4535.0000000 4467.99679  1.48%   263   46s
   570   587 4489.73089   17  322 4535.00000 4468.86119  1.46%   255   50s
H  656   640                    4526.0000000 4468.86119  1.26%   243   51s
H  672   657                    4524.0000000 4468.86119  1.22%   241   53s
   698   707 4492.32254   20  386 4524.00000 4468.86119  1.22%   237   55s
   815   781 4495.19398   24  305 4524.00000 4468.86119  1.22%   228   60s
   945   894 4496.68388   26  277 4524.00000 4469.22563  1.21%   220   66s
  1058   980 4498.29567   27  272 4524.00000 4469.22563  1.21%   215   70s
  1197  1092 4503.51823   28  283 4524.00000 4469.86416  1.20%   211   75s
  1464  1270 4509.28570   30  274 4524.00000 4470.39782  1.18%   201   82s
  1626  1401 4509.44034   32  270 4524.00000 4470.39782  1.18%   199   87s
  1721  1481 4511.07639   33  271 4524.00000 4470.39782  1.18%   197   90s
  1961  1650 4521.78949   45  242 4524.00000 4470.39782  1.18%   190   95s
  2278  1841 4480.54197    8  344 4524.00000 4470.39782  1.18%   183  101s
  2595  2036 4515.25814   17  301 4524.00000 4471.66048  1.16%   178  108s
  2734  2184 4518.88819   22  278 4524.00000 4471.66048  1.16%   177  111s
  3110  2326 4483.47323   10 12249 4524.00000 4471.66048  1.16%   171  125s
  3114  2329 4506.40370   27  291 4524.00000 4471.66048  1.16%   171  130s
  3122  2334 4483.00830   14  348 4524.00000 4471.66048  1.16%   170  135s
  3138  2345 4520.91217   40  380 4524.00000 4471.66048  1.16%   170  140s
  3154  2355 4495.01656   17  393 4524.00000 4471.66048  1.16%   169  145s
  3170  2366 4503.37848   24  382 4524.00000 4472.32683  1.14%   168  150s
  3188  2378 4490.86772   16  429 4524.00000 4474.38211  1.10%   167  155s
  3205  2389 4489.77525   13  418 4524.00000 4475.04824  1.08%   166  160s
  3222  2401 4483.00830   14  397 4524.00000 4476.43521  1.05%   165  165s
  3234  2409 4485.99215   10  413 4524.00000 4479.07458  0.99%   164  170s
  3246  2417 4514.27109   41  402 4524.00000 4479.51110  0.98%   164  175s
  3250  2422 4482.18345   16  369 4524.00000 4479.95476  0.97%   172  181s
  3256  2432 4484.62460   18  396 4524.00000 4481.43539  0.94%   173  185s
  3280  2462 4487.98349   20  378 4524.00000 4484.78125  0.87%   176  191s
  3302  2498 4492.75642   21  380 4524.00000 4485.36832  0.85%   178  195s
  3381  2547 4500.95341   22  366 4524.00000 4485.36832  0.85%   181  202s
  3425  2559 4496.74509   23  362 4524.00000 4485.36832  0.85%   182  206s
  3459  2584 4502.69625   23  291 4524.00000 4485.36832  0.85%   184  210s
  3536  2612 infeasible   24      4524.00000 4485.36832  0.85%   186  217s
  3649  2616     cutoff   27      4524.00000 4485.36832  0.85%   187  222s
  3711  2616 4519.25337   28  239 4524.00000 4487.42738  0.81%   188  225s
  3812  2617 4502.22918   28  221 4524.00000 4487.42738  0.81%   189  230s
  3890  2625 4504.60195   30  209 4524.00000 4487.42738  0.81%   190  237s
  3931  2631 4505.51797   32  184 4524.00000 4489.06372  0.77%   190  240s
  4018  2679 4509.44066   36  182 4524.00000 4489.06383  0.77%   191  246s
  4170  2701 4515.87119   47  141 4524.00000 4489.06383  0.77%   190  252s
  4270  2707     cutoff   53      4524.00000 4489.61810  0.76%   189  256s
  4414  2755 4500.24515   23  271 4524.00000 4489.98722  0.75%   190  263s
  4515  2795 4509.59228   25  277 4524.00000 4489.98722  0.75%   189  266s
  4657  2808 4513.82022   28  242 4524.00000 4489.98722  0.75%   188  270s
  4917  2825     cutoff   30      4524.00000 4491.47455  0.72%   188  277s
  5028  2869 4498.12437   28  106 4524.00000 4491.47455  0.72%   187  281s
  5316  2947     cutoff   48      4524.00000 4491.47455  0.72%   185  288s
  5481  2973 4513.55626   21  294 4524.00000 4491.52130  0.72%   185  292s
  5662  3032     cutoff   27      4524.00000 4492.93206  0.69%   184  296s
  5878  3057 4505.11272   26  320 4524.00000 4493.15409  0.68%   182  301s
  6075  3144 4508.50304   28  302 4524.00000 4493.15409  0.68%   181  305s
  6305  3177 4519.76668   34  241 4524.00000 4493.15409  0.68%   180  310s
  6764  3323 4506.39641   36  249 4524.00000 4493.15409  0.68%   177  319s
  7053  3282 4517.33047   44  210 4524.00000 4493.15409  0.68%   176  324s
  7162  3415 4522.49980   48  230 4524.00000 4493.15409  0.68%   175  328s
  7493  3443 4500.01657   33  212 4524.00000 4494.83300  0.64%   174  333s
  7751  3544 4504.07359   42  151 4524.00000 4494.83300  0.64%   173  338s
  8063  3516 4515.74086   56   81 4524.00000 4494.83300  0.64%   172  344s
  8252  3666 4521.30070   69   86 4524.00000 4495.80330  0.62%   171  349s
  8665  3656 4521.04247   48  144 4524.00000 4496.76260  0.60%   170  355s
  8914  3682 infeasible   37      4524.00000 4497.32581  0.59%   169  361s
  9195  3773 4510.49680   26  259 4524.00000 4497.45528  0.59%   168  367s
  9680  3769 4509.55529   21  334 4524.00000 4497.56176  0.58%   167  373s
 10041  3811     cutoff   25      4524.00000 4497.56176  0.58%   166  380s
 10386  3886 4502.84208   26  193 4524.00000 4497.56176  0.58%   166  386s
 10827  4048 4504.30858   21  272 4524.00000 4498.67399  0.56%   166  393s
 11304  4301 4519.43593   26  168 4524.00000 4498.67399  0.56%   166  400s
 11802  4378 4515.59986   31  312 4524.00000 4499.18116  0.55%   166  407s
 12032  4628 4521.38380   35  233 4524.00000 4499.24014  0.55%   165  415s
 12559  4897     cutoff   32      4524.00000 4499.57618  0.54%   164  422s
 13100  5124 4511.61516   39  112 4524.00000 4499.57618  0.54%   163  430s
 13673  5218 4521.53989   46  110 4524.00000 4500.33218  0.52%   164  439s
 14011  5503 4512.13210   34  163 4524.00000 4500.50012  0.52%   163  448s
 14634  5835 4510.51194   33  265 4524.00000 4500.95061  0.51%   162  457s
 15336  5914 4515.46168   35  120 4524.00000 4501.24160  0.50%   161  466s
 15564  6205 4510.67315   28  151 4524.00000 4501.24160  0.50%   161  476s
 16240  6522 4517.57926   43  169 4524.00000 4501.69513  0.49%   161  486s
 17066  6804 4520.31751   26  258 4524.00000 4501.91944  0.49%   160  497s
 17889  6987 4514.99680   23  288 4524.00000 4502.40716  0.48%   159  507s
 18469  7375     cutoff   26      4524.00000 4502.46434  0.48%   158  518s
 19454  7763     cutoff   49      4524.00000 4502.92194  0.47%   157  529s
 20383  8107 4516.38772   39   73 4524.00000 4503.28043  0.46%   155  540s
 21333  8377 4520.37187   35  171 4524.00000 4503.77114  0.45%   154  552s
 22364  8708 4518.09555   34   93 4524.00000 4504.08722  0.44%   154  564s
 23586  9033 4514.13621   44  146 4524.00000 4504.34804  0.43%   152  577s
 24566  9034 4508.15478   45 8271 4524.00000 4504.54628  0.43%   152  600s
 24573  9039 4510.46003   34  336 4524.00000 4504.54628  0.43%   152  605s
 24596  9054 4512.39620   34  393 4524.00000 4504.54628  0.43%   152  610s
 24618  9069 4520.43487   34  394 4524.00000 4504.54628  0.43%   152  615s
 24634  9079 4513.98416   38  388 4524.00000 4504.54628  0.43%   151  620s
 24653  9092 4507.69968   31  392 4524.00000 4504.54628  0.43%   151  625s
 24663  9099 4517.42748   38  387 4524.00000 4504.54628  0.43%   151  630s
 24678  9126 4504.54628   34  401 4524.00000 4504.54628  0.43%   152  636s
 24716  9156 4504.54628   36  405 4524.00000 4504.54628  0.43%   153  642s
 24739  9184 4504.54628   37  387 4524.00000 4504.54628  0.43%   153  645s
 24824  9221 4504.54628   38  284 4524.00000 4504.54628  0.43%   154  651s
 24914  9252 4504.54628   39  317 4524.00000 4504.54628  0.43%   154  657s
 25020  9294 4504.54628   40  255 4524.00000 4504.54628  0.43%   154  662s
 25121  9302 4504.54628   41  271 4524.00000 4504.54628  0.43%   154  667s
 25205  9308 4504.54628   43  293 4524.00000 4504.54628  0.43%   154  672s
 25267  9320 4504.54628   44  275 4524.00000 4504.54628  0.43%   155  677s
 25316  9319 4518.77773   44  226 4524.00000 4504.54628  0.43%   155  680s
 25418  9330 4506.07986   46  266 4524.00000 4504.54628  0.43%   155  685s
 25533  9349 4510.96563   47  219 4524.00000 4504.54628  0.43%   155  691s
 25656  9377 4512.81367   50  263 4524.00000 4504.54628  0.43%   155  697s
 25777  9409     cutoff   52      4524.00000 4504.54628  0.43%   155  702s
 25848  9413 4519.31004   56  145 4524.00000 4504.54628  0.43%   155  706s
 25992  9442     cutoff   62      4524.00000 4504.54628  0.43%   155  712s
 26072  9460 4512.28878   45  184 4524.00000 4504.54628  0.43%   155  716s
 26243  9492 4516.27795   56  142 4524.00000 4504.54628  0.43%   155  723s
 26355  9524     cutoff   66      4524.00000 4504.54628  0.43%   155  726s
 26464  9552 4504.54628   39  298 4524.00000 4504.54628  0.43%   154  730s
 26765  9591 4508.43278   46  266 4524.00000 4504.54628  0.43%   154  739s
 26948  9613 4520.62942   51  238 4524.00000 4504.54628  0.43%   154  743s
 27127  9662     cutoff   56      4524.00000 4504.54628  0.43%   154  747s
 27346  9708 4510.73006   40  217 4524.00000 4504.54628  0.43%   154  752s
 27617  9775 4517.31301   44  165 4524.00000 4504.54628  0.43%   153  756s
 27885  9815 4509.08352   36  194 4524.00000 4504.54628  0.43%   153  761s
 28276  9794 4522.29360   46  163 4524.00000 4504.54628  0.43%   153  766s
 28556  9847 4521.32969   46  212 4524.00000 4504.54628  0.43%   153  770s
 28901  9904 4520.93743   73   58 4524.00000 4504.54628  0.43%   153  775s
 29292  9935 4520.59439   60  125 4524.00000 4504.54628  0.43%   152  780s
 29627  9982 4516.29420   45  183 4524.00000 4504.54628  0.43%   152  785s
H29701  9431                    4522.0000000 4504.54628  0.39%   152  785s
 29962  9527 4511.55685   47  277 4522.00000 4504.54628  0.39%   152  791s
 30448  9467 4506.12431   41  229 4522.00000 4504.54628  0.39%   151  796s
 30826  9492 4514.77794   50  178 4522.00000 4504.54628  0.39%   151  801s
 31214  9491 4512.79551   44  221 4522.00000 4504.54628  0.39%   151  808s
 31673  9520 4512.99302   46  242 4522.00000 4504.54628  0.39%   150  814s
 32116  9567 4511.02338   48  252 4522.00000 4504.54628  0.39%   150  820s
 32815  9602 4511.94522   45  231 4522.00000 4504.54628  0.39%   149  826s
 33401  9597 4514.40406   54  148 4522.00000 4504.54628  0.39%   149  833s
 33908  9702 4515.29245   54  146 4522.00000 4504.54628  0.39%   148  839s
 34609  9728     cutoff   46      4522.00000 4504.54628  0.39%   147  846s
 35264  9697 4514.44563   64  130 4522.00000 4505.21466  0.37%   146  853s
 35963  9644 4514.17095   43  239 4522.00000 4505.63456  0.36%   146  860s
 36723  9561     cutoff   41      4522.00000 4506.05134  0.35%   145  867s
 37480  9525 4517.47491   61  174 4522.00000 4506.44416  0.34%   145  875s
 38386  9406     cutoff   46      4522.00000 4506.93043  0.33%   144  883s
 39240  9385 4515.87046   43  263 4522.00000 4507.40846  0.32%   143  891s
 40294  9160 4517.80324   65  103 4522.00000 4507.78471  0.31%   142  899s
 41178  8886     cutoff   61      4522.00000 4508.11545  0.31%   141  900s

Cutting planes:
  Gomory: 5
  Lift-and-project: 3
  Cover: 385
  Implied bound: 1
  Clique: 36
  MIR: 229
  Knapsack: 13
  StrongCG: 152
  Flow cover: 129
  GUB cover: 24
  Inf proof: 3
  Zero half: 54
  RLT: 233
  Relax-and-lift: 91
  BQP: 126

Explored 41267 nodes (5844150 simplex iterations) in 900.05 seconds (655.62 work units)
Thread count was 22 (of 22 available processors)

Solution count 10: 4522 4524 4526 ... 4752

Time limit reached
Best objective 4.522000000000e+03, best bound 4.509000000000e+03, gap 0.2875%

User-callback calls 160567, time in user-callback 0.78 sec
