FIXINGS_START
(1, 0, 0)
(2, 7, 0)
(2, 8, 0)
(3, 0, 0)
(3, 9, 0)
(4, 5, 0)
(5, 0, 0)
(5, 6, 0)
(6, 0, 0)
(6, 7, 0)
(7, 3, 0)
(8, 0, 0)
(8, 6, 0)
(9, 0, 0)
(9, 4, 0)
(10, 0, 0)
(11, 6, 0)
(11, 7, 0)
(12, 0, 0)
(12, 4, 0)
(13, 0, 0)
(14, 0, 0)
(14, 6, 0)
(15, 4, 0)
(17, 0, 0)
(17, 6, 0)
(5, 1, 0)
(5, 3, 0)
(5, 8, 0)
(5, 9, 0)
(15, 2, 0)
(15, 3, 18)
(14, 1, 0)
(3, 1, 0)
(9, 1, 0)
(0, 0, 0)
(2, 2, 0)
(3, 4, 0)
(0, 1, 0)
(0, 2, 0)
(17, 3, 0)
(11, 0, 0)
(11, 1, 29)
(7, 2, 0)
(17, 5, 5)
(17, 7, 0)
(12, 3, 24)
(14, 3, 0)
(4, 0, 5)
(2, 5, 0)
(13, 1, 40)
(3, 6, 0)
(9, 2, 0)
(14, 4, 0)
FIXINGS_END
found_sol 5454.0 time 0.783
found_sol 5410.0 time 0.786
found_sol 5324.0 time 0.798
found_sol 5036.0 time 1.820
found_sol 5029.0 time 1.837
found_sol 4950.0 time 1.850
found_sol 4942.0 time 1.852
found_sol 4826.0 time 3.560
found_sol 4824.0 time 6.291
found_sol 4631.0 time 6.293
found_sol 4602.0 time 7.491
found_sol 4567.0 time 7.493
found_sol 4551.0 time 7.495
found_sol 4544.0 time 8.456
found_sol 4544.0 time 32.470
found_sol 4551.0 time 32.471
found_sol 4567.0 time 32.472
found_sol 4541.0 time 48.085
found_sol 4538.0 time 65.652
found_sol 4533.0 time 66.606
time 69.734
GUROBI
Status OPTIMAL
Runtime 69.73411011695862
NodeCount 9628.0
IterCount 725737.0
NumVars 7020
NumConstrs 33631
ObjBound 4533.0
ObjBoundC 4533.0
ObjVal 4533.0
MIPGap 0.0
