
Gurobi 13.0.0 (linux64) logging started Sun Jan  4 00:34:02 2026

Set parameter LogFile to value "../experiments/network-n_60_s_2_rp_0-app_set-id_16_10_apps/compact_model_gurobi.log"
Set parameter TimeLimit to value 900
Gurobi Optimizer version 13.0.0 build v13.0.0rc1 (linux64 - "Ubuntu 24.04.3 LTS")

CPU model: Intel(R) Core(TM) Ultra 7 165H, instruction set [SSE2|AVX|AVX2]
Thread count: 22 physical cores, 22 logical processors, using up to 22 threads

Non-default parameters:
TimeLimit  900
LogToConsole  0

Academic license 2539022 - for non-commercial use only - registered to al___@studenti.unimi.it
Optimize a model with 19117 rows, 3900 columns and 43676 nonzeros (Min)
Model fingerprint: 0x25d4e700
Model has 3900 linear objective coefficients
Model has 190 quadratic constraints
Variable types: 0 continuous, 3900 integer (3900 binary)
Coefficient statistics:
  Matrix range     [1e+00, 9e+02]
  QMatrix range    [5e+01, 2e+02]
  Objective range  [1e+01, 2e+02]
  Bounds range     [1e+00, 1e+00]
  RHS range        [1e+00, 1e+09]
  QRHS range       [1e+02, 6e+02]
Presolve removed 18338 rows and 2236 columns
Presolve time: 0.30s
Presolved: 20016 rows, 20716 columns, 127240 nonzeros
Variable types: 0 continuous, 20716 integer (20716 binary)
Found heuristic solution: objective 3446.0000000
Deterministic concurrent LP optimizer: primal and dual simplex
Showing primal log only...

Concurrent spin time: 0.04s

Solved with dual simplex

Root relaxation: objective 2.327924e+03, 793 iterations, 0.17 seconds (0.15 work units)

    Nodes    |    Current Node    |     Objective Bounds      |     Work
 Expl Unexpl |  Obj  Depth IntInf | Incumbent    BestBd   Gap | It/Node Time

     0     0 2327.92394    0   86 3446.00000 2327.92394  32.4%     -    1s
     0     0 2328.41827    0   80 3446.00000 2328.41827  32.4%     -    1s
H    0     0                    2986.0000000 2328.41827  22.0%     -    1s
H    0     0                    2884.0000000 2328.41827  19.3%     -    1s
H    0     0                    2745.0000000 2328.41827  15.2%     -    2s
H    0     0                    2504.0000000 2328.41827  7.01%     -    2s
     0     0 2340.37891    0  119 2504.00000 2340.37891  6.53%     -    2s
H    0     0                    2468.0000000 2350.33475  4.77%     -    2s
     0     0 2350.33475    0  122 2468.00000 2350.33475  4.77%     -    2s
     0     0 2351.01387    0  129 2468.00000 2351.01387  4.74%     -    2s
     0     0 2351.10660    0  123 2468.00000 2351.10660  4.74%     -    2s
     0     0 2360.68712    0  136 2468.00000 2360.68712  4.35%     -    2s
     0     0 2364.03443    0  160 2468.00000 2364.03443  4.21%     -    2s
     0     0 2364.55048    0  163 2468.00000 2364.55048  4.19%     -    2s
     0     0 2364.60300    0  166 2468.00000 2364.60300  4.19%     -    2s
     0     0 2367.45903    0  159 2468.00000 2367.45903  4.07%     -    3s
     0     0 2367.79642    0  162 2468.00000 2367.79642  4.06%     -    3s
     0     0 2368.18154    0  166 2468.00000 2368.18154  4.04%     -    3s
     0     0 2369.41527    0  182 2468.00000 2369.41527  3.99%     -    3s
     0     0 2369.67405    0  187 2468.00000 2369.67405  3.98%     -    3s
     0     0 2370.11361    0  181 2468.00000 2370.11361  3.97%     -    4s
     0     0 2370.11739    0  181 2468.00000 2370.11739  3.97%     -    4s
     0     0 2370.11739    0  173 2468.00000 2370.11739  3.97%     -    4s
H    0     0                    2441.0000000 2370.12140  2.90%     -    4s
     0     2 2370.12140    0  171 2441.00000 2370.12140  2.90%     -    4s
     3     8 2371.14308    2  181 2441.00000 2370.63914  2.88%   174    5s
H   77    96                    2417.0000000 2372.84800  1.83%   172    6s
H   95   140                    2416.0000000 2372.87908  1.78%   157    6s
H  107   140                    2412.0000000 2372.87908  1.62%   156    6s
H  183   229                    2411.0000000 2372.87908  1.58%   137    7s
H  247   265                    2410.0000000 2372.87908  1.54%   128    7s
H  256   265                    2396.0000000 2372.87908  0.96%   127    7s
   680   561 2386.01905   22   97 2396.00000 2372.87908  0.96%  91.3   10s
H  867   668                    2395.0000000 2375.15028  0.83%  87.3   11s
  1653  1085 2389.13639   21  105 2395.00000 2376.24218  0.78%  74.9   15s
  2913  1594 2385.42941   12   87 2395.00000 2379.04044  0.67%  72.3   20s
  4605  2133 2386.87866    8 2150 2395.00000 2380.90844  0.59%  70.0   27s
  4621  2144 2385.39756   10  175 2395.00000 2380.90844  0.59%  69.8   30s
  4760  2263 2380.90844   22  145 2395.00000 2380.90844  0.59%  72.2   35s
* 5633  2073              29    2393.0000000 2381.48189  0.48%  76.3   38s
  6188  1815 2388.62119   28  102 2393.00000 2385.31643  0.32%  77.1   40s

Cutting planes:
  Gomory: 4
  Cover: 109
  Clique: 38
  MIR: 77
  Knapsack: 2
  StrongCG: 43
  Flow cover: 28
  GUB cover: 12
  Zero half: 24
  RLT: 34
  Relax-and-lift: 152
  BQP: 3

Explored 6991 nodes (530239 simplex iterations) in 41.37 seconds (28.82 work units)
Thread count was 22 (of 22 available processors)

Solution count 10: 2393 2395 2396 ... 2468

Optimal solution found (tolerance 1.00e-04)
Best objective 2.393000000000e+03, best bound 2.393000000000e+03, gap 0.0000%

User-callback calls 19451, time in user-callback 0.05 sec
