
Gurobi 13.0.0 (linux64) logging started Mon Jan  5 00:21:37 2026

Set parameter LogFile to value "../experiments/network-n_40_s_0_rp_0-app_set-id_18_11_apps/compact_model_gurobi.log"
Set parameter TimeLimit to value 900
Gurobi Optimizer version 13.0.0 build v13.0.0rc1 (linux64 - "Ubuntu 24.04.3 LTS")

CPU model: Intel(R) Core(TM) Ultra 7 165H, instruction set [SSE2|AVX|AVX2]
Thread count: 22 physical cores, 22 logical processors, using up to 22 threads

Non-default parameters:
TimeLimit  900
LogToConsole  0

Academic license 2539022 - for non-commercial use only - registered to al___@studenti.unimi.it
Optimize a model with 7291 rows, 2880 columns and 18286 nonzeros (Min)
Model fingerprint: 0xc595ef4a
Model has 2880 linear objective coefficients
Model has 128 quadratic constraints
Variable types: 0 continuous, 2880 integer (2880 binary)
Coefficient statistics:
  Matrix range     [1e+00, 9e+02]
  QMatrix range    [5e+01, 2e+02]
  Objective range  [1e+01, 2e+02]
  Bounds range     [1e+00, 1e+00]
  RHS range        [1e+00, 1e+09]
  QRHS range       [1e+02, 6e+02]
Presolve removed 6825 rows and 1960 columns
Presolve time: 0.06s
Presolved: 8415 rows, 8744 columns, 49794 nonzeros
Variable types: 0 continuous, 8744 integer (8744 binary)

Root relaxation: objective 3.856534e+03, 1377 iterations, 0.10 seconds (0.14 work units)

    Nodes    |    Current Node    |     Objective Bounds      |     Work
 Expl Unexpl |  Obj  Depth IntInf | Incumbent    BestBd   Gap | It/Node Time

     0     0 3856.53352    0  173          - 3856.53352      -     -    0s
     0     0 infeasible    0               - infeasible      -     -    0s

Cutting planes:
  Gomory: 7
  Cover: 22
  Clique: 21
  MIR: 24
  Knapsack: 3
  StrongCG: 11
  GUB cover: 6
  Zero half: 25
  RLT: 63
  Relax-and-lift: 28
  BQP: 36
  PSD: 1

Explored 1 nodes (1872 simplex iterations) in 0.85 seconds (0.65 work units)
Thread count was 22 (of 22 available processors)

Solution count 0

Model is infeasible
Best objective -, best bound -, gap -

User-callback calls 817, time in user-callback 0.00 sec
