
Gurobi 13.0.0 (linux64) logging started Thu Jan 15 04:53:38 2026

Set parameter LogFile to value "../experiments/network-n_50_s_0_rp_0-app_set-id_45_20_apps/submip_40_epr0_model_gurobi.log"
Set parameter TimeLimit to value 8.9508888426701014e+02
Gurobi Optimizer version 13.0.0 build v13.0.0rc1 (linux64 - "Ubuntu 24.04.3 LTS")

CPU model: Intel(R) Core(TM) Ultra 7 165H, instruction set [SSE2|AVX|AVX2]
Thread count: 22 physical cores, 22 logical processors, using up to 22 threads

Non-default parameters:
TimeLimit  8.9508888426701014e+02
LogToConsole  0

Academic license 2539022 - for non-commercial use only - registered to al___@studenti.unimi.it
Optimize a model with 33991 rows, 6500 columns and 76898 nonzeros (Min)
Model fingerprint: 0x0762f2d2
Model has 6500 linear objective coefficients
Model has 166 quadratic constraints
Variable types: 0 continuous, 6500 integer (6500 binary)
Coefficient statistics:
  Matrix range     [1e+00, 9e+02]
  QMatrix range    [5e+01, 2e+02]
  Objective range  [1e+01, 2e+02]
  Bounds range     [1e+00, 1e+00]
  RHS range        [1e+00, 1e+09]
  QRHS range       [1e+02, 6e+02]

Loaded MIP start from previous solve with objective 4834

Presolve removed 33253 rows and 5279 columns
Presolve time: 0.12s
Presolved: 10077 rows, 10405 columns, 63210 nonzeros
Variable types: 0 continuous, 10405 integer (10405 binary)

Root relaxation: objective 4.597310e+03, 1461 iterations, 0.09 seconds (0.17 work units)

    Nodes    |    Current Node    |     Objective Bounds      |     Work
 Expl Unexpl |  Obj  Depth IntInf | Incumbent    BestBd   Gap | It/Node Time

     0     0 4597.31009    0  194 4834.00000 4597.31009  4.90%     -    0s
     0     0 4646.40337    0  187 4834.00000 4646.40337  3.88%     -    0s
     0     0 4695.23865    0  192 4834.00000 4695.23865  2.87%     -    1s
     0     0 4696.10861    0  208 4834.00000 4696.10861  2.85%     -    1s
     0     0 4696.13534    0  210 4834.00000 4696.13534  2.85%     -    1s
     0     0 4722.23416    0  225 4834.00000 4722.23416  2.31%     -    1s
     0     0 4731.87261    0  286 4834.00000 4731.87261  2.11%     -    1s
     0     0 4732.94790    0  264 4834.00000 4732.94790  2.09%     -    1s
     0     0 4745.11907    0  256 4834.00000 4745.11907  1.84%     -    2s
     0     0 4745.11907    0  252 4834.00000 4745.11907  1.84%     -    2s
     0     0 4745.11907    0  252 4834.00000 4745.11907  1.84%     -    2s
     0     2 4745.11907    0  246 4834.00000 4745.11907  1.84%     -    2s
   214   259 4767.63525   10  278 4834.00000 4762.75741  1.47%   239    5s
   796   773 4781.27041   24  240 4834.00000 4765.72461  1.41%   178   10s
  1621  1380 4811.26300   34  231 4834.00000 4766.66267  1.39%   157   15s
  2702  2069 4809.85564   13  189 4834.00000 4767.18179  1.38%   148   20s
  3160  2257 4816.72529   70  191 4834.00000 4768.37654  1.36%   147   25s
  3206  2288 4804.31080   32  336 4834.00000 4768.37654  1.36%   145   30s
  3254  2329 4768.37654   18  272 4834.00000 4768.37654  1.36%   147   35s
  3419  2445 4780.95485   24  282 4834.00000 4776.74068  1.18%   158   40s
  3682  2539 4793.38398   28  291 4834.00000 4778.26038  1.15%   163   45s
  3845  2582 4797.23345   31  271 4834.00000 4780.26973  1.11%   164   50s
  4012  2641 4803.42599   33  229 4834.00000 4782.00208  1.08%   165   55s
  4255  2703 4801.87053   36  263 4834.00000 4782.00208  1.08%   164   60s
  4623  2894 4804.94794   38  258 4834.00000 4782.74707  1.06%   163   65s
  5095  3029 4814.78793   39  191 4834.00000 4784.61225  1.02%   160   70s
  5802  3215 4826.91109   41  196 4834.00000 4786.66746  0.98%   159   76s
  6411  3289 4822.54854   30  259 4834.00000 4787.99215  0.95%   158   81s
  7081  3460 4823.56552   28  117 4834.00000 4789.79489  0.91%   157   86s
  7624  3442 4810.22161   35   96 4834.00000 4790.41474  0.90%   156   90s
  8312  3676 4809.94717   35  232 4834.00000 4791.64570  0.88%   156   96s
  9046  3772     cutoff   30      4834.00000 4792.07584  0.87%   155  102s
  9946  3855     cutoff   36      4834.00000 4793.66261  0.83%   152  107s
 10435  3963 4808.83787   31  193 4834.00000 4794.80011  0.81%   151  110s
 11141  4355 4815.56244   40  128 4834.00000 4795.79056  0.79%   151  115s
 12148  4740 4821.16193   47  175 4834.00000 4796.29543  0.78%   150  121s
 13037  5032 infeasible   32      4834.00000 4797.75400  0.75%   149  128s
 13132  5255 4809.77749   30  243 4834.00000 4797.75400  0.75%   149  131s
 14189  5766 4817.73117   41  245 4834.00000 4798.71553  0.73%   148  138s
 14798  6063 4808.60467   34  190 4834.00000 4799.19848  0.72%   147  141s
 15450  6358 4831.36218   39  259 4834.00000 4799.80824  0.71%   147  145s
 16946  6919     cutoff   32      4834.00000 4800.80551  0.69%   145  153s
 17655  7269 4820.11908   35  188 4834.00000 4801.12190  0.68%   144  156s
 18421  7483     cutoff   42      4834.00000 4801.66435  0.67%   144  161s
 18987  7790 4823.55718   27  207 4834.00000 4801.93231  0.66%   144  165s
 20712  8354     cutoff   28      4834.00000 4803.22814  0.64%   143  174s
 21547  8609 4815.85828   39  181 4834.00000 4803.59499  0.63%   143  178s
 22591  8870     cutoff   32      4834.00000 4804.09788  0.62%   142  183s
 23308  9256 4819.29339   37  123 4834.00000 4804.43408  0.61%   141  188s
 24318  9658 4825.98932   53  161 4834.00000 4804.87104  0.60%   141  195s
 26416 10048 4824.28203   42  173 4834.00000 4805.82066  0.58%   140  204s
 27043 10456 4825.32325   33  139 4834.00000 4806.23198  0.57%   140  209s
 28210 10796 4827.10262   40  114 4834.00000 4806.64256  0.57%   139  215s
 29431 11127 4818.09668   26  156 4834.00000 4807.01091  0.56%   139  220s
 30673 11521 4828.63161   24  210 4834.00000 4807.43902  0.55%   138  226s
 31841 11936 4822.47715   38  225 4834.00000 4807.81276  0.54%   138  232s
 33106 12352 4828.86533   31  188 4834.00000 4808.31466  0.53%   137  238s
 34487 12721 4823.91042   38  145 4834.00000 4808.75045  0.52%   137  244s
 35916 13015 4830.19274   34  156 4834.00000 4809.10420  0.52%   136  250s
 37243 13202     cutoff   30      4834.00000 4809.65065  0.50%   136  257s
 38270 13615     cutoff   39      4834.00000 4809.91903  0.50%   136  264s
 39837 13918     cutoff   41      4834.00000 4810.44049  0.49%   136  271s
 41373 14270 4828.43773   39  204 4834.00000 4810.83272  0.48%   135  278s
 43078 14622     cutoff   40      4834.00000 4811.41852  0.47%   135  286s
 44834 14934 4830.30435   40  115 4834.00000 4811.75266  0.46%   135  294s
 46733 15305 4827.09258   38   72 4834.00000 4812.22757  0.45%   134  302s
 48693 15661     cutoff   32      4834.00000 4812.73462  0.44%   134  336s
 51084 15940 4832.85482   39  180 4834.00000 4813.28546  0.43%   133  344s
 52415 16278     cutoff   39      4834.00000 4813.62443  0.42%   133  354s
 54650 16576 4821.88134   35  135 4834.00000 4814.00736  0.41%   133  364s
 57047 16847     cutoff   34      4834.00000 4814.39394  0.41%   133  374s
 59416 17030     cutoff   38      4834.00000 4814.91379  0.39%   132  384s
 61827 17255 4827.30873   38  152 4834.00000 4815.38523  0.39%   132  394s
 64252 17313     cutoff   39      4834.00000 4815.94025  0.37%   132  404s
 65774 17409 4828.80479   40  194 4834.00000 4815.98801  0.37%   132  414s
 67638 17441 4825.63475   42  155 4834.00000 4816.06638  0.37%   131  425s
 70133 17451 4831.31715   32   97 4834.00000 4817.11295  0.35%   131  436s
 72728 17406     cutoff   38      4834.00000 4817.59494  0.34%   131  448s
 75333 17283 4827.96884   42  101 4834.00000 4818.15569  0.33%   131  458s
 77874 17082 4830.19162   49  171 4834.00000 4818.61673  0.32%   131  468s
 80207 16996     cutoff   36      4834.00000 4819.14187  0.31%   131  477s
 81442 16775 4823.86829   45  170 4834.00000 4819.18314  0.31%   130  487s
 83789 16421 4832.18671   39  116 4834.00000 4819.66237  0.30%   130  497s
 86326 16021 4826.66434   31  159 4834.00000 4820.31718  0.28%   130  508s
 88848 15650 4832.03298   44  138 4834.00000 4820.83921  0.27%   130  517s
 91482 15104 4830.38219   54  112 4834.00000 4821.31914  0.26%   130  527s
 93955 14517     cutoff   35      4834.00000 4821.85487  0.25%   130  537s
 96568 13816 4829.25584   35  137 4834.00000 4822.26515  0.24%   129  546s
 99058 12997     cutoff   40      4834.00000 4822.89231  0.23%   129  555s
 101442 12078 4826.34883   42  148 4834.00000 4823.36420  0.22%   129  564s
 103841 11038     cutoff   44      4834.00000 4823.99409  0.21%   129  573s
 106214 10943     cutoff   36      4834.00000 4824.56323  0.20%   128  581s
 106418  9880     cutoff   41      4834.00000 4824.59658  0.19%   128  590s
 108931  8476 4828.51037   49  159 4834.00000 4825.04935  0.19%   128  599s
 111560  6915 4830.62067   34  155 4834.00000 4825.84335  0.17%   127  607s
 114180  5141     cutoff   36      4834.00000 4826.63207  0.15%   126  614s
 116713  3177 4831.16049   46  121 4834.00000 4827.52032  0.13%   125  620s
 119198  1019     cutoff   54      4834.00000 4828.66718  0.11%   124  625s

Cutting planes:
  Gomory: 6
  Lift-and-project: 7
  Cover: 530
  Clique: 39
  MIR: 272
  Knapsack: 9
  StrongCG: 159
  Flow cover: 162
  GUB cover: 20
  Inf proof: 1
  Zero half: 57
  Mod-K: 2
  RLT: 219
  Relax-and-lift: 86
  BQP: 57
  PSD: 5

Explored 122636 nodes (14984059 simplex iterations) in 626.70 seconds (515.65 work units)
Thread count was 22 (of 22 available processors)

Solution count 1: 4834 

Optimal solution found (tolerance 1.00e-04)
Best objective 4.834000000000e+03, best bound 4.834000000000e+03, gap 0.0000%

User-callback calls 293130, time in user-callback 0.49 sec
Set parameter LogToConsole to value 0
