FIXINGS_START
(0, 0, 0)
(1, 0, 0)
(1, 9, 0)
(2, 0, 0)
(3, 6, 0)
(4, 0, 0)
(5, 0, 0)
(6, 0, 0)
(7, 0, 0)
(8, 0, 0)
(9, 0, 0)
(9, 4, 0)
(10, 0, 0)
(10, 4, 0)
(11, 0, 0)
(12, 0, 0)
(12, 9, 0)
(13, 0, 0)
(13, 7, 0)
(14, 0, 0)
(14, 6, 0)
(15, 0, 0)
(15, 1, 0)
(16, 0, 0)
(16, 6, 0)
(17, 0, 0)
(19, 0, 0)
(19, 8, 0)
(15, 3, 27)
(15, 4, 0)
(15, 5, 0)
(8, 2, 0)
(8, 4, 14)
(19, 3, 0)
(11, 2, 0)
(1, 1, 2)
(6, 1, 0)
(6, 4, 0)
(8, 3, 13)
(1, 2, 33)
(4, 1, 0)
(1, 3, 0)
(9, 1, 0)
(0, 2, 0)
(14, 1, 0)
(13, 5, 0)
(14, 3, 0)
(18, 0, 0)
(1, 4, 0)
(7, 1, 0)
(9, 5, 0)
(18, 1, 0)
(1, 5, 0)
(14, 4, 17)
(4, 2, 1)
(16, 2, 0)
(19, 6, 0)
(3, 0, 0)
(14, 5, 33)
FIXINGS_END
found_sol 4961.0 time 12.654
found_sol 4951.0 time 12.952
found_sol 4946.0 time 13.567
found_sol 4929.0 time 13.568
found_sol 4926.0 time 14.911
found_sol 4922.0 time 21.013
found_sol 4916.0 time 29.736
found_sol 4916.0 time 33.299
found_sol 4922.0 time 33.301
found_sol 4926.0 time 33.303
found_sol 4905.0 time 40.139
found_sol 4902.0 time 64.580
found_sol 4898.0 time 93.422
found_sol 4879.0 time 95.210
found_sol 4878.0 time 96.754
found_sol 4834.0 time 105.363
found_sol 4834.0 time 895.200
time 895.209
GUROBI
Status TIME_LIMIT
Runtime 895.2085468769073
NodeCount 90110.0
IterCount 16694111.0
NumVars 6500
NumConstrs 33981
ObjBound 4811.0
ObjBoundC 4810.335424866317
ObjVal 4834.0
MIPGap 0.004757964418700869
