
Gurobi 13.0.0 (linux64) logging started Thu Jan 15 04:38:43 2026

Set parameter LogFile to value "../experiments/network-n_50_s_0_rp_0-app_set-id_45_20_apps/submip_30_epr0_model_gurobi.log"
Set parameter TimeLimit to value 8.9513872816199728e+02
Gurobi Optimizer version 13.0.0 build v13.0.0rc1 (linux64 - "Ubuntu 24.04.3 LTS")

CPU model: Intel(R) Core(TM) Ultra 7 165H, instruction set [SSE2|AVX|AVX2]
Thread count: 22 physical cores, 22 logical processors, using up to 22 threads

Non-default parameters:
TimeLimit  8.9513872816199728e+02
LogToConsole  0

Academic license 2539022 - for non-commercial use only - registered to al___@studenti.unimi.it
Optimize a model with 33981 rows, 6500 columns and 76888 nonzeros (Min)
Model fingerprint: 0xa1d6dba0
Model has 6500 linear objective coefficients
Model has 166 quadratic constraints
Variable types: 0 continuous, 6500 integer (6500 binary)
Coefficient statistics:
  Matrix range     [1e+00, 9e+02]
  QMatrix range    [5e+01, 2e+02]
  Objective range  [1e+01, 2e+02]
  Bounds range     [1e+00, 1e+00]
  RHS range        [1e+00, 1e+09]
  QRHS range       [1e+02, 6e+02]
Presolve removed 33066 rows and 4977 columns
Presolve time: 0.13s
Presolved: 14254 rows, 14703 columns, 89015 nonzeros
Variable types: 0 continuous, 14703 integer (14703 binary)

Root relaxation: objective 4.595210e+03, 1826 iterations, 0.13 seconds (0.27 work units)

    Nodes    |    Current Node    |     Objective Bounds      |     Work
 Expl Unexpl |  Obj  Depth IntInf | Incumbent    BestBd   Gap | It/Node Time

     0     0 4595.21013    0  195          - 4595.21013      -     -    0s
     0     0 4633.33319    0  245          - 4633.33319      -     -    1s
     0     0 4685.63361    0  224          - 4685.63361      -     -    1s
     0     0 4686.81824    0  229          - 4686.81824      -     -    1s
     0     0 4686.85856    0  232          - 4686.85856      -     -    1s
     0     0 4716.41813    0  318          - 4716.41813      -     -    2s
     0     0 4717.95131    0  305          - 4717.95131      -     -    2s
     0     0 4719.08203    0  337          - 4719.08203      -     -    2s
     0     0 4734.98092    0  269          - 4734.98092      -     -    2s
     0     0 4744.72081    0  263          - 4744.72081      -     -    3s
     0     0 4746.88171    0  254          - 4746.88171      -     -    3s
     0     0 4751.60698    0  245          - 4751.60698      -     -    3s
     0     0 4751.61443    0  242          - 4751.61443      -     -    3s
     0     0 4751.61443    0  242          - 4751.61443      -     -    3s
     0     2 4751.61815    0  242          - 4751.61815      -     -    4s
     7    16 4755.35476    3  225          - 4755.35476      -   245    5s
   463   490 4764.16283   16  232          - 4758.42971      -   172   10s
H  564   586                    4961.0000000 4758.42971  4.08%   166   12s
H  591   643                    4951.0000000 4758.42971  3.89%   166   12s
H  709   724                    4946.0000000 4758.42971  3.79%   161   13s
H  712   724                    4929.0000000 4758.42971  3.46%   161   13s
H  859   872                    4926.0000000 4758.42971  3.40%   161   14s
   891   894 4777.94981   33  199 4926.00000 4758.42971  3.40%   162   15s
  1674  1697 4805.32023   57  239 4926.00000 4758.54420  3.40%   159   20s
H 1842  1825                    4922.0000000 4758.54420  3.32%   156   21s
  2503  2364 4839.86077   75  227 4922.00000 4759.45405  3.30%   149   25s
H 2897  2565                    4916.0000000 4759.45405  3.18%   153   29s
  2898  2566 4810.14122   19 6225 4916.00000 4759.45405  3.18%   153   33s
  2901  2568 4825.96890   62  237 4916.00000 4759.45405  3.18%   153   35s
H 2936  2460                    4905.0000000 4759.45405  2.97%   151   40s
  2974  2486 4785.47541   14  344 4905.00000 4759.45405  2.97%   149   45s
  2982  2494 4759.76446   11  306 4905.00000 4759.64293  2.96%   154   50s
  2996  2517 4774.45487   14  334 4905.00000 4762.64043  2.90%   156   55s
  3034  2579 4782.60923   16  316 4905.00000 4770.37563  2.74%   163   60s
H 3141  2484                    4902.0000000 4773.19342  2.63%   170   64s
  3160  2524 4803.46686   18  279 4902.00000 4773.19342  2.63%   171   66s
  3248  2577 4785.35265   19  326 4902.00000 4773.19342  2.63%   175   70s
  3367  2671 4799.25032   21  278 4902.00000 4773.19342  2.63%   180   75s
  3548  2769 4794.27129   23  270 4902.00000 4773.19342  2.63%   183   81s
  3666  2864 4813.15676   25  267 4902.00000 4773.19342  2.63%   185   86s
  3806  2904 4803.95513   26  248 4902.00000 4773.54237  2.62%   186   90s
H 3872  2838                    4898.0000000 4773.54237  2.54%   187   93s
  3907  2933 4807.80504   28  241 4898.00000 4773.54237  2.54%   186   95s
H 3909  2818                    4879.0000000 4773.54237  2.16%   187   95s
H 4027  2763                    4878.0000000 4774.30983  2.13%   187   96s
  4274  2835 4815.37388   31  232 4878.00000 4774.31584  2.13%   187  101s
  4551  2837 4814.53186   34  240 4878.00000 4775.69933  2.10%   187  105s
H 4552  2622                    4834.0000000 4775.69933  1.21%   187  105s
  4876  2622 4826.20854   41  267 4834.00000 4775.69933  1.21%   192  111s
  5240  2616 4807.25499   16  239 4834.00000 4775.96270  1.20%   193  115s
  5692  2649 4831.57533   28  260 4834.00000 4777.77822  1.16%   193  120s
  6094  2777 4822.47928   32  266 4834.00000 4778.58119  1.15%   193  125s
  6385  2967 4806.59733   22  171 4834.00000 4778.58119  1.15%   194  130s
  7004  3127 4816.19537   28  264 4834.00000 4778.58119  1.15%   190  136s
  7221  3119     cutoff   36      4834.00000 4778.58119  1.15%   190  140s
  7610  3267 4797.01481   23  280 4834.00000 4778.58119  1.15%   190  146s
  8067  3346 4818.07240   47  209 4834.00000 4778.58119  1.15%   190  153s
  8244  3421 4827.57800   60  178 4834.00000 4781.91664  1.08%   191  156s
  8533  3410 4819.83886   24  252 4834.00000 4783.57737  1.04%   192  160s
  9069  3736 4808.95409   28  189 4834.00000 4784.53877  1.02%   193  167s
  9439  3894 4832.17450   39  208 4834.00000 4784.59304  1.02%   192  171s
  9797  4035 4813.20837   20  275 4834.00000 4785.35485  1.01%   193  175s
 10104  4224 4814.26332   25  153 4834.00000 4785.35485  1.01%   195  180s
 10986  4666 4830.60523   29  123 4834.00000 4786.35313  0.99%   196  189s
 11357  4970 4803.37667   28  221 4834.00000 4787.64899  0.96%   197  193s
 11881  5302 4829.48268   44  133 4834.00000 4787.95367  0.95%   196  198s
 12405  5389 4822.69723   39  152 4834.00000 4787.95367  0.95%   195  203s
 12591  5688 4822.92691   26  229 4834.00000 4787.95367  0.95%   195  208s
 13184  6036 4797.08776   23  305 4834.00000 4789.62782  0.92%   194  213s
 13809  6425 4798.06657   22  265 4834.00000 4789.72148  0.92%   193  219s
 14445  6610 4806.82826   22  253 4834.00000 4790.80238  0.89%   193  225s
 14779  6981 4817.30408   31  248 4834.00000 4790.80238  0.89%   193  231s
 15483  7396 infeasible   31      4834.00000 4791.52359  0.88%   192  237s
 16231  7730 4824.14232   28  154 4834.00000 4791.57709  0.88%   191  243s
 16852  8124 4804.46995   25  195 4834.00000 4792.11653  0.87%   190  250s
 17543  8516 4807.30843   25  214 4834.00000 4792.54090  0.86%   190  257s
 18357  8580 4808.44044   30  277 4834.00000 4793.31871  0.84%   189  264s
 18465  9004 4810.05925   32  254 4834.00000 4793.33765  0.84%   189  271s
 19211  9371 4809.04071   38  193 4834.00000 4793.78755  0.83%   189  278s
 20068  9892 4810.73419   28  243 4834.00000 4794.36347  0.82%   189  286s
 21002 10231 4825.78599   46  141 4834.00000 4794.74461  0.81%   188  294s
 21885 10542 4805.92331   26  277 4834.00000 4795.27429  0.80%   188  302s
 22829 10668 4822.59382   23  207 4834.00000 4795.80982  0.79%   189  310s
 23286 11223 4804.75469   25  243 4834.00000 4795.89406  0.79%   189  319s
 24540 11782 4807.42071   28  304 4834.00000 4796.42641  0.78%   188  331s
 25565 12104 4819.70208   22  206 4834.00000 4796.80832  0.77%   187  340s
 26401 12431 4814.11434   27  199 4834.00000 4797.11855  0.76%   188  350s
 27411 13027 4815.71796   27  205 4834.00000 4797.39119  0.76%   188  360s
 28653 13514 4812.90566   36  234 4834.00000 4797.99832  0.74%   187  370s
 29780 14053 4808.37914   24  267 4834.00000 4798.26018  0.74%   188  380s
 31107 14510 4822.57660   27  230 4834.00000 4798.96878  0.72%   188  391s
 32376 15054 4806.62079   34  231 4834.00000 4799.39207  0.72%   188  401s
 33757 15524 4815.59050   35  203 4834.00000 4799.77368  0.71%   188  412s
 35022 15758 4812.32135   30  240 4834.00000 4799.90194  0.71%   187  424s
 35663 16461 4813.33068   35  270 4834.00000 4800.24208  0.70%   187  436s
 37226 17124 4810.96131   32  265 4834.00000 4800.68223  0.69%   187  449s
 38882 17869 4812.91330   33  269 4834.00000 4801.11632  0.68%   187  462s
 40569 18341 4818.07475   30  253 4834.00000 4801.64052  0.67%   186  475s
 42134 18976 4828.24598   21  248 4834.00000 4801.98174  0.66%   186  489s
 43777 19620 4811.26492   28  174 4834.00000 4802.44450  0.65%   186  504s
 45578 20364 4817.71793   28  253 4834.00000 4802.79626  0.65%   186  518s
 47503 21067 4829.13958   31  162 4834.00000 4803.43978  0.63%   186  533s
 49385 21588 4827.33223   27  236 4834.00000 4803.74388  0.63%   187  589s
 50931 22574 4819.80153   32  272 4834.00000 4804.07028  0.62%   186  612s
 54137 23400 4828.19252   28  201 4834.00000 4804.64029  0.61%   186  630s
 56645 23957 4822.23033   33  255 4834.00000 4805.08690  0.60%   185  647s
 58455 24688 4824.18626   37  242 4834.00000 4805.52019  0.59%   186  666s
 60809 25515 4820.35434   44  182 4834.00000 4805.97196  0.58%   186  685s
 63398 26272 4816.46514   34  224 4834.00000 4806.43553  0.57%   186  703s
 65911 26920 4831.30063   25  273 4834.00000 4806.82622  0.56%   186  721s
 68420 27326 4818.34705   28  107 4834.00000 4807.18936  0.55%   186  739s
 70151 28000 4830.83246   21  221 4834.00000 4807.49594  0.55%   186  757s
 72700 28548 4826.57653   44  190 4834.00000 4807.75529  0.54%   186  775s
 74947 29140 4818.12901   28  235 4834.00000 4808.21761  0.53%   186  797s
 77736 29643 4822.77105   28  240 4834.00000 4808.61593  0.53%   186  813s
 79480 30243 4815.85086   24  285 4834.00000 4808.79737  0.52%   186  831s
 82166 30819 4812.47121   28  185 4834.00000 4809.27056  0.51%   185  849s
 84544 31316 4821.36144   34  272 4834.00000 4809.61328  0.50%   185  866s
 86755 31663     cutoff   38      4834.00000 4809.83219  0.50%   185  883s
 88648 31990 4817.71929   39  248 4834.00000 4810.12429  0.49%   185  895s

Cutting planes:
  Gomory: 11
  Lift-and-project: 1
  Cover: 505
  Implied bound: 1
  Clique: 48
  MIR: 376
  Knapsack: 12
  StrongCG: 279
  Flow cover: 346
  GUB cover: 21
  Inf proof: 3
  Zero half: 104
  RLT: 238
  Relax-and-lift: 127
  BQP: 66

Explored 90110 nodes (16694111 simplex iterations) in 895.20 seconds (778.50 work units)
Thread count was 22 (of 22 available processors)

Solution count 10: 4834 4878 4879 ... 4929

Time limit reached
Best objective 4.834000000000e+03, best bound 4.811000000000e+03, gap 0.4758%

User-callback calls 283364, time in user-callback 0.93 sec
Set parameter LogToConsole to value 0
