FIXINGS_START
(0, 0, 0)
(1, 0, 0)
(1, 9, 0)
(2, 0, 0)
(3, 6, 0)
(4, 0, 0)
(5, 0, 0)
(6, 0, 0)
(7, 0, 0)
(8, 0, 0)
(9, 0, 0)
(9, 4, 0)
(10, 0, 0)
(10, 4, 0)
(11, 0, 0)
(12, 0, 0)
(12, 9, 0)
(13, 0, 0)
(13, 7, 0)
(14, 0, 0)
(14, 6, 0)
(15, 0, 0)
(15, 1, 0)
(16, 0, 0)
(16, 6, 0)
(17, 0, 0)
(19, 0, 0)
(19, 8, 0)
(3, 0, 0)
(3, 1, 0)
(3, 2, 0)
(3, 5, 0)
(6, 1, 0)
(6, 4, 0)
(0, 1, 10)
(11, 1, 0)
(9, 1, 0)
(19, 3, 0)
(9, 2, 30)
(19, 4, 26)
(4, 1, 0)
(1, 3, 0)
(11, 2, 0)
(7, 1, 0)
(10, 1, 0)
(8, 2, 0)
(10, 2, 0)
(7, 2, 29)
(0, 2, 0)
(7, 3, 33)
(14, 1, 0)
(8, 3, 13)
(12, 1, 0)
(16, 2, 0)
(9, 3, 24)
(14, 2, 22)
(19, 6, 0)
(16, 3, 0)
(14, 3, 0)
FIXINGS_END
found_sol 4996.0 time 48.041
found_sol 4992.0 time 57.603
found_sol 4969.0 time 95.220
found_sol 4942.0 time 105.198
found_sol 4939.0 time 107.906
found_sol 4934.0 time 107.908
found_sol 4919.0 time 107.909
found_sol 4912.0 time 107.910
found_sol 4912.0 time 369.190
found_sol 4919.0 time 369.190
found_sol 4934.0 time 369.191
found_sol 4908.0 time 443.435
found_sol 4907.0 time 622.460
found_sol 4901.0 time 628.778
found_sol 4895.0 time 628.780
found_sol 4893.0 time 628.795
found_sol 4885.0 time 644.741
found_sol 4884.0 time 856.095
found_sol 4879.0 time 857.843
found_sol 4879.0 time 857.869
time 857.876
GUROBI
Status TIME_LIMIT
Runtime 857.8753750324249
NodeCount 122481.0
IterCount 16306613.0
NumVars 6500
NumConstrs 33981
ObjBound 4859.0
ObjBoundC 4858.890829098744
ObjVal 4879.0
MIPGap 0.004099200655872105
