
Gurobi 13.0.0 (linux64) logging started Fri Jan  2 16:19:40 2026

Set parameter LogFile to value "../experiments/network-n_50_s_1_rp_0-app_set-id_62_25_apps/compact_model_gurobi.log"
Set parameter TimeLimit to value 900
Gurobi Optimizer version 13.0.0 build v13.0.0rc1 (linux64 - "Ubuntu 24.04.3 LTS")

CPU model: Intel(R) Core(TM) Ultra 7 165H, instruction set [SSE2|AVX|AVX2]
Thread count: 22 physical cores, 22 logical processors, using up to 22 threads

Non-default parameters:
TimeLimit  900
LogToConsole  0

Academic license 2539022 - for non-commercial use only - registered to al___@studenti.unimi.it
Optimize a model with 51412 rows, 8100 columns and 114399 nonzeros (Min)
Model fingerprint: 0xa9c7a620
Model has 8100 linear objective coefficients
Model has 164 quadratic constraints
Variable types: 0 continuous, 8100 integer (8100 binary)
Coefficient statistics:
  Matrix range     [1e+00, 9e+02]
  QMatrix range    [5e+01, 2e+02]
  Objective range  [1e+01, 2e+02]
  Bounds range     [1e+00, 1e+00]
  RHS range        [1e+00, 1e+09]
  QRHS range       [1e+02, 6e+02]
Presolve removed 49364 rows and 4653 columns
Presolve time: 0.50s
Presolved: 43921 rows, 45157 columns, 277270 nonzeros
Variable types: 0 continuous, 45157 integer (45157 binary)
Deterministic concurrent LP optimizer: primal and dual simplex
Showing primal log only...

Concurrent spin time: 0.00s

Solved with dual simplex

Root relaxation: objective 5.895849e+03, 4796 iterations, 1.49 seconds (1.72 work units)

    Nodes    |    Current Node    |     Objective Bounds      |     Work
 Expl Unexpl |  Obj  Depth IntInf | Incumbent    BestBd   Gap | It/Node Time

     0     0 5895.84948    0  518          - 5895.84948      -     -    3s
     0     0 7079.76007    0  696          - 7079.76007      -     -   10s
     0     0 8770.03916    0  651          - 8770.03916      -     -   15s
     0     0 8809.47888    0  700          - 8809.47888      -     -   17s
     0     0 8810.61484    0  713          - 8810.61484      -     -   18s
     0     0 infeasible    0               - infeasible      -     -   37s

Cutting planes:
  Gomory: 2
  Cover: 28
  Clique: 16
  MIR: 15
  Knapsack: 23
  StrongCG: 17
  GUB cover: 5
  Zero half: 10
  RLT: 192
  Relax-and-lift: 28
  BQP: 65

Explored 1 nodes (62503 simplex iterations) in 37.37 seconds (41.23 work units)
Thread count was 22 (of 22 available processors)

Solution count 0

Model is infeasible
Best objective -, best bound -, gap -

User-callback calls 1532, time in user-callback 0.00 sec
