FIXINGS_START
(0, 0, 0)
(1, 0, 0)
(2, 4, 0)
(3, 0, 0)
(4, 9, 0)
(5, 0, 0)
(6, 0, 0)
(6, 9, 0)
(7, 0, 0)
(7, 1, 0)
(8, 0, 0)
(9, 0, 0)
(11, 0, 0)
(12, 0, 0)
(12, 9, 0)
(15, 0, 0)
(15, 4, 0)
(16, 0, 0)
(17, 0, 0)
(18, 3, 0)
(19, 0, 0)
(19, 6, 0)
(20, 0, 0)
(20, 8, 0)
(21, 0, 0)
(21, 9, 0)
(22, 4, 0)
(23, 3, 0)
(24, 0, 0)
(25, 0, 0)
(25, 4, 0)
(21, 6, 0)
(24, 2, 0)
(10, 0, 0)
(2, 1, 0)
(16, 1, 4)
(5, 1, 27)
(22, 1, 0)
(11, 2, 29)
(7, 2, 0)
(14, 0, 0)
(10, 6, 0)
(15, 3, 0)
(17, 1, 0)
(1, 2, 28)
(20, 1, 11)
(7, 3, 0)
(12, 2, 34)
(0, 2, 0)
(15, 5, 0)
(14, 1, 0)
(23, 2, 0)
(1, 4, 0)
(1, 6, 29)
(3, 1, 0)
(8, 3, 0)
(14, 3, 0)
(10, 7, 0)
(13, 2, 0)
(6, 4, 0)
(15, 6, 12)
(8, 7, 0)
(19, 3, 0)
(12, 4, 37)
(7, 5, 0)
(1, 7, 0)
(15, 7, 0)
(2, 2, 0)
(22, 2, 0)
(3, 2, 0)
(6, 5, 21)
(8, 8, 0)
(2, 3, 0)
FIXINGS_END
time 890.422
GUROBI
Status TIME_LIMIT
Runtime 890.4214849472046
NodeCount 7944.0
IterCount 3433036.0
NumVars 10140
NumConstrs 51887
ObjBound 7841.0
ObjBoundC 7840.943982303666
ObjVal inf
MIPGap inf
