
Gurobi 13.0.0 (linux64) logging started Fri Jan 16 06:54:10 2026

Set parameter LogFile to value "../experiments/network-n_60_s_0_rp_0-app_set-id_47_20_apps/submip_40_epr1_model_gurobi.log"
Set parameter TimeLimit to value 833.387202509999
Gurobi Optimizer version 13.0.0 build v13.0.0rc1 (linux64 - "Ubuntu 24.04.3 LTS")

CPU model: Intel(R) Core(TM) Ultra 7 165H, instruction set [SSE2|AVX|AVX2]
Thread count: 22 physical cores, 22 logical processors, using up to 22 threads

Non-default parameters:
TimeLimit  833.387202509999
LogToConsole  0

Academic license 2539022 - for non-commercial use only - registered to al___@studenti.unimi.it
Optimize a model with 37476 rows, 7800 columns and 85817 nonzeros (Min)
Model fingerprint: 0x112cc240
Model has 7800 linear objective coefficients
Model has 200 quadratic constraints
Variable types: 0 continuous, 7800 integer (7800 binary)
Coefficient statistics:
  Matrix range     [1e+00, 9e+02]
  QMatrix range    [5e+01, 2e+02]
  Objective range  [1e+01, 2e+02]
  Bounds range     [1e+00, 1e+00]
  RHS range        [1e+00, 1e+09]
  QRHS range       [1e+02, 6e+02]

MIP start from previous solve did not produce a new incumbent solution
MIP start from previous solve violates constraint fixed_app_3_microservice_4 by 1.000000000

Presolve removed 37034 rows and 6433 columns
Presolve time: 0.12s
Presolved: 12712 rows, 13426 columns, 77344 nonzeros
Variable types: 0 continuous, 13426 integer (13426 binary)

Root relaxation: objective 4.901680e+03, 1705 iterations, 0.13 seconds (0.22 work units)

    Nodes    |    Current Node    |     Objective Bounds      |     Work
 Expl Unexpl |  Obj  Depth IntInf | Incumbent    BestBd   Gap | It/Node Time

     0     0 4901.68029    0  158          - 4901.68029      -     -    0s
     0     0 4942.29033    0  173          - 4942.29033      -     -    1s
     0     0 4968.16109    0  185          - 4968.16109      -     -    1s
     0     0 4980.21921    0  208          - 4980.21921      -     -    1s
     0     0 4981.65514    0  205          - 4981.65514      -     -    1s
     0     0 4981.84966    0  207          - 4981.84966      -     -    1s
H    0     0                    6180.0000000 4981.84966  19.4%     -    2s
     0     0 5007.55004    0  209 6180.00000 5007.55004  19.0%     -    2s
H    0     0                    6124.0000000 5007.55004  18.2%     -    2s
H    0     0                    6086.0000000 5007.55004  17.7%     -    2s
     0     0 5009.47092    0  246 6086.00000 5009.47092  17.7%     -    2s
     0     0 5014.71452    0  249 6086.00000 5014.71452  17.6%     -    2s
     0     0 5015.06370    0  256 6086.00000 5015.06370  17.6%     -    3s
H    0     0                    5501.0000000 5015.06370  8.83%     -    3s
H    0     0                    5500.0000000 5015.06370  8.82%     -    3s
H    0     0                    5495.0000000 5015.06370  8.73%     -    3s
H    0     0                    5469.0000000 5026.79379  8.09%     -    3s
     0     0 5026.79379    0  237 5469.00000 5026.79379  8.09%     -    3s
     0     0 5026.79889    0  232 5469.00000 5026.79889  8.09%     -    3s
     0     0 5026.79889    0  232 5469.00000 5026.79889  8.09%     -    3s
     0     2 5026.81813    0  232 5469.00000 5026.81813  8.09%     -    3s
    15    32 5045.19289    4  290 5469.00000 5041.85087  7.81%   490    5s
H   91    97                    5362.0000000 5043.99690  5.93%   342    7s
H   96   154                    5259.0000000 5043.99690  4.09%   333    8s
H  146   154                    5255.0000000 5043.99690  4.02%   289    8s
H  163   193                    5233.0000000 5043.99690  3.61%   285    9s
   198   233 5060.69294   10  272 5233.00000 5043.99690  3.61%   283   10s
H  243   263                    5226.0000000 5043.99690  3.48%   278   11s
H  251   263                    5217.0000000 5043.99690  3.32%   276   11s
H  275   304                    5212.0000000 5043.99690  3.22%   271   12s
H  405   433                    5209.0000000 5043.99690  3.17%   244   14s
H  438   433                    5190.0000000 5043.99690  2.81%   239   14s
   440   489 5080.56468   15  240 5190.00000 5043.99690  2.81%   240   15s
   791   814 5091.64647   21  234 5190.00000 5045.74059  2.78%   188   20s
  1211  1226 5127.10758   26  228 5190.00000 5045.74059  2.78%   169   26s
H 1466  1349                    5144.0000000 5045.74059  1.91%   158   27s
  1859  1550 5057.65099   10  224 5144.00000 5047.68391  1.87%   145   30s
H 1983  1340                    5123.0000000 5047.98949  1.46%   143   31s
  2333  1540 5078.53558   27  170 5123.00000 5048.55719  1.45%   139   35s
  3029  1990 5119.00135   70  132 5123.00000 5050.79281  1.41%   133   40s
  3260  1995 5110.86833   15  293 5123.00000 5055.48364  1.32%   131   45s
  3298  2020 5106.11832   13  371 5123.00000 5067.16675  1.09%   129   50s
  3334  2053 5071.69159   12  325 5123.00000 5069.57115  1.04%   132   55s
  3380  2124 5075.39468   15  336 5123.00000 5072.90316  0.98%   138   60s
  3547  2211 5080.29589   18  315 5123.00000 5072.90316  0.98%   142   66s
  3657  2259 5117.52377   19  289 5123.00000 5073.88481  0.96%   146   70s
  3895  2339 5087.21720   22  243 5123.00000 5074.69434  0.94%   148   75s
  4043  2355 5091.88082   24  193 5123.00000 5074.69434  0.94%   149   81s
H 4085  2263                    5122.0000000 5074.69434  0.92%   149   82s
  4220  2269 5098.31407   27  238 5122.00000 5074.75825  0.92%   149   85s
  4516  2369 5107.74126   31  167 5122.00000 5077.53413  0.87%   152   91s
  4860  2415 5088.33662   18  225 5122.00000 5078.59366  0.85%   153   96s
  5286  2535 5117.53644   37  181 5122.00000 5080.45119  0.81%   153  101s
H 5463  2378                    5120.0000000 5081.51739  0.75%   153  103s
H 5534  2224                    5118.0000000 5081.84890  0.71%   153  103s
  5554  2256 5098.67010   21  292 5118.00000 5081.84890  0.71%   153  105s
  6003  2333 5112.86176   20  238 5118.00000 5082.96795  0.68%   154  112s
  6408  2338 5102.09255   26  162 5118.00000 5083.75503  0.67%   154  116s
  6762  2405 5110.21005   28  246 5118.00000 5085.13564  0.64%   156  121s
  7037  2341 5095.63233   22  183 5118.00000 5085.13564  0.64%   156  126s
  7249  2395 5103.36788   24  203 5118.00000 5085.41194  0.64%   155  131s
  7799  2411 5102.08608   18  251 5118.00000 5087.64511  0.59%   155  136s
H 8200  2077                    5114.0000000 5088.32725  0.50%   155  139s
  8204  2146     cutoff   21      5114.00000 5088.32725  0.50%   155  142s
  8566  2146 5099.49167   17  162 5114.00000 5089.03057  0.49%   155  145s
  9133  2259     cutoff   27      5114.00000 5090.19371  0.47%   155  151s
  9508  2366 5106.17733   29  217 5114.00000 5091.30600  0.44%   156  155s
 10266  2534 5106.15043   22  216 5114.00000 5092.58107  0.42%   156  162s
 10716  2602 5111.24973   27  218 5114.00000 5093.23003  0.41%   155  165s
 11702  2727 5109.10889   21  202 5114.00000 5094.62327  0.38%   155  172s
 12188  2764 5112.93255   36  100 5114.00000 5095.17029  0.37%   155  176s
 12420  2782 5110.62564   27  190 5114.00000 5095.53638  0.36%   155  180s
 13527  2900     cutoff   23      5114.00000 5096.66795  0.34%   153  189s
 14116  2904 5109.58674   23  264 5114.00000 5097.58383  0.32%   152  193s
 14867  2925 5103.43247   21  196 5114.00000 5098.36995  0.31%   151  198s
 15579  2876     cutoff   24      5114.00000 5099.27432  0.29%   150  202s
 16366  2866     cutoff   27      5114.00000 5099.96629  0.27%   149  207s
 17211  2771 5106.22083   24  199 5114.00000 5101.23845  0.25%   148  212s
 17887  2619 5108.07140   30  142 5114.00000 5102.01198  0.23%   147  216s
 18871  2389 5106.71994   26  164 5114.00000 5102.97348  0.22%   146  221s
 20004  1953 infeasible   23      5114.00000 5104.19313  0.19%   144  227s
 21128  1324 5110.45272   29  214 5114.00000 5105.62192  0.16%   142  232s
 22415   422 5112.36951   32  142 5114.00000 5107.19819  0.13%   140  237s

Cutting planes:
  Gomory: 1
  Lift-and-project: 1
  Cover: 302
  Clique: 55
  MIR: 218
  Knapsack: 8
  StrongCG: 125
  Flow cover: 183
  GUB cover: 16
  Zero half: 98
  Mod-K: 2
  RLT: 189
  Relax-and-lift: 120
  BQP: 44

Explored 24121 nodes (3228398 simplex iterations) in 238.32 seconds (140.02 work units)
Thread count was 22 (of 22 available processors)

Solution count 10: 5114 5118 5120 ... 5217

Optimal solution found (tolerance 1.00e-04)
Best objective 5.114000000000e+03, best bound 5.114000000000e+03, gap 0.0000%

User-callback calls 64294, time in user-callback 0.15 sec
