FIXINGS_START
(0, 0, 0)
(1, 6, 0)
(2, 0, 0)
(3, 0, 0)
(4, 0, 0)
(4, 6, 0)
(5, 0, 0)
(6, 0, 0)
(6, 6, 0)
(7, 0, 0)
(7, 8, 0)
(8, 0, 0)
(9, 0, 0)
(10, 0, 0)
(11, 0, 0)
(11, 6, 0)
(12, 0, 0)
(12, 7, 0)
(13, 0, 0)
(14, 0, 0)
(14, 4, 0)
(15, 0, 0)
(15, 6, 0)
(17, 0, 0)
(17, 1, 0)
(18, 0, 0)
(18, 9, 0)
(19, 0, 0)
(19, 1, 0)
(19, 2, 0)
(19, 3, 0)
(19, 5, 0)
(1, 0, 0)
(3, 2, 0)
(16, 0, 0)
(4, 1, 26)
(8, 2, 29)
(1, 1, 0)
(17, 3, 40)
(9, 1, 4)
(17, 4, 0)
(5, 2, 37)
(16, 1, 1)
(16, 2, 5)
(14, 1, 0)
(14, 3, 0)
(7, 1, 0)
(13, 1, 0)
(13, 3, 0)
(15, 1, 10)
(7, 4, 0)
(14, 6, 0)
(7, 7, 3)
(15, 3, 34)
(17, 5, 0)
(0, 2, 0)
(15, 4, 0)
(13, 4, 0)
(9, 2, 5)
(9, 3, 0)
FIXINGS_END
found_sol 6042.0 time 2.104
found_sol 6022.0 time 2.129
found_sol 5930.0 time 3.419
found_sol 5898.0 time 3.444
found_sol 5420.0 time 5.084
found_sol 5413.0 time 5.127
found_sol 5365.0 time 7.185
found_sol 5320.0 time 7.188
found_sol 5274.0 time 10.895
found_sol 5168.0 time 13.685
found_sol 5167.0 time 14.579
found_sol 5165.0 time 15.444
found_sol 5163.0 time 23.496
found_sol 5162.0 time 36.097
found_sol 5156.0 time 37.342
found_sol 5153.0 time 46.438
found_sol 5153.0 time 51.730
found_sol 5156.0 time 51.733
found_sol 5162.0 time 51.735
found_sol 5150.0 time 80.139
found_sol 5148.0 time 97.225
found_sol 5146.0 time 104.395
found_sol 5144.0 time 109.140
found_sol 5144.0 time 300.903
time 300.913
GUROBI
Status OPTIMAL
Runtime 300.91268396377563
NodeCount 35157.0
IterCount 3822925.0
NumVars 7800
NumConstrs 37466
ObjBound 5144.0
ObjBoundC 5144.0
ObjVal 5144.0
MIPGap 0.0
