FIXINGS_START
(0, 0, 0)
(1, 6, 0)
(2, 0, 0)
(3, 0, 0)
(4, 0, 0)
(4, 6, 0)
(5, 0, 0)
(6, 0, 0)
(6, 6, 0)
(7, 0, 0)
(7, 8, 0)
(8, 0, 0)
(9, 0, 0)
(10, 0, 0)
(11, 0, 0)
(11, 6, 0)
(12, 0, 0)
(12, 7, 0)
(13, 0, 0)
(14, 0, 0)
(14, 4, 0)
(15, 0, 0)
(15, 6, 0)
(17, 0, 0)
(17, 1, 0)
(18, 0, 0)
(18, 9, 0)
(19, 0, 0)
(19, 1, 0)
(2, 1, 0)
(2, 2, 0)
(2, 4, 0)
(11, 1, 24)
(1, 0, 0)
(14, 1, 0)
(1, 1, 0)
(14, 3, 0)
(12, 1, 14)
(18, 2, 5)
(14, 5, 25)
(4, 5, 0)
(14, 6, 0)
(13, 1, 0)
(12, 2, 0)
(12, 3, 27)
(15, 4, 0)
(15, 5, 0)
(18, 6, 0)
(0, 2, 0)
(3, 2, 0)
(17, 3, 40)
(19, 2, 0)
(17, 4, 0)
(16, 0, 0)
(17, 5, 0)
(16, 3, 0)
(9, 1, 23)
(12, 4, 5)
(4, 8, 0)
(14, 7, 0)
(12, 5, 0)
(3, 4, 12)
(19, 3, 0)
(1, 2, 0)
(6, 4, 1)
(19, 5, 0)
(11, 2, 0)
(1, 5, 0)
(9, 2, 37)
(11, 3, 0)
FIXINGS_END
found_sol 6180.0 time 2.408
found_sol 6124.0 time 2.587
found_sol 6086.0 time 2.616
found_sol 5501.0 time 3.337
found_sol 5500.0 time 3.338
found_sol 5495.0 time 3.339
found_sol 5469.0 time 3.571
found_sol 5362.0 time 7.879
found_sol 5259.0 time 8.909
found_sol 5255.0 time 8.912
found_sol 5233.0 time 9.859
found_sol 5226.0 time 11.469
found_sol 5217.0 time 11.471
found_sol 5212.0 time 12.298
found_sol 5209.0 time 14.513
found_sol 5190.0 time 14.516
found_sol 5144.0 time 27.586
found_sol 5123.0 time 31.426
found_sol 5123.0 time 43.147
found_sol 5144.0 time 43.148
found_sol 5190.0 time 43.149
found_sol 5122.0 time 82.405
found_sol 5120.0 time 103.785
found_sol 5118.0 time 103.795
found_sol 5114.0 time 139.583
time 238.332
GUROBI
Status OPTIMAL
Runtime 238.3322479724884
NodeCount 24121.0
IterCount 3228398.0
NumVars 7800
NumConstrs 37476
ObjBound 5114.0
ObjBoundC 5114.0
ObjVal 5114.0
MIPGap 0.0
