
Gurobi 13.0.0 (linux64) logging started Fri Jan 16 06:34:01 2026

Set parameter LogFile to value "../experiments/network-n_60_s_0_rp_0-app_set-id_47_20_apps/submip_30_epr0_model_gurobi.log"
Set parameter TimeLimit to value 8.9328335493999475e+02
Gurobi Optimizer version 13.0.0 build v13.0.0rc1 (linux64 - "Ubuntu 24.04.3 LTS")

CPU model: Intel(R) Core(TM) Ultra 7 165H, instruction set [SSE2|AVX|AVX2]
Thread count: 22 physical cores, 22 logical processors, using up to 22 threads

Non-default parameters:
TimeLimit  8.9328335493999475e+02
LogToConsole  0

Academic license 2539022 - for non-commercial use only - registered to al___@studenti.unimi.it
Optimize a model with 37466 rows, 7800 columns and 85807 nonzeros (Min)
Model fingerprint: 0x03b483e9
Model has 7800 linear objective coefficients
Model has 200 quadratic constraints
Variable types: 0 continuous, 7800 integer (7800 binary)
Coefficient statistics:
  Matrix range     [1e+00, 9e+02]
  QMatrix range    [5e+01, 2e+02]
  Objective range  [1e+01, 2e+02]
  Bounds range     [1e+00, 1e+00]
  RHS range        [1e+00, 1e+09]
  QRHS range       [1e+02, 6e+02]
Presolve removed 36839 rows and 6105 columns
Presolve time: 0.20s
Presolved: 19406 rows, 20246 columns, 117147 nonzeros
Variable types: 0 continuous, 20246 integer (20246 binary)
Deterministic concurrent LP optimizer: primal and dual simplex
Showing primal log only...

Concurrent spin time: 0.00s

Solved with dual simplex

Root relaxation: objective 4.944003e+03, 1731 iterations, 0.27 seconds (0.29 work units)

    Nodes    |    Current Node    |     Objective Bounds      |     Work
 Expl Unexpl |  Obj  Depth IntInf | Incumbent    BestBd   Gap | It/Node Time

     0     0 4944.00306    0  164          - 4944.00306      -     -    0s
     0     0 4991.89754    0  187          - 4991.89754      -     -    2s
H    0     0                    6042.0000000 4991.89754  17.4%     -    2s
H    0     0                    6022.0000000 4991.89754  17.1%     -    2s
     0     0 5025.54057    0  233 6022.00000 5025.54057  16.5%     -    2s
     0     0 5028.83454    0  244 6022.00000 5028.83454  16.5%     -    2s
     0     0 5028.93113    0  241 6022.00000 5028.93113  16.5%     -    2s
     0     0 5042.41290    0  219 6022.00000 5042.41290  16.3%     -    3s
     0     0 5042.41346    0  216 6022.00000 5042.41346  16.3%     -    3s
H    0     0                    5930.0000000 5042.41346  15.0%     -    3s
H    0     0                    5898.0000000 5042.41346  14.5%     -    3s
     0     0 5053.81349    0  235 5898.00000 5053.81349  14.3%     -    3s
     0     0 5057.73746    0  222 5898.00000 5057.73746  14.2%     -    4s
     0     0 5058.75160    0  238 5898.00000 5058.75160  14.2%     -    4s
     0     0 5068.64145    0  237 5898.00000 5068.64145  14.1%     -    4s
     0     0 5068.85784    0  237 5898.00000 5068.85784  14.1%     -    4s
     0     0 5068.85784    0  237 5898.00000 5068.85784  14.1%     -    4s
H    0     0                    5420.0000000 5068.85784  6.48%     -    5s
H    0     0                    5413.0000000 5068.86518  6.36%     -    5s
     0     2 5068.86518    0  237 5413.00000 5068.86518  6.36%     -    5s
H   15    32                    5365.0000000 5079.32540  5.32%   543    7s
H   20    32                    5320.0000000 5079.33939  4.52%   507    7s
    97   141 5091.91067    8  264 5320.00000 5081.65197  4.48%   350   10s
H  100   141                    5274.0000000 5081.65197  3.65%   352   10s
H  247   276                    5168.0000000 5081.65197  1.67%   290   13s
H  275   330                    5167.0000000 5081.65197  1.65%   277   14s
   330   364 5102.04486   12  227 5167.00000 5081.65197  1.65%   262   15s
H  333   364                    5165.0000000 5081.65197  1.61%   262   15s
   647   615 5110.46579   21  240 5165.00000 5082.04608  1.61%   205   20s
H  814   726                    5163.0000000 5083.56698  1.54%   201   23s
   893   846 5110.80681   25  256 5163.00000 5083.56698  1.54%   195   25s
  1380  1261 5152.19756   34  225 5163.00000 5085.15550  1.51%   178   30s
  1885  1549 5142.93078   40  249 5163.00000 5085.89904  1.49%   172   36s
H 1893  1541                    5162.0000000 5085.89904  1.47%   172   36s
H 1969  1546                    5156.0000000 5088.17129  1.32%   172   37s
  2151  1689 5147.88311   44  237 5156.00000 5088.17129  1.32%   168   40s
  2763  2100     cutoff   27      5156.00000 5088.86611  1.30%   158   46s
H 2815  2014                    5153.0000000 5088.86611  1.24%   158   46s
  3067  2147 5131.88357   26 4874 5153.00000 5088.86611  1.24%   155   51s
  3079  2155 5107.20372   17  283 5153.00000 5088.86611  1.24%   154   55s
  3119  2182 5113.86622   17  276 5153.00000 5089.34365  1.24%   152   60s
  3156  2206 5111.91911   14  301 5153.00000 5090.93355  1.20%   150   65s
  3171  2225 5091.94689   13  296 5153.00000 5091.64012  1.19%   155   70s
  3254  2304 5093.62903   17  260 5153.00000 5093.37740  1.16%   159   76s
  3337  2328 5097.08199   19  246 5153.00000 5093.64166  1.15%   160   80s
H 3339  2214                    5150.0000000 5093.64166  1.09%   160   80s
  3497  2295 5125.57311   21  262 5150.00000 5093.64256  1.09%   163   86s
  3623  2322 5127.83510   23  279 5150.00000 5095.91987  1.05%   164   90s
  3737  2353 5128.56290   24  255 5150.00000 5099.21693  0.99%   164   95s
H 3771  2251                    5148.0000000 5099.21693  0.95%   164   97s
  3974  2314 5136.16556   27  224 5148.00000 5101.46335  0.90%   160  101s
H 4287  2177                    5146.0000000 5104.61427  0.80%   159  104s
  4313  2211 5119.82329   21  240 5146.00000 5104.61427  0.80%   159  105s
H 4604  2169                    5144.0000000 5105.78739  0.74%   158  109s
  4681  2192 5135.83388   34  179 5144.00000 5105.78739  0.74%   157  110s
  5113  2173     cutoff   29      5144.00000 5111.45195  0.63%   156  115s
  5397  2300 5130.41572   29  180 5144.00000 5111.45195  0.63%   154  121s
  5652  2232 5140.65824   40  176 5144.00000 5112.92802  0.60%   152  126s
  5906  2260 5142.17194   42  142 5144.00000 5112.92802  0.60%   151  130s
  6312  2355 5135.82439   31  164 5144.00000 5114.50070  0.57%   150  137s
  6753  2380 5135.57645   34  113 5144.00000 5117.92306  0.51%   148  141s
  7356  2360 5141.62547   52  105 5144.00000 5118.22712  0.50%   146  146s
  7883  2455 5129.76573   24  188 5144.00000 5120.45136  0.46%   143  151s
  8575  2555 5140.89972   23  200 5144.00000 5121.66561  0.43%   140  156s
  9303  2820     cutoff   24      5144.00000 5122.27893  0.42%   138  162s
  9681  2923 5135.85105   26  187 5144.00000 5122.44002  0.42%   137  165s
 10479  3217 5140.20971   46  150 5144.00000 5123.67987  0.40%   136  171s
 10967  3370 5136.78273   23  206 5144.00000 5124.66314  0.38%   134  175s
 11901  3627     cutoff   35      5144.00000 5125.19545  0.37%   132  181s
 12406  3791 5139.72864   32  185 5144.00000 5125.99227  0.35%   132  185s
 13575  3947 5142.52786   26  239 5144.00000 5127.10539  0.33%   130  192s
 13807  4031 5135.44363   21  180 5144.00000 5127.28429  0.32%   130  196s
 14432  4133 5141.23317   31  149 5144.00000 5127.75319  0.32%   129  200s
 15780  4302 5142.25233   34  186 5144.00000 5128.63747  0.30%   128  208s
 16248  4413 5138.68752   37  162 5144.00000 5128.99072  0.29%   128  213s
 17059  4502 5133.03051   35  156 5144.00000 5129.61671  0.28%   127  217s
 17819  4569 5138.78171   35  160 5144.00000 5129.96787  0.27%   126  222s
 18203  4720 5142.69044   31  189 5144.00000 5130.43783  0.26%   125  227s
 19044  4762 5142.33188   41  142 5144.00000 5130.67931  0.26%   124  232s
 19980  4808 5133.90285   31  143 5144.00000 5131.32247  0.25%   123  237s
 20933  4854     cutoff   28      5144.00000 5131.62914  0.24%   122  242s
 21888  4937 5136.84221   32  175 5144.00000 5132.41061  0.23%   122  248s
 22910  4926 5138.24137   28  168 5144.00000 5132.95635  0.21%   121  253s
 24083  4840 5141.17227   44  174 5144.00000 5133.51613  0.20%   120  258s
 24524  4694 5142.34693   44  105 5144.00000 5133.74452  0.20%   120  264s
 25783  4437 infeasible   34      5144.00000 5134.37511  0.19%   119  270s
 26995  4120     cutoff   35      5144.00000 5135.22054  0.17%   118  276s
 28391  3627 infeasible   25      5144.00000 5135.99786  0.16%   117  282s
 29820  2962     cutoff   40      5144.00000 5136.82008  0.14%   116  289s
 31271  1898 5141.77600   43  169 5144.00000 5137.51312  0.13%   114  295s
 34478     0     cutoff   29      5144.00000 5140.67173  0.06%   110  300s

Cutting planes:
  Gomory: 5
  Lift-and-project: 4
  Cover: 327
  Clique: 50
  MIR: 216
  Knapsack: 15
  StrongCG: 141
  Flow cover: 138
  GUB cover: 22
  Inf proof: 1
  Zero half: 71
  RLT: 154
  Relax-and-lift: 64
  BQP: 24

Explored 35157 nodes (3822925 simplex iterations) in 300.90 seconds (174.61 work units)
Thread count was 22 (of 22 available processors)

Solution count 10: 5144 5146 5148 ... 5167

Optimal solution found (tolerance 1.00e-04)
Best objective 5.144000000000e+03, best bound 5.144000000000e+03, gap 0.0000%

User-callback calls 92801, time in user-callback 0.22 sec
Set parameter LogToConsole to value 0
