
Gurobi 13.0.0 (linux64) logging started Mon Jan  5 03:23:44 2026

Set parameter LogFile to value "../experiments/network-n_40_s_1_rp_0-app_set-id_71_28_apps/compact_model_gurobi.log"
Set parameter TimeLimit to value 900
Gurobi Optimizer version 13.0.0 build v13.0.0rc1 (linux64 - "Ubuntu 24.04.3 LTS")

CPU model: Intel(R) Core(TM) Ultra 7 165H, instruction set [SSE2|AVX|AVX2]
Thread count: 22 physical cores, 22 logical processors, using up to 22 threads

Non-default parameters:
TimeLimit  900
LogToConsole  0

Academic license 2539022 - for non-commercial use only - registered to al___@studenti.unimi.it
Optimize a model with 22747 rows, 7280 columns and 55155 nonzeros (Min)
Model fingerprint: 0x89213e74
Model has 7280 linear objective coefficients
Model has 128 quadratic constraints
Variable types: 0 continuous, 7280 integer (7280 binary)
Coefficient statistics:
  Matrix range     [1e+00, 9e+02]
  QMatrix range    [5e+01, 2e+02]
  Objective range  [1e+01, 2e+02]
  Bounds range     [1e+00, 1e+00]
  RHS range        [1e+00, 1e+09]
  QRHS range       [1e+02, 6e+02]
Presolve removed 21238 rows and 4650 columns
Presolve time: 0.17s
Presolved: 26108 rows, 27064 columns, 155359 nonzeros
Variable types: 0 continuous, 27064 integer (27064 binary)
Deterministic concurrent LP optimizer: primal and dual simplex
Showing primal log only...

Concurrent spin time: 0.00s

Solved with dual simplex

Root relaxation: infeasible, 519 iterations, 0.13 seconds (0.10 work units)

    Nodes    |    Current Node    |     Objective Bounds      |     Work
 Expl Unexpl |  Obj  Depth IntInf | Incumbent    BestBd   Gap | It/Node Time

     0     0 infeasible    0               - infeasible      -     -    0s

Explored 1 nodes (519 simplex iterations) in 1.00 seconds (0.98 work units)
Thread count was 22 (of 22 available processors)

Solution count 0

Model is infeasible
Best objective -, best bound -, gap -

User-callback calls 595, time in user-callback 0.00 sec
