
Gurobi 13.0.0 (linux64) logging started Mon Jan  5 00:49:53 2026

Set parameter LogFile to value "../experiments/network-n_40_s_0_rp_0-app_set-id_24_13_apps/compact_model_gurobi.log"
Set parameter TimeLimit to value 900
Gurobi Optimizer version 13.0.0 build v13.0.0rc1 (linux64 - "Ubuntu 24.04.3 LTS")

CPU model: Intel(R) Core(TM) Ultra 7 165H, instruction set [SSE2|AVX|AVX2]
Thread count: 22 physical cores, 22 logical processors, using up to 22 threads

Non-default parameters:
TimeLimit  900
LogToConsole  0

Academic license 2539022 - for non-commercial use only - registered to al___@studenti.unimi.it
Optimize a model with 13286 rows, 3360 columns and 31153 nonzeros (Min)
Model fingerprint: 0x61e50fff
Model has 3360 linear objective coefficients
Model has 128 quadratic constraints
Variable types: 0 continuous, 3360 integer (3360 binary)
Coefficient statistics:
  Matrix range     [1e+00, 9e+02]
  QMatrix range    [5e+01, 2e+02]
  Objective range  [1e+01, 2e+02]
  Bounds range     [1e+00, 1e+00]
  RHS range        [1e+00, 1e+09]
  QRHS range       [1e+02, 6e+02]
Presolve removed 12546 rows and 2026 columns
Presolve time: 0.10s
Presolved: 11826 rows, 12294 columns, 72379 nonzeros
Variable types: 0 continuous, 12294 integer (12294 binary)

Root relaxation: objective 2.915312e+03, 1252 iterations, 0.15 seconds (0.14 work units)

    Nodes    |    Current Node    |     Objective Bounds      |     Work
 Expl Unexpl |  Obj  Depth IntInf | Incumbent    BestBd   Gap | It/Node Time

     0     0 2915.31181    0  182          - 2915.31181      -     -    0s
     0     0 2982.85512    0  215          - 2982.85512      -     -    1s
     0     0 3026.80524    0  245          - 3026.80524      -     -    1s
     0     0 3031.08369    0  242          - 3031.08369      -     -    1s
     0     0 3031.50486    0  239          - 3031.50486      -     -    1s
     0     0 3073.30594    0  253          - 3073.30594      -     -    2s
     0     0 3083.82722    0  265          - 3083.82722      -     -    2s
     0     0 3084.27680    0  251          - 3084.27680      -     -    2s
     0     0 3110.47379    0  254          - 3110.47379      -     -    2s
     0     0 3119.03904    0  271          - 3119.03904      -     -    2s
     0     0 3122.98455    0  255          - 3122.98455      -     -    2s
     0     0 3128.84917    0  255          - 3128.84917      -     -    3s
     0     0 3128.91374    0  248          - 3128.91374      -     -    3s
     0     0 3128.91374    0  239          - 3128.91374      -     -    3s
     0     0 3128.99325    0  177          - 3128.99325      -     -    4s
     0     0 3128.99325    0  240          - 3128.99325      -     -    5s
     0     0 3128.99325    0  210          - 3128.99325      -     -    5s
     0     0 3128.99325    0  226          - 3128.99325      -     -    6s
     0     0 3128.99325    0  255          - 3128.99325      -     -    6s
     0     0 3129.27785    0  252          - 3129.27785      -     -    6s
     0     0 3129.73000    0  245          - 3129.73000      -     -    6s
     0     0 3134.31980    0  336          - 3134.31980      -     -    6s
     0     0 3137.76030    0  326          - 3137.76030      -     -    7s
H    0     0                    4052.0000000 3137.76030  22.6%     -    7s
H    0     0                    4000.0000000 3137.76030  21.6%     -    7s
     0     0 3143.28954    0  339 4000.00000 3143.28954  21.4%     -    7s
     0     0 3143.34337    0  332 4000.00000 3143.34337  21.4%     -    7s
     0     0 3143.34337    0  325 4000.00000 3143.34337  21.4%     -    7s
H    0     0                    3956.0000000 3143.37115  20.5%     -    7s
     0     2 3143.37115    0  319 3956.00000 3143.37115  20.5%     -    7s
    53    94 3160.29690    6  287 3956.00000 3155.64304  20.2%   488   10s
H   89    94                    3942.0000000 3155.64304  19.9%   403   10s
H  176   202                    3927.0000000 3155.64304  19.6%   319   11s
H  421   451                    3519.0000000 3155.64304  10.3%   258   14s
H  450   492                    3509.0000000 3155.64304  10.1%   257   15s
H  505   542                    3492.0000000 3155.64304  9.63%   250   15s
H  561   568                    3449.0000000 3155.64304  8.51%   243   16s
H  603   655                    3448.0000000 3155.64304  8.48%   235   17s
H  617   655                    3441.0000000 3155.64304  8.29%   233   17s
H  667   684                    3406.0000000 3155.64304  7.35%   226   17s
H  673   684                    3354.0000000 3155.64304  5.91%   225   17s
   894   881 3221.29269   22  191 3354.00000 3157.02395  5.87%   211   20s
H  910   881                    3341.0000000 3157.02395  5.51%   210   20s
H  922   881                    3336.0000000 3157.02395  5.36%   209   20s
H  955   881                    3330.0000000 3157.02395  5.19%   206   20s
H 1233  1126                    3329.0000000 3157.02395  5.17%   190   22s
H 1358  1155                    3327.0000000 3157.02395  5.11%   183   23s
H 1502  1218                    3312.0000000 3162.10237  4.53%   179   24s
  1522  1259 3190.01965   13  196 3312.00000 3163.60226  4.48%   179   26s
H 1646  1280                    3309.0000000 3163.60226  4.39%   177   27s
H 2061  1487                    3302.0000000 3163.66578  4.19%   167   29s
  2077  1577 3272.35321   43  129 3302.00000 3163.66578  4.19%   166   30s
  2453  1743 3201.96323   17  207 3302.00000 3165.20791  4.14%   164   35s
H 2464  1698                    3293.0000000 3165.20791  3.88%   164   35s
H 2723  1849                    3290.0000000 3166.08439  3.77%   164   39s
  2800  1936 3175.50220   10  255 3290.00000 3166.08439  3.77%   164   40s
  3267  2146 3252.22039   29 4852 3290.00000 3167.29606  3.73%   163   45s
  3287  2159 3255.63426   22  316 3290.00000 3167.29606  3.73%   162   50s
  3335  2191 3212.90613   10  361 3290.00000 3167.29606  3.73%   160   55s
  3352  2212 3170.17013   13  324 3290.00000 3167.41408  3.73%   163   60s
  3446  2308 3185.35218   17  313 3290.00000 3173.16627  3.55%   168   65s
  3723  2452 3200.30174   22  228 3290.00000 3173.16627  3.55%   173   70s
  3975  2513 3208.59048   26  259 3290.00000 3179.17150  3.37%   177   75s
  4175  2566 3219.41576   29  238 3290.00000 3180.89149  3.32%   179   80s
  4317  2629 3221.44936   31  213 3290.00000 3182.68365  3.26%   180   86s
  4473  2708 3227.20740   33  210 3290.00000 3183.17207  3.25%   182   90s
  4791  2808 3236.45492   40  168 3290.00000 3184.64099  3.20%   182   96s
  4980  2846 3281.74536   46  126 3290.00000 3185.49960  3.18%   182  100s
  5251  2973 3207.08308   29  227 3290.00000 3185.49960  3.18%   183  105s
H 5317  2730                    3262.0000000 3185.49960  2.35%   183  105s
  5670  2757 3197.05823   27  280 3262.00000 3187.00187  2.30%   185  111s
  6001  2839 3224.77499   34  189 3262.00000 3189.19343  2.23%   186  115s
H 6323  2563                    3248.0000000 3189.19343  1.81%   186  117s
  6327  2634 3212.90545   26  218 3248.00000 3189.19343  1.81%   186  120s
  6702  2701 3228.74686   25  201 3248.00000 3189.26552  1.81%   187  125s
  6990  2638 3234.23957   26  219 3248.00000 3191.93703  1.73%   188  130s
  7186  2739 3220.47933   22  274 3248.00000 3192.06700  1.72%   188  135s
  7704  2773 3242.35032   26  195 3248.00000 3194.85676  1.64%   188  140s
  8265  2849 3224.25906   29  215 3248.00000 3196.75007  1.58%   188  146s
  8771  2836 3216.06915   21  306 3248.00000 3197.77213  1.55%   189  152s
  8973  2843     cutoff   28      3248.00000 3198.15695  1.53%   190  156s
  9643  3010 3218.26653   27  263 3248.00000 3200.14270  1.47%   190  163s
 10004  3115 3221.50811   29  303 3248.00000 3201.07823  1.44%   190  166s
 10360  3271 3212.63308   23  232 3248.00000 3201.35599  1.44%   191  170s
 11079  3485     cutoff   31      3248.00000 3202.68978  1.40%   190  177s
 11567  3587 3231.68592   31  185 3248.00000 3203.64631  1.37%   190  181s
 12113  3680 3212.17378   26  238 3248.00000 3204.42795  1.34%   189  185s
 12455  3827 3224.55054   23  211 3248.00000 3204.69817  1.33%   191  190s
 13635  4141 3231.00460   23  198 3248.00000 3206.27684  1.28%   190  198s
 14236  4260 3230.83844   25  280 3248.00000 3206.56322  1.28%   190  203s
 14933  4403     cutoff   25      3248.00000 3207.41294  1.25%   189  207s
 15639  4533 3241.43542   31  165 3248.00000 3208.05899  1.23%   189  212s
 16335  4607 3221.55263   24  218 3248.00000 3209.03012  1.20%   189  217s
 16877  4773 3239.27154   31  225 3248.00000 3209.48750  1.19%   189  222s
 17585  4900     cutoff   30      3248.00000 3210.10689  1.17%   189  227s
 18407  5000 3244.12697   27  183 3248.00000 3210.86955  1.14%   189  233s
 19169  5125 3238.19059   33  194 3248.00000 3211.84462  1.11%   189  239s
 20007  5223 3236.36707   25  187 3248.00000 3212.58238  1.09%   189  245s
 20641  5335 3230.27176   30  206 3248.00000 3213.16534  1.07%   189  251s
 21313  5456     cutoff   27      3248.00000 3213.74848  1.05%   189  257s
 22063  5554 3246.20916   34  172 3248.00000 3214.47322  1.03%   189  264s
 23164  5623 3232.21920   27  133 3248.00000 3215.35075  1.01%   188  270s
 24290  5663 3236.20393   22  245 3248.00000 3216.25502  0.98%   188  279s
 25514  5730 3237.44846   28  208 3248.00000 3217.14332  0.95%   187  285s
 26425  5726 3235.81032   32  191 3248.00000 3217.81457  0.93%   188  291s
 27390  5821 3234.64220   37  196 3248.00000 3218.57869  0.91%   188  297s
 28221  5820 3236.99817   26  235 3248.00000 3219.33148  0.88%   188  304s
H29043  5788                    3247.0000000 3219.35311  0.85%   187  304s
 29360  5745     cutoff   27      3247.00000 3220.01917  0.83%   187  311s
H29483  5124                    3240.0000000 3220.07312  0.62%   188  311s
 30477  4853     cutoff   29      3240.00000 3220.81454  0.59%   187  318s
 31557  4468     cutoff   28      3240.00000 3221.68205  0.57%   188  326s
 32864  3930     cutoff   28      3240.00000 3223.30200  0.52%   188  333s
 34232  3563     cutoff   28      3240.00000 3225.29670  0.45%   189  341s
 34947  2545 3234.77554   32  198 3240.00000 3225.69390  0.44%   189  349s
 36656  1317     cutoff   23      3240.00000 3229.28784  0.33%   188  356s

Cutting planes:
  Gomory: 6
  Lift-and-project: 20
  Cover: 474
  Implied bound: 6
  Clique: 38
  MIR: 194
  Knapsack: 14
  StrongCG: 127
  Flow cover: 137
  GUB cover: 10
  Inf proof: 3
  Zero half: 70
  Mod-K: 3
  RLT: 333
  Relax-and-lift: 301
  BQP: 78

Explored 39408 nodes (7132827 simplex iterations) in 358.70 seconds (227.20 work units)
Thread count was 22 (of 22 available processors)

Solution count 10: 3240 3247 3248 ... 3327

Optimal solution found (tolerance 1.00e-04)
Best objective 3.240000000000e+03, best bound 3.240000000000e+03, gap 0.0000%

User-callback calls 104810, time in user-callback 0.26 sec
