
Gurobi 13.0.0 (linux64) logging started Mon Jan  5 01:25:21 2026

Set parameter LogFile to value "../experiments/network-n_40_s_0_rp_0-app_set-id_38_17_apps/compact_model_gurobi.log"
Set parameter TimeLimit to value 900
Gurobi Optimizer version 13.0.0 build v13.0.0rc1 (linux64 - "Ubuntu 24.04.3 LTS")

CPU model: Intel(R) Core(TM) Ultra 7 165H, instruction set [SSE2|AVX|AVX2]
Thread count: 22 physical cores, 22 logical processors, using up to 22 threads

Non-default parameters:
TimeLimit  900
LogToConsole  0

Academic license 2539022 - for non-commercial use only - registered to al___@studenti.unimi.it
Optimize a model with 17278 rows, 4400 columns and 40453 nonzeros (Min)
Model fingerprint: 0xaaa0c97b
Model has 4400 linear objective coefficients
Model has 128 quadratic constraints
Variable types: 0 continuous, 4400 integer (4400 binary)
Coefficient statistics:
  Matrix range     [1e+00, 9e+02]
  QMatrix range    [5e+01, 2e+02]
  Objective range  [1e+01, 2e+02]
  Bounds range     [1e+00, 1e+00]
  RHS range        [1e+00, 1e+09]
  QRHS range       [1e+02, 6e+02]
Presolve removed 16337 rows and 2820 columns
Presolve time: 0.12s
Presolved: 13825 rows, 14336 columns, 86073 nonzeros
Variable types: 0 continuous, 14336 integer (14336 binary)

Root relaxation: infeasible, 1159 iterations, 0.09 seconds (0.11 work units)

    Nodes    |    Current Node    |     Objective Bounds      |     Work
 Expl Unexpl |  Obj  Depth IntInf | Incumbent    BestBd   Gap | It/Node Time

     0     0 infeasible    0               - infeasible      -     -    0s

Explored 1 nodes (1159 simplex iterations) in 0.59 seconds (0.60 work units)
Thread count was 22 (of 22 available processors)

Solution count 0

Model is infeasible
Best objective -, best bound -, gap -

User-callback calls 600, time in user-callback 0.00 sec
