FIXINGS_START
(0, 0, 0)
(0, 6, 0)
(1, 0, 0)
(2, 0, 0)
(2, 8, 0)
(3, 3, 0)
(4, 0, 0)
(5, 0, 0)
(5, 6, 0)
(7, 0, 0)
(8, 0, 0)
(9, 0, 0)
(10, 0, 0)
(10, 6, 0)
(11, 0, 0)
(11, 9, 0)
(12, 0, 0)
(12, 4, 0)
(13, 0, 0)
(13, 4, 0)
(15, 3, 0)
(16, 0, 0)
(16, 6, 0)
(2, 1, 0)
(16, 2, 0)
(3, 0, 0)
(7, 2, 0)
(11, 4, 0)
(6, 0, 0)
(8, 1, 5)
(16, 3, 0)
(6, 1, 0)
(7, 4, 0)
(1, 1, 0)
(13, 2, 0)
(1, 2, 0)
(1, 4, 0)
(16, 4, 0)
(5, 2, 34)
(1, 5, 0)
(7, 5, 5)
(11, 6, 0)
(9, 2, 0)
(16, 7, 0)
(10, 1, 0)
(5, 3, 0)
(5, 4, 18)
(5, 5, 0)
(3, 1, 0)
(0, 7, 0)
(9, 4, 0)
(15, 2, 0)
(10, 3, 0)
(3, 2, 0)
(10, 5, 5)
(10, 8, 0)
(10, 9, 0)
(12, 1, 0)
FIXINGS_END
found_sol 5269.0 time 0.489
found_sol 5218.0 time 0.681
found_sol 4901.0 time 0.683
found_sol 4882.0 time 0.693
found_sol 4678.0 time 0.845
found_sol 4622.0 time 0.847
found_sol 4619.0 time 0.848
found_sol 4616.0 time 0.928
found_sol 4603.0 time 1.161
found_sol 4599.0 time 1.164
found_sol 4573.0 time 1.185
found_sol 4463.0 time 1.188
found_sol 4422.0 time 1.214
found_sol 4408.0 time 1.218
found_sol 4370.0 time 1.993
found_sol 4335.0 time 1.994
found_sol 4329.0 time 2.300
found_sol 4327.0 time 2.301
found_sol 4305.0 time 2.302
found_sol 4294.000000000093 time 2.303
found_sol 4291.0 time 2.304
found_sol 4289.0 time 4.720
found_sol 4279.0 time 5.600
found_sol 4260.0 time 5.601
found_sol 4217.0 time 5.603
found_sol 4181.0 time 5.605
found_sol 4166.0 time 5.607
found_sol 4150.0 time 6.330
found_sol 4147.0 time 6.332
found_sol 4141.0 time 8.034
found_sol 4137.0 time 8.591
found_sol 4134.0 time 9.199
found_sol 4126.0 time 10.831
found_sol 4123.0 time 17.536
found_sol 4123.0 time 23.402
found_sol 4126.0 time 23.404
found_sol 4134.0 time 23.406
found_sol 4120.0 time 23.880
found_sol 4116.0 time 28.298
found_sol 4112.0 time 29.066
found_sol 4108.0 time 29.077
found_sol 4099.0 time 33.904
found_sol 4098.0 time 36.177
found_sol 4093.0 time 39.416
found_sol 4092.0 time 39.422
found_sol 4092.0 time 45.624
found_sol 4093.0 time 45.625
found_sol 4098.0 time 45.627
found_sol 4091.0 time 53.753
found_sol 4086.0 time 61.763
found_sol 4086.0 time 72.949
time 72.957
GUROBI
Status OPTIMAL
Runtime 72.95729994773865
NodeCount 7692.0
IterCount 507547.0
NumVars 6600
NumConstrs 27752
ObjBound 4086.0
ObjBoundC 4086.0
ObjVal 4086.0
MIPGap 0.0
