FIXINGS_START
(0, 0, 0)
(0, 6, 0)
(1, 0, 0)
(2, 0, 0)
(2, 8, 0)
(3, 3, 0)
(4, 0, 0)
(5, 0, 0)
(5, 6, 0)
(7, 0, 0)
(8, 0, 0)
(9, 0, 0)
(10, 0, 0)
(10, 6, 0)
(11, 0, 0)
(11, 9, 0)
(12, 0, 0)
(12, 4, 0)
(13, 0, 0)
(13, 4, 0)
(15, 3, 0)
(16, 0, 0)
(16, 6, 0)
(4, 3, 0)
(4, 4, 0)
(11, 1, 0)
(0, 1, 14)
(1, 1, 0)
(3, 0, 0)
(16, 1, 18)
(8, 1, 40)
(1, 2, 0)
(11, 2, 1)
(10, 1, 0)
(15, 2, 0)
(16, 2, 0)
(5, 2, 27)
(7, 2, 0)
(0, 2, 4)
(13, 2, 0)
(0, 3, 5)
(5, 3, 0)
(11, 4, 0)
(6, 0, 0)
(9, 2, 0)
(9, 4, 0)
(6, 1, 0)
(5, 5, 0)
(3, 1, 0)
(3, 2, 0)
FIXINGS_END
found_sol 6827.0 time 0.147
found_sol 6594.0 time 0.440
found_sol 4923.0 time 0.668
found_sol 4895.0 time 0.671
found_sol 4830.0 time 0.684
found_sol 4808.0 time 1.700
found_sol 4784.0 time 1.703
found_sol 4777.0 time 1.843
found_sol 4756.0 time 1.844
found_sol 4518.0 time 2.455
found_sol 4492.0 time 2.456
found_sol 4483.0 time 3.320
found_sol 4443.0 time 3.549
found_sol 4380.0 time 3.550
found_sol 4248.0 time 3.551
found_sol 4232.0 time 3.553
found_sol 4223.0 time 3.554
found_sol 4207.0 time 3.555
found_sol 4204.0 time 3.556
found_sol 4121.0 time 3.890
found_sol 4109.0 time 7.197
found_sol 4105.0 time 7.817
found_sol 4104.0 time 7.819
found_sol 4091.0 time 7.821
found_sol 4090.0 time 12.027
found_sol 4078.0 time 15.077
found_sol 4076.0 time 15.940
found_sol 4069.0 time 15.942
found_sol 4065.0 time 18.109
found_sol 4064.0 time 18.629
found_sol 4060.0 time 20.504
found_sol 4059.0 time 20.506
time 68.499
GUROBI
Status OPTIMAL
Runtime 68.49884605407715
NodeCount 14145.0
IterCount 1123978.0
NumVars 6600
NumConstrs 27744
ObjBound 4059.0
ObjBoundC 4059.0
ObjVal 4059.0
MIPGap 0.0
