
Gurobi 13.0.0 (linux64) logging started Fri Jan 16 04:07:37 2026

Set parameter LogFile to value "../experiments/network-n_60_s_0_rp_0-app_set-id_36_17_apps/submip_30_epr0_model_gurobi.log"
Set parameter TimeLimit to value 8.9537933953700121e+02
Gurobi Optimizer version 13.0.0 build v13.0.0rc1 (linux64 - "Ubuntu 24.04.3 LTS")

CPU model: Intel(R) Core(TM) Ultra 7 165H, instruction set [SSE2|AVX|AVX2]
Thread count: 22 physical cores, 22 logical processors, using up to 22 threads

Non-default parameters:
TimeLimit  8.9537933953700121e+02
LogToConsole  0

Academic license 2539022 - for non-commercial use only - registered to al___@studenti.unimi.it
Optimize a model with 27744 rows, 6600 columns and 64618 nonzeros (Min)
Model fingerprint: 0xd7954233
Model has 6600 linear objective coefficients
Model has 200 quadratic constraints
Variable types: 0 continuous, 6600 integer (6600 binary)
Coefficient statistics:
  Matrix range     [1e+00, 9e+02]
  QMatrix range    [5e+01, 2e+02]
  Objective range  [1e+01, 2e+02]
  Bounds range     [1e+00, 1e+00]
  RHS range        [1e+00, 1e+09]
  QRHS range       [1e+02, 6e+02]
Presolve removed 27100 rows and 4937 columns
Presolve time: 0.16s
Presolved: 20002 rows, 20817 columns, 121413 nonzeros
Variable types: 0 continuous, 20817 integer (20817 binary)
Deterministic concurrent LP optimizer: primal and dual simplex
Showing primal log only...

Concurrent spin time: 0.00s

Solved with dual simplex

Root relaxation: objective 3.892717e+03, 1196 iterations, 0.21 seconds (0.22 work units)

    Nodes    |    Current Node    |     Objective Bounds      |     Work
 Expl Unexpl |  Obj  Depth IntInf | Incumbent    BestBd   Gap | It/Node Time

     0     0 3892.71690    0  166          - 3892.71690      -     -    1s
     0     0 3957.44968    0  185          - 3957.44968      -     -    1s
H    0     0                    4604.0000000 3957.44968  14.0%     -    1s
H    0     0                    4560.0000000 3957.44968  13.2%     -    2s
H    0     0                    4521.0000000 3957.44968  12.5%     -    2s
     0     0 3980.83287    0  169 4521.00000 3980.83287  11.9%     -    2s
     0     0 3984.27820    0  162 4521.00000 3984.27820  11.9%     -    2s
     0     0 3984.37836    0  192 4521.00000 3984.37836  11.9%     -    2s
     0     0 3999.52446    0  192 4521.00000 3999.52446  11.5%     -    2s
     0     0 4005.72420    0  179 4521.00000 4005.72420  11.4%     -    3s
     0     0 4007.46004    0  206 4521.00000 4007.46004  11.4%     -    3s
     0     0 4007.54096    0  208 4521.00000 4007.54096  11.4%     -    3s
H    0     0                    4470.0000000 4007.54096  10.3%     -    3s
H    0     0                    4442.0000000 4007.54096  9.78%     -    3s
     0     0 4016.89667    0  212 4442.00000 4016.89667  9.57%     -    3s
H    0     0                    4369.0000000 4016.89667  8.06%     -    3s
H    0     0                    4307.0000000 4016.89667  6.74%     -    3s
     0     0 4020.01376    0  229 4307.00000 4020.01376  6.66%     -    3s
     0     0 4020.59480    0  224 4307.00000 4020.59480  6.65%     -    3s
H    0     0                    4304.0000000 4023.88315  6.51%     -    4s
H    0     0                    4287.0000000 4023.88315  6.14%     -    4s
     0     0 4023.88315    0  217 4287.00000 4023.88315  6.14%     -    4s
     0     0 4023.92918    0  216 4287.00000 4023.92918  6.14%     -    4s
     0     0 4023.92918    0  204 4287.00000 4023.92918  6.14%     -    4s
H    0     2                    4206.0000000 4023.93077  4.33%     -    5s
     0     2 4023.93077    0  202 4206.00000 4023.93077  4.33%     -    5s
H    1     4                    4203.0000000 4023.93077  4.26%   0.0    5s
H   55    82                    4180.0000000 4030.56466  3.58%   260    7s
H   61    82                    4134.0000000 4030.56466  2.50%   253    7s
H   78    82                    4132.0000000 4030.56466  2.45%   225    7s
   235   272 4039.71962   10  206 4132.00000 4030.56466  2.45%   163   10s
H  245   272                    4129.0000000 4030.56466  2.38%   161   10s
H  249   272                    4125.0000000 4030.56466  2.29%   159   10s
H  439   445                    4123.0000000 4030.56466  2.24%   140   12s
   597   637 4048.61804   18  198 4123.00000 4030.56466  2.24%   132   15s
H  959   941                    4122.0000000 4032.05144  2.18%   114   20s
H  994  1014                    4121.0000000 4032.05144  2.16%   114   21s
H 1042  1014                    4117.0000000 4032.05144  2.06%   113   21s
  1607  1586 4089.19202   46  100 4117.00000 4036.04344  1.97%  97.0   25s
H 1736  1571                    4110.0000000 4036.04344  1.80%  93.7   25s
H 1771  1504                    4103.0000000 4036.04344  1.63%  92.7   25s
H 1999  1410                    4094.0000000 4038.87085  1.35%  90.9   27s
  2181  1605 4062.60923   18  160 4094.00000 4038.87085  1.35%  92.1   30s
  2747  2042     cutoff   12      4094.00000 4038.87951  1.35%  91.8   35s
  3067  2147 4083.94683   37 4998 4094.00000 4038.87951  1.35%  91.4   40s
  3097  2167 4086.46304   33  261 4094.00000 4042.57676  1.26%  90.5   45s
  3136  2193 4062.40770   18  275 4094.00000 4046.61531  1.16%  89.4   50s
  3171  2233 4052.80944   19  221 4094.00000 4051.24629  1.04%  94.8   56s
  3258  2299 4062.50702   21  259 4094.00000 4052.55124  1.01%  98.6   61s
  3447  2357 4067.53776   23  234 4094.00000 4052.55124  1.01%   101   66s
  3616  2371 4078.24587   25  240 4094.00000 4056.94624  0.91%   104   71s
  3746  2410 4083.65238   27  158 4094.00000 4057.54078  0.89%   106   75s
  3895  2457 4087.33987   29  183 4094.00000 4059.61683  0.84%   106   80s
  4263  2483 4082.52688   24  182 4094.00000 4062.44469  0.77%   105   85s
  4774  2575 4088.71236   35  185 4094.00000 4063.59574  0.74%   106   90s
  5255  2614 4087.78609   29  159 4094.00000 4063.59574  0.74%   105   95s
  6011  2630 4082.32441   32  143 4094.00000 4067.74167  0.64%   104  101s
H 6134  2418                    4091.0000000 4067.74513  0.57%   103  103s
H 6172  2254                    4090.0000000 4067.74513  0.54%   103  103s
  6503  2273 4084.27158   35  154 4090.00000 4068.76836  0.52%   103  106s
  7049  2189     cutoff   43      4090.00000 4069.80002  0.49%   102  110s
  7782  2222 4084.98684   29  144 4090.00000 4071.22048  0.46%   101  115s
  8416  2173 4078.80198   28  140 4090.00000 4072.57308  0.43%   100  120s
H 9046  1949                    4089.0000000 4073.40946  0.38%  98.6  122s
H 9227  1656                    4086.0000000 4073.42946  0.31%  98.1  124s
  9658  1660     cutoff   41      4086.00000 4074.49397  0.28%  97.4  127s
*10561  1408              41    4085.0000000 4075.58855  0.23%  96.2  129s
 10689  1267 4083.11439   37   72 4085.00000 4076.13556  0.22%  96.1  131s
 11986   785     cutoff   29      4085.00000 4078.26330  0.16%  94.3  136s

Cutting planes:
  Gomory: 5
  Cover: 193
  Clique: 33
  MIR: 108
  Knapsack: 4
  StrongCG: 70
  Flow cover: 51
  GUB cover: 15
  Zero half: 68
  RLT: 164
  Relax-and-lift: 25
  BQP: 50

Explored 13418 nodes (1214772 simplex iterations) in 139.32 seconds (75.96 work units)
Thread count was 22 (of 22 available processors)

Solution count 10: 4085 4086 4089 ... 4121

Optimal solution found (tolerance 1.00e-04)
Best objective 4.085000000000e+03, best bound 4.085000000000e+03, gap 0.0000%

User-callback calls 39078, time in user-callback 0.11 sec
Set parameter LogToConsole to value 0
