
Gurobi 13.0.0 (linux64) logging started Sat Jan  3 20:11:31 2026

Set parameter LogFile to value "../experiments/network-n_60_s_1_rp_0-app_set-id_45_20_apps/compact_model_gurobi.log"
Set parameter TimeLimit to value 900
Gurobi Optimizer version 13.0.0 build v13.0.0rc1 (linux64 - "Ubuntu 24.04.3 LTS")

CPU model: Intel(R) Core(TM) Ultra 7 165H, instruction set [SSE2|AVX|AVX2]
Thread count: 22 physical cores, 22 logical processors, using up to 22 threads

Non-default parameters:
TimeLimit  900
LogToConsole  0

Academic license 2539022 - for non-commercial use only - registered to al___@studenti.unimi.it
Optimize a model with 62872 rows, 7800 columns and 136875 nonzeros (Min)
Model fingerprint: 0x45e7baae
Model has 7800 linear objective coefficients
Model has 206 quadratic constraints
Variable types: 0 continuous, 7800 integer (7800 binary)
Coefficient statistics:
  Matrix range     [1e+00, 9e+02]
  QMatrix range    [5e+01, 2e+02]
  Objective range  [1e+01, 2e+02]
  Bounds range     [1e+00, 1e+00]
  RHS range        [1e+00, 1e+09]
  QRHS range       [1e+02, 6e+02]
Presolve removed 60526 rows and 4383 columns
Presolve time: 0.16s
Presolved: 41922 rows, 42788 columns, 267936 nonzeros
Variable types: 0 continuous, 42788 integer (42788 binary)
Performing another presolve...
Presolve removed 2649 rows and 2720 columns
Presolve time: 1.16s
Deterministic concurrent LP optimizer: primal and dual simplex
Showing primal log only...

Concurrent spin time: 0.15s (can be avoided by choosing Method=3)

Solved with dual simplex

Root relaxation: objective 4.593639e+03, 2856 iterations, 0.64 seconds (0.89 work units)

    Nodes    |    Current Node    |     Objective Bounds      |     Work
 Expl Unexpl |  Obj  Depth IntInf | Incumbent    BestBd   Gap | It/Node Time

     0     0 4593.63852    0  304          - 4593.63852      -     -    2s
     0     0 4618.88905    0  298          - 4618.88905      -     -    4s
     0     0 4655.79036    0  350          - 4655.79036      -     -    5s
     0     0 4686.16227    0  353          - 4686.16227      -     -    5s
     0     0 4691.46797    0  356          - 4691.46797      -     -    6s
     0     0 4691.47379    0  360          - 4691.47379      -     -    6s
     0     0 4723.01631    0  383          - 4723.01631      -     -    8s
     0     0 4757.74751    0  454          - 4757.74751      -     -    8s
     0     0 4769.22517    0  486          - 4769.22517      -     -    9s
     0     0 4778.20527    0  521          - 4778.20527      -     -    9s
     0     0 4784.14136    0  521          - 4784.14136      -     -   10s
     0     0 4785.09669    0  519          - 4785.09669      -     -   10s
     0     0 4811.26054    0  502          - 4811.26054      -     -   12s
     0     0 4823.49908    0  501          - 4823.49908      -     -   12s
     0     0 4829.70144    0  570          - 4829.70144      -     -   13s
     0     0 4832.55484    0  591          - 4832.55484      -     -   13s
     0     0 4849.17236    0  564          - 4849.17236      -     -   17s
     0     0 4855.51953    0  586          - 4855.51953      -     -   17s
     0     0 4858.83483    0  705          - 4858.83483      -     -   18s
     0     0 4861.45749    0  692          - 4861.45749      -     -   20s
     0     0 4861.54645    0  681          - 4861.54645      -     -   20s
     0     0 4861.54645    0  670          - 4861.54645      -     -   20s
     0     2 4862.06300    0  668          - 4862.06300      -     -   24s
     1     5 4867.38675    1  626          - 4862.06300      -   684   26s
    31    54 4875.26416    5  580          - 4872.72655      -   545   31s
   144   181 4881.14589    9  535          - 4874.29218      -   351   36s
   212   255 4886.79352   11  550          - 4874.29218      -   387   40s
   333   368 4886.53818   15  555          - 4874.29218      -   365   45s
   437   456 4893.25371   18  541          - 4874.29218      -   350   50s
   518   526 4899.05798   20  541          - 4874.29218      -   347   56s
   571   571 4901.85805   22  514          - 4874.29218      -   352   60s
   642   637 4903.17869   24  541          - 4874.29218      -   347   65s
   687   684 4907.17926   25  514          - 4874.29218      -   349   70s
   758   750 4932.56745   27  521          - 4874.29218      -   357   77s
   813   819 4926.74595   28  475          - 4874.29218      -   358   81s
   904   887 infeasible   29               - 4875.27986      -   353   86s
   974   964 4948.80691   32  497          - 4875.27986      -   361   92s
  1035  1014 4950.78228   33  525          - 4875.27986      -   360   95s
  1174  1141 4974.91961   36  515          - 4875.27986      -   356  100s
H 1243  1141                    5416.0000000 4875.27986  10.0%   352  100s
H 1248  1195                    5399.0000000 4875.27986  9.70%   352  103s
H 1277  1195                    5380.0000000 4875.27986  9.38%   352  103s
H 1296  1195                    5363.0000000 4875.27986  9.09%   352  103s
  1320  1239 5024.41978   39  489 5363.00000 4875.27986  9.09%   353  106s
H 1431  1267                    5350.0000000 4875.55461  8.87%   364  109s
  1432  1293 5020.76003   43  498 5350.00000 4875.55461  8.87%   365  113s
H 1457  1293                    5335.0000000 4875.55461  8.61%   369  113s
  1485  1310 5065.56755   44  528 5335.00000 4875.55461  8.61%   377  117s
H 1507  1310                    5295.0000000 4875.55461  7.92%   392  117s
H 1510  1310                    5288.0000000 4875.55461  7.80%   394  117s
  1516  1342 5048.59987   44  563 5288.00000 4875.55461  7.80%   396  123s
H 1559  1342                    5280.0000000 4875.55461  7.66%   400  123s
  1564  1394 5066.56451   45  516 5280.00000 4875.55461  7.66%   402  129s
H 1575  1394                    5271.0000000 4875.55461  7.50%   404  129s
  1637  1470 infeasible   47      5271.00000 4882.60040  7.37%   411  134s
  1738  1542 4937.55508   15  707 5271.00000 4882.60040  7.37%   412  140s
  1836  1637 4943.63820   16  662 5271.00000 4882.87517  7.36%   414  146s
  1953  1745 4977.38551   19  617 5271.00000 4882.87517  7.36%   412  150s
  2067  1878 4984.84302   21  609 5271.00000 4882.87517  7.36%   409  156s
  2216  1997 5021.04986   24  589 5271.00000 4884.70713  7.33%   403  163s
  2350  2119 5030.88700   26  529 5271.00000 4884.70713  7.33%   402  170s
  2512  2231 5142.73437   29  504 5271.00000 4886.90433  7.29%   401  178s
  2672  2338 5266.22616   31  478 5271.00000 4886.90433  7.29%   400  184s
  2802  2339 5016.08483   20 18954 5271.00000 4886.90433  7.29%   401  206s
  2804  2340 5120.29651   88  338 5271.00000 4886.90433  7.29%   400  213s
  2805  2341 5249.57824   69  419 5271.00000 4886.90433  7.29%   400  216s
  2807  2342 4938.88027    8  551 5271.00000 4886.90433  7.29%   400  222s
  2808  2343 5200.73860  160  537 5271.00000 4886.90433  7.29%   400  225s
  2810  2344 5027.47656   24  702 5271.00000 4886.90433  7.29%   399  231s
  2812  2346 5155.30914  109  746 5271.00000 4886.90433  7.29%   399  235s
  2819  2350 4979.18138   29  781 5271.00000 4891.16759  7.21%   398  240s
  2824  2354 5067.01103   45  827 5271.00000 4899.16118  7.05%   397  245s
  2832  2359 4952.22716    9  805 5271.00000 4900.89505  7.02%   396  250s
  2835  2361 4931.28529   22  754 5271.00000 4910.20766  6.84%   396  255s
  2842  2366 5042.86833   43  829 5271.00000 4916.71949  6.72%   395  260s
  2850  2371 5118.89946   64  878 5271.00000 4919.76445  6.66%   394  265s
  2856  2375 5205.77050   42  866 5271.00000 4922.80757  6.61%   393  270s
  2866  2382 5175.67889   30  811 5271.00000 4925.58244  6.55%   392  276s
  2875  2388 5004.96068   18  798 5271.00000 4926.55124  6.53%   390  280s
  2881  2392 5214.19647   51  836 5271.00000 4931.86382  6.43%   390  285s
  2890  2398 5083.92829   37  786 5271.00000 4932.82338  6.42%   388  290s
  2899  2404 4986.87362   12  790 5271.00000 4933.81926  6.40%   387  295s
  2913  2413 5202.28921  107  836 5271.00000 4934.62863  6.38%   385  300s
  2923  2420 5149.06293   41  837 5271.00000 4936.21764  6.35%   384  306s
  2931  2425 5015.08979   34  855 5271.00000 4936.84982  6.34%   383  310s
  2939  2430 4982.27989   11  967 5271.00000 4937.56527  6.33%   382  315s
  2947  2436 5089.28505   64  840 5271.00000 4939.12206  6.30%   381  320s
  2960  2444 5114.21992   53  854 5271.00000 4939.60314  6.29%   379  325s
  2971  2452 4939.73834   19  796 5271.00000 4939.73834  6.28%   378  331s
  2978  2456 4952.22716   14  840 5271.00000 4941.61802  6.25%   377  336s
  2984  2460 4951.21468   19  851 5271.00000 4941.97675  6.24%   376  341s
  2994  2467 5056.21950   20  843 5271.00000 4942.34227  6.24%   375  345s
  3003  2473 5220.55111   50  865 5271.00000 4942.51590  6.23%   374  351s
  3012  2479 5155.30914  109  795 5271.00000 4943.28852  6.22%   373  355s
  3019  2484 4979.18138   29  772 5271.00000 4943.68575  6.21%   372  368s
  3023  2486 5149.06293   41  818 5271.00000 4943.85452  6.21%   371  370s
  3029  2490 5008.36040    9  757 5271.00000 4944.02992  6.20%   371  375s
  3037  2496 5058.62904   32  865 5271.00000 4944.43415  6.20%   370  381s
  3044  2500 5102.79045   16  917 5271.00000 4944.86791  6.19%   369  386s
  3051  2505 4944.99143   22  811 5271.00000 4944.99143  6.18%   368  390s
  3062  2512 5110.88674   56  891 5271.00000 4945.39169  6.18%   367  395s
  3070  2518 4949.29755   27  829 5271.00000 4946.03539  6.17%   366  400s
  3076  2522 5239.12220   50  810 5271.00000 4946.28604  6.16%   365  407s
  3077  2522 4946.29228    9  810 5271.00000 4946.29228  6.16%   365  416s
  3078  2526 4947.24420   16  737 5271.00000 4946.58697  6.15%   399  431s
  3080  2529 4951.21065   17  733 5271.00000 4947.24681  6.14%   400  438s
  3084  2536 4954.68951   18  735 5271.00000 4949.82382  6.09%   401  447s
  3092  2547 4960.33831   19  701 5271.00000 4953.04319  6.03%   410  465s
  3108  2564 4964.69002   20  764 5271.00000 4955.09302  5.99%   422  485s
  3130  2600 4967.71403   21  813 5271.00000 4958.40098  5.93%   448  507s
  3173  2612 4980.80722   22  774 5271.00000 4958.40531  5.93%   463  541s
H 3208  2470                    5270.0000000 4958.40531  5.91%   473  541s
  3209  2520 5018.43131   23  718 5270.00000 4958.40531  5.91%   474  561s
  3260  2525 5057.85149   23  833 5270.00000 4958.40531  5.91%   491  576s
  3282  2539 5038.47761   24  682 5270.00000 4958.40531  5.91%   497  591s
  3307  2557 5024.09008   24  706 5270.00000 4958.40531  5.91%   503  608s
H 3333  2424                    5265.0000000 4958.40531  5.82%   508  608s
  3335  2476 5075.16454   25  843 5265.00000 4958.40531  5.82%   509  629s
  3390  2502 5057.51148   25  644 5265.00000 4958.40531  5.82%   523  649s
  3441  2522 5092.49675   26  647 5265.00000 4958.40531  5.82%   535  670s
  3487  2548 5124.47885   26  713 5265.00000 4961.72372  5.76%   547  688s
  3536  2572 5103.95455   27  671 5265.00000 4961.72372  5.76%   556  707s
  3582  2604 5114.16822   28  565 5265.00000 4963.15389  5.73%   566  730s
  3637  2630 5118.68416   29  640 5265.00000 4963.15389  5.73%   574  746s
  3688  2663 5121.48856   30  583 5265.00000 4963.15389  5.73%   581  763s
  3745  2697 5122.79658   31  580 5265.00000 4963.15389  5.73%   588  782s
  3814  2752 5123.18091   32  558 5265.00000 4963.97316  5.72%   594  796s
  3899  2795 5167.63317   33  512 5265.00000 4963.97316  5.72%   597  812s
  3985  2827 5127.48865   34  522 5265.00000 4963.97316  5.72%   597  840s
  4071  2860 5128.66291   35  551 5265.00000 4964.69002  5.70%   601  862s
  4159  2906 5138.11965   36  464 5265.00000 4964.69002  5.70%   605  881s
  4248  2947 5136.65986   38  621 5265.00000 4964.69002  5.70%   608  900s

Cutting planes:
  Gomory: 7
  Lift-and-project: 1
  Cover: 405
  Implied bound: 2
  Clique: 91
  MIR: 386
  Knapsack: 20
  StrongCG: 316
  Flow cover: 1425
  GUB cover: 41
  Zero half: 226
  Mod-K: 1
  RLT: 491
  Relax-and-lift: 310
  BQP: 94
  PSD: 1

Explored 4333 nodes (2661755 simplex iterations) in 900.04 seconds (1077.17 work units)
Thread count was 22 (of 22 available processors)

Solution count 10: 5265 5270 5271 ... 5380

Time limit reached
Best objective 5.265000000000e+03, best bound 4.968000000000e+03, gap 5.6410%

User-callback calls 164710, time in user-callback 0.72 sec
