
Gurobi 13.0.0 (linux64) logging started Sun Jan 18 03:07:46 2026

Set parameter LogFile to value "../experiments/network-n_60_s_1_rp_0-app_set-id_45_20_apps/submip_40_epr1_model_gurobi.log"
Set parameter TimeLimit to value 8.0479944477601384e+02
Gurobi Optimizer version 13.0.0 build v13.0.0rc1 (linux64 - "Ubuntu 24.04.3 LTS")

CPU model: Intel(R) Core(TM) Ultra 7 165H, instruction set [SSE2|AVX|AVX2]
Thread count: 22 physical cores, 22 logical processors, using up to 22 threads

Non-default parameters:
TimeLimit  8.0479944477601384e+02
LogToConsole  0

Academic license 2539022 - for non-commercial use only - registered to al___@studenti.unimi.it
Optimize a model with 62941 rows, 7800 columns and 136944 nonzeros (Min)
Model fingerprint: 0x433430a0
Model has 7800 linear objective coefficients
Model has 206 quadratic constraints
Variable types: 0 continuous, 7800 integer (7800 binary)
Coefficient statistics:
  Matrix range     [1e+00, 9e+02]
  QMatrix range    [5e+01, 2e+02]
  Objective range  [1e+01, 2e+02]
  Bounds range     [1e+00, 1e+00]
  RHS range        [1e+00, 1e+09]
  QRHS range       [1e+02, 6e+02]

MIP start from previous solve did not produce a new incumbent solution
MIP start from previous solve violates constraint fixed_app_2_microservice_2 by 1.000000000

Presolve removed 62254 rows and 6308 columns
Presolve time: 0.06s
Presolved: 9525 rows, 10130 columns, 61392 nonzeros
Variable types: 0 continuous, 10130 integer (10130 binary)
Performing another presolve...
Presolve removed 2225 rows and 2401 columns
Presolve time: 0.23s

Root relaxation: objective 4.702473e+03, 1748 iterations, 0.12 seconds (0.17 work units)

    Nodes    |    Current Node    |     Objective Bounds      |     Work
 Expl Unexpl |  Obj  Depth IntInf | Incumbent    BestBd   Gap | It/Node Time

     0     0 4702.47291    0  186          - 4702.47291      -     -    0s
     0     0 4833.46566    0  243          - 4833.46566      -     -    1s
     0     0 4867.31506    0  235          - 4867.31506      -     -    1s
     0     0 4868.72007    0  255          - 4868.72007      -     -    1s
     0     0 4928.83177    0  269          - 4928.83177      -     -    2s
     0     0 4952.74153    0  306          - 4952.74153      -     -    2s
     0     0 4957.81159    0  318          - 4957.81159      -     -    2s
     0     0 4961.10572    0  301          - 4961.10572      -     -    2s
     0     0 5002.01978    0  298          - 5002.01978      -     -    3s
     0     0 5002.02995    0  292          - 5002.02995      -     -    3s
     0     0 5002.02995    0  285          - 5002.02995      -     -    3s
     0     2 5002.03507    0  284          - 5002.03507      -     -    4s
    31    54 5045.50799    5  246          - 5013.48175      -   295    5s
   461   476 5122.61225   17  214          - 5014.26620      -   220   10s
   644   659 5133.12913   20  206          - 5014.26620      -   200   15s
   928   953 5153.20649   25  190          - 5014.26620      -   177   20s
  1464  1400 5334.56374   57  150          - 5030.03261      -   163   25s
H 1930  1731                    5760.0000000 5057.78518  12.2%   155   29s
  1998  1870 infeasible   61      5760.00000 5057.78518  12.2%   154   30s
  2865  2376 5232.62262   16 3317 5760.00000 5057.78518  12.2%   156   37s
H 2866  2258                    5721.0000000 5057.78518  11.6%   156   38s
  2871  2261 5165.36830   28  318 5721.00000 5057.78518  11.6%   156   40s
H 2877  2151                    5713.0000000 5057.78518  11.5%   156   41s
H 2884  2048                    5705.0000000 5057.78518  11.3%   155   42s
H 2884  1945                    5650.0000000 5057.78518  10.5%   155   42s
H 2898  1856                    5639.0000000 5061.16065  10.2%   154   43s
  2911  1865 5337.04875   29  413 5639.00000 5067.71286  10.1%   154   45s
H 2929  1782                    5634.0000000 5073.52727  9.95%   153   47s
  2946  1793 5184.75852   20  405 5634.00000 5075.22221  9.92%   152   50s
  2976  1813 5326.30955   27  391 5634.00000 5081.37024  9.81%   150   55s
  2992  1841 5115.82373   17  374 5634.00000 5105.77366  9.38%   161   61s
  3030  1903 5121.48786   19  365 5634.00000 5118.32144  9.15%   169   66s
  3109  1939 5159.43743   21  344 5634.00000 5118.32144  9.15%   178   70s
H 3128  1840                    5569.0000000 5118.32144  8.09%   180   70s
H 3152  1781                    5469.0000000 5118.32144  6.41%   181   72s
  3257  1848 5197.52976   22  319 5469.00000 5118.32144  6.41%   189   76s
H 3322  1765                    5461.0000000 5132.89560  6.01%   192   77s
  3396  1832 5242.88136   24  291 5461.00000 5132.89560  6.01%   194   80s
  3586  1924 5250.83843   28  216 5461.00000 5140.97394  5.86%   198   86s
  3739  1950 5270.85827   30  251 5461.00000 5142.31067  5.84%   199   90s
  3845  1991 5266.14969   34  191 5461.00000 5151.59995  5.67%   201   95s
  3987  2047 5288.83737   38  168 5461.00000 5158.93401  5.53%   202  100s
  4112  2110 5299.68830   41  141 5461.00000 5160.69414  5.50%   202  105s
  4429  2233 5374.20310   47  141 5461.00000 5172.23580  5.29%   202  111s
  4719  2321 5425.97813   54  138 5461.00000 5172.55762  5.28%   200  116s
  5031  2423     cutoff   68      5461.00000 5188.09977  5.00%   200  120s
  5425  2618 5429.21318   24  212 5461.00000 5188.09977  5.00%   199  125s
  5823  2794 5388.86784   33  171 5461.00000 5189.94183  4.96%   198  130s
  6335  2971 5336.54673   25  238 5461.00000 5189.94183  4.96%   195  136s
  6903  3201 5252.04641   30  200 5461.00000 5189.94183  4.96%   192  141s
  7546  3336 5283.17546   25  220 5461.00000 5189.94183  4.96%   189  147s
  7896  3531 5456.72663   35   90 5461.00000 5189.94183  4.96%   189  150s
  8557  3964 5246.92629   24  237 5461.00000 5206.84357  4.65%   187  157s
  8949  4084     cutoff   36      5461.00000 5211.40050  4.57%   187  160s
  9698  4505 5417.46294   46  175 5461.00000 5221.63490  4.38%   184  167s
 10079  4745 5268.76204   27  230 5461.00000 5221.63490  4.38%   182  171s
 10422  5063 5295.76136   34  162 5461.00000 5221.63490  4.38%   183  175s
 11476  5662 5386.82491   45  160 5461.00000 5228.18333  4.26%   180  183s
 12045  5899     cutoff   25      5461.00000 5228.18333  4.26%   178  187s
 12592  6172 5438.63825   32  186 5461.00000 5228.18333  4.26%   177  191s
 13133  6548 5379.26791   28  254 5461.00000 5228.18333  4.26%   176  195s
 13755  6786     cutoff   30      5461.00000 5228.18333  4.26%   176  200s
 14361  7092 5391.03682   35  154 5461.00000 5228.18333  4.26%   176  209s
 14841  7323     cutoff   34      5461.00000 5237.66562  4.09%   176  214s
 15288  7800 5450.22763   41  155 5461.00000 5242.20154  4.01%   176  219s
 16045  8061 5431.50386   33  179 5461.00000 5242.20154  4.01%   175  224s
 16623  8243 5285.37097   28  204 5461.00000 5243.45485  3.98%   175  230s
 17042  8724 5369.29566   39  135 5461.00000 5243.45485  3.98%   175  235s
 17893  9097 5313.17833   26  174 5461.00000 5247.77017  3.90%   173  241s
 18608  9641 5345.55263   34  192 5461.00000 5249.73509  3.87%   173  247s
 19495 10139     cutoff   46      5461.00000 5251.27118  3.84%   172  253s
 20464 10646 5359.19837   33  226 5461.00000 5253.01470  3.81%   171  259s
 21347 10882     cutoff   36      5461.00000 5253.81720  3.79%   170  265s
 21943 11268 5333.61733   36  187 5461.00000 5256.19702  3.75%   170  272s
 22822 11885 5309.26128   28  183 5461.00000 5256.19702  3.75%   170  279s
 24037 12582     cutoff   32      5461.00000 5258.78784  3.70%   169  288s
 25281 12905 5456.25476   41  145 5461.00000 5260.05519  3.68%   168  295s
 26113 13391 5405.48122   38  157 5461.00000 5261.76765  3.65%   168  301s
 27180 13831 5377.02790   28  170 5461.00000 5263.17488  3.62%   168  308s
 28119 14367 5335.81902   23  229 5461.00000 5264.52257  3.60%   168  314s
 29216 14912 5445.83740   36  220 5461.00000 5265.96964  3.57%   167  321s
 30269 15344 5324.27122   33  204 5461.00000 5267.44024  3.54%   166  329s
 31074 16069     cutoff   27      5461.00000 5268.49528  3.53%   165  337s
 32372 16721 5422.50344   29  239 5461.00000 5270.30995  3.49%   165  345s
 33638 17331 5350.41795   38  206 5461.00000 5271.03813  3.48%   165  353s
 34966 17915 5399.19934   43  121 5461.00000 5272.59916  3.45%   165  362s
 36266 18665 5409.13515   26  197 5461.00000 5273.40258  3.44%   164  371s
 37915 19216 5457.44897   31  186 5461.00000 5275.50798  3.40%   163  380s
 39417 19585 5350.05345   29  245 5461.00000 5276.98727  3.37%   162  389s
 40157 20177 5340.45029   27  264 5461.00000 5277.48712  3.36%   162  399s
 41508 20975 5452.18941   33  183 5461.00000 5278.87661  3.33%   162  410s
 43264 21746     cutoff   41      5461.00000 5280.24640  3.31%   161  420s
 44987 22642 5396.96958   56  148 5461.00000 5281.74280  3.28%   161  432s
 46958 23689 5347.19463   33  230 5461.00000 5284.00274  3.24%   160  443s
 49070 24531 5385.59338   32  172 5461.00000 5286.19491  3.20%   159  500s
 51124 24663 5351.48212   31  195 5461.00000 5287.52010  3.18%   159  513s
H51125 16323                    5392.0000000 5287.52010  1.94%   159  513s
 51357 16875 5355.55383   33  175 5392.00000 5287.82080  1.93%   159  529s
 54270 17331     cutoff   31      5392.00000 5291.38707  1.87%   159  543s
 56564 17671 5338.94293   29  172 5392.00000 5294.75951  1.80%   159  557s
 58433 18128 5364.49910   28  155 5392.00000 5295.30224  1.79%   160  573s
H58737 13941                    5372.0000000 5295.30224  1.43%   160  573s
 61251 13873 5366.90395   45  204 5372.00000 5299.43267  1.35%   160  587s
 63921 13875 5355.28497   32  195 5372.00000 5302.55832  1.29%   160  602s
 66279 13716 5349.62350   31  227 5372.00000 5306.06801  1.23%   161  617s
 68968 13525 5362.30419   33  111 5372.00000 5310.68607  1.14%   161  631s
 71734 13283 5363.25300   32  147 5372.00000 5314.35924  1.07%   161  644s
 74401 13055 5364.00064   50  182 5372.00000 5317.93457  1.01%   161  658s
 76133 12558 5367.39134   32  213 5372.00000 5320.32402  0.96%   161  672s
 78902 11928 5341.07954   29  254 5372.00000 5324.69071  0.88%   161  685s
 81760 11159     cutoff   26      5372.00000 5328.68621  0.81%   161  698s
 84434 10157 5360.18127   30  207 5372.00000 5332.28634  0.74%   161  710s
 87067  8972     cutoff   37      5372.00000 5336.68436  0.66%   160  722s
 89753  7512     cutoff   42      5372.00000 5340.56465  0.59%   160  733s
 92379  5878     cutoff   32      5372.00000 5346.29548  0.48%   159  741s
 94837  4085     cutoff   34      5372.00000 5351.13930  0.39%   158  748s
 96967  2115     cutoff   33      5372.00000 5356.34911  0.29%   156  753s
 99013     0     cutoff   40      5372.00000 5362.68852  0.17%   154  756s

Cutting planes:
  Lift-and-project: 3
  Cover: 834
  Implied bound: 3
  Clique: 85
  MIR: 315
  Knapsack: 21
  StrongCG: 179
  Flow cover: 236
  GUB cover: 36
  Inf proof: 2
  Zero half: 159
  RLT: 230
  Relax-and-lift: 160
  BQP: 28
  PSD: 2

Explored 101135 nodes (15295533 simplex iterations) in 756.71 seconds (506.10 work units)
Thread count was 22 (of 22 available processors)

Solution count 10: 5372 5392 5461 ... 5713

Optimal solution found (tolerance 1.00e-04)
Best objective 5.372000000000e+03, best bound 5.372000000000e+03, gap 0.0000%

User-callback calls 282974, time in user-callback 0.57 sec
