
Gurobi 13.0.0 (linux64) logging started Sun Jan 18 02:51:02 2026

Set parameter LogFile to value "../experiments/network-n_60_s_1_rp_0-app_set-id_45_20_apps/submip_40_epr0_model_gurobi.log"
Set parameter TimeLimit to value 8.9253876456599392e+02
Gurobi Optimizer version 13.0.0 build v13.0.0rc1 (linux64 - "Ubuntu 24.04.3 LTS")

CPU model: Intel(R) Core(TM) Ultra 7 165H, instruction set [SSE2|AVX|AVX2]
Thread count: 22 physical cores, 22 logical processors, using up to 22 threads

Non-default parameters:
TimeLimit  8.9253876456599392e+02
LogToConsole  0

Academic license 2539022 - for non-commercial use only - registered to al___@studenti.unimi.it
Optimize a model with 62941 rows, 7800 columns and 136944 nonzeros (Min)
Model fingerprint: 0x0bab9601
Model has 7800 linear objective coefficients
Model has 206 quadratic constraints
Variable types: 0 continuous, 7800 integer (7800 binary)
Coefficient statistics:
  Matrix range     [1e+00, 9e+02]
  QMatrix range    [5e+01, 2e+02]
  Objective range  [1e+01, 2e+02]
  Bounds range     [1e+00, 1e+00]
  RHS range        [1e+00, 1e+09]
  QRHS range       [1e+02, 6e+02]

MIP start from previous solve did not produce a new incumbent solution
MIP start from previous solve violates constraint fixed_app_6_microservice_1 by 1.000000000

Presolve removed 62206 rows and 6371 columns
Presolve time: 0.06s
Presolved: 10940 rows, 11433 columns, 70372 nonzeros
Variable types: 0 continuous, 11433 integer (11433 binary)
Performing another presolve...
Presolve removed 3060 rows and 3212 columns
Presolve time: 0.32s

Root relaxation: objective 4.786570e+03, 1657 iterations, 0.12 seconds (0.18 work units)

    Nodes    |    Current Node    |     Objective Bounds      |     Work
 Expl Unexpl |  Obj  Depth IntInf | Incumbent    BestBd   Gap | It/Node Time

     0     0 4786.57011    0  179          - 4786.57011      -     -    0s
     0     0 4958.50439    0  191          - 4958.50439      -     -    1s
     0     0 5028.80908    0  232          - 5028.80908      -     -    1s
     0     0 5038.06587    0  238          - 5038.06587      -     -    1s
     0     0 5038.60441    0  231          - 5038.60441      -     -    1s
     0     0 5145.15341    0  222          - 5145.15341      -     -    2s
     0     0 5145.16502    0  260          - 5145.16502      -     -    2s
     0     0 5146.73801    0  247          - 5146.73801      -     -    2s
     0     0 5162.67560    0  223          - 5162.67560      -     -    3s
     0     0 5162.72907    0  214          - 5162.72907      -     -    3s
     0     0 5162.72907    0  206          - 5162.72907      -     -    3s
     0     2 5162.73272    0  205          - 5162.73272      -     -    4s
    31    54 5190.48985    5  202          - 5188.80840      -   288    5s
   556   592 5245.23200   21  194          - 5190.48985      -   152   10s
H  904   935                    6011.0000000 5190.48985  13.7%   146   13s
H 1039  1032                    6010.0000000 5190.48985  13.6%   141   14s
H 1108  1161                    5973.0000000 5190.48985  13.1%   139   14s
  1224  1307 5408.76403   48  130 5973.00000 5190.48985  13.1%   134   15s
H 1401  1361                    5913.0000000 5200.44004  12.1%   126   15s
H 1413  1361                    5880.0000000 5201.63713  11.5%   126   15s
H 1436  1361                    5833.0000000 5201.63713  10.8%   127   15s
  2014  1859     cutoff   32      5833.00000 5201.63713  10.8%   140   20s
H 2511  2186                    5807.0000000 5213.50237  10.2%   139   24s
  2635  2319 5460.94609   24  150 5807.00000 5213.50237  10.2%   139   25s
  2993  2455 5384.87553   19  221 5807.00000 5213.50237  10.2%   139   31s
  3016  2471 5705.26309   39  362 5807.00000 5238.07412  9.80%   138   35s
H 3031  2356                    5700.0000000 5252.92337  7.84%   137   37s
H 3049  2248                    5661.0000000 5257.15630  7.13%   136   39s
  3051  2249 5461.64864   17  373 5661.00000 5257.28974  7.13%   136   40s
H 3060  2141                    5657.0000000 5257.57026  7.06%   136   41s
H 3060  2033                    5549.0000000 5257.57026  5.25%   136   41s
  3071  2040 5338.60885   34  380 5549.00000 5258.65974  5.23%   135   45s
H 3076  1945                    5542.0000000 5266.96302  4.96%   140   47s
H 3085  1852                    5530.0000000 5285.00857  4.43%   142   48s
  3103  1884 5303.24024   18  347 5530.00000 5294.77657  4.25%   145   51s
H 3138  1828                    5510.0000000 5298.15143  3.84%   150   53s
  3175  1857 5325.59219   20  342 5510.00000 5298.15143  3.84%   152   55s
H 3332  1798                    5507.0000000 5303.27838  3.70%   158   59s
  3350  1803 5358.16719   22  296 5507.00000 5303.27838  3.70%   158   61s
H 3429  1708                    5486.0000000 5311.02049  3.19%   161   63s
  3490  1739 5400.69056   24  270 5486.00000 5311.55076  3.18%   163   65s
  3670  1770 5411.27602   27  252 5486.00000 5314.84409  3.12%   165   70s
  3832  1782 5440.22554   31  230 5486.00000 5324.24578  2.95%   168   75s
  4065  1800 5475.31498   25  218 5486.00000 5327.89192  2.88%   171   81s
  4209  1814 5447.57399   20  213 5486.00000 5332.27064  2.80%   173   85s
  4413  1838 5423.16856   26  245 5486.00000 5340.18648  2.66%   175   90s
  4719  1839 5373.43043   22  256 5486.00000 5344.35143  2.58%   176   97s
  4984  1840 5427.21616   31  134 5486.00000 5345.98817  2.55%   178  101s
  5270  1840 5417.81234   26  231 5486.00000 5362.82265  2.25%   180  106s
  5573  1812 5459.96987   35  240 5486.00000 5369.29916  2.13%   181  111s
  5793  1777 5452.13876   26  206 5486.00000 5371.32197  2.09%   182  116s
  5978  1764     cutoff   28      5486.00000 5376.08923  2.00%   182  121s
  6427  1697     cutoff   31      5486.00000 5378.60783  1.96%   182  127s
  6686  1688 5470.07588   26  325 5486.00000 5388.63444  1.77%   182  130s
  7230  1601 5478.60078   29  181 5486.00000 5393.81563  1.68%   182  137s
  7563  1515     cutoff   26      5486.00000 5397.66647  1.61%   182  140s
* 7723  1424              28    5481.0000000 5399.94317  1.48%   181  140s
  8089  1500     cutoff   36      5481.00000 5403.44851  1.41%   182  147s
  8429  1533 5465.55790   23  304 5481.00000 5407.52970  1.34%   181  150s
  9091  1535 5461.09306   30  202 5481.00000 5411.83033  1.26%   181  158s
  9281  1512 5465.02236   26  250 5481.00000 5414.20908  1.22%   180  162s
  9627  1478 5452.34758   27  298 5481.00000 5417.60574  1.16%   180  166s
 10037  1460     cutoff   31      5481.00000 5421.21369  1.09%   180  170s
H10371  1424                    5475.0000000 5423.29787  0.94%   180  170s
 11016  1173     cutoff   36      5475.00000 5432.04666  0.78%   178  179s
 11585   894     cutoff   35      5475.00000 5436.76494  0.70%   177  183s
 12327   378 5468.32565   32  209 5475.00000 5442.67378  0.59%   174  188s
 13044     0     cutoff   28      5475.00000 5450.80269  0.44%   171  190s

Cutting planes:
  Gomory: 3
  Lift-and-project: 4
  Cover: 261
  Implied bound: 1
  Clique: 65
  MIR: 154
  Knapsack: 10
  StrongCG: 101
  Flow cover: 141
  GUB cover: 14
  Zero half: 60
  RLT: 168
  Relax-and-lift: 110
  BQP: 28

Explored 13491 nodes (2259287 simplex iterations) in 190.31 seconds (123.43 work units)
Thread count was 22 (of 22 available processors)

Solution count 10: 5475 5481 5486 ... 5661

Optimal solution found (tolerance 1.00e-04)
Best objective 5.475000000000e+03, best bound 5.475000000000e+03, gap 0.0000%

User-callback calls 41903, time in user-callback 0.16 sec
Set parameter LogToConsole to value 0
