
Gurobi 13.0.0 (linux64) logging started Sun Jan 18 02:54:12 2026

Set parameter LogFile to value "../experiments/network-n_60_s_1_rp_0-app_set-id_45_20_apps/submip_30_epr1_model_gurobi.log"
Set parameter TimeLimit to value 8.1357728482301172e+02
Gurobi Optimizer version 13.0.0 build v13.0.0rc1 (linux64 - "Ubuntu 24.04.3 LTS")

CPU model: Intel(R) Core(TM) Ultra 7 165H, instruction set [SSE2|AVX|AVX2]
Thread count: 22 physical cores, 22 logical processors, using up to 22 threads

Non-default parameters:
TimeLimit  8.1357728482301172e+02
LogToConsole  0

Academic license 2539022 - for non-commercial use only - registered to al___@studenti.unimi.it
Optimize a model with 62930 rows, 7800 columns and 136933 nonzeros (Min)
Model fingerprint: 0x990153ef
Model has 7800 linear objective coefficients
Model has 206 quadratic constraints
Variable types: 0 continuous, 7800 integer (7800 binary)
Coefficient statistics:
  Matrix range     [1e+00, 9e+02]
  QMatrix range    [5e+01, 2e+02]
  Objective range  [1e+01, 2e+02]
  Bounds range     [1e+00, 1e+00]
  RHS range        [1e+00, 1e+09]
  QRHS range       [1e+02, 6e+02]

MIP start from previous solve did not produce a new incumbent solution
MIP start from previous solve violates constraint fixed_app_6_microservice_2 by 1.000000000

Presolve removed 62023 rows and 5946 columns
Presolve time: 0.05s
Presolved: 13265 rows, 14010 columns, 85572 nonzeros
Variable types: 0 continuous, 14010 integer (14010 binary)
Performing another presolve...
Presolve removed 2500 rows and 2673 columns
Presolve time: 0.34s

Root relaxation: objective 4.652395e+03, 1975 iterations, 0.19 seconds (0.25 work units)

    Nodes    |    Current Node    |     Objective Bounds      |     Work
 Expl Unexpl |  Obj  Depth IntInf | Incumbent    BestBd   Gap | It/Node Time

     0     0 4652.39489    0  218          - 4652.39489      -     -    0s
     0     0 4758.01450    0  247          - 4758.01450      -     -    1s
     0     0 4809.79636    0  315          - 4809.79636      -     -    2s
     0     0 4814.98628    0  299          - 4814.98628      -     -    2s
     0     0 4815.42229    0  308          - 4815.42229      -     -    2s
     0     0 4847.29390    0  318          - 4847.29390      -     -    3s
     0     0 4872.81302    0  355          - 4872.81302      -     -    3s
     0     0 4883.84935    0  371          - 4883.84935      -     -    3s
     0     0 4885.34275    0  387          - 4885.34275      -     -    3s
     0     0 4921.25803    0  362          - 4921.25803      -     -    4s
     0     0 4921.27805    0  359          - 4921.27805      -     -    4s
     0     0 4921.27805    0  341          - 4921.27805      -     -    4s
     0     2 4923.23351    0  335          - 4923.23351      -     -    6s
   183   221 5136.71337    8  267          - 4955.07978      -   242   10s
   487   503 5261.65517   16  262          - 4955.07978      -   219   15s
   835   841 5261.13278   23  257          - 4955.07978      -   189   20s
  1376  1282 5319.19306   36  273          - 4955.07978      -   179   25s
  1766  1545 5441.05027   48  223          - 4955.07978      -   180   30s
  1909  1663 5454.51125   50  234          - 4955.07978      -   180   35s
  2099  1821 5461.56360   54  237          - 4955.07978      -   174   40s
  2332  2065 5486.73712   59  208          - 4962.43645      -   172   45s
  2844  2502 5036.42287   13  225          - 4964.23386      -   163   50s
  3551  3165 5073.57375   25  166          - 4971.96769      -   159   56s
  4155  3420 5170.44700   38 5095          - 4972.39607      -   155   61s
  4160  3423 5003.11570   13  355          - 4972.39607      -   155   65s
  4175  3433 5138.86505   44  406          - 4981.29791      -   154   70s
  4196  3447 5018.92675    7  470          - 5018.92675      -   153   75s
  4217  3461 5120.02991   33  476          - 5032.84583      -   153   80s
  4241  3477 5040.17023   40  468          - 5040.17023      -   152   85s
  4262  3491 5501.58365   70  445          - 5043.82398      -   151   90s
  4275  3500 5138.86505   44  431          - 5046.58172      -   151   95s
  4300  3517 5324.93825   57  439          - 5051.20691      -   150  100s
  4316  3527 5234.41396   27  439          - 5052.73448      -   149  105s
  4337  3541 5672.66610   78  463          - 5056.12649      -   148  110s
  4356  3554 5057.78574   23  458          - 5057.78574      -   148  115s
  4374  3566 5167.30534   22  451          - 5061.18586      -   147  120s
  4387  3575 5100.04064   19  478          - 5061.95774      -   147  126s
  4394  3588 5069.07315   12  381          - 5066.90776      -   157  131s
  4418  3618 5089.87098   14  368          - 5076.42017      -   160  135s
  4478  3658 5093.38059   16  349          - 5083.87781      -   164  142s
  4500  3679 5132.10790   16  298          - 5083.87781      -   165  145s
  4556  3713 5102.08496   17  330          - 5083.87781      -   170  151s
  4606  3749 5137.10130   18  343          - 5083.87781      -   175  157s
  4658  3781 5146.24945   19  319          - 5083.87781      -   180  162s
  4683  3806 5148.19474   20  351          - 5083.87781      -   182  165s
H 4703  3616                    5415.0000000 5083.87781  6.11%   183  165s
  4783  3724 5185.81246   21  327 5415.00000 5083.87781  6.11%   187  170s
  4912  3809 5175.40361   23  281 5415.00000 5083.87781  6.11%   192  175s
  5052  3888 5285.96961   25  263 5415.00000 5083.87781  6.11%   194  180s
  5196  3970 5268.46790   26  260 5415.00000 5089.88418  6.00%   198  185s
  5359  4015 5251.87618   28  277 5415.00000 5089.88418  6.00%   200  190s
  5491  4084 5368.88433   30  260 5415.00000 5095.48917  5.90%   205  196s
  5560  4115 infeasible   31      5415.00000 5095.48917  5.90%   208  200s
  5751  4194 5336.21154   34  294 5415.00000 5095.48917  5.90%   211  206s
  5962  4271 5370.34737   39  256 5415.00000 5097.02116  5.87%   213  213s
  6074  4306     cutoff   41      5415.00000 5097.02116  5.87%   215  217s
  6213  4330 5145.03217   19  266 5415.00000 5097.02116  5.87%   216  221s
  6424  4404 5163.87472   27  245 5415.00000 5097.95666  5.85%   219  229s
  6530  4465 5180.99052   31  210 5415.00000 5100.27660  5.81%   221  233s
  6656  4530 5262.83981   35  170 5415.00000 5100.27660  5.81%   223  237s
  6787  4573 5305.76966   46  157 5415.00000 5100.27660  5.81%   224  241s
  6939  4583 5374.04761   60  128 5415.00000 5100.27660  5.81%   226  245s
  7064  4628 5155.97386   21  296 5415.00000 5103.88059  5.75%   228  250s
  7263  4792 5181.17561   24  290 5415.00000 5103.88059  5.75%   235  259s
  7449  4877 5332.57600   27  230 5415.00000 5104.19058  5.74%   237  264s
  7667  4970 5369.58405   30  228 5415.00000 5104.19058  5.74%   238  269s
  7901  4996 5201.68559   18  349 5415.00000 5104.19058  5.74%   240  274s
  8083  4961 5234.27140   22  281 5415.00000 5104.19058  5.74%   242  279s
H 8111  4806                    5410.0000000 5105.19729  5.63%   243  283s
  8152  4962 5239.23596   24  292 5410.00000 5105.19729  5.63%   243  289s
  8418  5021 5250.80400   26  253 5410.00000 5105.19729  5.63%   244  294s
  8650  5204 5317.34584   39  241 5410.00000 5106.40695  5.61%   246  301s
  8977  5352 5224.48686   22  297 5410.00000 5114.16626  5.47%   246  307s
H 9296  5273                    5409.0000000 5114.16626  5.45%   244  313s
H 9363  5084                    5405.0000000 5114.16626  5.38%   244  313s
  9637  5114 5189.58808   22  341 5405.00000 5114.16626  5.38%   245  319s
  9819  5175 5261.89504   24  330 5405.00000 5114.16626  5.38%   249  326s
  9992  5251 5306.65542   27  273 5405.00000 5114.16626  5.38%   252  333s
 10314  5251 5366.36526   37  207 5405.00000 5128.05076  5.12%   255  339s
 10650  5255 5213.71167   22  314 5405.00000 5132.40544  5.04%   257  347s
 10866  5441 5267.08598   32  267 5405.00000 5133.32518  5.03%   259  354s
 11218  5469 5386.84028   55  184 5405.00000 5135.01962  5.00%   261  362s
 11469  5546 5281.49758   23  343 5405.00000 5135.01962  5.00%   264  370s
 11735  5480 5361.67755   35  211 5405.00000 5135.01962  5.00%   268  378s
H11743  5150                    5383.0000000 5135.01962  4.61%   268  378s
 11795  5237 5362.24002   36  231 5383.00000 5135.01962  4.61%   269  386s
 12037  5314 5252.96980   23  294 5383.00000 5135.01962  4.61%   271  394s
H12093  5102                    5379.0000000 5135.01962  4.54%   272  394s
 12266  5264 5334.00076   31  215 5379.00000 5135.01962  4.54%   272  403s
 12633  5577 5265.72694   23  285 5379.00000 5136.03442  4.52%   273  413s
 13119  5913 5236.11339   25  368 5379.00000 5139.70524  4.45%   274  423s
H13338  5199                    5343.0000000 5144.15276  3.72%   274  423s
 13621  5480 5338.11104   42  261 5343.00000 5144.15276  3.72%   273  433s
 14164  5762 5261.25897   20  318 5343.00000 5144.15276  3.72%   273  444s
 14654  6007 5191.46032   19  321 5343.00000 5147.98235  3.65%   274  454s
 15149  6252 5236.48657   22  337 5343.00000 5152.55840  3.56%   276  465s
 15732  6458 5189.79206   22  328 5343.00000 5153.26766  3.55%   276  477s
 16351  6689 5336.87920   30  243 5343.00000 5156.10175  3.50%   277  490s
 16944  7044 5265.68503   31  265 5343.00000 5158.20286  3.46%   279  503s
 17626  7270 5331.24703   32  151 5343.00000 5159.00718  3.44%   279  516s
 18133  7684 5191.48507   27  237 5343.00000 5160.04174  3.42%   281  530s
 18934  8120 5294.09874   28  242 5343.00000 5163.18731  3.37%   281  543s
 19710  8548 5267.91117   24  248 5343.00000 5164.88458  3.33%   279  558s
 20509  9005 5234.74706   21  235 5343.00000 5165.31430  3.33%   279  573s
 21388  9399 5338.89474   39  234 5343.00000 5167.34041  3.29%   279  587s
 22186  9816 5325.15526   27  291 5343.00000 5170.95491  3.22%   280  603s
 22979 10092 5289.78510   36  179 5343.00000 5172.28505  3.20%   281  621s
 23642 10509 5259.63159   21  325 5343.00000 5174.79370  3.15%   282  637s
 24540 10929 5240.54238   23  308 5343.00000 5175.37061  3.14%   283  659s
 25439 11206 5242.44981   21  330 5343.00000 5177.52342  3.10%   284  676s
 26024 11662 5299.67598   22  324 5343.00000 5178.31254  3.08%   285  696s
H26440 10237                    5315.0000000 5178.31254  2.57%   285  696s
 27018 10169 5261.27127   25  244 5315.00000 5179.10086  2.56%   284  717s
H27021 10074                    5314.0000000 5179.10086  2.54%   284  717s
 27128 10552 5296.91285   28  228 5314.00000 5179.10086  2.54%   284  740s
 28534 10862     cutoff   27      5314.00000 5182.72108  2.47%   286  762s
 29557 11430 5260.16978   23  258 5314.00000 5185.17408  2.42%   287  785s
 31000 11885 5268.63053   29  239 5314.00000 5187.88952  2.37%   287  807s
 32233 12042 5293.20102   29  255 5314.00000 5189.59304  2.34%   288  813s

Cutting planes:
  Gomory: 9
  Lift-and-project: 2
  Cover: 608
  Implied bound: 2
  Clique: 81
  MIR: 532
  Knapsack: 24
  StrongCG: 354
  Flow cover: 1233
  GUB cover: 62
  Zero half: 160
  Mod-K: 2
  RLT: 119
  Relax-and-lift: 281
  BQP: 16
  PSD: 2

Explored 32734 nodes (9409774 simplex iterations) in 813.62 seconds (613.13 work units)
Thread count was 22 (of 22 available processors)

Solution count 9: 5314 5315 5343 ... 5415

Time limit reached
Best objective 5.314000000000e+03, best bound 5.191000000000e+03, gap 2.3146%

User-callback calls 173969, time in user-callback 0.79 sec
Set parameter LogToConsole to value 0
