
Gurobi 13.0.0 (linux64) logging started Fri Jan  2 19:22:56 2026

Set parameter LogFile to value "../experiments/network-n_50_s_1_rp_0-app_set-id_29_14_apps/compact_model_gurobi.log"
Set parameter TimeLimit to value 900
Gurobi Optimizer version 13.0.0 build v13.0.0rc1 (linux64 - "Ubuntu 24.04.3 LTS")

CPU model: Intel(R) Core(TM) Ultra 7 165H, instruction set [SSE2|AVX|AVX2]
Thread count: 22 physical cores, 22 logical processors, using up to 22 threads

Non-default parameters:
TimeLimit  900
LogToConsole  0

Academic license 2539022 - for non-commercial use only - registered to al___@studenti.unimi.it
Optimize a model with 29825 rows, 4550 columns and 66281 nonzeros (Min)
Model fingerprint: 0x454bdd96
Model has 4550 linear objective coefficients
Model has 164 quadratic constraints
Variable types: 0 continuous, 4550 integer (4550 binary)
Coefficient statistics:
  Matrix range     [1e+00, 9e+02]
  QMatrix range    [5e+01, 2e+02]
  Objective range  [1e+01, 2e+02]
  Bounds range     [1e+00, 1e+00]
  RHS range        [1e+00, 1e+09]
  QRHS range       [1e+02, 6e+02]
Presolve removed 28617 rows and 2477 columns
Presolve time: 0.34s
Presolved: 24007 rows, 24708 columns, 149250 nonzeros
Variable types: 0 continuous, 24708 integer (24708 binary)
Deterministic concurrent LP optimizer: primal and dual simplex
Showing primal log only...

Concurrent spin time: 0.00s

Solved with dual simplex

Root relaxation: objective 2.895979e+03, 1327 iterations, 0.31 seconds (0.27 work units)

    Nodes    |    Current Node    |     Objective Bounds      |     Work
 Expl Unexpl |  Obj  Depth IntInf | Incumbent    BestBd   Gap | It/Node Time

     0     0 2895.97948    0  143          - 2895.97948      -     -    1s
     0     0 2917.07376    0  160          - 2917.07376      -     -    2s
     0     0 2928.95084    0  195          - 2928.95084      -     -    2s
     0     0 2929.09094    0  190          - 2929.09094      -     -    2s
H    0     0                    4688.0000000 2929.09094  37.5%     -    3s
     0     0 2937.25117    0  207 4688.00000 2937.25117  37.3%     -    3s
H    0     0                    4536.0000000 2937.25117  35.2%     -    3s
H    0     0                    4518.0000000 2937.25117  35.0%     -    3s
     0     0 2944.77603    0  264 4518.00000 2944.77603  34.8%     -    3s
     0     0 2946.02497    0  253 4518.00000 2946.02497  34.8%     -    3s
     0     0 2946.18216    0  254 4518.00000 2946.18216  34.8%     -    3s
     0     0 2957.12100    0  209 4518.00000 2957.12100  34.5%     -    4s
H    0     0                    4494.0000000 2957.12100  34.2%     -    4s
H    0     0                    4400.0000000 2957.12100  32.8%     -    4s
H    0     0                    4341.0000000 2957.12100  31.9%     -    4s
H    0     0                    4265.0000000 2957.12100  30.7%     -    4s
H    0     0                    3558.0000000 2957.12100  16.9%     -    4s
H    0     0                    3499.0000000 2957.12100  15.5%     -    4s
H    0     0                    3408.0000000 2957.12100  13.2%     -    4s
H    0     0                    3402.0000000 2957.12100  13.1%     -    4s
H    0     0                    3378.0000000 2957.12100  12.5%     -    4s
H    0     0                    3374.0000000 2957.12100  12.4%     -    4s
H    0     0                    3352.0000000 2957.12100  11.8%     -    4s
     0     0 2958.96329    0  214 3352.00000 2958.96329  11.7%     -    4s
     0     0 2960.45284    0  238 3352.00000 2960.45284  11.7%     -    5s
     0     0 2960.71195    0  231 3352.00000 2960.71195  11.7%     -    5s
H    0     0                    3348.0000000 2968.51553  11.3%     -    6s
H    0     0                    3290.0000000 2968.51553  9.77%     -    6s
     0     0 2968.51553    0  259 3290.00000 2968.51553  9.77%     -    6s
H    0     0                    3281.0000000 2969.76005  9.49%     -    6s
     0     0 2969.76005    0  275 3281.00000 2969.76005  9.49%     -    6s
H    0     0                    3274.0000000 2969.76005  9.29%     -    6s
     0     0 2970.42815    0  193 3274.00000 2970.42815  9.27%     -    6s
     0     0 2970.47147    0  190 3274.00000 2970.47147  9.27%     -    6s
     0     0 2970.47147    0  182 3274.00000 2970.47147  9.27%     -    6s
H    0     0                    3204.0000000 2970.55744  7.29%     -    7s
     0     2 2970.55744    0  179 3204.00000 2970.55744  7.29%     -    7s
    31    54 2976.31679    5  256 3204.00000 2975.13429  7.14%   315   10s
H  151   185                    3166.0000000 2976.37969  5.99%   210   14s
H  155   185                    3139.0000000 2976.37969  5.18%   210   14s
H  162   185                    3114.0000000 2976.37969  4.42%   211   14s
H  178   185                    3108.0000000 2976.37969  4.23%   211   14s
   184   229 2981.45648    9  267 3108.00000 2976.37969  4.23%   211   15s
H  387   426                    3105.0000000 2976.37969  4.14%   181   19s
H  393   426                    3086.0000000 2976.37969  3.55%   179   19s
H  425   479                    3078.0000000 2976.37969  3.30%   176   19s
   479   505 2985.95020   18  217 3078.00000 2976.37969  3.30%   168   20s
   725   780 3000.28427   22  208 3078.00000 2976.37969  3.30%   146   25s
H  731   780                    3077.0000000 2976.37969  3.27%   146   25s
H  934   936                    3070.0000000 2976.37969  3.05%   136   28s
  1072  1054 3004.06749   29  237 3070.00000 2976.37969  3.05%   131   30s
  1402  1277 3014.08298   36  205 3070.00000 2979.64883  2.94%   127   35s
H 1683  1435                    3066.0000000 2979.64883  2.82%   126   39s
H 1698  1351                    3053.0000000 2979.64883  2.40%   126   39s
H 1704  1333                    3051.0000000 2979.64883  2.34%   126   39s
  1721  1396 3034.65361   41  189 3051.00000 2979.64883  2.34%   127   40s
  2037  1557 3005.82422   25  152 3051.00000 2979.64883  2.34%   124   45s
H 2074  1527                    3048.0000000 2980.53382  2.21%   124   45s
H 2260  1576                    3047.0000000 2980.53382  2.18%   123   48s
  2291  1639 3013.84471   31  202 3047.00000 2982.64653  2.11%   123   50s
H 2299  1584                    3043.0000000 2982.64653  1.98%   123   50s
H 2309  1415                    3034.0000000 2982.64653  1.69%   123   50s
  2726  1631 2998.27428    8  260 3034.00000 2983.69243  1.66%   122   55s
H 3099  1253                    3014.0000000 2984.48435  0.98%   120   58s
  3247  1232 3004.22719   16  162 3014.00000 2985.07157  0.96%   119   60s
  3618  1239     cutoff   16      3014.00000 2986.85346  0.90%   120   65s
H 3647  1185                    3013.0000000 2986.85346  0.87%   120   65s
  4190  1408     cutoff   17      3013.00000 2989.83088  0.77%   120   71s
  4700  1512 3001.53762   15  228 3013.00000 2989.96532  0.76%   119   76s
  5261  1592 3001.88644   12  190 3013.00000 2991.24062  0.72%   119   81s
  5808  1645     cutoff   17      3013.00000 2993.51901  0.65%   119   86s
  6531  1672 3005.58307   17  192 3013.00000 2995.59062  0.58%   119   92s
  6924  1689     cutoff   14      3013.00000 2996.40577  0.55%   118   95s
  7787  1667 3008.02574    6  182 3013.00000 2997.97565  0.50%   117  101s
  8819  1520 3008.23709   19  225 3013.00000 2999.67115  0.44%   115  108s
  9395  1421     cutoff   12      3013.00000 3000.06595  0.43%   114  111s
  9923  1283 3007.23773   15  153 3013.00000 3000.95881  0.40%   113  115s
 11286   658     cutoff   17      3013.00000 3003.41715  0.32%   111  123s
 12070    15     cutoff   20      3013.00000 3005.22105  0.26%   109  126s

Cutting planes:
  Gomory: 3
  Lift-and-project: 5
  Cover: 335
  Clique: 45
  MIR: 127
  Knapsack: 16
  StrongCG: 74
  GUB cover: 18
  Zero half: 13
  RLT: 330
  Relax-and-lift: 197
  BQP: 139

Explored 12905 nodes (1372051 simplex iterations) in 126.41 seconds (66.22 work units)
Thread count was 22 (of 22 available processors)

Solution count 10: 3013 3014 3034 ... 3070

Optimal solution found (tolerance 1.00e-04)
Best objective 3.013000000000e+03, best bound 3.013000000000e+03, gap 0.0000%

User-callback calls 33759, time in user-callback 0.11 sec
