
Gurobi 13.0.0 (linux64) logging started Fri Jan  2 22:32:27 2026

Set parameter LogFile to value "../experiments/network-n_50_s_2_rp_0-app_set-id_26_13_apps/compact_model_gurobi.log"
Set parameter TimeLimit to value 900
Gurobi Optimizer version 13.0.0 build v13.0.0rc1 (linux64 - "Ubuntu 24.04.3 LTS")

CPU model: Intel(R) Core(TM) Ultra 7 165H, instruction set [SSE2|AVX|AVX2]
Thread count: 22 physical cores, 22 logical processors, using up to 22 threads

Non-default parameters:
TimeLimit  900
LogToConsole  0

Academic license 2539022 - for non-commercial use only - registered to al___@studenti.unimi.it
Optimize a model with 21015 rows, 4200 columns and 47827 nonzeros (Min)
Model fingerprint: 0x7eeca249
Model has 4200 linear objective coefficients
Model has 162 quadratic constraints
Variable types: 0 continuous, 4200 integer (4200 binary)
Coefficient statistics:
  Matrix range     [1e+00, 9e+02]
  QMatrix range    [5e+01, 2e+02]
  Objective range  [1e+01, 2e+02]
  Bounds range     [1e+00, 1e+00]
  RHS range        [1e+00, 1e+09]
  QRHS range       [1e+02, 6e+02]
Presolve removed 20070 rows and 2577 columns
Presolve time: 0.26s
Presolved: 17955 rows, 18434 columns, 111389 nonzeros
Variable types: 0 continuous, 18434 integer (18434 binary)
Deterministic concurrent LP optimizer: primal and dual simplex
Showing primal log only...

Concurrent spin time: 0.00s

Solved with dual simplex

Root relaxation: objective 2.735849e+03, 821 iterations, 0.19 seconds (0.17 work units)

    Nodes    |    Current Node    |     Objective Bounds      |     Work
 Expl Unexpl |  Obj  Depth IntInf | Incumbent    BestBd   Gap | It/Node Time

     0     0 2735.84912    0  155          - 2735.84912      -     -    1s
H    0     0                    4358.0000000 2735.84912  37.2%     -    1s
H    0     0                    3269.0000000 2735.84912  16.3%     -    1s
H    0     0                    3228.0000000 2735.84912  15.2%     -    1s
     0     0 2769.15303    0  183 3228.00000 2769.15303  14.2%     -    2s
     0     0 2788.58878    0  180 3228.00000 2788.58878  13.6%     -    2s
     0     0 2790.31348    0  200 3228.00000 2790.31348  13.6%     -    2s
     0     0 2790.31348    0  200 3228.00000 2790.31348  13.6%     -    2s
     0     0 2803.85953    0  177 3228.00000 2803.85953  13.1%     -    2s
     0     0 2810.61131    0  215 3228.00000 2810.61131  12.9%     -    2s
     0     0 2811.54660    0  226 3228.00000 2811.54660  12.9%     -    2s
     0     0 2811.69735    0  239 3228.00000 2811.69735  12.9%     -    3s
     0     0 2820.75067    0  221 3228.00000 2820.75067  12.6%     -    3s
H    0     0                    3221.0000000 2820.75067  12.4%     -    3s
     0     0 2822.67415    0  237 3221.00000 2822.67415  12.4%     -    3s
     0     0 2823.39993    0  246 3221.00000 2823.39993  12.3%     -    3s
     0     0 2824.33511    0  239 3221.00000 2824.33511  12.3%     -    3s
     0     0 2824.90406    0  255 3221.00000 2824.90406  12.3%     -    4s
     0     0 2825.27921    0  251 3221.00000 2825.27921  12.3%     -    4s
     0     0 2825.28903    0  247 3221.00000 2825.28903  12.3%     -    4s
     0     0 2825.28903    0  244 3221.00000 2825.28903  12.3%     -    4s
H    0     0                    3157.0000000 2825.28964  10.5%     -    4s
     0     2 2825.28964    0  242 3157.00000 2825.28964  10.5%     -    4s
     7    16 2833.80870    3  265 3157.00000 2828.28224  10.4%   201    5s
H   54    96                    3135.0000000 2831.66467  9.68%   238    7s
H  112   147                    3010.0000000 2831.71308  5.92%   190    7s
H  199   230                    2989.0000000 2831.71308  5.26%   158    8s
H  202   230                    2969.0000000 2831.71308  4.62%   157    8s
H  206   230                    2967.0000000 2831.71308  4.56%   157    8s
H  208   230                    2942.0000000 2831.71308  3.75%   157    8s
H  211   230                    2917.0000000 2831.71308  2.92%   155    8s
   345   361 2879.15122   11  216 2917.00000 2831.71308  2.92%   136   10s
H  426   405                    2911.0000000 2831.71308  2.72%   129   10s
H  440   444                    2910.0000000 2831.71308  2.69%   127   11s
H  493   473                    2908.0000000 2831.71308  2.62%   122   11s
H  505   473                    2894.0000000 2831.71308  2.15%   122   11s
H  765   629                    2887.0000000 2833.54790  1.85%   108   13s
H  775   637                    2885.0000000 2833.54790  1.78%   108   14s
   875   708 2850.44003   12  170 2885.00000 2833.56961  1.78%   105   15s
  1386  1023 2870.20574   31  183 2885.00000 2833.56961  1.78%  97.2   20s
  2080  1276 2855.72670   22  189 2885.00000 2839.32442  1.58%  92.9   25s
  2663  1520 2852.06929   12  210 2885.00000 2841.63953  1.50%  90.9   30s
  3504  1840 2881.64831   30  105 2885.00000 2846.27655  1.34%  89.9   35s
  3864  1937 2865.74592   16  171 2885.00000 2846.56092  1.33%  90.0   40s
  4731  2181 2874.81651   13 2851 2885.00000 2847.53433  1.30%  88.3   47s
  4767  2205 2865.17297   16  264 2885.00000 2847.53433  1.30%  87.6   50s
  4882  2296 2861.88963   17  228 2885.00000 2847.53433  1.30%  91.0   55s
  5186  2339 2858.04601   22  157 2885.00000 2847.53433  1.30%  92.3   60s
  5591  2404 2878.42790   31  126 2885.00000 2847.82694  1.29%  91.6   65s
  6059  2457 2866.97126   27  176 2885.00000 2850.37501  1.20%  91.0   70s
  6958  2375 2876.83921   21  117 2885.00000 2855.82457  1.01%  90.1   75s
  8245  2269 2868.50080   21  194 2885.00000 2859.80723  0.87%  86.9   80s
  8954  2129 2881.53738   21  200 2885.00000 2861.70281  0.81%  85.6   85s
 10279  1710     cutoff   29      2885.00000 2864.79856  0.70%  83.1   90s
 11962  1194 2877.96233   33  172 2885.00000 2868.11985  0.59%  80.7   96s
*13497   982              30    2884.0000000 2871.42938  0.44%  78.9   99s
 13509   731     cutoff   27      2884.00000 2871.42938  0.44%  78.9  101s

Cutting planes:
  Lift-and-project: 1
  Cover: 162
  Implied bound: 1
  Clique: 31
  MIR: 131
  Knapsack: 7
  StrongCG: 66
  Flow cover: 42
  GUB cover: 13
  Inf proof: 1
  Zero half: 36
  RLT: 104
  Relax-and-lift: 156
  BQP: 24

Explored 15223 nodes (1156983 simplex iterations) in 104.95 seconds (52.35 work units)
Thread count was 22 (of 22 available processors)

Solution count 10: 2884 2885 2887 ... 2967

Optimal solution found (tolerance 1.00e-04)
Best objective 2.884000000000e+03, best bound 2.884000000000e+03, gap 0.0000%

User-callback calls 38560, time in user-callback 0.09 sec
