
Gurobi 13.0.0 (linux64) logging started Fri Jan  2 17:00:12 2026

Set parameter LogFile to value "../experiments/network-n_50_s_2_rp_0-app_set-id_49_21_apps/compact_model_gurobi.log"
Set parameter TimeLimit to value 900
Gurobi Optimizer version 13.0.0 build v13.0.0rc1 (linux64 - "Ubuntu 24.04.3 LTS")

CPU model: Intel(R) Core(TM) Ultra 7 165H, instruction set [SSE2|AVX|AVX2]
Thread count: 22 physical cores, 22 logical processors, using up to 22 threads

Non-default parameters:
TimeLimit  900
LogToConsole  0

Academic license 2539022 - for non-commercial use only - registered to al___@studenti.unimi.it
Optimize a model with 38670 rows, 6800 columns and 86784 nonzeros (Min)
Model fingerprint: 0xeb1d426a
Model has 6800 linear objective coefficients
Model has 162 quadratic constraints
Variable types: 0 continuous, 6800 integer (6800 binary)
Coefficient statistics:
  Matrix range     [1e+00, 9e+02]
  QMatrix range    [5e+01, 2e+02]
  Objective range  [1e+01, 2e+02]
  Bounds range     [1e+00, 1e+00]
  RHS range        [1e+00, 1e+09]
  QRHS range       [1e+02, 6e+02]
Presolve removed 37182 rows and 4253 columns
Presolve time: 0.32s
Presolved: 29180 rows, 30060 columns, 187264 nonzeros
Variable types: 0 continuous, 30060 integer (30060 binary)
Deterministic concurrent LP optimizer: primal and dual simplex
Showing primal log only...

Concurrent spin time: 0.00s

Solved with dual simplex

Root relaxation: objective 5.816752e+03, 4151 iterations, 0.77 seconds (1.00 work units)

    Nodes    |    Current Node    |     Objective Bounds      |     Work
 Expl Unexpl |  Obj  Depth IntInf | Incumbent    BestBd   Gap | It/Node Time

     0     0 5816.75220    0  307          - 5816.75220      -     -    2s
     0     0 5871.43915    0  300          - 5871.43915      -     -    2s
     0     0 5871.49651    0  289          - 5871.49651      -     -    2s
     0     0 6951.27366    0  281          - 6951.27366      -     -    5s
     0     0 7000.13183    0  288          - 7000.13183      -     -    5s
     0     0 infeasible    0               - infeasible      -     -    5s

Cutting planes:
  Gomory: 2
  Cover: 31
  Implied bound: 6
  Clique: 22
  MIR: 21
  Knapsack: 10
  StrongCG: 16
  GUB cover: 14
  Zero half: 11
  RLT: 101
  Relax-and-lift: 26
  BQP: 17

Explored 1 nodes (7084 simplex iterations) in 5.86 seconds (4.72 work units)
Thread count was 22 (of 22 available processors)

Solution count 0

Model is infeasible
Best objective -, best bound -, gap -

User-callback calls 1058, time in user-callback 0.00 sec
