
Gurobi 13.0.0 (linux64) logging started Sat Jan  3 19:56:28 2026

Set parameter LogFile to value "../experiments/network-n_60_s_1_rp_0-app_set-id_44_19_apps/compact_model_gurobi.log"
Set parameter TimeLimit to value 900
Gurobi Optimizer version 13.0.0 build v13.0.0rc1 (linux64 - "Ubuntu 24.04.3 LTS")

CPU model: Intel(R) Core(TM) Ultra 7 165H, instruction set [SSE2|AVX|AVX2]
Thread count: 22 physical cores, 22 logical processors, using up to 22 threads

Non-default parameters:
TimeLimit  900
LogToConsole  0

Academic license 2539022 - for non-commercial use only - registered to al___@studenti.unimi.it
Optimize a model with 53919 rows, 7440 columns and 118308 nonzeros (Min)
Model fingerprint: 0x9a823ef8
Model has 7440 linear objective coefficients
Model has 206 quadratic constraints
Variable types: 0 continuous, 7440 integer (7440 binary)
Coefficient statistics:
  Matrix range     [1e+00, 9e+02]
  QMatrix range    [5e+01, 2e+02]
  Objective range  [1e+01, 2e+02]
  Bounds range     [1e+00, 1e+00]
  RHS range        [1e+00, 1e+09]
  QRHS range       [1e+02, 6e+02]
Presolve removed 52335 rows and 4649 columns
Presolve time: 0.51s
Presolved: 29770 rows, 30775 columns, 194486 nonzeros
Variable types: 0 continuous, 30775 integer (30775 binary)
Deterministic concurrent LP optimizer: primal and dual simplex
Showing primal log only...

Concurrent spin time: 0.05s

Solved with dual simplex

Root relaxation: objective 4.941190e+03, 3973 iterations, 0.50 seconds (0.94 work units)

    Nodes    |    Current Node    |     Objective Bounds      |     Work
 Expl Unexpl |  Obj  Depth IntInf | Incumbent    BestBd   Gap | It/Node Time

     0     0 4941.18951    0  368          - 4941.18951      -     -    2s
     0     0 4943.65081    0  379          - 4943.65081      -     -    2s
     0     0 5089.41356    0  369          - 5089.41356      -     -    7s
     0     0 5272.41340    0  389          - 5272.41340      -     -    8s
     0     0 5293.40807    0  421          - 5293.40807      -     -    8s
     0     0 5300.35694    0  444          - 5300.35694      -     -    9s
     0     0 5302.32132    0  472          - 5302.32132      -     -    9s
     0     0 5302.47137    0  467          - 5302.47137      -     -    9s
     0     0 5465.34546    0  463          - 5465.34546      -     -   11s
     0     0 5474.73825    0  469          - 5474.73825      -     -   11s
     0     0 5504.78501    0  517          - 5504.78501      -     -   12s
     0     0 5514.24723    0  552          - 5514.24723      -     -   13s
     0     0 5526.36508    0  550          - 5526.36508      -     -   15s
     0     0 5531.80990    0  604          - 5531.80990      -     -   15s
     0     0 5602.58542    0  518          - 5602.58542      -     -   18s
     0     0 5619.88572    0  573          - 5619.88572      -     -   18s
     0     0 5626.17330    0  587          - 5626.17330      -     -   19s
     0     0 5652.85692    0  517          - 5652.85692      -     -   20s
     0     0 5652.88965    0  497          - 5652.88965      -     -   20s
     0     0 5652.88965    0  482          - 5652.88965      -     -   20s
     0     2 5652.90951    0  481          - 5652.90951      -     -   23s
     3     8 5656.20164    2  478          - 5654.33643      -   592   25s
    53   108 5665.17378    6  477          - 5662.40013      -   522   31s
   187   237 5675.16322   10  437          - 5662.40013      -   440   36s
   321   344 5687.94276   12  436          - 5662.40013      -   400   40s
   400   417 5703.60716   15  394          - 5662.40013      -   401   45s
   501   516 5730.77745   17  373          - 5662.40013      -   406   51s
   594   600 5740.54101   19  346          - 5662.40013      -   396   55s
   688   688 5784.40361   21  341          - 5662.40013      -   394   63s
   734   737 5759.24935   22  345          - 5662.40013      -   389   66s
   848   877 5771.09012   25  336          - 5662.40013      -   368   71s
   980  1008 5783.11590   27  328          - 5662.40013      -   350   75s
  1213  1213 5789.43792   28  335          - 5669.69516      -   327   82s
  1300  1273 infeasible   30               - 5669.69516      -   323   86s
  1393  1378 5940.22421   43  332          - 5669.69516      -   320   90s
  1535  1527 5996.52196   55  317          - 5669.69516      -   311   95s
  1732  1728 6077.80179   70  265          - 5670.19218      -   303  100s
  2034  1879 infeasible   83               - 5675.07245      -   292  106s
  2304  2051 5938.01653   12  343          - 5675.87455      -   295  112s
  2425  2181 5956.50427   14  329          - 5675.87455      -   298  115s
  2698  2381 5998.20473   21  341          - 5677.63867      -   304  122s
  2844  2501 6075.49857   27  306          - 5677.63867      -   306  125s
  3041  2563 6114.22766   30  329          - 5677.63867      -   309  133s
  3067  2564 6153.20821   29 13387          - 5677.63867      -   310  144s
  3069  2565 5967.12055   44  468          - 5677.63867      -   309  152s
  3071  2567 6128.84564   43  489          - 5677.63867      -   309  157s
  3072  2567 5860.36405   11  530          - 5677.63867      -   309  162s
  3073  2568 6141.02613   43  623          - 5677.63867      -   309  165s
  3079  2572 5873.75311   35  599          - 5697.84425      -   308  170s
  3085  2576 5885.30241   12  611          - 5740.83835      -   308  175s
  3095  2583 6038.11545   56  665          - 5759.62736      -   307  180s
  3103  2588 5947.64854   15  726          - 5774.58598      -   306  185s
  3113  2595 6314.42840   49  733          - 5786.68919      -   305  190s
  3124  2602 5798.92902   19  808          - 5798.92902      -   304  195s
  3137  2611 6192.72605   64  922          - 5803.12459      -   303  200s
  3146  2617 5899.93383   38  970          - 5816.12534      -   302  205s
  3159  2625 5915.09625   28 1004          - 5822.19347      -   301  210s
  3173  2635 6141.02613   43  999          - 5825.27413      -   299  215s
  3185  2643 5885.30241   12 1001          - 5829.08331      -   298  221s
  3195  2649 6038.11545   56 1014          - 5833.48030      -   297  225s
  3208  2658 5837.90153   10 1050          - 5837.90153      -   296  230s
  3217  2664 5846.34067   22 1047          - 5846.34067      -   295  235s
  3225  2669 6029.77591   20  998          - 5852.65819      -   294  240s
  3238  2678 5902.36045   33  941          - 5855.93282      -   293  245s
  3251  2687 6076.09912   28  983          - 5857.91082      -   292  250s
  3262  2694 5902.40626   33 1009          - 5866.31738      -   291  255s
  3276  2703 6181.99060   64 1043          - 5867.72379      -   290  261s
  3288  2711 6081.76881   51 1057          - 5870.46086      -   289  265s
  3301  2720 5882.98373   40 1029          - 5873.08948      -   288  270s
  3313  2728 6314.42840   49  997          - 5877.36437      -   287  275s
  3326  2737 5877.84700   16 1047          - 5877.84700      -   285  280s
  3337  2744 6192.72605   64 1038          - 5879.97104      -   285  285s
  3352  2754 6304.79971   57 1046          - 5880.82875      -   283  290s
  3363  2761 6067.33646   52 1022          - 5881.28039      -   282  295s
  3374  2769 5881.48791   17 1038          - 5881.48791      -   281  300s
  3384  2775 5892.90303   22 1034          - 5886.58446      -   281  305s
  3398  2785 5887.24381   17 1135          - 5887.24381      -   279  310s
  3399  2785 5887.68820   16 1090          - 5887.68820      -   279  320s
  3413  2795 6314.42840   49 1084          - 5889.95147      -   278  325s
  3424  2802 5890.69708   19 1081          - 5890.69708      -   277  330s
  3439  2812 5891.78610   33 1094          - 5891.78610      -   276  335s
  3450  2819 5892.77423   22 1058          - 5892.77423      -   275  340s
  3456  2823 6141.00791   43 1082          - 5893.32447      -   275  345s
  3464  2829 6009.32560   23 1074          - 5894.94153      -   274  350s
  3478  2838 5994.16763   53 1090          - 5895.95860      -   273  355s
  3490  2846 5895.98125   30 1119          - 5895.98125      -   272  361s
  3494  2850 5969.22870   19 13381          - 5895.98172      -   311  368s
  3496  2851 5895.98172   15  470          - 5895.98172      -   311  374s
  3497  2852 6131.59090   62  482          - 5895.98172      -   311  376s
  3499  2853 5895.98172   16  598          - 5895.98172      -   311  382s
  3500  2854 5895.98208   45  718          - 5895.98208      -   311  387s
  3501  2855 5901.36993   40  794          - 5901.36993      -   311  392s
  3502  2855 6024.32705   18  825          - 5903.37614      -   311  396s
  3503  2856 5947.64854   15  805          - 5910.05050      -   310  400s
  3508  2859 5916.50255   10  991          - 5916.50255      -   310  405s
  3519  2867 5916.50255   19  914          - 5916.50255      -   309  410s
  3528  2873 6169.08119   50  972          - 5916.50255      -   308  415s
  3537  2879 6192.72605   64  954          - 5916.50255      -   307  420s
  3548  2886 6167.92544   49 1019          - 5916.50255      -   306  425s
  3557  2892 5916.50255    8 1030          - 5916.50255      -   306  430s
  3566  2898 6236.78071   40 1042          - 5916.50255      -   305  435s
  3576  2905 6181.99060   64 1087          - 5916.50255      -   304  440s
  3584  2910 5916.50255   22 1111          - 5916.50255      -   303  445s
  3595  2917 6038.11545   56 1028          - 5916.50255      -   302  450s
  3607  2925 6066.75341   26 1041          - 5916.50255      -   301  455s
  3618  2933 6051.94254   43 1058          - 5918.81701      -   301  460s
  3629  2940 5960.50431   29 1109          - 5920.66362      -   300  465s
  3638  2946 5923.53181   33 1003          - 5923.53181      -   299  470s
  3657  2959 5924.96432    8 1037          - 5924.96432      -   297  476s
  3667  2965 6153.20821   29 1048          - 5925.10017      -   297  480s
  3672  2969 5925.11657   11 1051          - 5925.11657      -   296  486s
  3680  2974 5925.43141   13 1066          - 5925.43141      -   296  490s
  3691  2981 5925.74210   19 1099          - 5925.74210      -   295  495s
  3697  2985 6131.59090   62 1036          - 5925.97514      -   294  504s
  3699  2987 5925.99317   16 1068          - 5925.99317      -   294  505s
  3707  2992 6066.75341   26 1073          - 5926.23871      -   293  510s
  3714  2997 6026.91537   15 1080          - 5928.17757      -   293  515s
  3723  3003 5928.81886   20 1117          - 5928.81886      -   292  521s
  3735  3011 5929.55593   16 1093          - 5929.55593      -   291  525s
  3749  3020 6001.28067   17 1103          - 5929.72462      -   290  530s
  3762  3029 5929.92302   33 1107          - 5929.92302      -   289  535s
  3771  3035 6128.84564   43 1050          - 5930.28753      -   288  540s
  3781  3041 6118.13301   39 1076          - 5932.27656      -   288  545s
  3792  3049 5932.48222   34 1073          - 5932.48222      -   287  550s
  3802  3055 6024.32705   18 1096          - 5932.93824      -   286  555s
  3808  3059 5932.94316   10 1124          - 5932.94316      -   286  566s
  3810  3061 5933.03147   19 1084          - 5933.03147      -   285  570s
  3820  3067 6054.57910   45 1087          - 5933.40005      -   285  575s
  3830  3074 5934.29834   45 1032          - 5934.29834      -   284  581s
  3837  3079 6192.72605   64 1077          - 5934.80130      -   283  585s
  3848  3086 6167.92544   49 1146          - 5935.93105      -   283  591s
  3857  3092 5936.81131    8 1112          - 5936.81131      -   282  595s
  3863  3096 6067.33646   52 1153          - 5936.89993      -   282  600s
  3871  3101 6128.84564   43 1165          - 5936.93820      -   281  605s
  3874  3103 5936.94903   17 1116          - 5936.94903      -   281  618s
  3875  3107 5938.47738   31  947          - 5936.94903      -   310  626s
  3877  3110 5940.37824   32 1006          - 5940.37824      -   311  630s
  3881  3115 5944.50715   33  824          - 5940.37824      -   313  635s
  3889  3126 5961.20385   34  826          - 5944.51029      -   318  644s
  3903  3144 5963.01766   35  768          - 5949.95323      -   325  653s
  3925  3158 5968.33240   36  793          - 5952.82907      -   335  669s
  3949  3170 5970.07060   37  756          - 5952.90214      -   344  696s
  3971  3191 6095.00778   37  782          - 5952.90214      -   358  712s
  4003  3219 5992.76088   38  772          - 5956.75442      -   377  736s
  4046  3247 5983.95602   38  719          - 5956.75442      -   394  757s
  4094  3289 5984.50425   39  767          - 5956.75442      -   410  775s
  4158  3315 6043.01381   39  655          - 5963.24276      -   424  789s
  4207  3318 5987.88039   40  723          - 5963.24276      -   439  800s
  4231  3331 5999.39919   40  682          - 5963.24276      -   446  817s
  4260  3349 6007.04314   41  738          - 5963.24276      -   463  828s
  4291  3362 6001.19690   41  699          - 5963.24276      -   473  843s
  4323  3379 6024.36482   42  692          - 5973.39583      -   482  855s
  4354  3397 6050.07685   42  566          - 5973.39583      -   492  869s
  4385  3412 6033.92722   43  661          - 5973.39583      -   502  880s
  4412  3426 6057.75957   43  621          - 5973.39583      -   509  897s
  4439  3432 6179.12044   44  512          - 5973.39583      -   517  900s

Cutting planes:
  Gomory: 3
  Cover: 171
  Implied bound: 2
  Clique: 104
  MIR: 228
  Knapsack: 13
  StrongCG: 61
  Flow cover: 579
  GUB cover: 30
  Zero half: 71
  Mod-K: 1
  RLT: 85
  Relax-and-lift: 371
  BQP: 7
  PSD: 1

Explored 4454 nodes (2324646 simplex iterations) in 900.02 seconds (1218.96 work units)
Thread count was 22 (of 22 available processors)

Solution count 0

Time limit reached
Best objective -, best bound 5.974000000000e+03, gap -

User-callback calls 242273, time in user-callback 1.17 sec
