
Gurobi 13.0.0 (linux64) logging started Sat Jan  3 13:58:09 2026

Set parameter LogFile to value "../experiments/network-n_60_s_1_rp_0-app_set-id_3_6_apps/compact_model_gurobi.log"
Set parameter TimeLimit to value 900
Gurobi Optimizer version 13.0.0 build v13.0.0rc1 (linux64 - "Ubuntu 24.04.3 LTS")

CPU model: Intel(R) Core(TM) Ultra 7 165H, instruction set [SSE2|AVX|AVX2]
Thread count: 22 physical cores, 22 logical processors, using up to 22 threads

Non-default parameters:
TimeLimit  900
LogToConsole  0

Academic license 2539022 - for non-commercial use only - registered to al___@studenti.unimi.it
Optimize a model with 13624 rows, 2340 columns and 30376 nonzeros (Min)
Model fingerprint: 0x684167c7
Model has 2340 linear objective coefficients
Model has 206 quadratic constraints
Variable types: 0 continuous, 2340 integer (2340 binary)
Coefficient statistics:
  Matrix range     [1e+00, 9e+02]
  QMatrix range    [5e+01, 2e+02]
  Objective range  [1e+01, 2e+02]
  Bounds range     [1e+00, 1e+00]
  RHS range        [1e+00, 1e+09]
  QRHS range       [1e+02, 6e+02]
Presolve removed 13048 rows and 1444 columns
Presolve time: 0.13s
Presolved: 10540 rows, 10630 columns, 66796 nonzeros
Variable types: 0 continuous, 10630 integer (10630 binary)
Found heuristic solution: objective 3218.0000000

Root relaxation: objective 1.377766e+03, 376 iterations, 0.02 seconds (0.04 work units)

    Nodes    |    Current Node    |     Objective Bounds      |     Work
 Expl Unexpl |  Obj  Depth IntInf | Incumbent    BestBd   Gap | It/Node Time

     0     0 1377.76621    0   84 3218.00000 1377.76621  57.2%     -    0s
H    0     0                    1787.0000000 1377.76621  22.9%     -    0s
H    0     0                    1526.0000000 1377.76621  9.71%     -    0s
H    0     0                    1525.0000000 1377.76621  9.65%     -    0s
     0     0 1400.35818    0   87 1525.00000 1400.35818  8.17%     -    1s
     0     0 1400.35818    0   85 1525.00000 1400.35818  8.17%     -    1s
H    0     0                    1487.0000000 1400.35818  5.83%     -    1s
     0     0 1412.16304    0  104 1487.00000 1412.16304  5.03%     -    1s
     0     0 1412.16443    0  100 1487.00000 1412.16443  5.03%     -    1s
     0     0 1416.56757    0   95 1487.00000 1416.56757  4.74%     -    1s
H    0     0                    1468.0000000 1416.56757  3.50%     -    1s
     0     0 1416.83500    0  102 1468.00000 1416.83500  3.49%     -    1s
     0     0 1417.03448    0   99 1468.00000 1417.03448  3.47%     -    1s
     0     0 1417.03448    0   98 1468.00000 1417.03448  3.47%     -    1s
     0     0 1417.03454    0  100 1468.00000 1417.03454  3.47%     -    1s
     0     0 1417.09091    0  100 1468.00000 1417.09091  3.47%     -    2s
     0     0 1417.09091    0  100 1468.00000 1417.09091  3.47%     -    2s
     0     0 1417.09091    0  100 1468.00000 1417.09091  3.47%     -    2s
     0     2 1417.09091    0   91 1468.00000 1417.09091  3.47%     -    2s
H   53    74                    1466.0000000 1424.17041  2.85%  63.5    2s
H   56    74                    1465.0000000 1424.45068  2.77%  62.8    2s
H   58    74                    1452.0000000 1424.45068  1.90%  62.7    2s
H   63    74                    1448.0000000 1424.45068  1.63%  62.7    2s
H  254   103                    1447.0000000 1426.23653  1.43%  46.4    3s

Cutting planes:
  Lift-and-project: 2
  Cover: 76
  Implied bound: 3
  Clique: 13
  MIR: 95
  Knapsack: 9
  StrongCG: 33
  GUB cover: 5
  Zero half: 13
  RLT: 152
  Relax-and-lift: 20
  BQP: 44

Explored 799 nodes (28108 simplex iterations) in 4.10 seconds (2.03 work units)
Thread count was 22 (of 22 available processors)

Solution count 10: 1447 1448 1452 ... 1787

Optimal solution found (tolerance 1.00e-04)
Best objective 1.447000000000e+03, best bound 1.447000000000e+03, gap 0.0000%

User-callback calls 2764, time in user-callback 0.01 sec
