
Gurobi 13.0.0 (linux64) logging started Fri Jan  2 02:35:37 2026

Set parameter LogFile to value "../experiments/network-n_50_s_0_rp_0-app_set-id_24_13_apps/compact_model_gurobi.log"
Set parameter TimeLimit to value 900
Gurobi Optimizer version 13.0.0 build v13.0.0rc1 (linux64 - "Ubuntu 24.04.3 LTS")

CPU model: Intel(R) Core(TM) Ultra 7 165H, instruction set [SSE2|AVX|AVX2]
Thread count: 22 physical cores, 22 logical processors, using up to 22 threads

Non-default parameters:
TimeLimit  900
LogToConsole  0

Academic license 2539022 - for non-commercial use only - registered to al___@studenti.unimi.it
Optimize a model with 21455 rows, 4200 columns and 48726 nonzeros (Min)
Model fingerprint: 0xd1186114
Model has 4200 linear objective coefficients
Model has 166 quadratic constraints
Variable types: 0 continuous, 4200 integer (4200 binary)
Coefficient statistics:
  Matrix range     [1e+00, 9e+02]
  QMatrix range    [5e+01, 2e+02]
  Objective range  [1e+01, 2e+02]
  Bounds range     [1e+00, 1e+00]
  RHS range        [1e+00, 1e+09]
  QRHS range       [1e+02, 6e+02]
Presolve removed 20437 rows and 2498 columns
Presolve time: 0.20s
Presolved: 19194 rows, 19721 columns, 118198 nonzeros
Variable types: 0 continuous, 19721 integer (19721 binary)
Found heuristic solution: objective 4257.0000000
Deterministic concurrent LP optimizer: primal and dual simplex
Showing primal log only...

Concurrent spin time: 0.00s

Solved with dual simplex

Root relaxation: objective 2.720547e+03, 1037 iterations, 0.20 seconds (0.19 work units)

    Nodes    |    Current Node    |     Objective Bounds      |     Work
 Expl Unexpl |  Obj  Depth IntInf | Incumbent    BestBd   Gap | It/Node Time

     0     0 2720.54730    0  157 4257.00000 2720.54730  36.1%     -    0s
H    0     0                    4076.0000000 2720.54730  33.3%     -    0s
H    0     0                    3974.0000000 2759.93741  30.6%     -    1s
H    0     0                    3946.0000000 2759.93741  30.1%     -    1s
     0     0 2759.93741    0  184 3946.00000 2759.93741  30.1%     -    1s
H    0     0                    3437.0000000 2759.93741  19.7%     -    1s
H    0     0                    3036.0000000 2759.93741  9.09%     -    1s
     0     0 2760.65235    0  180 3036.00000 2760.65235  9.07%     -    1s
     0     0 2760.65235    0  181 3036.00000 2760.65235  9.07%     -    1s
     0     0 2768.75376    0  188 3036.00000 2768.75376  8.80%     -    2s
H    0     0                    2953.0000000 2768.75376  6.24%     -    2s
     0     0 2770.74075    0  188 2953.00000 2770.74075  6.17%     -    2s
     0     0 2771.43876    0  211 2953.00000 2771.43876  6.15%     -    2s
     0     0 2771.47469    0  203 2953.00000 2771.47469  6.15%     -    2s
     0     0 2779.68539    0  202 2953.00000 2779.68539  5.87%     -    3s
H    0     0                    2935.0000000 2779.68539  5.29%     -    3s
H    0     0                    2916.0000000 2779.68539  4.67%     -    3s
H    0     0                    2913.0000000 2779.68539  4.58%     -    3s
H    0     0                    2858.0000000 2779.68539  2.74%     -    3s
H    0     0                    2845.0000000 2779.68539  2.30%     -    3s
H    0     0                    2843.0000000 2779.68539  2.23%     -    3s
     0     0 2781.25934    0  232 2843.00000 2781.25934  2.17%     -    3s
     0     0 2782.24280    0  213 2843.00000 2782.24280  2.14%     -    3s
     0     0 2782.31987    0  218 2843.00000 2782.31987  2.13%     -    3s
     0     0 2783.99869    0  199 2843.00000 2783.99869  2.08%     -    3s
     0     0 2784.55474    0  218 2843.00000 2784.55474  2.06%     -    3s
     0     0 2784.93477    0  240 2843.00000 2784.93477  2.04%     -    4s
     0     0 2784.94751    0  234 2843.00000 2784.94751  2.04%     -    4s
     0     0 2784.94751    0  234 2843.00000 2784.94751  2.04%     -    4s
     0     0 2784.94751    0  223 2843.00000 2784.94751  2.04%     -    4s
H    0     0                    2840.0000000 2784.94923  1.94%     -    4s
H    0     0                    2828.0000000 2784.94923  1.52%     -    4s
     0     2 2784.94923    0  223 2828.00000 2784.94923  1.52%     -    4s
     3     8 2785.37925    2  249 2828.00000 2785.10614  1.52%   101    5s
H   65    86                    2825.0000000 2787.41040  1.33%   201    7s
H   72    86                    2821.0000000 2787.41040  1.19%   207    7s
H   80    86                    2819.0000000 2787.41040  1.12%   205    7s
H  201   226                    2814.0000000 2787.41040  0.94%   155    9s
   225   271 2792.12110   12  161 2814.00000 2787.41040  0.94%   150   10s
   685   648 2806.67050   21   76 2814.00000 2788.43603  0.91%   120   15s
  1278   998 2797.88780   10  146 2814.00000 2788.64553  0.90%  96.7   20s
  2052  1453 2804.75224   17  141 2814.00000 2789.75504  0.86%  84.5   25s
H 2101  1397                    2812.0000000 2789.75504  0.79%  84.1   25s
  2761  1807 2804.97934   31   74 2812.00000 2790.04119  0.78%  79.7   30s
  3604  2137 2796.79591   15 2543 2812.00000 2791.18900  0.74%  77.0   36s
  3668  2180 2801.48517   16  230 2812.00000 2791.18900  0.74%  75.7   40s
  3818  2325 2806.17550   18  158 2812.00000 2791.18900  0.74%  79.6   45s
  4233  2404 2804.47267   24  126 2812.00000 2791.68796  0.72%  80.3   50s
  5081  2516 2805.53858   22  134 2812.00000 2793.07662  0.67%  77.5   55s
  6428  2665 2805.47929   29   65 2812.00000 2796.06776  0.57%  73.7   60s
  7758  2683     cutoff   27      2812.00000 2797.06374  0.53%  69.9   65s
  9334  2606 2804.49884   23  118 2812.00000 2799.18592  0.46%  66.4   71s
 10671  2738     cutoff   29      2812.00000 2799.80115  0.43%  64.3   75s
 12486  3161 2809.71112   32  162 2812.00000 2800.78101  0.40%  61.8   80s
 13937  3433 2803.86815   28  112 2812.00000 2801.39043  0.38%  60.5   85s
 15621  3718 2809.42363   26  139 2812.00000 2801.99051  0.36%  59.3   91s
 17667  3934 2809.30056   26  103 2812.00000 2802.68805  0.33%  57.8   96s
 19184  4120 2810.40397   23  107 2812.00000 2803.21329  0.31%  56.8  100s
 21897  4204 infeasible   23      2812.00000 2804.06913  0.28%  55.6  105s
 24395  4142 2809.33858   31  142 2812.00000 2804.75528  0.26%  54.8  112s
 26666  3948 2808.24262   28  127 2812.00000 2805.34162  0.24%  54.0  116s
 29056  3456 2809.60500   22  104 2812.00000 2806.03452  0.21%  53.3  121s
 31678  2685 2810.23919   25  104 2812.00000 2806.79845  0.18%  52.6  126s
 34497  1090 2810.85741   30   46 2812.00000 2807.79271  0.15%  51.8  131s

Cutting planes:
  Gomory: 4
  Cover: 243
  Clique: 21
  MIR: 166
  Knapsack: 4
  StrongCG: 96
  Flow cover: 47
  GUB cover: 7
  Zero half: 46
  RLT: 116
  Relax-and-lift: 51
  BQP: 31

Explored 37492 nodes (1888611 simplex iterations) in 133.14 seconds (58.73 work units)
Thread count was 22 (of 22 available processors)

Solution count 10: 2812 2814 2819 ... 2858

Optimal solution found (tolerance 1.00e-04)
Best objective 2.812000000000e+03, best bound 2.812000000000e+03, gap 0.0000%

User-callback calls 83778, time in user-callback 0.11 sec
