
Gurobi 13.0.0 (linux64) logging started Fri Jan  2 18:46:11 2026

Set parameter LogFile to value "../experiments/network-n_50_s_1_rp_0-app_set-id_22_12_apps/compact_model_gurobi.log"
Set parameter TimeLimit to value 900
Gurobi Optimizer version 13.0.0 build v13.0.0rc1 (linux64 - "Ubuntu 24.04.3 LTS")

CPU model: Intel(R) Core(TM) Ultra 7 165H, instruction set [SSE2|AVX|AVX2]
Thread count: 22 physical cores, 22 logical processors, using up to 22 threads

Non-default parameters:
TimeLimit  900
LogToConsole  0

Academic license 2539022 - for non-commercial use only - registered to al___@studenti.unimi.it
Optimize a model with 21651 rows, 3900 columns and 48860 nonzeros (Min)
Model fingerprint: 0x41607f64
Model has 3900 linear objective coefficients
Model has 164 quadratic constraints
Variable types: 0 continuous, 3900 integer (3900 binary)
Coefficient statistics:
  Matrix range     [1e+00, 8e+02]
  QMatrix range    [6e+01, 2e+02]
  Objective range  [1e+01, 2e+02]
  Bounds range     [1e+00, 1e+00]
  RHS range        [1e+00, 1e+09]
  QRHS range       [1e+02, 6e+02]
Presolve removed 20785 rows and 2202 columns
Presolve time: 0.20s
Presolved: 17861 rows, 18533 columns, 114080 nonzeros
Variable types: 0 continuous, 18533 integer (18533 binary)
Found heuristic solution: objective 4624.0000000
Deterministic concurrent LP optimizer: primal and dual simplex
Showing primal log only...

Concurrent spin time: 0.10s (can be avoided by choosing Method=3)

Solved with dual simplex

Root relaxation: objective 2.645914e+03, 611 iterations, 0.38 seconds (0.12 work units)

    Nodes    |    Current Node    |     Objective Bounds      |     Work
 Expl Unexpl |  Obj  Depth IntInf | Incumbent    BestBd   Gap | It/Node Time

     0     0 2645.91409    0  102 4624.00000 2645.91409  42.8%     -    1s
H    0     0                    4550.0000000 2645.91409  41.8%     -    1s
H    0     0                    4497.0000000 2645.91409  41.2%     -    1s
H    0     0                    4270.0000000 2645.91409  38.0%     -    1s
H    0     0                    4028.0000000 2645.91409  34.3%     -    1s
H    0     0                    3909.0000000 2645.91409  32.3%     -    1s
     0     0 2670.13101    0  113 3909.00000 2670.13101  31.7%     -    1s
H    0     0                    3267.0000000 2670.13101  18.3%     -    1s
     0     0 2672.21831    0  117 3267.00000 2672.21831  18.2%     -    1s
     0     0 2672.25674    0  120 3267.00000 2672.25674  18.2%     -    1s
     0     0 2684.65771    0  142 3267.00000 2684.65771  17.8%     -    2s
     0     0 2685.36007    0  148 3267.00000 2685.36007  17.8%     -    2s
     0     0 2685.40716    0  146 3267.00000 2685.40716  17.8%     -    2s
     0     0 2691.52574    0  179 3267.00000 2691.52574  17.6%     -    2s
     0     0 2693.04522    0  179 3267.00000 2693.04522  17.6%     -    2s
     0     0 2695.20446    0  190 3267.00000 2695.20446  17.5%     -    2s
     0     0 2695.58756    0  186 3267.00000 2695.58756  17.5%     -    2s
H    0     0                    3235.0000000 2695.58756  16.7%     -    3s
H    0     0                    3150.0000000 2695.58756  14.4%     -    3s
     0     0 2701.03755    0  183 3150.00000 2701.03755  14.3%     -    3s
H    0     0                    3137.0000000 2701.66931  13.9%     -    3s
     0     0 2701.66931    0  182 3137.00000 2701.66931  13.9%     -    3s
H    0     0                    2844.0000000 2701.66931  5.00%     -    3s
     0     0 2703.91801    0  178 2844.00000 2703.91801  4.93%     -    3s
     0     0 2703.92497    0  178 2844.00000 2703.92497  4.93%     -    3s
     0     0 2703.92497    0  178 2844.00000 2703.92497  4.93%     -    3s
     0     0 2703.92497    0  178 2844.00000 2703.92497  4.93%     -    3s
H    0     0                    2826.0000000 2703.93921  4.32%     -    3s
H    0     0                    2823.0000000 2703.93921  4.22%     -    3s
H    0     0                    2822.0000000 2703.93921  4.18%     -    3s
     0     2 2703.93921    0  178 2822.00000 2703.93921  4.18%     -    4s
    15    32 2708.22244    4  205 2822.00000 2706.47424  4.09%   224    5s
H   55    93                    2817.0000000 2710.80251  3.77%   238    6s
H   59    93                    2816.0000000 2710.80251  3.74%   228    6s
H   76    93                    2801.0000000 2710.80251  3.22%   202    6s
H   86    93                    2796.0000000 2710.80251  3.05%   191    6s
H   92   139                    2795.0000000 2710.80251  3.01%   186    7s
H   97   139                    2791.0000000 2710.80251  2.87%   180    7s
H  104   139                    2782.0000000 2710.80251  2.56%   182    7s
   311   294 2741.88716   15  154 2782.00000 2710.80251  2.56%   147   10s
H  342   294                    2778.0000000 2710.80251  2.42%   145   10s
H  466   374                    2773.0000000 2714.51052  2.11%   134   11s
   794   557 2758.36940   29  163 2773.00000 2717.00000  2.02%   116   15s
H  846   584                    2771.0000000 2717.04099  1.95%   114   16s
  1414   774 infeasible   14      2771.00000 2722.52165  1.75%   103   20s
  1933   989 2765.87177   23  100 2771.00000 2723.87256  1.70%   100   25s
  2840  1357 2758.88755   10  181 2771.00000 2726.61584  1.60%  91.0   30s
H 3056  1370                    2769.0000000 2727.77043  1.49%  89.9   31s
  3647  1735 2763.77891   22  116 2769.00000 2731.36221  1.36%  88.7   35s
  3859  1740 2746.09246   19  180 2769.00000 2731.36221  1.36%  87.6   40s
  3914  1777 2741.74649    9  240 2769.00000 2731.36221  1.36%  86.4   45s
  4106  1854 2758.90723   17  179 2769.00000 2731.36221  1.36%  91.2   50s
  4484  1851 2756.35014   24  177 2769.00000 2733.79776  1.27%  93.0   55s
  4879  1879 2765.97718   28  102 2769.00000 2739.62800  1.06%  92.6   60s
  5831  1858 2751.18262   22  130 2769.00000 2744.48014  0.89%  90.7   65s
  7120  1674     cutoff   36      2769.00000 2746.92284  0.80%  87.3   70s
  8112  1444 infeasible   26      2769.00000 2750.22037  0.68%  85.9   75s
  9420  1091     cutoff   27      2769.00000 2753.13781  0.57%  84.2   80s
 10987   835 2766.35473   26   67 2769.00000 2756.32855  0.46%  82.6   85s

Cutting planes:
  Gomory: 5
  Lift-and-project: 1
  Cover: 144
  Clique: 20
  MIR: 90
  Knapsack: 4
  StrongCG: 54
  Flow cover: 68
  GUB cover: 10
  Zero half: 49
  RLT: 69
  Relax-and-lift: 33
  BQP: 19

Explored 12809 nodes (1025908 simplex iterations) in 89.64 seconds (44.86 work units)
Thread count was 22 (of 22 available processors)

Solution count 10: 2769 2771 2773 ... 2816

Optimal solution found (tolerance 1.00e-04)
Best objective 2.769000000000e+03, best bound 2.769000000000e+03, gap 0.0000%

User-callback calls 33475, time in user-callback 0.13 sec
