FIXINGS_START
(0, 0, 0)
(1, 0, 0)
(1, 6, 0)
(2, 0, 0)
(2, 6, 0)
(3, 0, 0)
(4, 0, 0)
(5, 0, 0)
(6, 0, 0)
(6, 6, 0)
(7, 0, 0)
(8, 0, 0)
(9, 0, 0)
(10, 0, 0)
(11, 7, 0)
(12, 0, 0)
(13, 0, 0)
(13, 9, 0)
(14, 0, 0)
(14, 7, 0)
(15, 0, 0)
(15, 4, 0)
(16, 0, 0)
(16, 9, 0)
(17, 0, 0)
(17, 4, 0)
(18, 0, 0)
(16, 2, 0)
(10, 2, 0)
(0, 1, 0)
(0, 2, 0)
(11, 0, 0)
(14, 1, 0)
(18, 2, 0)
(18, 3, 0)
(13, 6, 0)
(0, 3, 0)
(4, 3, 0)
(10, 3, 0)
(1, 2, 0)
(18, 4, 0)
(3, 1, 33)
(4, 4, 0)
(9, 1, 36)
(10, 4, 0)
(8, 3, 27)
(3, 2, 10)
(3, 3, 0)
(11, 4, 0)
(9, 3, 40)
(12, 3, 0)
(1, 3, 0)
(17, 6, 0)
(18, 5, 0)
(1, 7, 0)
(12, 4, 0)
(11, 5, 0)
(6, 7, 0)
(11, 8, 0)
(14, 2, 32)
(14, 4, 29)
(14, 5, 0)
(15, 7, 0)
(16, 3, 0)
(2, 7, 0)
(16, 4, 0)
FIXINGS_END
time 30.905
GUROBI
Status INFEASIBLE
Runtime 30.90441393852234
NodeCount 2522.0
IterCount 446804.0
NumVars 7440
NumConstrs 44694
ObjBound inf
ObjBoundC inf
ObjVal None
MIPGap inf
