FIXINGS_START
(0, 0, 0)
(1, 0, 0)
(1, 6, 0)
(2, 0, 0)
(2, 6, 0)
(3, 0, 0)
(4, 0, 0)
(5, 0, 0)
(6, 0, 0)
(6, 6, 0)
(7, 0, 0)
(8, 0, 0)
(9, 0, 0)
(10, 0, 0)
(11, 7, 0)
(12, 0, 0)
(13, 0, 0)
(13, 9, 0)
(14, 0, 0)
(14, 7, 0)
(15, 0, 0)
(15, 4, 0)
(16, 0, 0)
(16, 9, 0)
(17, 0, 0)
(17, 4, 0)
(18, 0, 0)
(6, 2, 4)
(6, 7, 0)
(17, 6, 0)
(12, 1, 12)
(0, 1, 0)
(7, 2, 28)
(0, 2, 0)
(14, 1, 0)
(14, 2, 13)
(9, 1, 36)
(14, 4, 31)
(4, 3, 0)
(9, 3, 40)
(16, 2, 0)
(0, 3, 0)
(3, 2, 10)
(4, 4, 0)
(12, 3, 0)
(8, 3, 27)
(14, 5, 0)
(2, 2, 19)
(2, 4, 10)
(3, 3, 0)
(2, 5, 10)
(2, 7, 0)
(12, 4, 0)
(13, 1, 18)
(10, 2, 0)
(10, 3, 0)
(1, 2, 0)
FIXINGS_END
time 3.719
GUROBI
Status INFEASIBLE
Runtime 3.7185680866241455
NodeCount 1.0
IterCount 5533.0
NumVars 7440
NumConstrs 44685
ObjBound inf
ObjBoundC inf
ObjVal None
MIPGap inf
