FIXINGS_START
(0, 0, 0)
(1, 0, 0)
(1, 6, 0)
(2, 0, 0)
(2, 6, 0)
(3, 0, 0)
(4, 0, 0)
(5, 0, 0)
(6, 0, 0)
(6, 6, 0)
(7, 0, 0)
(8, 0, 0)
(9, 0, 0)
(10, 0, 0)
(11, 7, 0)
(12, 0, 0)
(13, 0, 0)
(13, 9, 0)
(14, 0, 0)
(14, 7, 0)
(15, 0, 0)
(15, 4, 0)
(16, 0, 0)
(16, 9, 0)
(17, 0, 0)
(17, 4, 0)
(18, 0, 0)
(16, 2, 0)
(10, 2, 0)
(0, 1, 0)
(0, 2, 0)
(11, 0, 0)
(14, 1, 0)
(18, 2, 0)
(18, 3, 0)
(13, 6, 0)
(0, 3, 0)
(4, 3, 0)
(10, 3, 0)
(1, 2, 0)
(18, 4, 0)
(3, 1, 33)
(4, 4, 0)
(9, 1, 36)
(10, 4, 0)
(8, 3, 27)
(3, 2, 10)
(3, 3, 0)
(11, 4, 0)
(9, 3, 40)
(12, 3, 0)
(1, 3, 0)
(17, 6, 0)
(18, 5, 0)
(1, 7, 0)
(12, 4, 0)
(11, 5, 0)
FIXINGS_END
found_sol 6581.0 time 84.655
found_sol 6423.999999999031 time 144.462
found_sol 6308.0 time 154.217
found_sol 6280.0 time 154.218
found_sol 6243.0 time 158.315
found_sol 6238.0 time 158.316
found_sol 6235.000000000003 time 158.321
found_sol 6233.0 time 158.330
found_sol 6214.000000000604 time 158.359
found_sol 6201.000000000001 time 158.380
found_sol 6201.0 time 159.347
time 159.357
GUROBI
Status OPTIMAL
Runtime 159.35645294189453
NodeCount 11925.0
IterCount 3250728.0
NumVars 7440
NumConstrs 44685
ObjBound 6201.0
ObjBoundC 6201.0
ObjVal 6201.0
MIPGap 0.0
