
Gurobi 13.0.0 (linux64) logging started Sat Jan  3 00:33:33 2026

Set parameter LogFile to value "../experiments/network-n_50_s_2_rp_0-app_set-id_36_17_apps/compact_model_gurobi.log"
Set parameter TimeLimit to value 900
Gurobi Optimizer version 13.0.0 build v13.0.0rc1 (linux64 - "Ubuntu 24.04.3 LTS")

CPU model: Intel(R) Core(TM) Ultra 7 165H, instruction set [SSE2|AVX|AVX2]
Thread count: 22 physical cores, 22 logical processors, using up to 22 threads

Non-default parameters:
TimeLimit  900
LogToConsole  0

Academic license 2539022 - for non-commercial use only - registered to al___@studenti.unimi.it
Optimize a model with 23673 rows, 5500 columns and 54895 nonzeros (Min)
Model fingerprint: 0xfc34daaa
Model has 5500 linear objective coefficients
Model has 162 quadratic constraints
Variable types: 0 continuous, 5500 integer (5500 binary)
Coefficient statistics:
  Matrix range     [1e+00, 9e+02]
  QMatrix range    [5e+01, 2e+02]
  Objective range  [1e+01, 2e+02]
  Bounds range     [1e+00, 1e+00]
  RHS range        [1e+00, 1e+09]
  QRHS range       [1e+02, 6e+02]
Presolve removed 22493 rows and 3413 columns
Presolve time: 0.24s
Presolved: 24094 rows, 24841 columns, 146735 nonzeros
Variable types: 0 continuous, 24841 integer (24841 binary)
Deterministic concurrent LP optimizer: primal and dual simplex
Showing primal log only...

Concurrent spin time: 0.00s

Solved with dual simplex

Root relaxation: objective 3.893112e+03, 1931 iterations, 0.43 seconds (0.39 work units)

    Nodes    |    Current Node    |     Objective Bounds      |     Work
 Expl Unexpl |  Obj  Depth IntInf | Incumbent    BestBd   Gap | It/Node Time

     0     0 3893.11186    0  225          - 3893.11186      -     -    1s
     0     0 3906.57339    0  235          - 3906.57339      -     -    2s
     0     0 3985.95116    0  337          - 3985.95116      -     -    3s
     0     0 3996.93090    0  350          - 3996.93090      -     -    3s
     0     0 3997.16601    0  358          - 3997.16601      -     -    3s
     0     0 3997.16936    0  364          - 3997.16936      -     -    3s
     0     0 4038.52447    0  311          - 4038.52447      -     -    4s
     0     0 4055.31307    0  315          - 4055.31307      -     -    5s
     0     0 4059.25363    0  306          - 4059.25363      -     -    5s
     0     0 4059.28517    0  326          - 4059.28517      -     -    5s
     0     0 4085.96288    0  352          - 4085.96288      -     -    7s
     0     0 4098.16941    0  364          - 4098.16941      -     -    7s
     0     0 4100.28499    0  391          - 4100.28499      -     -    8s
     0     0 4112.40353    0  346          - 4112.40353      -     -    9s
     0     0 4112.42583    0  345          - 4112.42583      -     -    9s
     0     0 4112.42583    0  341          - 4112.42583      -     -    9s
     0     2 4112.45030    0  338          - 4112.45030      -     -   11s
    53    92 4118.42992    6  311          - 4118.42992      -   279   15s
   226   262 4126.70608   13  285          - 4118.43070      -   221   20s
   403   409 4129.07437   22  287          - 4118.43070      -   211   26s
   492   498 4136.08824   25  264          - 4118.43070      -   206   31s
   609   616 4132.60114   30  272          - 4118.43070      -   199   35s
   734   744 4137.05074   34  258          - 4118.43070      -   191   40s
   857   881 4138.28380   37  258          - 4118.43070      -   184   45s
  1110  1173 4145.61363   48  257          - 4118.43070      -   178   50s
  1376  1449 4156.97514   61  244          - 4118.43070      -   174   56s
  1639  1681 4162.18506   65  249          - 4118.43070      -   172   61s
  1777  1862 4166.88163   67  252          - 4118.43070      -   168   65s
  2087  2224 4180.65858   77  242          - 4118.43070      -   163   71s
  2416  2560 4196.47998   89  246          - 4118.43070      -   161   76s
  2762  2889 4216.91532  111  291          - 4118.43070      -   162   80s
  3357  3547 4242.15772  129  249          - 4118.43070      -   163   87s
  3962  3992 4273.08779  146  213          - 4120.41623      -   155   92s
  4535  4392 4353.22370  181  169          - 4120.42487      -   151   97s
  4715  4470 4409.13507  202  157          - 4120.42487      -   150  100s
  4942  4676 4410.83584  203  151          - 4120.42487      -   150  106s
  5242  4867 infeasible  205               - 4120.47869      -   149  111s
  5376  4977 infeasible  206               - 4120.47869      -   150  115s
  5519  4978 4196.37351   76 10987          - 4120.47869      -   150  121s
  5523  4981 4205.48859   73  335          - 4120.47869      -   150  125s
  5532  4987 4265.06353   76  413          - 4120.47869      -   150  130s
  5548  4997 4201.22808   48  434          - 4132.60892      -   150  135s
  5566  5009 4336.30431   94  414          - 4143.00919      -   149  140s
  5585  5022 4341.11241  167  475          - 4146.34658      -   149  145s
  5605  5035 4249.74749   93  436          - 4148.96380      -   148  150s
  5630  5052 4239.38031   93  468          - 4151.04625      -   147  155s
  5650  5065 4170.01418   11  442          - 4154.17564      -   147  160s
  5666  5076 4336.30431   94  455          - 4155.01474      -   146  165s
  5695  5095 4230.99000   52  466          - 4156.11248      -   146  170s
  5709  5105 4548.51485  159  462          - 4156.39964      -   145  175s
  5726  5116 4503.26672  167  443          - 4156.54122      -   145  180s
  5734  5122 4322.29111   97  241          - 4156.54122      -   150  186s
  5738  5125 4192.04737   66  414          - 4156.54351      -   150  191s
  5742  5128 4172.24750   15  462          - 4157.93565      -   150  195s
  5760  5140 4255.28472   68  515          - 4158.73870      -   149  200s
  5772  5148 4160.61841   40  479          - 4160.61841      -   149  205s
  5789  5159 4319.40953   74  465          - 4162.81180      -   149  210s
  5803  5168 4772.78260  173  459          - 4164.01501      -   148  215s
  5824  5182 4465.44432   69  480          - 4167.35161      -   148  220s
  5839  5192 4187.21221   25  506          - 4167.35161      -   147  225s
  5859  5206 4172.71540   72  528          - 4167.35161      -   147  230s
  5877  5218 4356.12170  181  483          - 4167.35161      -   146  235s
  5896  5230 4275.43828    9  466          - 4167.35161      -   146  241s
  5898  5232 4238.17980   93  452          - 4167.35161      -   146  248s
  5899  5235 4167.35161   31  413          - 4167.35161      -   150  254s
  5901  5239 4169.64113   32  414          - 4167.35161      -   151  255s
  5913  5259 4175.33998   34  406          - 4170.45754      -   151  260s
  5951  5308 4178.37551   36  411          - 4173.22493      -   153  267s
  5991  5331 4184.06186   37  367          - 4173.25505      -   154  271s
  6027  5357 4181.76664   38  421          - 4173.25505      -   157  276s
  6065  5380 4195.60763   39  394          - 4173.25505      -   160  280s
  6143  5433 4205.86805   40  342          - 4173.25505      -   163  289s
  6180  5443 4183.80558   41  370          - 4173.25505      -   165  294s
  6202  5457 4190.85999   41  441          - 4173.25505      -   166  298s
  6224  5472 4184.10577   42  372          - 4173.25505      -   167  302s
  6246  5487 4202.55833   42  346          - 4173.25505      -   168  306s
  6268  5501 4184.59497   43  401          - 4173.25505      -   170  314s
  6290  5516 4186.90003   43  357          - 4173.25505      -   171  318s
  6312  5531 4186.25939   44  387          - 4173.25505      -   173  322s
  6334  5545 4189.26585   44  340          - 4173.25505      -   174  326s
  6356  5560 4186.86463   45  416          - 4173.25505      -   176  330s
  6400  5588 4187.07025   46  385          - 4173.25505      -   178  338s
  6422  5604 4212.80761   46  347          - 4173.25505      -   178  342s
  6445  5620 4187.40874   47  348          - 4173.25505      -   179  346s
  6469  5641 4220.23881   47  358          - 4173.25505      -   180  351s
  6498  5664 4188.80691   48  406          - 4173.25505      -   181  356s
  6530  5696 4195.18955   48  332          - 4173.25505      -   183  362s
  6573  5729 4189.96633   49  376          - 4173.25505      -   184  367s
  6620  5735 4211.89169   49  351          - 4173.25505      -   186  372s
  6642  5754 4191.19846   50  373          - 4173.25505      -   187  377s
  6668  5783 4203.82881   50  320          - 4173.25505      -   189  384s
  6706  5818 4193.34732   51  401          - 4173.25505      -   191  389s
  6754  5857 4194.04854   52  337          - 4173.25505      -   193  396s
  6809  5890 4194.35504   53  377          - 4173.25505      -   197  402s
  6860  5940 4196.24098   54  315          - 4173.25505      -   201  408s
  6927  5941 4234.42518   55  360          - 4173.25505      -   205  415s
  6950  5960 4201.64165   56  286          - 4173.25505      -   206  421s
  6977  5977 4244.24707   56  310          - 4173.25505      -   207  427s
  7005  6003 4202.25028   57  294          - 4173.25505      -   208  434s
  7042  6028 4236.40784   57  260          - 4173.25505      -   210  441s
  7080  6055 4207.37704   58  312          - 4173.25505      -   211  451s
  7119  6081 4217.14647   58  389          - 4173.25505      -   213  460s
  7158  6111 4208.26760   59  310          - 4173.25505      -   215  468s
  7201  6163 4218.48972   59  282          - 4173.25505      -   217  477s
  7272  6224 4244.60974   60  275          - 4173.25505      -   219  485s
  7356  6315 4239.99995   62  269          - 4173.25505      -   222  494s
  7475  6454 4216.25900   65  328          - 4173.25505      -   225  503s
  7656  6580 4220.81601   68  314          - 4173.25505      -   230  512s
  7844  6726 4230.28207   71  351          - 4173.25505      -   234  521s
  8061  6685 4265.93621   74  355          - 4173.25505      -   239  530s
  8108  6732 4332.05647   74  309          - 4173.25505      -   240  540s
  8184  6874 4266.91481   75  372          - 4173.25505      -   241  549s
  8378  7009 4378.75227   75  329          - 4173.25505      -   243  559s
  8614  7130 4289.64375   78  304          - 4173.25505      -   247  569s
  8863  7258 4308.04877   82  226          - 4175.62880      -   251  579s
  9131  7329 4330.41594   87  266          - 4175.63826      -   257  590s
  9355  7517 4367.11296   91  272          - 4175.63826      -   259  601s
  9679  7653 4447.24329   96  236          - 4178.24945      -   262  612s
 10008  7733 4447.54392  101  202          - 4180.40849      -   266  622s
 10263  7942 4469.54275  106  220          - 4181.32891      -   267  633s
 10605  8059 4526.04005  115  235          - 4181.32891      -   270  646s
 10844  8268 4539.45341  123  251          - 4181.32891      -   274  659s
 11181  8182 4591.12698  132  214          - 4182.19846      -   277  671s
 11209  8226 4770.06579  132  179          - 4182.19846      -   278  684s
 11277  8443 4610.42917  137  231          - 4182.19846      -   278  697s
 11568  8710 4659.91857  150  200          - 4182.40490      -   279  711s
 12017  8869 4209.29520   47  298          - 4182.40490      -   280  725s
 12408  9065 4234.47333   63  290          - 4182.40490      -   282  740s
 12821  9324 4282.35883   73  287          - 4182.40490      -   287  754s
 13283  9580 4339.60254   89  259          - 4182.94719      -   290  770s
 13808  9860 4465.43488  106  207          - 4182.94719      -   291  786s
 14342 10044 4218.79607   44  335          - 4182.94719      -   294  802s
 14751  9997 4275.78231   58  311          - 4182.94719      -   300  819s
 14868 10296 4278.00188   59  301          - 4182.94719      -   302  837s
 15270 10666 4317.44517   66  263          - 4183.62227      -   304  855s
 15917 10876 4590.04876   72  325          - 4184.28867      -   306  874s
 16445 10974 4495.15796   77  247          - 4184.28867      -   309  892s
 16817 10875 4552.68682   86  283          - 4187.59344      -   310  900s

Cutting planes:
  Gomory: 2
  Lift-and-project: 3
  Cover: 82
  Clique: 28
  MIR: 99
  Knapsack: 8
  StrongCG: 51
  Flow cover: 189
  GUB cover: 14
  Zero half: 60
  Mod-K: 1
  RLT: 70
  Relax-and-lift: 173
  BQP: 6

Explored 16843 nodes (5238776 simplex iterations) in 900.08 seconds (714.40 work units)
Thread count was 22 (of 22 available processors)

Solution count 0

Time limit reached
Best objective -, best bound 4.188000000000e+03, gap -

User-callback calls 180979, time in user-callback 1.22 sec
