
Gurobi 13.0.0 (linux64) logging started Fri Jan 16 02:47:31 2026

Set parameter LogFile to value "../experiments/network-n_50_s_2_rp_0-app_set-id_36_17_apps/submip_30_epr0_model_gurobi.log"
Set parameter TimeLimit to value 8.9635115268100344e+02
Gurobi Optimizer version 13.0.0 build v13.0.0rc1 (linux64 - "Ubuntu 24.04.3 LTS")

CPU model: Intel(R) Core(TM) Ultra 7 165H, instruction set [SSE2|AVX|AVX2]
Thread count: 22 physical cores, 22 logical processors, using up to 22 threads

Non-default parameters:
TimeLimit  8.9635115268100344e+02
LogToConsole  0

Academic license 2539022 - for non-commercial use only - registered to al___@studenti.unimi.it
Optimize a model with 23723 rows, 5500 columns and 54945 nonzeros (Min)
Model fingerprint: 0x4002b100
Model has 5500 linear objective coefficients
Model has 162 quadratic constraints
Variable types: 0 continuous, 5500 integer (5500 binary)
Coefficient statistics:
  Matrix range     [1e+00, 9e+02]
  QMatrix range    [5e+01, 2e+02]
  Objective range  [1e+01, 2e+02]
  Bounds range     [1e+00, 1e+00]
  RHS range        [1e+00, 1e+09]
  QRHS range       [1e+02, 6e+02]
Presolve removed 23185 rows and 4356 columns
Presolve time: 0.11s
Presolved: 8346 rows, 8802 columns, 51935 nonzeros
Variable types: 0 continuous, 8802 integer (8802 binary)

Root relaxation: objective 3.955120e+03, 1142 iterations, 0.08 seconds (0.10 work units)

    Nodes    |    Current Node    |     Objective Bounds      |     Work
 Expl Unexpl |  Obj  Depth IntInf | Incumbent    BestBd   Gap | It/Node Time

     0     0 3955.11975    0  138          - 3955.11975      -     -    0s
     0     0 4033.58971    0  162          - 4033.58971      -     -    1s
     0     0 4033.85365    0  163          - 4033.85365      -     -    1s
     0     0 4057.57101    0  182          - 4057.57101      -     -    1s
     0     0 4060.77891    0  172          - 4060.77891      -     -    1s
     0     0 4060.91731    0  173          - 4060.91731      -     -    1s
     0     0 4116.09235    0  207          - 4116.09235      -     -    1s
     0     0 4134.81290    0  220          - 4134.81290      -     -    1s
     0     0 4137.65816    0  222          - 4137.65816      -     -    1s
     0     0 4168.03149    0  235          - 4168.03149      -     -    2s
     0     0 4168.06216    0  232          - 4168.06216      -     -    2s
     0     0 4168.06216    0  232          - 4168.06216      -     -    2s
     0     2 4168.34196    0  232          - 4168.34196      -     -    3s
   233   274 4248.52253   10  200          - 4180.22136      -   129    5s
   571   593 4202.59468   17  210          - 4180.22136      -   114   10s
  1459  1391 4316.59965   44  156          - 4183.26624      -   113   15s
  2393  2109 4546.18890   77  131          - 4187.62948      -   116   20s
  2961  2572 infeasible   79               - 4187.62948      -   118   25s
  3090  2580 4412.13865   28  287          - 4206.68051      -   118   30s
  3140  2614 4394.90978   27  294          - 4251.29302      -   116   35s
  3188  2646 4260.87099    8  319          - 4260.87099      -   114   40s
  3223  2669 4435.27319   41  320          - 4266.20287      -   113   45s
  3253  2690 4371.10285   15 3779          - 4267.85602      -   117   50s
  3281  2709 4276.86431   16  318          - 4276.86431      -   116   55s
  3337  2746 4360.76682   16  326          - 4282.89078      -   114   60s
  3369  2767 4287.11246   15  330          - 4287.11246      -   113   65s
  3415  2798 4380.07262   34  352          - 4291.69378      -   111   70s
  3454  2847 4308.91274   23  301          - 4307.10696      -   119   75s
  3553  2926 4318.00675   26  305          - 4308.97344      -   124   80s
  3668  2990 4347.13686   28  286          - 4308.97344      -   133   85s
  3788  3071 4338.38851   31  258          - 4308.97344      -   140   90s
  3901  3137 4363.39175   33  232          - 4309.84733      -   147   95s
  4038  3216 4376.34085   35  250          - 4309.84733      -   155  101s
  4143  3271 4386.49015   38  214          - 4309.84733      -   161  105s
  4253  3336 4466.28115   39  219          - 4320.24763      -   166  110s
  4362  3380 4393.46834   41  238          - 4320.24763      -   171  116s
  4434  3409 4520.94044   42  207          - 4320.24763      -   175  120s
  4609  3484 4425.47350   45  227          - 4320.24763      -   181  126s
  4756  3545 4493.78989   47  215          - 4320.24763      -   186  130s
  4921  3612 4537.29812   51  170          - 4320.24763      -   191  136s
  5045  3610 4590.76989   56  118          - 4325.06220      -   195  140s
  5167  3686 4459.78331   31  210          - 4326.53320      -   198  145s
  5384  3825 4548.41099   38  149          - 4328.23963      -   202  151s
  5715  3981 infeasible   53               - 4328.23963      -   206  156s
  6130  4054 4401.74164   29  175          - 4332.52221      -   211  162s
  6292  4120 4437.21799   31  194          - 4332.52221      -   215  165s
  6662  4279 4733.60282   34  154          - 4334.05243      -   220  172s
  6893  4387 infeasible   41               - 4336.06900      -   223  176s
  7390  4509 4520.76686   35  213          - 4336.06900      -   228  182s
  7617  4611 4668.29852   37  211          - 4338.58965      -   230  186s
  8092  4778 infeasible   42               - 4338.58965      -   235  193s
  8368  4847 4745.85303   49  156          - 4338.58965      -   237  197s
  8572  4992 infeasible   58               - 4338.58965      -   238  201s
  8917  4906 4451.24241   34  237          - 4338.58965      -   239  205s
H 8948  4733                    5296.0000000 4338.58965  18.1%   239  205s
  9346  4901 4912.17351   37  201 5296.00000 4349.64538  17.9%   240  214s
  9562  4988 4485.78363   29  224 5296.00000 4349.68972  17.9%   245  218s
  9901  5055 4500.79610   31  219 5296.00000 4352.15054  17.8%   246  223s
 10257  5068 4509.17677   30  235 5296.00000 4352.16909  17.8%   248  228s
 10599  5157 5063.14734   44  184 5296.00000 4354.62824  17.8%   251  233s
 10989  5203 4708.46338   34  202 5296.00000 4360.73824  17.7%   253  238s
 11298  5389 4564.80699   27  238 5296.00000 4360.73824  17.7%   254  243s
 11730  5568 4719.20790   28  256 5296.00000 4360.73824  17.7%   255  248s
 12167  5720 4572.60147   31  221 5296.00000 4362.46465  17.6%   256  254s
 12481  5893 4812.60778   29  182 5296.00000 4362.46465  17.6%   259  260s
 13066  6165 4450.35700   31  263 5296.00000 4366.61134  17.5%   259  266s
 13481  6485 4576.59929   39  195 5296.00000 4366.61134  17.5%   261  272s
*13912  6429              63    5169.0000000 4371.25002  15.4%   261  272s
 14088  6662 4864.64757   61  133 5169.00000 4371.26758  15.4%   261  279s
 14625  6954 4741.79284   39  204 5169.00000 4376.02672  15.3%   263  286s
 15266  7219 4494.87139   31  301 5169.00000 4376.08947  15.3%   265  293s
 15883  7441 4697.25469   40  191 5169.00000 4380.19288  15.3%   266  301s
 16482  7672     cutoff   39      5169.00000 4384.26657  15.2%   268  308s
 16974  7970 4701.26288   40  222 5169.00000 4385.79550  15.2%   270  316s
 17636  8314 4773.29926   35  220 5169.00000 4390.12089  15.1%   271  324s
 18269  8570 infeasible   58      5169.00000 4390.64702  15.1%   272  332s
 18879  8922 4711.58713   28  195 5169.00000 4394.32593  15.0%   273  341s
 19603  9269 4610.97922   34  223 5169.00000 4397.10388  14.9%   274  349s
 20359  9583 4695.56870   37  188 5169.00000 4399.66211  14.9%   276  359s
 21314  9799 5079.10637   40  107 5169.00000 4400.16474  14.9%   277  368s
 22053 10161 4991.84762   41  181 5169.00000 4403.59414  14.8%   278  378s
 23001 10527     cutoff   40      5169.00000 4403.64700  14.8%   278  388s
 23833 10946 4694.49421   41  186 5169.00000 4409.13746  14.7%   279  398s
 24758 11304 4864.47829   44  209 5169.00000 4413.29612  14.6%   280  411s
 25754 11607     cutoff   44      5169.00000 4417.51544  14.5%   281  422s
 26833 11883 4974.65451   36  281 5169.00000 4421.04162  14.5%   281  433s
 27615 11918 4598.69868   34  131 5169.00000 4423.72740  14.4%   283  445s
 27684 12197 4618.93889   36  120 5169.00000 4423.75855  14.4%   283  457s
 28546 12587 4634.58393   49  211 5169.00000 4425.93591  14.4%   284  469s
 29623 12971 4718.29549   31  242 5169.00000 4431.43325  14.3%   285  482s
 30710 13447     cutoff   46      5169.00000 4435.30224  14.2%   286  496s
 32143 13943 4671.37866   28  253 5169.00000 4438.20366  14.1%   286  510s
 33452 14413 infeasible   40      5169.00000 4442.60290  14.1%   286  524s
 34770 14884 4587.66088   33  216 5169.00000 4447.66095  14.0%   287  539s
 36051 15273 4587.38494   38  226 5169.00000 4453.81562  13.8%   289  554s
 37381 15777 4803.23917   44  224 5169.00000 4457.52134  13.8%   290  570s
 38840 16249 4653.54960   28  269 5169.00000 4463.79072  13.6%   291  586s
 40223 16829     cutoff   47      5169.00000 4468.31332  13.6%   292  604s
 41857 17400 infeasible   50      5169.00000 4472.16404  13.5%   292  622s
 43561 17914 4795.84561   40  217 5169.00000 4478.80257  13.4%   293  640s
 45182 18280 5145.33154   54  193 5169.00000 4483.93561  13.3%   293  659s
 46463 18882 4920.68769   49  229 5169.00000 4486.39501  13.2%   293  680s
 48372 19557     cutoff   38      5169.00000 4493.71944  13.1%   293  700s
H49814 19131                    5049.0000000 4495.19942  11.0%   293  700s
H49819 18191                    4962.0000000 4495.19942  9.41%   293  700s
 50409 18075 4818.59784   38 3726 4962.00000 4498.80143  9.33%   293  745s
 50427 18087 4705.30581   30  376 4962.00000 4498.80143  9.33%   293  750s
 50451 18103 4883.98859   34  367 4962.00000 4498.80143  9.33%   293  755s
 50472 18117 4669.87847   33  365 4962.00000 4498.80143  9.33%   293  760s
 50488 18128 4821.89586   42  373 4962.00000 4498.80143  9.33%   293  765s
 50510 18142 4795.04197   48  378 4962.00000 4498.80143  9.33%   293  770s
H50515 17236                    4921.0000000 4498.80143  8.58%   293  772s
 50530 17246 4774.11202   39  392 4921.00000 4498.80143  8.58%   293  775s
 50543 17254 4635.69239   44  396 4921.00000 4498.80143  8.58%   292  780s
H50549 16393                    4846.0000000 4498.80143  7.16%   292  783s
 50554 16397 4846.00000   34  380 4846.00000 4498.80143  7.16%   292  785s
H50561 15579                    4831.0000000 4498.80143  6.88%   292  788s
 50569 15585 4567.03062   36  408 4831.00000 4498.80143  6.88%   292  791s
 50583 15594 4714.93019   36  403 4831.00000 4498.80143  6.88%   292  795s
 50589 15598 4630.83693   37  402 4831.00000 4498.80143  6.88%   292  800s
 50595 15602 4805.11635   49  412 4831.00000 4498.80143  6.88%   292  805s
 50599 15605 4661.12716   37  392 4831.00000 4498.80143  6.88%   292  810s
 50608 15611 4608.54032   33  402 4831.00000 4498.80143  6.88%   292  815s
 50620 15619 4683.64044   45  403 4831.00000 4498.80143  6.88%   292  820s
 50633 15627 4831.00000   45  415 4831.00000 4498.80143  6.88%   292  825s
 50650 15639 4795.60511   33  406 4831.00000 4498.80143  6.88%   292  830s
 50662 15647 4558.67087   38  393 4831.00000 4498.80143  6.88%   292  835s
 50677 15657 4794.70817   36  404 4831.00000 4498.80143  6.88%   292  840s
 50689 15665 4630.83693   37  393 4831.00000 4498.80143  6.88%   292  845s
 50707 15677 4736.70115   32  408 4831.00000 4498.80143  6.88%   292  850s
 50715 15682 4635.96915   45  424 4831.00000 4498.80143  6.88%   291  855s
 50729 15691 4598.34585   45  423 4831.00000 4498.80143  6.88%   291  860s
 50734 15695 4831.00000   36  426 4831.00000 4498.80143  6.88%   291  865s
 50742 15700 4604.34624   41  422 4831.00000 4498.80143  6.88%   291  870s
 50750 15705 4795.60511   33  428 4831.00000 4498.80143  6.88%   291  875s
 50756 15709 4672.15927   49  434 4831.00000 4498.80143  6.88%   291  880s
 50765 15724 4498.80143   31  346 4831.00000 4498.80143  6.88%   292  885s
 50811 15795 4498.80143   34  351 4831.00000 4498.80143  6.88%   292  892s
 50860 15815 4498.80143   35  340 4831.00000 4498.80143  6.88%   292  895s

Cutting planes:
  Gomory: 7
  Cover: 218
  Implied bound: 4
  Clique: 45
  MIR: 178
  Knapsack: 8
  StrongCG: 92
  Flow cover: 433
  GUB cover: 13
  Zero half: 106
  RLT: 28
  Relax-and-lift: 84

Explored 50935 nodes (14907426 simplex iterations) in 896.38 seconds (705.64 work units)
Thread count was 22 (of 22 available processors)

Solution count 7: 4831 4846 4921 ... 5296

Time limit reached
Best objective 4.831000000000e+03, best bound 4.499000000000e+03, gap 6.8723%

User-callback calls 264485, time in user-callback 0.94 sec
Set parameter LogToConsole to value 0
