
Gurobi 13.0.0 (linux64) logging started Fri Jan 16 03:02:28 2026

Set parameter LogFile to value "../experiments/network-n_50_s_2_rp_0-app_set-id_36_17_apps/submip_40_epr0_model_gurobi.log"
Set parameter TimeLimit to value 8.9625827590801055e+02
Gurobi Optimizer version 13.0.0 build v13.0.0rc1 (linux64 - "Ubuntu 24.04.3 LTS")

CPU model: Intel(R) Core(TM) Ultra 7 165H, instruction set [SSE2|AVX|AVX2]
Thread count: 22 physical cores, 22 logical processors, using up to 22 threads

Non-default parameters:
TimeLimit  8.9625827590801055e+02
LogToConsole  0

Academic license 2539022 - for non-commercial use only - registered to al___@studenti.unimi.it
Optimize a model with 23732 rows, 5500 columns and 54954 nonzeros (Min)
Model fingerprint: 0xc407456a
Model has 5500 linear objective coefficients
Model has 162 quadratic constraints
Variable types: 0 continuous, 5500 integer (5500 binary)
Coefficient statistics:
  Matrix range     [1e+00, 9e+02]
  QMatrix range    [5e+01, 2e+02]
  Objective range  [1e+01, 2e+02]
  Bounds range     [1e+00, 1e+00]
  RHS range        [1e+00, 1e+09]
  QRHS range       [1e+02, 6e+02]

MIP start from previous solve did not produce a new incumbent solution
MIP start from previous solve violates constraint fixed_app_13_microservice_6 by 1.000000000

Presolve removed 23361 rows and 4654 columns
Presolve time: 0.06s
Presolved: 5185 rows, 5514 columns, 32241 nonzeros
Variable types: 0 continuous, 5514 integer (5514 binary)

Root relaxation: objective 3.966364e+03, 1058 iterations, 0.05 seconds (0.08 work units)

    Nodes    |    Current Node    |     Objective Bounds      |     Work
 Expl Unexpl |  Obj  Depth IntInf | Incumbent    BestBd   Gap | It/Node Time

     0     0 3966.36449    0  130          - 3966.36449      -     -    0s
     0     0 4053.19399    0  159          - 4053.19399      -     -    0s
     0     0 4081.03034    0  195          - 4081.03034      -     -    0s
     0     0 4081.70442    0  200          - 4081.70442      -     -    0s
     0     0 4147.52873    0  197          - 4147.52873      -     -    1s
     0     0 4153.60653    0  217          - 4153.60653      -     -    1s
     0     0 4160.07600    0  223          - 4160.07600      -     -    1s
     0     0 4163.18799    0  224          - 4163.18799      -     -    1s
     0     0 4201.82909    0  226          - 4201.82909      -     -    1s
     0     0 4201.87109    0  224          - 4201.87109      -     -    1s
     0     0 4201.87109    0  213          - 4201.87109      -     -    1s
     0     2 4201.91353    0  210          - 4201.91353      -     -    2s
   331   358 4240.55079   18  196          - 4213.95033      -   125    5s
  1069   950 4328.33243   35  169          - 4217.63731      -   130   10s
  1756  1428 4514.96176   42  105          - 4222.76485      -   136   15s
  2269  1874 4349.29718   13  161          - 4235.84325      -   139   20s
  3490  2448 4569.40356   23  143          - 4236.60226      -   134   25s
  3554  2491 4558.40973   29  317          - 4292.34493      -   132   30s
  3605  2525 4362.60503   21  314          - 4317.99955      -   130   35s
  3669  2568 4327.63398   23  345          - 4327.63398      -   128   40s
  3719  2604 4342.30484   10  303          - 4332.99718      -   131   45s
  3837  2712 4377.77593   17  251          - 4351.37084      -   137   51s
  3963  2802 4407.31150   19  257          - 4351.37084      -   143   55s
  4135  2890 4438.15067   23  250          - 4351.37084      -   151   60s
  4268  2928 4447.39814   25  245          - 4353.97665      -   156   65s
  4431  2970 4503.13555   27  251          - 4359.84282      -   164   70s
  4596  3023 4562.91995   29  207          - 4359.84282      -   171   76s
  4759  3045 4522.23335   31  212          - 4363.16958      -   176   81s
  4960  3068 4790.78571   32  195          - 4365.50300      -   181   85s
  5213  3147 4568.72484   34  210          - 4366.47050      -   186   91s
  5408  3183 4592.02673   35  204          - 4366.47050      -   189   95s
  5519  3238 4624.45524   36  194          - 4372.73517      -   192  101s
  5649  3302 4632.56840   37  201          - 4372.73517      -   194  105s
  5960  3412 4495.70195   22  214          - 4373.85670      -   200  112s
  6372  3469 4637.03284   29  131          - 4378.15654      -   205  116s
  6774  3626 infeasible   43               - 4379.34381      -   210  121s
  7263  3722 4824.43316   25  138          - 4382.58917      -   215  126s
  7769  3704 4446.56986   23  209          - 4382.58917      -   221  132s
  8125  3805 4463.04264   22  220          - 4382.58917      -   224  137s
  8307  3885 4455.80337   25  224          - 4390.50178      -   226  140s
  8804  4029 4801.63228   42  136          - 4394.47994      -   230  146s
  9473  4154 4541.83979   31  186          - 4398.93870      -   233  152s
  9859  4188 4437.05437   23  247          - 4399.25550      -   235  156s
 10682  4370 4685.15336   36  146          - 4403.82103      -   238  163s
 11095  4235 4606.50685   27  156          - 4403.82103      -   240  166s
 11136  4234 4763.69039   26  136          - 4403.82103      -   241  170s
 11198  4247 4626.54064   28  134          - 4403.82103      -   242  177s
 11224  4272 infeasible   29               - 4404.23953      -   242  181s
 11310  4366 4628.62685   28  158          - 4404.23953      -   243  185s
 11874  4685 4806.79984   25  178          - 4406.53101      -   244  193s
 12161  4916 4983.38322   29  155          - 4406.53101      -   246  197s
 12733  5173 4533.37592   24  155          - 4414.38527      -   248  202s
 13290  5334 4486.52100   25  196          - 4415.98615      -   250  206s
 13758  5523 infeasible   28               - 4417.10200      -   251  211s
 14121  5731 infeasible   22               - 4419.32226      -   253  216s
H14243  5714                    5241.0000000 4422.89850  15.6%   253  216s
 14622  5979 infeasible   30      5241.00000 4423.60875  15.6%   253  221s
 15365  6112     cutoff   27      5241.00000 4429.08374  15.5%   252  226s
 15894  6323 infeasible   36      5241.00000 4429.26945  15.5%   255  232s
 16542  6514 4630.05542   24  231 5241.00000 4439.17809  15.3%   256  237s
 17255  6655 4639.32482   27  212 5241.00000 4443.24128  15.2%   257  243s
 17868  6832     cutoff   26      5241.00000 4448.12645  15.1%   258  249s
 18629  6983 4606.63351   21  223 5241.00000 4453.12659  15.0%   260  255s
 19447  7111 4723.16735   20  189 5241.00000 4458.82674  14.9%   261  261s
 20173  7258 4962.76892   32  164 5241.00000 4463.03217  14.8%   263  267s
 21071  7368 4592.84585   27  226 5241.00000 4467.89720  14.8%   263  274s
 21936  7514 4681.48281   23  220 5241.00000 4471.85506  14.7%   265  281s
 22818  7628 4700.89497   26  194 5241.00000 4478.14869  14.6%   266  288s
 23678  7785 4740.21356   26  133 5241.00000 4481.18586  14.5%   268  295s
 24590  7938 4687.08787   26  160 5241.00000 4488.86957  14.4%   269  304s
 25684  8027     cutoff   24      5241.00000 4494.96452  14.2%   271  311s
 26530  8129 4843.03087   22  203 5241.00000 4499.21646  14.2%   273  319s
H26550  8105                    5126.0000000 4499.21646  12.2%   273  319s
 27209  8174 4621.07842   27  175 5126.00000 4502.27917  12.2%   274  327s
 28380  8259 4740.40970   27  232 5126.00000 4508.43276  12.0%   275  335s
 29465  8303 4938.31951   24  175 5126.00000 4516.36494  11.9%   276  344s
 30407  8247 infeasible   26      5126.00000 4522.44274  11.8%   277  353s
 31487  8260 4872.81526   38  135 5126.00000 4532.31583  11.6%   279  362s
 32729  8246 4611.40032   23  259 5126.00000 4541.20321  11.4%   280  371s
 33944  8216 4872.80424   26  203 5126.00000 4551.38980  11.2%   282  381s
 35313  8183 infeasible   29      5126.00000 4562.25439  11.0%   283  391s
 36640  8018     cutoff   27      5126.00000 4574.22097  10.8%   285  402s
 38077  7895 4648.45436   29  202 5126.00000 4583.32158  10.6%   286  413s
 39568  7711 4964.54743   24  249 5126.00000 4596.02454  10.3%   287  424s
 41027  7541     cutoff   26      5126.00000 4607.00485  10.1%   289  437s
H41032  7531                    5115.0000000 4607.00485  9.93%   288  437s
H41045  7523                    5111.0000000 4607.00485  9.86%   289  437s
H41059  7519                    5096.0000000 4607.00485  9.60%   289  437s
H41159  7476                    5046.0000000 4609.06126  8.66%   289  437s
 41792  7137 infeasible   23      5046.00000 4613.88736  8.56%   289  450s
 43400  6663 4891.08123   26  230 5046.00000 4628.83178  8.27%   290  463s
 45198  6115     cutoff   28      5046.00000 4650.21364  7.84%   291  477s
H45645  6099                    5035.0000000 4651.00528  7.63%   291  477s
 47024  5332     cutoff   27      5035.00000 4665.67275  7.34%   291  491s
 48901  4263     cutoff   31      5035.00000 4691.60877  6.82%   292  505s
 51140  2960     cutoff   22      5035.00000 4723.17681  6.19%   292  519s
 53417  1472 infeasible   32      5035.00000 4765.29979  5.36%   290  528s
 55387     0 infeasible   21      5035.00000 4837.10745  3.93%   287  533s

Cutting planes:
  Gomory: 2
  Lift-and-project: 2
  Cover: 553
  Implied bound: 1
  Clique: 63
  MIR: 315
  Knapsack: 12
  StrongCG: 153
  Flow cover: 424
  GUB cover: 31
  Inf proof: 2
  Zero half: 107
  Mod-K: 4
  RLT: 73
  Relax-and-lift: 95
  BQP: 13

Explored 56961 nodes (16052650 simplex iterations) in 533.05 seconds (371.66 work units)
Thread count was 22 (of 22 available processors)

Solution count 7: 5035 5046 5096 ... 5241

Optimal solution found (tolerance 1.00e-04)
Best objective 5.035000000000e+03, best bound 5.035000000000e+03, gap 0.0000%

User-callback calls 182471, time in user-callback 0.50 sec
Set parameter LogToConsole to value 0
