FIXINGS_START
(0, 0, 0)
(0, 6, 0)
(1, 0, 0)
(2, 0, 0)
(2, 8, 0)
(3, 3, 0)
(4, 0, 0)
(5, 0, 0)
(5, 6, 0)
(7, 0, 0)
(8, 0, 0)
(9, 0, 0)
(10, 0, 0)
(10, 6, 0)
(11, 0, 0)
(11, 9, 0)
(12, 0, 0)
(12, 4, 0)
(13, 0, 0)
(13, 4, 0)
(14, 0, 0)
(15, 3, 0)
(16, 0, 0)
(16, 6, 0)
(16, 1, 19)
(5, 3, 0)
(5, 5, 0)
(12, 3, 0)
(11, 4, 0)
(14, 1, 7)
(6, 0, 0)
(10, 1, 0)
(14, 2, 27)
(7, 1, 22)
(16, 2, 0)
(11, 6, 0)
(11, 7, 27)
(10, 3, 0)
(13, 2, 0)
(4, 3, 0)
(7, 2, 0)
(4, 4, 0)
(16, 3, 0)
(9, 2, 0)
(10, 8, 0)
(3, 0, 0)
(3, 1, 0)
(12, 5, 31)
(10, 9, 0)
(0, 7, 0)
FIXINGS_END
found_sol 5296.0 time 205.256
found_sol 5169.0 time 272.819
found_sol 5049.0 time 700.916
found_sol 4962.0 time 700.919
found_sol 4921.0 time 772.323
found_sol 4846.0 time 783.673
found_sol 4831.0 time 788.198
found_sol 4831.0 time 896.381
time 896.400
GUROBI
Status TIME_LIMIT
Runtime 896.3993389606476
NodeCount 50935.0
IterCount 14907426.0
NumVars 5500
NumConstrs 23723
ObjBound 4499.0
ObjBoundC 4498.801432211138
ObjVal 4831.0
MIPGap 0.0687228317118609
