FIXINGS_START
(0, 0, 0)
(0, 6, 0)
(1, 0, 0)
(2, 0, 0)
(2, 8, 0)
(3, 3, 0)
(4, 0, 0)
(5, 0, 0)
(5, 6, 0)
(7, 0, 0)
(8, 0, 0)
(9, 0, 0)
(10, 0, 0)
(10, 6, 0)
(11, 0, 0)
(11, 9, 0)
(12, 0, 0)
(12, 4, 0)
(13, 0, 0)
(13, 4, 0)
(14, 0, 0)
(15, 3, 0)
(16, 0, 0)
(16, 6, 0)
(16, 1, 19)
(5, 3, 0)
(5, 5, 0)
(12, 3, 0)
(11, 4, 0)
(14, 1, 7)
(6, 0, 0)
(10, 1, 0)
(14, 2, 27)
(7, 1, 22)
(16, 2, 0)
(11, 6, 0)
(11, 7, 27)
(10, 3, 0)
(13, 2, 0)
(4, 3, 0)
(7, 2, 0)
(4, 4, 0)
(16, 3, 0)
(9, 2, 0)
(10, 8, 0)
(3, 0, 0)
(3, 1, 0)
(12, 5, 31)
(10, 9, 0)
(0, 7, 0)
(3, 2, 0)
(13, 6, 2)
(9, 4, 0)
(7, 4, 0)
(1, 1, 0)
(1, 2, 0)
(8, 1, 21)
(1, 4, 0)
(12, 6, 0)
FIXINGS_END
found_sol 5241.0 time 216.314
found_sol 5126.0 time 319.203
found_sol 5115.0 time 437.909
found_sol 5111.0 time 437.910
found_sol 5096.0 time 437.911
found_sol 5046.0 time 437.916
found_sol 5035.0 time 477.051
found_sol 5035.0 time 533.052
time 533.058
GUROBI
Status OPTIMAL
Runtime 533.0578601360321
NodeCount 56961.0
IterCount 16052650.0
NumVars 5500
NumConstrs 23732
ObjBound 5035.0
ObjBoundC 5035.0
ObjVal 5035.0
MIPGap 0.0
