FIXINGS_START
(0, 0, 0)
(0, 6, 0)
(1, 0, 0)
(2, 0, 0)
(2, 8, 0)
(3, 3, 0)
(4, 0, 0)
(5, 0, 0)
(5, 6, 0)
(7, 0, 0)
(8, 0, 0)
(9, 0, 0)
(10, 0, 0)
(10, 6, 0)
(11, 0, 0)
(11, 9, 0)
(12, 0, 0)
(12, 4, 0)
(13, 0, 0)
(13, 4, 0)
(14, 0, 0)
(15, 3, 0)
(16, 0, 0)
(16, 6, 0)
(2, 7, 29)
(16, 2, 0)
(13, 2, 0)
(15, 2, 0)
(4, 3, 0)
(7, 1, 22)
(7, 2, 0)
(7, 4, 0)
(7, 5, 26)
(1, 1, 0)
(3, 0, 0)
(1, 2, 0)
(12, 1, 0)
(1, 4, 0)
(12, 3, 0)
(16, 3, 0)
(6, 0, 0)
(4, 4, 0)
(12, 5, 3)
(14, 3, 0)
(5, 2, 24)
(16, 4, 0)
(0, 7, 0)
(3, 1, 0)
(13, 6, 2)
(1, 5, 0)
FIXINGS_END
found_sol 5070.0 time 91.652
found_sol 5051.0 time 111.384
found_sol 5021.0 time 121.615
found_sol 4998.0 time 124.176
found_sol 4995.0 time 124.187
found_sol 4945.0 time 142.322
found_sol 4904.0 time 192.615
found_sol 4902.0 time 212.210
found_sol 4879.0 time 330.449
found_sol 4874.0 time 339.816
found_sol 4821.0 time 436.413
found_sol 4821.0 time 703.161
found_sol 4821.0 time 850.857
time 850.866
GUROBI
Status TIME_LIMIT
Runtime 850.8657660484314
NodeCount 50047.0
IterCount 14068724.0
NumVars 5500
NumConstrs 23723
ObjBound 4493.0
ObjBoundC 4492.351372752875
ObjVal 4821.0
MIPGap 0.06803567724538477
