
Gurobi 13.0.0 (linux64) logging started Sat Jan  3 09:08:46 2026

Set parameter LogFile to value "../experiments/network-n_60_s_0_rp_0-app_set-id_56_23_apps/compact_model_gurobi.log"
Set parameter TimeLimit to value 900
Gurobi Optimizer version 13.0.0 build v13.0.0rc1 (linux64 - "Ubuntu 24.04.3 LTS")

CPU model: Intel(R) Core(TM) Ultra 7 165H, instruction set [SSE2|AVX|AVX2]
Thread count: 22 physical cores, 22 logical processors, using up to 22 threads

Non-default parameters:
TimeLimit  900
LogToConsole  0

Academic license 2539022 - for non-commercial use only - registered to al___@studenti.unimi.it
Optimize a model with 47825 rows, 9000 columns and 108271 nonzeros (Min)
Model fingerprint: 0x0c06ea66
Model has 9000 linear objective coefficients
Model has 200 quadratic constraints
Variable types: 0 continuous, 9000 integer (9000 binary)
Coefficient statistics:
  Matrix range     [1e+00, 9e+02]
  QMatrix range    [5e+01, 2e+02]
  Objective range  [1e+01, 2e+02]
  Bounds range     [1e+00, 1e+00]
  RHS range        [1e+00, 1e+09]
  QRHS range       [1e+02, 6e+02]
Presolve removed 45814 rows and 5224 columns
Presolve time: 0.57s
Presolved: 55597 rows, 57166 columns, 341708 nonzeros
Variable types: 0 continuous, 57166 integer (57166 binary)
Deterministic concurrent LP optimizer: primal and dual simplex
Showing primal log only...

Concurrent spin time: 0.07s

Solved with dual simplex

Root relaxation: objective 5.871131e+03, 4429 iterations, 1.54 seconds (1.78 work units)

    Nodes    |    Current Node    |     Objective Bounds      |     Work
 Expl Unexpl |  Obj  Depth IntInf | Incumbent    BestBd   Gap | It/Node Time

     0     0 5871.13098    0  446          - 5871.13098      -     -    3s
     0     0 5873.67220    0  437          - 5873.67220      -     -    3s
     0     0 5932.21431    0  493          - 5932.21431      -     -    7s
     0     0 5959.31496    0  493          - 5959.31496      -     -    8s
     0     0 5981.39808    0  533          - 5981.39808      -     -   10s
     0     0 5990.87194    0  587          - 5990.87194      -     -   10s
     0     0 5992.75531    0  562          - 5992.75531      -     -   11s
     0     0 5992.77700    0  567          - 5992.77700      -     -   11s
     0     0 6040.18123    0  603          - 6040.18123      -     -   16s
     0     0 6063.19495    0  679          - 6063.19495      -     -   18s
     0     0 6074.31680    0  734          - 6074.31680      -     -   20s
     0     0 6084.96555    0  689          - 6084.96555      -     -   21s
     0     0 6085.95780    0  753          - 6085.95780      -     -   22s
     0     0 6112.42612    0  662          - 6112.42612      -     -   28s
     0     0 6124.92825    0  683          - 6124.92825      -     -   30s
     0     0 6132.50026    0  718          - 6132.50026      -     -   32s
     0     0 6133.87361    0  758          - 6133.87361      -     -   33s
     0     0 6141.07211    0  767          - 6141.07211      -     -   35s
     0     0 6144.98505    0  709          - 6144.98505      -     -   37s
     0     0 6147.10620    0  676          - 6147.10620      -     -   39s
     0     0 6147.10844    0  671          - 6147.10844      -     -   39s
     0     0 6147.10844    0  661          - 6147.10844      -     -   39s
     0     2 6147.10859    0  659          - 6147.10859      -     -   44s
     1     5 6147.45402    1  649          - 6147.11215      -   172   46s
     7    16 6165.32870    3  585          - 6147.94896      -   808   50s
    31    54 6165.50890    5  611          - 6150.64141      -   695   56s
   110   144 6173.40244    8  583          - 6150.72660      -   411   63s
   143   179 6175.42310    9  580          - 6150.72660      -   413   65s
   220   261 6189.02559   14  535          - 6150.72660      -   405   73s
   260   297 6177.02631   14  534          - 6150.72660      -   400   76s
   296   319 6192.13980   15  606          - 6150.72660      -   413   80s
   355   389 6186.11641   18  639          - 6150.72660      -   406   86s
   410   434 6187.05734   21  638          - 6150.72660      -   390   92s
   456   482 6192.48105   22  619          - 6150.72660      -   383   97s
   481   505 6187.69947   23  569          - 6150.72660      -   380  100s
   527   553 6188.35245   25  577          - 6150.72660      -   368  105s
   576   599 6188.89802   27  593          - 6150.72660      -   356  110s
   626   663 6189.07828   29  598          - 6150.72660      -   343  116s
   662   695 6191.23208   30  571          - 6150.72660      -   336  120s
   722   759 6198.38168   31  575          - 6150.72660      -   352  129s
   758   781 6227.23451   31  550          - 6150.72660      -   362  133s
   780   814 6199.23018   32  584          - 6150.72660      -   379  137s
   813   873 6199.63855   33  578          - 6150.72660      -   391  141s
   872   934 6200.34096   34  594          - 6150.72660      -   386  145s
   933  1016 6200.44360   35  580          - 6150.72660      -   382  150s
  1105  1223 6204.12337   38  615          - 6150.72660      -   356  158s
  1222  1328 6205.15459   43  597          - 6150.72660      -   337  163s
  1334  1421 6207.03862   48  616          - 6150.72660      -   328  168s
  1427  1506 6209.02607   50  607          - 6150.72660      -   324  173s
  1514  1610 6210.53310   56  569          - 6150.72660      -   321  178s
  1620  1681 6211.94769   58  533          - 6150.72660      -   315  183s
  1694  1780 6213.84680   63  551          - 6150.72660      -   315  189s
  1796  1887 6213.91130   65  536          - 6150.72660      -   307  194s
  1909  1953 6215.92186   69  533          - 6150.72660      -   299  200s
  1977  2021 6216.06906   70  555          - 6150.72660      -   296  206s
  2046  2074 6219.99117   71  527          - 6150.72660      -   292  212s
  2100  2125 6217.03109   73  593          - 6150.72660      -   291  218s
  2151  2203 6217.05933   74  555          - 6150.72660      -   288  224s
  2229  2319 6217.72844   75  560          - 6150.72660      -   285  230s
  2345  2470 6218.89363   76  554          - 6150.72660      -   280  238s
  2500  2596 6220.84496   76  538          - 6150.72660      -   274  244s
  2628  2775 6221.76792   83  574          - 6150.72660      -   272  254s
  2811  2964 6226.97947   93  509          - 6150.72660      -   267  262s
  3010  3107 6236.71992  107  515          - 6150.72660      -   261  270s
  3163  3289 6246.37965  112  502          - 6150.72660      -   260  277s
  3359  3521 6247.58397  115  509          - 6150.72660      -   257  286s
  3611  3752 6252.21988  123  528          - 6150.72660      -   251  294s
  3848  3983 6257.58035  129  556          - 6150.72660      -   247  304s
  4093  4250 6261.49157  133  497          - 6150.72660      -   244  313s
  4390  4544 6266.76259  141  468          - 6150.72660      -   238  322s
  4708  4583 6274.60388  154  440          - 6150.72660      -   233  331s
  4749  4755 6276.18345  155  420          - 6150.72660      -   233  341s
  4926  5058 6282.87676  163  431          - 6150.72660      -   230  351s
  5241  5367 6289.52162  182  440          - 6150.72660      -   226  361s
  5564  5695 6348.23216  190  442          - 6150.72660      -   225  372s
  5931  6013 6377.62619  203  375          - 6150.72660      -   224  383s
  6277  6259 6433.35239  224  377          - 6151.21167      -   224  394s
  6535  6565 6504.31445  234  316          - 6151.21167      -   224  405s
  6850  6769 6587.51025  255  326          - 6151.21167      -   225  419s
  7087  7163 infeasible  281               - 6151.21167      -   225  432s
  7532  7532 6170.84253   19  655          - 6151.21167      -   221  444s
  7931  7972 6183.98327   30  624          - 6151.21167      -   221  457s
  8387  8258 6190.99188   40  595          - 6151.21167      -   220  472s
  8701  8692 6191.13450   41  585          - 6151.21167      -   222  486s
  9163  9127 6200.39235   60  550          - 6151.21167      -   223  501s
  9631  9617 6223.65153   59  519          - 6151.21167      -   221  516s
 10185 10100 6205.75723   65  547          - 6151.21167      -   220  531s
 10762 10145 6220.66192   73  527          - 6151.21167      -   220  550s
 10837 10483 6224.90010   74  520          - 6151.21167      -   220  568s
 11192 10923 6256.16374   75  502          - 6151.21167      -   219  585s
 11732 11300 6226.68606   75  505          - 6151.21167      -   219  603s
 12180 11301 6176.07204    7 26876          - 6151.21167      -   222  639s
 12182 11302 6305.65683  120  462          - 6151.21167      -   222  652s
 12183 11303 6770.74596  257  479          - 6151.21167      -   222  655s
 12185 11304 6205.98266  106  565          - 6151.21167      -   222  663s
 12186 11305 6325.04658  135  596          - 6151.21167      -   222  668s
 12187 11306 6332.62754  156  619          - 6151.21167      -   222  671s
 12188 11306 6534.76973  350  653          - 6151.21167      -   222  678s
 12189 11307 6290.56338  153  713          - 6151.21167      -   222  684s
 12190 11308 6224.90593   50  637          - 6154.98812      -   222  687s
 12193 11310 6745.33106  278  713          - 6156.10105      -   222  693s
 12194 11310 6282.99032  120  727          - 6159.28736      -   221  695s
 12196 11312 6240.31045   38  657          - 6174.58570      -   221  704s
 12197 11312 6448.73547  221  654          - 6176.37799      -   221  705s
 12200 11314 6377.36627  137  649          - 6184.45705      -   221  712s
 12203 11316 6206.73991    9  763          - 6187.15815      -   221  715s
 12208 11320 6564.67989  307  769          - 6191.64261      -   221  721s
 12214 11324 6390.41843  138  776          - 6192.00067      -   221  726s
 12215 11324 6393.64282  189  665          - 6198.14594      -   221  731s
 12217 11326 6213.16828  123  767          - 6203.71022      -   221  736s
 12219 11327 6289.77404  140  777          - 6212.83404      -   221  743s
 12221 11328 6520.79614  292  770          - 6217.14766      -   221  747s
 12222 11329 6237.67609   67  830          - 6219.55585      -   221  750s
 12229 11334 6410.10781  169  837          - 6220.58747      -   221  755s
 12233 11336 6227.41968   40  825          - 6227.41968      -   221  765s
 12235 11338 6231.44345   27  894          - 6231.44345      -   221  770s
 12238 11340 6242.13922   73  847          - 6234.50152      -   221  775s
 12243 11343 6571.78278  257  827          - 6239.09963      -   221  782s
 12246 11345 6239.91063   14  856          - 6239.91063      -   221  785s
 12254 11350 6432.01172  105  854          - 6240.84671      -   220  792s
 12255 11351 6438.39841  154  892          - 6244.52672      -   220  796s
 12257 11352 6248.65582   11  763          - 6248.65582      -   220  801s
 12259 11354 6250.65513   13  792          - 6250.65513      -   220  805s
 12264 11357 6373.18949  232  877          - 6253.64590      -   220  811s
 12268 11360 6273.18067  103  929          - 6254.55605      -   220  815s
 12275 11364 6254.97950   39  931          - 6254.97950      -   220  822s
 12277 11366 6716.10897  290  964          - 6257.25758      -   220  826s
 12281 11368 6258.87034   57  929          - 6258.87034      -   220  830s
 12286 11372 6325.04658  135  807          - 6260.28414      -   220  835s
 12294 11377 6282.99032  120  792          - 6260.53666      -   220  840s
 12297 11379 6448.73547  221  853          - 6262.34538      -   220  847s
 12300 11381 6377.36627  137  821          - 6263.22560      -   220  850s
 12304 11384 6329.28368  156  803          - 6264.96358      -   220  856s
 12309 11387 6333.06577  121  890          - 6265.45364      -   219  860s
 12316 11392 6689.86196  387  949          - 6265.64756      -   219  866s
 12318 11393 6270.86984  125  883          - 6266.71138      -   219  870s
 12322 11396 6267.83722   67  892          - 6267.83722      -   219  875s
 12327 11399 6268.65622   25  864          - 6268.65622      -   219  880s
 12334 11404 6456.90582  167  955          - 6268.80862      -   219  888s
 12335 11404 6270.15517   27  944          - 6270.15517      -   219  891s
 12337 11406 6508.42948  313  917          - 6271.59253      -   219  895s

Cutting planes:
  Gomory: 10
  Lift-and-project: 3
  Cover: 136
  Clique: 35
  MIR: 154
  Knapsack: 10
  StrongCG: 100
  Flow cover: 769
  GUB cover: 29
  Zero half: 92
  RLT: 180
  Relax-and-lift: 243
  BQP: 43

Explored 12343 nodes (2832935 simplex iterations) in 900.03 seconds (887.34 work units)
Thread count was 22 (of 22 available processors)

Solution count 0

Time limit reached
Best objective -, best bound 6.273000000000e+03, gap -

User-callback calls 119923, time in user-callback 0.84 sec
