
Gurobi 13.0.0 (linux64) logging started Sat Jan 17 16:01:42 2026

Set parameter LogFile to value "../experiments/network-n_60_s_0_rp_0-app_set-id_56_23_apps/submip_30_epr1_model_gurobi.log"
Set parameter TimeLimit to value 8.0150863506199676e+02
Gurobi Optimizer version 13.0.0 build v13.0.0rc1 (linux64 - "Ubuntu 24.04.3 LTS")

CPU model: Intel(R) Core(TM) Ultra 7 165H, instruction set [SSE2|AVX|AVX2]
Thread count: 22 physical cores, 22 logical processors, using up to 22 threads

Non-default parameters:
TimeLimit  8.0150863506199676e+02
LogToConsole  0

Academic license 2539022 - for non-commercial use only - registered to al___@studenti.unimi.it
Optimize a model with 47891 rows, 9000 columns and 108337 nonzeros (Min)
Model fingerprint: 0x73e3d460
Model has 9000 linear objective coefficients
Model has 200 quadratic constraints
Variable types: 0 continuous, 9000 integer (9000 binary)
Coefficient statistics:
  Matrix range     [1e+00, 9e+02]
  QMatrix range    [5e+01, 2e+02]
  Objective range  [1e+01, 2e+02]
  Bounds range     [1e+00, 1e+00]
  RHS range        [1e+00, 1e+09]
  QRHS range       [1e+02, 6e+02]
Presolve removed 47043 rows and 6793 columns
Presolve time: 0.22s
Presolved: 22749 rows, 23912 columns, 139138 nonzeros
Variable types: 0 continuous, 23912 integer (23912 binary)
Deterministic concurrent LP optimizer: primal and dual simplex
Showing primal log only...

Concurrent spin time: 0.07s

Solved with dual simplex

Root relaxation: objective 5.952832e+03, 3070 iterations, 0.74 seconds (0.56 work units)

    Nodes    |    Current Node    |     Objective Bounds      |     Work
 Expl Unexpl |  Obj  Depth IntInf | Incumbent    BestBd   Gap | It/Node Time

     0     0 5952.83158    0  273          - 5952.83158      -     -    1s
     0     0 5956.24034    0  277          - 5956.24034      -     -    1s
     0     0 5956.25728    0  276          - 5956.25728      -     -    1s
     0     0 6063.35067    0  331          - 6063.35067      -     -    3s
     0     0 6106.45232    0  348          - 6106.45232      -     -    3s
     0     0 6125.92855    0  386          - 6125.92855      -     -    4s
     0     0 6126.64014    0  378          - 6126.64014      -     -    4s
     0     0 6176.23728    0  396          - 6176.23728      -     -    6s
     0     0 6198.25550    0  379          - 6198.25550      -     -    7s
     0     0 6211.34149    0  426          - 6211.34149      -     -    7s
     0     0 6216.29716    0  429          - 6216.29716      -     -    8s
     0     0 6219.50157    0  487          - 6219.50157      -     -    9s
     0     0 6219.68754    0  494          - 6219.68754      -     -    9s
     0     0 6246.14925    0  429          - 6246.14925      -     -   10s
     0     0 6255.74314    0  443          - 6255.74314      -     -   11s
     0     0 6260.73233    0  491          - 6260.73233      -     -   11s
     0     0 6273.18420    0  469          - 6273.18420      -     -   13s
     0     0 6273.22800    0  465          - 6273.22800      -     -   14s
     0     0 6273.22800    0  448          - 6273.22800      -     -   14s
     0     2 6273.23677    0  436          - 6273.23677      -     -   16s
    31    54 6283.30790    5  452          - 6277.25290      -   508   20s
   249   272 6288.90451   12  437          - 6280.22649      -   289   25s
   347   349 6292.89980   15  401          - 6280.22649      -   289   30s
   400   403 6300.28584   17  412          - 6280.22649      -   295   36s
   451   453 6300.89435   18  408          - 6280.22649      -   305   42s
   480   485 6301.56464   19  403          - 6280.22649      -   301   45s
   546   544 6302.46081   20  422          - 6280.22649      -   290   51s
   607   607 6303.93711   22  404          - 6280.22649      -   289   57s
   644   639 6315.83498   22  396          - 6280.22649      -   286   61s
   717   719 6307.58012   24  405          - 6280.22649      -   283   67s
   816   828 6313.05167   30  395          - 6280.22649      -   281   71s
   963  1022 6315.54724   39  332          - 6280.22649      -   276   75s
  1190  1232 6320.39061   50  312          - 6280.22649      -   254   80s
  1426  1476 6326.37756   54  322          - 6280.22649      -   243   85s
  1692  1716 6337.01612   63  321          - 6280.22649      -   237   92s
  1797  1854 6337.75100   64  316          - 6280.22649      -   234   95s
  2091  2195 6337.96513   65  298          - 6280.22649      -   228  100s
  2535  2676 6344.82490   67  286          - 6282.91730      -   219  105s
  3138  3231 6394.58566   76  233          - 6283.96883      -   205  111s
  3768  3724 6395.60419   92  212          - 6284.02144      -   195  116s
  4379  4159 6458.35276  120  161          - 6284.02144      -   189  122s
  4633  4354 6537.30000  145  131          - 6288.80972      -   188  125s
  5138  4792 6327.95987   16  388          - 6288.80972      -   188  132s
  5379  5033 6346.78930   19  389          - 6288.80972      -   188  136s
  5980  5398 6350.25318   24  360          - 6288.80972      -   187  143s
  6105  5399 6448.96916   89 10271          - 6288.80972      -   188  150s
  6108  5401 6344.22119   32  341          - 6288.80972      -   188  155s
  6111  5403 6624.97263   98  431          - 6288.80972      -   188  160s
  6119  5408 6707.85643  107  512          - 6289.15297      -   187  166s
  6125  5412 6332.10891   42  506          - 6304.25829      -   187  170s
  6132  5417 6376.56212   75  530          - 6322.20570      -   187  175s
  6143  5424 6377.68522   38  513          - 6333.88530      -   187  180s
  6153  5431 6342.19944   19  527          - 6342.19944      -   186  185s
  6165  5439 6607.60694   82  541          - 6348.08209      -   186  190s
  6177  5447 6413.17368   34  507          - 6353.43960      -   186  195s
  6189  5455 6356.09386   20  577          - 6356.09386      -   185  200s
  6204  5465 6441.48827   81  564          - 6357.48987      -   185  205s
  6221  5476 6387.35263   26  584          - 6358.93119      -   184  210s
  6235  5486 6498.64563  135  606          - 6359.79213      -   184  215s
  6244  5492 6364.14720   13  575          - 6364.14720      -   184  220s
  6256  5500 6441.39480  108  584          - 6366.21909      -   183  225s
  6261  5503 6546.75932  137  572          - 6366.61262      -   183  230s
  6273  5511 6367.33212   30  527          - 6367.33212      -   183  235s
  6291  5523 6450.37672   70  610          - 6367.79615      -   182  241s
  6298  5528 6368.03734   13  633          - 6368.03734      -   182  245s
  6305  5532 6448.96916   89  604          - 6368.78291      -   182  251s
  6319  5542 6707.85643  107  663          - 6369.04802      -   181  255s
  6339  5555 6369.93701   31  663          - 6369.93701      -   181  260s
  6353  5564 6371.28866   19  660          - 6371.28866      -   180  265s
  6368  5574 6515.22841   84  666          - 6371.67065      -   180  270s
  6375  5579 6586.05911   89  661          - 6372.02890      -   180  275s
  6387  5587 6562.28699   89  649          - 6372.46932      -   179  280s
  6398  5594 6372.83684   13  671          - 6372.83684      -   179  285s
  6414  5605 6771.32162  100  659          - 6373.32045      -   179  290s
  6427  5614 6427.55637   54  639          - 6375.03109      -   178  295s
  6439  5622 6376.47627   31  675          - 6376.47627      -   178  300s
  6453  5631 6377.35013   19  659          - 6377.35013      -   178  305s
  6467  5640 6418.73724   76  661          - 6377.93058      -   177  310s
  6479  5648 6797.38412  124  679          - 6378.20558      -   177  315s
  6491  5656 6450.37672   70  606          - 6378.88844      -   177  320s
  6508  5668 6379.03339   32  680          - 6379.03339      -   176  325s
  6514  5673 6771.32162  100 10270          - 6379.03360      -   189  330s
  6517  5675 6787.12105  136  329          - 6379.03360      -   189  335s
  6520  5677 6379.03360   16  414          - 6379.03360      -   189  341s
  6522  5678 6537.44552  109  477          - 6380.35438      -   189  345s
  6526  5681 6383.75682   20  582          - 6383.75682      -   189  350s
  6539  5690 6383.75682   31  632          - 6383.75682      -   188  355s
  6552  5698 6383.75682   27  626          - 6383.75682      -   188  360s
  6566  5708 6383.75682   15  630          - 6383.75682      -   187  365s
  6579  5716 6797.38412  124  633          - 6383.75682      -   187  370s
  6589  5723 6383.75682   20  622          - 6383.75682      -   187  375s
  6602  5732 6481.21990   78  592          - 6383.75682      -   186  380s
  6616  5741 6383.75682    9  594          - 6383.75682      -   186  385s
  6625  5747 6383.75682   42  631          - 6383.75682      -   186  390s
  6642  5758 6482.83027   59  631          - 6383.93576      -   185  395s
  6651  5764 6632.19831   93  634          - 6384.18076      -   185  404s
  6652  5768 6384.33516   31  593          - 6384.33516      -   191  407s
  6654  5771 6385.32540   32  567          - 6385.32540      -   191  410s
  6666  5791 6387.38781   34  501          - 6386.88220      -   193  417s
  6682  5808 6388.17811   35  529          - 6387.39691      -   195  421s
  6704  5847 6388.53998   36  518          - 6388.18779      -   196  427s
  6750  5853 6399.97665   37  465          - 6388.18779      -   197  434s
  6772  5884 6390.38057   38  482          - 6388.18779      -   199  441s
  6810  5893 6390.75188   39  455          - 6388.18779      -   203  448s
  6832  5908 6407.47454   39  445          - 6388.18779      -   205  453s
  6854  5923 6390.97734   40  450          - 6388.18779      -   208  459s
  6876  5937 6398.35658   40  419          - 6388.18779      -   210  466s
  6898  5951 6396.68166   41  489          - 6388.18779      -   212  472s
  6921  5965 6392.85024   41  480          - 6388.18779      -   215  478s
  6943  5980 6393.31280   42  492          - 6388.18779      -   217  485s
  6965  5995 6416.98481   42  481          - 6388.18779      -   218  491s
  6987  6010 6393.41641   43  507          - 6388.18779      -   221  497s
  7010  6027 6404.96304   43  441          - 6388.18779      -   222  504s
  7034  6041 6393.49519   44  507          - 6388.18779      -   224  510s
  7056  6057 6414.26284   44  490          - 6388.18779      -   225  517s
  7080  6082 6393.96128   45  423          - 6388.18779      -   227  523s
  7113  6114 6438.53813   45  473          - 6388.18779      -   229  530s
  7156  6141 6398.62403   46  456          - 6388.18779      -   234  537s
  7197  6167 6397.99567   46  402          - 6388.18779      -   237  546s
  7237  6205 6400.13733   47  428          - 6388.18779      -   240  553s
  7288  6239 6403.26730   47  400          - 6388.18779      -   244  560s
  7339  6244 6405.34101   48  411          - 6388.18779      -   248  567s
  7361  6260 6404.16779   49  411          - 6388.18779      -   250  574s
  7384  6277 6424.42294   49  451          - 6388.18779      -   252  581s
  7409  6307 6407.65229   50  452          - 6388.18779      -   255  588s
  7447  6343 6422.03364   50  414          - 6388.18779      -   258  596s
  7498  6391 6407.85773   51  440          - 6388.18779      -   262  605s
  7565  6433 6440.01443   51  402          - 6388.18779      -   266  613s
  7629  6483 6457.76413   52  424          - 6388.18779      -   270  622s
  7701  6527 6409.96256   53  425          - 6388.18779      -   275  631s
  7769  6584 6433.80908   54  426          - 6388.18779      -   280  641s
  7848  6648 6416.10883   56  385          - 6388.18779      -   286  650s
  7941  6639 6415.20606   58  417          - 6388.18779      -   290  660s
  7963  6664 6435.03788   58  391          - 6388.18779      -   291  670s
  7995  6690 6416.42922   59  428          - 6388.18779      -   293  681s
  8033  6755 6496.00139   59  432          - 6388.18779      -   296  692s
  8122  6811 6417.34049   61  428          - 6388.18779      -   300  703s
  8214  6880 6420.35447   62  374          - 6392.19933      -   307  715s
  8318  6949 6422.90338   64  411          - 6392.19933      -   313  728s
  8427  7032 6424.36920   65  409          - 6392.19933      -   320  741s
  8554  7128 6424.82562   67  408          - 6392.19933      -   326  754s
  8695  7215 6426.08527   70  362          - 6392.19933      -   331  767s
  8845  7326 6438.08258   72  406          - 6392.19933      -   335  781s
  9030  7439 6454.36234   74  317          - 6392.78805      -   339  795s
  9229  7506 infeasible   77               - 6392.78805      -   341  801s

Cutting planes:
  Gomory: 12
  Lift-and-project: 1
  Cover: 86
  Clique: 31
  MIR: 163
  Knapsack: 10
  StrongCG: 72
  Flow cover: 300
  GUB cover: 17
  Zero half: 32
  Mod-K: 5
  RLT: 58
  Relax-and-lift: 24
  BQP: 5
  PSD: 2

Explored 9378 nodes (3220274 simplex iterations) in 801.54 seconds (766.76 work units)
Thread count was 22 (of 22 available processors)

Solution count 0

Time limit reached
Best objective -, best bound 6.393000000000e+03, gap -

User-callback calls 143422, time in user-callback 0.93 sec
Set parameter LogToConsole to value 0
