
Gurobi 13.0.0 (linux64) logging started Sun Jan  4 05:29:38 2026

Set parameter LogFile to value "../experiments/network-n_60_s_2_rp_0-app_set-id_51_22_apps/compact_model_gurobi.log"
Set parameter TimeLimit to value 900
Gurobi Optimizer version 13.0.0 build v13.0.0rc1 (linux64 - "Ubuntu 24.04.3 LTS")

CPU model: Intel(R) Core(TM) Ultra 7 165H, instruction set [SSE2|AVX|AVX2]
Thread count: 22 physical cores, 22 logical processors, using up to 22 threads

Non-default parameters:
TimeLimit  900
LogToConsole  0

Academic license 2539022 - for non-commercial use only - registered to al___@studenti.unimi.it
Optimize a model with 69881 rows, 8580 columns and 152204 nonzeros (Min)
Model fingerprint: 0x1ed722d7
Model has 8580 linear objective coefficients
Model has 190 quadratic constraints
Variable types: 0 continuous, 8580 integer (8580 binary)
Coefficient statistics:
  Matrix range     [1e+00, 9e+02]
  QMatrix range    [5e+01, 2e+02]
  Objective range  [1e+01, 2e+02]
  Bounds range     [1e+00, 1e+00]
  RHS range        [1e+00, 1e+09]
  QRHS range       [1e+02, 6e+02]
Presolve removed 66660 rows and 4477 columns
Presolve time: 0.24s
Presolved: 72434 rows, 73128 columns, 460747 nonzeros
Variable types: 0 continuous, 73128 integer (73128 binary)
Performing another presolve...
Presolve removed 3943 rows and 3892 columns
Presolve time: 1.30s
Deterministic concurrent LP optimizer: primal and dual simplex
Showing primal log only...

Concurrent spin time: 0.61s (can be avoided by choosing Method=3)

Solved with dual simplex

Root relaxation: objective 4.227006e+03, 3013 iterations, 1.54 seconds (1.43 work units)

    Nodes    |    Current Node    |     Objective Bounds      |     Work
 Expl Unexpl |  Obj  Depth IntInf | Incumbent    BestBd   Gap | It/Node Time

     0     0 4227.00640    0  372          - 4227.00640      -     -    3s
     0     0 4229.54028    0  396          - 4229.54028      -     -    4s
     0     0 4231.28663    0  385          - 4231.28663      -     -    4s
     0     0 4231.42531    0  366          - 4231.42531      -     -    4s
     0     0 4273.04915    0  380          - 4273.04915      -     -    6s
     0     0 4305.73375    0  489          - 4305.73375      -     -    8s
     0     0 4305.94881    0  463          - 4305.94881      -     -    8s
     0     0 4307.68327    0  458          - 4307.68327      -     -    9s
     0     0 4307.68464    0  467          - 4307.68464      -     -    9s
     0     0 4318.86519    0  424          - 4318.86519      -     -   11s
     0     0 4330.81561    0  393          - 4330.81561      -     -   13s
     0     0 4335.47336    0  376          - 4335.47336      -     -   13s
     0     0 4335.92305    0  423          - 4335.92305      -     -   14s
     0     0 4351.06152    0  455          - 4351.06152      -     -   18s
     0     0 4352.55535    0  369          - 4352.55535      -     -   19s
     0     0 4354.92640    0  408          - 4354.92640      -     -   20s
     0     0 4356.57355    0  434          - 4356.57355      -     -   21s
     0     0 4356.99119    0  372          - 4356.99119      -     -   21s
     0     0 4357.47841    0  387          - 4357.47841      -     -   22s
     0     0 4357.88448    0  481          - 4357.88448      -     -   22s
     0     0 4358.46609    0  393          - 4358.46609      -     -   23s
     0     0 4358.60176    0  386          - 4358.60176      -     -   23s
     0     0 4358.60176    0  373          - 4358.60176      -     -   23s
     0     2 4358.73272    0  371          - 4358.73272      -     -   29s
     3     6 4358.73272    2  427          - 4358.73272      -   250   30s
    37    54 4360.24971    6  426          - 4359.81667      -   323   35s
   149   182 4361.45173    9  425          - 4360.25364      -   250   40s
   270   299 4364.19495   12  451          - 4360.25364      -   251   46s
   386   410 4365.71308   15  404          - 4360.25364      -   243   50s
   490   506 4366.22697   18  359          - 4360.25364      -   239   55s
H  548   553                    4775.0000000 4360.25364  8.69%   237   59s
   571   597 4367.83341   22  341 4775.00000 4360.25364  8.69%   237   60s
H  642   645                    4749.0000000 4360.25364  8.19%   231   64s
   669   698 4369.54626   25  379 4749.00000 4360.25364  8.19%   229   66s
   746   743 4423.11854   26  381 4749.00000 4360.25364  8.19%   223   70s
H  761   743                    4734.0000000 4360.25364  7.89%   223   70s
H  765   743                    4716.0000000 4360.25364  7.54%   223   70s
H  841   858                    4715.0000000 4360.25364  7.52%   218   74s
H  847   858                    4701.0000000 4360.25364  7.25%   219   74s
   887   917 4371.83916   33  362 4701.00000 4360.25364  7.25%   219   76s
   971   964 4374.50454   35  324 4701.00000 4360.25364  7.25%   221   81s
H  995   986                    4696.0000000 4360.25364  7.15%   220   83s
H 1006   986                    4689.0000000 4360.25364  7.01%   220   83s
  1015  1060 4373.97551   36  341 4689.00000 4360.25364  7.01%   220   85s
H 1119  1131                    4669.0000000 4360.25364  6.61%   219   88s
  1162  1197 4377.51651   39  308 4669.00000 4360.25364  6.61%   218   90s
H 1194  1197                    4653.0000000 4360.25364  6.29%   218   90s
  1317  1369 4378.44728   41  286 4653.00000 4360.25364  6.29%   214   95s
H 1360  1369                    4611.0000000 4360.25364  5.44%   214   95s
  1514  1581 4380.21558   48  333 4611.00000 4360.25364  5.44%   207  100s
H 1559  1581                    4606.0000000 4360.25364  5.34%   206  100s
H 1578  1581                    4593.0000000 4360.25364  5.07%   205  100s
H 1649  1673                    4588.0000000 4360.25364  4.96%   203  103s
  1726  1693 4388.36194   53  333 4588.00000 4360.25364  4.96%   200  106s
  1773  1741 4390.75526   57  285 4588.00000 4360.25364  4.96%   204  112s
H 1790  1730                    4581.0000000 4360.25364  4.82%   206  112s
  1797  1836 4392.62410   60  284 4581.00000 4360.25364  4.82%   206  115s
H 1811  1831                    4576.0000000 4360.25364  4.71%   207  115s
H 1820  1826                    4574.0000000 4360.25364  4.67%   207  115s
H 1928  1941                    4565.0000000 4360.25364  4.49%   203  118s
  2026  2063 4395.55255   65  267 4565.00000 4360.25364  4.49%   200  121s
  2171  2160 4398.59846   73  254 4565.00000 4360.25364  4.49%   196  125s
H 2221  2158                    4564.0000000 4360.25364  4.46%   197  125s
  2384  2313 4413.33778   79  209 4564.00000 4361.64371  4.43%   195  133s
  2477  2417 4405.65222   79  233 4564.00000 4361.72367  4.43%   199  136s
H 2537  2413                    4559.0000000 4361.72367  4.33%   201  136s
H 2538  2412                    4558.0000000 4361.72367  4.31%   201  136s
  2583  2518 4406.44060   80  269 4558.00000 4361.72367  4.31%   200  140s
  2818  2760 4412.47345   86  275 4558.00000 4361.72367  4.31%   207  148s
  2982  2831 4431.75964   99  294 4558.00000 4362.01503  4.30%   205  152s
  3072  2930 4432.43136  100  294 4558.00000 4362.01503  4.30%   212  156s
  3215  3066 4441.05200  108  240 4558.00000 4362.01503  4.30%   214  161s
  3381  3164 infeasible  112      4558.00000 4362.01503  4.30%   215  165s
  3524  3305 4512.45911  123  237 4558.00000 4362.01503  4.30%   217  170s
  3718  3323 4523.04959  141  201 4558.00000 4362.22546  4.30%   216  177s
  3744  3349 4520.69620  142  220 4558.00000 4362.22546  4.30%   219  183s
  3776  3371 4520.80984  143  204 4558.00000 4362.22546  4.30%   220  188s
H 3799  3302                    4534.0000000 4362.22546  3.79%   221  188s
  3802  3411 4531.80230  144  220 4534.00000 4362.22546  3.79%   221  193s
  3963  3490 4377.11538   10  351 4534.00000 4362.22546  3.79%   224  200s
H 3973  3467                    4529.0000000 4362.22546  3.68%   224  200s
  4085  3468 4414.52031   95 30011 4529.00000 4362.22546  3.68%   226  236s
  4087  3469 4381.45730   50  392 4529.00000 4362.22546  3.68%   226  247s
  4088  3470 4432.08270   63  411 4529.00000 4362.22546  3.68%   226  252s
  4089  3471 4494.89895  112  363 4529.00000 4362.22546  3.68%   226  255s
  4093  3473 4376.50910   36  375 4529.00000 4368.41279  3.55%   225  260s
  4101  3479 4409.39531   17  406 4529.00000 4372.11656  3.46%   225  266s
  4110  3485 4392.03476   48  436 4529.00000 4373.42349  3.44%   225  270s
  4118  3490 4383.57961   35  503 4529.00000 4376.45265  3.37%   224  275s
  4124  3494 4391.59427   66  430 4529.00000 4378.11148  3.33%   224  280s
  4130  3498 4401.10588   50  476 4529.00000 4379.71596  3.30%   223  285s
  4142  3506 4380.47615   14  467 4529.00000 4380.47615  3.28%   223  290s
  4148  3510 4504.27249  103  474 4529.00000 4381.18962  3.26%   222  296s
  4159  3517 4526.81929   68  465 4529.00000 4381.87818  3.25%   222  301s
  4165  3521 4448.07712  150  440 4529.00000 4383.42495  3.21%   222  306s
  4171  3525 4383.84513   12  420 4529.00000 4383.84513  3.21%   221  310s
  4181  3532 4504.95542  113  459 4529.00000 4384.66103  3.19%   221  315s
  4193  3540 4385.22834   36  466 4529.00000 4385.22834  3.17%   220  321s
  4199  3544 4385.40940   46  483 4529.00000 4385.40940  3.17%   220  325s
  4209  3551 4403.03483   12  504 4529.00000 4385.95141  3.16%   219  331s
  4216  3555 4438.25888   99  480 4529.00000 4386.47544  3.15%   219  335s
  4223  3560 4519.88783  141  504 4529.00000 4386.83951  3.14%   219  340s
  4230  3565 4401.10588   50  573 4529.00000 4386.91943  3.14%   218  345s
  4234  3567 4386.91943   12  576 4529.00000 4386.91943  3.14%   218  350s
  4238  3571 4471.14447   55 29132 4529.00000 4386.91943  3.14%   228  371s
  4240  3572 4386.91943   17  408 4529.00000 4386.91943  3.14%   228  380s
  4242  3574 4386.91943   14  414 4529.00000 4386.91943  3.14%   227  386s
  4243  3574 4386.91943   14  368 4529.00000 4386.91943  3.14%   227  390s
  4246  3576 4387.39200   32  477 4529.00000 4387.39200  3.13%   227  397s
  4250  3579 4425.71633  103  492 4529.00000 4387.39200  3.13%   227  400s
  4259  3585 4526.81929   68  521 4529.00000 4387.39200  3.13%   227  406s
  4263  3588 4405.42266   19  532 4529.00000 4387.39200  3.13%   226  410s
  4269  3592 4504.98092   72  536 4529.00000 4388.16285  3.11%   226  415s
  4277  3597 4478.56576   75  540 4529.00000 4388.96588  3.09%   226  420s
  4284  3602 4463.01547   35  550 4529.00000 4389.47048  3.08%   225  427s
  4289  3605 4494.89895  112  562 4529.00000 4389.66852  3.08%   225  430s
  4296  3610 4425.66830   62  517 4529.00000 4390.78753  3.05%   225  436s
  4302  3614 4392.29251   44  501 4529.00000 4392.29251  3.02%   224  440s
  4311  3620 4411.70683   31  525 4529.00000 4392.55294  3.01%   224  445s
  4319  3625 4392.92273    6  555 4529.00000 4392.92273  3.00%   223  451s
  4322  3627 4404.40816   26  519 4529.00000 4393.07601  3.00%   223  455s
  4326  3630 4393.30009   45  574 4529.00000 4393.30009  3.00%   223  460s
  4333  3634 4395.98288   63  567 4529.00000 4393.90560  2.98%   223  465s
  4340  3639 4394.07403   17  552 4529.00000 4394.07403  2.98%   222  470s
  4346  3643 4394.40096   32  552 4529.00000 4394.40096  2.97%   222  475s
  4352  3647 4394.48150   46  527 4529.00000 4394.48150  2.97%   222  480s
  4359  3652 4526.81929   68  535 4529.00000 4394.67613  2.97%   221  485s
  4365  3656 4448.07712  150  513 4529.00000 4394.72432  2.96%   221  490s
  4374  3662 4417.48564   86  507 4529.00000 4394.85166  2.96%   221  495s
  4378  3664 4404.45944   56  512 4529.00000 4394.85184  2.96%   220  500s
  4381  3666 4504.95542  113  509 4529.00000 4394.85184  2.96%   220  507s
  4382  3667 4520.61378  113  513 4529.00000 4395.01592  2.96%   220  510s
  4384  3668 4463.01547   35  511 4529.00000 4395.01820  2.96%   220  518s
  4385  3672 4395.39384   28  480 4529.00000 4395.39384  2.95%   230  525s
  4387  3675 4396.53487   29  485 4529.00000 4396.53487  2.92%   231  531s
  4391  3682 4396.84012   30  510 4529.00000 4396.55823  2.92%   231  538s
  4399  3695 4397.05378   31  519 4529.00000 4396.84210  2.92%   233  550s
  4415  3712 4397.98603   32  550 4529.00000 4397.05841  2.91%   236  560s
  4437  3746 4439.98893   33  494 4529.00000 4397.98734  2.89%   242  575s
  4480  3777 4440.18795   34  503 4529.00000 4397.98734  2.89%   248  587s
H 4519  3578                    4525.0000000 4397.98734  2.81%   252  587s
  4532  3609 4441.32309   35  444 4525.00000 4397.98734  2.81%   252  596s
  4581  3618 4449.39502   35  415 4525.00000 4397.98734  2.81%   257  606s
H 4592  3437                    4522.0000000 4397.98734  2.74%   258  606s
  4614  3458 4441.52272   36  439 4522.00000 4397.98734  2.74%   260  617s
  4657  3467 4443.63703   37  457 4522.00000 4397.98734  2.74%   264  628s
  4698  3482 4489.54325   37  424 4522.00000 4397.98734  2.74%   268  636s
  4740  3498 4445.32992   38  476 4522.00000 4397.98734  2.74%   271  643s
  4785  3518 4443.78424   38  409 4522.00000 4397.98734  2.74%   272  651s
  4831  3535 4450.75665   39  377 4522.00000 4397.98734  2.74%   274  658s
  4881  3547 4446.39608   40  474 4522.00000 4399.26073  2.71%   277  666s
  4929  3564 4446.66293   41  441 4522.00000 4399.26333  2.71%   279  676s
  4984  3573 4450.54676   42  330 4522.00000 4399.42589  2.71%   282  683s
  5024  3579 4450.85151   43  359 4522.00000 4399.42589  2.71%   285  689s
H 5025  3411                    4518.0000000 4399.42589  2.62%   285  689s
  5049  3435 4453.26357   43  345 4518.00000 4400.67381  2.60%   286  702s
  5103  3444 4455.50865   44  346 4518.00000 4400.67381  2.60%   289  710s
  5143  3459 4455.63747   45  346 4518.00000 4400.67381  2.60%   291  722s
  5194  3468 4456.29013   46  346 4518.00000 4400.67381  2.60%   294  732s
  5250  3496 4459.75866   47  317 4518.00000 4400.67381  2.60%   297  743s
  5306  3521 4483.42559   48  399 4518.00000 4400.67381  2.60%   299  754s
  5366  3543 4487.28640   49  321 4518.00000 4400.67381  2.60%   301  766s
  5438  3562 4463.97471   50  376 4518.00000 4405.41768  2.49%   303  778s
  5503  3595 4466.76704   51  390 4518.00000 4405.41768  2.49%   306  794s
  5574  3635 4469.15960   52  424 4518.00000 4405.41768  2.49%   308  806s
  5642  3663 4469.06661   54  359 4518.00000 4405.41768  2.49%   310  821s
  5721  3687     cutoff   55      4518.00000 4405.41768  2.49%   312  836s
  5809  3721 4473.23399   56  292 4518.00000 4418.06797  2.21%   315  850s
  5893  3770 infeasible   57      4518.00000 4418.06797  2.21%   316  865s
  5994  3784 4502.93668   59  274 4518.00000 4421.74942  2.13%   316  878s
  6045  3834 4503.51523   61  291 4518.00000 4421.74942  2.13%   317  894s
  6141  3817 4509.74608   65  259 4518.00000 4423.60461  2.09%   317  900s

Cutting planes:
  Gomory: 13
  Lift-and-project: 1
  Cover: 182
  Clique: 38
  MIR: 259
  Knapsack: 7
  StrongCG: 156
  Flow cover: 434
  GUB cover: 24
  Zero half: 72
  RLT: 173
  Relax-and-lift: 260
  BQP: 109

Explored 6204 nodes (1981258 simplex iterations) in 900.05 seconds (1081.51 work units)
Thread count was 22 (of 22 available processors)

Solution count 10: 4518 4522 4525 ... 4574

Time limit reached
Best objective 4.518000000000e+03, best bound 4.424000000000e+03, gap 2.0806%

User-callback calls 127092, time in user-callback 0.59 sec
