
Gurobi 13.0.0 (linux64) logging started Fri Jan  2 16:02:54 2026

Set parameter LogFile to value "../experiments/network-n_50_s_1_rp_0-app_set-id_51_22_apps/compact_model_gurobi.log"
Set parameter TimeLimit to value 900
Gurobi Optimizer version 13.0.0 build v13.0.0rc1 (linux64 - "Ubuntu 24.04.3 LTS")

CPU model: Intel(R) Core(TM) Ultra 7 165H, instruction set [SSE2|AVX|AVX2]
Thread count: 22 physical cores, 22 logical processors, using up to 22 threads

Non-default parameters:
TimeLimit  900
LogToConsole  0

Academic license 2539022 - for non-commercial use only - registered to al___@studenti.unimi.it
Optimize a model with 54777 rows, 7150 columns and 119940 nonzeros (Min)
Model fingerprint: 0x878b8ea6
Model has 7150 linear objective coefficients
Model has 164 quadratic constraints
Variable types: 0 continuous, 7150 integer (7150 binary)
Coefficient statistics:
  Matrix range     [1e+00, 9e+02]
  QMatrix range    [5e+01, 2e+02]
  Objective range  [1e+01, 2e+02]
  Bounds range     [1e+00, 1e+00]
  RHS range        [1e+00, 1e+09]
  QRHS range       [1e+02, 6e+02]
Presolve removed 52675 rows and 3974 columns
Presolve time: 0.52s
Presolved: 41341 rows, 42251 columns, 261886 nonzeros
Variable types: 0 continuous, 42251 integer (42251 binary)
Deterministic concurrent LP optimizer: primal and dual simplex
Showing primal log only...

Concurrent spin time: 0.00s

Solved with dual simplex

Root relaxation: objective 4.517367e+03, 2793 iterations, 0.91 seconds (1.02 work units)

    Nodes    |    Current Node    |     Objective Bounds      |     Work
 Expl Unexpl |  Obj  Depth IntInf | Incumbent    BestBd   Gap | It/Node Time

     0     0 4517.36654    0  356          - 4517.36654      -     -    2s
     0     0 4517.82826    0  367          - 4517.82826      -     -    2s
     0     0 4601.93303    0  558          - 4601.93303      -     -    6s
     0     0 4662.05635    0  637          - 4662.05635      -     -    7s
     0     0 4677.63659    0  669          - 4677.63659      -     -    9s
     0     0 4678.54558    0  730          - 4678.54558      -     -   10s
     0     0 4679.23577    0  735          - 4679.23577      -     -   10s
     0     0 4679.25660    0  741          - 4679.25660      -     -   10s
     0     0 4891.94354    0  635          - 4891.94354      -     -   14s
     0     0 4988.76545    0  578          - 4988.76545      -     -   15s
     0     0 5014.77966    0  568          - 5014.77966      -     -   17s
     0     0 5026.37401    0  571          - 5026.37401      -     -   19s
     0     0 5028.97221    0  607          - 5028.97221      -     -   20s
     0     0 5086.14848    0  593          - 5086.14848      -     -   24s
     0     0 5144.13682    0  561          - 5144.13682      -     -   27s
     0     0 5161.22266    0  597          - 5161.22266      -     -   28s
     0     0 5167.93154    0  663          - 5167.93154      -     -   30s
     0     0 5216.20431    0  562          - 5216.20431      -     -   33s
     0     0 5231.02395    0  592          - 5231.02395      -     -   35s
     0     0 5239.24830    0  573          - 5239.24830      -     -   36s
     0     0 5249.88393    0  513          - 5249.88393      -     -   38s
     0     0 5255.30459    0  547          - 5255.30459      -     -   39s
     0     0 5257.53062    0  558          - 5257.53062      -     -   40s
     0     0 5257.57292    0  548          - 5257.57292      -     -   40s
     0     0 5257.57292    0  540          - 5257.57292      -     -   41s
     0     2 5257.58513    0  538          - 5257.58513      -     -   44s
     3     8 5259.99036    2  515          - 5258.17505      -   243   45s
    31    54 5262.81288    5  530          - 5261.17003      -   484   52s
    53    89 5265.59948    6  489          - 5262.42092      -   618   55s
   126   159 5275.54306    8  463          - 5262.42092      -   545   61s
   196   239 5280.19519   11  460          - 5262.42092      -   555   66s
   300   315 5282.06181   15  440          - 5262.42092      -   473   71s
   350   366 5282.22734   17  449          - 5262.42092      -   459   77s
   412   422 5283.29449   19  438          - 5262.42092      -   429   82s
   464   468 5288.48658   20  422          - 5262.42092      -   428   87s
   519   520 5289.03753   22  436          - 5262.42092      -   434   91s
   563   563 5289.53295   24  443          - 5262.42092      -   429   95s
   609   605 5291.61790   26  436          - 5262.42092      -   420  100s
   653   644 5293.37288   28  441          - 5262.42092      -   413  105s
   698   693 5311.92172   29  437          - 5262.42092      -   411  110s
   768   785 5298.72348   31  473          - 5262.42092      -   394  116s
   872   869 5301.76764   34  431          - 5262.42092      -   369  122s
   910   917 5302.44875   39  431          - 5262.42092      -   367  126s
   995   991 5304.49701   41  425          - 5262.42092      -   363  133s
  1034  1013 5304.51105   42  422          - 5262.42092      -   359  136s
  1081  1057 5310.63889   44  430          - 5262.42092      -   361  143s
  1104  1080 5331.20840   44  419          - 5262.42092      -   362  147s
  1127  1111 5316.69821   45  508          - 5262.42092      -   361  151s
  1196  1211 5321.69087   46  426          - 5262.42092      -   357  158s
  1258  1279 5323.05095   47  422          - 5262.42092      -   351  163s
  1326  1357 5323.92989   48  423          - 5262.42092      -   348  167s
  1406  1430 5346.35219   49  406          - 5262.42092      -   345  172s
  1487  1530 5348.17286   51  385          - 5262.42092      -   348  176s
  1598  1653 5349.36578   58  397          - 5262.42092      -   346  181s
  1721  1777 5359.91428   65  419          - 5262.42092      -   344  185s
  1850  1930 5364.00084   73  409          - 5262.42092      -   343  190s
  2011  2090 5369.08432   77  401          - 5262.42092      -   337  195s
  2180  2284 5375.36625   82  397          - 5262.42092      -   333  200s
  2379  2342 5381.12667   88  361          - 5262.42092      -   324  209s
  2437  2364 5428.29550   91  362          - 5262.42092      -   323  215s
  2459  2385 5385.64393   92  353          - 5262.42092      -   323  221s
  2482  2407 5385.72131   93  352          - 5262.42092      -   322  227s
  2504  2428 5385.95085   94  360          - 5262.42092      -   322  234s
  2526  2462 5385.97959   95  359          - 5262.42092      -   322  241s
  2560  2495 5387.54699   96  401          - 5262.42092      -   321  248s
  2593  2551 5398.19821   96  353          - 5262.42092      -   321  256s
  2655  2630 5387.57101   97  399          - 5262.42092      -   320  262s
  2736  2774 5388.50970   98  426          - 5262.42092      -   319  269s
  2884  2986 5393.28719  103  394          - 5262.42092      -   315  278s
  3102  3219 5411.87642  112  359          - 5262.42092      -   311  285s
  3339  3474 5428.99628  124  309          - 5262.42092      -   310  291s
  3615  3791 5475.68817  139  269          - 5262.42092      -   308  299s
  3944  4198 5506.09789  159  262          - 5262.42092      -   304  306s
  4383  4435 5536.79119  190  241          - 5262.42092      -   293  313s
  4702  4511 5558.33655  204  249          - 5262.81445      -   293  321s
  4804  4645 5590.72230  205  280          - 5262.81445      -   296  329s
  4962  4771 5582.39622  205  254          - 5262.81445      -   298  337s
  5140  4926 5584.29441  206  242          - 5266.64438      -   301  346s
  5318  5114 5610.06299  207  248          - 5266.64438      -   305  354s
  5559  5325 infeasible  223               - 5266.64438      -   309  363s
  5836  5587 5376.60806   10  495          - 5266.64438      -   312  372s
  6162  5869 5408.47624   19  512          - 5266.64438      -   313  382s
  6493  6105 5451.31677   24  456          - 5266.85706      -   314  392s
  6790  6391 5465.90012   33  477          - 5266.85706      -   316  402s
  7146  6672 5519.35440   40  432          - 5266.85706      -   316  412s
  7514  6935 5487.78891   42  444          - 5266.85706      -   317  423s
  7882  6936 5332.17951   59 18376          - 5267.00075      -   318  436s
  7884  6937 5497.29589   69  426          - 5267.00075      -   318  444s
  7885  6938 5822.56637  176  478          - 5267.00075      -   318  447s
  7886  6939 5462.10108   41  671          - 5267.00075      -   318  457s
  7887  6939 5734.12084  213  670          - 5267.00075      -   318  464s
  7888  6940 5423.12917   99  631          - 5267.00075      -   318  474s
  7889  6941 5516.23434  144  595          - 5267.00075      -   318  485s
  7890  6941 5435.49998   81  619          - 5267.00075      -   317  495s
  7895  6945 5821.12362   99  629          - 5267.00075      -   317  502s
  7896  6945 5307.97330   15  570          - 5276.53222      -   317  506s
  7898  6947 5476.94687   39  626          - 5284.89065      -   317  511s
  7900  6948 5515.05341  129  692          - 5294.21251      -   317  517s
  7901  6949 5329.72303   55  684          - 5298.58349      -   317  520s
  7904  6951 5324.24330   36  684          - 5305.84724      -   317  525s
  7908  6953 5429.22279   46  689          - 5310.62557      -   317  530s
  7915  6958 5499.68055  102  721          - 5316.91730      -   316  537s
  7916  6959 5495.76859   98  725          - 5320.29031      -   316  540s
  7923  6963 5378.65402   60  823          - 5323.07843      -   316  545s
  7928  6967 5559.43206  181  827          - 5324.76115      -   316  550s
  7931  6969 5581.73055  150  752          - 5330.25932      -   316  556s
  7937  6973 5515.54701  165  844          - 5331.78851      -   316  560s
  7939  6974 5533.47350  119  781          - 5334.86597      -   316  565s
  7943  6977 5375.26407   23  807          - 5337.49845      -   315  570s
  7952  6983 5632.26189  117  850          - 5338.30975      -   315  576s
  7955  6985 5372.82295    9  775          - 5340.08791      -   315  580s
  7963  6990 5341.00839   29  889          - 5341.00839      -   315  586s
  7968  6993 5749.84616  142  801          - 5342.53975      -   314  590s
  7977  6999 5344.61691   16  865          - 5342.84636      -   314  596s
  7980  7001 6324.03810  130  747          - 5344.05906      -   314  600s
  7986  7005 5462.10108   41  763          - 5345.72349      -   314  607s
  7989  7007 5516.23434  144  682          - 5347.91224      -   314  610s
  7994  7011 5364.51179   84  702          - 5349.46609      -   313  615s
  7999  7014 5425.11808   98  724          - 5350.29778      -   313  620s
  8007  7019 5351.46754   13  821          - 5351.46754      -   313  626s
  8011  7022 5449.80265  108  769          - 5353.66092      -   313  630s
  8018  7027 5592.52813  129  750          - 5355.75641      -   312  637s
  8021  7029 5356.81322    9  790          - 5356.81322      -   312  640s
  8026  7032 5358.04244   11  811          - 5358.04244      -   312  646s
  8033  7037 5358.59574   22  857          - 5358.59574      -   312  652s
  8036  7039 5428.68557   86  870          - 5359.41473      -   312  655s
  8041  7042 5359.51337   68  900          - 5359.51337      -   312  660s
  8042  7043 5433.70799  108  838          - 5363.35002      -   311  666s
  8046  7045 5753.46251   86  824          - 5364.34812      -   311  670s
  8052  7049 5632.26189  117  800          - 5365.85726      -   311  677s
  8054  7051 5603.13306  111  778          - 5366.04144      -   311  683s
  8055  7051 5372.82295    9  885          - 5367.26387      -   311  686s
  8061  7055 5481.17966   47  847          - 5368.25716      -   311  690s
  8068  7060 5749.84616  142  892          - 5368.53501      -   310  695s
  8078  7067 5368.81373   14  937          - 5368.81373      -   310  700s
  8083  7070 5370.00291   53  864          - 5370.00291      -   310  705s
  8088  7073 5423.12917   99  838          - 5370.85264      -   310  710s
  8095  7078 5821.12362   99  885          - 5371.58441      -   309  715s
  8105  7085 5407.52154   27  902          - 5372.51592      -   309  721s
  8109  7087 5406.31328   36  897          - 5372.67543      -   309  725s
  8118  7093 5592.52813  129  916          - 5373.18247      -   309  730s
  8121  7095 5373.48559    9  900          - 5373.48559      -   308  785s
  8129  7101 5446.63339  118  962          - 5374.18741      -   308  790s
  8135  7105 5420.08861   84  905          - 5374.71236      -   308  795s
  8144  7111 5375.21803   40  904          - 5375.21803      -   308  800s
  8153  7117 5504.25596   89  900          - 5375.52857      -   307  805s
  8161  7122 5481.17966   47  902          - 5375.62347      -   307  810s
  8171  7129 5441.91756   63  927          - 5375.72836      -   307  815s
  8180  7135 6324.03810  130  930          - 5375.74544      -   306  820s
  8187  7139 5734.12084  213  904          - 5375.83523      -   306  825s
  8194  7144 5376.07876   84  915          - 5376.07876      -   306  830s
  8201  7149 5376.25469   55  916          - 5376.25469      -   305  835s
  8208  7153 5429.22279   46  907          - 5376.40699      -   305  840s
  8213  7157 5586.08887  121  904          - 5376.43171      -   305  845s
  8217  7159 5528.55823  137  931          - 5376.43208      -   305  850s
  8221  7163 5376.43208    9 18376          - 5376.43208      -   325  856s
  8223  7164 5378.65402   60  428          - 5376.43208      -   325  865s
  8225  7166 5376.43208   63  683          - 5376.43208      -   325  877s
  8226  7166 5376.43208   11  724          - 5376.43208      -   325  884s
  8227  7167 5609.00241  113  614          - 5376.43404      -   325  894s

Cutting planes:
  Gomory: 5
  Cover: 45
  Implied bound: 1
  Clique: 29
  MIR: 25
  Knapsack: 8
  StrongCG: 19
  Flow cover: 55
  GUB cover: 12
  Zero half: 10
  RLT: 61
  Relax-and-lift: 38
  BQP: 10

Explored 8227 nodes (2734505 simplex iterations) in 900.10 seconds (849.98 work units)
Thread count was 22 (of 22 available processors)

Solution count 0

Time limit reached
Best objective -, best bound 5.377000000000e+03, gap -

User-callback calls 107530, time in user-callback 0.69 sec
