FIXINGS_START
(0, 0, 0)
(0, 9, 0)
(1, 5, 0)
(1, 6, 0)
(2, 0, 0)
(3, 0, 0)
(5, 0, 0)
(5, 6, 0)
(6, 0, 0)
(7, 0, 0)
(8, 0, 0)
(9, 0, 0)
(9, 4, 0)
(10, 8, 0)
(11, 0, 0)
(12, 0, 0)
(12, 1, 0)
(13, 0, 0)
(14, 0, 0)
(15, 7, 0)
(16, 0, 0)
(17, 0, 0)
(17, 7, 0)
(18, 6, 0)
(18, 7, 0)
(19, 0, 0)
(19, 7, 0)
(20, 5, 0)
(21, 0, 0)
(5, 1, 0)
(5, 2, 17)
(5, 3, 0)
(5, 7, 0)
(5, 8, 0)
(9, 3, 0)
(9, 7, 0)
(2, 1, 0)
(0, 2, 1)
(4, 0, 0)
(6, 3, 0)
(4, 1, 0)
(15, 0, 0)
(3, 2, 0)
(14, 4, 0)
(18, 0, 0)
(10, 0, 0)
(15, 4, 0)
(18, 1, 0)
(19, 1, 6)
(1, 2, 0)
(21, 1, 0)
(7, 1, 0)
(7, 5, 0)
(13, 1, 0)
(13, 2, 32)
(19, 2, 32)
(21, 2, 0)
(19, 3, 9)
(21, 3, 0)
(8, 1, 0)
(10, 1, 0)
(15, 5, 0)
(10, 2, 0)
(0, 4, 0)
FIXINGS_END
time 813.280
GUROBI
Status TIME_LIMIT
Runtime 813.2797040939331
NodeCount 23979.0
IterCount 10617068.0
NumVars 7150
NumConstrs 54841
ObjBound 5520.0
ObjBoundC 5519.392626324985
ObjVal inf
MIPGap inf
