FIXINGS_START
(0, 0, 0)
(0, 9, 0)
(1, 0, 0)
(2, 3, 0)
(3, 0, 0)
(4, 0, 0)
(4, 4, 0)
(5, 0, 0)
(5, 1, 0)
(6, 0, 0)
(7, 0, 0)
(8, 0, 0)
(8, 4, 0)
(9, 0, 0)
(11, 0, 0)
(12, 0, 0)
(12, 6, 0)
(13, 4, 0)
(14, 3, 0)
(15, 0, 0)
(15, 9, 0)
(16, 0, 0)
(16, 1, 0)
(17, 0, 0)
(17, 7, 0)
(18, 0, 0)
(18, 4, 0)
(5, 2, 0)
(13, 0, 22)
(16, 4, 0)
(3, 2, 0)
(13, 1, 30)
(16, 5, 0)
(11, 2, 0)
(11, 3, 0)
(17, 5, 0)
(8, 1, 0)
(10, 1, 0)
(9, 1, 0)
(6, 1, 2)
(10, 2, 0)
(2, 2, 0)
(4, 3, 0)
(7, 2, 0)
(15, 4, 0)
(15, 7, 26)
(0, 4, 0)
(6, 2, 33)
(0, 5, 6)
(4, 5, 0)
(10, 4, 0)
(9, 2, 12)
(12, 3, 0)
(1, 6, 0)
(4, 6, 30)
(8, 2, 0)
(7, 3, 0)
(7, 4, 0)
(17, 1, 14)
(18, 6, 0)
(12, 1, 8)
(4, 2, 22)
(9, 4, 0)
(17, 2, 26)
(17, 4, 1)
(5, 6, 0)
FIXINGS_END
time 0.912
GUROBI
Status INFEASIBLE
Runtime 0.9118599891662598
NodeCount 1.0
IterCount 2294.0
NumVars 6200
NumConstrs 29624
ObjBound inf
ObjBoundC inf
ObjVal None
MIPGap inf
