
Gurobi 13.0.0 (linux64) logging started Thu Jan 15 04:38:39 2026

Set parameter LogFile to value "../experiments/network-n_50_s_0_rp_0-app_set-id_44_19_apps/submip_30_epr1_model_gurobi.log"
Set parameter TimeLimit to value 8.3474058970299666e+02
Gurobi Optimizer version 13.0.0 build v13.0.0rc1 (linux64 - "Ubuntu 24.04.3 LTS")

CPU model: Intel(R) Core(TM) Ultra 7 165H, instruction set [SSE2|AVX|AVX2]
Thread count: 22 physical cores, 22 logical processors, using up to 22 threads

Non-default parameters:
TimeLimit  8.3474058970299666e+02
LogToConsole  0

Academic license 2539022 - for non-commercial use only - registered to al___@studenti.unimi.it
Optimize a model with 29615 rows, 6200 columns and 67606 nonzeros (Min)
Model fingerprint: 0xfea82c18
Model has 6200 linear objective coefficients
Model has 166 quadratic constraints
Variable types: 0 continuous, 6200 integer (6200 binary)
Coefficient statistics:
  Matrix range     [1e+00, 9e+02]
  QMatrix range    [5e+01, 2e+02]
  Objective range  [1e+01, 2e+02]
  Bounds range     [1e+00, 1e+00]
  RHS range        [1e+00, 1e+09]
  QRHS range       [1e+02, 6e+02]
Presolve removed 29066 rows and 5014 columns
Presolve time: 0.07s
Presolved: 7204 rows, 7691 columns, 44604 nonzeros
Variable types: 0 continuous, 7691 integer (7691 binary)

Root relaxation: objective 4.954619e+03, 1591 iterations, 0.08 seconds (0.16 work units)

    Nodes    |    Current Node    |     Objective Bounds      |     Work
 Expl Unexpl |  Obj  Depth IntInf | Incumbent    BestBd   Gap | It/Node Time

     0     0 4954.61912    0  159          - 4954.61912      -     -    0s
     0     0 5228.40439    0  173          - 5228.40439      -     -    0s
     0     0 5261.73865    0  207          - 5261.73865      -     -    0s
     0     0 5266.27776    0  213          - 5266.27776      -     -    0s
     0     0 5266.43295    0  221          - 5266.43295      -     -    0s
     0     0 5623.66436    0  222          - 5623.66436      -     -    1s
     0     0 5828.88420    0  234          - 5828.88420      -     -    1s
     0     0 5968.55946    0  243          - 5968.55946      -     -    1s
     0     0 infeasible    0               - infeasible      -     -    1s

Cutting planes:
  Gomory: 4
  Lift-and-project: 3
  Cover: 40
  Implied bound: 1
  Clique: 15
  MIR: 32
  Knapsack: 13
  StrongCG: 20
  GUB cover: 5
  Zero half: 6
  RLT: 94
  Relax-and-lift: 3
  BQP: 16

Explored 1 nodes (5578 simplex iterations) in 1.55 seconds (1.75 work units)
Thread count was 22 (of 22 available processors)

Solution count 0

Model is infeasible
Best objective -, best bound -, gap -

User-callback calls 755, time in user-callback 0.00 sec
Set parameter LogToConsole to value 0
