FIXINGS_START
(0, 0, 0)
(0, 9, 0)
(1, 0, 0)
(2, 3, 0)
(3, 0, 0)
(4, 0, 0)
(4, 4, 0)
(5, 0, 0)
(5, 1, 0)
(6, 0, 0)
(7, 0, 0)
(8, 0, 0)
(8, 4, 0)
(9, 0, 0)
(11, 0, 0)
(12, 0, 0)
(12, 6, 0)
(13, 4, 0)
(14, 3, 0)
(15, 0, 0)
(15, 9, 0)
(16, 0, 0)
(16, 1, 0)
(17, 0, 0)
(17, 7, 0)
(18, 0, 0)
(18, 4, 0)
(15, 1, 15)
(15, 2, 4)
(15, 4, 0)
(15, 6, 24)
(0, 1, 20)
(12, 4, 0)
(16, 4, 0)
(4, 3, 0)
(12, 5, 0)
(3, 1, 25)
(7, 2, 0)
(7, 3, 0)
(17, 5, 0)
(11, 2, 0)
(6, 1, 2)
(4, 5, 0)
(16, 5, 0)
(4, 6, 30)
(0, 4, 0)
(9, 4, 0)
(4, 7, 0)
(5, 2, 0)
(1, 2, 14)
(0, 5, 6)
(6, 2, 33)
(11, 3, 0)
(10, 2, 0)
(8, 1, 0)
(1, 3, 0)
(18, 6, 0)
FIXINGS_END
time 1.442
GUROBI
Status INFEASIBLE
Runtime 1.4423000812530518
NodeCount 1.0
IterCount 4331.0
NumVars 6200
NumConstrs 29615
ObjBound inf
ObjBoundC inf
ObjVal None
MIPGap inf
