
Gurobi 13.0.0 (linux64) logging started Wed Jan 14 00:13:08 2026

Set parameter LogFile to value "../experiments/network-n_40_s_2_rp_0-app_set-id_98_37_apps/compact_model_gurobi.log"
Set parameter TimeLimit to value 900
Gurobi Optimizer version 13.0.0 build v13.0.0rc1 (linux64 - "Ubuntu 24.04.3 LTS")

CPU model: Intel(R) Core(TM) Ultra 7 165H, instruction set [SSE2|AVX|AVX2]
Thread count: 22 physical cores, 22 logical processors, using up to 22 threads

Non-default parameters:
TimeLimit  900
LogToConsole  0

Academic license 2539022 - for non-commercial use only - registered to al___@studenti.unimi.it
Optimize a model with 41305 rows, 9600 columns and 95844 nonzeros (Min)
Model fingerprint: 0xf1ffda29
Model has 9600 linear objective coefficients
Model has 126 quadratic constraints
Variable types: 0 continuous, 9600 integer (9600 binary)
Coefficient statistics:
  Matrix range     [1e+00, 9e+02]
  QMatrix range    [5e+01, 2e+02]
  Objective range  [1e+01, 2e+02]
  Bounds range     [1e+00, 1e+00]
  RHS range        [1e+00, 1e+09]
  QRHS range       [1e+02, 6e+02]
Presolve removed 39287 rows and 5946 columns
Presolve time: 0.25s
Presolved: 27319 rows, 28754 columns, 174822 nonzeros
Variable types: 0 continuous, 28754 integer (28754 binary)
Deterministic concurrent LP optimizer: primal and dual simplex
Showing primal log only...

Concurrent spin time: 0.00s

Solved with dual simplex

Root relaxation: infeasible, 2202 iterations, 0.33 seconds (0.27 work units)

    Nodes    |    Current Node    |     Objective Bounds      |     Work
 Expl Unexpl |  Obj  Depth IntInf | Incumbent    BestBd   Gap | It/Node Time

     0     0 infeasible    0               - infeasible      -     -    1s

Explored 1 nodes (2202 simplex iterations) in 1.15 seconds (1.43 work units)
Thread count was 22 (of 22 available processors)

Solution count 0

Model is infeasible
Best objective -, best bound -, gap -

User-callback calls 728, time in user-callback 0.00 sec
