
Gurobi 13.0.0 (linux64) logging started Sat Jan  3 03:12:37 2026

Set parameter LogFile to value "../experiments/network-n_60_s_0_rp_0-app_set-id_16_10_apps/compact_model_gurobi.log"
Set parameter TimeLimit to value 900
Gurobi Optimizer version 13.0.0 build v13.0.0rc1 (linux64 - "Ubuntu 24.04.3 LTS")

CPU model: Intel(R) Core(TM) Ultra 7 165H, instruction set [SSE2|AVX|AVX2]
Thread count: 22 physical cores, 22 logical processors, using up to 22 threads

Non-default parameters:
TimeLimit  900
LogToConsole  0

Academic license 2539022 - for non-commercial use only - registered to al___@studenti.unimi.it
Optimize a model with 14095 rows, 3900 columns and 33511 nonzeros (Min)
Model fingerprint: 0xfe3f5c52
Model has 3900 linear objective coefficients
Model has 200 quadratic constraints
Variable types: 0 continuous, 3900 integer (3900 binary)
Coefficient statistics:
  Matrix range     [1e+00, 9e+02]
  QMatrix range    [5e+01, 2e+02]
  Objective range  [1e+01, 2e+02]
  Bounds range     [1e+00, 1e+00]
  RHS range        [1e+00, 1e+09]
  QRHS range       [1e+02, 6e+02]
Presolve removed 13418 rows and 2313 columns
Presolve time: 0.15s
Presolved: 19232 rows, 19949 columns, 117513 nonzeros
Variable types: 0 continuous, 19949 integer (19949 binary)
Found heuristic solution: objective 3745.0000000
Deterministic concurrent LP optimizer: primal and dual simplex
Showing primal log only...

Concurrent spin time: 0.02s

Solved with dual simplex

Root relaxation: objective 2.403865e+03, 1234 iterations, 0.24 seconds (0.22 work units)

    Nodes    |    Current Node    |     Objective Bounds      |     Work
 Expl Unexpl |  Obj  Depth IntInf | Incumbent    BestBd   Gap | It/Node Time

     0     0 2403.86523    0  128 3745.00000 2403.86523  35.8%     -    0s
H    0     0                    3136.0000000 2403.86523  23.3%     -    1s
H    0     0                    3119.0000000 2403.86523  22.9%     -    1s
H    0     0                    3085.0000000 2403.86523  22.1%     -    1s
     0     0 2428.57909    0  186 3085.00000 2428.57909  21.3%     -    1s
H    0     0                    2973.0000000 2428.57909  18.3%     -    1s
H    0     0                    2938.0000000 2428.57909  17.3%     -    1s
H    0     0                    2781.0000000 2428.57909  12.7%     -    1s
H    0     0                    2689.0000000 2442.62300  9.16%     -    1s
     0     0 2442.62300    0  161 2689.00000 2442.62300  9.16%     -    1s
     0     0 2443.07460    0  181 2689.00000 2443.07460  9.15%     -    2s
     0     0 2443.17690    0  193 2689.00000 2443.17690  9.14%     -    2s
     0     0 2461.75995    0  163 2689.00000 2461.75995  8.45%     -    2s
     0     0 2465.75371    0  180 2689.00000 2465.75371  8.30%     -    2s
     0     0 2465.99434    0  175 2689.00000 2465.99434  8.29%     -    2s
     0     0 2476.65407    0  171 2689.00000 2476.65407  7.90%     -    3s
     0     0 2479.47412    0  162 2689.00000 2479.47412  7.79%     -    3s
     0     0 2480.12935    0  175 2689.00000 2480.12935  7.77%     -    3s
H    0     0                    2686.0000000 2480.12935  7.66%     -    3s
H    0     0                    2608.0000000 2480.12935  4.90%     -    3s
     0     0 2483.76784    0  190 2608.00000 2483.76784  4.76%     -    3s
H    0     0                    2606.0000000 2484.43248  4.66%     -    4s
     0     0 2484.43248    0  201 2606.00000 2484.43248  4.66%     -    4s
     0     0 2486.05011    0  203 2606.00000 2486.05011  4.60%     -    4s
     0     0 2486.06674    0  199 2606.00000 2486.06674  4.60%     -    4s
     0     0 2486.06674    0  199 2606.00000 2486.06674  4.60%     -    4s
     0     0 2486.06674    0  185 2606.00000 2486.06674  4.60%     -    4s
H    0     0                    2604.0000000 2486.06674  4.53%     -    4s
     0     2 2486.06674    0  182 2604.00000 2486.06674  4.53%     -    4s
     6     8 2504.54206    2  129 2604.00000 2487.88186  4.46%   182    5s
H   53    86                    2602.0000000 2490.24483  4.29%   207    6s
H   55    86                    2572.0000000 2490.24483  3.18%   204    6s
H   85   136                    2566.0000000 2490.28512  2.95%   172    6s
H  453   458                    2565.0000000 2490.28512  2.91%   101    9s
   579   620 2518.82373   15  113 2565.00000 2490.28512  2.91%  92.4   10s
H 1177  1000                    2563.0000000 2492.67506  2.74%  71.0   12s
  1672  1515 2535.36177   41   87 2563.00000 2492.67506  2.74%  63.9   15s
H 1969  1614                    2559.0000000 2494.00033  2.54%  60.6   16s
H 1999  1448                    2549.0000000 2494.00033  2.16%  60.4   16s
  2671  1988     cutoff   27      2549.00000 2495.25537  2.11%  58.0   20s
  2993  2121 2536.08136   30  127 2549.00000 2495.25537  2.11%  56.4   25s
  3043  2155 2511.01084    9  211 2549.00000 2499.59784  1.94%  55.5   30s
H 3052  2051                    2544.0000000 2500.04697  1.73%  55.3   30s
  3078  2071 2502.84350   15  191 2544.00000 2502.26024  1.64%  58.6   35s
  3130  2144 2506.88044   20  207 2544.00000 2504.80582  1.54%  62.1   40s
H 3231  2060                    2541.0000000 2504.85039  1.42%  64.2   42s
  3307  2078 2511.44088   22  160 2541.00000 2504.85039  1.42%  65.6   45s
H 3324  1972                    2536.0000000 2505.67381  1.20%  65.9   45s
  3697  2028 2519.88814   28  178 2536.00000 2508.32127  1.09%  69.1   50s
  4158  2000 2520.53794   27  148 2536.00000 2509.78475  1.03%  72.0   55s
  4482  2043 2522.98600   25  134 2536.00000 2510.68637  1.00%  73.0   60s
  4729  2063 2533.72089   36  129 2536.00000 2511.41356  0.97%  74.0   65s
  4949  2051 2534.70823   27   96 2536.00000 2513.36304  0.89%  74.0   71s
  5299  2029 2533.84892   29   90 2536.00000 2513.36304  0.89%  75.1   75s
H 5519  1888                    2534.0000000 2515.11511  0.75%  75.4   77s
  5739  1856 2530.12293   20  117 2534.00000 2515.11511  0.75%  76.3   80s
  6543  1670 2531.92360   36   49 2534.00000 2517.55191  0.65%  76.2   85s
  7197  1519 2527.94898   31  137 2534.00000 2520.16877  0.55%  77.9   91s
  7873  1306 2527.79035   26  137 2534.00000 2521.07962  0.51%  78.6   95s
  8584  1092 2532.23184   35  121 2534.00000 2522.65122  0.45%  79.0  101s
  9648   938 2531.07074   28  139 2534.00000 2524.72596  0.37%  77.9  106s
 10421   573     cutoff   32      2534.00000 2526.39824  0.30%  77.5  111s

Cutting planes:
  Gomory: 5
  Lift-and-project: 3
  Cover: 168
  Clique: 34
  MIR: 125
  Knapsack: 8
  StrongCG: 87
  Flow cover: 380
  GUB cover: 8
  Zero half: 76
  RLT: 96
  Relax-and-lift: 106
  BQP: 38

Explored 11820 nodes (885008 simplex iterations) in 114.09 seconds (69.50 work units)
Thread count was 22 (of 22 available processors)

Solution count 10: 2534 2536 2541 ... 2572

Optimal solution found (tolerance 1.00e-04)
Best objective 2.534000000000e+03, best bound 2.534000000000e+03, gap 0.0000%

User-callback calls 36129, time in user-callback 0.11 sec
