
Gurobi 13.0.0 (linux64) logging started Wed Jan 14 00:18:21 2026

Set parameter LogFile to value "../experiments/network-n_50_s_2_rp_0-app_set-id_88_34_apps/compact_model_gurobi.log"
Set parameter TimeLimit to value 900
Gurobi Optimizer version 13.0.0 build v13.0.0rc1 (linux64 - "Ubuntu 24.04.3 LTS")

CPU model: Intel(R) Core(TM) Ultra 7 165H, instruction set [SSE2|AVX|AVX2]
Thread count: 22 physical cores, 22 logical processors, using up to 22 threads

Non-default parameters:
TimeLimit  900
LogToConsole  0

Academic license 2539022 - for non-commercial use only - registered to al___@studenti.unimi.it
Optimize a model with 56421 rows, 11050 columns and 128118 nonzeros (Min)
Model fingerprint: 0x89388d32
Model has 11050 linear objective coefficients
Model has 162 quadratic constraints
Variable types: 0 continuous, 11050 integer (11050 binary)
Coefficient statistics:
  Matrix range     [1e+00, 9e+02]
  QMatrix range    [5e+01, 2e+02]
  Objective range  [1e+01, 2e+02]
  Bounds range     [1e+00, 1e+00]
  RHS range        [1e+00, 1e+09]
  QRHS range       [1e+02, 6e+02]
Presolve removed 54005 rows and 6925 columns
Presolve time: 0.45s
Presolved: 50038 rows, 51585 columns, 311823 nonzeros
Variable types: 0 continuous, 51585 integer (51585 binary)
Deterministic concurrent LP optimizer: primal and dual simplex
Showing primal log only...

Concurrent spin time: 0.04s

Solved with dual simplex

Root relaxation: infeasible, 3603 iterations, 0.51 seconds (0.64 work units)

    Nodes    |    Current Node    |     Objective Bounds      |     Work
 Expl Unexpl |  Obj  Depth IntInf | Incumbent    BestBd   Gap | It/Node Time

     0     0 infeasible    0               - infeasible      -     -    1s

Explored 1 nodes (3603 simplex iterations) in 1.95 seconds (2.64 work units)
Thread count was 22 (of 22 available processors)

Solution count 0

Model is infeasible
Best objective -, best bound -, gap -

User-callback calls 846, time in user-callback 0.00 sec
