
Gurobi 13.0.0 (linux64) logging started Sat Jan  3 13:09:27 2026

Set parameter LogFile to value "../experiments/network-n_60_s_0_rp_0-app_set-id_73_29_apps/compact_model_gurobi.log"
Set parameter TimeLimit to value 900
Gurobi Optimizer version 13.0.0 build v13.0.0rc1 (linux64 - "Ubuntu 24.04.3 LTS")

CPU model: Intel(R) Core(TM) Ultra 7 165H, instruction set [SSE2|AVX|AVX2]
Thread count: 22 physical cores, 22 logical processors, using up to 22 threads

Non-default parameters:
TimeLimit  900
LogToConsole  0

Academic license 2539022 - for non-commercial use only - registered to al___@studenti.unimi.it
Optimize a model with 55755 rows, 11280 columns and 127125 nonzeros (Min)
Model fingerprint: 0x3151d6fd
Model has 11280 linear objective coefficients
Model has 200 quadratic constraints
Variable types: 0 continuous, 11280 integer (11280 binary)
Coefficient statistics:
  Matrix range     [1e+00, 9e+02]
  QMatrix range    [5e+01, 2e+02]
  Objective range  [1e+01, 2e+02]
  Bounds range     [1e+00, 1e+00]
  RHS range        [1e+00, 1e+09]
  QRHS range       [1e+02, 6e+02]
Presolve removed 53318 rows and 6751 columns
Presolve time: 0.64s
Presolved: 65007 rows, 66830 columns, 406142 nonzeros
Variable types: 0 continuous, 66830 integer (66830 binary)
Deterministic concurrent LP optimizer: primal and dual simplex
Showing primal log only...


Root simplex log...

Iteration    Objective       Primal Inf.    Dual Inf.      Time
   10524    9.4189223e+03   0.000000e+00   4.299641e+03      5s
Concurrent spin time: 0.21s

Solved with dual simplex

Root simplex log...

Iteration    Objective       Primal Inf.    Dual Inf.      Time
    9961    9.3739322e+03   0.000000e+00   0.000000e+00      5s

Root relaxation: objective 9.373932e+03, 9961 iterations, 3.01 seconds (3.72 work units)
Total elapsed time = 5.06s (DegenMoves)

    Nodes    |    Current Node    |     Objective Bounds      |     Work
 Expl Unexpl |  Obj  Depth IntInf | Incumbent    BestBd   Gap | It/Node Time

     0     0 9373.93222    0  515          - 9373.93222      -     -    5s
     0     0 9393.80100    0  512          - 9393.80100      -     -    5s
     0     0 9393.87491    0  508          - 9393.87491      -     -    5s
     0     0 9498.48753    0  582          - 9498.48753      -     -   10s
     0     0 10182.9635    0  582          - 10182.9635      -     -   19s
     0     0 10213.6323    0  606          - 10213.6323      -     -   20s
     0     0 10614.2924    0  664          - 10614.2924      -     -   26s
     0     0 10622.7616    0  691          - 10622.7616      -     -   28s
     0     0 10624.8096    0  697          - 10624.8096      -     -   28s
     0     0 10625.1041    0  695          - 10625.1041      -     -   28s
     0     0 11797.9899    0  604          - 11797.9899      -     -   37s
     0     0 11819.9855    0  606          - 11819.9855      -     -   37s
     0     0 11820.1416    0  602          - 11820.1416      -     -   37s
     0     0 infeasible    0               - infeasible      -     -   58s

Cutting planes:
  Gomory: 6
  Lift-and-project: 3
  Cover: 58
  Implied bound: 4
  Clique: 34
  MIR: 45
  Knapsack: 23
  StrongCG: 31
  GUB cover: 15
  Zero half: 34
  RLT: 253
  Relax-and-lift: 32
  BQP: 56
  PSD: 1

Explored 1 nodes (68033 simplex iterations) in 58.44 seconds (60.07 work units)
Thread count was 22 (of 22 available processors)

Solution count 0

Model is infeasible
Best objective -, best bound -, gap -

User-callback calls 5768, time in user-callback 0.02 sec
