
Gurobi 13.0.0 (linux64) logging started Sat Jan  3 12:09:11 2026

Set parameter LogFile to value "../experiments/network-n_60_s_0_rp_0-app_set-id_68_27_apps/compact_model_gurobi.log"
Set parameter TimeLimit to value 900
Gurobi Optimizer version 13.0.0 build v13.0.0rc1 (linux64 - "Ubuntu 24.04.3 LTS")

CPU model: Intel(R) Core(TM) Ultra 7 165H, instruction set [SSE2|AVX|AVX2]
Thread count: 22 physical cores, 22 logical processors, using up to 22 threads

Non-default parameters:
TimeLimit  900
LogToConsole  0

Academic license 2539022 - for non-commercial use only - registered to al___@studenti.unimi.it
Optimize a model with 55829 rows, 10560 columns and 126444 nonzeros (Min)
Model fingerprint: 0xdd4b03f3
Model has 10560 linear objective coefficients
Model has 200 quadratic constraints
Variable types: 0 continuous, 10560 integer (10560 binary)
Coefficient statistics:
  Matrix range     [1e+00, 9e+02]
  QMatrix range    [5e+01, 2e+02]
  Objective range  [1e+01, 2e+02]
  Bounds range     [1e+00, 1e+00]
  RHS range        [1e+00, 1e+09]
  QRHS range       [1e+02, 6e+02]
Presolve removed 53647 rows and 6128 columns
Presolve time: 0.59s
Presolved: 64417 rows, 66468 columns, 407966 nonzeros
Variable types: 0 continuous, 66468 integer (66468 binary)
Deterministic concurrent LP optimizer: primal and dual simplex
Showing primal log only...

Concurrent spin time: 0.10s

Solved with dual simplex

Root relaxation: objective 6.993927e+03, 7947 iterations, 2.34 seconds (3.08 work units)

    Nodes    |    Current Node    |     Objective Bounds      |     Work
 Expl Unexpl |  Obj  Depth IntInf | Incumbent    BestBd   Gap | It/Node Time

     0     0 6993.92708    0  499          - 6993.92708      -     -    4s
     0     0 7062.65521    0  531          - 7062.65521      -     -    9s
     0     0 7150.24089    0  603          - 7150.24089      -     -   13s
     0     0 7150.24922    0  601          - 7150.24922      -     -   13s
     0     0 7170.74725    0  649          - 7170.74725      -     -   17s
     0     0 7174.93497    0  620          - 7174.93497      -     -   18s
     0     0 7176.33409    0  616          - 7176.33409      -     -   18s
     0     0 7176.33675    0  622          - 7176.33675      -     -   18s
     0     0 7206.41681    0  596          - 7206.41681      -     -   25s
     0     0 7206.46757    0  590          - 7206.46757      -     -   25s
     0     0 7255.40958    0  664          - 7255.40958      -     -   29s
     0     0 7297.76762    0  798          - 7297.76762      -     -   32s
     0     0 7311.83305    0  789          - 7311.83305      -     -   34s
     0     0 7315.33413    0  834          - 7315.33413      -     -   34s
     0     0 7315.84716    0  851          - 7315.84716      -     -   35s
     0     0 7360.03531    0  752          - 7360.03531      -     -   43s
     0     0 7370.71313    0  742          - 7370.71313      -     -   45s
     0     0 7386.77402    0  775          - 7386.77402      -     -   47s
     0     0 7409.26707    0  813          - 7409.26707      -     -   52s
     0     0 7415.89650    0  901          - 7415.89650      -     -   54s
     0     0 7419.04052    0  926          - 7419.04052      -     -   56s
     0     0 7432.42113    0  820          - 7432.42113      -     -   59s
     0     0 7456.73484    0  836          - 7456.73484      -     -   63s
     0     0 7466.74229    0  873          - 7466.74229      -     -   65s
     0     0 7476.14115    0  902          - 7476.14115      -     -   67s
     0     0 7479.20689    0  895          - 7479.20689      -     -   69s
     0     0 7480.40384    0  879          - 7480.40384      -     -   70s
     0     0 7488.61293    0  886          - 7488.61293      -     -   72s
     0     0 7491.00778    0  850          - 7491.00778      -     -   74s
     0     0 7491.00831    0  841          - 7491.00831      -     -   74s
     0     0 7491.00831    0  827          - 7491.00831      -     -   74s
     0     2 7491.02399    0  821          - 7491.02399      -     -   81s
     7    16 7492.47765    3  804          - 7492.07149      -   425   86s
    15    32 7492.97844    4  798          - 7492.51104      -   507   90s
    53   129 7498.21074    6  737          - 7493.60825      -   563   99s
   130   161 7498.92976    9  735          - 7493.62998      -   367  105s
   164   189 7501.86647   10  841          - 7493.62998      -   469  110s
   192   210 7502.75096   11  858          - 7493.62998      -   515  116s
   215   240 7503.02881   12  842          - 7493.62998      -   520  121s
   245   266 7506.96441   13  810          - 7493.62998      -   508  127s
   271   288 7507.90193   14  822          - 7493.62998      -   534  136s
   293   315 7511.40559   15  796          - 7493.62998      -   612  142s
   320   344 7514.56555   15  833          - 7493.62998      -   623  149s
   349   370 7511.77386   16  819          - 7493.62998      -   647  154s
   375   395 7511.88477   17  807          - 7493.62998      -   631  160s
   425   443 7514.68156   19  786          - 7493.62998      -   602  168s
   450   467 7515.24934   20  787          - 7493.62998      -   591  172s
   474   490 7515.60717   21  784          - 7493.62998      -   581  176s
   497   515 7525.30398   22  751          - 7493.62998      -   571  181s
   522   538 7550.32488   22  763          - 7493.62998      -   563  185s
   571   583 7545.36675   24  702          - 7493.62998      -   540  193s
   594   607 7545.87610   25  710          - 7493.62998      -   532  198s
   618   630 7546.03346   26  662          - 7493.62998      -   523  202s
   641   656 7549.14811   27  664          - 7493.62998      -   517  207s
   667   684 7549.39352   27  673          - 7493.62998      -   510  212s
   695   709 7550.32330   28  677          - 7493.62998      -   504  216s
   720   739 7552.83132   28  672          - 7493.62998      -   502  222s
   750   769 7555.05092   29  661          - 7493.62998      -   502  230s
   780   807 7552.87714   29  679          - 7493.62998      -   497  236s
   818   861 7553.55121   30  669          - 7493.62998      -   487  242s
   873   922 7554.23018   31  650          - 7493.62998      -   475  247s
   934   956 7554.67942   32  660          - 7493.62998      -   465  253s
   968  1008 7566.22371   34  684          - 7493.62998      -   466  259s
  1020  1056 7559.36854   34  692          - 7493.62998      -   463  266s
  1068  1114 7560.09757   35  693          - 7493.62998      -   460  272s
  1126  1189 7562.69659   36  676          - 7493.62998      -   451  279s
  1201  1291 7562.90840   37  694          - 7493.62998      -   447  287s
  1305  1343 7563.33464   38  688          - 7493.62998      -   436  294s
  1357  1373 7566.32930   40  641          - 7493.62998      -   432  301s
  1387  1441 7567.50487   42  646          - 7493.62998      -   432  308s
  1455  1519 7581.62285   50  608          - 7493.62998      -   425  316s
  1533  1612 7581.63621   52  577          - 7493.62998      -   417  325s
  1626  1722 7587.18781   56  581          - 7493.62998      -   413  334s
  1736  1821 7593.91257   63  593          - 7493.62998      -   412  343s
  1835  1962 7622.76374   69  573          - 7493.62998      -   419  353s
  1976  2093 7608.53988   78  599          - 7493.62998      -   417  362s
  2109  2266 7617.29399   81  588          - 7493.62998      -   417  372s
  2285  2469 7625.95373   86  565          - 7493.62998      -   410  382s
  2491  2587 7633.20892  102  555          - 7493.62998      -   401  394s
  2610  2751 7644.37499  104  547          - 7493.62998      -   410  405s
  2776  2982 7657.23344  116  532          - 7493.62998      -   411  416s
  3010  3175 7663.07312  129  493          - 7493.62998      -   404  428s
  3207  3466 7734.40858  132  495          - 7493.62998      -   402  439s
  3498  3722 7742.88482  137  476          - 7493.62998      -   390  452s
  3757  3798 7775.48581  149  535          - 7493.62998      -   384  465s
  3833  3832 7781.23958  151  523          - 7493.62998      -   384  479s
  3867  3940 7781.96426  152  545          - 7493.62998      -   385  494s
  3977  4109 7805.12759  163  516          - 7493.62998      -   382  511s
  4147  4459 7829.36094  172  510          - 7493.62998      -   380  526s
  4506  4773 7889.16161  209  469          - 7493.62998      -   368  540s
  4826  4960 7962.46813  219  458          - 7493.62998      -   365  556s
  5029  5287 8050.26855  221  433          - 7493.62998      -   369  572s
  5360  5595 8141.25169  249  406          - 7493.62998      -   367  588s
  5677  5888 8339.09109  282  405          - 7493.62998      -   359  604s
  6012  6106 7592.87333   12  775          - 7493.62998      -   356  622s
  6278  6456 7597.00224   14  751          - 7493.62998      -   357  639s
  6657  6751 7621.06949   24  695          - 7493.62998      -   355  657s
  7011  6967 7669.97086   27  721          - 7494.61278      -   356  676s
  7286  7371 7663.18947   27  654          - 7494.61278      -   361  696s
  7721  7558 7688.03788   40  601          - 7494.61278      -   359  717s
  7988  7578 7711.66579   54  563          - 7494.61278      -   366  747s
  8011  7597 7715.76629   55  585          - 7494.61278      -   367  775s
  8035  7610 7721.12847   56  569          - 7494.61278      -   367  803s
  8065  7628 infeasible   56               - 7494.61278      -   368  832s
  8090  7646 7727.27631   58  612          - 7494.61278      -   368  862s
  8141  7664 7890.95724   58  560          - 7494.61278      -   369  898s
  8167  7679 7735.30910   59  610          - 7498.24336      -   369  900s

Cutting planes:
  Gomory: 3
  Lift-and-project: 4
  Cover: 84
  Clique: 46
  MIR: 151
  Knapsack: 33
  StrongCG: 43
  GUB cover: 8
  Zero half: 16
  RLT: 490
  Relax-and-lift: 113
  BQP: 233

Explored 8183 nodes (3061131 simplex iterations) in 900.06 seconds (868.90 work units)
Thread count was 22 (of 22 available processors)

Solution count 0

Time limit reached
Best objective -, best bound 7.499000000000e+03, gap -

User-callback calls 144387, time in user-callback 0.90 sec
