FIXINGS_START
(0, 0, 0)
(1, 0, 0)
(1, 4, 0)
(3, 0, 0)
(4, 0, 0)
(4, 7, 0)
(5, 0, 0)
(5, 4, 0)
(7, 0, 0)
(8, 0, 0)
(8, 6, 0)
(9, 0, 0)
(9, 6, 0)
(10, 0, 0)
(10, 4, 0)
(13, 0, 0)
(14, 0, 0)
(16, 6, 0)
(16, 7, 0)
(17, 0, 0)
(17, 4, 0)
(18, 4, 0)
(19, 0, 0)
(19, 7, 0)
(20, 0, 0)
(20, 9, 0)
(21, 0, 0)
(22, 0, 0)
(22, 4, 0)
(23, 0, 0)
(23, 4, 0)
(17, 2, 31)
(20, 4, 0)
(10, 2, 0)
(18, 1, 0)
(24, 0, 0)
(18, 2, 0)
(9, 7, 0)
(7, 2, 0)
(3, 2, 0)
(4, 5, 0)
(7, 4, 0)
(5, 3, 0)
(0, 2, 0)
(10, 6, 0)
(16, 0, 0)
(16, 1, 0)
(5, 6, 0)
(12, 0, 0)
(22, 5, 0)
(21, 1, 0)
(24, 3, 0)
(21, 3, 30)
(12, 1, 0)
(5, 7, 0)
(0, 3, 0)
(1, 3, 0)
(15, 0, 0)
(22, 6, 28)
(6, 0, 0)
(15, 6, 0)
(12, 2, 0)
(15, 7, 0)
(11, 0, 0)
(6, 3, 0)
(1, 5, 0)
(3, 4, 0)
(0, 4, 0)
(14, 1, 9)
(13, 1, 0)
(11, 1, 0)
FIXINGS_END
time 17.042
GUROBI
Status INFEASIBLE
Runtime 17.041789054870605
NodeCount 1.0
IterCount 27086.0
NumVars 9720
NumConstrs 61487
ObjBound inf
ObjBoundC inf
ObjVal None
MIPGap inf
