FIXINGS_START
(0, 0, 0)
(2, 0, 0)
(2, 6, 0)
(3, 0, 0)
(3, 8, 0)
(4, 0, 0)
(5, 0, 0)
(5, 6, 0)
(6, 0, 0)
(7, 0, 0)
(8, 0, 0)
(10, 0, 0)
(11, 8, 0)
(11, 9, 0)
(12, 0, 0)
(12, 4, 0)
(13, 8, 0)
(13, 9, 0)
(4, 3, 0)
(4, 4, 0)
(0, 1, 0)
(9, 0, 0)
(5, 1, 0)
(11, 1, 0)
(6, 2, 0)
(5, 3, 7)
(0, 3, 0)
(1, 0, 0)
(6, 3, 15)
(6, 4, 0)
(5, 4, 1)
(3, 1, 20)
(10, 1, 0)
(9, 1, 0)
(3, 2, 14)
(5, 5, 0)
(1, 1, 0)
(5, 7, 0)
(9, 2, 0)
(12, 2, 0)
FIXINGS_END
time 347.677
GUROBI
Status INFEASIBLE
Runtime 347.67711997032166
NodeCount 78549.0
IterCount 16424290.0
NumVars 2730
NumConstrs 7316
ObjBound inf
ObjBoundC inf
ObjVal None
MIPGap inf
