
Gurobi 13.0.0 (linux64) logging started Sat Jan  3 03:11:26 2026

Set parameter LogFile to value "../experiments/network-n_60_s_0_rp_0-app_set-id_7_7_apps/compact_model_gurobi.log"
Set parameter TimeLimit to value 900
Gurobi Optimizer version 13.0.0 build v13.0.0rc1 (linux64 - "Ubuntu 24.04.3 LTS")

CPU model: Intel(R) Core(TM) Ultra 7 165H, instruction set [SSE2|AVX|AVX2]
Thread count: 22 physical cores, 22 logical processors, using up to 22 threads

Non-default parameters:
TimeLimit  900
LogToConsole  0

Academic license 2539022 - for non-commercial use only - registered to al___@studenti.unimi.it
Optimize a model with 15212 rows, 2760 columns and 34350 nonzeros (Min)
Model fingerprint: 0xfa426afe
Model has 2760 linear objective coefficients
Model has 200 quadratic constraints
Variable types: 0 continuous, 2760 integer (2760 binary)
Coefficient statistics:
  Matrix range     [1e+00, 7e+02]
  QMatrix range    [5e+01, 2e+02]
  Objective range  [1e+01, 2e+02]
  Bounds range     [1e+00, 1e+00]
  RHS range        [1e+00, 1e+09]
  QRHS range       [1e+02, 6e+02]
Presolve removed 14499 rows and 1444 columns
Presolve time: 0.13s
Presolved: 23022 rows, 23434 columns, 138797 nonzeros
Variable types: 0 continuous, 23434 integer (23434 binary)
Found heuristic solution: objective 2380.0000000
Deterministic concurrent LP optimizer: primal and dual simplex
Showing primal log only...

Concurrent spin time: 0.00s

Solved with dual simplex

Root relaxation: objective 1.270064e+03, 306 iterations, 0.14 seconds (0.11 work units)

    Nodes    |    Current Node    |     Objective Bounds      |     Work
 Expl Unexpl |  Obj  Depth IntInf | Incumbent    BestBd   Gap | It/Node Time

     0     0 1270.06354    0   93 2380.00000 1270.06354  46.6%     -    0s
H    0     0                    1589.0000000 1270.06354  20.1%     -    0s
H    0     0                    1560.0000000 1270.06354  18.6%     -    0s
H    0     0                    1454.0000000 1270.06354  12.7%     -    0s
     0     0 1284.55199    0   95 1454.00000 1284.55199  11.7%     -    1s
     0     0 1286.78237    0   93 1454.00000 1286.78237  11.5%     -    1s
     0     0 1287.12125    0   96 1454.00000 1287.12125  11.5%     -    1s
     0     0 1294.69393    0  108 1454.00000 1294.69393  11.0%     -    2s
     0     0 1296.92312    0  107 1454.00000 1296.92312  10.8%     -    2s
     0     0 1297.22482    0  109 1454.00000 1297.22482  10.8%     -    2s
     0     0 1306.02102    0   77 1454.00000 1306.02102  10.2%     -    2s
H    0     0                    1383.0000000 1306.02102  5.57%     -    2s
     0     0 1306.26861    0   72 1383.00000 1306.26861  5.55%     -    2s
     0     0 1308.30000    0   51 1383.00000 1308.30000  5.40%     -    2s
H    0     0                    1333.0000000 1308.30000  1.85%     -    2s
H    0     0                    1331.0000000 1308.30000  1.71%     -    2s
     0     0 1308.52500    0   60 1331.00000 1308.52500  1.69%     -    2s
     0     0 1309.00000    0   58 1331.00000 1309.00000  1.65%     -    2s
     0     0 1309.06250    0   56 1331.00000 1309.06250  1.65%     -    2s
     0     0 1309.08252    0   64 1331.00000 1309.08252  1.65%     -    3s
     0     0 1309.09281    0   64 1331.00000 1309.09281  1.65%     -    3s
     0     0 1309.09281    0   64 1331.00000 1309.09281  1.65%     -    3s
     0     0 1309.09281    0   61 1331.00000 1309.09281  1.65%     -    3s
H    0     0                    1328.0000000 1309.33010  1.41%     -    3s
     0     2 1309.33010    0   56 1328.00000 1309.33010  1.41%     -    3s
*   16    16               4    1325.0000000 1313.04124  0.90%  44.2    3s
H   58    17                    1321.0000000 1316.39674  0.35%  29.9    3s
H   59    17                    1319.0000000 1316.61348  0.18%  29.9    3s

Cutting planes:
  Gomory: 3
  Cover: 41
  Clique: 23
  MIR: 22
  Knapsack: 1
  StrongCG: 19
  GUB cover: 6
  Zero half: 4
  RLT: 43
  Relax-and-lift: 276
  BQP: 7

Explored 80 nodes (3363 simplex iterations) in 3.89 seconds (2.89 work units)
Thread count was 22 (of 22 available processors)

Solution count 10: 1319 1321 1325 ... 1589

Optimal solution found (tolerance 1.00e-04)
Best objective 1.319000000000e+03, best bound 1.319000000000e+03, gap 0.0000%

User-callback calls 1327, time in user-callback 0.01 sec
