
Gurobi 13.0.0 (linux64) logging started Sun Jan  4 01:09:20 2026

Set parameter LogFile to value "../experiments/network-n_60_s_2_rp_0-app_set-id_29_14_apps/compact_model_gurobi.log"
Set parameter TimeLimit to value 900
Gurobi Optimizer version 13.0.0 build v13.0.0rc1 (linux64 - "Ubuntu 24.04.3 LTS")

CPU model: Intel(R) Core(TM) Ultra 7 165H, instruction set [SSE2|AVX|AVX2]
Thread count: 22 physical cores, 22 logical processors, using up to 22 threads

Non-default parameters:
TimeLimit  900
LogToConsole  0

Academic license 2539022 - for non-commercial use only - registered to al___@studenti.unimi.it
Optimize a model with 38142 rows, 5460 columns and 84227 nonzeros (Min)
Model fingerprint: 0xbeb7ce18
Model has 5460 linear objective coefficients
Model has 190 quadratic constraints
Variable types: 0 continuous, 5460 integer (5460 binary)
Coefficient statistics:
  Matrix range     [1e+00, 9e+02]
  QMatrix range    [5e+01, 2e+02]
  Objective range  [1e+01, 2e+02]
  Bounds range     [1e+00, 1e+00]
  RHS range        [1e+00, 1e+09]
  QRHS range       [1e+02, 6e+02]
Presolve removed 36599 rows and 2858 columns
Presolve time: 0.55s
Presolved: 38475 rows, 39345 columns, 243202 nonzeros
Variable types: 0 continuous, 39345 integer (39345 binary)
Deterministic concurrent LP optimizer: primal and dual simplex
Showing primal log only...

Concurrent spin time: 0.08s

Solved with dual simplex

Root relaxation: objective 2.734977e+03, 1128 iterations, 0.32 seconds (0.34 work units)

    Nodes    |    Current Node    |     Objective Bounds      |     Work
 Expl Unexpl |  Obj  Depth IntInf | Incumbent    BestBd   Gap | It/Node Time

     0     0 2734.97671    0  156          - 2734.97671      -     -    2s
H    0     0                    4412.0000000 2734.97671  38.0%     -    2s
H    0     0                    3697.0000000 2734.97671  26.0%     -    2s
H    0     0                    3499.0000000 2734.97671  21.8%     -    2s
H    0     0                    3494.0000000 2734.97671  21.7%     -    2s
H    0     0                    3366.0000000 2734.97671  18.7%     -    2s
H    0     0                    3045.0000000 2734.97671  10.2%     -    3s
H    0     0                    3036.0000000 2734.97671  9.92%     -    3s
H    0     0                    3033.0000000 2735.10177  9.82%     -    3s
H    0     0                    2940.0000000 2735.10177  6.97%     -    3s
     0     0 2751.47137    0  165 2940.00000 2751.47137  6.41%     -    3s
H    0     0                    2924.0000000 2759.52380  5.63%     -    4s
H    0     0                    2916.0000000 2759.52380  5.37%     -    4s
H    0     0                    2910.0000000 2759.52380  5.17%     -    4s
     0     0 2759.52380    0  199 2910.00000 2759.52380  5.17%     -    4s
     0     0 2759.84187    0  197 2910.00000 2759.84187  5.16%     -    4s
     0     0 2759.97049    0  173 2910.00000 2759.97049  5.16%     -    4s
     0     0 2759.97362    0  176 2910.00000 2759.97362  5.16%     -    4s
     0     0 2764.09897    0  188 2910.00000 2764.09897  5.01%     -    5s
     0     0 2766.13846    0  201 2910.00000 2766.13846  4.94%     -    5s
     0     0 2766.21147    0  214 2910.00000 2766.21147  4.94%     -    5s
     0     0 2769.03633    0  233 2910.00000 2769.03633  4.84%     -    5s
H    0     0                    2882.0000000 2769.03633  3.92%     -    6s
H    0     0                    2836.0000000 2769.03633  2.36%     -    6s
H    0     0                    2834.0000000 2769.03633  2.29%     -    6s
     0     0 2771.59145    0  224 2834.00000 2771.59145  2.20%     -    6s
     0     0 2771.70413    0  174 2834.00000 2771.70413  2.20%     -    6s
     0     0 2773.08716    0  219 2834.00000 2773.08716  2.15%     -    7s
     0     0 2774.46960    0  221 2834.00000 2774.46960  2.10%     -    7s
     0     0 2774.50226    0  235 2834.00000 2774.50226  2.10%     -    7s
     0     0 2774.96488    0  190 2834.00000 2774.96488  2.08%     -    7s
     0     0 2775.19124    0  204 2834.00000 2775.19124  2.08%     -    7s
     0     0 2775.74899    0  190 2834.00000 2775.74899  2.06%     -    8s
     0     0 2775.92968    0  188 2834.00000 2775.92968  2.05%     -    8s
     0     0 2775.92968    0  188 2834.00000 2775.92968  2.05%     -    8s
     0     0 2775.92968    0  188 2834.00000 2775.92968  2.05%     -    8s
H    0     0                    2819.0000000 2775.92968  1.53%     -    8s
     0     2 2775.92968    0  185 2819.00000 2775.92968  1.53%     -    9s
     7    16 2776.31053    3  183 2819.00000 2776.10260  1.52%   217   10s
H   64    97                    2812.0000000 2777.86849  1.21%   193   11s
H  158   175                    2806.0000000 2777.86849  1.00%   148   12s
H  289   213                    2801.0000000 2778.67254  0.80%   125   14s
   307   218 2786.43693   11  143 2801.00000 2778.67254  0.80%   124   15s
   742   397 2794.77480   18  120 2801.00000 2781.78514  0.69%  99.1   20s
H 1017   523                    2800.0000000 2783.34472  0.59%  94.6   23s
* 1301   625              35    2799.0000000 2784.35441  0.52%  86.3   24s
  1456   664 2793.65235   21   98 2799.00000 2785.21718  0.49%  84.6   25s
  2386   754 2797.18811   19   31 2799.00000 2788.81219  0.36%  76.0   30s
  3097   725 2797.03950   16  119 2799.00000 2791.31595  0.27%  72.8   35s
  4232   364 2796.56116   16   46 2799.00000 2793.68656  0.19%  70.0   40s

Cutting planes:
  Lift-and-project: 5
  Cover: 220
  Clique: 58
  MIR: 108
  Knapsack: 18
  StrongCG: 83
  GUB cover: 12
  Inf proof: 3
  Zero half: 12
  RLT: 184
  Relax-and-lift: 103
  BQP: 30

Explored 4883 nodes (324344 simplex iterations) in 41.48 seconds (30.39 work units)
Thread count was 22 (of 22 available processors)

Solution count 10: 2799 2800 2801 ... 2910

Optimal solution found (tolerance 1.00e-04)
Best objective 2.799000000000e+03, best bound 2.799000000000e+03, gap 0.0000%

User-callback calls 13281, time in user-callback 0.03 sec
