
Gurobi 13.0.0 (linux64) logging started Mon Jan  5 00:10:54 2026

Set parameter LogFile to value "../experiments/network-n_30_s_1_rp_0-app_set-id_51_22_apps/compact_model_gurobi.log"
Set parameter TimeLimit to value 900
Gurobi Optimizer version 13.0.0 build v13.0.0rc1 (linux64 - "Ubuntu 24.04.3 LTS")

CPU model: Intel(R) Core(TM) Ultra 7 165H, instruction set [SSE2|AVX|AVX2]
Thread count: 22 physical cores, 22 logical processors, using up to 22 threads

Non-default parameters:
TimeLimit  900
LogToConsole  0

Academic license 2539022 - for non-commercial use only - registered to al___@studenti.unimi.it
Optimize a model with 14571 rows, 4290 columns and 35248 nonzeros (Min)
Model fingerprint: 0x510f0b0a
Model has 4290 linear objective coefficients
Model has 100 quadratic constraints
Variable types: 0 continuous, 4290 integer (4290 binary)
Coefficient statistics:
  Matrix range     [1e+00, 9e+02]
  QMatrix range    [5e+01, 2e+02]
  Objective range  [1e+01, 2e+02]
  Bounds range     [1e+00, 1e+00]
  RHS range        [1e+00, 1e+09]
  QRHS range       [1e+02, 6e+02]
Presolve removed 13411 rows and 2261 columns
Presolve time: 0.13s
Presolved: 21072 rows, 21841 columns, 121794 nonzeros
Variable types: 0 continuous, 21841 integer (21841 binary)
Deterministic concurrent LP optimizer: primal and dual simplex
Showing primal log only...

Concurrent spin time: 0.00s

Solved with dual simplex

Root relaxation: infeasible, 1140 iterations, 0.19 seconds (0.14 work units)

    Nodes    |    Current Node    |     Objective Bounds      |     Work
 Expl Unexpl |  Obj  Depth IntInf | Incumbent    BestBd   Gap | It/Node Time

     0     0 infeasible    0               - infeasible      -     -    0s

Explored 1 nodes (1140 simplex iterations) in 0.96 seconds (0.71 work units)
Thread count was 22 (of 22 available processors)

Solution count 0

Model is infeasible
Best objective -, best bound -, gap -

User-callback calls 600, time in user-callback 0.00 sec
