
Gurobi 13.0.0 (linux64) logging started Sat Jan  3 03:33:16 2026

Set parameter LogFile to value "../experiments/network-n_60_s_0_rp_0-app_set-id_27_14_apps/compact_model_gurobi.log"
Set parameter TimeLimit to value 900
Gurobi Optimizer version 13.0.0 build v13.0.0rc1 (linux64 - "Ubuntu 24.04.3 LTS")

CPU model: Intel(R) Core(TM) Ultra 7 165H, instruction set [SSE2|AVX|AVX2]
Thread count: 22 physical cores, 22 logical processors, using up to 22 threads

Non-default parameters:
TimeLimit  900
LogToConsole  0

Academic license 2539022 - for non-commercial use only - registered to al___@studenti.unimi.it
Optimize a model with 30884 rows, 5460 columns and 69524 nonzeros (Min)
Model fingerprint: 0xd026f22e
Model has 5460 linear objective coefficients
Model has 200 quadratic constraints
Variable types: 0 continuous, 5460 integer (5460 binary)
Coefficient statistics:
  Matrix range     [1e+00, 9e+02]
  QMatrix range    [5e+01, 2e+02]
  Objective range  [1e+01, 2e+02]
  Bounds range     [1e+00, 1e+00]
  RHS range        [1e+00, 1e+09]
  QRHS range       [1e+02, 6e+02]
Presolve removed 29582 rows and 2974 columns
Presolve time: 0.35s
Presolved: 50926 rows, 51844 columns, 318978 nonzeros
Variable types: 0 continuous, 51844 integer (51844 binary)
Found heuristic solution: objective 5499.0000000
Deterministic concurrent LP optimizer: primal and dual simplex
Showing primal log only...

Concurrent spin time: 0.00s

Solved with dual simplex

Root relaxation: objective 3.085782e+03, 1694 iterations, 0.60 seconds (0.68 work units)

    Nodes    |    Current Node    |     Objective Bounds      |     Work
 Expl Unexpl |  Obj  Depth IntInf | Incumbent    BestBd   Gap | It/Node Time

     0     0 3085.78171    0  221 5499.00000 3085.78171  43.9%     -    2s
H    0     0                    5274.0000000 3085.78171  41.5%     -    2s
H    0     0                    5126.0000000 3085.78171  39.8%     -    2s
H    0     0                    4403.0000000 3085.78171  29.9%     -    3s
H    0     0                    4369.0000000 3085.78171  29.4%     -    3s
H    0     0                    3925.0000000 3085.78171  21.4%     -    3s
H    0     0                    3922.0000000 3085.78171  21.3%     -    3s
H    0     0                    3871.0000000 3116.70499  19.5%     -    4s
H    0     0                    3861.0000000 3116.70499  19.3%     -    4s
     0     0 3116.70499    0  248 3861.00000 3116.70499  19.3%     -    4s
H    0     0                    3850.0000000 3116.70499  19.0%     -    4s
H    0     0                    3638.0000000 3116.70499  14.3%     -    4s
     0     0 3144.53171    0  273 3638.00000 3144.53171  13.6%     -    5s
     0     0 3144.65818    0  277 3638.00000 3144.65818  13.6%     -    5s
     0     0 3159.86250    0  298 3638.00000 3159.86250  13.1%     -    7s
     0     0 3164.05086    0  256 3638.00000 3164.05086  13.0%     -    7s
     0     0 3166.72749    0  263 3638.00000 3166.72749  13.0%     -    7s
     0     0 3167.62316    0  285 3638.00000 3167.62316  12.9%     -    8s
     0     0 3167.68331    0  287 3638.00000 3167.68331  12.9%     -    8s
     0     0 3177.80867    0  271 3638.00000 3177.80867  12.6%     -   10s
H    0     0                    3532.0000000 3177.80867  10.0%     -   10s
H    0     0                    3522.0000000 3177.80867  9.77%     -   10s
H    0     0                    3515.0000000 3177.80867  9.59%     -   10s
H    0     0                    3514.0000000 3177.80867  9.57%     -   10s
H    0     0                    3497.0000000 3182.26716  9.00%     -   11s
H    0     0                    3494.0000000 3182.26716  8.92%     -   11s
H    0     0                    3488.0000000 3182.26716  8.77%     -   11s
H    0     0                    3411.0000000 3182.26716  6.71%     -   11s
     0     0 3182.26716    0  298 3411.00000 3182.26716  6.71%     -   11s
H    0     0                    3409.0000000 3183.15375  6.63%     -   11s
     0     0 3183.15375    0  287 3409.00000 3183.15375  6.63%     -   12s
H    0     0                    3398.0000000 3183.15375  6.32%     -   12s
H    0     0                    3396.0000000 3183.15375  6.27%     -   12s
H    0     0                    3394.0000000 3183.15375  6.21%     -   12s
H    0     0                    3389.0000000 3183.15375  6.07%     -   12s
H    0     0                    3386.0000000 3183.15375  5.99%     -   12s
     0     0 3187.60846    0  285 3386.00000 3187.60846  5.86%     -   13s
H    0     0                    3373.0000000 3189.02430  5.45%     -   14s
     0     0 3189.02430    0  281 3373.00000 3189.02430  5.45%     -   14s
     0     0 3189.80679    0  288 3373.00000 3189.80679  5.43%     -   14s
     0     0 3189.84891    0  287 3373.00000 3189.84891  5.43%     -   14s
     0     0 3189.84891    0  281 3373.00000 3189.84891  5.43%     -   15s
H    0     0                    3352.0000000 3189.84891  4.84%     -   16s
     0     2 3189.84891    0  270 3352.00000 3189.84891  4.84%     -   16s
    31    54 3194.61988    5  285 3352.00000 3192.11851  4.77%   286   20s
H   54    85                    3350.0000000 3192.83222  4.69%   294   22s
H   61    85                    3261.0000000 3192.83222  2.09%   280   22s
H   62    85                    3254.0000000 3192.83222  1.88%   277   22s
H   68    85                    3236.0000000 3192.83222  1.33%   267   22s
H   84   130                    3235.0000000 3192.83222  1.30%   250   24s
   129   169 3208.92978    8  288 3235.00000 3192.83222  1.30%   248   26s
   216   244 3212.32610    9  249 3235.00000 3194.62059  1.25%   242   30s
   333   369 3204.64525   11  229 3235.00000 3194.62059  1.25%   246   35s
   476   493 3204.51905   13  240 3235.00000 3194.94034  1.24%   223   40s
   675   651 3207.69611   20  177 3235.00000 3195.20315  1.23%   206   46s
   828   817 3216.01323   22  178 3235.00000 3195.20315  1.23%   194   51s
  1077  1008 3214.25247   26  163 3235.00000 3195.80651  1.21%   175   56s
  1192  1072 3216.62478   30  155 3235.00000 3195.80651  1.21%   171   60s
  1475  1211 3222.21447   37   99 3235.00000 3197.36293  1.16%   160   65s
  1667  1352 3203.90391   10  233 3235.00000 3197.51299  1.16%   156   70s
  1983  1563 3224.97682   16  175 3235.00000 3197.70157  1.15%   151   76s
  2251  1702 3231.46187   21  205 3235.00000 3198.09815  1.14%   147   82s
  2539  1839 3213.94051   13  200 3235.00000 3198.09815  1.14%   145   87s
  2809  1963 3222.25650   22  179 3235.00000 3198.19649  1.14%   142   92s
  2926  2042     cutoff   27      3235.00000 3198.60910  1.12%   142   95s
  3221  2258 3207.86885    8  175 3235.00000 3199.23297  1.11%   140  101s
  3447  2259 3223.68052   34 9899 3235.00000 3199.23297  1.11%   138  110s
  3460  2268 3224.02829   24  260 3235.00000 3199.23297  1.11%   138  115s
  3484  2284 3221.30363   12  310 3235.00000 3203.41302  0.98%   137  120s
  3509  2300 3206.24044   15  294 3235.00000 3204.57574  0.94%   136  125s
  3527  2312 3212.13104   21  311 3235.00000 3205.26326  0.92%   135  130s
  3546  2325 3223.51080   33  272 3235.00000 3206.36464  0.89%   134  135s
  3568  2340 3221.99051   21  289 3235.00000 3206.97976  0.87%   133  140s
  3576  2345 3227.06085   34  278 3235.00000 3207.30932  0.86%   133  145s
  3580  2353 3207.34323   13  246 3235.00000 3207.34323  0.85%   138  150s
  3608  2389 3209.74128   16  248 3235.00000 3208.47583  0.82%   139  155s
  3671  2427 3225.00348   18  254 3235.00000 3209.29825  0.79%   141  161s
  3751  2435 3218.12298   20  264 3235.00000 3209.29825  0.79%   143  167s
  3855  2459 3220.75651   22  237 3235.00000 3209.74128  0.78%   144  172s
  3957  2468 3220.92071   24  229 3235.00000 3210.32413  0.76%   144  176s
  4053  2459 3227.24741   25  122 3235.00000 3210.32413  0.76%   145  180s
  4225  2479     cutoff   28      3235.00000 3212.39131  0.70%   145  185s
  4449  2479 3222.84714   21  199 3235.00000 3213.35550  0.67%   144  191s
  4508  2533 3225.50440   23  189 3235.00000 3213.36529  0.67%   144  195s
  4804  2562     cutoff   30      3235.00000 3213.62692  0.66%   142  201s
H 5050  2424                    3232.0000000 3213.71155  0.57%   141  203s
  5066  2462 3220.18312   21  132 3232.00000 3213.71155  0.57%   141  205s
  5465  2454 3225.79178   27  152 3232.00000 3215.54381  0.51%   139  210s
  6074  2376 3222.83454   21  209 3232.00000 3216.67091  0.47%   136  216s
  6266  2366     cutoff   26      3232.00000 3216.67091  0.47%   136  221s
  6615  2289 3225.83020   31  168 3232.00000 3218.47837  0.42%   135  226s
  7144  2237 infeasible   31      3232.00000 3219.21243  0.40%   132  232s
  7676  2070 3230.35697   32  118 3232.00000 3220.57112  0.35%   130  237s
  8065  1948 3230.12408   30  163 3232.00000 3220.97429  0.34%   128  240s
  8768  1750     cutoff   38      3232.00000 3221.89763  0.31%   126  246s
  9122  1669 3226.99378   29  135 3232.00000 3222.03632  0.31%   125  250s
 10097  1306     cutoff   30      3232.00000 3223.34334  0.27%   121  256s
 10620  1191 3229.46169   31  153 3232.00000 3223.93525  0.25%   120  260s
 12004   956     cutoff   27      3232.00000 3225.25296  0.21%   115  267s
 12721   749 infeasible   34      3232.00000 3226.20560  0.18%   112  270s
 14035     0     cutoff   37      3232.00000 3227.32095  0.14%   108  276s

Cutting planes:
  Gomory: 5
  Lift-and-project: 3
  Cover: 169
  Clique: 20
  MIR: 145
  Knapsack: 8
  StrongCG: 109
  Flow cover: 93
  GUB cover: 19
  Inf proof: 2
  Zero half: 108
  RLT: 199
  Relax-and-lift: 8
  BQP: 91

Explored 14615 nodes (1551388 simplex iterations) in 276.69 seconds (186.73 work units)
Thread count was 22 (of 22 available processors)

Solution count 10: 3232 3235 3236 ... 3389

Optimal solution found (tolerance 1.00e-04)
Best objective 3.232000000000e+03, best bound 3.232000000000e+03, gap 0.0000%

User-callback calls 56154, time in user-callback 0.28 sec
