
Gurobi 13.0.0 (linux64) logging started Fri Jan  2 02:32:33 2026

Set parameter LogFile to value "../experiments/network-n_50_s_0_rp_0-app_set-id_21_12_apps/compact_model_gurobi.log"
Set parameter TimeLimit to value 900
Gurobi Optimizer version 13.0.0 build v13.0.0rc1 (linux64 - "Ubuntu 24.04.3 LTS")

CPU model: Intel(R) Core(TM) Ultra 7 165H, instruction set [SSE2|AVX|AVX2]
Thread count: 22 physical cores, 22 logical processors, using up to 22 threads

Non-default parameters:
TimeLimit  900
LogToConsole  0

Academic license 2539022 - for non-commercial use only - registered to al___@studenti.unimi.it
Optimize a model with 16899 rows, 3900 columns and 39214 nonzeros (Min)
Model fingerprint: 0xe3b34e01
Model has 3900 linear objective coefficients
Model has 166 quadratic constraints
Variable types: 0 continuous, 3900 integer (3900 binary)
Coefficient statistics:
  Matrix range     [1e+00, 9e+02]
  QMatrix range    [5e+01, 2e+02]
  Objective range  [1e+01, 2e+02]
  Bounds range     [1e+00, 1e+00]
  RHS range        [1e+00, 1e+09]
  QRHS range       [1e+02, 6e+02]
Presolve removed 16028 rows and 2282 columns
Presolve time: 0.19s
Presolved: 20056 rows, 20648 columns, 118937 nonzeros
Variable types: 0 continuous, 20648 integer (20648 binary)
Found heuristic solution: objective 3788.0000000
Deterministic concurrent LP optimizer: primal and dual simplex
Showing primal log only...

Concurrent spin time: 0.00s

Solved with dual simplex

Root relaxation: objective 2.336061e+03, 583 iterations, 0.13 seconds (0.13 work units)

    Nodes    |    Current Node    |     Objective Bounds      |     Work
 Expl Unexpl |  Obj  Depth IntInf | Incumbent    BestBd   Gap | It/Node Time

     0     0 2336.06131    0  125 3788.00000 2336.06131  38.3%     -    0s
     0     0 2336.07872    0  115 3788.00000 2336.07872  38.3%     -    0s
H    0     0                    3041.0000000 2336.07872  23.2%     -    0s
H    0     0                    2988.0000000 2336.07872  21.8%     -    0s
H    0     0                    2954.0000000 2336.07872  20.9%     -    0s
H    0     0                    2678.0000000 2336.07872  12.8%     -    1s
H    0     0                    2671.0000000 2336.07872  12.5%     -    1s
H    0     0                    2608.0000000 2336.07872  10.4%     -    1s
     0     0 2366.60527    0  158 2608.00000 2366.60527  9.26%     -    1s
H    0     0                    2602.0000000 2366.60527  9.05%     -    1s
H    0     0                    2579.0000000 2366.60527  8.24%     -    1s
H    0     0                    2503.0000000 2366.60527  5.45%     -    1s
     0     0 2370.75191    0  162 2503.00000 2370.75191  5.28%     -    1s
     0     0 2370.93769    0  173 2503.00000 2370.93769  5.28%     -    1s
     0     0 2380.22617    0  175 2503.00000 2380.22617  4.91%     -    2s
     0     0 2382.13876    0  168 2503.00000 2382.13876  4.83%     -    2s
     0     0 2382.79632    0  168 2503.00000 2382.79632  4.80%     -    2s
     0     0 2382.82876    0  171 2503.00000 2382.82876  4.80%     -    2s
     0     0 2388.26642    0  163 2503.00000 2388.26642  4.58%     -    2s
     0     0 2390.31576    0  187 2503.00000 2390.31576  4.50%     -    3s
     0     0 2390.47122    0  179 2503.00000 2390.47122  4.50%     -    3s
H    0     0                    2488.0000000 2391.59025  3.87%     -    3s
     0     0 2391.59025    0  190 2488.00000 2391.59025  3.87%     -    3s
     0     0 2391.59449    0  190 2488.00000 2391.59449  3.87%     -    3s
     0     0 2391.59449    0  190 2488.00000 2391.59449  3.87%     -    3s
     0     0 2391.59449    0  187 2488.00000 2391.59449  3.87%     -    3s
H    0     0                    2485.0000000 2391.61962  3.76%     -    3s
H    0     2                    2482.0000000 2391.61962  3.64%     -    4s
     0     2 2391.61962    0  185 2482.00000 2391.61962  3.64%     -    4s
    31    54 2397.86215    5  168 2482.00000 2394.51535  3.52%   165    5s
H   97   143                    2476.0000000 2397.96301  3.15%   129    6s
H   98   143                    2447.0000000 2397.96301  2.00%   129    6s
H  118   143                    2445.0000000 2397.96301  1.92%   130    6s
H  123   143                    2444.0000000 2397.96301  1.88%   130    6s
H  229   272                    2440.0000000 2397.96301  1.72%   114    8s
H  379   409                    2438.0000000 2397.96301  1.64%   101    9s
H  459   499                    2436.0000000 2397.96301  1.56%  93.6    9s
   513   520 2408.25053   17  131 2436.00000 2397.96301  1.56%  89.6   10s
H  529   520                    2432.0000000 2397.96301  1.40%  87.9   10s
H  745   657                    2429.0000000 2399.31361  1.22%  80.0   11s
  1371  1045 infeasible   36      2429.00000 2403.57996  1.05%  66.7   15s
  2230  1436 2413.69666   10  102 2429.00000 2405.50655  0.97%  60.2   20s
  3550  2021 2415.83864   18 1891 2429.00000 2406.81475  0.91%  55.3   26s
  3637  2096 2406.81475   18  167 2429.00000 2406.81475  0.91%  55.5   30s
  4344  2325 2420.13599   29   42 2429.00000 2408.06008  0.86%  56.9   35s
H 4688  2206                    2426.0000000 2408.70765  0.71%  56.0   36s
  6095  2319     cutoff   29      2426.00000 2412.01929  0.58%  52.8   40s
  8546  2061 2421.27966   31   71 2426.00000 2414.84318  0.46%  49.4   45s
 11750  2104     cutoff   32      2426.00000 2417.10862  0.37%  46.4   50s
 14865  1952     cutoff   27      2426.00000 2418.86992  0.29%  45.1   55s
 18431  1279     cutoff   30      2426.00000 2420.71824  0.22%  43.9   60s

Cutting planes:
  Gomory: 3
  Lift-and-project: 1
  Cover: 143
  Clique: 6
  MIR: 109
  Knapsack: 4
  StrongCG: 71
  Flow cover: 45
  GUB cover: 8
  Zero half: 54
  RLT: 42
  Relax-and-lift: 19
  BQP: 4

Explored 20863 nodes (889242 simplex iterations) in 63.83 seconds (28.48 work units)
Thread count was 22 (of 22 available processors)

Solution count 10: 2426 2429 2432 ... 2476

Optimal solution found (tolerance 1.00e-04)
Best objective 2.426000000000e+03, best bound 2.426000000000e+03, gap 0.0000%

User-callback calls 47827, time in user-callback 0.07 sec
