FIXINGS_START
(0, 3, 0)
(1, 0, 0)
(1, 6, 0)
(2, 0, 0)
(2, 9, 0)
(3, 6, 0)
(3, 7, 0)
(4, 0, 0)
(4, 9, 0)
(5, 2, 0)
(6, 6, 0)
(7, 0, 0)
(8, 0, 0)
(10, 0, 0)
(10, 4, 0)
(11, 0, 0)
(12, 0, 0)
(12, 6, 0)
(13, 0, 0)
(14, 0, 0)
(15, 0, 0)
(15, 6, 0)
(16, 0, 0)
(17, 0, 0)
(17, 4, 0)
(18, 0, 0)
(19, 0, 0)
(19, 4, 0)
(20, 0, 0)
(21, 0, 0)
(7, 4, 0)
(7, 7, 0)
(7, 8, 0)
(12, 5, 0)
(12, 8, 0)
(17, 2, 0)
(17, 5, 0)
(17, 6, 0)
(3, 0, 0)
(19, 2, 0)
(16, 1, 13)
(2, 4, 0)
(2, 5, 0)
(2, 6, 0)
(2, 7, 0)
(5, 0, 25)
(15, 1, 0)
(5, 1, 0)
(11, 1, 0)
(9, 0, 0)
(18, 1, 0)
(15, 3, 0)
(15, 8, 0)
(4, 6, 0)
(4, 8, 0)
(20, 1, 0)
(9, 1, 0)
(8, 1, 0)
(0, 2, 0)
(9, 2, 0)
(9, 4, 0)
(18, 2, 34)
(1, 2, 0)
(8, 2, 0)
(13, 1, 18)
(10, 1, 0)
(10, 3, 0)
(19, 8, 0)
(13, 2, 0)
(20, 3, 22)
(20, 4, 0)
(11, 2, 21)
(13, 3, 1)
(10, 6, 0)
(14, 3, 0)
(10, 7, 0)
FIXINGS_END
time 770.738
GUROBI
Status TIME_LIMIT
Runtime 770.7376301288605
NodeCount 8352.0
IterCount 3934319.0
NumVars 8580
NumConstrs 49657
ObjBound 5546.0
ObjBoundC 5545.938413235909
ObjVal inf
MIPGap inf
