
Gurobi 13.0.0 (linux64) logging started Fri Jan  2 02:46:22 2026

Set parameter LogFile to value "../experiments/network-n_50_s_0_rp_0-app_set-id_29_14_apps/compact_model_gurobi.log"
Set parameter TimeLimit to value 900
Gurobi Optimizer version 13.0.0 build v13.0.0rc1 (linux64 - "Ubuntu 24.04.3 LTS")

CPU model: Intel(R) Core(TM) Ultra 7 165H, instruction set [SSE2|AVX|AVX2]
Thread count: 22 physical cores, 22 logical processors, using up to 22 threads

Non-default parameters:
TimeLimit  900
LogToConsole  0

Academic license 2539022 - for non-commercial use only - registered to al___@studenti.unimi.it
Optimize a model with 21611 rows, 4550 columns and 49583 nonzeros (Min)
Model fingerprint: 0x6816d6bb
Model has 4550 linear objective coefficients
Model has 166 quadratic constraints
Variable types: 0 continuous, 4550 integer (4550 binary)
Coefficient statistics:
  Matrix range     [1e+00, 9e+02]
  QMatrix range    [5e+01, 2e+02]
  Objective range  [1e+01, 2e+02]
  Bounds range     [1e+00, 1e+00]
  RHS range        [1e+00, 1e+09]
  QRHS range       [1e+02, 6e+02]
Presolve removed 20456 rows and 2637 columns
Presolve time: 0.23s
Presolved: 23026 rows, 23620 columns, 138074 nonzeros
Variable types: 0 continuous, 23620 integer (23620 binary)
Deterministic concurrent LP optimizer: primal and dual simplex
Showing primal log only...

Concurrent spin time: 0.00s

Solved with dual simplex

Root relaxation: objective 2.822365e+03, 1211 iterations, 0.30 seconds (0.25 work units)

    Nodes    |    Current Node    |     Objective Bounds      |     Work
 Expl Unexpl |  Obj  Depth IntInf | Incumbent    BestBd   Gap | It/Node Time

     0     0 2822.36475    0  181          - 2822.36475      -     -    1s
     0     0 2823.12519    0  174          - 2823.12519      -     -    1s
H    0     0                    5029.0000000 2823.12519  43.9%     -    1s
H    0     0                    4819.0000000 2823.12519  41.4%     -    1s
H    0     0                    4499.0000000 2823.12519  37.2%     -    1s
H    0     0                    3824.0000000 2823.12519  26.2%     -    2s
H    0     0                    3799.0000000 2823.12519  25.7%     -    2s
H    0     0                    3588.0000000 2823.12519  21.3%     -    2s
H    0     0                    3488.0000000 2823.67820  19.0%     -    2s
H    0     0                    3359.0000000 2823.67820  15.9%     -    2s
H    0     0                    3318.0000000 2823.67820  14.9%     -    2s
     0     0 2845.77870    0  162 3318.00000 2845.77870  14.2%     -    2s
H    0     0                    3011.0000000 2845.77870  5.49%     -    2s
     0     0 2853.44293    0  152 3011.00000 2853.44293  5.23%     -    2s
     0     0 2855.17804    0  164 3011.00000 2855.17804  5.18%     -    2s
     0     0 2855.33161    0  161 3011.00000 2855.33161  5.17%     -    2s
     0     0 2860.94012    0  188 3011.00000 2860.94012  4.98%     -    3s
     0     0 2864.16216    0  199 3011.00000 2864.16216  4.88%     -    3s
     0     0 2864.40674    0  188 3011.00000 2864.40674  4.87%     -    3s
     0     0 2869.06303    0  195 3011.00000 2869.06303  4.71%     -    3s
H    0     0                    2957.0000000 2869.06303  2.97%     -    3s
H    0     0                    2943.0000000 2869.06303  2.51%     -    4s
H    0     0                    2935.0000000 2869.06303  2.25%     -    4s
H    0     0                    2931.0000000 2869.06303  2.11%     -    4s
H    0     0                    2928.0000000 2869.06303  2.01%     -    4s
     0     0 2869.17647    0  180 2928.00000 2869.17647  2.01%     -    4s
     0     0 2870.40094    0  158 2928.00000 2870.40094  1.97%     -    4s
H    0     0                    2921.0000000 2870.79435  1.72%     -    4s
H    0     0                    2908.0000000 2870.79435  1.28%     -    4s
     0     0 2870.79435    0  208 2908.00000 2870.79435  1.28%     -    4s
     0     0 2871.07478    0  200 2908.00000 2871.07478  1.27%     -    5s
     0     0 2871.17602    0  173 2908.00000 2871.17602  1.27%     -    5s
     0     0 2871.38782    0  202 2908.00000 2871.38782  1.26%     -    5s
     0     0 2871.39223    0  202 2908.00000 2871.39223  1.26%     -    5s
     0     0 2871.39223    0  202 2908.00000 2871.39223  1.26%     -    5s
     0     0 2871.39223    0  191 2908.00000 2871.39223  1.26%     -    5s
     0     2 2871.39223    0  189 2908.00000 2871.39223  1.26%     -    6s
H   69    93                    2903.0000000 2875.78581  0.94%   201    9s
   143   174 2882.05160   10  174 2903.00000 2875.78581  0.94%   165   10s
H  148   174                    2902.0000000 2875.78581  0.90%   164   10s
H  270   283                    2893.0000000 2875.91877  0.59%   142   12s
   568   432 2879.77806    7  148 2893.00000 2876.61849  0.57%   106   15s
  1177   614 2883.26095   11   83 2893.00000 2878.79967  0.49%  84.4   20s
  1775   720 2890.60174   11  174 2893.00000 2880.02415  0.45%  76.6   25s
  2560   757     cutoff   12      2893.00000 2881.77804  0.39%  73.9   30s
  3157   736     cutoff   11      2893.00000 2882.81570  0.35%  73.5   36s
  3667   652     cutoff   15      2893.00000 2883.59755  0.33%  72.5   41s
  4253   522     cutoff   13      2893.00000 2884.71659  0.29%  72.1   45s

Cutting planes:
  Gomory: 1
  Lift-and-project: 6
  Cover: 181
  Implied bound: 1
  Clique: 25
  MIR: 155
  Knapsack: 12
  StrongCG: 100
  GUB cover: 13
  Zero half: 6
  RLT: 149
  Relax-and-lift: 71
  BQP: 90

Explored 5407 nodes (380013 simplex iterations) in 49.91 seconds (22.21 work units)
Thread count was 22 (of 22 available processors)

Solution count 10: 2893 2902 2903 ... 2957

Optimal solution found (tolerance 1.00e-04)
Best objective 2.893000000000e+03, best bound 2.893000000000e+03, gap 0.0000%

User-callback calls 14369, time in user-callback 0.03 sec
