
Gurobi 13.0.0 (linux64) logging started Sun Jan 18 03:38:07 2026

Set parameter LogFile to value "../experiments/network-n_60_s_1_rp_0-app_set-id_47_20_apps/submip_30_epr1_model_gurobi.log"
Set parameter TimeLimit to value 8.2499626117601292e+02
Gurobi Optimizer version 13.0.0 build v13.0.0rc1 (linux64 - "Ubuntu 24.04.3 LTS")

CPU model: Intel(R) Core(TM) Ultra 7 165H, instruction set [SSE2|AVX|AVX2]
Thread count: 22 physical cores, 22 logical processors, using up to 22 threads

Non-default parameters:
TimeLimit  8.2499626117601292e+02
LogToConsole  0

Academic license 2539022 - for non-commercial use only - registered to al___@studenti.unimi.it
Optimize a model with 54364 rows, 7800 columns and 119693 nonzeros (Min)
Model fingerprint: 0x91d22fc4
Model has 7800 linear objective coefficients
Model has 206 quadratic constraints
Variable types: 0 continuous, 7800 integer (7800 binary)
Coefficient statistics:
  Matrix range     [1e+00, 9e+02]
  QMatrix range    [5e+01, 2e+02]
  Objective range  [1e+01, 2e+02]
  Bounds range     [1e+00, 1e+00]
  RHS range        [1e+00, 1e+09]
  QRHS range       [1e+02, 6e+02]

MIP start from previous solve did not produce a new incumbent solution
MIP start from previous solve violates constraint fixed_app_6_microservice_5 by 1.000000000

Presolve removed 53699 rows and 6035 columns
Presolve time: 0.07s
Presolved: 16555 rows, 17452 columns, 103277 nonzeros
Variable types: 0 continuous, 17452 integer (17452 binary)
Performing another presolve...
Presolve removed 748 rows and 1018 columns
Presolve time: 0.33s

Root relaxation: objective 4.908402e+03, 3202 iterations, 0.46 seconds (0.46 work units)

    Nodes    |    Current Node    |     Objective Bounds      |     Work
 Expl Unexpl |  Obj  Depth IntInf | Incumbent    BestBd   Gap | It/Node Time

     0     0 4908.40174    0  215          - 4908.40174      -     -    1s
     0     0 4908.40199    0  214          - 4908.40199      -     -    1s
     0     0 4990.02804    0  252          - 4990.02804      -     -    2s
     0     0 5025.18858    0  268          - 5025.18858      -     -    2s
     0     0 5025.59397    0  256          - 5025.59397      -     -    2s
     0     0 5031.21995    0  284          - 5031.21995      -     -    2s
     0     0 5033.04666    0  297          - 5033.04666      -     -    2s
     0     0 5033.30670    0  301          - 5033.30670      -     -    2s
     0     0 5089.66219    0  295          - 5089.66219      -     -    4s
     0     0 5108.69711    0  329          - 5108.69711      -     -    4s
     0     0 5117.36296    0  362          - 5117.36296      -     -    5s
     0     0 5118.61103    0  385          - 5118.61103      -     -    5s
     0     0 5143.56309    0  335          - 5143.56309      -     -    6s
     0     0 5144.69798    0  334          - 5144.69798      -     -    6s
     0     0 5144.69798    0  324          - 5144.69798      -     -    6s
     0     2 5144.71267    0  322          - 5144.71267      -     -    8s
    31    52 5167.76691    5  305          - 5160.11161      -   348   10s
   357   387 5199.39301   13  262          - 5161.63716      -   205   15s
   565   605 5220.51581   21  253          - 5161.63716      -   201   20s
   872   912 5273.45834   37  225          - 5161.63716      -   190   25s
  1117  1139 5315.57566   54  202          - 5161.63716      -   190   30s
  1360  1376 5387.09736   79  191          - 5161.63716      -   180   35s
  1582  1576 5435.18578   86  191          - 5161.63716      -   172   40s
  1841  1755 5187.94717    9  258          - 5161.63716      -   167   46s
  2042  1961 5204.81056   11  245          - 5161.63716      -   166   50s
  2412  2211 5219.06185   12  217          - 5161.63716      -   165   55s
  2811  2552 5284.55415   22  223          - 5161.63716      -   166   60s
  3182  2865 5337.31504   33  172          - 5161.63716      -   167   65s
H 3414  2854                    5817.0000000 5161.63716  11.3%   166   65s
  3752  3093 5276.87598   17 7591 5817.00000 5161.63716  11.3%   162   72s
  3754  3094 5241.61498   15  218 5817.00000 5161.63716  11.3%   162   75s
  3765  3102 5790.96471   62  396 5817.00000 5176.91549  11.0%   161   80s
  3784  3114 5455.81000   48  463 5817.00000 5214.72976  10.4%   160   85s
  3803  3127 5278.81003   29  436 5817.00000 5228.55534  10.1%   160   90s
  3823  3140 5428.29424   43  465 5817.00000 5232.55063  10.0%   159   95s
  3841  3152 5470.16808   52  443 5817.00000 5236.78194  10.0%   158  100s
  3861  3166 5241.94085   10  466 5817.00000 5241.94085  9.89%   157  105s
  3874  3174 5519.53149   66  490 5817.00000 5245.85217  9.82%   157  110s
  3895  3188 5302.87821   18  488 5817.00000 5247.76605  9.79%   156  115s
  3917  3203 5318.66814   31  490 5817.00000 5248.74109  9.77%   155  120s
  3938  3217 5449.76662   56  491 5817.00000 5250.05824  9.75%   154  125s
  3955  3228 5505.97733   69  491 5817.00000 5250.58379  9.74%   153  130s
  3967  3238 5250.70392   33 7591 5817.00000 5250.70392  9.74%   161  135s
  3972  3241 5403.31588   28  363 5817.00000 5250.73087  9.73%   161  140s
  3986  3251 5254.14914   10  467 5817.00000 5254.14914  9.68%   161  145s
  4005  3263 5340.22015   46  441 5817.00000 5254.15346  9.68%   160  150s
  4022  3275 5254.15346   12  445 5817.00000 5254.15346  9.68%   159  155s
  4042  3288 5256.74523   19  443 5817.00000 5256.74523  9.63%   158  160s
  4063  3302 5452.70959   10  452 5817.00000 5259.67285  9.58%   157  165s
  4080  3313 5262.01212   14  467 5817.00000 5262.01212  9.54%   157  170s
  4094  3323 5262.82620   20  464 5817.00000 5262.82620  9.53%   156  177s
  4095  3326 5264.38905   23  435 5817.00000 5262.88181  9.53%   163  180s
  4109  3350 5373.19824   26  389 5817.00000 5277.83685  9.27%   165  188s
  4125  3366 5379.26561   27  431 5817.00000 5279.15219  9.25%   169  194s
  4147  3402 5399.01251   28  385 5817.00000 5280.50268  9.22%   173  200s
  4190  3433 5403.46228   29  408 5817.00000 5280.73595  9.22%   177  205s
  4235  3465 5407.26986   30  392 5817.00000 5280.73595  9.22%   183  210s
  4282  3496 5432.23677   31  373 5817.00000 5280.73595  9.22%   188  215s
  4375  3548 5442.60234   33  375 5817.00000 5280.73595  9.22%   199  224s
  4412  3569 5446.69066   34  362 5817.00000 5280.73595  9.22%   203  228s
  4445  3597 5449.48169   35  356 5817.00000 5280.73595  9.22%   205  232s
  4484  3620 5459.61986   36  366 5817.00000 5280.73595  9.22%   208  235s
  4570  3683 5459.24162   38  328 5817.00000 5280.73595  9.22%   214  243s
  4618  3714 5494.61827   39  317 5817.00000 5280.73595  9.22%   219  247s
  4669  3738 5468.64620   40  300 5817.00000 5280.73595  9.22%   222  250s
H 4700  3559                    5796.0000000 5280.73595  8.89%   224  250s
  4760  3606 5566.49014   41  277 5796.00000 5280.73595  8.89%   229  258s
  4802  3633 5506.42475   42  344 5796.00000 5280.73595  8.89%   232  263s
  4849  3660 5549.99532   42  266 5796.00000 5280.73595  8.89%   236  267s
  4894  3694 5556.39769   43  292 5796.00000 5280.73595  8.89%   239  271s
  4945  3718 5546.22249   43  293 5796.00000 5280.73595  8.89%   242  275s
  5003  3749 5563.73193   45  297 5796.00000 5280.73595  8.89%   245  280s
  5064  3785 5664.67522   46  275 5796.00000 5288.60764  8.75%   248  285s
  5130  3817 5586.79569   48  290 5796.00000 5288.60764  8.75%   252  290s
  5198  3836 5652.45198   49  267 5796.00000 5288.60764  8.75%   256  295s
  5245  3863 5593.68162   50  291 5796.00000 5298.71920  8.58%   258  300s
  5308  3896     cutoff   50      5796.00000 5298.73051  8.58%   260  306s
  5391  3955 5700.89390   52  227 5796.00000 5298.73051  8.58%   263  311s
  5489  4014     cutoff   56      5796.00000 5298.92980  8.58%   265  316s
  5630  4058 5352.27846   31  358 5796.00000 5298.92980  8.58%   267  322s
  5784  4093 5394.42989   36  316 5796.00000 5300.56628  8.55%   270  327s
  5934  4145 5435.19052   43  270 5796.00000 5307.29697  8.43%   273  333s
  6069  4212 5765.85089   49  246 5796.00000 5307.29697  8.43%   275  339s
  6280  4254 5555.53097   56  286 5796.00000 5309.87626  8.39%   277  346s
  6454  4340 5401.37009   31  339 5796.00000 5314.02283  8.32%   280  352s
  6622  4385 5454.59413   37  279 5796.00000 5314.02283  8.32%   283  359s
  6737  4502 5491.12061   39  237 5796.00000 5314.02283  8.32%   285  366s
  6952  4601 5554.45054   40  251 5796.00000 5316.78871  8.27%   287  373s
  7170  4620 5558.94470   44  207 5796.00000 5317.95954  8.25%   290  381s
  7291  4776 5648.08767   48  144 5796.00000 5317.95954  8.25%   292  388s
  7573  4794 infeasible   66      5796.00000 5319.23400  8.23%   293  396s
  7741  4939 5390.75982   29  391 5796.00000 5319.23400  8.23%   295  404s
  8035  4968 5442.73146   35  344 5796.00000 5319.23400  8.23%   296  412s
  8242  5038 5504.61295   43  275 5796.00000 5319.23400  8.23%   299  420s
  8497  5134 5681.23256   46  295 5796.00000 5319.23400  8.23%   302  429s
  8737  5279 5392.53917   32  280 5796.00000 5320.64886  8.20%   306  438s
  9076  5243 5487.86116   44  240 5796.00000 5320.64886  8.20%   306  447s
  9180  5424 5606.49920   60  232 5796.00000 5320.64886  8.20%   306  457s
  9478  5504 5392.65897   37  294 5796.00000 5320.64886  8.20%   308  467s
  9807  5649 5417.60775   41  280 5796.00000 5326.86434  8.09%   308  477s
 10212  5659 5590.57762   59  237 5796.00000 5326.86434  8.09%   307  488s
 10596  5823 5483.94423   34  342 5796.00000 5331.65870  8.01%   307  499s
 10936  5991 5648.39545   49  291 5796.00000 5331.65870  8.01%   308  510s
 11368  6035 5447.30038   40  287 5796.00000 5339.24827  7.88%   309  522s
 11639  6230 5478.75819   43  254 5796.00000 5348.26862  7.72%   312  533s
H11943  5838                    5744.0000000 5348.90977  6.88%   314  533s
H11949  5237                    5677.0000000 5348.90977  5.78%   314  533s
 12058  5489     cutoff   51      5677.00000 5348.90977  5.78%   315  546s
 12605  5467 5509.92011   43  245 5677.00000 5352.68498  5.71%   315  559s
 12833  5837 5618.87605   53  204 5677.00000 5354.77517  5.68%   315  572s
 13417  6089 5597.38538   45  282 5677.00000 5354.82237  5.68%   315  585s
 13919  6228 5479.13562   39  299 5677.00000 5354.82237  5.68%   318  600s
 14253  6503 5645.47046   46  188 5677.00000 5354.82237  5.68%   320  614s
 14889  6765 5428.91498   35  372 5677.00000 5364.90985  5.50%   320  630s
 15337  7082 5606.26956   44  331 5677.00000 5365.63895  5.48%   321  646s
 15980  7360 5655.81063   56  189 5677.00000 5370.15027  5.41%   322  662s
 16504  7757 5424.74957   40  330 5677.00000 5370.18175  5.40%   325  679s
 17225  8170 5595.22318   40  251 5677.00000 5373.42910  5.35%   325  696s
 17928  8433     cutoff   46      5677.00000 5373.42910  5.35%   326  715s
 18534  8905 5497.18657   46  294 5677.00000 5377.40847  5.28%   327  734s
 19274  9122 5589.08197   34  238 5677.00000 5380.28063  5.23%   327  753s
H19511  9095                    5675.0000000 5380.49925  5.19%   327  753s
 19679  9609 5475.97128   34  320 5675.00000 5380.75939  5.18%   326  773s
 20550 10129 5462.50917   33  297 5675.00000 5383.98693  5.13%   326  793s
 21459 10367 5430.58003   36  326 5675.00000 5386.30647  5.09%   325  815s
 21908 10617 5595.90615   52  248 5675.00000 5386.30647  5.09%   325  825s

Cutting planes:
  Gomory: 3
  Cover: 674
  Implied bound: 1
  Clique: 98
  MIR: 512
  Knapsack: 16
  StrongCG: 292
  Flow cover: 605
  GUB cover: 41
  Zero half: 87
  Mod-K: 2
  RLT: 138
  Relax-and-lift: 167
  BQP: 10

Explored 22367 nodes (7269778 simplex iterations) in 825.06 seconds (671.43 work units)
Thread count was 22 (of 22 available processors)

Solution count 5: 5675 5677 5744 ... 5817

Time limit reached
Best objective 5.675000000000e+03, best bound 5.387000000000e+03, gap 5.0749%

User-callback calls 153446, time in user-callback 0.93 sec
Set parameter LogToConsole to value 0
