
Gurobi 13.0.0 (linux64) logging started Mon Jan 19 01:45:17 2026

Set parameter LogFile to value "../experiments/network-n_60_s_2_rp_0-app_set-id_69_28_apps/submip_30_epr1_model_gurobi.log"
Set parameter TimeLimit to value 7.8330798037997738e+02
Gurobi Optimizer version 13.0.0 build v13.0.0rc1 (linux64 - "Ubuntu 24.04.3 LTS")

CPU model: Intel(R) Core(TM) Ultra 7 165H, instruction set [SSE2|AVX|AVX2]
Thread count: 22 physical cores, 22 logical processors, using up to 22 threads

Non-default parameters:
TimeLimit  7.8330798037997738e+02
LogToConsole  0

Academic license 2539022 - for non-commercial use only - registered to al___@studenti.unimi.it
Optimize a model with 76083 rows, 10920 columns and 167917 nonzeros (Min)
Model fingerprint: 0x814f2f44
Model has 10920 linear objective coefficients
Model has 190 quadratic constraints
Variable types: 0 continuous, 10920 integer (10920 binary)
Coefficient statistics:
  Matrix range     [1e+00, 9e+02]
  QMatrix range    [5e+01, 2e+02]
  Objective range  [1e+01, 2e+02]
  Bounds range     [1e+00, 1e+00]
  RHS range        [1e+00, 1e+09]
  QRHS range       [1e+02, 6e+02]
Presolve removed 74416 rows and 7738 columns
Presolve time: 0.14s
Presolved: 33447 rows, 34775 columns, 220241 nonzeros
Variable types: 0 continuous, 34775 integer (34775 binary)
Performing another presolve...
Presolve removed 2113 rows and 2344 columns
Presolve time: 0.70s
Deterministic concurrent LP optimizer: primal and dual simplex
Showing primal log only...

Concurrent spin time: 0.02s

Solved with dual simplex

Root relaxation: objective 6.437358e+03, 4744 iterations, 1.01 seconds (0.98 work units)

    Nodes    |    Current Node    |     Objective Bounds      |     Work
 Expl Unexpl |  Obj  Depth IntInf | Incumbent    BestBd   Gap | It/Node Time

     0     0 6437.35789    0  319          - 6437.35789      -     -    2s
     0     0 6474.64496    0  405          - 6474.64496      -     -    3s
     0     0 6634.07821    0  410          - 6634.07821      -     -    5s
     0     0 6697.19044    0  435          - 6697.19044      -     -    6s
     0     0 6697.21247    0  433          - 6697.21247      -     -    6s
     0     0 6701.62741    0  442          - 6701.62741      -     -    7s
     0     0 6703.34761    0  438          - 6703.34761      -     -    7s
     0     0 6703.57909    0  444          - 6703.57909      -     -    7s
     0     0 7072.67728    0  378          - 7072.67728      -     -   10s
     0     0 7113.90368    0  398          - 7113.90368      -     -   11s
     0     0 7137.89469    0  413          - 7137.89469      -     -   13s
     0     0 7143.70432    0  440          - 7143.70432      -     -   14s
     0     0 7145.11670    0  468          - 7145.11670      -     -   14s
     0     0 7207.25662    0  442          - 7207.25662      -     -   17s
     0     0 7248.91877    0  457          - 7248.91877      -     -   20s
     0     0 7258.78963    0  501          - 7258.78963      -     -   21s
     0     0 7309.43803    0  481          - 7309.43803      -     -   25s
     0     0 7334.28929    0  494          - 7334.28929      -     -   27s
     0     0 7341.42262    0  528          - 7341.42262      -     -   28s
     0     0 7349.80378    0  490          - 7349.80378      -     -   29s
     0     0 7349.80424    0  477          - 7349.80424      -     -   29s
     0     0 7349.80424    0  467          - 7349.80424      -     -   29s
     0     2 7349.80436    0  451          - 7349.80436      -     -   32s
    15    32 7354.41979    4  456          - 7352.53277      -   392   37s
    53    85 7365.37408    6  433          - 7356.27969      -   617   42s
   144   179 7369.87909   10  430          - 7356.77234      -   462   47s
   178   210 7443.89744   11  434          - 7356.77234      -   527   50s
   248   260 7386.26468   13  404          - 7356.77234      -   603   58s
   284   281 7406.55801   14  397          - 7356.77234      -   642   61s
   353   336 7414.05386   16  398          - 7356.77234      -   642   67s
   418   389 7429.19098   18  402          - 7356.77234      -   652   73s
   450   419 7429.91401   19  397          - 7356.77234      -   657   76s
   511   473 7450.28006   20  401          - 7356.77234      -   663   82s
   542   498 7452.31749   21  421          - 7356.77234      -   660   85s
   600   549 7496.92056   22  417          - 7356.77234      -   664   91s
   653   600 7506.18292   24  415          - 7356.77234      -   661   97s
   702   645 7513.50737   26  408          - 7356.77234      -   649  102s
   725   667 7519.07920   27  393          - 7356.77234      -   644  105s
   769   708 7518.05178   28  397          - 7356.77234      -   633  111s
   791   728 7531.42287   28  425          - 7356.77234      -   629  115s
   837   772 7522.28350   31  391          - 7356.77234      -   621  121s
   859   794 7522.66270   32  387          - 7356.77234      -   615  125s
   912   830 infeasible   39               - 7356.77234      -   604  132s
   935   853 7569.74822   40  385          - 7356.77234      -   605  136s
   964   871 7614.67041   45  382          - 7356.77234      -   603  140s
  1015   897 7618.21842   47  389          - 7356.77234      -   597  148s
  1045   914 7618.81904   48  388          - 7356.77234      -   600  153s
  1073   930 7618.98019   49  378          - 7356.77234      -   601  157s
  1097   950 7619.49005   50  379          - 7356.77234      -   596  162s
  1126   995 7620.55560   51  378          - 7356.77234      -   594  166s
  1178  1015 7621.51516   52  374          - 7356.77234      -   586  172s
  1208  1044 7625.47934   53  380          - 7356.77234      -   585  178s
  1247  1062 7629.77345   54  371          - 7357.01327      -   583  183s
  1282  1099 7630.42048   55  370          - 7357.01327      -   582  188s
  1328  1157 7641.60283   56  378          - 7357.01327      -   577  194s
  1392  1210 7645.67287   57  377          - 7357.01327      -   565  199s
  1462  1279 7651.38646   58  386          - 7357.01327      -   554  205s
  1555  1341 7651.98524   59  386          - 7357.01327      -   540  212s
  1654  1415 7664.26437   60  379          - 7357.01327      -   530  218s
  1757  1518 7674.15657   61  380          - 7357.01327      -   520  224s
  1878  1641 7676.82128   62  387          - 7357.01327      -   508  232s
  2017  1742 7679.07422   63  368          - 7357.01327      -   499  239s
  2145  1829 7694.28711   64  389          - 7357.01327      -   492  247s
  2262  1952 7698.17323   65  383          - 7357.01327      -   492  254s
  2405  2068 7699.48003   66  383          - 7357.01327      -   484  262s
  2541  2205 7736.67292   70  377          - 7357.01327      -   481  270s
  2713  2326 7786.87014   77  362          - 7357.01327      -   472  278s
  2885  2455 7868.17708   87  327          - 7357.67547      -   470  286s
  3074  2582 7930.62833   96  343          - 7357.67547      -   466  295s
  3275  2681 8077.61690  109  330          - 7357.67547      -   463  304s
  3450  2819 7429.77091   13  368          - 7359.48076      -   465  313s
  3627  3015 7497.07637   18  330          - 7359.48076      -   468  323s
  3864  3245 7515.17445   26  353          - 7359.48076      -   466  332s
  4137  3517 7585.09697   33  330          - 7359.48076      -   464  345s
  4465  3811 7615.89696   46  313          - 7359.48076      -   462  355s
  4814  4072 7661.43822   66  342          - 7359.48076      -   457  365s
  5147  4300 infeasible   68               - 7364.17183      -   455  376s
  5449  4548 7777.03028   73  333          - 7364.17183      -   459  387s
  5765  4816 7833.58946   76  334          - 7364.17183      -   460  398s
  6126  4817 8221.22911   84 14450          - 7364.17183      -   459  408s
  6128  4818 7620.55621   52  341          - 7364.17183      -   459  415s
  6130  4820 7607.45378   26  401          - 7364.17183      -   459  429s
  6131  4820 7997.51475   68  535          - 7364.17183      -   458  442s
  6132  4821 7755.33144   31  464          - 7364.17183      -   458  446s
  6133  4822 7742.26654   56  556          - 7364.17183      -   458  452s
  6134  4822 7518.34072   27  541          - 7364.17183      -   458  456s
  6139  4826 8062.42210   92  572          - 7364.17183      -   458  462s
  6141  4827 7776.82855   80  599          - 7394.63272      -   458  471s
  6143  4828 7797.34560   67  643          - 7405.95110      -   458  477s
  6145  4830 7436.15671   18  719          - 7415.29005      -   457  483s
  6147  4831 8150.31686  121  653          - 7423.18971      -   457  488s
  6149  4832 7629.16881   41  663          - 7428.75869      -   457  492s
  6151  4834 7899.66195   97  674          - 7440.27418      -   457  497s
  6153  4835 7672.55740   26  732          - 7445.11592      -   457  501s
  6158  4838 7611.81518   28  768          - 7448.06112      -   456  505s
  6162  4841 7556.56897   16  761          - 7453.37263      -   456  512s
  6164  4842 7852.39380   49  751          - 7460.46632      -   456  516s
  6166  4844 7692.68497   30  754          - 7466.62843      -   456  520s
  6168  4845 7503.79747   29  736          - 7475.84526      -   456  527s
  6171  4847 7532.07677   31  821          - 7479.06015      -   455  531s
  6179  4852 7578.73076   40  828          - 7480.15412      -   455  535s
  6185  4856 7598.65736   46  802          - 7489.96999      -   454  545s
  6187  4858 7797.53729   97  752          - 7494.65020      -   454  550s
  6189  4859 7501.77149   17  749          - 7501.77149      -   454  555s
  6193  4862 7611.35891   42  789          - 7504.68218      -   454  560s
  6202  4868 7802.87536   74  780          - 7506.95374      -   453  566s
  6203  4868 7684.78969   36  778          - 7510.62013      -   453  570s
  6206  4870 7642.82267   55  813          - 7514.59764      -   453  575s
  6214  4876 7516.10927   25  851          - 7516.10927      -   452  580s
  6228  4885 7620.55621   52  896          - 7516.51996      -   451  586s
  6230  4886 7607.45378   26  832          - 7521.08184      -   451  592s
  6234  4889 7522.67631   27  836          - 7522.67631      -   451  595s
  6243  4895 7797.34560   67  821          - 7524.01506      -   450  600s
  6253  4902 7672.55740   26  839          - 7525.47067      -   449  606s
  6256  4904 7686.36103   38  867          - 7528.75325      -   449  610s
  6266  4910 7692.68497   30  905          - 7529.70025      -   449  617s
  6269  4912 7531.11517   20  827          - 7531.11517      -   448  620s
  6274  4916 7765.44548   70  862          - 7533.85021      -   448  625s
  6285  4923 7598.65736   46  911          - 7534.46621      -   447  632s
  6286  4924 8189.42486  154  871          - 7538.16258      -   447  636s
  6290  4926 7642.13380   28  825          - 7540.26390      -   447  640s
  6297  4931 7553.70341   12  875          - 7541.65122      -   446  645s
  6301  4934 7545.13506   21  824          - 7543.14235      -   446  652s
  6304  4936 7751.88206   73  837          - 7544.07625      -   446  655s
  6312  4941 7733.79828   49  874          - 7544.75367      -   445  660s
  6320  4946 7588.99145   24  905          - 7544.79947      -   445  665s
  6323  4948 7952.77252   75  858          - 7546.91589      -   445  670s
  6335  4956 7737.13613   59  881          - 7547.43739      -   444  676s
  6339  4959 8062.42210   92  909          - 7549.15911      -   443  681s
  6346  4964 7629.43098   41  942          - 7549.67159      -   443  685s
  6349  4966 7629.16881   41  956          - 7550.23524      -   443  691s
  6352  4968 7861.51402   78  910          - 7552.18662      -   442  695s
  6356  4970 7686.36103   38  892          - 7552.72569      -   442  700s
  6359  4972 7665.16676   80  911          - 7554.99171      -   442  705s
  6366  4977 7692.68497   30  956          - 7556.25117      -   442  710s
  6370  4980 8498.99459  156  952          - 7556.94509      -   441  715s
  6375  4983 7557.73295   14  935          - 7557.73295      -   441  720s
  6389  4992 7558.06754   17  956          - 7558.06754      -   440  731s
  6390  4993 7642.13380   28  894          - 7563.68184      -   440  739s
  6391  4994 7612.68644   46  874          - 7563.93736      -   440  740s
  6395  4996 7806.39903   90  911          - 7565.94373      -   440  745s
  6404  5002 7751.88206   73  943          - 7566.33665      -   439  750s
  6411  5007 7566.45261    7  942          - 7566.45261      -   438  757s
  6412  5008 7733.79828   49  902          - 7571.32269      -   438  763s
  6413  5008 7571.32269   10  884          - 7571.32269      -   438  765s
  6417  5011 7576.10113   36  902          - 7572.26253      -   438  770s
  6424  5016 7573.60627   25  912          - 7573.60627      -   438  775s
  6434  5022 7573.90452   27  932          - 7573.90452      -   437  781s

Cutting planes:
  Gomory: 5
  Cover: 164
  Implied bound: 1
  Clique: 43
  MIR: 272
  Knapsack: 24
  StrongCG: 158
  Flow cover: 796
  GUB cover: 15
  Zero half: 35
  RLT: 114
  Relax-and-lift: 169
  BQP: 11

Explored 6435 nodes (3064483 simplex iterations) in 783.36 seconds (798.13 work units)
Thread count was 22 (of 22 available processors)

Solution count 0

Time limit reached
Best objective -, best bound 7.575000000000e+03, gap -

User-callback calls 78087, time in user-callback 0.47 sec
Set parameter LogToConsole to value 0
