FIXINGS_START
(0, 0, 0)
(0, 4, 0)
(1, 0, 0)
(2, 0, 0)
(3, 0, 0)
(3, 6, 0)
(4, 0, 0)
(5, 0, 0)
(5, 4, 0)
(6, 0, 0)
(6, 9, 0)
(7, 0, 0)
(7, 6, 0)
(9, 3, 0)
(10, 0, 0)
(11, 8, 0)
(12, 0, 0)
(13, 0, 0)
(14, 0, 0)
(15, 0, 0)
(15, 6, 0)
(16, 0, 0)
(17, 0, 0)
(17, 6, 0)
(18, 0, 0)
(19, 0, 0)
(21, 0, 0)
(22, 0, 0)
(22, 4, 0)
(23, 7, 0)
(24, 0, 0)
(24, 1, 0)
(25, 9, 0)
(26, 0, 0)
(26, 6, 0)
(27, 0, 0)
(25, 6, 0)
(22, 3, 0)
(27, 3, 0)
(20, 0, 0)
(15, 1, 0)
(11, 0, 0)
(14, 1, 8)
(22, 5, 0)
(5, 1, 0)
(8, 1, 0)
(12, 2, 0)
(20, 1, 0)
(13, 2, 0)
(3, 7, 0)
(22, 7, 0)
(5, 5, 0)
(1, 2, 0)
(5, 7, 0)
(14, 2, 0)
(17, 4, 0)
(18, 2, 0)
(5, 8, 0)
(17, 5, 0)
(2, 3, 26)
(23, 0, 0)
(26, 4, 33)
(6, 4, 0)
(11, 1, 0)
(20, 2, 0)
(24, 2, 0)
(17, 7, 0)
(18, 4, 0)
(20, 4, 0)
(2, 4, 0)
(21, 1, 0)
(23, 2, 32)
(15, 2, 0)
(10, 3, 0)
(15, 7, 0)
(21, 3, 0)
(8, 2, 0)
(13, 3, 15)
(7, 2, 0)
(8, 3, 0)
(8, 4, 0)
(8, 5, 0)
(23, 4, 0)
(23, 5, 0)
(4, 1, 0)
(13, 4, 13)
(11, 2, 0)
(4, 3, 40)
(23, 6, 6)
(11, 3, 0)
(11, 4, 0)
(23, 8, 0)
(11, 5, 0)
(10, 4, 0)
(11, 7, 0)
FIXINGS_END
time 754.659
GUROBI
Status TIME_LIMIT
Runtime 754.659196138382
NodeCount 4074.0
IterCount 2170030.0
NumVars 10920
NumConstrs 76098
ObjBound 7881.0
ObjBoundC 7880.446646953846
ObjVal inf
MIPGap inf
