
Gurobi 13.0.0 (linux64) logging started Mon Jan  5 00:19:12 2026

Set parameter LogFile to value "../experiments/network-n_30_s_2_rp_0-app_set-id_60_25_apps/compact_model_gurobi.log"
Set parameter TimeLimit to value 900
Gurobi Optimizer version 13.0.0 build v13.0.0rc1 (linux64 - "Ubuntu 24.04.3 LTS")

CPU model: Intel(R) Core(TM) Ultra 7 165H, instruction set [SSE2|AVX|AVX2]
Thread count: 22 physical cores, 22 logical processors, using up to 22 threads

Non-default parameters:
TimeLimit  900
LogToConsole  0

Academic license 2539022 - for non-commercial use only - registered to al___@studenti.unimi.it
Optimize a model with 9914 rows, 4860 columns and 26268 nonzeros (Min)
Model fingerprint: 0x45288a4b
Model has 4860 linear objective coefficients
Model has 100 quadratic constraints
Variable types: 0 continuous, 4860 integer (4860 binary)
Coefficient statistics:
  Matrix range     [1e+00, 9e+02]
  QMatrix range    [5e+01, 2e+02]
  Objective range  [1e+01, 2e+02]
  Bounds range     [1e+00, 1e+00]
  RHS range        [1e+00, 1e+09]
  QRHS range       [1e+02, 6e+02]
Presolve removed 8993 rows and 3049 columns
Presolve time: 0.11s
Presolved: 15484 rows, 16162 columns, 89786 nonzeros
Variable types: 0 continuous, 16162 integer (16162 binary)

Root relaxation: infeasible, 1235 iterations, 0.06 seconds (0.07 work units)

    Nodes    |    Current Node    |     Objective Bounds      |     Work
 Expl Unexpl |  Obj  Depth IntInf | Incumbent    BestBd   Gap | It/Node Time

     0     0 infeasible    0               - infeasible      -     -    0s

Explored 1 nodes (1235 simplex iterations) in 0.56 seconds (0.51 work units)
Thread count was 22 (of 22 available processors)

Solution count 0

Model is infeasible
Best objective -, best bound -, gap -

User-callback calls 711, time in user-callback 0.00 sec
