
Gurobi 13.0.0 (linux64) logging started Sat Jan  3 20:45:54 2026

Set parameter LogFile to value "../experiments/network-n_60_s_1_rp_0-app_set-id_48_21_apps/compact_model_gurobi.log"
Set parameter TimeLimit to value 900
Gurobi Optimizer version 13.0.0 build v13.0.0rc1 (linux64 - "Ubuntu 24.04.3 LTS")

CPU model: Intel(R) Core(TM) Ultra 7 165H, instruction set [SSE2|AVX|AVX2]
Thread count: 22 physical cores, 22 logical processors, using up to 22 threads

Non-default parameters:
TimeLimit  900
LogToConsole  0

Academic license 2539022 - for non-commercial use only - registered to al___@studenti.unimi.it
Optimize a model with 66537 rows, 8160 columns and 144672 nonzeros (Min)
Model fingerprint: 0xba5ac2a4
Model has 8160 linear objective coefficients
Model has 206 quadratic constraints
Variable types: 0 continuous, 8160 integer (8160 binary)
Coefficient statistics:
  Matrix range     [1e+00, 9e+02]
  QMatrix range    [5e+01, 2e+02]
  Objective range  [1e+01, 2e+02]
  Bounds range     [1e+00, 1e+00]
  RHS range        [1e+00, 1e+09]
  QRHS range       [1e+02, 6e+02]
Presolve removed 63945 rows and 4723 columns
Presolve time: 0.19s
Presolved: 44360 rows, 45001 columns, 287067 nonzeros
Variable types: 0 continuous, 45001 integer (45001 binary)
Performing another presolve...
Presolve removed 4779 rows and 4978 columns
Presolve time: 1.17s
Deterministic concurrent LP optimizer: primal and dual simplex
Showing primal log only...

Concurrent spin time: 0.17s (can be avoided by choosing Method=3)

Solved with dual simplex

Root relaxation: objective 4.394269e+03, 2853 iterations, 0.65 seconds (0.86 work units)

    Nodes    |    Current Node    |     Objective Bounds      |     Work
 Expl Unexpl |  Obj  Depth IntInf | Incumbent    BestBd   Gap | It/Node Time

     0     0 4394.26883    0  326          - 4394.26883      -     -    2s
     0     0 4394.26886    0  326          - 4394.26886      -     -    2s
     0     0 4466.92623    0  397          - 4466.92623      -     -    6s
     0     0 4561.05940    0  423          - 4561.05940      -     -    7s
     0     0 4584.08916    0  422          - 4584.08916      -     -    7s
     0     0 4588.09336    0  419          - 4588.09336      -     -    8s
     0     0 4588.83824    0  433          - 4588.83824      -     -    8s
     0     0 4588.98671    0  440          - 4588.98671      -     -    8s
     0     0 4640.90463    0  473          - 4640.90463      -     -   10s
     0     0 4683.83543    0  494          - 4683.83543      -     -   11s
     0     0 4707.07982    0  451          - 4707.07982      -     -   11s
     0     0 4718.02406    0  519          - 4718.02406      -     -   12s
     0     0 4720.08523    0  546          - 4720.08523      -     -   12s
     0     0 4772.10061    0  552          - 4772.10061      -     -   14s
     0     0 4795.35004    0  614          - 4795.35004      -     -   15s
     0     0 4801.43189    0  627          - 4801.43189      -     -   16s
     0     0 4839.79810    0  542          - 4839.79810      -     -   18s
     0     0 4845.71656    0  587          - 4845.71656      -     -   19s
     0     0 4854.12372    0  609          - 4854.12372      -     -   20s
     0     0 4854.13062    0  595          - 4854.13062      -     -   20s
     0     0 4854.13062    0  591          - 4854.13062      -     -   20s
     0     2 4854.14669    0  590          - 4854.14669      -     -   25s
    31    54 4870.94538    5  526          - 4860.67042      -   571   31s
   113   151 4874.90136    8  527          - 4868.58675      -   378   35s
   234   272 4884.26083   11  544          - 4868.58675      -   399   41s
   309   341 4885.30999   12  495          - 4868.58675      -   406   45s
   414   425 4888.94612   14  553          - 4868.58675      -   397   52s
   436   447 4892.43973   15  562          - 4868.58675      -   393   55s
   480   488 4890.41125   16  535          - 4868.58675      -   389   61s
   538   542 4893.13785   18  533          - 4868.58675      -   379   68s
   565   571 4893.84955   19  530          - 4868.58675      -   376   72s
   594   595 4910.87842   20  502          - 4868.58675      -   378   76s
   646   654 4908.92140   22  497          - 4868.58675      -   386   83s
   677   689 4911.83358   24  488          - 4868.58675      -   388   86s
   712   723 4918.56604   28  451          - 4868.58675      -   389   90s
   787   792 4920.28415   36  446          - 4868.58675      -   387   97s
   819   827 4922.22557   38  433          - 4868.58675      -   391  100s
   897   911 4931.36053   44  441          - 4868.58675      -   386  107s
   940   933 4939.53715   47  429          - 4868.58675      -   383  110s
  1015  1020 4948.24580   54  432          - 4868.58675      -   377  117s
  1061  1062 4957.73489   59  393          - 4868.58675      -   374  121s
  1103  1122 5034.69042   60  397          - 4868.58675      -   378  126s
  1163  1168 4997.94979   61  430          - 4868.58675      -   371  132s
  1211  1217 4989.15997   65  444          - 4868.58675      -   368  136s
  1263  1254 4998.97258   66  431          - 4868.58675      -   364  141s
  1318  1301 5004.37322   68  434          - 4868.58675      -   360  148s
  1366  1363 5022.98448   70  447          - 4868.58675      -   359  152s
  1428  1424 5069.02985   73  406          - 4868.58675      -   356  157s
  1501  1471 5081.36888   77  375          - 4868.58675      -   354  162s
  1551  1504 5079.45724   80  408          - 4868.58675      -   354  166s
H 1552  1504                    6002.0000000 4868.58675  18.9%   354  166s
  1592  1643 5080.28864   81  422 6002.00000 4868.58675  18.9%   355  170s
  1872  1915 5117.85983   85  444 6002.00000 4868.58675  18.9%   360  179s
  2057  2073 5182.73499   90  408 6002.00000 4868.58675  18.9%   358  185s
  2219  2282 5251.89285   91  404 6002.00000 4868.58675  18.9%   361  190s
  2458  2517 5278.93413   93  393 6002.00000 4868.58675  18.9%   352  196s
  2735  2723 5316.82185   96  374 6002.00000 4868.58675  18.9%   341  202s
  3058  2804 5518.04697  100  363 6002.00000 4868.58675  18.9%   328  209s
  3201  2895 5483.97778  102  326 6002.00000 4868.58675  18.9%   338  219s
  3316  3034 5574.47628  109  339 6002.00000 4868.58675  18.9%   347  225s
  3470  3182     cutoff  121      6002.00000 4868.58675  18.9%   353  234s
  3643  3328 5762.29393  126  326 6002.00000 4868.58675  18.9%   357  243s
  3876  3421 5133.09016   13  561 6002.00000 4868.58675  18.9%   359  251s
  4006  3422 5596.02547   87 18862 6002.00000 4868.58675  18.9%   366  275s
  4008  3423 5064.21015   19  370 6002.00000 4868.58675  18.9%   366  283s
  4009  3424 5036.53629   10  445 6002.00000 4868.58675  18.9%   366  285s
  4011  3425 4887.38557   11  533 6002.00000 4868.58675  18.9%   365  290s
  4013  3427 4946.67298   17  619 6002.00000 4868.58675  18.9%   365  295s
  4016  3429 5061.24534   33  778 6002.00000 4891.91781  18.5%   365  301s
H 4016  3257                    5933.0000000 4893.88885  17.5%   365  302s
  4023  3261 5136.47285   50  791 5933.00000 4897.63762  17.5%   364  305s
  4026  3263 5223.51559   65  801 5933.00000 4908.95522  17.3%   364  310s
  4031  3267 5062.78117   75  822 5933.00000 4919.13805  17.1%   364  315s
H 4037  3107                    5924.0000000 4926.67559  16.8%   363  321s
  4041  3109 5037.89892   43  829 5924.00000 4932.52175  16.7%   363  325s
  4050  3115 4936.91213   19  835 5924.00000 4936.91213  16.7%   362  331s
  4055  3119 5133.44986   72  862 5924.00000 4939.81309  16.6%   361  335s
  4063  3124 5037.55398   48  980 5924.00000 4943.44515  16.6%   361  340s
H 4065  2968                    5919.0000000 4945.30360  16.5%   361  343s
  4072  2973 5096.81378   61  964 5919.00000 4945.56701  16.4%   360  345s
  4080  2978 5390.62130   73  937 5919.00000 4948.24712  16.4%   359  351s
  4083  2980 4951.00555    6  861 5919.00000 4951.00555  16.4%   359  355s
  4093  2987 5209.07416   65  866 5919.00000 4951.40139  16.3%   358  360s
  4099  2991 5568.20016   86  863 5919.00000 4954.81443  16.3%   358  365s
  4104  2994 5280.37088   18  887 5919.00000 4957.80087  16.2%   357  371s
  4112  3000 5238.05127   61  991 5919.00000 4959.17513  16.2%   356  375s
  4116  3002 5061.24534   33  956 5919.00000 4961.26026  16.2%   356  380s
  4123  3007 5136.47285   50  971 5919.00000 4961.68835  16.2%   355  385s
  4131  3012 5062.78117   75  983 5919.00000 4962.78087  16.2%   355  390s
H 4132  2860                    5900.0000000 4963.36107  15.9%   355  392s
H 4132  2715                    5867.0000000 4963.36107  15.4%   355  392s
  4138  2719 5538.21779   85  975 5867.00000 4963.44683  15.4%   354  396s
  4143  2722 5236.80841   92  982 5867.00000 4963.95888  15.4%   354  400s
H 4144  2584                    5827.0000000 4964.28874  14.8%   354  403s
H 4144  2453                    5825.0000000 4964.28874  14.8%   354  403s
  4148  2456 5000.04917   28 1049 5825.00000 4964.72383  14.8%   353  405s
  4156  2461 5241.48749   69 1029 5825.00000 4964.88478  14.8%   353  410s
  4161  2464 4966.76871   20  965 5825.00000 4966.76871  14.7%   352  415s
  4171  2471 5146.25468   36  914 5825.00000 4967.92849  14.7%   351  421s
  4177  2475 4968.57585   11  965 5825.00000 4968.57585  14.7%   351  425s
  4184  2480 5068.61540   46  970 5825.00000 4969.43142  14.7%   350  430s
  4195  2487 5018.36838   23  996 5825.00000 4969.96081  14.7%   349  435s
  4203  2492 5380.63349   81 1022 5825.00000 4970.95767  14.7%   349  440s
  4209  2496 5036.53629   10  989 5825.00000 4971.16499  14.7%   348  446s
  4216  2501 5061.24534   33 1027 5825.00000 4971.36036  14.7%   348  450s
  4225  2507 4971.82020   16 1103 5825.00000 4971.82020  14.6%   347  455s
  4234  2513 5492.28678   94 1094 5825.00000 4972.01442  14.6%   346  461s
  4244  2520 5004.83934    7 1042 5825.00000 4972.61532  14.6%   345  465s
  4253  2526 4973.12232   14  994 5825.00000 4973.12232  14.6%   345  470s
  4256  2528 5241.48749   69 1061 5825.00000 4973.20296  14.6%   344  478s
  4263  2532 5037.55398   48 1038 5825.00000 4973.35222  14.6%   344  480s
  4269  2536 4973.54507   20 1038 5825.00000 4973.54507  14.6%   343  485s
  4278  2542 5034.63164   57  969 5825.00000 4973.84857  14.6%   343  491s
  4284  2546 5068.61540   46  935 5825.00000 4974.35269  14.6%   342  495s
H 4288  2417                    5788.0000000 4974.55154  14.1%   342  497s
  4295  2422 5018.36838   23  920 5788.00000 4974.91077  14.0%   341  500s
  4299  2424 5568.20016   86  927 5788.00000 4974.97135  14.0%   341  538s
  4304  2428 5280.37088   18  966 5788.00000 4975.01729  14.0%   341  540s
  4308  2430 5064.21015   19  962 5788.00000 4975.61860  14.0%   340  545s
  4319  2438 5765.20583  127  945 5788.00000 4976.30733  14.0%   339  550s
  4328  2444 5326.80381   70  918 5788.00000 4976.48832  14.0%   339  555s
  4338  2450 5538.21779   85  903 5788.00000 4976.72558  14.0%   338  560s
  4350  2458 4977.03831   19  880 5788.00000 4977.03831  14.0%   337  565s
  4357  2463 4977.36122   17 1011 5788.00000 4977.36122  14.0%   336  570s
  4364  2468 5077.93193   51 1013 5788.00000 4977.46182  14.0%   336  576s
  4375  2475 5026.63160   65  953 5788.00000 4977.75417  14.0%   335  580s
  4380  2478 5390.62130   73  969 5788.00000 4977.82419  14.0%   335  585s
  4388  2484 5354.54797  117  957 5788.00000 4978.34404  14.0%   334  590s
  4400  2492 5292.84063   47  927 5788.00000 4979.01266  14.0%   333  595s
H 4402  2361                    5730.0000000 4979.32743  13.1%   333  597s
H 4402  2237                    5683.0000000 4979.32743  12.4%   333  598s
H 4406  2121                    5666.0000000 4979.39942  12.1%   333  601s
H 4408  2009                    5654.0000000 4979.41431  11.9%   332  602s
H 4408  1902                    5569.0000000 4979.41431  10.6%   332  603s
  4411  1904 4979.41431   11  956 5569.00000 4979.41431  10.6%   332  606s
  4415  1907 4979.48060   15  949 5569.00000 4979.48060  10.6%   332  610s
  4420  1910 4988.18154   12  972 5569.00000 4979.51694  10.6%   332  615s
  4428  1915 5326.80381   70  929 5569.00000 4979.56086  10.6%   331  621s
  4432  1919 5057.79041   48 18855 5569.00000 4979.56343  10.6%   365  633s
  4434  1920 5492.28678   94  367 5569.00000 4979.56343  10.6%   364  641s
  4436  1922 4983.94198   28  558 5569.00000 4979.56343  10.6%   364  646s
  4437  1922 5569.00000  110  551 5569.00000 4979.56343  10.6%   364  650s
  4439  1924 5123.78582   48  687 5569.00000 4979.56354  10.6%   364  656s
  4440  1924 4980.52256   23  687 5569.00000 4980.52256  10.6%   364  660s
  4442  1926 5048.57931   79  912 5569.00000 4980.52256  10.6%   364  668s
  4443  1926 5236.80841   92  812 5569.00000 4980.52256  10.6%   364  671s
  4447  1929 4980.52256   12  865 5569.00000 4980.52256  10.6%   363  675s
  4456  1935 5241.48749   69  933 5569.00000 4980.52256  10.6%   363  680s
H 4457  1838                    5564.0000000 4980.52256  10.5%   363  682s
  4464  1842 5077.93193   51  921 5564.00000 4980.74443  10.5%   362  685s
  4470  1846 5233.40083   72  916 5564.00000 4981.04671  10.5%   362  690s
  4482  1854 5097.71421   76  944 5564.00000 4981.40144  10.5%   361  695s
  4492  1861 4981.81444   21  900 5564.00000 4981.81444  10.5%   360  700s
  4500  1866 5292.84063   47  956 5564.00000 4982.47817  10.5%   359  705s
  4508  1872 5064.21015   19  944 5564.00000 4983.21362  10.4%   358  710s
  4516  1877 5061.24534   33  946 5564.00000 4983.76469  10.4%   358  715s
  4525  1883 4983.91398   16  966 5564.00000 4983.91398  10.4%   357  720s
H 4527  1788                    5513.0000000 4984.03946  9.59%   357  723s
  4529  1790 5180.47930   59  928 5513.00000 4984.19171  9.59%   357  725s
  4535  1794 5217.59370   78  981 5513.00000 4984.28683  9.59%   356  730s
H 4541  1707                    5511.0000000 4984.61318  9.55%   356  734s
  4542  1707 5048.57931   79  909 5511.00000 4984.61318  9.55%   356  735s
  4550  1713 4986.29238   19  958 5511.00000 4986.29238  9.52%   355  740s
  4560  1719 4988.35850   52 1016 5511.00000 4986.67158  9.51%   354  745s
H 4562  1633                    5508.0000000 4986.77325  9.46%   354  747s
H 4562  1549                    5487.0000000 4986.77325  9.12%   354  747s
H 4562  1469                    5482.0000000 4986.77325  9.03%   354  747s
  4566  1471 4986.92694   16  981 5482.00000 4986.92694  9.03%   354  750s
  4575  1477 5026.63160   65  971 5482.00000 4987.09378  9.03%   353  755s
H 4580  1405                    5480.0000000 4987.15893  8.99%   353  765s
H 4580  1332                    5466.0000000 4987.15893  8.76%   353  766s
H 4580  1263                    5455.0000000 4987.15893  8.58%   353  767s
  4583  1265 4987.16618    6  934 5455.00000 4987.16618  8.58%   353  770s
  4593  1271 5209.07416   65  963 5455.00000 4987.37872  8.57%   352  775s
  4603  1278 5380.63349   81  974 5455.00000 4987.45164  8.57%   351  780s
  4608  1281 5064.21015   19  956 5455.00000 4987.45164  8.57%   351  786s
  4610  1283 5414.60445  115  944 5455.00000 4987.47772  8.57%   351  791s
  4616  1287 5061.24534   33  962 5455.00000 4987.75662  8.57%   350  795s
  4618  1288 5455.00000   99  973 5455.00000 4987.78278  8.56%   350  812s
  4623  1291 5136.47285   50  971 5455.00000 4987.80601  8.56%   350  815s
  4629  1295 5180.47930   59  972 5455.00000 4987.81367  8.56%   349  820s
H 4629  1227                    5447.0000000 4987.81367  8.43%   349  822s
H 4632  1164                    5438.0000000 4987.97856  8.28%   349  831s
H 4632  1102                    5422.0000000 4987.97856  8.00%   349  831s
  4633  1103 5113.85799   66  941 5422.00000 4987.97915  8.00%   349  835s
  4634  1107 4988.84170   28  859 5422.00000 4988.31580  8.00%   364  842s
  4636  1110 4989.66376   29  848 5422.00000 4988.86207  7.99%   364  849s
  4640  1117 4991.09612   30  868 5422.00000 4989.66511  7.97%   365  858s
  4648  1130 4993.36017   31  906 5422.00000 4991.12216  7.95%   369  869s
  4664  1147 4993.90527   32  949 5422.00000 4993.39241  7.90%   379  885s
  4686  1165 4994.24326   33  895 5422.00000 4993.91744  7.90%   388  900s

Cutting planes:
  Gomory: 6
  Lift-and-project: 3
  Cover: 285
  Implied bound: 8
  Clique: 70
  MIR: 317
  Knapsack: 17
  StrongCG: 206
  Flow cover: 1001
  GUB cover: 34
  Zero half: 139
  Mod-K: 3
  RLT: 286
  Relax-and-lift: 406
  BQP: 40

Explored 4712 nodes (1877200 simplex iterations) in 900.03 seconds (1156.70 work units)
Thread count was 22 (of 22 available processors)

Solution count 10: 5422 5438 5447 ... 5511

Time limit reached
Best objective 5.422000000000e+03, best bound 4.994000000000e+03, gap 7.8938%

User-callback calls 174322, time in user-callback 0.84 sec
