FIXINGS_START
(0, 0, 0)
(0, 4, 0)
(1, 0, 0)
(2, 0, 0)
(2, 4, 0)
(4, 4, 0)
(5, 0, 0)
(6, 6, 0)
(6, 7, 0)
(7, 0, 0)
(7, 6, 0)
(8, 0, 0)
(8, 9, 0)
(9, 9, 0)
(10, 0, 0)
(10, 6, 0)
(11, 0, 0)
(12, 0, 0)
(12, 4, 0)
(13, 0, 0)
(14, 2, 0)
(15, 0, 0)
(15, 6, 0)
(16, 0, 0)
(17, 0, 0)
(18, 0, 0)
(18, 6, 0)
(19, 0, 0)
(20, 0, 0)
(8, 2, 0)
(3, 0, 0)
(3, 1, 0)
(3, 5, 0)
(3, 6, 0)
(20, 1, 0)
(7, 1, 0)
(10, 1, 0)
(12, 2, 0)
(7, 2, 18)
(7, 3, 0)
(8, 3, 0)
(10, 3, 0)
(12, 5, 0)
(7, 4, 0)
(13, 1, 16)
(0, 1, 0)
(1, 2, 0)
(2, 2, 0)
(15, 1, 14)
(15, 3, 0)
(15, 5, 0)
(18, 2, 0)
(2, 8, 0)
(1, 3, 0)
(7, 7, 0)
(13, 2, 0)
(20, 2, 0)
(12, 6, 0)
(18, 3, 0)
(18, 4, 0)
(13, 3, 0)
(0, 2, 0)
(9, 0, 0)
(17, 2, 0)
(7, 8, 0)
(8, 4, 0)
(10, 4, 32)
(0, 3, 0)
(10, 8, 0)
(9, 7, 0)
(8, 6, 0)
(10, 9, 0)
FIXINGS_END
found_sol 5310.0 time 0.003
found_sol 5310.0 time 0.441
found_sol 5310.0 time 58.015
found_sol 5309.0 time 113.736
found_sol 5306.0 time 121.450
found_sol 5306.0 time 752.884
time 752.895
GUROBI
Status TIME_LIMIT
Runtime 752.894847869873
NodeCount 58116.0
IterCount 12041650.0
NumVars 8160
NumConstrs 66609
ObjBound 5257.0
ObjBoundC 5256.299435173662
ObjVal 5306.0
MIPGap 0.009234828496042216
