
Gurobi 13.0.0 (linux64) logging started Sun Jan 18 04:08:38 2026

Set parameter LogFile to value "../experiments/network-n_60_s_1_rp_0-app_set-id_48_21_apps/submip_30_epr1_model_gurobi.log"
Set parameter TimeLimit to value 763.49896076
Gurobi Optimizer version 13.0.0 build v13.0.0rc1 (linux64 - "Ubuntu 24.04.3 LTS")

CPU model: Intel(R) Core(TM) Ultra 7 165H, instruction set [SSE2|AVX|AVX2]
Thread count: 22 physical cores, 22 logical processors, using up to 22 threads

Non-default parameters:
TimeLimit  763.49896076
LogToConsole  0

Academic license 2539022 - for non-commercial use only - registered to al___@studenti.unimi.it
Optimize a model with 66599 rows, 8160 columns and 144734 nonzeros (Min)
Model fingerprint: 0x53edd391
Model has 8160 linear objective coefficients
Model has 206 quadratic constraints
Variable types: 0 continuous, 8160 integer (8160 binary)
Coefficient statistics:
  Matrix range     [1e+00, 9e+02]
  QMatrix range    [5e+01, 2e+02]
  Objective range  [1e+01, 2e+02]
  Bounds range     [1e+00, 1e+00]
  RHS range        [1e+00, 1e+09]
  QRHS range       [1e+02, 6e+02]

MIP start from previous solve did not produce a new incumbent solution
MIP start from previous solve violates constraint fixed_app_3_microservice_1 by 1.000000000

Presolve removed 65369 rows and 6166 columns
Presolve time: 0.06s
Presolved: 15849 rows, 16412 columns, 103011 nonzeros
Variable types: 0 continuous, 16412 integer (16412 binary)
Performing another presolve...
Presolve removed 2425 rows and 2732 columns
Presolve time: 0.40s

Root relaxation: objective 4.457715e+03, 1384 iterations, 0.15 seconds (0.20 work units)

    Nodes    |    Current Node    |     Objective Bounds      |     Work
 Expl Unexpl |  Obj  Depth IntInf | Incumbent    BestBd   Gap | It/Node Time

     0     0 4457.71498    0  221          - 4457.71498      -     -    0s
     0     0 4681.62224    0  237          - 4681.62224      -     -    1s
     0     0 4749.22440    0  271          - 4749.22440      -     -    2s
     0     0 4769.17356    0  281          - 4769.17356      -     -    2s
     0     0 4772.05635    0  285          - 4772.05635      -     -    2s
     0     0 4772.14797    0  287          - 4772.14797      -     -    2s
     0     0 4861.66991    0  266          - 4861.66991      -     -    3s
     0     0 4904.40245    0  302          - 4904.40245      -     -    4s
     0     0 4913.38024    0  317          - 4913.38024      -     -    4s
     0     0 4914.43826    0  327          - 4914.43826      -     -    4s
     0     0 4953.25578    0  307          - 4953.25578      -     -    5s
     0     0 4953.39008    0  301          - 4953.39008      -     -    5s
     0     0 4953.39008    0  298          - 4953.39008      -     -    5s
     0     2 4953.54626    0  297          - 4953.54626      -     -    6s
    99   138 4979.25406    8  272          - 4965.47457      -   262   10s
   370   412 5027.85534   14  245          - 4965.47457      -   285   15s
   563   568 5060.93888   20  197          - 4965.47457      -   258   20s
   772   760 5084.33684   26  181          - 4965.47457      -   228   25s
  1003   959 5089.72986   31  168          - 4969.76553      -   206   31s
H 1152  1063                    5689.0000000 4969.76553  12.6%   195   33s
H 1168  1164                    5656.0000000 4969.76553  12.1%   194   34s
H 1185  1164                    5559.0000000 4969.76553  10.6%   193   34s
H 1236  1164                    5550.0000000 4969.76553  10.5%   190   34s
H 1243  1164                    5527.0000000 4969.76553  10.1%   190   34s
  1270  1298 5114.33170   44  184 5527.00000 4969.76553  10.1%   189   35s
H 1348  1298                    5494.0000000 4969.76553  9.54%   183   35s
H 1371  1298                    5491.0000000 4969.76553  9.49%   182   35s
H 1389  1298                    5487.0000000 4969.76553  9.43%   181   35s
H 1418  1298                    5479.0000000 4969.76553  9.29%   178   35s
H 1463  1366                    5457.0000000 4969.76553  8.93%   178   36s
H 1551  1452                    5452.0000000 4969.76553  8.85%   178   37s
H 1602  1452                    5449.0000000 4969.76553  8.79%   180   37s
  1853  1633 5268.43131   56  163 5449.00000 4969.76553  8.79%   172   40s
H 2091  1765                    5446.0000000 4969.76553  8.74%   180   43s
H 2106  1765                    5444.0000000 4975.48839  8.61%   180   43s
H 2115  1761                    5428.0000000 4975.48839  8.34%   181   43s
H 2135  1757                    5418.0000000 4975.48839  8.17%   181   43s
  2276  2033     cutoff   82      5418.00000 4976.98211  8.14%   181   46s
  2659  2252 5048.04841   14  222 5418.00000 4976.98211  8.14%   179   50s
  3105  2521 5269.06744   24  200 5418.00000 4990.67400  7.89%   182   56s
  3286  2522 5165.17266   29 6214 5418.00000 4990.67400  7.89%   182   61s
  3290  2525 5205.87047   13  347 5418.00000 4990.67400  7.89%   182   65s
  3302  2533 5128.51976   19  489 5418.00000 5015.56106  7.43%   181   70s
  3320  2545 5106.35625   17  494 5418.00000 5043.53350  6.91%   180   75s
  3337  2556 5134.74490   10  496 5418.00000 5055.98899  6.68%   179   80s
H 3352  2436                    5409.0000000 5057.82184  6.49%   178   84s
H 3352  2313                    5388.0000000 5057.82184  6.13%   178   84s
  3355  2315 5226.82145   17  528 5388.00000 5057.83562  6.13%   178   85s
H 3365  2205                    5385.0000000 5059.19614  6.05%   178   89s
  3371  2209 5127.98081   11  497 5385.00000 5060.70514  6.02%   177   90s
  3389  2221 5063.37804    9  549 5385.00000 5063.37804  5.97%   176   95s
  3411  2235 5379.86099   38  520 5385.00000 5065.50962  5.93%   175  100s
  3423  2243 5096.89502   35  548 5385.00000 5066.53549  5.91%   175  105s
  3444  2257 5087.50173   21  554 5385.00000 5068.05749  5.89%   174  110s
  3445  2258 5098.38662   21  519 5385.00000 5068.56699  5.88%   174  120s
  3457  2266 5270.43108   27  547 5385.00000 5069.19168  5.86%   173  125s
  3463  2270 5096.93536   23  531 5385.00000 5069.49938  5.86%   173  130s
  3466  2277 5088.07696   17  364 5385.00000 5070.88308  5.83%   184  135s
  3478  2289 5140.39415   19  415 5385.00000 5085.12099  5.57%   187  140s
  3494  2306 5142.56868   20  422 5385.00000 5087.83457  5.52%   192  145s
  3576  2381 5175.34712   22  415 5385.00000 5096.11927  5.36%   206  153s
  3619  2410 5160.36486   23  412 5385.00000 5096.11927  5.36%   211  157s
  3662  2441 5186.50062   23  405 5385.00000 5096.11927  5.36%   216  160s
  3763  2488 5202.75007   25  360 5385.00000 5096.11927  5.36%   227  166s
  3838  2523 5216.31610   26  319 5385.00000 5099.32397  5.31%   233  172s
  3883  2530 5208.28278   26  373 5385.00000 5101.87771  5.26%   236  175s
  3977  2567 5217.01961   27  309 5385.00000 5107.51401  5.15%   243  181s
  4075  2622 5259.26934   28  294 5385.00000 5107.51401  5.15%   248  186s
  4178  2690 5236.66530   29  282 5385.00000 5107.51401  5.15%   252  192s
  4249  2723 5241.18556   30  269 5385.00000 5107.51401  5.15%   253  195s
  4391  2765 5288.31065   32  205 5385.00000 5107.51401  5.15%   256  201s
  4540  2797 5341.89172   34  240 5385.00000 5107.51401  5.15%   260  208s
  4646  2802 5357.32277   36  198 5385.00000 5107.51401  5.15%   261  211s
  4713  2854 5313.58442   39  180 5385.00000 5117.83406  4.96%   262  215s
  4852  2865 5341.83311   46  150 5385.00000 5117.83406  4.96%   264  221s
  4913  2897 5306.81254   26  221 5385.00000 5117.83406  4.96%   266  225s
  5083  2952 5369.19477   39  210 5385.00000 5117.83406  4.96%   268  233s
  5180  2997 5203.08513   29  292 5385.00000 5117.83406  4.96%   269  236s
  5283  2981 5260.31373   32  207 5385.00000 5118.89039  4.94%   270  240s
  5311  3012 5278.85748   33  215 5385.00000 5118.89039  4.94%   270  245s
  5398  3038 5304.16603   36  175 5385.00000 5119.34934  4.93%   271  250s
  5512  3103     cutoff   43      5385.00000 5124.50646  4.84%   273  255s
  5643  3148 5174.17045   24  324 5385.00000 5124.50646  4.84%   275  260s
  5801  3191 5211.13394   27  287 5385.00000 5124.50646  4.84%   277  266s
  5977  3228 5241.76668   30  282 5385.00000 5126.21573  4.81%   278  271s
  6128  3305 5348.49279   35  241 5385.00000 5129.80456  4.74%   279  277s
  6345  3346 5195.19838   25  383 5385.00000 5129.80456  4.74%   279  284s
  6544  3409 5290.88989   26  290 5385.00000 5129.80456  4.74%   281  290s
  6737  3468 5370.81942   29  241 5385.00000 5129.80456  4.74%   282  295s
  6964  3514 5193.78220   33  222 5385.00000 5129.80456  4.74%   285  301s
  7216  3527 5333.32991   49  151 5385.00000 5130.13781  4.73%   285  308s
  7418  3648 5251.76170   30  260 5385.00000 5141.53626  4.52%   286  315s
  7672  3757 infeasible   42      5385.00000 5141.53626  4.52%   287  322s
  8004  3755 5322.55113   28  295 5385.00000 5141.53626  4.52%   287  328s
  8293  3762 5215.26921   26  272 5385.00000 5141.53626  4.52%   287  335s
  8548  3702 5344.99746   37  231 5385.00000 5141.53626  4.52%   288  342s
  8637  3789 5364.99981   38  209 5385.00000 5145.27884  4.45%   289  350s
  8865  3868     cutoff   36      5385.00000 5145.27884  4.45%   292  358s
  9236  4034 5221.70120   29  251 5385.00000 5154.47798  4.28%   291  366s
  9668  4134 5350.41611   41  146 5385.00000 5154.47798  4.28%   290  375s
 10149  4166 5210.83634   29  282 5385.00000 5157.20475  4.23%   289  383s
 10519  4343 5307.39756   37  197 5385.00000 5160.10233  4.18%   291  393s
 10932  4556 5359.36080   27  245 5385.00000 5161.05377  4.16%   291  402s
H11192  4489                    5370.0000000 5164.60695  3.82%   291  402s
 11382  4770 5331.97966   24  286 5370.00000 5164.92913  3.82%   291  411s
 11879  4977 5303.03870   38  251 5370.00000 5166.74737  3.78%   291  421s
 12250  5289 5194.70852   29  307 5370.00000 5168.03669  3.76%   292  431s
 12789  5513 5366.70473   34  233 5370.00000 5169.96000  3.73%   291  442s
 13253  5762 5310.96622   30  291 5370.00000 5170.69605  3.71%   291  453s
 13879  6030 5250.08871   33  223 5370.00000 5173.46146  3.66%   290  464s
 14577  6329 5340.65412   33  200 5370.00000 5175.57910  3.62%   288  477s
 15236  6648 5278.28791   32  149 5370.00000 5178.63982  3.56%   287  489s
 15919  7175 5254.23002   28  273 5370.00000 5181.04874  3.52%   286  502s
 16718  7305 5269.44970   41  171 5370.00000 5182.77597  3.49%   283  515s
H16720  7074                    5354.0000000 5182.77597  3.20%   283  515s
H16910  6929                    5348.0000000 5182.77597  3.09%   282  515s
 16998  7198 5307.19729   36  180 5348.00000 5183.32816  3.08%   282  528s
 17621  7528 5332.21578   37  206 5348.00000 5185.20467  3.04%   282  542s
 18405  7868 5298.07193   27  213 5348.00000 5187.52910  3.00%   283  556s
 19230  8167 5223.94403   28  309 5348.00000 5189.13891  2.97%   281  570s
 20061  8617 5252.89142   26  285 5348.00000 5191.72657  2.92%   281  585s
H20911  7740                    5327.0000000 5194.10013  2.49%   280  585s
H21012  7270                    5318.0000000 5194.54723  2.32%   280  585s
 21030  7505     cutoff   40      5318.00000 5194.62992  2.32%   280  600s
H21103  7444                    5317.0000000 5194.62992  2.30%   280  600s
 21923  7720     cutoff   45      5317.00000 5197.40424  2.25%   279  616s
 22861  8065 5283.81010   37  223 5317.00000 5199.25845  2.21%   280  632s
 23987  8411 5254.41520   32  196 5317.00000 5202.12864  2.16%   279  654s
 25048  8732 5309.26208   54  148 5317.00000 5204.14141  2.12%   278  670s
 26060  9095     cutoff   36      5317.00000 5206.28337  2.08%   278  685s
 27122  9460 5291.83283   34  220 5317.00000 5208.41819  2.04%   277  701s
H27190  9339                    5315.0000000 5208.41819  2.01%   276  701s
H27297  8948                    5310.0000000 5208.41819  1.91%   276  701s
 28312  9195     cutoff   40      5310.00000 5210.06080  1.88%   274  717s
 29414  9426 5302.66429   32  254 5310.00000 5212.40494  1.84%   273  733s
 30447  9669 5256.09236   32  282 5310.00000 5214.26630  1.80%   273  750s
 31356  9853     cutoff   36      5310.00000 5216.13773  1.77%   272  763s

Cutting planes:
  Gomory: 4
  Lift-and-project: 4
  Cover: 721
  Implied bound: 6
  Clique: 124
  MIR: 584
  Knapsack: 15
  StrongCG: 407
  Flow cover: 739
  GUB cover: 43
  Inf proof: 1
  Zero half: 165
  Mod-K: 3
  RLT: 281
  Relax-and-lift: 285
  BQP: 50

Explored 32121 nodes (8739474 simplex iterations) in 763.58 seconds (580.43 work units)
Thread count was 22 (of 22 available processors)

Solution count 10: 5310 5315 5317 ... 5388

Time limit reached
Best objective 5.310000000000e+03, best bound 5.218000000000e+03, gap 1.7326%

User-callback calls 155458, time in user-callback 0.72 sec
Set parameter LogToConsole to value 0
