
Gurobi 13.0.0 (linux64) logging started Wed Jan 14 19:19:03 2026

Set parameter LogFile to value "../experiments/network-n_60_s_0_rp_0-app_set-id_95_36_apps/compact_model_gurobi.log"
Set parameter TimeLimit to value 900
Gurobi Optimizer version 13.0.0 build v13.0.0rc1 (linux64 - "Ubuntu 24.04.3 LTS")

CPU model: Intel(R) Core(TM) Ultra 7 165H, instruction set [SSE2|AVX|AVX2]
Thread count: 22 physical cores, 22 logical processors, using up to 22 threads

Non-default parameters:
TimeLimit  900
LogToConsole  0

Academic license 2539022 - for non-commercial use only - registered to al___@studenti.unimi.it
Optimize a model with 65566 rows, 14040 columns and 150466 nonzeros (Min)
Model fingerprint: 0x1b12f3c5
Model has 14040 linear objective coefficients
Model has 200 quadratic constraints
Variable types: 0 continuous, 14040 integer (14040 binary)
Coefficient statistics:
  Matrix range     [1e+00, 9e+02]
  QMatrix range    [5e+01, 2e+02]
  Objective range  [1e+01, 2e+02]
  Bounds range     [1e+00, 1e+00]
  RHS range        [1e+00, 1e+09]
  QRHS range       [1e+02, 6e+02]
Presolve removed 62699 rows and 8377 columns
Presolve time: 0.27s
Presolved: 82207 rows, 84803 columns, 519294 nonzeros
Variable types: 0 continuous, 84803 integer (84803 binary)
Performing another presolve...
Presolve removed 2189 rows and 2570 columns
Presolve time: 0.96s
Deterministic concurrent LP optimizer: primal simplex, dual simplex, and barrier
Showing barrier log only...

Root barrier log...

Ordering time: 3.54s
Elapsed ordering time = 5s
Ordering time: 7.00s
Elapsed ordering time = 7s
Ordering time: 7.33s

Barrier performed 0 iterations in 10.06 seconds (5.43 work units)
Barrier solve interrupted - model solved by another algorithm

Concurrent spin time: 6.58s (can be avoided by choosing Method=3)

Solved with dual simplex

Root relaxation: infeasible, 13999 iterations, 8.53 seconds (3.45 work units)

    Nodes    |    Current Node    |     Objective Bounds      |     Work
 Expl Unexpl |  Obj  Depth IntInf | Incumbent    BestBd   Gap | It/Node Time

     0     0 infeasible    0               - infeasible      -     -   10s

Explored 1 nodes (13999 simplex iterations) in 10.06 seconds (5.36 work units)
Thread count was 22 (of 22 available processors)

Solution count 0

Model is infeasible
Best objective -, best bound -, gap -

User-callback calls 1419, time in user-callback 0.01 sec
