
Gurobi 13.0.0 (linux64) logging started Sun Jan  4 19:08:45 2026

Set parameter LogFile to value "../experiments/network-n_30_s_1_rp_0-app_set-id_6_7_apps/compact_model_gurobi.log"
Set parameter TimeLimit to value 900
Gurobi Optimizer version 13.0.0 build v13.0.0rc1 (linux64 - "Ubuntu 24.04.3 LTS")

CPU model: Intel(R) Core(TM) Ultra 7 165H, instruction set [SSE2|AVX|AVX2]
Thread count: 22 physical cores, 22 logical processors, using up to 22 threads

Non-default parameters:
TimeLimit  900
LogToConsole  0

Academic license 2539022 - for non-commercial use only - registered to al___@studenti.unimi.it
Optimize a model with 2348 rows, 1380 columns and 6521 nonzeros (Min)
Model fingerprint: 0x9726a0d4
Model has 1380 linear objective coefficients
Model has 100 quadratic constraints
Variable types: 0 continuous, 1380 integer (1380 binary)
Coefficient statistics:
  Matrix range     [1e+00, 9e+02]
  QMatrix range    [5e+01, 2e+02]
  Objective range  [1e+01, 2e+02]
  Bounds range     [1e+00, 1e+00]
  RHS range        [1e+00, 1e+09]
  QRHS range       [1e+02, 6e+02]
Presolve removed 2129 rows and 807 columns
Presolve time: 0.02s
Presolved: 4627 rows, 4888 columns, 26037 nonzeros
Variable types: 0 continuous, 4888 integer (4888 binary)
Found heuristic solution: objective 3369.0000000

Root relaxation: objective 1.784228e+03, 281 iterations, 0.01 seconds (0.01 work units)

    Nodes    |    Current Node    |     Objective Bounds      |     Work
 Expl Unexpl |  Obj  Depth IntInf | Incumbent    BestBd   Gap | It/Node Time

     0     0 1784.22805    0   52 3369.00000 1784.22805  47.0%     -    0s
H    0     0                    2149.0000000 1784.22805  17.0%     -    0s
H    0     0                    2113.0000000 1804.99849  14.6%     -    0s
H    0     0                    2088.0000000 1804.99849  13.6%     -    0s
H    0     0                    2064.0000000 1804.99849  12.5%     -    0s
H    0     0                    2052.0000000 1804.99849  12.0%     -    0s
     0     0 1804.99849    0   59 2052.00000 1804.99849  12.0%     -    0s
H    0     0                    1889.0000000 1805.90322  4.40%     -    0s
H    0     0                    1875.0000000 1805.90322  3.69%     -    0s
     0     0 1805.90322    0   89 1875.00000 1805.90322  3.69%     -    0s
     0     0 1805.92482    0   76 1875.00000 1805.92482  3.68%     -    0s
     0     0 1809.73102    0  102 1875.00000 1809.73102  3.48%     -    0s
     0     0 1809.76440    0  115 1875.00000 1809.76440  3.48%     -    0s
     0     0 1812.54906    0  119 1875.00000 1812.54906  3.33%     -    0s
     0     0 1813.61342    0  111 1875.00000 1813.61342  3.27%     -    0s
     0     0 1813.70200    0  115 1875.00000 1813.70200  3.27%     -    0s
     0     0 1814.24379    0  108 1875.00000 1814.24379  3.24%     -    0s
     0     0 1814.24428    0  107 1875.00000 1814.24428  3.24%     -    0s
     0     0 1814.24428    0  100 1875.00000 1814.24428  3.24%     -    0s
H    0     2                    1867.0000000 1814.24530  2.83%     -    0s
     0     2 1814.24530    0  100 1867.00000 1814.24530  2.83%     -    0s
H   12    16                    1861.0000000 1815.48793  2.45%  94.1    1s
H   30    32                    1860.0000000 1816.59368  2.33%   116    1s
H   80    93                    1859.0000000 1816.97864  2.26%   103    1s
H  153   205                    1840.0000000 1816.97864  1.25%  80.9    1s
H  580   456                    1838.0000000 1817.47464  1.12%  48.2    1s
* 1020   619              19    1836.0000000 1818.75581  0.94%  43.5    2s
H 1183   701                    1835.0000000 1818.76471  0.88%  41.8    2s
* 1684   857              33    1833.0000000 1819.49152  0.74%  39.5    2s
H 2547  1010                    1832.0000000 1821.73153  0.56%  39.9    3s
  3683  1021 1826.97101   11   32 1832.00000 1823.98536  0.44%  40.9    5s
H 3768  1021                    1829.0000000 1823.98536  0.27%  40.6    5s

Cutting planes:
  Gomory: 1
  Lift-and-project: 2
  Cover: 193
  Clique: 17
  MIR: 156
  Knapsack: 4
  StrongCG: 67
  GUB cover: 5
  Inf proof: 3
  Zero half: 12
  RLT: 107
  Relax-and-lift: 96
  BQP: 50

Explored 4979 nodes (173188 simplex iterations) in 5.64 seconds (2.53 work units)
Thread count was 22 (of 22 available processors)

Solution count 10: 1829 1832 1833 ... 1861

Optimal solution found (tolerance 1.00e-04)
Best objective 1.829000000000e+03, best bound 1.829000000000e+03, gap 0.0000%

User-callback calls 11335, time in user-callback 0.01 sec
