
Gurobi 13.0.0 (linux64) logging started Sat Jan  3 03:12:12 2026

Set parameter LogFile to value "../experiments/network-n_60_s_0_rp_0-app_set-id_13_9_apps/compact_model_gurobi.log"
Set parameter TimeLimit to value 900
Gurobi Optimizer version 13.0.0 build v13.0.0rc1 (linux64 - "Ubuntu 24.04.3 LTS")

CPU model: Intel(R) Core(TM) Ultra 7 165H, instruction set [SSE2|AVX|AVX2]
Thread count: 22 physical cores, 22 logical processors, using up to 22 threads

Non-default parameters:
TimeLimit  900
LogToConsole  0

Academic license 2539022 - for non-commercial use only - registered to al___@studenti.unimi.it
Optimize a model with 17340 rows, 3480 columns and 39457 nonzeros (Min)
Model fingerprint: 0x3b70a218
Model has 3480 linear objective coefficients
Model has 200 quadratic constraints
Variable types: 0 continuous, 3480 integer (3480 binary)
Coefficient statistics:
  Matrix range     [1e+00, 9e+02]
  QMatrix range    [5e+01, 2e+02]
  Objective range  [1e+01, 2e+02]
  Bounds range     [1e+00, 1e+00]
  RHS range        [1e+00, 1e+09]
  QRHS range       [1e+02, 6e+02]
Presolve removed 16558 rows and 2030 columns
Presolve time: 0.20s
Presolved: 20734 rows, 21203 columns, 125899 nonzeros
Variable types: 0 continuous, 21203 integer (21203 binary)
Deterministic concurrent LP optimizer: primal and dual simplex
Showing primal log only...

Concurrent spin time: 0.00s

Solved with dual simplex

Root relaxation: objective 1.932431e+03, 576 iterations, 0.13 seconds (0.14 work units)

    Nodes    |    Current Node    |     Objective Bounds      |     Work
 Expl Unexpl |  Obj  Depth IntInf | Incumbent    BestBd   Gap | It/Node Time

     0     0 1932.43111    0  103          - 1932.43111      -     -    0s
H    0     0                    3067.0000000 1932.43111  37.0%     -    0s
H    0     0                    2708.0000000 1932.43111  28.6%     -    0s
H    0     0                    2259.0000000 1932.43111  14.5%     -    1s
H    0     0                    2258.0000000 1932.43111  14.4%     -    1s
H    0     0                    2189.0000000 1932.43111  11.7%     -    1s
     0     0 1948.93424    0  112 2189.00000 1948.93424  11.0%     -    1s
H    0     0                    2186.0000000 1949.79314  10.8%     -    1s
H    0     0                    2080.0000000 1949.79314  6.26%     -    1s
     0     0 1949.79314    0  118 2080.00000 1949.79314  6.26%     -    1s
H    0     0                    2072.0000000 1949.89588  5.89%     -    1s
H    0     0                    2068.0000000 1949.89588  5.71%     -    1s
     0     0 1949.89588    0  120 2068.00000 1949.89588  5.71%     -    1s
     0     0 1958.40537    0  141 2068.00000 1958.40537  5.30%     -    1s
     0     0 1961.12216    0  147 2068.00000 1961.12216  5.17%     -    2s
     0     0 1961.35742    0  147 2068.00000 1961.35742  5.16%     -    2s
     0     0 1968.29343    0  130 2068.00000 1968.29343  4.82%     -    2s
H    0     0                    2043.0000000 1968.29343  3.66%     -    2s
H    0     0                    2042.0000000 1968.29343  3.61%     -    2s
     0     0 1970.12738    0  132 2042.00000 1970.12738  3.52%     -    2s
     0     0 1971.16841    0  156 2042.00000 1971.16841  3.47%     -    2s
     0     0 1971.24885    0  143 2042.00000 1971.24885  3.46%     -    2s
     0     0 1971.92700    0  138 2042.00000 1971.92700  3.43%     -    3s
     0     0 1972.48334    0  168 2042.00000 1972.48334  3.40%     -    3s
     0     0 1973.15153    0  155 2042.00000 1973.15153  3.37%     -    3s
     0     0 1973.27514    0  154 2042.00000 1973.27514  3.37%     -    3s
     0     0 1973.27514    0  154 2042.00000 1973.27514  3.37%     -    3s
     0     0 1973.27514    0  152 2042.00000 1973.27514  3.37%     -    3s
H    0     0                    2033.0000000 1973.27514  2.94%     -    3s
     0     2 1973.27514    0  150 2033.00000 1973.27514  2.94%     -    3s
    31    52 1978.31472    5  144 2033.00000 1977.94817  2.71%   125    5s
H   55    88                    2015.0000000 1978.40216  1.82%   120    5s
H  155   157                    2014.0000000 1978.40216  1.77%  82.4    6s
H  185   157                    2001.0000000 1978.40216  1.13%  79.2    6s
H  263   140                    1999.0000000 1978.40216  1.03%  68.1    6s
H  359   156                    1998.0000000 1981.43036  0.83%  66.6    7s
H  367   156                    1996.0000000 1981.43036  0.73%  68.2    7s

Cutting planes:
  Gomory: 2
  Lift-and-project: 8
  Cover: 112
  Implied bound: 17
  Clique: 30
  MIR: 74
  Knapsack: 11
  StrongCG: 51
  GUB cover: 5
  Zero half: 15
  RLT: 150
  Relax-and-lift: 48
  BQP: 66

Explored 1079 nodes (52459 simplex iterations) in 9.57 seconds (6.12 work units)
Thread count was 22 (of 22 available processors)

Solution count 10: 1996 1998 1999 ... 2068

Optimal solution found (tolerance 1.00e-04)
Best objective 1.996000000000e+03, best bound 1.996000000000e+03, gap 0.0000%

User-callback calls 3784, time in user-callback 0.01 sec
