
Gurobi 13.0.0 (linux64) logging started Fri Jan  2 18:27:53 2026

Set parameter LogFile to value "../experiments/network-n_50_s_1_rp_0-app_set-id_8_7_apps/compact_model_gurobi.log"
Set parameter TimeLimit to value 900
Gurobi Optimizer version 13.0.0 build v13.0.0rc1 (linux64 - "Ubuntu 24.04.3 LTS")

CPU model: Intel(R) Core(TM) Ultra 7 165H, instruction set [SSE2|AVX|AVX2]
Thread count: 22 physical cores, 22 logical processors, using up to 22 threads

Non-default parameters:
TimeLimit  900
LogToConsole  0

Academic license 2539022 - for non-commercial use only - registered to al___@studenti.unimi.it
Optimize a model with 15806 rows, 2300 columns and 34796 nonzeros (Min)
Model fingerprint: 0xb2835ac2
Model has 2300 linear objective coefficients
Model has 164 quadratic constraints
Variable types: 0 continuous, 2300 integer (2300 binary)
Coefficient statistics:
  Matrix range     [1e+00, 8e+02]
  QMatrix range    [6e+01, 2e+02]
  Objective range  [1e+01, 2e+02]
  Bounds range     [1e+00, 1e+00]
  RHS range        [1e+00, 1e+09]
  QRHS range       [1e+02, 6e+02]
Presolve removed 15168 rows and 1359 columns
Presolve time: 0.11s
Presolved: 14431 rows, 14576 columns, 90777 nonzeros
Variable types: 0 continuous, 14576 integer (14576 binary)
Found heuristic solution: objective 3028.0000000

Root relaxation: objective 1.412091e+03, 207 iterations, 0.01 seconds (0.01 work units)

    Nodes    |    Current Node    |     Objective Bounds      |     Work
 Expl Unexpl |  Obj  Depth IntInf | Incumbent    BestBd   Gap | It/Node Time

     0     0 1412.09073    0   45 3028.00000 1412.09073  53.4%     -    0s
H    0     0                    2253.0000000 1412.09073  37.3%     -    0s
H    0     0                    1573.0000000 1412.09073  10.2%     -    0s
H    0     0                    1515.0000000 1412.09073  6.79%     -    0s
H    0     0                    1507.0000000 1412.09073  6.30%     -    0s
     0     0 1417.33605    0   90 1507.00000 1417.33605  5.95%     -    0s
H    0     0                    1465.0000000 1417.33605  3.25%     -    0s
H    0     0                    1463.0000000 1417.33605  3.12%     -    0s
H    0     0                    1460.0000000 1417.33605  2.92%     -    0s
     0     0 1419.92961    0   85 1460.00000 1419.92961  2.74%     -    1s
H    0     0                    1457.0000000 1419.92961  2.54%     -    1s
     0     0 1420.62263    0   89 1457.00000 1420.62263  2.50%     -    1s
     0     0 1420.74953    0   85 1457.00000 1420.74953  2.49%     -    1s
     0     0 1420.75141    0   85 1457.00000 1420.75141  2.49%     -    1s
     0     0 1424.93483    0   89 1457.00000 1424.93483  2.20%     -    1s
     0     0 1425.05995    0   88 1457.00000 1425.05995  2.19%     -    1s
     0     0 1425.28429    0   90 1457.00000 1425.28429  2.18%     -    1s
     0     0 1425.41156    0   88 1457.00000 1425.41156  2.17%     -    1s
     0     0 1425.41177    0   95 1457.00000 1425.41177  2.17%     -    1s
     0     0 1425.49349    0   95 1457.00000 1425.49349  2.16%     -    1s
     0     0 1425.49349    0   95 1457.00000 1425.49349  2.16%     -    1s
     0     0 1425.49349    0   92 1457.00000 1425.49349  2.16%     -    1s
     0     2 1425.49349    0   92 1457.00000 1425.49349  2.16%     -    1s
H   57    78                    1452.0000000 1429.57455  1.54%  43.7    2s
H   70    78                    1451.0000000 1429.57455  1.48%  42.0    2s
H   75    78                    1444.0000000 1429.57455  1.00%  41.7    2s

Cutting planes:
  Gomory: 1
  Lift-and-project: 1
  Cover: 47
  Clique: 11
  MIR: 38
  Knapsack: 2
  StrongCG: 28
  GUB cover: 6
  RLT: 50
  Relax-and-lift: 53
  BQP: 16

Explored 229 nodes (6732 simplex iterations) in 2.65 seconds (1.62 work units)
Thread count was 22 (of 22 available processors)

Solution count 10: 1444 1451 1452 ... 1573

Optimal solution found (tolerance 1.00e-04)
Best objective 1.444000000000e+03, best bound 1.444000000000e+03, gap 0.0000%

User-callback calls 1446, time in user-callback 0.01 sec
