FIXINGS_START
(1, 0, 0)
(1, 4, 0)
(2, 0, 0)
(4, 0, 0)
(4, 4, 0)
(6, 0, 0)
(7, 0, 0)
(8, 0, 0)
(8, 7, 0)
(9, 0, 0)
(9, 1, 0)
(11, 0, 0)
(11, 4, 0)
(12, 0, 0)
(12, 6, 0)
(14, 0, 0)
(14, 6, 0)
(15, 7, 0)
(15, 8, 0)
(16, 9, 0)
(17, 0, 0)
(17, 1, 0)
(18, 0, 0)
(19, 0, 0)
(19, 6, 0)
(20, 0, 0)
(20, 6, 0)
(21, 0, 0)
(22, 0, 0)
(22, 4, 0)
(23, 0, 0)
(13, 2, 0)
(17, 2, 0)
(10, 0, 27)
(17, 3, 0)
(19, 1, 0)
(1, 3, 0)
(23, 1, 0)
(15, 0, 28)
(0, 0, 0)
(16, 0, 0)
(7, 1, 0)
(11, 1, 37)
(21, 1, 32)
(11, 3, 0)
(21, 2, 0)
(19, 2, 25)
(10, 1, 35)
(5, 0, 0)
(1, 5, 0)
(0, 1, 0)
(0, 2, 0)
(11, 5, 0)
(23, 5, 0)
(15, 4, 1)
(20, 7, 0)
(4, 2, 39)
(15, 5, 18)
(5, 1, 0)
(16, 1, 31)
(7, 2, 18)
(4, 7, 0)
(8, 2, 36)
(14, 3, 0)
(10, 2, 0)
(8, 3, 16)
(19, 3, 0)
(12, 3, 0)
(7, 3, 0)
FIXINGS_END
time 1.321
GUROBI
Status INFEASIBLE
Runtime 1.3211641311645508
NodeCount 1.0
IterCount 2353.0
NumVars 9360
NumConstrs 63537
ObjBound inf
ObjBoundC inf
ObjVal None
MIPGap inf
