
Gurobi 13.0.0 (linux64) logging started Sun Jan 18 05:53:02 2026

Set parameter LogFile to value "../experiments/network-n_60_s_1_rp_0-app_set-id_59_24_apps/submip_30_epr1_model_gurobi.log"
Set parameter TimeLimit to value 7.6725048128499475e+02
Gurobi Optimizer version 13.0.0 build v13.0.0rc1 (linux64 - "Ubuntu 24.04.3 LTS")

CPU model: Intel(R) Core(TM) Ultra 7 165H, instruction set [SSE2|AVX|AVX2]
Thread count: 22 physical cores, 22 logical processors, using up to 22 threads

Non-default parameters:
TimeLimit  7.6725048128499475e+02
LogToConsole  0

Academic license 2539022 - for non-commercial use only - registered to al___@studenti.unimi.it
Optimize a model with 63537 rows, 9360 columns and 140173 nonzeros (Min)
Model fingerprint: 0x7c2671ea
Model has 9360 linear objective coefficients
Model has 206 quadratic constraints
Variable types: 0 continuous, 9360 integer (9360 binary)
Coefficient statistics:
  Matrix range     [1e+00, 9e+02]
  QMatrix range    [5e+01, 2e+02]
  Objective range  [1e+01, 2e+02]
  Bounds range     [1e+00, 1e+00]
  RHS range        [1e+00, 1e+09]
  QRHS range       [1e+02, 6e+02]
Presolve removed 62242 rows and 7019 columns
Presolve time: 0.07s
Presolved: 22311 rows, 23152 columns, 143358 nonzeros
Variable types: 0 continuous, 23152 integer (23152 binary)
Performing another presolve...
Presolve removed 3407 rows and 3501 columns
Presolve time: 0.50s
Deterministic concurrent LP optimizer: primal and dual simplex
Showing primal log only...

Concurrent spin time: 0.00s

Solved with dual simplex

Root relaxation: objective 5.919535e+03, 2815 iterations, 0.64 seconds (0.49 work units)

    Nodes    |    Current Node    |     Objective Bounds      |     Work
 Expl Unexpl |  Obj  Depth IntInf | Incumbent    BestBd   Gap | It/Node Time

     0     0 5919.53529    0  266          - 5919.53529      -     -    1s
     0     0 5930.78673    0  254          - 5930.78673      -     -    1s
     0     0 5932.21081    0  249          - 5932.21081      -     -    1s
     0     0 5932.22995    0  247          - 5932.22995      -     -    1s
     0     0 6052.30583    0  284          - 6052.30583      -     -    2s
     0     0 6054.19606    0  283          - 6054.19606      -     -    2s
     0     0 6299.17322    0  349          - 6299.17322      -     -    3s
     0     0 6319.83292    0  365          - 6319.83292      -     -    4s
     0     0 6323.32951    0  351          - 6323.32951      -     -    4s
     0     0 6323.90944    0  371          - 6323.90944      -     -    4s
     0     0 6450.56115    0  371          - 6450.56115      -     -    6s
     0     0 6547.87858    0  383          - 6547.87858      -     -    7s
     0     0 6597.07557    0  399          - 6597.07557      -     -    8s
     0     0 6612.99013    0  436          - 6612.99013      -     -    8s
     0     0 6624.09737    0  454          - 6624.09737      -     -    9s
     0     0 6625.45634    0  467          - 6625.45634      -     -    9s
     0     0 6697.22161    0  447          - 6697.22161      -     -   11s
     0     0 6730.79070    0  483          - 6730.79070      -     -   12s
     0     0 6766.65646    0  497          - 6766.65646      -     -   12s
     0     0 6790.83384    0  559          - 6790.83384      -     -   13s
     0     0 6796.25772    0  528          - 6796.25772      -     -   13s
     0     0 6898.48867    0  482          - 6898.48867      -     -   15s
     0     0 6898.54389    0  470          - 6898.54389      -     -   15s
     0     0 6898.54389    0  464          - 6898.54389      -     -   15s
     0     2 6898.54866    0  463          - 6898.54866      -     -   17s
    15    32 7784.59408    4  312          - 6996.75171      -   732   20s
   124   145 7261.95123    9  320          - 7021.33234      -   405   25s
   290   285 7292.94907   13  344          - 7025.77114      -   365   31s
   396   379 7291.26409   13  315          - 7025.77114      -   357   35s
   454   424 7515.83127   16  326          - 7028.26008      -   372   40s
   536   489 7467.43734   16  317          - 7028.26008      -   376   45s
   646   562 infeasible   17               - 7038.67267      -   370   50s
   758   640 infeasible   19               - 7043.86200      -   365   55s
   840   701 7105.13385    8  341          - 7046.83903      -   372   60s
   950   776 7174.79956   11  318          - 7050.22949      -   379   66s
  1010   816 7165.43519   11  328          - 7050.22949      -   377   70s
  1093   872 7181.83846   12  310          - 7052.14844      -   374   76s
  1166   913 7308.76282   11  302          - 7053.13253      -   373   80s
  1245   970 7221.63549   15  312          - 7053.13253      -   372   87s
  1293  1009 7256.85026   16  290          - 7053.13253      -   372   92s
  1361  1077 7258.19570   17  289          - 7053.31180      -   370   97s
  1407  1110 7284.19717   16  311          - 7053.31180      -   367  100s
  1521  1177 7281.20473   17  297          - 7053.93394      -   366  106s
  1704  1291 7357.07628   17  291          - 7053.93394      -   362  112s
  1810  1367 7459.93972   20  274          - 7053.93394      -   363  115s
  2147  1516 infeasible   28               - 7059.35410      -   354  122s
  2302  1609 7200.90467   13  303          - 7065.03694      -   352  125s
  2637  1829 7178.82034   16  320          - 7065.03694      -   351  133s
  2837  1928 7257.19319   19  296          - 7068.46021      -   349  136s
  3036  2020 7461.75552   28  272          - 7074.23287      -   350  140s
  3501  2240 7340.06638   12  313          - 7074.57492      -   346  148s
  3771  2350 7572.29225   21  273          - 7074.66400      -   343  152s
  3980  2351 7790.19196   19 9050          - 7074.66400      -   345  159s
  3982  2352 7354.61632   32  319          - 7074.66400      -   345  162s
  3984  2354 7852.83821   46  422          - 7074.66400      -   345  166s
  3986  2355 7197.13602   30  466          - 7074.66400      -   345  172s
  3990  2358 7280.11823   18  467          - 7074.66400      -   344  175s
  3996  2362 7121.03877   12  518          - 7074.66400      -   344  180s
  4004  2367 7230.42548    6  588          - 7084.32060      -   343  185s
  4020  2378 7554.61883   30  614          - 7100.79225      -   342  190s
  4028  2383 7941.05866   25  599          - 7147.64085      -   341  195s
  4041  2392 7258.40753   13  620          - 7170.29155      -   340  200s
  4055  2401 7519.48648   17  661          - 7185.53214      -   339  205s
  4070  2411 7426.88269   25  684          - 7188.44907      -   338  210s
  4084  2420 7852.83821   46  675          - 7203.04377      -   337  215s
  4097  2429 7486.12730   23  688          - 7212.12867      -   335  220s
  4109  2437 7299.07716   20  680          - 7214.35673      -   335  225s
  4123  2446 7391.74091   22  680          - 7216.77165      -   333  231s
  4136  2455 7465.07752   19  676          - 7221.75323      -   332  235s
  4145  2461 7989.76016   33  699          - 7223.08535      -   332  245s
  4146  2465 7233.99183   10  639          - 7223.13641      -   345  257s
  4148  2468 7243.57720   11  626          - 7234.02876      -   345  260s
  4160  2488 7557.46690   13  477          - 7317.82912      -   349  269s
  4176  2505 7696.37169   14  419          - 7330.58116      -   353  276s
  4198  2534 infeasible   15               - 7332.87947      -   357  285s
  4249  2539 7890.53577   17  450          - 7332.97327      -   363  298s
  4271  2549 7927.43585   18  413          - 7332.97327      -   365  305s
  4302  2559 7941.86716   19  427          - 7332.97327      -   370  314s
  4337  2564 infeasible   20               - 7405.49934      -   378  322s
  4370  2563 infeasible   19               - 7439.27026      -   382  329s
  4416  2563 8176.90247   19  416          - 7439.27026      -   385  336s
  4459  2559 8218.56099   20  393          - 7439.27026      -   390  343s
  4490  2549 infeasible   21               - 7452.28057      -   395  351s
  4534  2546 7582.23955   15  393          - 7452.28057      -   402  358s
  4574  2543 7664.06025   16  356          - 7452.28057      -   407  364s
  4614  2526 infeasible   17               - 7452.28057      -   412  371s
  4666  2518 7654.37553   16  410          - 7452.28057      -   418  377s
  4700  2516 7745.12974   17  397          - 7452.28057      -   422  383s
  4741  2526 7741.78644   17  441          - 7454.59982      -   427  389s
  4779  2517 7659.11561   15  389          - 7475.69347      -   431  396s
  4828  2518 7799.60328   16  353          - 7475.69347      -   436  403s
  4881  2504 7821.53850   16  365          - 7482.08363      -   440  410s
  4932  2498 7753.72053   18  427          - 7493.63852      -   444  418s
  4965  2488 7792.68297   19  415          - 7513.69605      -   447  426s
  5008  2475 7800.32787   20  414          - 7513.69605      -   450  433s
  5052  2473 7822.47615   21  407          - 7531.75911      -   453  440s
  5088  2469 7855.10578   22  380          - 7531.99877      -   455  448s
  5130  2460 7869.18850   23  379          - 7546.50479      -   458  456s
  5181  2438 7874.24617   24  360          - 7550.10361      -   463  465s
  5240  2410 7925.81713   25  355          - 7563.58450      -   467  474s
  5303  2388 infeasible   25               - 7563.58450      -   473  482s
  5374  2373 7964.72097   25  352          - 7575.17870      -   477  492s
  5437  2361 infeasible   26               - 7575.17870      -   483  502s
  5516  2339 7885.92867   24  456          - 7590.27137      -   488  512s
  5604  2289 infeasible   25               - 7615.18798      -   494  523s
  5705  2243 infeasible   20               - 7648.44926      -   500  534s
  5798  2193 7900.99529   21  452          - 7659.67145      -   506  545s
  5901  2169 8030.94053   22  397          - 7659.67145      -   512  557s
  5997  2086 infeasible   22               - 7701.51387      -   517  569s
  6106  2019 infeasible   20               - 7701.51387      -   524  582s
  6224  1923 infeasible   20               - 7701.51387      -   529  594s
  6363  1809 8243.99967   22  396          - 7787.52476      -   534  606s
  6493  1699 infeasible   22               - 7866.67281      -   537  614s
  6603  1645 7928.72825   24  398          - 7918.79911      -   537  619s

Cutting planes:
  Gomory: 6
  Cover: 126
  Implied bound: 8
  Clique: 72
  MIR: 145
  Knapsack: 27
  StrongCG: 92
  Flow cover: 254
  GUB cover: 17
  Zero half: 36
  RLT: 122
  Relax-and-lift: 371
  BQP: 16
  PSD: 1

Explored 6629 nodes (3582838 simplex iterations) in 619.82 seconds (632.01 work units)
Thread count was 22 (of 22 available processors)

Solution count 0

Model is infeasible
Best objective -, best bound -, gap -

User-callback calls 94002, time in user-callback 0.62 sec
Set parameter LogToConsole to value 0
