FIXINGS_START
(1, 0, 0)
(1, 4, 0)
(2, 0, 0)
(4, 0, 0)
(4, 4, 0)
(6, 0, 0)
(7, 0, 0)
(8, 0, 0)
(8, 7, 0)
(9, 0, 0)
(9, 1, 0)
(11, 0, 0)
(11, 4, 0)
(12, 0, 0)
(12, 6, 0)
(14, 0, 0)
(14, 6, 0)
(15, 7, 0)
(15, 8, 0)
(16, 9, 0)
(17, 0, 0)
(17, 1, 0)
(18, 0, 0)
(19, 0, 0)
(19, 6, 0)
(20, 0, 0)
(20, 6, 0)
(21, 0, 0)
(22, 0, 0)
(22, 4, 0)
(23, 0, 0)
(22, 2, 0)
(1, 3, 0)
(1, 5, 0)
(17, 2, 0)
(0, 0, 0)
(11, 1, 37)
(20, 7, 0)
(23, 1, 0)
(3, 0, 0)
(5, 0, 0)
(23, 3, 12)
(11, 3, 0)
(23, 5, 0)
(9, 3, 0)
(17, 3, 0)
(17, 4, 13)
(11, 5, 0)
(14, 3, 0)
(14, 8, 0)
(21, 1, 32)
(10, 2, 0)
(8, 5, 0)
(10, 4, 0)
(10, 5, 0)
(15, 0, 30)
(4, 3, 0)
(4, 7, 0)
(19, 1, 0)
(19, 3, 0)
(19, 8, 0)
(19, 9, 0)
(22, 5, 0)
(11, 7, 0)
(22, 6, 0)
(21, 2, 0)
(13, 0, 0)
(5, 1, 0)
(18, 1, 0)
FIXINGS_END
time 619.839
GUROBI
Status INFEASIBLE
Runtime 619.8390259742737
NodeCount 6629.0
IterCount 3582838.0
NumVars 9360
NumConstrs 63537
ObjBound inf
ObjBoundC inf
ObjVal None
MIPGap inf
