
Gurobi 13.0.0 (linux64) logging started Sat Jan 17 20:43:13 2026

Set parameter LogFile to value "../experiments/network-n_60_s_0_rp_0-app_set-id_63_26_apps/submip_40_epr1_model_gurobi.log"
Set parameter TimeLimit to value 7.4508483333198819e+02
Gurobi Optimizer version 13.0.0 build v13.0.0rc1 (linux64 - "Ubuntu 24.04.3 LTS")

CPU model: Intel(R) Core(TM) Ultra 7 165H, instruction set [SSE2|AVX|AVX2]
Thread count: 22 physical cores, 22 logical processors, using up to 22 threads

Non-default parameters:
TimeLimit  7.4508483333198819e+02
LogToConsole  0

Academic license 2539022 - for non-commercial use only - registered to al___@studenti.unimi.it
Optimize a model with 58194 rows, 10140 columns and 130473 nonzeros (Min)
Model fingerprint: 0xd19ad5be
Model has 10140 linear objective coefficients
Model has 200 quadratic constraints
Variable types: 0 continuous, 10140 integer (10140 binary)
Coefficient statistics:
  Matrix range     [1e+00, 9e+02]
  QMatrix range    [5e+01, 2e+02]
  Objective range  [1e+01, 2e+02]
  Bounds range     [1e+00, 1e+00]
  RHS range        [1e+00, 1e+09]
  QRHS range       [1e+02, 6e+02]
Presolve removed 57395 rows and 8017 columns
Presolve time: 0.10s
Presolved: 17591 rows, 18722 columns, 109710 nonzeros
Variable types: 0 continuous, 18722 integer (18722 binary)
Performing another presolve...
Presolve removed 2284 rows and 2897 columns
Presolve time: 0.36s

Root relaxation: objective 6.134903e+03, 2909 iterations, 0.36 seconds (0.54 work units)

    Nodes    |    Current Node    |     Objective Bounds      |     Work
 Expl Unexpl |  Obj  Depth IntInf | Incumbent    BestBd   Gap | It/Node Time

     0     0 6134.90272    0  264          - 6134.90272      -     -    1s
     0     0 6136.99783    0  258          - 6136.99783      -     -    1s
     0     0 6224.08181    0  259          - 6224.08181      -     -    2s
     0     0 6308.46441    0  317          - 6308.46441      -     -    3s
     0     0 6325.48126    0  328          - 6325.48126      -     -    3s
     0     0 6327.60411    0  337          - 6327.60411      -     -    3s
     0     0 6328.12501    0  350          - 6328.12501      -     -    3s
     0     0 6381.75329    0  317          - 6381.75329      -     -    4s
     0     0 6410.46562    0  334          - 6410.46562      -     -    5s
     0     0 6424.38407    0  379          - 6424.38407      -     -    5s
     0     0 6427.62336    0  400          - 6427.62336      -     -    6s
     0     0 6460.67058    0  368          - 6460.67058      -     -    7s
     0     0 6460.70387    0  358          - 6460.70387      -     -    7s
     0     0 6460.70387    0  352          - 6460.70387      -     -    7s
     0     2 6460.74139    0  343          - 6460.74139      -     -    8s
     7    16 6468.38943    3  333          - 6467.93023      -   818   10s
   286   299 6476.85121   15  312          - 6471.41370      -   194   15s
   467   460 6485.44965   21  299          - 6471.41370      -   199   20s
   704   692 6491.30306   28  299          - 6471.41370      -   196   25s
   971   913 6493.37700   35  289          - 6471.41370      -   195   30s
  1193  1094 6501.55605   41  280          - 6471.41370      -   196   35s
  1285  1186 6520.98063   45  288          - 6471.41370      -   199   40s
  1420  1324 6526.66225   48  293          - 6471.41370      -   205   45s
  1665  1521 6540.32417   51  304          - 6471.41370      -   204   51s
  1944  1744 6611.93185   61  289          - 6472.98494      -   205   56s
  2116  1912 6692.50217   70  256          - 6472.98494      -   209   60s
  2450  2156 infeasible   82               - 6474.20048      -   213   66s
  2704  2361 6506.36985   23  320          - 6474.62749      -   217   70s
  2990  2550 6526.09368   30  296          - 6476.30724      -   220   75s
  3283  2699 6663.24122   44 7256          - 6481.25719      -   220   83s
  3285  2700 6532.17865   11  288          - 6481.25719      -   220   87s
  3288  2702 6863.74526   39  348          - 6481.25719      -   220   91s
  3296  2708 6635.19015   28  445          - 6485.11463      -   219   95s
  3309  2716 6686.01122   28  463          - 6520.43028      -   218  100s
  3320  2724 6636.65064   30  516          - 6550.54258      -   218  105s
  3336  2734 6824.99115   44  558          - 6559.63900      -   217  110s
  3353  2746 6799.76897   37  596          - 6566.97564      -   216  115s
  3375  2760 6596.19298   35  594          - 6571.24439      -   214  120s
  3390  2770 6576.30864   26  608          - 6576.30864      -   213  125s
  3411  2784 6579.35818   19  621          - 6579.35818      -   212  130s
  3427  2795 6843.41390   47  613          - 6586.25173      -   211  135s
  3445  2807 6656.30110   31  569          - 6589.50739      -   210  140s
  3468  2822 6647.80549   28  660          - 6591.41624      -   208  145s
  3489  2836 6978.57866   70  618          - 6594.31763      -   207  150s
  3511  2851 6596.15003   19  632          - 6596.15003      -   206  155s
  3534  2866 6759.55461   37  637          - 6597.63372      -   205  160s
  3541  2871 6749.58000   51  632          - 6597.72683      -   204  170s
  3565  2887 6599.58841   19  655          - 6599.58841      -   203  175s
  3583  2899 6663.24122   44  635          - 6602.34993      -   202  180s
  3602  2912 7044.93642   32  640          - 6603.50118      -   201  185s
  3612  2918 6603.62290   33  661          - 6603.62290      -   200  190s
  3618  2923 6603.63332   31  282          - 6603.63332      -   219  195s
  3621  2925 6603.63332   29  418          - 6603.63332      -   219  200s
  3625  2928 6686.65982   55  513          - 6603.89492      -   219  206s
  3635  2935 6655.42964   36  605          - 6614.41362      -   218  210s
  3653  2947 6799.76897   37  598          - 6614.41362      -   217  215s
  3668  2957 6647.80549   28  606          - 6614.41362      -   216  220s
  3678  2963 6614.41362   21  590          - 6614.41362      -   215  225s
  3679  2964 6614.41362   21  590          - 6614.41362      -   215  232s
  3682  2971 6617.85896   25  541          - 6614.41362      -   223  237s
  3686  2976 6618.67844   26  539          - 6617.86058      -   225  241s
  3708  3004 6644.61115   28  492          - 6619.48848      -   232  249s
  3730  3038 6645.43537   29  486          - 6636.74660      -   236  256s
  3773  3047 6724.07368   30  419          - 6636.74660      -   241  266s
  3796  3060 6749.21916   31  409          - 6636.74660      -   249  274s
  3819  3077 6668.84455   31  467          - 6636.74660      -   252  280s
  3844  3098 6714.16990   32  442          - 6636.74660      -   258  286s
  3873  3114 6687.06267   32  433          - 6636.74660      -   262  293s
  3901  3133 6700.31339   33  452          - 6636.74660      -   266  299s
  3929  3161 6819.59301   33  366          - 6636.74660      -   270  306s
  3970  3170 6708.21094   34  437          - 6636.74660      -   275  312s
  3999  3186 6741.54562   34  400          - 6636.74660      -   280  318s
  4027  3204 6718.60353   35  421          - 6636.74660      -   284  324s
  4055  3228 6828.47792   35  383          - 6636.74660      -   289  330s
  4090  3246 6720.96279   36  419          - 6636.74660      -   293  336s
  4126  3272 6856.33826   36  396          - 6636.74660      -   297  342s
  4164  3311 6732.16023   37  454          - 6636.74660      -   302  347s
  4224  3343 6801.04640   37  425          - 6636.74660      -   306  353s
  4283  3378 6732.47495   38  447          - 6636.74660      -   311  359s
  4345  3412 6849.59690   38  355          - 6636.74660      -   316  365s
  4407  3447 6765.34173   39  378          - 6636.74660      -   321  372s
  4475  3482 infeasible   39               - 6636.74660      -   325  378s
  4544  3517 6775.79249   40  382          - 6636.74660      -   327  384s
  4620  3560 6774.94307   40  366          - 6637.19464      -   330  390s
  4699  3598 6779.50154   41  364          - 6637.19464      -   332  397s
  4787  3633 6789.80746   42  331          - 6637.19464      -   333  403s
  4892  3661 6826.23716   43  282          - 6637.19464      -   335  410s
  5006  3686 6936.85022   45  262          - 6639.45172      -   336  417s
  5092  3745 6802.20082   47  309          - 6639.45172      -   340  424s
  5196  3808 6903.29017   49  299          - 6639.45172      -   342  431s
  5310  3875 6849.55185   52  298          - 6639.45172      -   344  439s
  5439  3943 infeasible   55               - 6648.72198      -   347  446s
  5605  4003 6659.26217   32  424          - 6648.72198      -   347  454s
  5766  4086 6775.29720   35  344          - 6651.49775      -   351  462s
  5955  4156 6727.22598   36  385          - 6651.49775      -   352  471s
  6157  4108 6949.59581   40  313          - 6656.03954      -   355  481s
  6180  4115 6727.27792   41  342          - 6656.03954      -   356  489s
  6205  4125 6821.08540   42  318          - 6656.03954      -   357  498s
  6231  4135 6737.76958   42  348          - 6656.81215      -   358  507s
  6256  4165 6738.90378   43  349          - 6656.81215      -   359  516s
  6334  4158 6744.42849   44  344          - 6656.81215      -   359  526s
  6359  4208 6745.27601   45  353          - 6656.81215      -   361  535s
  6423  4254 6761.67493   51  315          - 6656.81215      -   362  544s
  6519  4331 infeasible   57               - 6656.81215      -   364  554s
  6660  4382 6713.29190   34  366          - 6659.99947      -   365  565s
  6817  4494 6769.80422   39  339          - 6659.99947      -   367  575s
  7044  4621 6836.77452   51  287          - 6660.27012      -   368  586s
  7317  4743 6738.84962   39  339          - 6660.27012      -   370  597s
  7635  4859 6806.24156   43  316          - 6660.27012      -   373  608s
  7992  4939 6943.14483   50  301          - 6660.27012      -   374  620s
  8261  5076 7134.62745   60  222          - 6660.27012      -   379  632s
  8569  5239 6740.46255   32  394          - 6660.27012      -   383  644s
  8891  5345 6762.82387   40  315          - 6660.27012      -   386  656s
  9257  5359 6795.98136   49  265          - 6660.27012      -   389  670s
  9464  5579 6818.76886   59  235          - 6660.27012      -   392  684s
  9830  5655 6852.61755   83  170          - 6668.57356      -   395  699s
 10115  5780 6714.83286   35  387          - 6668.57356      -   396  714s
 10500  5899 6778.12981   38  305          - 6668.57356      -   401  729s
 10837  6128 7078.44253   51  279          - 6668.57356      -   404  744s
 11346  5962 infeasible   62               - 6672.28407      -   403  745s

Cutting planes:
  Gomory: 4
  Cover: 58
  Implied bound: 2
  Clique: 42
  MIR: 122
  Knapsack: 3
  StrongCG: 67
  Flow cover: 241
  GUB cover: 12
  Zero half: 37
  RLT: 51
  Relax-and-lift: 110
  BQP: 3

Explored 11352 nodes (4588114 simplex iterations) in 745.10 seconds (671.27 work units)
Thread count was 22 (of 22 available processors)

Solution count 0

Time limit reached
Best objective -, best bound 6.673000000000e+03, gap -

User-callback calls 125625, time in user-callback 0.78 sec
