
Gurobi 13.0.0 (linux64) logging started Sat Jan 17 20:30:20 2026

Set parameter LogFile to value "../experiments/network-n_60_s_0_rp_0-app_set-id_63_26_apps/submip_30_epr1_model_gurobi.log"
Set parameter TimeLimit to value 7.7291298045798612e+02
Gurobi Optimizer version 13.0.0 build v13.0.0rc1 (linux64 - "Ubuntu 24.04.3 LTS")

CPU model: Intel(R) Core(TM) Ultra 7 165H, instruction set [SSE2|AVX|AVX2]
Thread count: 22 physical cores, 22 logical processors, using up to 22 threads

Non-default parameters:
TimeLimit  7.7291298045798612e+02
LogToConsole  0

Academic license 2539022 - for non-commercial use only - registered to al___@studenti.unimi.it
Optimize a model with 58180 rows, 10140 columns and 130459 nonzeros (Min)
Model fingerprint: 0x40ccfa73
Model has 10140 linear objective coefficients
Model has 200 quadratic constraints
Variable types: 0 continuous, 10140 integer (10140 binary)
Coefficient statistics:
  Matrix range     [1e+00, 9e+02]
  QMatrix range    [5e+01, 2e+02]
  Objective range  [1e+01, 2e+02]
  Bounds range     [1e+00, 1e+00]
  RHS range        [1e+00, 1e+09]
  QRHS range       [1e+02, 6e+02]
Presolve removed 57197 rows and 7486 columns
Presolve time: 0.12s
Presolved: 23456 rows, 24932 columns, 146686 nonzeros
Variable types: 0 continuous, 24932 integer (24932 binary)
Performing another presolve...
Presolve removed 1492 rows and 2251 columns
Presolve time: 0.44s
Deterministic concurrent LP optimizer: primal and dual simplex
Showing primal log only...

Concurrent spin time: 0.00s

Solved with dual simplex

Root relaxation: objective 6.084409e+03, 3760 iterations, 1.06 seconds (0.79 work units)

    Nodes    |    Current Node    |     Objective Bounds      |     Work
 Expl Unexpl |  Obj  Depth IntInf | Incumbent    BestBd   Gap | It/Node Time

     0     0 6084.40928    0  315          - 6084.40928      -     -    1s
     0     0 6085.78478    0  303          - 6085.78478      -     -    1s
     0     0 6085.88776    0  302          - 6085.88776      -     -    1s
     0     0 6133.96807    0  330          - 6133.96807      -     -    3s
     0     0 6134.05209    0  326          - 6134.05209      -     -    3s
     0     0 6197.92419    0  394          - 6197.92419      -     -    4s
     0     0 6203.22687    0  378          - 6203.22687      -     -    4s
     0     0 6228.20610    0  367          - 6228.20610      -     -    5s
     0     0 6230.93386    0  363          - 6230.93386      -     -    6s
     0     0 6231.49996    0  393          - 6231.49996      -     -    6s
     0     0 6231.58807    0  365          - 6231.58807      -     -    6s
     0     0 6282.66723    0  408          - 6282.66723      -     -    8s
     0     0 6310.59141    0  407          - 6310.59141      -     -    9s
     0     0 6323.17706    0  447          - 6323.17706      -     -   10s
     0     0 6336.58204    0  472          - 6336.58204      -     -   10s
     0     0 6339.72671    0  511          - 6339.72671      -     -   11s
     0     0 6341.84107    0  560          - 6341.84107      -     -   11s
     0     0 6375.31582    0  447          - 6375.31582      -     -   13s
     0     0 6384.05789    0  429          - 6384.05789      -     -   14s
     0     0 6398.31633    0  444          - 6398.31633      -     -   15s
     0     0 6406.52815    0  494          - 6406.52815      -     -   16s
     0     0 6410.50240    0  484          - 6410.50240      -     -   16s
     0     0 6428.13319    0  556          - 6428.13319      -     -   19s
     0     0 6428.19324    0  542          - 6428.19324      -     -   19s
     0     0 6428.19324    0  541          - 6428.19324      -     -   19s
     0     2 6428.19796    0  512          - 6428.19796      -     -   21s
    15    32 6435.19974    4  453          - 6432.18900      -   399   25s
   142   180 6443.53755    8  415          - 6436.24291      -   335   31s
   253   291 6447.06449   11  400          - 6436.24291      -   336   36s
   339   376 6452.90190   15  407          - 6436.24291      -   337   41s
   398   422 6453.37251   17  394          - 6436.24291      -   327   46s
   446   472 6456.69033   19  390          - 6436.24291      -   333   51s
   473   498 6523.96482   19  449          - 6436.24291      -   341   55s
   527   537 6463.69877   21  389          - 6436.24291      -   347   61s
   591   581 6461.60140   22  385          - 6436.24291      -   339   67s
   613   599 6462.77149   23  385          - 6436.24291      -   336   70s
   657   643 6463.95140   24  425          - 6436.24291      -   330   75s
   708   696 6464.85786   26  429          - 6436.24291      -   319   81s
   770   761 6465.16187   28  432          - 6436.24291      -   308   86s
   805   808 6466.71841   29  404          - 6436.24291      -   310   90s
   916   917 6470.29404   30  412          - 6436.24291      -   309   95s
   995   984 6476.16471   39  415          - 6436.24291      -   307  102s
  1028  1059 6476.67635   42  406          - 6436.24291      -   303  105s
  1187  1211 6487.20472   51  378          - 6436.24291      -   290  113s
  1255  1255 6490.00266   55  370          - 6436.24291      -   286  116s
  1346  1355 6495.49277   56  365          - 6436.24291      -   285  122s
  1399  1408 6492.29381   57  375          - 6436.24291      -   284  126s
  1455  1468 6497.81566   58  389          - 6436.24291      -   283  130s
  1575  1623 6502.25587   59  386          - 6436.24291      -   283  137s
  1677  1715 6503.27335   59  389          - 6436.24291      -   281  141s
  1773  1832 6502.37974   60  399          - 6436.24291      -   287  145s
  1904  1980 6514.52057   62  380          - 6436.24291      -   296  150s
  2292  2394 6588.91159   71  309          - 6438.63747      -   303  159s
  2560  2593 6617.95114   87  254          - 6439.20377      -   299  163s
  2854  2790 6652.95128  106  231          - 6439.20377      -   292  168s
  3092  2991 6746.25929  126  211          - 6439.20377      -   291  172s
  3353  3242 6453.02682    8  392          - 6439.20377      -   289  177s
  3622  3442 6498.52609   13  341          - 6439.20377      -   287  182s
  3904  3639 6504.98154   16  435          - 6439.20377      -   285  187s
  4185  3869 6509.07545   24  361          - 6439.20377      -   283  192s
  4436  3870 6607.46617   79 10253          - 6439.20377      -   284  199s
  4438  3871 6873.87695   66  338          - 6439.20377      -   284  204s
  4439  3872 6481.91364   34  345          - 6439.20377      -   284  206s
  4441  3873 6941.50588   97  453          - 6439.20377      -   284  210s
  4444  3875 6483.24216   31  471          - 6439.20377      -   284  216s
  4450  3879 6863.47736  112  550          - 6439.20377      -   284  220s
  4460  3886 6589.40202   40  599          - 6450.80745      -   283  225s
  4471  3893 6503.38173   38  597          - 6458.86051      -   282  230s
  4483  3901 6465.26942   17  667          - 6465.26942      -   282  235s
  4497  3911 6520.33982   25  668          - 6469.55130      -   281  240s
  4506  3917 6492.67169   41  680          - 6475.27839      -   280  245s
  4518  3925 6813.03876  129  732          - 6476.67539      -   279  250s
  4529  3932 6566.66662   59  696          - 6480.14496      -   279  255s
  4544  3942 6483.24216   31  778          - 6481.60274      -   278  260s
  4561  3953 6511.33740   10  675          - 6482.82425      -   277  265s
  4572  3961 6485.22151    9  644          - 6485.22151      -   276  270s
  4584  3969 6486.97610   20  685          - 6486.97610      -   275  275s
  4597  3977 6520.33982   25  740          - 6490.53320      -   275  280s
  4610  3986 6522.07806   32  606          - 6493.26491      -   274  285s
  4617  3991 6538.47543   76  625          - 6495.74502      -   273  290s
  4628  3998 6535.79993   50  637          - 6496.82828      -   273  295s
  4641  4007 6941.50588   97  660          - 6497.77432      -   272  300s
  4646  4010 6498.12795   12  674          - 6498.12795      -   272  311s
  4657  4017 6640.55487   78  718          - 6498.51151      -   271  315s
  4667  4024 6649.79853   71  647          - 6498.72796      -   270  321s
  4680  4033 6547.08510   17  672          - 6499.27108      -   270  325s
  4694  4042 6555.95744   45  661          - 6501.22995      -   269  330s
  4703  4048 6508.18401   20  699          - 6501.82866      -   268  335s
  4720  4059 6584.37869   70  719          - 6502.78855      -   267  341s
  4730  4066 6694.58159   89  693          - 6503.50638      -   267  345s
  4747  4077 6503.99770   10  727          - 6503.99770      -   266  351s
  4754  4082 6569.03867   22  744          - 6504.12288      -   265  355s
  4763  4088 6769.82450   95  745          - 6504.69769      -   265  360s
  4771  4093 6504.81269   38  737          - 6504.81269      -   265  365s
  4783  4101 6505.14250   17  730          - 6505.14250      -   264  370s
  4791  4107 6582.67357   71  756          - 6505.25244      -   263  376s
  4795  4111 6505.26232   49 10244          - 6505.26232      -   280  381s
  4797  4112 6520.33982   25  343          - 6505.26232      -   280  386s
  4800  4114 6505.26232   16  452          - 6505.26232      -   280  391s
  4802  4116 6553.79736   45  483          - 6505.26812      -   279  397s
  4804  4117 6507.20359   27  537          - 6507.20359      -   279  402s
  4806  4118 6507.53566   41  545          - 6507.53566      -   279  405s
  4812  4122 6608.47957   38  660          - 6508.00253      -   279  410s
  4824  4130 6610.55523   56  702          - 6512.32863      -   278  415s
  4836  4138 6607.46617   79  690          - 6512.99574      -   277  421s
  4845  4144 6672.64411   63  682          - 6512.99574      -   277  425s
  4860  4154 6589.40202   40  720          - 6512.99574      -   276  430s
  4871  4162 6512.99574   38  704          - 6512.99574      -   275  435s
  4883  4170 6512.99574   17  699          - 6512.99574      -   275  440s
  4895  4178 6512.99574   49  725          - 6512.99574      -   274  445s
  4907  4186 6848.33086   74  688          - 6512.99574      -   273  450s
  4921  4195 6512.99574   33  712          - 6512.99574      -   273  455s
  4929  4200 6566.66662   59  675          - 6512.99574      -   272  460s
  4930  4201 6694.58159   89  675          - 6513.00801      -   272  466s
  4931  4205 6513.97339   26  633          - 6513.01943      -   280  479s
  4933  4208 6514.51733   27  615          - 6513.97960      -   281  482s
  4937  4215 6516.40220   28  625          - 6515.35468      -   282  486s
  4945  4228 6518.89974   29  584          - 6518.89974      -   283  493s
  4961  4243 6520.45065   30  578          - 6518.90420      -   287  498s
  4983  4280 6522.63992   31  579          - 6520.51768      -   290  507s
  5028  4286 6522.81284   32  563          - 6522.25583      -   292  520s
  5051  4313 6594.36202   32  520          - 6522.25583      -   296  528s
  5086  4324 6523.97987   33  556          - 6522.25583      -   300  536s
  5109  4343 6526.58822   33  569          - 6522.25583      -   303  545s
  5138  4366 6526.14141   34  585          - 6522.25583      -   309  554s
  5174  4392 6590.75535   34  528          - 6522.25583      -   314  563s
  5214  4399 6526.68726   35  583          - 6522.25583      -   320  572s
  5237  4422 6641.45326   35  520          - 6522.25583      -   325  581s
  5267  4441 6527.80965   36  583          - 6522.25583      -   329  593s
  5298  4467 6531.93889   36  572          - 6522.25583      -   336  602s
  5335  4491 6527.85825   37  576          - 6522.25583      -   341  611s
  5373  4518 6687.57311   37  422          - 6522.25583      -   347  622s
  5413  4527 6529.02296   38  611          - 6522.25583      -   352  630s
  5435  4544 6621.87062   38  505          - 6522.25583      -   355  640s
  5459  4565 6529.65488   39  589          - 6522.25583      -   362  648s
  5488  4580 6568.95082   39  512          - 6522.25583      -   364  655s
  5513  4598 6529.86638   40  588          - 6522.25583      -   367  663s
  5539  4624 6590.14330   40  545          - 6522.25583      -   370  673s
  5576  4662 6533.58360   41  609          - 6522.25583      -   374  682s
  5626  4701 6615.18382   41  510          - 6522.25583      -   376  691s
  5684  4744 6534.09893   42  613          - 6522.25583      -   380  702s
  5746  4787 6568.58306   42  539          - 6522.25583      -   386  713s
  5810  4835 6537.01855   43  594          - 6522.25583      -   391  725s
  5879  4879 6549.59521   43  544          - 6522.25583      -   395  735s
  5946  4931 6537.93525   44  579          - 6522.25583      -   400  747s
  6041  4920 6540.22772   45  588          - 6522.25583      -   404  759s
  6063  4932 6570.41230   45  540          - 6522.25583      -   407  771s

Cutting planes:
  Gomory: 5
  Lift-and-project: 1
  Cover: 61
  Implied bound: 1
  Clique: 46
  MIR: 154
  Knapsack: 13
  StrongCG: 56
  Flow cover: 306
  GUB cover: 12
  Zero half: 35
  Mod-K: 5
  RLT: 112
  Relax-and-lift: 88
  BQP: 9

Explored 6101 nodes (2521444 simplex iterations) in 772.95 seconds (817.32 work units)
Thread count was 22 (of 22 available processors)

Solution count 0

Time limit reached
Best objective -, best bound 6.523000000000e+03, gap -

User-callback calls 152229, time in user-callback 0.95 sec
Set parameter LogToConsole to value 0
