FIXINGS_START
(0, 0, 0)
(0, 7, 0)
(1, 0, 0)
(2, 2, 0)
(3, 0, 0)
(3, 4, 0)
(4, 0, 0)
(5, 0, 0)
(6, 0, 0)
(6, 6, 0)
(7, 0, 0)
(7, 6, 0)
(8, 0, 0)
(9, 0, 0)
(10, 0, 0)
(10, 4, 0)
(11, 5, 0)
(12, 0, 0)
(13, 6, 0)
(13, 7, 0)
(14, 0, 0)
(15, 0, 0)
(16, 0, 0)
(16, 1, 0)
(17, 0, 0)
(17, 7, 0)
(18, 0, 0)
(18, 4, 0)
(20, 0, 0)
(21, 0, 0)
(21, 6, 0)
(22, 0, 0)
(22, 4, 0)
(23, 8, 0)
(24, 0, 0)
(24, 9, 0)
(6, 1, 0)
(6, 3, 0)
(6, 4, 0)
(6, 7, 0)
(6, 8, 0)
(11, 1, 0)
(22, 3, 3)
(15, 2, 0)
(1, 1, 0)
(13, 0, 0)
(10, 1, 0)
(22, 5, 0)
(20, 1, 0)
(10, 3, 0)
(23, 0, 0)
(23, 1, 0)
(20, 2, 0)
(17, 5, 0)
(11, 3, 0)
(16, 2, 25)
(13, 1, 0)
(14, 3, 0)
(0, 1, 0)
(23, 2, 0)
(25, 0, 0)
(19, 0, 0)
(25, 1, 0)
(7, 7, 0)
(10, 5, 0)
(5, 1, 36)
(16, 3, 27)
(3, 1, 0)
(24, 6, 0)
(23, 3, 0)
(3, 2, 0)
(15, 3, 0)
(5, 2, 29)
(17, 6, 0)
(9, 2, 0)
(19, 1, 27)
(19, 2, 0)
(23, 4, 0)
(21, 1, 0)
(21, 3, 15)
(20, 4, 0)
(21, 4, 0)
(23, 5, 0)
(25, 2, 18)
(21, 5, 18)
(25, 3, 0)
(0, 3, 0)
(16, 4, 0)
(23, 6, 10)
(9, 4, 0)
FIXINGS_END
time 745.112
GUROBI
Status TIME_LIMIT
Runtime 745.1113259792328
NodeCount 11352.0
IterCount 4588114.0
NumVars 10140
NumConstrs 58194
ObjBound 6673.0
ObjBoundC 6672.284070926284
ObjVal inf
MIPGap inf
