
Gurobi 13.0.0 (linux64) logging started Thu Jan 15 03:24:12 2026

Set parameter LogFile to value "../experiments/network-n_50_s_0_rp_0-app_set-id_37_17_apps/submip_40_epr0_model_gurobi.log"
Set parameter TimeLimit to value 8.9698503380599141e+02
Gurobi Optimizer version 13.0.0 build v13.0.0rc1 (linux64 - "Ubuntu 24.04.3 LTS")

CPU model: Intel(R) Core(TM) Ultra 7 165H, instruction set [SSE2|AVX|AVX2]
Thread count: 22 physical cores, 22 logical processors, using up to 22 threads

Non-default parameters:
TimeLimit  8.9698503380599141e+02
LogToConsole  0

Academic license 2539022 - for non-commercial use only - registered to al___@studenti.unimi.it
Optimize a model with 32052 rows, 5500 columns and 71782 nonzeros (Min)
Model fingerprint: 0x9e449811
Model has 5500 linear objective coefficients
Model has 166 quadratic constraints
Variable types: 0 continuous, 5500 integer (5500 binary)
Coefficient statistics:
  Matrix range     [1e+00, 9e+02]
  QMatrix range    [5e+01, 2e+02]
  Objective range  [1e+01, 2e+02]
  Bounds range     [1e+00, 1e+00]
  RHS range        [1e+00, 1e+09]
  QRHS range       [1e+02, 6e+02]

MIP start from previous solve did not produce a new incumbent solution
MIP start from previous solve violates constraint fixed_app_15_microservice_2 by 1.000000000

Presolve removed 31504 rows and 4435 columns
Presolve time: 0.10s
Presolved: 10740 rows, 11105 columns, 66416 nonzeros
Variable types: 0 continuous, 11105 integer (11105 binary)

Root relaxation: objective 3.309818e+03, 1121 iterations, 0.06 seconds (0.12 work units)

    Nodes    |    Current Node    |     Objective Bounds      |     Work
 Expl Unexpl |  Obj  Depth IntInf | Incumbent    BestBd   Gap | It/Node Time

     0     0 3309.81810    0  129          - 3309.81810      -     -    0s
     0     0 3310.48971    0  127          - 3310.48971      -     -    0s
     0     0 3310.48971    0  127          - 3310.48971      -     -    0s
     0     0 3312.41039    0  123          - 3312.41039      -     -    0s
H    0     0                    4155.0000000 3312.93705  20.3%     -    0s
     0     0 3345.86417    0  147 4155.00000 3345.86417  19.5%     -    1s
H    0     0                    3939.0000000 3345.86417  15.1%     -    1s
H    0     0                    3833.0000000 3345.86417  12.7%     -    1s
H    0     0                    3737.0000000 3345.86417  10.5%     -    1s
H    0     0                    3689.0000000 3345.86417  9.30%     -    1s
H    0     0                    3687.0000000 3345.86417  9.25%     -    1s
     0     0 3353.16772    0  124 3687.00000 3353.16772  9.05%     -    1s
     0     0 3353.31012    0  154 3687.00000 3353.31012  9.05%     -    1s
     0     0 3370.36695    0  148 3687.00000 3370.36695  8.59%     -    1s
     0     0 3372.83344    0  151 3687.00000 3372.83344  8.52%     -    1s
     0     0 3373.15276    0  156 3687.00000 3373.15276  8.51%     -    1s
     0     0 3380.10786    0  187 3687.00000 3380.10786  8.32%     -    1s
H    0     0                    3686.0000000 3380.10786  8.30%     -    1s
H    0     0                    3655.0000000 3380.10786  7.52%     -    1s
H    0     0                    3629.0000000 3380.10786  6.86%     -    1s
H    0     0                    3626.0000000 3380.10786  6.78%     -    1s
H    0     0                    3545.0000000 3380.10786  4.65%     -    1s
H    0     0                    3534.0000000 3380.10786  4.35%     -    1s
     0     0 3383.14254    0  170 3534.00000 3383.14254  4.27%     -    1s
     0     0 3383.82227    0  163 3534.00000 3383.82227  4.25%     -    1s
     0     0 3385.86631    0  175 3534.00000 3385.86631  4.19%     -    2s
     0     0 3386.05606    0  175 3534.00000 3386.05606  4.19%     -    2s
     0     0 3386.05606    0  175 3534.00000 3386.05606  4.19%     -    2s
     0     0 3386.05606    0  167 3534.00000 3386.05606  4.19%     -    2s
H    0     2                    3493.0000000 3386.05606  3.06%     -    2s
     0     2 3386.05606    0  167 3493.00000 3386.05606  3.06%     -    2s
H   80    95                    3472.0000000 3393.72692  2.25%   200    3s
H   93    95                    3461.0000000 3393.72864  1.94%   191    3s
H  104   133                    3454.0000000 3393.72864  1.74%   183    3s
H  105   133                    3449.0000000 3393.72864  1.60%   183    3s
H  373   387                    3445.0000000 3393.72864  1.49%   128    3s
H  405   428                    3444.0000000 3393.72864  1.46%   124    3s
H  494   503                    3443.0000000 3393.72864  1.43%   115    4s
H  775   759                    3436.0000000 3394.09742  1.22%  98.0    4s
H  897   823                    3435.0000000 3394.09742  1.19%  94.9    4s
   949   880 3430.93048   19  198 3435.00000 3394.09742  1.19%  93.8    5s
H 1339  1059                    3429.0000000 3397.49115  0.92%  87.9    6s
H 2610  1698                    3427.0000000 3400.85714  0.76%  73.4    7s
  3774  2211 3416.81212   25 1827 3427.00000 3403.15854  0.70%  68.7   10s
  4008  2379 3411.15307   21  187 3427.00000 3405.01710  0.64%  71.1   15s
  5554  2525 3425.45953   33  121 3427.00000 3410.40000  0.48%  71.9   20s
  7517  2713 3424.00803   30  152 3427.00000 3412.36172  0.43%  68.2   25s
  9737  2802 3420.14020   36   47 3427.00000 3414.10209  0.38%  64.5   30s
*10299  2380              28    3425.0000000 3414.22940  0.31%  63.7   30s
 15553  2973 3423.24484   25   70 3425.00000 3417.22625  0.23%  58.8   35s
 22384     0     cutoff   24      3425.00000 3420.92463  0.12%  56.1   40s

Cutting planes:
  Gomory: 6
  Lift-and-project: 6
  Cover: 170
  Clique: 19
  MIR: 129
  Knapsack: 5
  StrongCG: 71
  Flow cover: 79
  GUB cover: 8
  Inf proof: 1
  Zero half: 40
  RLT: 81
  Relax-and-lift: 37
  BQP: 13
  PSD: 3

Explored 23733 nodes (1299943 simplex iterations) in 40.58 seconds (36.02 work units)
Thread count was 22 (of 22 available processors)

Solution count 10: 3425 3427 3429 ... 3454

Optimal solution found (tolerance 1.00e-04)
Best objective 3.425000000000e+03, best bound 3.425000000000e+03, gap 0.0000%

User-callback calls 54818, time in user-callback 0.07 sec
Set parameter LogToConsole to value 0
