FIXINGS_START
(0, 0, 0)
(0, 4, 0)
(1, 8, 0)
(2, 0, 0)
(3, 0, 0)
(4, 0, 0)
(4, 6, 0)
(5, 0, 0)
(5, 4, 0)
(6, 3, 0)
(7, 0, 0)
(8, 6, 0)
(9, 0, 0)
(10, 0, 0)
(10, 9, 0)
(11, 0, 0)
(11, 1, 0)
(12, 0, 0)
(13, 0, 0)
(14, 0, 0)
(14, 4, 0)
(15, 0, 0)
(16, 0, 0)
(11, 2, 0)
(11, 3, 0)
(7, 1, 0)
(3, 1, 0)
(5, 1, 0)
(13, 3, 0)
(3, 2, 0)
(9, 2, 22)
(1, 0, 0)
(1, 1, 0)
(1, 2, 0)
(1, 3, 0)
(1, 4, 0)
(1, 5, 0)
(1, 7, 0)
(9, 3, 0)
(13, 4, 0)
(5, 5, 0)
(9, 4, 0)
(4, 1, 14)
(4, 2, 0)
(7, 2, 10)
(10, 1, 0)
(16, 1, 0)
(3, 4, 0)
(4, 3, 0)
(5, 7, 0)
FIXINGS_END
found_sol 3910.0 time 1.150
found_sol 3635.0 time 1.912
found_sol 3604.0 time 2.126
found_sol 3550.0 time 2.272
found_sol 3546.0 time 2.280
found_sol 3546.0 time 3.478
found_sol 3550.0 time 3.480
found_sol 3604.0 time 3.482
found_sol 3532.0 time 4.785
found_sol 3528.0 time 4.786
found_sol 3525.0 time 4.787
found_sol 3518.0 time 5.282
found_sol 3517.0 time 5.360
found_sol 3459.0 time 6.743
found_sol 3450.0 time 7.234
found_sol 3431.0 time 7.995
found_sol 3430.0 time 11.834
found_sol 3430.0 time 17.876
found_sol 3431.0 time 17.878
found_sol 3450.0 time 17.879
found_sol 3425.0 time 29.734
found_sol 3424.0 time 38.930
found_sol 3423.0 time 42.429
found_sol 3423.0 time 148.626
time 148.632
GUROBI
Status OPTIMAL
Runtime 148.63230514526367
NodeCount 86109.0
IterCount 5337550.0
NumVars 5500
NumConstrs 32044
ObjBound 3423.0
ObjBoundC 3423.0
ObjVal 3423.0
MIPGap 0.0
