
Gurobi 13.0.0 (linux64) logging started Fri Jan  2 13:15:24 2026

Set parameter LogFile to value "../experiments/network-n_50_s_0_rp_0-app_set-id_48_21_apps/compact_model_gurobi.log"
Set parameter TimeLimit to value 900
Gurobi Optimizer version 13.0.0 build v13.0.0rc1 (linux64 - "Ubuntu 24.04.3 LTS")

CPU model: Intel(R) Core(TM) Ultra 7 165H, instruction set [SSE2|AVX|AVX2]
Thread count: 22 physical cores, 22 logical processors, using up to 22 threads

Non-default parameters:
TimeLimit  900
LogToConsole  0

Academic license 2539022 - for non-commercial use only - registered to al___@studenti.unimi.it
Optimize a model with 34929 rows, 6800 columns and 79228 nonzeros (Min)
Model fingerprint: 0x008f68fc
Model has 6800 linear objective coefficients
Model has 166 quadratic constraints
Variable types: 0 continuous, 6800 integer (6800 binary)
Coefficient statistics:
  Matrix range     [1e+00, 9e+02]
  QMatrix range    [5e+01, 2e+02]
  Objective range  [1e+01, 2e+02]
  Bounds range     [1e+00, 1e+00]
  RHS range        [1e+00, 1e+09]
  QRHS range       [1e+02, 6e+02]
Presolve removed 33160 rows and 4161 columns
Presolve time: 0.38s
Presolved: 34039 rows, 34749 columns, 210962 nonzeros
Variable types: 0 continuous, 34749 integer (34749 binary)
Deterministic concurrent LP optimizer: primal and dual simplex
Showing primal log only...

Concurrent spin time: 0.00s

Solved with dual simplex

Root relaxation: objective 4.327528e+03, 2252 iterations, 0.77 seconds (0.59 work units)

    Nodes    |    Current Node    |     Objective Bounds      |     Work
 Expl Unexpl |  Obj  Depth IntInf | Incumbent    BestBd   Gap | It/Node Time

     0     0 4327.52783    0  269          - 4327.52783      -     -    2s
     0     0 4361.66603    0  343          - 4361.66603      -     -    3s
     0     0 4361.85444    0  346          - 4361.85444      -     -    3s
     0     0 4407.39606    0  325          - 4407.39606      -     -    4s
     0     0 4412.00691    0  332          - 4412.00691      -     -    4s
     0     0 4412.36855    0  331          - 4412.36855      -     -    4s
     0     0 4412.58304    0  343          - 4412.58304      -     -    4s
     0     0 4456.74872    0  379          - 4456.74872      -     -    6s
     0     0 4475.17447    0  463          - 4475.17447      -     -    7s
     0     0 4478.52924    0  453          - 4478.52924      -     -    7s
     0     0 4479.24635    0  473          - 4479.24635      -     -    7s
     0     0 4502.72536    0  463          - 4502.72536      -     -    9s
     0     0 4507.04038    0  510          - 4507.04038      -     -   10s
     0     0 4507.05288    0  508          - 4507.05288      -     -   10s
     0     0 4511.66593    0  492          - 4511.66593      -     -   10s
     0     0 4515.12638    0  467          - 4515.12638      -     -   11s
     0     0 4515.86618    0  482          - 4515.86618      -     -   11s
     0     0 4527.80297    0  507          - 4527.80297      -     -   13s
     0     0 4534.33874    0  493          - 4534.33874      -     -   14s
     0     0 4536.90903    0  465          - 4536.90903      -     -   14s
     0     0 4539.45020    0  503          - 4539.45020      -     -   15s
     0     0 4539.45143    0  491          - 4539.45143      -     -   15s
     0     0 4539.45143    0  484          - 4539.45143      -     -   16s
     0     2 4539.45366    0  477          - 4539.45366      -     -   18s
     7    16 4542.13670    3  441          - 4540.02887      -   286   21s
    53   103 4546.66378    6  428          - 4544.70919      -   292   25s
   177   211 4549.24349    9  425          - 4544.71747      -   257   30s
   330   372 4553.32206   14  464          - 4544.71747      -   250   35s
   438   455 4554.08572   18  440          - 4544.71747      -   248   40s
   522   518 4555.51178   20  401          - 4544.71747      -   255   46s
   573   564 4556.71501   22  400          - 4544.71747      -   259   50s
   654   638 4557.54184   24  401          - 4544.71747      -   268   56s
   713   698 4560.65043   26  372          - 4544.71747      -   266   60s
   804   777 4562.83193   28  369          - 4544.71747      -   263   66s
   882   839 4564.41419   30  363          - 4544.71747      -   263   72s
   927   882 4566.25299   32  364          - 4544.71747      -   263   77s
   978   955 4566.51062   33  368          - 4544.71747      -   260   82s
  1077  1067 4567.91845   35  402          - 4544.71747      -   255   87s
  1142  1120 4568.22973   36  436          - 4544.71747      -   251   91s
  1197  1172 4568.36439   37  429          - 4544.71747      -   250   95s
  1308  1287 4574.76068   39  338          - 4544.71747      -   251  102s
  1374  1352 4574.79424   39  383          - 4544.71747      -   252  107s
  1439  1420 4576.15992   40  362          - 4544.71747      -   252  110s
  1605  1570 4580.48870   44  363          - 4544.71747      -   249  117s
  1666  1664 4583.67915   46  349          - 4544.71747      -   248  120s
  1846  1875 4588.96693   49  373          - 4544.71747      -   243  127s
  1982  2024 4590.66534   50  375          - 4544.71747      -   237  131s
  2134  2130 4596.29588   56  400          - 4544.71747      -   232  135s
  2334  2332 4598.71331   64  390          - 4544.71747      -   227  142s
  2455  2455 4610.85915   78  270          - 4544.71747      -   224  146s
  2595  2593 4620.07801   84  273          - 4545.51071      -   221  150s
  2734  2750 4634.21273   92  250          - 4545.51071      -   219  155s
  3101  3147 4659.97644  112  256          - 4545.51071      -   214  164s
  3311  3382 4666.09459  123  240          - 4545.51071      -   210  169s
  3552  3659 4684.69472  150  191          - 4545.51071      -   207  173s
  3859  3880 4705.83879  179  185          - 4545.51071      -   203  178s
  4130  4174 4750.79827  198  184          - 4545.51071      -   202  183s
  4440  4428 4915.73817  228  164          - 4545.51071      -   200  187s
  4755  4644 infeasible  258               - 4546.02675      -   199  192s
  5004  4940 4565.30070   15  320          - 4546.27960      -   201  199s
  5314  5178 4577.47926   18  323          - 4546.27960      -   200  205s
  5638  5428 4581.72453   22  296          - 4546.27960      -   201  211s
  5912  5729 4603.34819   26  301          - 4546.27960      -   203  217s
  6245  6018 4594.59465   32  273          - 4546.27960      -   203  223s
  6634  6338 4610.52968   36  245          - 4546.67800      -   202  229s
  6962  6666 4661.94539   44  272          - 4546.99103      -   203  235s
  7336  6992 4624.65753   50  290          - 4546.99103      -   203  242s
  7760  6993 4570.35180   15 15670          - 4547.19550      -   203  250s
  7762  6994 4619.02166   61  332          - 4547.19550      -   203  255s
  7766  6997 4569.17670   28  416          - 4547.19550      -   203  260s
  7771  7000 4568.96539   28  481          - 4547.19550      -   203  265s
  7783  7008 5067.65116  174  493          - 4555.39732      -   202  271s
  7791  7014 4669.84418   78  491          - 4561.14173      -   202  275s
  7800  7020 4668.14413   69  500          - 4564.88224      -   202  280s
  7813  7028 4760.89256  180  535          - 4568.72236      -   202  285s
  7830  7040 4756.58231   47  588          - 4570.34804      -   201  290s
  7840  7046 4627.54466  101  562          - 4572.34669      -   201  295s
  7853  7055 4648.42268   77  597          - 4574.15896      -   201  300s
  7867  7064 4622.84861   31  611          - 4574.62607      -   200  305s
  7881  7074 4575.40236    9  612          - 4575.40236      -   200  310s
  7892  7081 4722.46476  106  573          - 4575.68360      -   200  315s
  7902  7088 4576.48475   26  520          - 4576.48475      -   199  320s
  7914  7096 4599.17496   51  592          - 4577.30105      -   199  325s
  7922  7101 4590.26705   16  603          - 4577.59446      -   199  330s
  7938  7112 4578.03505   30  548          - 4578.03505      -   199  335s
  7947  7118 4595.15247   57  564          - 4578.13258      -   198  340s
  7948  7118 4672.85494   97  566          - 4578.13258      -   198  345s
  7952  7121 4709.65353   26  565          - 4578.24425      -   198  356s
  7955  7128 4578.47459   16  569          - 4578.47459      -   204  360s
  7967  7148 4580.48764   18  542          - 4579.06089      -   204  365s
  8005  7194 4581.76611   20  516          - 4579.48576      -   205  373s
  8042  7219 4590.83435   21  458          - 4579.48576      -   206  378s
  8079  7246 4584.88714   22  543          - 4579.48576      -   208  383s
  8118  7265 4583.50988   22  543          - 4579.48576      -   210  388s
  8150  7286 4592.04089   23  520          - 4579.48576      -   212  394s
  8182  7311 4589.17772   23  443          - 4579.48576      -   214  399s
  8218  7324 4589.33812   24  420          - 4579.48576      -   216  404s
  8243  7349 4599.86216   24  436          - 4579.48576      -   217  409s
  8276  7365 4590.54847   25  410          - 4579.48576      -   220  414s
  8303  7386 4590.45602   25  398          - 4579.48576      -   220  418s
  8333  7417 4593.78604   26  473          - 4579.48576      -   221  423s
  8374  7425 4595.53618   26  362          - 4579.48576      -   223  429s
  8396  7443 4599.94793   27  398          - 4579.48576      -   224  433s
  8421  7465 4608.53527   27  392          - 4579.48576      -   226  438s
  8451  7478 4601.94936   28  407          - 4579.48576      -   227  442s
  8474  7496 4651.29700   28  401          - 4579.48576      -   228  446s
  8500  7515 4602.91292   29  364          - 4579.48576      -   228  451s
  8528  7533 4621.34504   29  344          - 4579.48576      -   230  456s
  8557  7551 4604.04682   30  361          - 4579.48576      -   232  462s
  8589  7566 infeasible   31               - 4579.48576      -   233  467s
H 8608  7199                    4861.0000000 4579.48576  5.79%   234  467s
  8622  7234 infeasible   31      4861.00000 4579.48576  5.79%   235  472s
H 8632  6889                    4822.0000000 4579.48576  5.03%   235  472s
  8667  6907 4615.98250   32  371 4822.00000 4579.48576  5.03%   236  478s
H 8689  6575                    4816.0000000 4579.48576  4.91%   237  478s
  8700  6633 4617.88464   32  466 4816.00000 4579.48576  4.91%   237  483s
  8763  6668 4625.52115   33  429 4816.00000 4579.48576  4.91%   239  490s
H 8767  6358                    4811.0000000 4579.48576  4.81%   239  490s
  8819  6411 4631.50917   34  426 4811.00000 4579.48576  4.81%   240  495s
  8893  6424 4637.10212   35  455 4811.00000 4579.48576  4.81%   241  502s
  8933  6480 4632.65101   35  403 4811.00000 4579.48576  4.81%   242  508s
  9014  6517 4634.89658   36  396 4811.00000 4579.48576  4.81%   243  515s
  9078  6583 4640.89070   37  423 4811.00000 4579.48576  4.81%   244  521s
  9165  6610 4641.32845   38  412 4811.00000 4579.48576  4.81%   245  529s
  9223  6685 4641.88912   39  437 4811.00000 4579.48576  4.81%   246  536s
  9320  6700 4648.16883   40  353 4811.00000 4579.48576  4.81%   247  544s
  9373  6781 4642.46585   41  427 4811.00000 4579.48576  4.81%   248  552s
  9482  6826 4646.47091   42  403 4811.00000 4580.41365  4.79%   249  560s
  9563  6910 4650.01898   43  421 4811.00000 4580.41365  4.79%   251  568s
  9682  6969 4655.56499   45  386 4811.00000 4580.41365  4.79%   253  576s
  9790  7018 4657.82263   46  368 4811.00000 4580.41365  4.79%   254  586s
  9899  7047 4663.23961   48  336 4811.00000 4580.41365  4.79%   255  596s
  9987  7095 4664.13568   50  379 4811.00000 4580.41365  4.79%   256  607s
 10090  7149 4667.74892   53  349 4811.00000 4580.41365  4.79%   259  616s
 10201  7224 4759.85918   55  328 4811.00000 4580.61386  4.79%   262  626s
 10352  7278 4702.24152   57  304 4811.00000 4580.61386  4.79%   264  637s
 10504  7335 4695.71260   61  322 4811.00000 4580.61386  4.79%   266  648s
 10642  7407 4714.17692   64  316 4811.00000 4580.61386  4.79%   269  659s
 10828  7469 4728.89666   67  303 4811.00000 4580.61386  4.79%   271  673s
 11023  7533 4739.90827   71  281 4811.00000 4580.61386  4.79%   273  685s
 11202  7598 4783.43511   75  219 4811.00000 4580.61386  4.79%   275  698s
 11395  7676 4807.19934   79  259 4811.00000 4580.61386  4.79%   276  712s
 11562  7825 4604.73364   21  525 4811.00000 4580.61386  4.79%   278  726s
 11808  7965 4620.78778   27  452 4811.00000 4580.61386  4.79%   279  743s
 12084  8041 4636.75509   32  382 4811.00000 4580.61386  4.79%   280  759s
 12356  8113 4665.33803   41  458 4811.00000 4580.61386  4.79%   282  776s
 12554  8241 4677.01009   48  380 4811.00000 4580.61386  4.79%   285  791s
 12771  8257 4693.83924   59  360 4811.00000 4580.61386  4.79%   287  808s
 12877  8379 4695.64821   60  365 4811.00000 4580.61386  4.79%   289  824s
 13042  8628 4718.91841   72  331 4811.00000 4580.61386  4.79%   291  841s
 13374  8760     cutoff  112      4811.00000 4580.61386  4.79%   291  859s
 13685  8853 4624.99856   23  342 4811.00000 4580.61386  4.79%   292  878s
 13919  9206 4683.45079   36  342 4811.00000 4580.61386  4.79%   294  898s
 14384  9084 4767.82558   61  226 4811.00000 4580.61386  4.79%   294  900s

Cutting planes:
  Gomory: 5
  Lift-and-project: 2
  Cover: 336
  Clique: 68
  MIR: 387
  Knapsack: 8
  StrongCG: 280
  Flow cover: 898
  GUB cover: 31
  Zero half: 138
  Mod-K: 1
  RLT: 206
  Relax-and-lift: 224
  BQP: 76

Explored 14426 nodes (4245685 simplex iterations) in 900.05 seconds (753.89 work units)
Thread count was 22 (of 22 available processors)

Solution count 4: 4811 4816 4822 4861 

Time limit reached
Best objective 4.811000000000e+03, best bound 4.581000000000e+03, gap 4.7807%

User-callback calls 150262, time in user-callback 0.89 sec
