
Gurobi 13.0.0 (linux64) logging started Thu Jan 15 05:52:22 2026

Set parameter LogFile to value "../experiments/network-n_50_s_0_rp_0-app_set-id_48_21_apps/submip_30_epr0_model_gurobi.log"
Set parameter TimeLimit to value 8.9632151885300118e+02
Gurobi Optimizer version 13.0.0 build v13.0.0rc1 (linux64 - "Ubuntu 24.04.3 LTS")

CPU model: Intel(R) Core(TM) Ultra 7 165H, instruction set [SSE2|AVX|AVX2]
Thread count: 22 physical cores, 22 logical processors, using up to 22 threads

Non-default parameters:
TimeLimit  8.9632151885300118e+02
LogToConsole  0

Academic license 2539022 - for non-commercial use only - registered to al___@studenti.unimi.it
Optimize a model with 34991 rows, 6800 columns and 79290 nonzeros (Min)
Model fingerprint: 0xf935cc56
Model has 6800 linear objective coefficients
Model has 166 quadratic constraints
Variable types: 0 continuous, 6800 integer (6800 binary)
Coefficient statistics:
  Matrix range     [1e+00, 9e+02]
  QMatrix range    [5e+01, 2e+02]
  Objective range  [1e+01, 2e+02]
  Bounds range     [1e+00, 1e+00]
  RHS range        [1e+00, 1e+09]
  QRHS range       [1e+02, 6e+02]
Presolve removed 34156 rows and 5265 columns
Presolve time: 0.13s
Presolved: 13584 rows, 14133 columns, 83749 nonzeros
Variable types: 0 continuous, 14133 integer (14133 binary)

Root relaxation: objective 4.398234e+03, 1734 iterations, 0.12 seconds (0.22 work units)

    Nodes    |    Current Node    |     Objective Bounds      |     Work
 Expl Unexpl |  Obj  Depth IntInf | Incumbent    BestBd   Gap | It/Node Time

     0     0 4398.23413    0  193          - 4398.23413      -     -    0s
     0     0 4398.23413    0  193          - 4398.23413      -     -    0s
     0     0 4470.28210    0  220          - 4470.28210      -     -    1s
     0     0 4493.19784    0  278          - 4493.19784      -     -    1s
     0     0 4496.35540    0  288          - 4496.35540      -     -    1s
     0     0 4496.38058    0  288          - 4496.38058      -     -    1s
     0     0 4528.96354    0  320          - 4528.96354      -     -    1s
     0     0 4552.42809    0  308          - 4552.42809      -     -    2s
     0     0 4562.01975    0  323          - 4562.01975      -     -    2s
     0     0 4565.14310    0  327          - 4565.14310      -     -    2s
     0     0 4565.69235    0  264          - 4565.69235      -     -    2s
     0     0 4592.95277    0  367          - 4592.95277      -     -    3s
     0     0 4608.42939    0  332          - 4608.42939      -     -    3s
     0     0 4613.07389    0  336          - 4613.07389      -     -    3s
     0     0 4615.34356    0  339          - 4615.34356      -     -    3s
     0     0 4625.48000    0  339          - 4625.48000      -     -    4s
     0     0 4625.48973    0  336          - 4625.48973      -     -    4s
     0     0 4625.48973    0  336          - 4625.48973      -     -    4s
     0     2 4625.49579    0  329          - 4625.49579      -     -    5s
   424   449 4642.44757   16  242          - 4628.09956      -   182   10s
   897   918 4650.78222   29  229          - 4628.09956      -   165   15s
  1647  1714 4676.00079   62  201          - 4628.09956      -   149   20s
  2608  2517 4801.19323   86  159          - 4629.01529      -   137   25s
  3592  3351 4638.15845   10  266          - 4630.08828      -   138   30s
  3933  3559 4656.24105   23  231          - 4630.08828      -   139   35s
  4403  4150 4695.39690   39  206          - 4630.08828      -   139   40s
  5279  4631 4699.14295   25  199          - 4630.77636      -   136   45s
  5306  4649 4644.52489   15  335          - 4644.52489      -   135   50s
  5347  4677 4653.05635   15  383          - 4653.05635      -   134   55s
  5385  4702 4658.60748    8  405          - 4658.60748      -   133   60s
  5423  4727 4747.47897   65  415          - 4662.98927      -   132   65s
  5459  4751 4833.94453   56  415          - 4663.73856      -   131   70s
  5496  4776 4918.26469  112  405          - 4664.36643      -   130   75s
  5529  4798 4696.23960   48  400          - 4666.01797      -   130   80s
  5551  4814 4669.26016   29  292          - 4666.26751      -   134   85s
  5577  4831 4956.84616  134  400          - 4668.37215      -   134   90s
  5617  4858 4679.04999   38  422          - 4668.37215      -   133   95s
  5641  4874 4740.82097   63  389          - 4668.52898      -   132  100s
  5672  4894 4687.79005   29  406          - 4669.61953      -   132  105s
  5694  4909 4868.22716   76  393          - 4669.89043      -   131  110s
  5747  4989 4673.60867   26  362          - 4673.27677      -   137  115s
  5865  5046 4676.26216   28  337          - 4673.28200      -   142  120s
  5965  5123 4683.87599   30  262          - 4673.28200      -   146  125s
  6078  5194 4694.49853   32  291          - 4673.28200      -   152  131s
  6157  5242 4695.73798   34  315          - 4673.28200      -   155  135s
  6240  5309 4704.66043   35  276          - 4673.28200      -   159  140s
  6356  5373 4699.93076   38  284          - 4673.28200      -   164  145s
  6449  5454 4702.78280   39  226          - 4673.28200      -   168  150s
  6595  5573 4706.89711   41  209          - 4673.28200      -   173  155s
  6715  5643 4725.06717   42  233          - 4673.28200      -   177  161s
  6848  5764 4921.42092   43  233          - 4673.28200      -   180  165s
  7014  5865 4719.56120   44  177          - 4673.28200      -   185  170s
  7124  5878 4738.23585   45  199          - 4673.28200      -   186  175s
  7215  5989 4731.91758   47  183          - 4673.58878      -   188  180s
  7450  6196 4756.10851   53  172          - 4673.58878      -   191  186s
  7775  6418 4827.68712   60  183          - 4673.58878      -   196  191s
  8166  6673 4811.95526   68  164          - 4673.70939      -   199  198s
  8447  6771 4825.22114   73  159          - 4673.70939      -   199  201s
  8943  6971 4922.42420   85  134          - 4673.70939      -   202  207s
  9224  7059 infeasible   95               - 4673.70939      -   202  210s
  9711  7121 4700.13038   39  221          - 4676.27585      -   205  217s
  9739  7160 4706.69218   40  241          - 4676.27585      -   206  220s
  9866  7240 4725.48137   42  245          - 4676.27585      -   206  228s
  9957  7310 4712.32239   42  230          - 4676.27585      -   207  232s
 10071  7409 4701.69931   40  231          - 4676.27585      -   208  235s
 10243  7374 4714.42044   41  256          - 4676.27585      -   208  240s
 10401  7617 4717.44184   43  244          - 4677.82336      -   208  248s
 10631  7818 4752.34401   48  242          - 4677.82336      -   210  252s
 10933  8073 4771.53616   56  199          - 4678.42999      -   213  257s
 11334  8293 4911.46802   79  178          - 4678.42999      -   215  261s
 11827  8377 4927.00840  118  157          - 4678.94352      -   215  266s
H12072  8027                    5371.0000000 4678.94352  12.9%   216  266s
 12186  8195 4749.11253   35  238 5371.00000 4678.94352  12.9%   217  271s
 12513  8370 4905.26720   42  273 5371.00000 4679.65173  12.9%   217  277s
 12887  8474 5239.07502   62  184 5371.00000 4679.65173  12.9%   218  283s
 13201  8619 4913.58331   37  250 5371.00000 4679.65173  12.9%   221  290s
 13539  8763 5213.64388   44  218 5371.00000 4680.75260  12.9%   224  295s
 13812  8982 4733.37151   31  270 5371.00000 4680.94522  12.8%   226  302s
 14248  9080 4828.30934   55  189 5371.00000 4681.00659  12.8%   228  309s
 14599  9316 infeasible   80      5371.00000 4684.55644  12.8%   230  316s
 15026  9466 4785.01883   40  265 5371.00000 4684.57257  12.8%   232  323s
 15419  9793 4931.32270   55  219 5371.00000 4684.57257  12.8%   233  331s
 16024  9907 4734.42465   35  262 5371.00000 4684.57257  12.8%   232  339s
 16470 10188 4995.14490   49  273 5371.00000 4684.57257  12.8%   234  347s
 17054 10327 4757.00700   26  285 5371.00000 4684.57257  12.8%   234  355s
 17474 10669 4878.47552   43  316 5371.00000 4684.57257  12.8%   236  363s
 18074 10818 infeasible   72      5371.00000 4685.33777  12.8%   237  372s
 18601 10948 4785.66112   43  352 5371.00000 4685.33777  12.8%   239  381s
 18995 11245 5102.29819   51  327 5371.00000 4685.33777  12.8%   240  391s
 19571 11573 4729.77085   35  308 5371.00000 4685.33777  12.8%   242  401s
 20322 11944 4949.08171   59  198 5371.00000 4689.08578  12.7%   242  411s
 20925 12317 4738.48782   46  315 5371.00000 4689.70565  12.7%   245  421s
H21430 12673                    5360.0000000 4689.87302  12.5%   248  433s
H21504 12662                    5321.0000000 4689.87302  11.9%   248  433s
H21612 12591                    5228.0000000 4689.90413  10.3%   249  433s
H21721 12396                    5142.0000000 4689.90413  8.79%   249  433s
 21997 12868 4770.37433   43  319 5142.00000 4689.90413  8.79%   250  444s
 22725 13482 4756.17521   27  266 5142.00000 4690.23929  8.79%   252  456s
 23549 14060 4713.30044   35  298 5142.00000 4693.11623  8.73%   253  469s
 24369 14712 4785.71762   42  296 5142.00000 4694.22781  8.71%   254  484s
 25300 15114 4815.48477   39  273 5142.00000 4694.70508  8.70%   255  497s
 25907 15592 4729.14730   40  324 5142.00000 4694.70508  8.70%   256  511s
 26514 16217 5047.86757   61  179 5142.00000 4694.70508  8.70%   258  527s
 27355 16804 4987.21352   60  206 5142.00000 4694.70508  8.70%   260  543s
 28297 17804 4826.36138   53  203 5142.00000 4697.48113  8.64%   262  560s
 29523 18709 4898.99772   37  321 5142.00000 4697.60966  8.64%   263  577s
 30768 19525 4863.33596   43  239 5142.00000 4697.73573  8.64%   264  594s
 31870 20151 4942.88220   49  181 5142.00000 4699.49503  8.61%   266  612s
 32921 20876 4836.15784   46  221 5142.00000 4699.49503  8.61%   268  630s
 33898 21719 4992.62585   61  168 5142.00000 4699.49503  8.61%   268  650s
 35036 22769 4884.22281   52  203 5142.00000 4701.29079  8.57%   267  670s
H36452 22765                    5088.0000000 4702.01565  7.59%   267  694s
H36455 22724                    5084.0000000 4702.01565  7.51%   267  694s
H36462 22709                    5083.0000000 4702.01565  7.50%   267  694s
H36681 22590                    5074.0000000 4702.01565  7.33%   267  694s
 37018 23582 4971.73211   63  248 5074.00000 4702.01565  7.33%   267  716s
 38431 24462 4825.83166   36  229 5074.00000 4703.34188  7.31%   268  738s
 39798 25279 4866.69788   44  241 5074.00000 4704.16531  7.29%   269  762s
 41605 26074 4877.24820   58  251 5074.00000 4705.04228  7.27%   268  785s
 43096 26936 4801.20694   45  155 5074.00000 4705.86974  7.26%   271  810s
 44428 28158 infeasible   45      5074.00000 4705.91624  7.25%   272  836s
 46204 29068 4821.18453   60  243 5074.00000 4706.70527  7.24%   273  863s
 47492 30649 4735.06990   42  270 5074.00000 4707.37443  7.23%   273  891s

Cutting planes:
  Gomory: 8
  Lift-and-project: 1
  Cover: 1201
  Implied bound: 1
  Clique: 56
  MIR: 581
  Knapsack: 10
  StrongCG: 342
  Flow cover: 710
  GUB cover: 37
  Zero half: 148
  Mod-K: 4
  RLT: 101
  Relax-and-lift: 213
  BQP: 13

Explored 49612 nodes (13539360 simplex iterations) in 896.66 seconds (837.88 work units)
Thread count was 22 (of 22 available processors)

Solution count 9: 5074 5083 5084 ... 5371

Time limit reached
Best objective 5.074000000000e+03, best bound 4.708000000000e+03, gap 7.2132%

User-callback calls 240450, time in user-callback 1.29 sec
Set parameter LogToConsole to value 0
