FIXINGS_START
(0, 0, 0)
(0, 4, 0)
(1, 0, 0)
(2, 0, 0)
(2, 4, 0)
(3, 6, 0)
(4, 4, 0)
(5, 0, 0)
(6, 6, 0)
(6, 7, 0)
(7, 0, 0)
(7, 6, 0)
(8, 0, 0)
(8, 9, 0)
(9, 9, 0)
(10, 0, 0)
(10, 6, 0)
(11, 0, 0)
(12, 0, 0)
(12, 4, 0)
(13, 0, 0)
(14, 2, 0)
(15, 0, 0)
(15, 6, 0)
(16, 0, 0)
(17, 0, 0)
(18, 0, 0)
(18, 6, 0)
(19, 0, 0)
(20, 0, 0)
(20, 1, 0)
(2, 2, 0)
(9, 0, 0)
(9, 3, 0)
(17, 2, 0)
(10, 1, 0)
(0, 1, 0)
(0, 2, 0)
(16, 2, 0)
(6, 0, 0)
(4, 0, 27)
(13, 2, 0)
(2, 8, 0)
(12, 2, 0)
(6, 1, 0)
(13, 3, 0)
(4, 1, 33)
(9, 7, 0)
(11, 2, 0)
(19, 1, 0)
(20, 2, 0)
(10, 2, 20)
(19, 2, 0)
(12, 5, 0)
(15, 1, 7)
(15, 3, 0)
(18, 2, 0)
(6, 4, 0)
(19, 4, 2)
(15, 4, 17)
(4, 2, 0)
(18, 3, 0)
(12, 6, 0)
(15, 5, 0)
(8, 2, 0)
(0, 3, 0)
(0, 5, 0)
(8, 3, 0)
(18, 4, 0)
(4, 3, 10)
(1, 2, 0)
(18, 5, 2)
(10, 3, 0)
FIXINGS_END
found_sol 5407.0 time 739.666
found_sol 5228.0 time 869.892
found_sol 5228.0 time 896.347
time 896.357
GUROBI
Status TIME_LIMIT
Runtime 896.3566038608551
NodeCount 102155.0
IterCount 22340468.0
NumVars 6800
NumConstrs 35002
ObjBound 4812.0
ObjBoundC 4811.2061936975415
ObjVal 5228.0
MIPGap 0.07957153787299158
