
Gurobi 13.0.0 (linux64) logging started Thu Jan 15 06:22:16 2026

Set parameter LogFile to value "../experiments/network-n_50_s_0_rp_0-app_set-id_48_21_apps/submip_30_epr1_model_gurobi.log"
Set parameter TimeLimit to value 8.4442503693398612e+02
Gurobi Optimizer version 13.0.0 build v13.0.0rc1 (linux64 - "Ubuntu 24.04.3 LTS")

CPU model: Intel(R) Core(TM) Ultra 7 165H, instruction set [SSE2|AVX|AVX2]
Thread count: 22 physical cores, 22 logical processors, using up to 22 threads

Non-default parameters:
TimeLimit  8.4442503693398612e+02
LogToConsole  0

Academic license 2539022 - for non-commercial use only - registered to al___@studenti.unimi.it
Optimize a model with 34991 rows, 6800 columns and 79290 nonzeros (Min)
Model fingerprint: 0xacc8e400
Model has 6800 linear objective coefficients
Model has 166 quadratic constraints
Variable types: 0 continuous, 6800 integer (6800 binary)
Coefficient statistics:
  Matrix range     [1e+00, 9e+02]
  QMatrix range    [5e+01, 2e+02]
  Objective range  [1e+01, 2e+02]
  Bounds range     [1e+00, 1e+00]
  RHS range        [1e+00, 1e+09]
  QRHS range       [1e+02, 6e+02]

MIP start from previous solve did not produce a new incumbent solution
MIP start from previous solve violates constraint fixed_app_17_microservice_1 by 1.000000000

Presolve removed 34204 rows and 5327 columns
Presolve time: 0.15s
Presolved: 12864 rows, 13390 columns, 82803 nonzeros
Variable types: 0 continuous, 13390 integer (13390 binary)

Root relaxation: objective 4.402292e+03, 1524 iterations, 0.10 seconds (0.17 work units)

    Nodes    |    Current Node    |     Objective Bounds      |     Work
 Expl Unexpl |  Obj  Depth IntInf | Incumbent    BestBd   Gap | It/Node Time

     0     0 4402.29199    0  185          - 4402.29199      -     -    0s
     0     0 4404.08393    0  187          - 4404.08393      -     -    0s
     0     0 4511.14985    0  249          - 4511.14985      -     -    1s
     0     0 4524.45916    0  223          - 4524.45916      -     -    1s
     0     0 4527.27589    0  272          - 4527.27589      -     -    1s
     0     0 4528.36210    0  237          - 4528.36210      -     -    1s
     0     0 4528.36574    0  237          - 4528.36574      -     -    1s
     0     0 4571.55445    0  269          - 4571.55445      -     -    1s
     0     0 4592.65927    0  275          - 4592.65927      -     -    2s
     0     0 4596.49345    0  294          - 4596.49345      -     -    2s
     0     0 4596.83138    0  282          - 4596.83138      -     -    2s
     0     0 4622.30478    0  263          - 4622.30478      -     -    2s
     0     0 4635.51876    0  268          - 4635.51876      -     -    2s
     0     0 4638.19587    0  270          - 4638.19587      -     -    2s
     0     0 4653.09182    0  274          - 4653.09182      -     -    3s
     0     0 4653.09985    0  267          - 4653.09985      -     -    3s
     0     0 4653.09985    0  261          - 4653.09985      -     -    3s
     0     2 4653.12175    0  261          - 4653.12175      -     -    4s
    53   110 4662.62350    6  227          - 4662.05998      -   220    5s
   758   785 4703.58882   26  202          - 4662.05998      -   146   10s
  1371  1436 4777.22312   68  200          - 4664.55717      -   129   15s
  2740  2575 4968.79828   97  130          - 4673.25343      -   130   20s
  3327  2939 4703.74014   16  256          - 4674.73714      -   131   25s
  3372  2969 4688.14175    8  321          - 4687.27873      -   129   30s
  3426  3005 4728.05170   14  331          - 4696.50764      -   127   35s
  3461  3028 4756.44831   22  371          - 4708.18236      -   126   40s
  3497  3052 4758.11526   28  360          - 4714.81368      -   124   45s
  3533  3076 4719.93746   16  415          - 4719.93746      -   123   50s
  3565  3098 4731.36810   16  380          - 4721.11932      -   122   55s
  3573  3112 4721.86518   15  340          - 4721.85818      -   130   60s
  3692  3212 4725.98957   20  265          - 4723.00907      -   135   65s
  3917  3366 4749.66493   25  282          - 4723.00907      -   145   70s
  4099  3488 4750.21108   27  261          - 4723.00907      -   150   75s
  4298  3620 4764.52980   30  226          - 4723.00907      -   155   80s
  4511  3720 4778.17132   33  187          - 4723.84403      -   163   85s
  4708  3790 4784.17916   35  190          - 4723.84403      -   169   90s
  4939  3914 4824.95706   41  164          - 4726.70066      -   174   96s
  5132  3986 4844.71951   43  172          - 4729.94402      -   176  101s
  5397  4073 4911.42982   49  173          - 4729.94402      -   182  107s
  5580  4191 4918.51518   55  154          - 4732.40110      -   189  111s
  5787  4288 4971.85750   64  186          - 4733.74771      -   197  115s
  5995  4398 4738.58069   25  320          - 4733.74771      -   204  120s
  6306  4453 4768.58619   32  240          - 4733.74771      -   209  125s
  6571  4584 4808.14865   39  205          - 4733.74771      -   217  131s
  6882  4605 4862.48968   44  226          - 4733.74771      -   225  137s
  6911  4614 4871.19056   45  247          - 4733.74771      -   226  140s
  6961  4657 4960.67472   46  167          - 4733.74771      -   228  146s
  7007  4714 4881.44692   47  219          - 4733.74771      -   228  150s
  7383  4941 4968.81841   53  201          - 4736.32213      -   231  156s
  7615  5058 5037.32222   58  144          - 4736.32213      -   234  160s
  8094  5091 4771.18946   22  241          - 4736.32213      -   238  167s
  8312  5338 4806.61923   31  179          - 4736.32213      -   240  171s
  8675  5395 4830.01457   34  197          - 4736.32213      -   242  175s
  9272  5627 4867.12317   33  200          - 4740.66645      -   248  183s
  9704  5655 4995.10120   38  180          - 4740.71837      -   250  188s
 10077  5723 infeasible   39               - 4741.43928      -   252  192s
 10380  5654 4815.53723   27  176          - 4741.64371      -   255  197s
 10422  5851 4806.18469   28  172          - 4741.64371      -   256  202s
 10709  6067 4907.43076   37  148          - 4742.39217      -   256  207s
 11247  6143 4841.77901   27  278          - 4742.39217      -   256  212s
 11622  6386 4896.78152   30  249          - 4742.39217      -   259  217s
 12189  6452 4953.86169   38  226          - 4742.39217      -   259  223s
 12646  6540 4793.12622   26  260          - 4742.39217      -   260  228s
 13006  6862 4855.63000   32  229          - 4742.39217      -   263  234s
 13548  7197 5111.07971   37  223          - 4742.39217      -   266  240s
 14119  7599 4791.06566   35  218          - 4744.66043      -   266  247s
 14714  7698 infeasible   49               - 4744.66043      -   267  253s
 14963  7843 4787.77143   28  230          - 4744.66043      -   267  260s
 15198  7995 4790.37232   29  230          - 4744.66043      -   268  267s
 15479  8099 4796.78112   30  191          - 4744.66043      -   269  274s
 15684  8340 4811.54938   31  183          - 4744.66043      -   270  281s
 16014  8719 5018.39072   39  155          - 4744.66043      -   270  288s
 16615  8960 4808.87766   38  210          - 4744.66043      -   270  296s
 16994  9494 4860.65491   47  132          - 4747.87860      -   271  304s
 17776  9975 4918.98824   37  213          - 4748.21567      -   272  312s
 18504 10353 4964.45506   39  180          - 4748.21567      -   273  321s
H18688 10294                    5327.0000000 4748.21567  10.9%   274  321s
*18698 10293              56    5326.0000000 4748.21567  10.8%   274  321s
 19133 10894 5111.90925   48  175 5326.00000 4748.52390  10.8%   276  331s
H19596 10840                    5269.0000000 4748.55220  9.88%   275  331s
 20122 11139 4898.50941   36  265 5269.00000 4749.71134  9.86%   275  341s
 20733 11531     cutoff   36      5269.00000 4750.04811  9.85%   278  351s
H21001 11515                    5254.0000000 4750.16563  9.59%   280  351s
*21282 11305              57    5167.0000000 4750.16563  8.07%   281  351s
 21293 11743 5021.59933   42  176 5167.00000 4750.16563  8.07%   281  361s
 22075 12281 4859.52113   30  270 5167.00000 4750.16563  8.07%   285  372s
 22992 12672     cutoff   46      5167.00000 4752.63659  8.02%   286  383s
 23636 13346 4790.52958   23  213 5167.00000 4752.63659  8.02%   288  395s
 24739 13911 4849.21362   28  272 5167.00000 4753.64552  8.00%   287  410s
 25832 14358 4804.57947   23  300 5167.00000 4754.48324  7.98%   288  421s
 26647 14937 4949.98098   35  253 5167.00000 4754.99080  7.97%   289  433s
 27670 15558 4840.12639   33  267 5167.00000 4756.15844  7.95%   290  446s
 28755 16082     cutoff   41      5167.00000 4756.94111  7.94%   290  458s
 29751 16505 4839.23315   20  272 5167.00000 4758.06988  7.91%   291  472s
 30532 17160 4819.64780   25  322 5167.00000 4759.00664  7.90%   292  485s
 31702 17856 4841.16454   34  208 5167.00000 4759.72119  7.88%   294  499s
 32947 18473 4845.80451   33  237 5167.00000 4760.43885  7.87%   297  514s
 34106 19221 4836.60939   22  285 5167.00000 4761.00625  7.86%   298  530s
 35395 19266 4864.48125   30  196 5167.00000 4761.78368  7.84%   298  547s
H35400 18983                    5128.0000000 4761.78368  7.14%   298  547s
 35488 19628 4962.56032   34  235 5128.00000 4761.78368  7.14%   299  564s
 36813 20332 4825.05289   19  324 5128.00000 4762.72966  7.12%   300  580s
 38075 21040 4837.02395   29  183 5128.00000 4763.65458  7.11%   304  598s
 39540 21764 4931.16212   38  224 5128.00000 4764.66396  7.09%   305  617s
 41026 22573 4917.02895   29  301 5128.00000 4765.81120  7.06%   307  637s
 42693 23308 4898.57094   39  212 5128.00000 4767.28747  7.03%   307  657s
 44279 23922 4931.73989   37  260 5128.00000 4768.58702  7.01%   309  678s
 45957 24891 4891.07190   30  294 5128.00000 4769.92487  6.98%   311  700s
*47039 23343              53    5056.0000000 4770.34986  5.65%   312  700s
 47842 23991 infeasible   42      5056.00000 4771.51622  5.63%   312  722s
*47950 23581              48    5045.0000000 4771.51622  5.42%   312  722s
 49559 23566 4974.03132   32 5516 5045.00000 4773.02955  5.39%   314  770s
 49583 23582 5017.14043   38  344 5045.00000 4773.02955  5.39%   313  775s
 49607 23598 4841.31718   36  350 5045.00000 4773.02955  5.39%   313  780s
 49621 23607 4949.82678   34  345 5045.00000 4773.02955  5.39%   313  785s
 49643 23622 4847.39391   38  352 5045.00000 4773.02955  5.39%   313  790s
 49657 23631 4968.14591   47  369 5045.00000 4773.02955  5.39%   313  795s
 49673 23642 5008.54821   45  392 5045.00000 4773.02955  5.39%   313  800s
 49681 23647 4791.06690   32  427 5045.00000 4773.02955  5.39%   313  806s
 49687 23651 4877.62813   38  446 5045.00000 4773.02955  5.39%   313  810s
 49695 23657 4867.51896   38  435 5045.00000 4773.02955  5.39%   313  816s
 49705 23663 4931.90832   37  442 5045.00000 4773.02955  5.39%   313  820s
 49715 23670 5036.30850   44  455 5045.00000 4773.02955  5.39%   313  826s
 49720 23673 5035.19716   41  443 5045.00000 4773.02955  5.39%   313  830s
 49725 23677 4954.68443   31  438 5045.00000 4773.02955  5.39%   313  835s
 49735 23683 4937.98134   38  414 5045.00000 4773.02955  5.39%   313  840s

Cutting planes:
  Gomory: 5
  Cover: 96
  Implied bound: 3
  Clique: 17
  MIR: 110
  Knapsack: 2
  StrongCG: 54
  Flow cover: 214
  GUB cover: 10
  Zero half: 77
  Mod-K: 2
  RLT: 30
  Relax-and-lift: 76
  BQP: 9

Explored 49740 nodes (15574916 simplex iterations) in 844.49 seconds (809.05 work units)
Thread count was 22 (of 22 available processors)

Solution count 8: 5045 5056 5128 ... 5327

Time limit reached
Best objective 5.045000000000e+03, best bound 4.774000000000e+03, gap 5.3717%

User-callback calls 257582, time in user-callback 1.31 sec
Set parameter LogToConsole to value 0
