
Gurobi 13.0.0 (linux64) logging started Thu Jan 15 06:07:19 2026

Set parameter LogFile to value "../experiments/network-n_50_s_0_rp_0-app_set-id_48_21_apps/submip_40_epr0_model_gurobi.log"
Set parameter TimeLimit to value 8.9624988030199893e+02
Gurobi Optimizer version 13.0.0 build v13.0.0rc1 (linux64 - "Ubuntu 24.04.3 LTS")

CPU model: Intel(R) Core(TM) Ultra 7 165H, instruction set [SSE2|AVX|AVX2]
Thread count: 22 physical cores, 22 logical processors, using up to 22 threads

Non-default parameters:
TimeLimit  8.9624988030199893e+02
LogToConsole  0

Academic license 2539022 - for non-commercial use only - registered to al___@studenti.unimi.it
Optimize a model with 35002 rows, 6800 columns and 79301 nonzeros (Min)
Model fingerprint: 0x4319c269
Model has 6800 linear objective coefficients
Model has 166 quadratic constraints
Variable types: 0 continuous, 6800 integer (6800 binary)
Coefficient statistics:
  Matrix range     [1e+00, 9e+02]
  QMatrix range    [5e+01, 2e+02]
  Objective range  [1e+01, 2e+02]
  Bounds range     [1e+00, 1e+00]
  RHS range        [1e+00, 1e+09]
  QRHS range       [1e+02, 6e+02]

MIP start from previous solve did not produce a new incumbent solution
MIP start from previous solve violates constraint fixed_app_4_microservice_3 by 1.000000000

Presolve removed 34350 rows and 5587 columns
Presolve time: 0.10s
Presolved: 9226 rows, 9636 columns, 57614 nonzeros
Variable types: 0 continuous, 9636 integer (9636 binary)

Root relaxation: objective 4.430437e+03, 1246 iterations, 0.08 seconds (0.14 work units)

    Nodes    |    Current Node    |     Objective Bounds      |     Work
 Expl Unexpl |  Obj  Depth IntInf | Incumbent    BestBd   Gap | It/Node Time

     0     0 4430.43711    0  154          - 4430.43711      -     -    0s
     0     0 4491.01854    0  261          - 4491.01854      -     -    1s
     0     0 4527.90215    0  252          - 4527.90215      -     -    1s
     0     0 4529.95390    0  274          - 4529.95390      -     -    1s
     0     0 4529.95641    0  275          - 4529.95641      -     -    1s
     0     0 4594.26678    0  247          - 4594.26678      -     -    1s
     0     0 4618.88261    0  270          - 4618.88261      -     -    1s
     0     0 4622.06354    0  279          - 4622.06354      -     -    1s
     0     0 4622.64962    0  291          - 4622.64962      -     -    2s
     0     0 4656.28765    0  261          - 4656.28765      -     -    2s
     0     0 4670.42831    0  278          - 4670.42831      -     -    2s
     0     0 4675.22330    0  311          - 4675.22330      -     -    2s
     0     0 4690.33795    0  289          - 4690.33795      -     -    3s
     0     0 4690.34580    0  284          - 4690.34580      -     -    3s
     0     0 4690.34580    0  280          - 4690.34580      -     -    3s
     0     2 4690.39124    0  279          - 4690.39124      -     -    3s
   118   159 4697.23617   10  236          - 4696.02919      -   115    5s
   591   607 4713.35047   22  263          - 4696.02919      -   157   10s
   982   973 4746.07781   29  207          - 4696.11841      -   150   15s
  1953  1756 4811.65991   48  203          - 4697.13248      -   148   20s
  2879  2378 4792.84322   27  165          - 4698.35018      -   144   25s
  2937  2417 4771.61554   23  326          - 4723.24794      -   142   30s
  2999  2458 4740.51555   20  324          - 4731.87264      -   139   35s
  3033  2483 4753.04921   17  242          - 4734.13255      -   143   40s
  3083  2516 4770.95868   28  339          - 4740.46660      -   141   45s
  3141  2598 4744.78660   26  254          - 4742.54367      -   146   50s
  3330  2715 4752.24949   30  269          - 4742.54367      -   156   55s
  3555  2866 4777.65888   33  239          - 4742.54367      -   165   60s
  3789  3019 4764.59316   37  233          - 4742.54367      -   172   65s
  3975  3117 4775.26239   42  232          - 4744.76760      -   177   70s
  4197  3291 4780.71602   47  209          - 4744.76760      -   180   76s
  4532  3469 4797.47638   51  195          - 4744.76760      -   186   80s
  4970  3641 4876.91495   59  167          - 4748.06893      -   189   85s
  5650  3937 infeasible   76               - 4751.25196      -   192   91s
  6236  4051 4816.46474   42  197          - 4751.25196      -   195   96s
  6347  4112 4845.96075   43  186          - 4751.25196      -   196  101s
  6516  4319 4798.13208   47  216          - 4751.99313      -   196  105s
  7472  4655 4864.01006   30  209          - 4753.53271      -   195  111s
  8070  4926 5035.22199   42  162          - 4753.53271      -   195  115s
  8616  5178 5264.46327   54  155          - 4753.53271      -   195  120s
  9077  5236 4832.67551   30  225          - 4753.53271      -   195  125s
  9732  5493 4859.56805   36  219          - 4761.90843      -   196  130s
 10411  5770 5050.34152   46  162          - 4765.05694      -   199  135s
 10998  6102 5028.08321   49  165          - 4765.05694      -   198  142s
 11462  6413 infeasible   62               - 4767.86309      -   197  145s
 12534  7154 4898.17556   52  183          - 4768.05831      -   197  152s
 13053  7519 4901.63362   59  188          - 4769.46778      -   198  155s
 13897  7725 4860.32536   33  194          - 4769.46778      -   200  162s
 13925  7958 4819.81369   31  210          - 4769.46778      -   200  166s
 14286  8378 4910.59366   41  183          - 4770.61868      -   200  170s
 15280  8711 4928.01400   50  152          - 4773.37798      -   201  178s
 15374  9111 infeasible   49               - 4773.37798      -   201  182s
 16021  9562 4807.90049   41  201          - 4773.37798      -   201  187s
 16672 10042 4858.00239   54  151          - 4773.53883      -   201  191s
 17414 10563 4877.52468   42  174          - 4773.53883      -   202  196s
 18178 10798 4839.67921   38  222          - 4774.74394      -   202  201s
 18553 11005 4908.91724   48  218          - 4775.46232      -   202  206s
 18926 11482 5155.59957   63  172          - 4776.06185      -   203  211s
 19595 11883 5326.62900   74  115          - 4776.06185      -   203  217s
 20299 12521 4874.58416   45  199          - 4778.26681      -   203  222s
 21248 13059 5057.57154   58  184          - 4778.45480      -   203  228s
 22010 13686 4809.20751   48  178          - 4778.45480      -   204  234s
 23023 14013 4941.96375   68  155          - 4778.45480      -   203  240s
 23507 14579 infeasible   81               - 4780.35515      -   204  246s
 24433 14814 4826.78622   35  221          - 4781.03726      -   204  255s
 24804 16622 4897.29870   47  211          - 4781.03726      -   204  272s
 27770 16664 4850.76910   40  204          - 4783.84308      -   204  279s
 27821 17022 4900.73829   41  176          - 4783.84308      -   204  286s
 28421 17843 5026.92204   51  185          - 4783.84308      -   205  294s
 29672 18633 4810.73291   34  239          - 4783.84308      -   205  301s
 30986 19535 4845.18657   37  232          - 4786.29711      -   206  309s
 32376 20400 4866.39310   52  271          - 4787.19475      -   206  317s
 33694 21163 4882.87026   38  185          - 4787.29682      -   207  325s
 34932 21274 4867.62754   42  182          - 4787.81935      -   206  334s
 35083 21863 4892.75865   43  195          - 4788.03735      -   206  343s
 36077 22294 5062.81819   50  181          - 4788.56130      -   206  352s
 36727 23473 4964.91684   60  173          - 4788.56130      -   206  362s
 38507 24476 5047.67577   41  180          - 4790.02779      -   207  372s
 40349 25582 4935.60077   54  164          - 4790.76581      -   207  382s
 42133 26587 4990.16879   50  181          - 4791.83388      -   207  393s
 44122 27379 5028.00737   57  164          - 4792.46891      -   207  403s
 45414 28549 4877.10406   59  147          - 4792.79522      -   207  414s
 47350 28982 4838.83836   52  173          - 4793.52074      -   207  425s
 48038 30232 infeasible   69               - 4793.52074      -   207  437s
 50032 31403 infeasible   48               - 4794.54581      -   208  482s
 52103 32349 4864.28076   37  191          - 4795.46328      -   208  497s
 53606 32864 4943.42137   51  192          - 4795.81128      -   208  513s
 54453 34986 4820.33139   35  206          - 4795.85556      -   208  532s
 57795 36770 infeasible   63               - 4797.10354      -   207  549s
 60836 37878 4994.15072   47  215          - 4798.67650      -   207  564s
 62780 39508 infeasible   49               - 4799.03649      -   207  580s
 65591 40641 infeasible   45               - 4800.19310      -   207  596s
 67480 42336 4879.33175   40  169          - 4800.36830      -   207  611s
 70332 43191 4921.18692   37  203          - 4800.89284      -   207  626s
 71844 44976 infeasible   45               - 4801.49744      -   207  642s
 74897 46158 4929.39983   51  172          - 4802.26907      -   207  659s
 76885 47817 4881.15328   36  197          - 4802.80974      -   207  677s
 79714 49555 4972.93475   46  165          - 4803.46192      -   207  693s
 82558 49916 4869.07447   38  187          - 4804.11647      -   208  708s
 83190 50219 4983.75372   54  170          - 4804.12599      -   208  723s
 83734 51622 4990.20793   55  164          - 4804.12599      -   208  739s
H84211 51457                    5407.0000000 4804.12599  11.1%   207  739s
 86195 52986 4920.17574   42  214 5407.00000 4804.97212  11.1%   207  759s
 89334 53657 4993.13163   45  267 5407.00000 4805.70113  11.1%   207  777s
 90828 54480 4941.24986   57  209 5407.00000 4806.58275  11.1%   209  794s
 92657 55428 4908.69652   35  267 5407.00000 4807.34568  11.1%   211  813s
 94847 56329 5198.30358   59  216 5407.00000 4808.17529  11.1%   212  831s
 96845 57284 4944.82356   47  211 5407.00000 4809.13351  11.1%   214  850s
H98826 56190                    5228.0000000 4810.07577  7.99%   216  869s
 98919 57456     cutoff   37      5228.00000 4810.07577  7.99%   216  896s

Cutting planes:
  Gomory: 3
  Lift-and-project: 1
  Cover: 329
  Clique: 37
  MIR: 465
  Knapsack: 10
  StrongCG: 317
  Flow cover: 469
  GUB cover: 24
  Zero half: 88
  Mod-K: 2
  RLT: 56
  Relax-and-lift: 223
  BQP: 8

Explored 102155 nodes (22340468 simplex iterations) in 896.35 seconds (838.36 work units)
Thread count was 22 (of 22 available processors)

Solution count 2: 5228 5407 

Time limit reached
Best objective 5.228000000000e+03, best bound 4.812000000000e+03, gap 7.9572%

User-callback calls 387366, time in user-callback 1.75 sec
Set parameter LogToConsole to value 0
