FIXINGS_START
(0, 0, 0)
(0, 4, 0)
(1, 0, 0)
(2, 0, 0)
(2, 4, 0)
(3, 6, 0)
(4, 4, 0)
(5, 0, 0)
(6, 6, 0)
(6, 7, 0)
(7, 0, 0)
(7, 6, 0)
(8, 0, 0)
(8, 9, 0)
(9, 9, 0)
(10, 0, 0)
(10, 6, 0)
(11, 0, 0)
(12, 0, 0)
(12, 4, 0)
(13, 0, 0)
(14, 2, 0)
(15, 0, 0)
(15, 6, 0)
(16, 0, 0)
(17, 0, 0)
(18, 0, 0)
(18, 6, 0)
(19, 0, 0)
(20, 0, 0)
(4, 2, 0)
(10, 1, 0)
(13, 2, 0)
(11, 2, 0)
(17, 1, 0)
(13, 3, 0)
(18, 2, 0)
(18, 3, 0)
(18, 4, 0)
(3, 0, 0)
(14, 0, 26)
(8, 2, 0)
(1, 2, 0)
(15, 1, 7)
(6, 0, 0)
(9, 0, 0)
(1, 3, 0)
(1, 4, 8)
(18, 7, 0)
(1, 5, 0)
(16, 2, 0)
(15, 3, 0)
(15, 4, 17)
(6, 1, 0)
(20, 1, 0)
(17, 2, 0)
(14, 1, 1)
(9, 1, 0)
(6, 2, 22)
(17, 5, 0)
(12, 1, 14)
(7, 1, 0)
(3, 1, 0)
(10, 2, 20)
(0, 1, 0)
(12, 2, 0)
(15, 5, 0)
(3, 3, 0)
(8, 3, 0)
(9, 3, 0)
(7, 3, 0)
(8, 4, 0)
(8, 6, 0)
FIXINGS_END
time 439.500
GUROBI
Status INFEASIBLE
Runtime 439.49931597709656
NodeCount 56334.0
IterCount 12891355.0
NumVars 6800
NumConstrs 35002
ObjBound inf
ObjBoundC inf
ObjVal None
MIPGap inf
