
Gurobi 13.0.0 (linux64) logging started Sat Jan  3 07:38:35 2026

Set parameter LogFile to value "../experiments/network-n_60_s_0_rp_0-app_set-id_50_21_apps/compact_model_gurobi.log"
Set parameter TimeLimit to value 900
Gurobi Optimizer version 13.0.0 build v13.0.0rc1 (linux64 - "Ubuntu 24.04.3 LTS")

CPU model: Intel(R) Core(TM) Ultra 7 165H, instruction set [SSE2|AVX|AVX2]
Thread count: 22 physical cores, 22 logical processors, using up to 22 threads

Non-default parameters:
TimeLimit  900
LogToConsole  0

Academic license 2539022 - for non-commercial use only - registered to al___@studenti.unimi.it
Optimize a model with 31846 rows, 8160 columns and 75003 nonzeros (Min)
Model fingerprint: 0x21c62f4a
Model has 8160 linear objective coefficients
Model has 200 quadratic constraints
Variable types: 0 continuous, 8160 integer (8160 binary)
Coefficient statistics:
  Matrix range     [1e+00, 8e+02]
  QMatrix range    [5e+01, 2e+02]
  Objective range  [1e+01, 2e+02]
  Bounds range     [1e+00, 1e+00]
  RHS range        [1e+00, 1e+09]
  QRHS range       [1e+02, 6e+02]
Presolve removed 30386 rows and 4813 columns
Presolve time: 0.47s
Presolved: 51211 rows, 52898 columns, 318187 nonzeros
Variable types: 0 continuous, 52898 integer (52898 binary)
Deterministic concurrent LP optimizer: primal and dual simplex
Showing primal log only...

Concurrent spin time: 0.00s

Solved with dual simplex

Root relaxation: objective 5.152943e+03, 3926 iterations, 1.25 seconds (1.51 work units)

    Nodes    |    Current Node    |     Objective Bounds      |     Work
 Expl Unexpl |  Obj  Depth IntInf | Incumbent    BestBd   Gap | It/Node Time

     0     0 5152.94301    0  320          - 5152.94301      -     -    3s
     0     0 5182.61629    0  353          - 5182.61629      -     -    6s
     0     0 5212.85298    0  369          - 5212.85298      -     -    8s
     0     0 5218.15777    0  370          - 5218.15777      -     -    8s
     0     0 5219.01207    0  384          - 5219.01207      -     -    9s
     0     0 5219.02646    0  390          - 5219.02646      -     -    9s
     0     0 5229.87476    0  402          - 5229.87476      -     -   12s
     0     0 5245.79100    0  420          - 5245.79100      -     -   14s
     0     0 5258.87862    0  408          - 5258.87862      -     -   16s
     0     0 5260.95557    0  428          - 5260.95557      -     -   16s
     0     0 5261.89242    0  429          - 5261.89242      -     -   17s
     0     0 5262.38305    0  406          - 5262.38305      -     -   17s
     0     0 5271.93794    0  466          - 5271.93794      -     -   20s
     0     0 5275.24599    0  463          - 5275.24599      -     -   21s
     0     0 5279.13933    0  431          - 5279.13933      -     -   23s
     0     0 5280.79698    0  501          - 5280.79698      -     -   24s
     0     0 5289.27027    0  455          - 5289.27027      -     -   27s
     0     0 5290.48547    0  502          - 5290.48547      -     -   28s
     0     0 5291.85782    0  538          - 5291.85782      -     -   29s
     0     0 5291.87194    0  531          - 5291.87194      -     -   30s
     0     0 5291.87194    0  525          - 5291.87194      -     -   30s
     0     2 5291.88145    0  523          - 5291.88145      -     -   34s
     3     8 5292.74190    2  528          - 5292.33500      -   289   36s
    31    54 5294.92422    5  470          - 5293.14316      -   413   42s
    95   131 5299.60941    7  469          - 5293.18209      -   345   47s
   174   211 5302.68810   11  493          - 5293.18209      -   348   52s
   216   247 5302.72151   11  480          - 5293.18209      -   350   55s
   288   305 5304.58186   14  420          - 5293.18209      -   382   62s
   310   346 5304.67275   15  423          - 5293.18209      -   388   65s
   401   435 5308.70283   21  374          - 5293.18209      -   367   70s
   490   510 5310.30026   23  414          - 5293.18209      -   353   77s
   538   554 5311.99187   24  423          - 5293.18209      -   348   81s
   589   603 5313.98919   26  400          - 5293.18209      -   335   85s
   637   664 5314.62086   28  444          - 5293.18209      -   324   90s
   727   750 5314.91787   30  438          - 5293.18209      -   304   95s
   830   879 5317.46477   34  395          - 5293.18209      -   290  100s
   990  1049 5319.24058   44  372          - 5293.18209      -   271  106s
H 1049  1049                    6825.0000000 5293.18209  22.4%   261  106s
H 1092  1132                    6762.0000000 5293.18209  21.7%   256  109s
H 1123  1132                    6593.0000000 5293.18209  19.7%   254  109s
H 1131  1132                    6561.0000000 5293.18209  19.3%   254  109s
H 1149  1132                    6539.0000000 5293.18209  19.1%   253  109s
H 1179  1207                    6518.0000000 5293.18209  18.8%   250  112s
H 1186  1207                    6490.0000000 5293.18209  18.4%   251  112s
H 1212  1207                    6456.0000000 5293.18209  18.0%   250  112s
H 1214  1207                    6445.0000000 5293.18209  17.9%   250  112s
H 1224  1207                    6391.0000000 5293.18209  17.2%   250  112s
H 1254  1291                    6370.0000000 5293.18209  16.9%   248  115s
H 1277  1291                    6255.0000000 5293.18209  15.4%   247  115s
H 1338  1377                    6234.0000000 5293.18209  15.1%   245  118s
H 1340  1377                    6177.0000000 5293.18209  14.3%   245  118s
H 1346  1377                    6157.0000000 5293.18209  14.0%   245  118s
H 1366  1377                    6099.0000000 5293.18209  13.2%   244  118s
H 1424  1449                    6078.0000000 5293.18209  12.9%   242  122s
H 1426  1449                    6077.0000000 5293.18209  12.9%   242  122s
  1496  1544 5327.26737   59  389 6077.00000 5293.18209  12.9%   240  125s
H 1540  1544                    6075.0000000 5293.18209  12.9%   239  125s
H 1573  1544                    6035.0000000 5293.18209  12.3%   237  125s
H 1595  1642                    5958.0000000 5293.18209  11.2%   236  128s
H 1632  1642                    5931.0000000 5293.18209  10.8%   234  128s
  1691  1719 5335.15259   62  414 5931.00000 5293.18209  10.8%   231  132s
H 1738  1719                    5928.0000000 5293.18209  10.7%   230  132s
H 1757  1719                    5908.0000000 5293.18209  10.4%   229  132s
  1768  1851 5335.84661   64  402 5908.00000 5293.18209  10.4%   229  135s
H 1781  1851                    5876.0000000 5293.18209  9.92%   229  135s
H 1905  1904                    5869.0000000 5293.18209  9.81%   223  139s
H 1908  1904                    5854.0000000 5293.18209  9.58%   223  140s
H 1911  1904                    5746.0000000 5293.18209  7.88%   223  140s
H 1960  2056                    5725.0000000 5293.18209  7.54%   220  143s
H 2104  2056                    5723.0000000 5293.18209  7.51%   214  143s
  2107  2207 5340.08312   77  373 5723.00000 5293.18209  7.51%   214  148s
H 2117  2207                    5716.0000000 5293.18209  7.40%   214  148s
H 2128  2207                    5683.0000000 5293.18209  6.86%   214  148s
  2259  2364 5341.56929   82  358 5683.00000 5293.18209  6.86%   210  152s
H 2411  2364                    5671.0000000 5293.18209  6.66%   206  152s
H 2442  2416                    5670.0000000 5293.18209  6.65%   204  156s
H 2444  2416                    5668.0000000 5293.18209  6.61%   205  156s
  2494  2540 5346.56858   87  373 5668.00000 5293.18209  6.61%   207  161s
  2628  2657 5350.31092   90  367 5668.00000 5293.18209  6.61%   208  165s
H 2676  2657                    5667.0000000 5293.18209  6.60%   207  165s
  2782  2715 5393.18851   92  391 5667.00000 5294.64658  6.57%   207  170s
  2840  2803 5363.62307   93  373 5667.00000 5294.64658  6.57%   213  175s
H 2870  2802                    5647.0000000 5294.64658  6.24%   212  175s
  2940  2841 5415.21502   93  397 5647.00000 5294.64658  6.24%   213  180s
H 2953  2841                    5635.0000000 5294.64658  6.04%   213  180s
  2979  2984 5365.44234   94  371 5635.00000 5294.64658  6.04%   217  185s
  3124  3056 5372.92263  101  389 5635.00000 5294.64658  6.04%   217  190s
  3200  3148 5373.20663  102  428 5635.00000 5294.64658  6.04%   215  196s
H 3222  3095                    5589.0000000 5294.64658  5.27%   215  196s
  3306  3224 5374.51980  103  430 5589.00000 5294.79140  5.26%   214  201s
H 3308  3215                    5583.0000000 5294.79140  5.16%   214  201s
H 3323  3184                    5546.0000000 5294.79140  4.53%   213  201s
  3442  3430 5376.75196  108  429 5546.00000 5294.79140  4.53%   213  207s
  3691  3621 5379.04516  120  401 5546.00000 5294.79140  4.53%   209  212s
  3890  3845 5386.68791  121  401 5546.00000 5294.79140  4.53%   210  218s
  4139  4019 5394.86931  126  403 5546.00000 5294.79140  4.53%   209  224s
  4382  4189 5433.06868  130  353 5546.00000 5294.79140  4.53%   210  231s
  4573  4420 5443.47222  135  325 5546.00000 5294.94642  4.53%   209  238s
  4835  4664 5456.53896  148  322 5546.00000 5294.94642  4.53%   208  246s
  5151  4870 5469.73221  163  314 5546.00000 5294.94642  4.53%   207  253s
  5392  5083 5483.34935  168  333 5546.00000 5294.94642  4.53%   209  260s
  5673  5335 5500.54728  186  267 5546.00000 5294.94642  4.53%   209  268s
  5956  5563 5524.27610  216  218 5546.00000 5294.94642  4.53%   209  275s
  6217  5564 5526.01658  186 24313 5546.00000 5294.94642  4.53%   210  298s
  6219  5565 5346.15589   56  310 5546.00000 5294.94642  4.53%   210  306s
  6221  5567 5327.02499   30  394 5546.00000 5294.94642  4.53%   210  310s
  6223  5568 5369.05863  100  479 5546.00000 5294.94642  4.53%   210  315s
  6226  5570 5395.92664   82  516 5546.00000 5294.94642  4.53%   210  321s
  6230  5573 5382.63577   92  475 5546.00000 5298.20435  4.47%   210  325s
  6235  5576 5399.34713  120  590 5546.00000 5301.92656  4.40%   209  330s
  6240  5579 5367.98814   72  688 5546.00000 5305.74375  4.33%   209  335s
  6249  5585 5359.87910   51  655 5546.00000 5306.92341  4.31%   209  341s
  6251  5587 5359.04586   36  560 5546.00000 5310.50775  4.25%   209  345s
  6259  5592 5392.13555   91  556 5546.00000 5312.66062  4.21%   209  350s
  6264  5595 5319.97526   41  584 5546.00000 5314.62868  4.17%   208  355s
  6274  5602 5351.68155   53  553 5546.00000 5315.77529  4.15%   208  364s
  6275  5603 5501.36830  165  583 5546.00000 5316.95366  4.13%   208  366s
  6283  5608 5341.11168   20  611 5546.00000 5318.28463  4.11%   208  370s
  6288  5611 5319.79500   27  640 5546.00000 5319.79500  4.08%   208  375s
H 6297  5334                    5532.0000000 5320.14040  3.83%   207  379s
  6299  5336 5424.05718  100  613 5532.00000 5320.71089  3.82%   207  380s
H 6305  5072                    5531.0000000 5322.10642  3.78%   207  385s
  6314  5078 5477.53249  209  648 5531.00000 5323.15941  3.76%   207  391s
  6319  5081 5346.15589   56  662 5531.00000 5323.70297  3.75%   207  395s
  6324  5084 5344.75270   40  605 5531.00000 5324.16653  3.74%   206  400s
  6332  5090 5324.55605   24  656 5531.00000 5324.55605  3.73%   206  405s
  6341  5096 5333.08601   32  572 5531.00000 5324.70148  3.73%   206  410s
  6350  5102 5384.58983   94  596 5531.00000 5324.81113  3.73%   206  417s
  6356  5106 5379.80507   89  640 5531.00000 5325.01586  3.72%   205  421s
H 6358  4849                    5529.0000000 5325.02184  3.69%   205  425s
  6361  4851 5446.94809  149  625 5529.00000 5326.59996  3.66%   205  430s
  6372  4858 5367.91843   80  675 5529.00000 5326.83574  3.66%   205  436s
  6378  4862 5327.10449   34  648 5529.00000 5327.10449  3.65%   205  441s
  6385  4867 5327.26786   15  660 5529.00000 5327.26786  3.65%   204  445s
  6392  4872 5345.81278   62  689 5529.00000 5327.70766  3.64%   204  450s
  6401  4878 5483.50115   95  601 5529.00000 5327.74646  3.64%   204  455s
  6409  4883 5328.06771   16  641 5529.00000 5328.06771  3.63%   204  464s
  6410  4884 5372.76694   92  631 5529.00000 5328.13651  3.63%   204  465s
  6418  4889 5328.41725   17  614 5529.00000 5328.41725  3.63%   203  470s
  6424  4893 5344.75270   40  623 5529.00000 5328.48260  3.63%   203  475s
  6431  4898 5367.29816   17  603 5529.00000 5328.56033  3.63%   203  480s
  6437  4902 5333.84562   38  638 5529.00000 5328.57666  3.62%   203  485s
  6440  4904 5367.98814   72  615 5529.00000 5328.65591  3.62%   203  490s
H 6446  4659                    5519.0000000 5328.96666  3.44%   203  495s
  6455  4665 5367.12611   69  630 5519.00000 5329.12321  3.44%   202  500s
  6461  4669 5446.94809  149  636 5519.00000 5329.14037  3.44%   202  505s
  6467  4674 5464.17318   30 22573 5519.00000 5329.16175  3.44%   213  515s
  6469  4675 5332.85326   33  294 5519.00000 5329.16175  3.44%   213  522s
  6470  4676 5344.76613   37  421 5519.00000 5329.16175  3.44%   213  525s
  6472  4677 5367.91843   80  398 5519.00000 5329.16175  3.44%   213  530s
  6474  4679 5351.68155   53  443 5519.00000 5329.16175  3.44%   212  535s
  6476  4680 5500.35712  207  460 5519.00000 5329.17866  3.44%   212  540s
  6479  4682 5329.31534   17  492 5519.00000 5329.31534  3.44%   212  545s
  6483  4685 5341.11168   20  540 5519.00000 5329.31534  3.44%   212  550s
  6490  4689 5329.31534    9  617 5519.00000 5329.31534  3.44%   212  557s
  6499  4695 5424.05718  100  652 5519.00000 5329.34049  3.44%   212  561s
  6503  4698 5415.04636  116  617 5519.00000 5329.59396  3.43%   212  565s
  6510  4703 5372.76694   92  599 5519.00000 5330.04508  3.42%   211  570s
  6515  4706 5333.31476   44  532 5519.00000 5330.24093  3.42%   211  575s
  6522  4711 5452.03779   96  618 5519.00000 5330.39397  3.42%   211  580s
  6531  4717 5367.29816   17  610 5519.00000 5330.47898  3.42%   211  586s
  6536  4720 5359.51121   49  627 5519.00000 5330.56117  3.41%   210  590s
  6540  4723 5367.98814   72  572 5519.00000 5330.58351  3.41%   210  595s
  6547  4727 5449.50933  182  640 5519.00000 5330.62344  3.41%   210  600s
  6553  4731 5397.60797  118  665 5519.00000 5330.67174  3.41%   210  605s
  6557  4734 5421.69553  133  609 5519.00000 5331.03338  3.41%   210  610s
  6563  4738 5367.95485   64  636 5519.00000 5331.43063  3.40%   210  615s
  6566  4740 5331.44558   11  647 5519.00000 5331.44558  3.40%   210  621s
  6571  4743 5512.46835  107  648 5519.00000 5331.45437  3.40%   209  625s
  6579  4749 5331.49847   17  542 5519.00000 5331.49847  3.40%   209  630s
  6584  4752 5331.67661   41  543 5519.00000 5331.67661  3.39%   209  635s
  6586  4753 5392.70012   77  527 5519.00000 5331.67671  3.39%   209  652s
  6587  4757 5332.92462   26  555 5519.00000 5331.67671  3.39%   215  656s
  6589  4760 5333.42429   27  647 5519.00000 5331.73704  3.39%   215  660s
  6593  4767 5334.46492   28  597 5519.00000 5331.81144  3.39%   215  669s
  6601  4780 5335.11809   29  674 5519.00000 5332.23489  3.38%   217  678s
  6617  4797 5336.17411   30  559 5519.00000 5332.54934  3.38%   219  690s
  6639  4849 5337.78917   31  557 5519.00000 5333.11770  3.37%   222  704s
  6698  4869 5343.26535   32  566 5519.00000 5333.11847  3.37%   226  716s
  6738  4895 5338.50698   33  476 5519.00000 5333.11847  3.37%   228  726s
  6777  4904 5339.07408   34  507 5519.00000 5333.11847  3.37%   232  737s
  6799  4927 5342.92117   34  495 5519.00000 5333.11847  3.37%   233  748s
  6830  4958 5339.20655   35  530 5519.00000 5333.11847  3.37%   236  760s
  6871  4973 5339.69329   36  461 5519.00000 5333.11847  3.37%   240  784s
  6900  4998 5343.48138   37  439 5519.00000 5333.11847  3.37%   243  795s
  6934  5030 5340.52257   37  529 5519.00000 5333.11847  3.37%   248  808s
  6978  5045 5349.69241   38  599 5519.00000 5333.11847  3.37%   251  822s
  7007  5078 5341.26885   39  533 5519.00000 5333.11847  3.37%   253  835s
  7050  5105 5342.46837   40  605 5519.00000 5333.11847  3.37%   256  847s
  7091  5113 5342.92609   41  590 5519.00000 5333.11847  3.37%   262  857s
  7113  5130 5351.00474   41  475 5519.00000 5333.11847  3.37%   264  868s
  7137  5147 5343.57166   42  566 5519.00000 5333.11847  3.37%   267  878s
  7162  5163 5343.58954   42  513 5519.00000 5333.11847  3.37%   268  888s
  7187  5177 5343.74584   43  559 5519.00000 5333.11847  3.37%   271  899s
  7209  5173 5385.08696   62  375 5519.00000 5333.11847  3.37%   272  900s

Cutting planes:
  Gomory: 14
  Lift-and-project: 10
  Cover: 209
  Clique: 26
  MIR: 346
  Knapsack: 12
  StrongCG: 160
  Flow cover: 957
  GUB cover: 18
  Zero half: 87
  Mod-K: 2
  RLT: 193
  Relax-and-lift: 57
  BQP: 84

Explored 7212 nodes (1982127 simplex iterations) in 900.05 seconds (889.90 work units)
Thread count was 22 (of 22 available processors)

Solution count 10: 5519 5529 5531 ... 5667

Time limit reached
Best objective 5.519000000000e+03, best bound 5.334000000000e+03, gap 3.3521%

User-callback calls 134212, time in user-callback 0.78 sec
