FIXINGS_START
(0, 0, 0)
(1, 0, 0)
(2, 0, 0)
(2, 9, 0)
(3, 0, 0)
(4, 0, 0)
(5, 0, 0)
(6, 0, 0)
(6, 4, 0)
(7, 0, 0)
(7, 8, 0)
(8, 0, 0)
(9, 0, 0)
(9, 6, 0)
(10, 2, 0)
(11, 0, 0)
(12, 0, 0)
(12, 6, 0)
(13, 0, 0)
(13, 1, 0)
(14, 0, 0)
(14, 4, 0)
(15, 0, 0)
(15, 1, 0)
(16, 0, 0)
(16, 4, 0)
(17, 8, 0)
(17, 9, 0)
(18, 0, 0)
(18, 4, 0)
(19, 0, 0)
(20, 9, 0)
(13, 2, 0)
(13, 3, 0)
(13, 5, 0)
(20, 0, 0)
(7, 1, 25)
(9, 5, 26)
(9, 7, 28)
(3, 1, 0)
(17, 0, 5)
(15, 2, 0)
(11, 1, 0)
(17, 1, 5)
(16, 1, 0)
(2, 4, 0)
(6, 5, 0)
(10, 0, 1)
(2, 5, 0)
(11, 2, 0)
(8, 2, 5)
(6, 6, 0)
(18, 1, 0)
(15, 5, 14)
(4, 2, 37)
(16, 2, 0)
(10, 1, 0)
(1, 1, 3)
(3, 2, 0)
(18, 2, 30)
(12, 4, 0)
(0, 1, 26)
(12, 7, 0)
(16, 6, 14)
(0, 2, 0)
(6, 7, 12)
(18, 3, 0)
(11, 5, 0)
(3, 3, 0)
(1, 2, 1)
(15, 6, 0)
(17, 2, 0)
(20, 1, 0)
(17, 3, 2)
FIXINGS_END
found_sol 5678.0 time 10.933
found_sol 5678.0 time 18.355
found_sol 5678.0 time 28.029
time 52.430
GUROBI
Status OPTIMAL
Runtime 52.42971682548523
NodeCount 8080.0
IterCount 623074.0
NumVars 8160
NumConstrs 31920
ObjBound 5678.0
ObjBoundC 5678.0
ObjVal 5678.0
MIPGap 0.0
