
Gurobi 13.0.0 (linux64) logging started Fri Jan 16 07:32:55 2026

Set parameter LogFile to value "../experiments/network-n_60_s_0_rp_0-app_set-id_50_21_apps/submip_30_epr1_model_gurobi.log"
Set parameter TimeLimit to value 832.785377941007
Gurobi Optimizer version 13.0.0 build v13.0.0rc1 (linux64 - "Ubuntu 24.04.3 LTS")

CPU model: Intel(R) Core(TM) Ultra 7 165H, instruction set [SSE2|AVX|AVX2]
Thread count: 22 physical cores, 22 logical processors, using up to 22 threads

Non-default parameters:
TimeLimit  832.785377941007
LogToConsole  0

Academic license 2539022 - for non-commercial use only - registered to al___@studenti.unimi.it
Optimize a model with 31910 rows, 8160 columns and 75067 nonzeros (Min)
Model fingerprint: 0xe6dd74f7
Model has 8160 linear objective coefficients
Model has 200 quadratic constraints
Variable types: 0 continuous, 8160 integer (8160 binary)
Coefficient statistics:
  Matrix range     [1e+00, 8e+02]
  QMatrix range    [5e+01, 2e+02]
  Objective range  [1e+01, 2e+02]
  Bounds range     [1e+00, 1e+00]
  RHS range        [1e+00, 1e+09]
  QRHS range       [1e+02, 6e+02]

MIP start from previous solve did not produce a new incumbent solution
MIP start from previous solve violates constraint fixed_app_12_microservice_8 by 1.000000000

Presolve removed 31252 rows and 6301 columns
Presolve time: 0.15s
Presolved: 19365 rows, 20377 columns, 119647 nonzeros
Variable types: 0 continuous, 20377 integer (20377 binary)
Deterministic concurrent LP optimizer: primal and dual simplex
Showing primal log only...

Concurrent spin time: 0.00s

Solved with dual simplex

Root relaxation: objective 5.213535e+03, 1999 iterations, 0.34 seconds (0.37 work units)

    Nodes    |    Current Node    |     Objective Bounds      |     Work
 Expl Unexpl |  Obj  Depth IntInf | Incumbent    BestBd   Gap | It/Node Time

     0     0 5213.53451    0  206          - 5213.53451      -     -    1s
     0     0 5253.93702    0  211          - 5253.93702      -     -    2s
     0     0 5291.11931    0  230          - 5291.11931      -     -    2s
     0     0 5292.73355    0  244          - 5292.73355      -     -    2s
     0     0 5292.77752    0  241          - 5292.77752      -     -    2s
     0     0 5311.38454    0  245          - 5311.38454      -     -    3s
     0     0 5322.25957    0  223          - 5322.25957      -     -    4s
     0     0 5330.66227    0  225          - 5330.66227      -     -    4s
     0     0 5335.02096    0  228          - 5335.02096      -     -    4s
     0     0 5335.36856    0  236          - 5335.36856      -     -    4s
     0     0 5348.93708    0  239          - 5348.93708      -     -    5s
     0     0 5348.95325    0  237          - 5348.95325      -     -    5s
     0     0 5348.95325    0  224          - 5348.95325      -     -    5s
     0     2 5349.03014    0  224          - 5349.03014      -     -    7s
   172   199 5359.73784    9  196          - 5354.20258      -   139   10s
   453   479 5366.32168   19  194          - 5354.20258      -   134   15s
H  669   685                    6219.0000000 5354.20258  13.9%   133   19s
H  684   744                    6217.0000000 5354.20258  13.9%   133   19s
H  743   791                    6201.0000000 5354.20258  13.7%   132   20s
H  747   791                    6196.0000000 5354.20258  13.6%   133   20s
H  751   791                    6186.0000000 5354.20258  13.4%   133   20s
H  756   791                    6176.0000000 5354.20258  13.3%   133   20s
H  767   791                    6155.0000000 5354.20258  13.0%   133   20s
H  848   886                    6146.0000000 5354.20258  12.9%   135   21s
H  850   886                    6127.0000000 5354.20258  12.6%   135   21s
H  859   886                    6092.0000000 5354.20258  12.1%   135   21s
H  965  1029                    6065.0000000 5354.20258  11.7%   132   22s
H  999  1029                    6019.0000000 5354.20258  11.0%   132   22s
H 1129  1185                    5987.0000000 5354.20258  10.6%   127   24s
H 1190  1185                    5964.0000000 5354.71653  10.2%   126   24s
  1236  1301 5446.98780   45  201 5964.00000 5354.71653  10.2%   130   25s
H 1288  1301                    5950.0000000 5354.71653  10.0%   133   25s
H 1358  1392                    5938.0000000 5354.71653  9.82%   134   26s
H 1491  1492                    5908.0000000 5354.71653  9.36%   132   27s
  1704  1736 5526.27422   55  183 5908.00000 5354.71653  9.36%   132   30s
H 1712  1735                    5837.0000000 5354.71653  8.26%   132   30s
H 2220  2112                    5752.0000000 5354.71653  6.91%   129   34s
H 2300  2111                    5751.0000000 5354.71653  6.89%   130   34s
  2304  2250 5724.44549   75  144 5751.00000 5354.71653  6.89%   130   35s
  2934  2759 5408.18521   15  187 5751.00000 5355.78198  6.87%   128   40s
  3445  3043 5428.81401   34  167 5751.00000 5355.78198  6.87%   126   45s
H 3472  3059                    5749.0000000 5357.04840  6.82%   126   47s
H 3473  3039                    5736.0000000 5357.04840  6.61%   126   47s
H 3477  3009                    5722.0000000 5357.04840  6.38%   126   47s
H 3479  3005                    5721.0000000 5357.04840  6.36%   126   47s
H 3491  2888                    5686.0000000 5357.04840  5.79%   127   47s
H 3494  2937                    5671.0000000 5357.04840  5.54%   127   48s
  3639  3103 5442.11155   42  169 5671.00000 5357.04840  5.54%   126   50s
H 3669  3077                    5664.0000000 5357.04840  5.42%   126   50s
H 3715  3074                    5663.0000000 5357.04840  5.40%   125   50s
  3824  3075 5459.75815   51 8219 5663.00000 5357.04840  5.40%   126   55s
  3835  3082 5424.66022   31  265 5663.00000 5358.61333  5.38%   125   60s
H 3863  2945                    5653.0000000 5370.52583  5.00%   124   64s
H 3865  2798                    5640.0000000 5370.68139  4.78%   124   65s
  3894  2818 5462.64685   34  306 5640.00000 5374.69829  4.70%   124   70s
H 3897  2678                    5628.0000000 5375.06163  4.49%   123   70s
H 3907  2548                    5575.0000000 5375.24579  3.58%   123   72s
  3917  2555 5381.09847   31  316 5575.00000 5376.15788  3.57%   123   75s
  3945  2574 5448.49464   38  307 5575.00000 5378.97919  3.52%   122   80s
H 3957  2451                    5573.0000000 5379.62756  3.47%   122   82s
H 3957  2326                    5571.0000000 5379.62756  3.44%   122   82s
  3967  2332 5385.22215   10  338 5571.00000 5380.27344  3.42%   121   85s
H 3990  2228                    5565.0000000 5381.94296  3.29%   121   88s
H 3990  2114                    5562.0000000 5381.94296  3.24%   121   88s
H 3991  2005                    5557.0000000 5382.03687  3.15%   121   89s
  3994  2007 5462.64685   34  314 5557.00000 5382.07311  3.15%   120   90s
H 3994  1904                    5547.0000000 5382.13935  2.97%   120   91s
H 3995  1807                    5543.0000000 5382.17147  2.90%   120   92s
H 3999  1716                    5533.0000000 5382.23887  2.72%   120   93s
  4013  1725 5382.35083   13  332 5533.00000 5382.35083  2.72%   120   95s
H 4013  1636                    5531.0000000 5382.37054  2.69%   120   95s
  4024  1643 5459.75815   51  309 5531.00000 5383.35823  2.67%   120  100s
  4031  1657 5384.53929   14  295 5531.00000 5383.35823  2.67%   126  106s
  4055  1687 5390.07895   16  330 5531.00000 5385.66708  2.63%   129  112s
  4077  1731 5390.36171   17  312 5531.00000 5386.35525  2.62%   131  116s
  4161  1779 5405.11696   19  279 5531.00000 5386.37496  2.61%   135  123s
  4204  1804 5397.81919   19  332 5531.00000 5386.37496  2.61%   137  126s
H 4215  1715                    5497.0000000 5386.37496  2.01%   138  126s
  4288  1779 5409.29633   21  222 5497.00000 5386.37496  2.01%   140  133s
  4336  1807 5409.41212   22  255 5497.00000 5386.37496  2.01%   141  135s
  4434  1865 5430.84691   24  218 5497.00000 5386.37496  2.01%   144  141s
  4522  1896 5433.67355   26  203 5497.00000 5389.97398  1.95%   146  146s
  4611  1927 5448.32612   28  207 5497.00000 5389.97398  1.95%   147  152s
  4695  1964 5449.16722   30  226 5497.00000 5392.46243  1.90%   149  157s
  4737  1990 5453.89319   31  234 5497.00000 5392.46243  1.90%   151  160s
  4852  2051 5486.52572   33  198 5497.00000 5392.46243  1.90%   153  166s
  5012  2085 5476.77919   38  203 5497.00000 5394.95645  1.86%   154  173s
  5084  2101     cutoff   40      5497.00000 5394.98997  1.86%   155  176s
  5171  2088 5484.26359   47  203 5497.00000 5395.44589  1.85%   156  180s
  5228  2105 5489.06398   51  188 5497.00000 5396.68579  1.82%   157  185s
  5427  2151 5421.66996   26  274 5497.00000 5396.92703  1.82%   159  192s
H 5438  2066                    5484.0000000 5396.92703  1.59%   159  192s
  5459  2183 5430.25816   27  245 5484.00000 5396.92703  1.59%   159  195s
  5800  2213 5458.30799   43  210 5484.00000 5397.74126  1.57%   160  202s
  6001  2287 5442.17520   24  169 5484.00000 5399.51814  1.54%   160  206s
  6428  2391 5412.08516   25  168 5484.00000 5399.63443  1.54%   160  213s
  6604  2462 5442.25924   37  144 5484.00000 5399.63443  1.54%   160  217s
  6814  2545 5427.76953   28  242 5484.00000 5399.63443  1.54%   160  221s
  7011  2604 5432.58903   31  220 5484.00000 5399.63443  1.54%   161  225s
  7267  2654 5454.10171   36  237 5484.00000 5400.74573  1.52%   161  234s
  7465  2645 5469.30225   47  226 5484.00000 5402.25006  1.49%   161  238s
  7551  2668 5473.05981   49  234 5484.00000 5402.25006  1.49%   162  243s
  7642  2798 5475.17298   55  223 5484.00000 5403.90148  1.46%   162  247s
  7907  2877 5414.49177   30  210 5484.00000 5403.90148  1.46%   163  252s
  8199  2926 5448.98697   49  166 5484.00000 5403.90148  1.46%   163  257s
  8465  2933 5415.35025   17  223 5484.00000 5406.94000  1.41%   164  262s
  8615  3117 5433.57904   25  233 5484.00000 5407.19092  1.40%   165  268s
  8930  3267 5477.86525   55  181 5484.00000 5407.19092  1.40%   165  273s
  9151  3526 5438.12173   29  199 5484.00000 5407.19092  1.40%   165  279s
  9544  3701 5440.17314   22  183 5484.00000 5407.19092  1.40%   164  285s
  9936  4023 5477.43836   31  167 5484.00000 5407.50558  1.39%   164  291s
 10351  4197 5448.24848   27  267 5484.00000 5411.11840  1.33%   163  297s
 10700  4405 5426.05548   22  214 5484.00000 5411.60910  1.32%   164  304s
 11036  4608     cutoff   24      5484.00000 5411.60910  1.32%   165  311s
 11476  4930 5429.43892   28  185 5484.00000 5411.60910  1.32%   165  317s
 11964  5078 5467.84860   52  145 5484.00000 5412.76660  1.30%   165  325s
 12249  5437 5456.55811   25  310 5484.00000 5413.72269  1.28%   165  332s
 12744  5782 5440.49199   25  279 5484.00000 5413.78607  1.28%   164  340s
 13299  6086 5429.60915   17  228 5484.00000 5414.81771  1.26%   164  347s
 13879  6242 5479.60746   33  192 5484.00000 5415.24622  1.25%   164  355s
 14153  6457 5478.59142   23  219 5484.00000 5415.24622  1.25%   164  363s
 14634  6739 5441.61213   31  238 5484.00000 5415.92283  1.24%   165  372s
 15219  6913 5475.91509   36  191 5484.00000 5417.30591  1.22%   165  381s
 15589  7099 5456.19384   27  278 5484.00000 5417.30593  1.22%   166  390s
 15971  7444 5465.14217   33  240 5484.00000 5417.30593  1.22%   166  400s
 16601  7793     cutoff   25      5484.00000 5419.03844  1.18%   166  410s
 17283  8055     cutoff   44      5484.00000 5419.41574  1.18%   166  420s
 17791  8433 5443.37797   33  259 5484.00000 5419.80732  1.17%   167  431s
 18581  8680     cutoff   31      5484.00000 5420.36284  1.16%   167  441s
 19292  8878 5478.98910   57  221 5484.00000 5420.36284  1.16%   167  454s
 19761  9237 5456.25826   47  207 5484.00000 5420.79837  1.15%   167  466s
 20629  9601 5476.00530   34  235 5484.00000 5421.16516  1.15%   167  478s
 21448 10019 5460.88213   52  186 5484.00000 5422.15676  1.13%   167  491s
 22310 10443 5442.56512   25  252 5484.00000 5422.72279  1.12%   168  503s
 23177 10916 5444.72809   26  302 5484.00000 5423.41847  1.10%   168  517s
 24137 11232     cutoff   41      5484.00000 5424.01508  1.09%   168  535s
 24899 11682 5469.72838   43  195 5484.00000 5424.51067  1.08%   169  551s
 26065 12237 5442.67977   30  264 5484.00000 5425.10998  1.07%   169  566s
 27181 12551     cutoff   39      5484.00000 5425.45234  1.07%   169  580s
 27973 13077 5447.72886   38  200 5484.00000 5425.45234  1.07%   169  596s
 29246 13595 5446.26763   36  164 5484.00000 5426.54797  1.05%   169  612s
 30364 14129 5455.99539   53  146 5484.00000 5427.18642  1.04%   169  627s
 31542 14707 5475.58260   44  215 5484.00000 5427.77122  1.03%   169  643s
 32806 15225     cutoff   36      5484.00000 5428.57245  1.01%   169  660s
 34134 15819 5479.43477   48  188 5484.00000 5429.06503  1.00%   169  678s
 35396 16281     cutoff   45      5484.00000 5429.40898  1.00%   169  696s
 36529 16716     cutoff   36      5484.00000 5429.75091  0.99%   170  714s
 37789 17401     cutoff   39      5484.00000 5430.30273  0.98%   170  733s
 39395 17877 5459.21194   34  201 5484.00000 5430.85136  0.97%   169  753s
 40621 18579 5470.25636   53  230 5484.00000 5431.42931  0.96%   169  774s
 42200 19215 5445.68614   32  251 5484.00000 5432.08151  0.95%   169  795s
 43852 19905 5456.96446   34  258 5484.00000 5432.67608  0.94%   170  818s
 45589 20410     cutoff   33      5484.00000 5433.29050  0.92%   169  832s

Cutting planes:
  Lift-and-project: 2
  Cover: 523
  Clique: 66
  MIR: 342
  Knapsack: 16
  StrongCG: 259
  Flow cover: 434
  GUB cover: 26
  Inf proof: 1
  Zero half: 46
  Mod-K: 1
  RLT: 156
  Relax-and-lift: 31
  BQP: 51
  PSD: 1

Explored 46799 nodes (7912328 simplex iterations) in 832.88 seconds (588.61 work units)
Thread count was 22 (of 22 available processors)

Solution count 10: 5484 5497 5531 ... 5571

Time limit reached
Best objective 5.484000000000e+03, best bound 5.434000000000e+03, gap 0.9117%

User-callback calls 181462, time in user-callback 0.76 sec
Set parameter LogToConsole to value 0
