FIXINGS_START
(0, 0, 0)
(1, 0, 0)
(2, 0, 0)
(2, 9, 0)
(3, 0, 0)
(4, 0, 0)
(5, 0, 0)
(6, 0, 0)
(6, 4, 0)
(7, 0, 0)
(7, 8, 0)
(8, 0, 0)
(9, 0, 0)
(9, 6, 0)
(10, 2, 0)
(11, 0, 0)
(12, 0, 0)
(12, 6, 0)
(13, 0, 0)
(13, 1, 0)
(14, 0, 0)
(14, 4, 0)
(15, 0, 0)
(15, 1, 0)
(16, 0, 0)
(16, 4, 0)
(17, 8, 0)
(17, 9, 0)
(18, 0, 0)
(18, 4, 0)
(19, 0, 0)
(20, 9, 0)
(13, 2, 0)
(13, 3, 0)
(13, 5, 0)
(20, 0, 0)
(7, 1, 25)
(9, 5, 26)
(9, 7, 28)
(3, 1, 0)
(17, 0, 5)
(15, 2, 0)
(11, 1, 0)
(17, 1, 5)
(16, 1, 0)
(2, 4, 0)
(6, 5, 0)
(10, 0, 1)
(2, 5, 0)
(11, 2, 0)
(8, 2, 5)
(6, 6, 0)
(18, 1, 0)
(15, 5, 14)
(4, 2, 37)
(16, 2, 0)
(10, 1, 0)
(1, 1, 3)
(3, 2, 0)
(18, 2, 30)
(12, 4, 0)
(0, 1, 26)
(12, 7, 0)
(16, 6, 14)
FIXINGS_END
found_sol 6535.0 time 1.935
found_sol 6427.0 time 1.936
found_sol 6030.0 time 3.924
found_sol 5988.0 time 3.941
found_sol 5940.0 time 3.962
found_sol 5809.0 time 5.339
found_sol 5781.0 time 8.875
found_sol 5777.0 time 11.466
found_sol 5744.0 time 23.059
found_sol 5735.0 time 38.732
found_sol 5735.0 time 42.510
found_sol 5666.0 time 56.134
found_sol 5617.0 time 56.737
found_sol 5609.0 time 110.697
found_sol 5605.0 time 237.055
found_sol 5604.0 time 329.472
found_sol 5602.0 time 337.617
found_sol 5594.0 time 436.987
found_sol 5585.000000000001 time 699.166
found_sol 5585.0 time 763.753
time 763.803
GUROBI
Status OPTIMAL
Runtime 763.8027849197388
NodeCount 75530.0
IterCount 10813077.0
NumVars 8160
NumConstrs 31910
ObjBound 5585.0
ObjBoundC 5585.000000000001
ObjVal 5585.0
MIPGap 0.0
