
Gurobi 13.0.0 (linux64) logging started Fri Jan  2 02:27:42 2026

Set parameter LogFile to value "../experiments/network-n_50_s_0_rp_0-app_set-id_7_7_apps/compact_model_gurobi.log"
Set parameter TimeLimit to value 900
Gurobi Optimizer version 13.0.0 build v13.0.0rc1 (linux64 - "Ubuntu 24.04.3 LTS")

CPU model: Intel(R) Core(TM) Ultra 7 165H, instruction set [SSE2|AVX|AVX2]
Thread count: 22 physical cores, 22 logical processors, using up to 22 threads

Non-default parameters:
TimeLimit  900
LogToConsole  0

Academic license 2539022 - for non-commercial use only - registered to al___@studenti.unimi.it
Optimize a model with 10374 rows, 2300 columns and 23935 nonzeros (Min)
Model fingerprint: 0xd824daaa
Model has 2300 linear objective coefficients
Model has 166 quadratic constraints
Variable types: 0 continuous, 2300 integer (2300 binary)
Coefficient statistics:
  Matrix range     [1e+00, 7e+02]
  QMatrix range    [5e+01, 2e+02]
  Objective range  [1e+01, 2e+02]
  Bounds range     [1e+00, 1e+00]
  RHS range        [1e+00, 1e+09]
  QRHS range       [1e+02, 6e+02]
Presolve removed 9791 rows and 1332 columns
Presolve time: 0.11s
Presolved: 13070 rows, 13301 columns, 77241 nonzeros
Variable types: 0 continuous, 13301 integer (13301 binary)
Found heuristic solution: objective 2845.0000000

Root relaxation: objective 1.237859e+03, 206 iterations, 0.02 seconds (0.02 work units)

    Nodes    |    Current Node    |     Objective Bounds      |     Work
 Expl Unexpl |  Obj  Depth IntInf | Incumbent    BestBd   Gap | It/Node Time

     0     0 1237.85905    0   48 2845.00000 1237.85905  56.5%     -    0s
H    0     0                    2806.0000000 1237.85905  55.9%     -    0s
H    0     0                    1546.0000000 1237.85905  19.9%     -    0s
H    0     0                    1462.0000000 1237.85905  15.3%     -    0s
H    0     0                    1461.0000000 1237.85905  15.3%     -    0s
H    0     0                    1356.0000000 1239.02003  8.63%     -    0s
     0     0 1253.82382    0   41 1356.00000 1253.82382  7.54%     -    0s
H    0     0                    1353.0000000 1253.82382  7.33%     -    0s
H    0     0                    1308.0000000 1255.73633  4.00%     -    0s
H    0     0                    1291.0000000 1255.73633  2.73%     -    0s
     0     0 1255.79665    0   49 1291.00000 1255.79665  2.73%     -    0s
     0     0 1265.00287    0   74 1291.00000 1265.00287  2.01%     -    0s
     0     0 1265.00287    0   75 1291.00000 1265.00287  2.01%     -    0s
     0     0 1265.13077    0   62 1291.00000 1265.13077  2.00%     -    0s
     0     0 1265.13077    0   60 1291.00000 1265.13077  2.00%     -    0s
     0     0 1265.13077    0   61 1291.00000 1265.13077  2.00%     -    0s
     0     0 1267.32718    0   80 1291.00000 1267.32718  1.83%     -    1s
H    0     0                    1279.0000000 1267.32718  0.91%     -    1s
     0     0 1268.13247    0   83 1279.00000 1268.13247  0.85%     -    1s
     0     0 1268.13247    0   75 1279.00000 1268.13247  0.85%     -    1s
H    0     0                    1277.0000000 1268.13247  0.69%     -    1s
     0     0 1269.24164    0   70 1277.00000 1269.24164  0.61%     -    1s
     0     0 1269.26764    0   70 1277.00000 1269.26764  0.61%     -    1s
     0     0 1269.26764    0   70 1277.00000 1269.26764  0.61%     -    1s
     0     0 1269.26764    0   69 1277.00000 1269.26764  0.61%     -    1s
     0     0 1269.44887    0   22 1277.00000 1269.44887  0.59%     -    1s
     0     0 1269.44887    0   39 1277.00000 1269.44887  0.59%     -    1s
     0     0 1270.02873    0   37 1277.00000 1270.02873  0.55%     -    1s
     0     0 1270.18331    0   37 1277.00000 1270.18331  0.53%     -    1s
H    0     0                    1276.0000000 1270.65191  0.42%     -    1s
     0     0 1270.65191    0   35 1276.00000 1270.65191  0.42%     -    1s
     0     0 1270.65217    0   36 1276.00000 1270.65217  0.42%     -    1s
     0     0 1270.70465    0   39 1276.00000 1270.70465  0.41%     -    1s
     0     0 1270.72510    0   34 1276.00000 1270.72510  0.41%     -    1s
     0     0 1271.01555    0   32 1276.00000 1271.01555  0.39%     -    1s
     0     0 1271.08259    0   32 1276.00000 1271.08259  0.39%     -    1s
     0     0 1271.08259    0   32 1276.00000 1271.08259  0.39%     -    1s
     0     0 1271.13113    0   20 1276.00000 1271.13113  0.38%     -    1s
     0     0 1271.13113    0   30 1276.00000 1271.13113  0.38%     -    1s
     0     0 1271.13113    0   21 1276.00000 1271.13113  0.38%     -    1s
     0     0 1271.13113    0   28 1276.00000 1271.13113  0.38%     -    1s
     0     0 1271.13113    0   30 1276.00000 1271.13113  0.38%     -    1s
     0     0 1271.13113    0   30 1276.00000 1271.13113  0.38%     -    1s
H    0     0                    1275.0000000 1271.13113  0.30%     -    1s
     0     0 1271.13113    0   35 1275.00000 1271.13113  0.30%     -    1s
     0     0 1271.13113    0   36 1275.00000 1271.13113  0.30%     -    1s
     0     0 1271.13113    0   40 1275.00000 1271.13113  0.30%     -    1s
     0     0 1271.13113    0   39 1275.00000 1271.13113  0.30%     -    1s
     0     0 1271.20588    0   19 1275.00000 1271.20588  0.30%     -    1s
     0     0 1271.20588    0   27 1275.00000 1271.20588  0.30%     -    1s
     0     0 1271.20588    0   29 1275.00000 1271.20588  0.30%     -    1s
     0     0 1271.20588    0   28 1275.00000 1271.20588  0.30%     -    1s
     0     0 1271.60841    0   30 1275.00000 1271.60841  0.27%     -    1s
     0     0 1271.65686    0   31 1275.00000 1271.65686  0.26%     -    1s
     0     0 1272.00000    0    8 1275.00000 1272.00000  0.24%     -    1s
     0     0 1272.17431    0   24 1275.00000 1272.17431  0.22%     -    1s
     0     0 1272.33333    0   26 1275.00000 1272.33333  0.21%     -    1s
     0     0 1272.33333    0   26 1275.00000 1272.33333  0.21%     -    1s
     0     0 1273.08563    0   27 1275.00000 1273.08563  0.15%     -    1s
     0     0 1273.08563    0   27 1275.00000 1273.08563  0.15%     -    1s
     0     0 1273.08563    0   27 1275.00000 1273.08563  0.15%     -    1s
     0     0 1273.08563    0   27 1275.00000 1273.08563  0.15%     -    1s
     0     0 1273.08563    0   12 1275.00000 1273.08563  0.15%     -    1s
     0     0 infeasible    0      1275.00000 1275.00000  0.00%     -    1s

Cutting planes:
  Cover: 7
  Clique: 1
  MIR: 1
  StrongCG: 1
  GUB cover: 1

Explored 1 nodes (1516 simplex iterations) in 1.77 seconds (1.06 work units)
Thread count was 22 (of 22 available processors)

Solution count 10: 1275 1276 1277 ... 1461

Optimal solution found (tolerance 1.00e-04)
Best objective 1.275000000000e+03, best bound 1.275000000000e+03, gap 0.0000%

User-callback calls 1223, time in user-callback 0.00 sec
