
Gurobi 13.0.0 (linux64) logging started Sat Jan  3 15:20:31 2026

Set parameter LogFile to value "../experiments/network-n_60_s_1_rp_0-app_set-id_32_15_apps/compact_model_gurobi.log"
Set parameter TimeLimit to value 900
Gurobi Optimizer version 13.0.0 build v13.0.0rc1 (linux64 - "Ubuntu 24.04.3 LTS")

CPU model: Intel(R) Core(TM) Ultra 7 165H, instruction set [SSE2|AVX|AVX2]
Thread count: 22 physical cores, 22 logical processors, using up to 22 threads

Non-default parameters:
TimeLimit  900
LogToConsole  0

Academic license 2539022 - for non-commercial use only - registered to al___@studenti.unimi.it
Optimize a model with 39191 rows, 5880 columns and 86601 nonzeros (Min)
Model fingerprint: 0x180dc550
Model has 5880 linear objective coefficients
Model has 206 quadratic constraints
Variable types: 0 continuous, 5880 integer (5880 binary)
Coefficient statistics:
  Matrix range     [1e+00, 9e+02]
  QMatrix range    [5e+01, 2e+02]
  Objective range  [1e+01, 2e+02]
  Bounds range     [1e+00, 1e+00]
  RHS range        [1e+00, 1e+09]
  QRHS range       [1e+02, 6e+02]
Presolve removed 38001 rows and 3549 columns
Presolve time: 0.39s
Presolved: 25312 rows, 26230 columns, 165106 nonzeros
Variable types: 0 continuous, 26230 integer (26230 binary)
Deterministic concurrent LP optimizer: primal and dual simplex
Showing primal log only...

Concurrent spin time: 0.00s

Solved with dual simplex

Root relaxation: objective 3.020820e+03, 991 iterations, 0.25 seconds (0.20 work units)

    Nodes    |    Current Node    |     Objective Bounds      |     Work
 Expl Unexpl |  Obj  Depth IntInf | Incumbent    BestBd   Gap | It/Node Time

     0     0 3020.81951    0  129          - 3020.81951      -     -    1s
     0     0 3021.28017    0  127          - 3021.28017      -     -    1s
H    0     0                    5487.0000000 3021.28017  44.9%     -    1s
H    0     0                    4127.0000000 3021.28017  26.8%     -    1s
H    0     0                    4122.0000000 3021.28017  26.7%     -    1s
H    0     0                    3928.0000000 3021.28017  23.1%     -    1s
     0     0 3044.39621    0  154 3928.00000 3044.39621  22.5%     -    2s
     0     0 3055.50976    0  166 3928.00000 3055.50976  22.2%     -    2s
     0     0 3056.45332    0  179 3928.00000 3056.45332  22.2%     -    2s
     0     0 3056.53089    0  181 3928.00000 3056.53089  22.2%     -    2s
     0     0 3065.76361    0  192 3928.00000 3065.76361  22.0%     -    3s
     0     0 3071.87697    0  200 3928.00000 3071.87697  21.8%     -    3s
     0     0 3072.20755    0  207 3928.00000 3072.20755  21.8%     -    3s
H    0     0                    3917.0000000 3072.20755  21.6%     -    3s
     0     0 3079.59934    0  161 3917.00000 3079.59934  21.4%     -    4s
H    0     0                    3883.0000000 3079.59934  20.7%     -    4s
     0     0 3082.43281    0  221 3883.00000 3082.43281  20.6%     -    4s
     0     0 3083.01014    0  220 3883.00000 3083.01014  20.6%     -    4s
H    0     0                    3733.0000000 3083.01014  17.4%     -    4s
H    0     0                    3698.0000000 3083.01014  16.6%     -    4s
H    0     0                    3616.0000000 3090.54985  14.5%     -    5s
H    0     0                    3568.0000000 3090.54985  13.4%     -    5s
H    0     0                    3566.0000000 3090.54985  13.3%     -    5s
     0     0 3090.54985    0  219 3566.00000 3090.54985  13.3%     -    5s
     0     0 3092.01541    0  228 3566.00000 3092.01541  13.3%     -    5s
     0     0 3092.16968    0  227 3566.00000 3092.16968  13.3%     -    5s
H    0     0                    3565.0000000 3092.16968  13.3%     -    5s
H    0     0                    3558.0000000 3092.16968  13.1%     -    5s
     0     0 3094.51800    0  218 3558.00000 3094.51800  13.0%     -    5s
     0     0 3094.59237    0  217 3558.00000 3094.59237  13.0%     -    5s
     0     0 3094.59237    0  210 3558.00000 3094.59237  13.0%     -    5s
H    0     0                    3294.0000000 3094.59237  6.05%     -    5s
H    0     0                    3293.0000000 3094.59237  6.03%     -    5s
H    0     0                    3249.0000000 3094.59237  4.75%     -    5s
     0     2 3094.59237    0  207 3249.00000 3094.59237  4.75%     -    5s
H   95   139                    3246.0000000 3100.78736  4.47%   238    9s
H  125   139                    3212.0000000 3100.78736  3.46%   209    9s
   142   184 3111.25691    9  156 3212.00000 3100.78736  3.46%   196   10s
H  242   255                    3207.0000000 3100.78736  3.31%   172   11s
H  253   255                    3202.0000000 3100.78736  3.16%   170   11s
H  518   458                    3195.0000000 3102.76353  2.89%   142   14s
   526   487 3120.01580   13  118 3195.00000 3102.76353  2.89%   142   15s
H  587   507                    3188.0000000 3104.47146  2.62%   140   15s
H  830   663                    3186.0000000 3106.85595  2.48%   131   19s
   874   715 3137.62507   20  165 3186.00000 3106.85595  2.48%   129   20s
  1428  1110 3182.02965   35   67 3186.00000 3108.89371  2.42%   116   26s
  1772  1271 3159.69300   18   89 3186.00000 3108.89371  2.42%   111   30s
  1913  1395 3120.40594    9  179 3186.00000 3112.68562  2.30%   109   35s
  2558  1830 3160.46685   37  103 3186.00000 3114.79515  2.23%   103   41s
  3064  2099 3157.63892   20  174 3186.00000 3115.83045  2.20%   101   45s
  3598  2286 3175.10734   17 8515 3186.00000 3117.90559  2.14%   100   53s
  3601  2288 3127.21874   19  175 3186.00000 3117.90559  2.14%   100   55s
  3628  2306 3165.95967   24  274 3186.00000 3117.90559  2.14%  99.0   60s
  3657  2325 3137.49959   15  251 3186.00000 3117.90559  2.14%  98.2   65s
  3711  2395 3117.90559   15  227 3186.00000 3117.90559  2.14%   103   71s
  3839  2448 3119.22225   17  227 3186.00000 3119.22225  2.10%   108   75s
  4029  2465 3130.02322   19  176 3186.00000 3122.09698  2.01%   111   80s
  4187  2488     cutoff   21      3186.00000 3122.09698  2.01%   113   85s
H 4263  2391                    3177.0000000 3122.49539  1.72%   114   87s
  4346  2378 3166.46176   25   98 3177.00000 3122.49539  1.72%   115   90s
H 4414  2265                    3168.0000000 3122.49539  1.44%   116   91s
  4554  2302 3138.93530   19  185 3168.00000 3129.58900  1.21%   117   95s
  4913  2305 3164.82406   25  208 3168.00000 3129.58900  1.21%   118  101s
  5231  2280 3162.98426   25  155 3168.00000 3133.66937  1.08%   119  105s
  5570  2265 3165.00169   24  127 3168.00000 3136.55920  0.99%   120  111s
  5989  2236 3162.60872   18  193 3168.00000 3140.54545  0.87%   119  115s
  6122  2253 3164.57839   24  150 3168.00000 3142.66038  0.80%   120  121s
  6409  2213 3149.78979   23  184 3168.00000 3144.14879  0.75%   119  125s
  7014  2147 3160.11871   21  176 3168.00000 3146.29135  0.69%   118  131s
  7537  1982     cutoff   32      3168.00000 3147.23900  0.66%   118  136s
H 8026  1712                    3167.0000000 3149.12360  0.56%   117  139s
  8118  1689 3160.31884   40   81 3167.00000 3149.35957  0.56%   117  141s
  8907  1386     cutoff   24      3167.00000 3151.15031  0.50%   116  147s
  9534  1069 3161.85216   32  161 3167.00000 3153.06344  0.44%   116  152s
 10016   930     cutoff   23      3167.00000 3154.13354  0.41%   116  155s
 11050   550     cutoff   33      3167.00000 3156.52008  0.33%   115  161s

Cutting planes:
  Gomory: 5
  Lift-and-project: 5
  Cover: 204
  Clique: 44
  MIR: 111
  Knapsack: 8
  StrongCG: 79
  Flow cover: 85
  GUB cover: 21
  Inf proof: 1
  Zero half: 32
  Mod-K: 2
  RLT: 105
  Relax-and-lift: 93
  BQP: 14
  PSD: 1

Explored 12274 nodes (1364642 simplex iterations) in 164.40 seconds (94.24 work units)
Thread count was 22 (of 22 available processors)

Solution count 10: 3167 3168 3177 ... 3246

Optimal solution found (tolerance 1.00e-04)
Best objective 3.167000000000e+03, best bound 3.167000000000e+03, gap 0.0000%

User-callback calls 39544, time in user-callback 0.15 sec
