
Gurobi 13.0.0 (linux64) logging started Mon Jan  5 00:19:44 2026

Set parameter LogFile to value "../experiments/network-n_40_s_0_rp_0-app_set-id_8_7_apps/compact_model_gurobi.log"
Set parameter TimeLimit to value 900
Gurobi Optimizer version 13.0.0 build v13.0.0rc1 (linux64 - "Ubuntu 24.04.3 LTS")

CPU model: Intel(R) Core(TM) Ultra 7 165H, instruction set [SSE2|AVX|AVX2]
Thread count: 22 physical cores, 22 logical processors, using up to 22 threads

Non-default parameters:
TimeLimit  900
LogToConsole  0

Academic license 2539022 - for non-commercial use only - registered to al___@studenti.unimi.it
Optimize a model with 7517 rows, 1840 columns and 17435 nonzeros (Min)
Model fingerprint: 0x536eba9f
Model has 1840 linear objective coefficients
Model has 128 quadratic constraints
Variable types: 0 continuous, 1840 integer (1840 binary)
Coefficient statistics:
  Matrix range     [1e+00, 8e+02]
  QMatrix range    [6e+01, 2e+02]
  Objective range  [1e+01, 2e+02]
  Bounds range     [1e+00, 1e+00]
  RHS range        [1e+00, 1e+09]
  QRHS range       [1e+02, 6e+02]
Presolve removed 7060 rows and 1180 columns
Presolve time: 0.06s
Presolved: 7931 rows, 8009 columns, 48604 nonzeros
Variable types: 0 continuous, 8009 integer (8009 binary)
Found heuristic solution: objective 3687.0000000

Root relaxation: objective 1.461854e+03, 225 iterations, 0.01 seconds (0.02 work units)

    Nodes    |    Current Node    |     Objective Bounds      |     Work
 Expl Unexpl |  Obj  Depth IntInf | Incumbent    BestBd   Gap | It/Node Time

     0     0 1461.85352    0   58 3687.00000 1461.85352  60.4%     -    0s
H    0     0                    1767.0000000 1461.85352  17.3%     -    0s
H    0     0                    1616.0000000 1504.65518  6.89%     -    0s
     0     0 1504.65518    0   75 1616.00000 1504.65518  6.89%     -    0s
H    0     0                    1555.0000000 1504.65518  3.24%     -    0s
     0     0 1505.97242    0   83 1555.00000 1505.97242  3.15%     -    0s
     0     0 1506.10425    0   73 1555.00000 1506.10425  3.14%     -    0s
     0     0 1506.53000    0   75 1555.00000 1506.53000  3.12%     -    0s
     0     0 1514.41021    0   62 1555.00000 1514.41021  2.61%     -    0s
     0     0 1517.19305    0   99 1555.00000 1517.19305  2.43%     -    0s
     0     0 1517.45218    0  107 1555.00000 1517.45218  2.41%     -    0s
     0     0 1517.45482    0  104 1555.00000 1517.45482  2.41%     -    0s
H    0     0                    1550.0000000 1525.68750  1.57%     -    1s
     0     0 1525.68750    0   57 1550.00000 1525.68750  1.57%     -    1s
H    0     0                    1545.0000000 1525.68750  1.25%     -    1s
     0     0 1525.85714    0   51 1545.00000 1525.85714  1.24%     -    1s
H    0     0                    1544.0000000 1525.85714  1.18%     -    1s
     0     0 1526.00000    0   19 1544.00000 1526.00000  1.17%     -    1s
     0     0 1526.00000    0   18 1544.00000 1526.00000  1.17%     -    1s
     0     0 1526.12500    0   18 1544.00000 1526.12500  1.16%     -    1s
     0     0 1526.12500    0   18 1544.00000 1526.12500  1.16%     -    1s
     0     0 1526.12500    0   15 1544.00000 1526.12500  1.16%     -    1s
     0     0 1526.12500    0   40 1544.00000 1526.12500  1.16%     -    1s
     0     0 1526.12500    0   61 1544.00000 1526.12500  1.16%     -    1s
     0     0 1526.12500    0   41 1544.00000 1526.12500  1.16%     -    1s
     0     0 1526.12500    0    8 1544.00000 1526.12500  1.16%     -    1s
     0     0 1526.12500    0    7 1544.00000 1526.12500  1.16%     -    1s
     0     0 1526.12500    0    6 1544.00000 1526.12500  1.16%     -    1s
     0     0 1526.47111    0    6 1544.00000 1526.47111  1.14%     -    1s
     0     0 1526.47111    0    6 1544.00000 1526.47111  1.14%     -    1s
     0     2 1526.47111    0    6 1544.00000 1526.47111  1.14%     -    1s

Cutting planes:
  Gomory: 5
  Lift-and-project: 5
  Cover: 16
  Implied bound: 6
  Clique: 9
  MIR: 13
  Knapsack: 3
  StrongCG: 7
  RLT: 35
  Relax-and-lift: 11
  BQP: 17

Explored 27 nodes (2225 simplex iterations) in 1.54 seconds (0.89 work units)
Thread count was 22 (of 22 available processors)

Solution count 7: 1544 1545 1550 ... 3687

Optimal solution found (tolerance 1.00e-04)
Best objective 1.544000000000e+03, best bound 1.544000000000e+03, gap 0.0000%

User-callback calls 1085, time in user-callback 0.00 sec
