FIXINGS_START
(0, 0, 0)
(1, 9, 0)
(2, 0, 0)
(3, 0, 0)
(3, 4, 0)
(5, 0, 0)
(5, 9, 0)
(6, 0, 0)
(6, 6, 0)
(7, 0, 0)
(8, 0, 0)
(8, 4, 0)
(9, 0, 0)
(9, 4, 0)
(10, 0, 0)
(11, 5, 0)
(13, 0, 0)
(13, 8, 0)
(14, 0, 0)
(14, 6, 0)
(15, 0, 0)
(16, 0, 0)
(17, 0, 0)
(18, 0, 0)
(18, 6, 0)
(19, 0, 0)
(20, 0, 0)
(21, 0, 0)
(22, 0, 0)
(10, 1, 34)
(4, 0, 0)
(8, 1, 0)
(2, 3, 0)
(11, 0, 34)
(21, 2, 0)
(17, 1, 0)
(0, 1, 0)
(5, 6, 0)
(1, 0, 0)
(20, 2, 0)
(18, 1, 18)
(7, 2, 0)
(20, 4, 0)
(17, 3, 0)
(4, 1, 0)
(1, 3, 0)
(11, 1, 0)
(11, 3, 0)
(6, 1, 0)
(9, 6, 0)
(4, 2, 22)
(18, 3, 0)
(4, 3, 0)
(7, 5, 0)
(18, 5, 0)
(16, 1, 0)
(6, 2, 6)
(6, 3, 28)
(21, 3, 0)
(0, 4, 0)
(1, 4, 0)
(1, 6, 0)
(8, 3, 0)
(0, 7, 0)
(12, 1, 0)
(8, 5, 0)
FIXINGS_END
time 792.777
GUROBI
Status TIME_LIMIT
Runtime 792.777016878128
NodeCount 10055.0
IterCount 3339379.0
NumVars 9000
NumConstrs 55914
ObjBound 6255.0
ObjBoundC 6254.258088697052
ObjVal inf
MIPGap inf
