
Gurobi 13.0.0 (linux64) logging started Thu Jan 15 04:05:28 2026

Set parameter LogFile to value "../experiments/network-n_50_s_0_rp_0-app_set-id_42_19_apps/submip_30_epr1_model_gurobi.log"
Set parameter TimeLimit to value 8.6677685295300034e+02
Gurobi Optimizer version 13.0.0 build v13.0.0rc1 (linux64 - "Ubuntu 24.04.3 LTS")

CPU model: Intel(R) Core(TM) Ultra 7 165H, instruction set [SSE2|AVX|AVX2]
Thread count: 22 physical cores, 22 logical processors, using up to 22 threads

Non-default parameters:
TimeLimit  8.6677685295300034e+02
LogToConsole  0

Academic license 2539022 - for non-commercial use only - registered to al___@studenti.unimi.it
Optimize a model with 29771 rows, 6200 columns and 67951 nonzeros (Min)
Model fingerprint: 0xe69f5edc
Model has 6200 linear objective coefficients
Model has 166 quadratic constraints
Variable types: 0 continuous, 6200 integer (6200 binary)
Coefficient statistics:
  Matrix range     [1e+00, 9e+02]
  QMatrix range    [5e+01, 2e+02]
  Objective range  [1e+01, 2e+02]
  Bounds range     [1e+00, 1e+00]
  RHS range        [1e+00, 1e+09]
  QRHS range       [1e+02, 6e+02]

MIP start from previous solve did not produce a new incumbent solution
MIP start from previous solve violates constraint fixed_app_1_microservice_2 by 1.000000000

Presolve removed 29227 rows and 4985 columns
Presolve time: 0.10s
Presolved: 6819 rows, 7340 columns, 42248 nonzeros
Variable types: 0 continuous, 7340 integer (7340 binary)

Root relaxation: objective 4.568550e+03, 1045 iterations, 0.04 seconds (0.07 work units)

    Nodes    |    Current Node    |     Objective Bounds      |     Work
 Expl Unexpl |  Obj  Depth IntInf | Incumbent    BestBd   Gap | It/Node Time

     0     0 4568.55042    0  149          - 4568.55042      -     -    0s
     0     0 4633.80348    0  154          - 4633.80348      -     -    0s
H    0     0                    5684.0000000 4633.80348  18.5%     -    0s
H    0     0                    5682.0000000 4633.80348  18.4%     -    0s
     0     0 4650.64496    0  174 5682.00000 4650.64496  18.2%     -    0s
     0     0 4655.22581    0  143 5682.00000 4655.22581  18.1%     -    0s
     0     0 4655.22733    0  149 5682.00000 4655.22733  18.1%     -    0s
     0     0 4683.46452    0  169 5682.00000 4683.46452  17.6%     -    1s
H    0     0                    5273.0000000 4683.46452  11.2%     -    1s
     0     0 4687.38315    0  167 5273.00000 4687.38315  11.1%     -    1s
     0     0 4687.75869    0  175 5273.00000 4687.75869  11.1%     -    1s
     0     0 4708.00446    0  179 5273.00000 4708.00446  10.7%     -    1s
     0     0 4708.10365    0  172 5273.00000 4708.10365  10.7%     -    1s
     0     0 4708.10365    0  172 5273.00000 4708.10365  10.7%     -    1s
H    0     2                    5143.0000000 4708.30160  8.45%     -    1s
     0     2 4708.30160    0  169 5143.00000 4708.30160  8.45%     -    1s
H   80    90                    5136.0000000 4729.08287  7.92%   246    2s
H   92   148                    5104.0000000 4729.08287  7.35%   232    2s
H   93   148                    5002.0000000 4729.08287  5.46%   232    2s
H  121   148                    4998.0000000 4729.08287  5.38%   199    2s
H  130   148                    4969.0000000 4729.08287  4.83%   189    2s
H  147   171                    4967.0000000 4729.08287  4.79%   179    2s
H  154   171                    4937.0000000 4729.08287  4.21%   177    2s
H  490   510                    4922.0000000 4729.08287  3.92%   132    3s
H  491   510                    4899.0000000 4729.08287  3.47%   132    3s
H  584   578                    4882.0000000 4729.08287  3.13%   126    3s
  1173  1003 4826.31343   33  120 4882.00000 4732.55395  3.06%   107    5s
H 1615  1236                    4870.0000000 4735.71948  2.76%   105    7s
H 2052  1289                    4841.0000000 4739.07396  2.11%   100    8s
H 2701  1503                    4840.0000000 4743.09433  2.00%  96.9    9s
  2727  1568 4798.18805   18  134 4840.00000 4743.09433  2.00%  97.1   10s
  4118  2094 4767.34305    9  228 4840.00000 4750.06480  1.86%  94.8   15s
H 4118  1988                    4838.0000000 4750.06480  1.82%  94.8   15s
  4380  2125 4790.62426   20  173 4838.00000 4757.83758  1.66%   101   20s
H 4492  2030                    4836.0000000 4759.59446  1.58%   102   21s
H 4500  1931                    4829.0000000 4759.59446  1.44%   102   21s
H 4541  1842                    4821.0000000 4761.21657  1.24%   102   21s
H 4650  1767                    4820.0000000 4764.30037  1.16%   102   22s
H 4781  1669                    4818.0000000 4765.14269  1.10%   102   23s
H 4931  1595                    4814.0000000 4766.13100  0.99%   102   23s
  5248  1607     cutoff   31      4814.00000 4771.29999  0.89%   101   25s
  7082  1203 4796.57418   29  115 4814.00000 4790.68711  0.48%  94.6   30s

Cutting planes:
  Gomory: 12
  Lift-and-project: 4
  Cover: 167
  Clique: 28
  MIR: 152
  Knapsack: 6
  StrongCG: 119
  Flow cover: 62
  GUB cover: 13
  Inf proof: 2
  Zero half: 128
  RLT: 106
  Relax-and-lift: 84
  BQP: 29

Explored 10329 nodes (859792 simplex iterations) in 34.81 seconds (32.46 work units)
Thread count was 22 (of 22 available processors)

Solution count 10: 4814 4818 4820 ... 4870

Optimal solution found (tolerance 1.00e-04)
Best objective 4.814000000000e+03, best bound 4.814000000000e+03, gap 0.0000%

User-callback calls 25314, time in user-callback 0.04 sec
Set parameter LogToConsole to value 0
