FIXINGS_START
(0, 0, 0)
(1, 0, 0)
(1, 9, 0)
(2, 0, 0)
(2, 4, 0)
(3, 0, 0)
(4, 0, 0)
(4, 1, 0)
(5, 0, 0)
(6, 0, 0)
(7, 4, 0)
(8, 0, 0)
(9, 0, 0)
(9, 7, 0)
(11, 0, 0)
(12, 0, 0)
(12, 9, 0)
(13, 7, 0)
(13, 8, 0)
(14, 0, 0)
(14, 6, 0)
(15, 0, 0)
(15, 4, 0)
(16, 0, 0)
(17, 0, 0)
(18, 0, 0)
(18, 6, 0)
(4, 4, 0)
(17, 1, 20)
(10, 1, 0)
(1, 2, 25)
(2, 1, 0)
(4, 5, 0)
(17, 2, 27)
(0, 1, 0)
(11, 2, 23)
(15, 1, 0)
(16, 1, 0)
(2, 2, 0)
(1, 3, 0)
(17, 3, 32)
(3, 1, 0)
(1, 6, 0)
(6, 1, 0)
(0, 3, 0)
(7, 1, 0)
(1, 8, 14)
(18, 2, 0)
(12, 2, 0)
(16, 3, 0)
(15, 2, 2)
(7, 2, 0)
(18, 3, 0)
(18, 4, 0)
(9, 1, 14)
(9, 2, 26)
(6, 2, 0)
(13, 2, 0)
(10, 2, 0)
(6, 3, 1)
(13, 5, 0)
(12, 3, 0)
(10, 4, 0)
(11, 4, 0)
(3, 2, 0)
(6, 4, 26)
FIXINGS_END
found_sol 4989.0 time 1.748
found_sol 4984.0 time 1.902
found_sol 4970.0 time 2.882
found_sol 4969.0 time 3.272
found_sol 4961.000000000002 time 3.273
found_sol 4913.0 time 3.586
found_sol 4902.0 time 3.587
found_sol 4902.0 time 3.872
time 3.877
GUROBI
Status OPTIMAL
Runtime 3.876444101333618
NodeCount 4941.0
IterCount 208923.0
NumVars 6200
NumConstrs 29780
ObjBound 4902.0
ObjBoundC 4902.0
ObjVal 4902.0
MIPGap 0.0
