FIXINGS_START
(0, 0, 0)
(1, 0, 0)
(1, 9, 0)
(2, 0, 0)
(2, 4, 0)
(3, 0, 0)
(4, 0, 0)
(4, 1, 0)
(5, 0, 0)
(6, 0, 0)
(7, 4, 0)
(8, 0, 0)
(9, 0, 0)
(9, 7, 0)
(11, 0, 0)
(12, 0, 0)
(12, 9, 0)
(13, 7, 0)
(13, 8, 0)
(14, 0, 0)
(14, 6, 0)
(15, 0, 0)
(15, 4, 0)
(16, 0, 0)
(17, 0, 0)
(18, 0, 0)
(18, 6, 0)
(2, 1, 0)
(2, 2, 0)
(2, 7, 30)
(14, 3, 24)
(14, 4, 0)
(14, 5, 0)
(6, 1, 0)
(15, 1, 0)
(3, 1, 0)
(9, 1, 14)
(3, 2, 0)
(10, 0, 29)
(0, 1, 0)
(11, 1, 25)
(6, 2, 0)
(0, 2, 30)
(10, 1, 0)
(10, 2, 0)
(5, 1, 4)
(11, 5, 25)
(12, 2, 0)
(6, 3, 33)
(9, 2, 26)
(18, 2, 0)
(5, 2, 4)
(1, 1, 5)
(4, 4, 0)
(1, 2, 2)
(9, 3, 1)
(4, 5, 0)
FIXINGS_END
found_sol 5336.0 time 0.800
found_sol 5317.0 time 0.805
found_sol 5309.0 time 0.810
found_sol 5298.0 time 1.865
found_sol 5213.0 time 2.018
found_sol 5205.0 time 2.019
found_sol 5139.0 time 2.020
found_sol 5130.0 time 2.022
found_sol 5094.0 time 2.214
found_sol 5091.0 time 3.255
found_sol 5091.0 time 5.830
time 5.838
GUROBI
Status OPTIMAL
Runtime 5.837785959243774
NodeCount 3381.0
IterCount 181575.0
NumVars 6200
NumConstrs 29771
ObjBound 5091.0
ObjBoundC 5091.0
ObjVal 5091.0
MIPGap 0.0
