
Gurobi 13.0.0 (linux64) logging started Mon Jan  5 01:25:10 2026

Set parameter LogFile to value "../experiments/network-n_40_s_0_rp_0-app_set-id_35_16_apps/compact_model_gurobi.log"
Set parameter TimeLimit to value 900
Gurobi Optimizer version 13.0.0 build v13.0.0rc1 (linux64 - "Ubuntu 24.04.3 LTS")

CPU model: Intel(R) Core(TM) Ultra 7 165H, instruction set [SSE2|AVX|AVX2]
Thread count: 22 physical cores, 22 logical processors, using up to 22 threads

Non-default parameters:
TimeLimit  900
LogToConsole  0

Academic license 2539022 - for non-commercial use only - registered to al___@studenti.unimi.it
Optimize a model with 13197 rows, 4160 columns and 31839 nonzeros (Min)
Model fingerprint: 0x4f53dc4b
Model has 4160 linear objective coefficients
Model has 128 quadratic constraints
Variable types: 0 continuous, 4160 integer (4160 binary)
Coefficient statistics:
  Matrix range     [1e+00, 9e+02]
  QMatrix range    [5e+01, 2e+02]
  Objective range  [1e+01, 2e+02]
  Bounds range     [1e+00, 1e+00]
  RHS range        [1e+00, 1e+09]
  QRHS range       [1e+02, 6e+02]
Presolve removed 12415 rows and 2727 columns
Presolve time: 0.11s
Presolved: 11563 rows, 12049 columns, 71025 nonzeros
Variable types: 0 continuous, 12049 integer (12049 binary)

Root relaxation: infeasible, 2410 iterations, 0.17 seconds (0.20 work units)

    Nodes    |    Current Node    |     Objective Bounds      |     Work
 Expl Unexpl |  Obj  Depth IntInf | Incumbent    BestBd   Gap | It/Node Time

     0     0 infeasible    0               - infeasible      -     -    0s

Explored 1 nodes (2410 simplex iterations) in 0.69 seconds (0.70 work units)
Thread count was 22 (of 22 available processors)

Solution count 0

Model is infeasible
Best objective -, best bound -, gap -

User-callback calls 724, time in user-callback 0.00 sec
