
Gurobi 13.0.0 (linux64) logging started Fri Jan  2 16:18:57 2026

Set parameter LogFile to value "../experiments/network-n_50_s_1_rp_0-app_set-id_58_24_apps/compact_model_gurobi.log"
Set parameter TimeLimit to value 900
Gurobi Optimizer version 13.0.0 build v13.0.0rc1 (linux64 - "Ubuntu 24.04.3 LTS")

CPU model: Intel(R) Core(TM) Ultra 7 165H, instruction set [SSE2|AVX|AVX2]
Thread count: 22 physical cores, 22 logical processors, using up to 22 threads

Non-default parameters:
TimeLimit  900
LogToConsole  0

Academic license 2539022 - for non-commercial use only - registered to al___@studenti.unimi.it
Optimize a model with 45919 rows, 7800 columns and 102860 nonzeros (Min)
Model fingerprint: 0x5ca46060
Model has 7800 linear objective coefficients
Model has 164 quadratic constraints
Variable types: 0 continuous, 7800 integer (7800 binary)
Coefficient statistics:
  Matrix range     [1e+00, 9e+02]
  QMatrix range    [5e+01, 2e+02]
  Objective range  [1e+01, 2e+02]
  Bounds range     [1e+00, 1e+00]
  RHS range        [1e+00, 1e+09]
  QRHS range       [1e+02, 6e+02]
Presolve removed 44097 rows and 4723 columns
Presolve time: 0.45s
Presolved: 31258 rows, 32337 columns, 197008 nonzeros
Variable types: 0 continuous, 32337 integer (32337 binary)
Deterministic concurrent LP optimizer: primal and dual simplex
Showing primal log only...

Concurrent spin time: 0.00s

Solved with dual simplex

Root relaxation: objective 6.678352e+03, 6363 iterations, 1.54 seconds (1.66 work units)

    Nodes    |    Current Node    |     Objective Bounds      |     Work
 Expl Unexpl |  Obj  Depth IntInf | Incumbent    BestBd   Gap | It/Node Time

     0     0 6678.35187    0  595          - 6678.35187      -     -    3s
     0     0 6680.72859    0  598          - 6680.72859      -     -    3s
     0     0 infeasible    0               - infeasible      -     -    6s

Cutting planes:
  Gomory: 2
  Cover: 14
  Implied bound: 2
  Clique: 14
  MIR: 9
  Knapsack: 1
  StrongCG: 9
  GUB cover: 2
  Zero half: 11
  RLT: 21
  BQP: 12

Explored 1 nodes (10255 simplex iterations) in 6.24 seconds (6.33 work units)
Thread count was 22 (of 22 available processors)

Solution count 0

Model is infeasible
Best objective -, best bound -, gap -

User-callback calls 1156, time in user-callback 0.00 sec
