
Gurobi 13.0.0 (linux64) logging started Fri Jan 16 03:45:53 2026

Set parameter LogFile to value "../experiments/network-n_50_s_2_rp_0-app_set-id_37_17_apps/submip_40_epr1_model_gurobi.log"
Set parameter TimeLimit to value 8.6092704867698194e+02
Gurobi Optimizer version 13.0.0 build v13.0.0rc1 (linux64 - "Ubuntu 24.04.3 LTS")

CPU model: Intel(R) Core(TM) Ultra 7 165H, instruction set [SSE2|AVX|AVX2]
Thread count: 22 physical cores, 22 logical processors, using up to 22 threads

Non-default parameters:
TimeLimit  8.6092704867698194e+02
LogToConsole  0

Academic license 2539022 - for non-commercial use only - registered to al___@studenti.unimi.it
Optimize a model with 36411 rows, 5500 columns and 80581 nonzeros (Min)
Model fingerprint: 0xd1d03493
Model has 5500 linear objective coefficients
Model has 162 quadratic constraints
Variable types: 0 continuous, 5500 integer (5500 binary)
Coefficient statistics:
  Matrix range     [1e+00, 9e+02]
  QMatrix range    [5e+01, 2e+02]
  Objective range  [1e+01, 2e+02]
  Bounds range     [1e+00, 1e+00]
  RHS range        [1e+00, 1e+09]
  QRHS range       [1e+02, 6e+02]

MIP start from previous solve did not produce a new incumbent solution
MIP start from previous solve violates constraint fixed_app_14_microservice_1 by 1.000000000

Presolve removed 35879 rows and 4451 columns
Presolve time: 0.13s
Presolved: 9759 rows, 10122 columns, 62067 nonzeros
Variable types: 0 continuous, 10122 integer (10122 binary)

Root relaxation: objective 3.299866e+03, 990 iterations, 0.07 seconds (0.11 work units)

    Nodes    |    Current Node    |     Objective Bounds      |     Work
 Expl Unexpl |  Obj  Depth IntInf | Incumbent    BestBd   Gap | It/Node Time

     0     0 3299.86645    0  142          - 3299.86645      -     -    0s
     0     0 3303.35762    0  147          - 3303.35762      -     -    0s
     0     0 3438.35245    0  170          - 3438.35245      -     -    1s
     0     0 3477.75122    0  172          - 3477.75122      -     -    1s
     0     0 3481.69034    0  173          - 3481.69034      -     -    1s
     0     0 3481.69974    0  178          - 3481.69974      -     -    1s
     0     0 3531.85643    0  186          - 3531.85643      -     -    1s
     0     0 3558.22327    0  173          - 3558.22327      -     -    2s
     0     0 3562.24216    0  180          - 3562.24216      -     -    2s
     0     0 3563.14077    0  198          - 3563.14077      -     -    2s
     0     0 3602.56593    0  208          - 3602.56593      -     -    2s
     0     0 3602.58993    0  207          - 3602.58993      -     -    2s
     0     0 3602.58993    0  207          - 3602.58993      -     -    2s
     0     2 3602.60345    0  207          - 3602.60345      -     -    3s
   101   142 3616.49728    8  178          - 3609.15642      -   135    5s
   564   567 3646.07324   25  150          - 3609.15642      -   100   10s
  1075   952 3710.01733   36  130          - 3615.28124      -   102   15s
  1560  1332 3811.72885   57   97          - 3615.76484      -  97.0   20s
  2138  1747 3909.81454   27   82          - 3615.76484      -  96.0   25s
  3184  2403 3949.76258   31   76          - 3619.94907      -  93.9   30s
  3390  2407 3654.21455   12  173          - 3623.71134      -  94.7   35s
  3432  2435 3694.32148   20  288          - 3653.22262      -  93.6   40s
  3475  2463 3780.48067   38  306          - 3671.22326      -  92.4   45s
  3518  2492 3752.53448   28  290          - 3680.99368      -  91.3   50s
  3554  2516 3711.81988   14  333          - 3687.73200      -  90.4   55s
  3579  2533 3741.67053   49  308          - 3691.97222      -  89.7   61s
  3632  2612 3706.59158   17  250          - 3699.24408      -   100   65s
  3787  2680 3739.72300   19  243          - 3703.32984      -   105   71s
  3873  2730 3719.41777   21  198          - 3703.32984      -   109   75s
  3966  2786 3743.39825   22  180          - 3703.32984      -   112   80s
  4157  2862 3730.75189   25  156          - 3703.59334      -   117   86s
  4284  2901 3769.59871   26  148          - 3703.59334      -   121   90s
  4468  2944 3811.66858   30  141          - 3703.94527      -   124   96s
  4642  2994 3814.37351   35  118          - 3703.94527      -   127  101s
  4811  3014 3875.44815   39  142          - 3703.94527      -   130  105s
  4888  3059 4004.93226   41  124          - 3703.94527      -   131  110s
  4983  3081 3727.60792   18  172          - 3703.94527      -   132  116s
  5036  3119 3732.44170   19  175          - 3703.94527      -   133  120s
  5164  3209 3769.71040   26  140          - 3708.92828      -   135  126s
H 5292  3122                    3974.0000000 3714.73761  6.52%   136  128s
  5423  3153     cutoff   35      3974.00000 3716.61936  6.48%   137  131s
  5856  3091 3784.76605   22  168 3974.00000 3719.26907  6.41%   140  136s
  6231  3193 3810.58329   21  190 3974.00000 3725.23041  6.26%   143  141s
  6791  3248 3833.39714   23  157 3974.00000 3730.42949  6.13%   146  147s
  7107  3228 3934.40015   28   93 3974.00000 3730.42949  6.13%   147  150s
  7732  3287 3870.76470   26  146 3974.00000 3741.53876  5.85%   150  156s
  8413  3285 3909.43129   29   81 3974.00000 3744.56714  5.77%   153  162s
  8800  3214 3860.22641   26  159 3974.00000 3747.66218  5.70%   154  165s
  9555  3348 3836.65500   31  127 3974.00000 3755.27058  5.50%   154  172s
 10048  3334 3841.09197   21  111 3974.00000 3757.62560  5.44%   154  175s
 10901  3309 infeasible   30      3974.00000 3766.41872  5.22%   155  182s
 11359  3385     cutoff   24      3974.00000 3768.57123  5.17%   156  186s
 11855  3523 3916.04639   30  138 3974.00000 3773.12960  5.05%   157  190s
 12950  3685     cutoff   37      3974.00000 3777.42160  4.95%   159  198s
 13311  3710 3833.53952   21  189 3974.00000 3782.63950  4.82%   161  202s
 13859  3749 3828.86268   25  173 3974.00000 3788.94087  4.66%   162  207s
 14328  3721 3872.62232   24  117 3974.00000 3792.91818  4.56%   163  212s
 14818  3715     cutoff   26      3974.00000 3796.38539  4.47%   165  216s
*15137  3672              54    3956.0000000 3797.04597  4.02%   166  216s
 15401  3574     cutoff   26      3956.00000 3799.40484  3.96%   167  222s
 16028  3457 3924.80790   35  161 3956.00000 3808.05663  3.74%   169  227s
 16638  3375     cutoff   38      3956.00000 3814.00931  3.59%   171  232s
 17347  3290 3883.82723   36  170 3956.00000 3819.81731  3.44%   172  237s
 17947  3174     cutoff   23      3956.00000 3826.25661  3.28%   172  243s
H18128  2993                    3934.0000000 3826.25661  2.74%   172  243s
H18132  2900                    3928.0000000 3826.25661  2.59%   172  243s
 18827  2431     cutoff   26      3928.00000 3829.90747  2.50%   172  248s
*19128  1902              41    3902.0000000 3831.82034  1.80%   172  248s
 19933   749     cutoff   26      3902.00000 3843.12926  1.51%   171  253s

Cutting planes:
  Gomory: 1
  Cover: 353
  Clique: 62
  MIR: 280
  Knapsack: 12
  StrongCG: 188
  Flow cover: 459
  GUB cover: 33
  Inf proof: 1
  Zero half: 114
  Mod-K: 1
  RLT: 64
  Relax-and-lift: 88
  BQP: 9

Explored 22072 nodes (3545246 simplex iterations) in 254.97 seconds (155.90 work units)
Thread count was 22 (of 22 available processors)

Solution count 5: 3902 3928 3934 ... 3974

Optimal solution found (tolerance 1.00e-04)
Best objective 3.902000000000e+03, best bound 3.902000000000e+03, gap 0.0000%

User-callback calls 70237, time in user-callback 0.20 sec
