
Gurobi 13.0.0 (linux64) logging started Fri Jan 16 03:27:50 2026

Set parameter LogFile to value "../experiments/network-n_50_s_2_rp_0-app_set-id_37_17_apps/submip_30_epr0_model_gurobi.log"
Set parameter TimeLimit to value 8.9612587964998966e+02
Gurobi Optimizer version 13.0.0 build v13.0.0rc1 (linux64 - "Ubuntu 24.04.3 LTS")

CPU model: Intel(R) Core(TM) Ultra 7 165H, instruction set [SSE2|AVX|AVX2]
Thread count: 22 physical cores, 22 logical processors, using up to 22 threads

Non-default parameters:
TimeLimit  8.9612587964998966e+02
LogToConsole  0

Academic license 2539022 - for non-commercial use only - registered to al___@studenti.unimi.it
Optimize a model with 36402 rows, 5500 columns and 80572 nonzeros (Min)
Model fingerprint: 0x549c0c35
Model has 5500 linear objective coefficients
Model has 162 quadratic constraints
Variable types: 0 continuous, 5500 integer (5500 binary)
Coefficient statistics:
  Matrix range     [1e+00, 9e+02]
  QMatrix range    [5e+01, 2e+02]
  Objective range  [1e+01, 2e+02]
  Bounds range     [1e+00, 1e+00]
  RHS range        [1e+00, 1e+09]
  QRHS range       [1e+02, 6e+02]
Presolve removed 35627 rows and 4211 columns
Presolve time: 0.17s
Presolved: 13678 rows, 14036 columns, 85341 nonzeros
Variable types: 0 continuous, 14036 integer (14036 binary)

Root relaxation: objective 3.303984e+03, 1172 iterations, 0.10 seconds (0.16 work units)

    Nodes    |    Current Node    |     Objective Bounds      |     Work
 Expl Unexpl |  Obj  Depth IntInf | Incumbent    BestBd   Gap | It/Node Time

     0     0 3303.98420    0  174          - 3303.98420      -     -    0s
     0     0 3420.01610    0  209          - 3420.01610      -     -    1s
     0     0 3512.73926    0  195          - 3512.73926      -     -    1s
     0     0 3515.04089    0  230          - 3515.04089      -     -    1s
     0     0 3515.48330    0  227          - 3515.48330      -     -    1s
     0     0 3584.30025    0  206          - 3584.30025      -     -    2s
     0     0 3628.74801    0  201          - 3628.74801      -     -    2s
     0     0 3646.59924    0  228          - 3646.59924      -     -    2s
     0     0 3646.76976    0  214          - 3646.76976      -     -    2s
     0     0 3687.39913    0  255          - 3687.39913      -     -    3s
     0     0 3693.19346    0  288          - 3693.19346      -     -    3s
     0     0 3702.35035    0  247          - 3702.35035      -     -    4s
     0     0 3702.46852    0  246          - 3702.46852      -     -    4s
     0     0 3702.46852    0  246          - 3702.46852      -     -    4s
     0     0 3702.46852    0  246          - 3702.46852      -     -    4s
     0     2 3702.47194    0  246          - 3702.47194      -     -    5s
   302   305 3958.63727   14  185          - 3710.40925      -   200   10s
   661   585 3826.97795   23  200          - 3710.40925      -   178   15s
  1061   875 3894.34833   30  155          - 3710.40925      -   165   20s
  1487  1130 3873.84808   37  185          - 3715.48348      -   151   25s
  1802  1326 3906.78304   16  150          - 3715.48348      -   144   30s
  2282  1655 3823.75193    9  185          - 3717.89549      -   136   35s
H 2936  2099                    4336.0000000 3720.71692  14.2%   128   39s
H 2952  2097                    4264.0000000 3720.71692  12.7%   128   39s
  3186  2128 infeasible   26      4264.00000 3720.71692  12.7%   125   40s
H 3502  2126                    4142.0000000 3727.84076  10.0%   135   43s
  3766  2293 3999.65838   23  111 4142.00000 3728.11975  10.0%   142   46s
H 4179  2237                    4037.0000000 3728.11975  7.65%   142   48s
  4229  2202 3828.72572   25 5399 4037.00000 3728.11975  7.65%   142   52s
  4234  2205 3825.42690   31  294 4037.00000 3728.11975  7.65%   142   55s
  4259  2222 3748.14268   23  395 4037.00000 3746.86819  7.19%   141   60s
  4285  2239 3858.65943   25  360 4037.00000 3749.29486  7.13%   140   65s
  4318  2261 4009.34048   29  370 4037.00000 3752.67385  7.04%   139   70s
  4339  2275 3953.10397   42  337 4037.00000 3754.07262  7.01%   139   75s
  4355  2303 3796.10984   15  330 4037.00000 3769.42142  6.63%   144   80s
  4393  2346 3815.07555   17  334 4037.00000 3775.23229  6.48%   150   86s
  4468  2397 3892.66428   18  303 4037.00000 3775.23229  6.48%   156   91s
  4567  2419 4030.10362   19  278 4037.00000 3779.31257  6.38%   161   95s
  4730  2459 3844.00022   21  314 4037.00000 3779.31257  6.38%   170  101s
  4881  2483 3950.76680   22  176 4037.00000 3788.49675  6.16%   176  106s
  5037  2489 3939.30230   24  248 4037.00000 3795.14772  5.99%   181  111s
  5145  2512 3953.60753   27  242 4037.00000 3795.14772  5.99%   185  115s
  5318  2536     cutoff   31      4037.00000 3795.14772  5.99%   190  122s
  5448  2529 3944.92105   19  251 4037.00000 3795.14772  5.99%   194  126s
H 5490  2399                    4033.0000000 3795.14772  5.90%   195  126s
  5598  2424 4000.74254   25  263 4033.00000 3795.20848  5.90%   199  131s
  5808  2415 3919.83893   23  267 4033.00000 3807.12910  5.60%   203  137s
* 5819  2301              35    4003.0000000 3807.12910  4.89%   203  137s
  5914  2296 3928.81421   26  274 4003.00000 3807.12910  4.89%   205  140s
  6126  2254 3889.15069   25  225 4003.00000 3807.12910  4.89%   210  145s
  6359  2190 infeasible   24      4003.00000 3831.82295  4.28%   216  152s
  6478  2165 3936.24972   27  186 4003.00000 3831.82295  4.28%   219  155s
  6725  2121 3948.03235   31  163 4003.00000 3841.83330  4.03%   224  161s
  6862  2088 3923.55646   30  198 4003.00000 3846.29220  3.91%   227  165s
  7036  2078 3946.12361   34  141 4003.00000 3850.93043  3.80%   228  172s
  7159  2078 infeasible   41      4003.00000 3854.10890  3.72%   229  175s
  7586  1960 3999.46344   37  135 4003.00000 3862.77961  3.50%   230  183s
  7856  1859 3957.86316   22  213 4003.00000 3874.20276  3.22%   231  187s
  8074  1784 infeasible   27      4003.00000 3879.00604  3.10%   231  191s
  8316  1717     cutoff   30      4003.00000 3883.62443  2.98%   232  195s
  8675  1587 3971.68410   29  250 4003.00000 3885.01667  2.95%   231  200s
H 9288  1246                    3990.0000000 3901.77668  2.21%   229  204s
* 9290  1145              33    3988.0000000 3901.77668  2.16%   229  204s
  9587   808     cutoff   28      3988.00000 3910.90769  1.93%   228  209s
 10168   350     cutoff   30      3988.00000 3924.92180  1.58%   224  213s
 10891     0 3972.40357   38   42 3988.00000 3937.99341  1.25%   216  216s

Cutting planes:
  Gomory: 5
  Lift-and-project: 1
  Cover: 403
  Implied bound: 1
  Clique: 72
  MIR: 329
  Knapsack: 16
  StrongCG: 242
  Flow cover: 473
  GUB cover: 27
  Zero half: 66
  Mod-K: 2
  RLT: 259
  Relax-and-lift: 171
  BQP: 49

Explored 11359 nodes (2387178 simplex iterations) in 216.53 seconds (143.07 work units)
Thread count was 22 (of 22 available processors)

Solution count 8: 3988 3990 4003 ... 4336

Optimal solution found (tolerance 1.00e-04)
Best objective 3.988000000000e+03, best bound 3.988000000000e+03, gap 0.0000%

User-callback calls 42681, time in user-callback 0.18 sec
Set parameter LogToConsole to value 0
