FIXINGS_START
(0, 0, 0)
(0, 4, 0)
(1, 0, 0)
(1, 8, 0)
(2, 0, 0)
(3, 0, 0)
(4, 0, 0)
(4, 6, 0)
(5, 0, 0)
(5, 4, 0)
(6, 3, 0)
(7, 0, 0)
(8, 6, 0)
(9, 0, 0)
(10, 0, 0)
(10, 9, 0)
(11, 0, 0)
(11, 1, 0)
(12, 0, 0)
(13, 0, 0)
(14, 0, 0)
(14, 4, 0)
(15, 0, 0)
(16, 0, 0)
(1, 1, 0)
(0, 6, 0)
(6, 0, 0)
(16, 1, 0)
(1, 2, 0)
(16, 2, 0)
(13, 3, 0)
(2, 1, 0)
(1, 3, 0)
(7, 1, 0)
(4, 2, 0)
(7, 3, 0)
(11, 2, 0)
(9, 3, 0)
(11, 3, 0)
(15, 1, 24)
(2, 3, 0)
(1, 4, 0)
(12, 1, 0)
(2, 4, 18)
(9, 4, 0)
(4, 3, 0)
(6, 1, 0)
(4, 4, 0)
(4, 7, 0)
(5, 1, 0)
(5, 5, 0)
(6, 2, 0)
(8, 0, 0)
(1, 5, 0)
(12, 2, 0)
(5, 7, 0)
(14, 1, 0)
(12, 3, 0)
(10, 1, 0)
FIXINGS_END
found_sol 3974.0 time 128.849
found_sol 3956.0 time 216.886
found_sol 3934.0 time 243.118
found_sol 3928.0 time 243.119
found_sol 3902.0 time 248.948
found_sol 3902.0 time 254.972
time 254.990
GUROBI
Status OPTIMAL
Runtime 254.98985695838928
NodeCount 22072.0
IterCount 3545246.0
NumVars 5500
NumConstrs 36411
ObjBound 3902.0
ObjBoundC 3902.0
ObjVal 3902.0
MIPGap 0.0
