
Gurobi 13.0.0 (linux64) logging started Sat Jan  3 18:56:21 2026

Set parameter LogFile to value "../experiments/network-n_60_s_1_rp_0-app_set-id_40_18_apps/compact_model_gurobi.log"
Set parameter TimeLimit to value 900
Gurobi Optimizer version 13.0.0 build v13.0.0rc1 (linux64 - "Ubuntu 24.04.3 LTS")

CPU model: Intel(R) Core(TM) Ultra 7 165H, instruction set [SSE2|AVX|AVX2]
Thread count: 22 physical cores, 22 logical processors, using up to 22 threads

Non-default parameters:
TimeLimit  900
LogToConsole  0

Academic license 2539022 - for non-commercial use only - registered to al___@studenti.unimi.it
Optimize a model with 38234 rows, 7020 columns and 86174 nonzeros (Min)
Model fingerprint: 0x70ab389f
Model has 7020 linear objective coefficients
Model has 206 quadratic constraints
Variable types: 0 continuous, 7020 integer (7020 binary)
Coefficient statistics:
  Matrix range     [1e+00, 9e+02]
  QMatrix range    [5e+01, 2e+02]
  Objective range  [1e+01, 2e+02]
  Bounds range     [1e+00, 1e+00]
  RHS range        [1e+00, 1e+09]
  QRHS range       [1e+02, 6e+02]
Presolve removed 36940 rows and 4475 columns
Presolve time: 0.44s
Presolved: 30103 rows, 31113 columns, 187701 nonzeros
Variable types: 0 continuous, 31113 integer (31113 binary)
Deterministic concurrent LP optimizer: primal and dual simplex
Showing primal log only...

Concurrent spin time: 0.00s

Solved with dual simplex

Root relaxation: objective 4.557047e+03, 2993 iterations, 0.50 seconds (0.63 work units)

    Nodes    |    Current Node    |     Objective Bounds      |     Work
 Expl Unexpl |  Obj  Depth IntInf | Incumbent    BestBd   Gap | It/Node Time

     0     0 4557.04661    0  288          - 4557.04661      -     -    2s
     0     0 4559.27955    0  283          - 4559.27955      -     -    2s
     0     0 4559.44253    0  283          - 4559.44253      -     -    2s
     0     0 4617.53114    0  289          - 4617.53114      -     -    3s
     0     0 4666.20197    0  380          - 4666.20197      -     -    3s
     0     0 4666.24178    0  365          - 4666.24178      -     -    3s
     0     0 4679.68947    0  395          - 4679.68947      -     -    4s
     0     0 4680.65464    0  389          - 4680.65464      -     -    4s
     0     0 4680.66675    0  391          - 4680.66675      -     -    4s
     0     0 4746.20664    0  370          - 4746.20664      -     -    6s
H    0     0                    6806.0000000 4746.20664  30.3%     -    6s
H    0     0                    6799.0000000 4746.20664  30.2%     -    6s
     0     0 4776.90186    0  429 6799.00000 4776.90186  29.7%     -    7s
     0     0 4798.06192    0  446 6799.00000 4798.06192  29.4%     -    7s
     0     0 4806.57442    0  515 6799.00000 4806.57442  29.3%     -    8s
     0     0 4815.32591    0  505 6799.00000 4815.32591  29.2%     -    8s
     0     0 4818.11803    0  475 6799.00000 4818.11803  29.1%     -    9s
     0     0 4819.26529    0  489 6799.00000 4819.26529  29.1%     -   10s
     0     0 4862.29680    0  427 6799.00000 4862.29680  28.5%     -   11s
     0     0 4878.98379    0  444 6799.00000 4878.98379  28.2%     -   12s
     0     0 4892.39066    0  464 6799.00000 4892.39066  28.0%     -   12s
     0     0 4899.46026    0  483 6799.00000 4899.46026  27.9%     -   13s
     0     0 4905.67906    0  546 6799.00000 4905.67906  27.8%     -   13s
     0     0 4908.41026    0  569 6799.00000 4908.41026  27.8%     -   14s
     0     0 4923.27320    0  482 6799.00000 4923.27320  27.6%     -   16s
     0     0 4923.29650    0  473 6799.00000 4923.29650  27.6%     -   16s
     0     0 4923.29650    0  461 6799.00000 4923.29650  27.6%     -   16s
H    0     2                    6693.0000000 4923.32479  26.4%     -   18s
     0     2 4923.32479    0  452 6693.00000 4923.32479  26.4%     -   18s
     7    16 4950.38922    3  518 6693.00000 4936.42168  26.2%   949   21s
    31    54 4970.08357    5  617 6693.00000 4952.33100  26.0%  1267   26s
H   33    54                    6536.0000000 4952.33100  24.2%  1228   26s
    97   159 4975.20068    8  599 6536.00000 4956.98258  24.2%   826   30s
H  100   159                    6532.0000000 4956.98258  24.1%   808   30s
H  109   159                    6531.0000000 4956.98258  24.1%   776   30s
H  119   159                    6421.0000000 4956.98258  22.8%   745   30s
H  142   159                    6388.0000000 4956.98258  22.4%   693   30s
H  165   197                    6384.0000000 4956.98258  22.4%   663   33s
   196   239 4996.19141   12  546 6384.00000 4956.98258  22.4%   644   35s
   319   347 4996.85214   15  477 6384.00000 4956.98258  22.4%   590   40s
H  392   421                    6256.0000000 4956.98258  20.8%   556   43s
   462   498 4998.98959   17  466 6256.00000 4956.98258  20.8%   541   46s
H  489   498                    6250.0000000 4956.98258  20.7%   542   46s
H  536   538                    6249.0000000 4956.98258  20.7%   537   47s
H  546   579                    6216.0000000 4956.98258  20.3%   538   49s
   582   614 5057.52847   21  501 6216.00000 4956.98258  20.3%   539   51s
   670   690 5070.65075   23  370 6216.00000 4956.98258  20.3%   531   55s
H  676   690                    6174.0000000 4956.98258  19.7%   532   55s
H  719   727                    6129.0000000 4956.98258  19.1%   531   57s
H  760   774                    5949.0000000 4956.98258  16.7%   530   59s
   797   819 5130.28100   27  454 5949.00000 4956.98258  16.7%   523   60s
H  801   819                    5912.0000000 4956.98258  16.2%   523   60s
H  830   819                    5906.0000000 4956.98258  16.1%   522   60s
H  844   819                    5831.0000000 4960.62510  14.9%   516   60s
H  872   863                    5825.0000000 4960.62510  14.8%   512   63s
H  901   863                    5793.0000000 4960.62510  14.4%   511   63s
H  909   863                    5787.0000000 4960.62510  14.3%   507   63s
   911   904 5227.79537   29  300 5787.00000 4960.62510  14.3%   509   65s
H  926   904                    5741.0000000 4960.62510  13.6%   507   65s
H  969   941                    5669.0000000 4960.62510  12.5%   505   67s
H  990   941                    5641.0000000 4960.62510  12.1%   507   67s
  1001   987 5163.62347   30  408 5641.00000 4960.62510  12.1%   506   70s
H 1155  1165                    5636.0000000 4960.62510  12.0%   487   74s
H 1197  1165                    5635.0000000 4960.62510  12.0%   479   74s
H 1211  1165                    5595.0000000 4960.62510  11.3%   481   74s
  1240  1268 5183.79619   36  403 5595.00000 4960.62510  11.3%   479   76s
  1473  1452 5206.95528   41  298 5595.00000 4960.74686  11.3%   451   80s
  1739  1632 5237.01522   43  386 5595.00000 4960.74686  11.3%   426   85s
H 1788  1632                    5589.0000000 4961.49739  11.2%   424   85s
H 1804  1629                    5569.0000000 4961.49739  10.9%   425   85s
  1947  1809 5265.78434   47  295 5569.00000 4961.49739  10.9%   419   90s
  2214  2017 infeasible   54      5569.00000 4964.26474  10.9%   405   96s
H 2367  2091                    5560.0000000 4964.26474  10.7%   399   99s
  2473  2224 5492.55244   54  282 5560.00000 4964.26474  10.7%   397  102s
  2624  2345     cutoff   57      5560.00000 4964.26474  10.7%   391  105s
H 2816  2358                    5523.0000000 4964.26474  10.1%   382  108s
H 2817  2352                    5513.0000000 4964.26474  10.0%   382  108s
  2841  2353 5211.39157   28 14331 5513.00000 4964.26474  10.0%   382  122s
  2843  2354 5035.62697   19  320 5513.00000 4964.26474  10.0%   382  128s
  2844  2355 5251.62818   46  397 5513.00000 4964.26474  10.0%   382  130s
  2848  2358 5367.58492   15  515 5513.00000 4964.26474  10.0%   381  136s
  2852  2360 5114.04951   33  561 5513.00000 4964.26474  10.0%   381  140s
  2864  2368 5401.17362   56  634 5513.00000 4968.42685  9.88%   379  145s
  2883  2381 5017.83682   15  684 5513.00000 4978.77304  9.69%   377  150s
H 2891  2265                    5508.0000000 4983.18272  9.53%   376  154s
H 2891  2151                    5476.0000000 4983.18272  9.00%   376  154s
  2894  2153 5106.16434   33  726 5476.00000 4983.71178  8.99%   375  155s
  2913  2166 5179.82448   47  681 5476.00000 4986.47155  8.94%   373  160s
  2928  2176 5057.21133   18  701 5476.00000 4991.33478  8.85%   371  165s
  2940  2184 5047.27226   12  716 5476.00000 4994.16707  8.80%   369  170s
  2954  2193 5022.01032   17  669 5476.00000 4996.05635  8.76%   368  175s
  2966  2201 5059.98252   19  584 5476.00000 4998.24957  8.72%   366  180s
  2978  2209 5372.57606   31  681 5476.00000 5001.18402  8.67%   365  185s
  2986  2215 5002.59544   11  624 5476.00000 5002.59544  8.65%   364  190s
  3005  2227 5003.59836   14  717 5476.00000 5003.59836  8.63%   361  195s
  3010  2231 5003.83588   10  740 5476.00000 5003.83588  8.62%   361  207s
  3013  2233 5179.82448   47  742 5476.00000 5003.90415  8.62%   360  210s
  3028  2243 5057.21133   18  763 5476.00000 5004.59939  8.61%   359  215s
  3030  2244 5004.60220    6  738 5476.00000 5004.60220  8.61%   358  224s
  3031  2248 5007.64734   15  606 5476.00000 5004.63505  8.61%   379  228s
  3033  2251 5025.40607   16  564 5476.00000 5007.64766  8.55%   380  231s
  3037  2258 5036.23852   17  592 5476.00000 5008.90434  8.53%   380  236s
  3045  2271 5041.94057   18  591 5476.00000 5011.83224  8.48%   383  244s
  3061  2288 5044.85869   19  646 5476.00000 5019.53306  8.34%   392  255s
  3083  2338 5047.19871   20  670 5476.00000 5022.45471  8.28%   400  271s
  3141  2360 5061.16336   22  711 5476.00000 5022.47928  8.28%   416  284s
  3182  2384 5062.92501   23  674 5476.00000 5022.47928  8.28%   425  295s
  3220  2404 5066.04567   24  699 5476.00000 5022.47928  8.28%   434  304s
  3252  2417 5137.68514   24  572 5476.00000 5022.47928  8.28%   439  315s
  3276  2434 5096.46083   25  581 5476.00000 5022.47928  8.28%   446  325s
H 3299  2311                    5468.0000000 5022.47928  8.15%   453  325s
  3301  2337 5067.72351   25  696 5468.00000 5022.47928  8.15%   454  333s
H 3311  2223                    5466.0000000 5022.47928  8.11%   459  333s
  3327  2270 5069.68507   26  685 5466.00000 5022.47928  8.11%   461  345s
  3380  2308 5160.99388   27  558 5466.00000 5022.47928  8.11%   471  357s
  3436  2320 5170.02303   28  521 5466.00000 5022.47928  8.11%   476  369s
  3466  2365 5169.29963   28  515 5466.00000 5022.47928  8.11%   478  378s
  3521  2405 5174.38017   29  479 5466.00000 5022.47928  8.11%   482  388s
  3581  2446 5189.78912   30  482 5466.00000 5022.47928  8.11%   484  397s
  3646  2486 5275.56807   31  353 5466.00000 5022.47928  8.11%   486  405s
  3720  2505 5209.89229   31  398 5466.00000 5022.47928  8.11%   486  412s
  3768  2534 5212.15471   32  414 5466.00000 5022.47928  8.11%   486  419s
H 3773  2428                    5438.0000000 5022.47928  7.64%   487  419s
  3826  2438 5219.42950   33  407 5438.00000 5022.47928  7.64%   487  427s
H 3829  2338                    5437.0000000 5022.47928  7.62%   486  427s
H 3836  2241                    5339.0000000 5022.47928  5.93%   488  427s
  3874  2279 5238.72007   33  354 5339.00000 5032.58046  5.74%   488  437s
  3947  2314 5256.93026   35  414 5339.00000 5036.86350  5.66%   491  445s
  4021  2360 5303.11641   37  375 5339.00000 5036.86350  5.66%   494  454s
  4115  2379     cutoff   40      5339.00000 5036.86350  5.66%   494  466s
  4202  2396 5332.48212   43  316 5339.00000 5036.86350  5.66%   497  476s
  4274  2425 5083.09231   21  495 5339.00000 5036.86350  5.66%   501  486s
  4346  2464 5115.83393   24  388 5339.00000 5036.86350  5.66%   505  497s
  4441  2491 5144.82824   27  444 5339.00000 5036.86350  5.66%   507  511s
  4535  2484 5170.22401   31  407 5339.00000 5044.30073  5.52%   508  524s
  4632  2477 5226.60467   35  379 5339.00000 5044.30073  5.52%   510  540s
  4729  2516 5226.45590   36  358 5339.00000 5044.82699  5.51%   513  554s
  4822  2519 5250.23998   42  392 5339.00000 5045.37480  5.50%   514  567s
H 4832  2416                    5332.0000000 5045.37480  5.38%   514  567s
  4874  2474 5259.81492   44  374 5332.00000 5045.37480  5.38%   516  581s
  4982  2502 5309.52115   49  278 5332.00000 5047.06899  5.34%   517  599s
  5081  2572 5091.20226   20  469 5332.00000 5051.90180  5.25%   518  613s
  5204  2622 5113.31841   24  403 5332.00000 5051.90180  5.25%   518  631s
  5365  2675 5182.35802   28  400 5332.00000 5054.33666  5.21%   517  650s
  5515  2725 5256.31187   34  335 5332.00000 5054.33666  5.21%   518  674s
H 5546  2626                    5329.0000000 5054.33666  5.15%   518  674s
  5675  2676 5303.70121   39  356 5329.00000 5054.33666  5.15%   518  691s
  5862  2697 5314.81916   40  344 5329.00000 5056.07571  5.12%   518  708s
H 5988  2590                    5324.0000000 5056.07571  5.03%   518  724s
  6045  2710 5105.81838   24  411 5324.00000 5056.07571  5.03%   518  744s
  6267  2811 5115.79299   26  408 5324.00000 5056.07571  5.03%   520  762s
  6508  2917 5287.19313   30  293 5324.00000 5056.07571  5.03%   522  783s
  6807  2884 5170.09768   35  323 5324.00000 5056.07571  5.03%   518  809s
  6937  2982 5299.15007   38  341 5324.00000 5056.42791  5.03%   520  832s
  7137  3057 5276.19362   44  333 5324.00000 5056.42791  5.03%   522  857s
  7420  3097 5102.74198   22  435 5324.00000 5056.42791  5.03%   522  882s
  7661  3224 5235.89692   33  225 5324.00000 5056.42791  5.03%   523  900s

Cutting planes:
  Gomory: 16
  Lift-and-project: 2
  Cover: 954
  Implied bound: 7
  Clique: 109
  MIR: 580
  Knapsack: 18
  StrongCG: 389
  Flow cover: 759
  GUB cover: 58
  Zero half: 185
  Mod-K: 1
  RLT: 540
  Relax-and-lift: 335
  BQP: 136
  PSD: 1

Explored 7873 nodes (4140766 simplex iterations) in 900.08 seconds (958.33 work units)
Thread count was 22 (of 22 available processors)

Solution count 10: 5324 5329 5332 ... 5508

Time limit reached
Best objective 5.324000000000e+03, best bound 5.057000000000e+03, gap 5.0150%

User-callback calls 139751, time in user-callback 0.76 sec
