FIXINGS_START
(0, 0, 0)
(1, 0, 0)
(2, 0, 0)
(2, 1, 0)
(3, 0, 0)
(3, 6, 0)
(5, 0, 0)
(5, 4, 0)
(6, 0, 0)
(6, 4, 0)
(7, 0, 0)
(8, 8, 0)
(8, 9, 0)
(9, 0, 0)
(9, 4, 0)
(10, 0, 0)
(10, 4, 0)
(11, 0, 0)
(12, 0, 0)
(13, 0, 0)
(14, 4, 0)
(15, 0, 0)
(16, 0, 0)
(16, 4, 0)
(17, 0, 0)
(5, 1, 0)
(15, 1, 30)
(2, 3, 21)
(17, 2, 0)
(7, 2, 0)
(3, 2, 0)
(17, 6, 0)
(8, 4, 37)
(4, 0, 0)
(16, 5, 0)
(3, 7, 0)
(6, 1, 20)
(12, 2, 0)
(12, 6, 0)
(7, 4, 0)
(11, 3, 0)
(0, 3, 0)
(6, 6, 0)
(1, 1, 10)
(10, 2, 0)
(14, 1, 0)
(11, 4, 0)
(8, 5, 28)
(14, 2, 0)
(8, 6, 15)
(2, 4, 0)
(8, 7, 0)
(2, 5, 27)
(10, 8, 0)
(2, 6, 0)
(14, 3, 0)
(15, 2, 0)
(9, 1, 0)
(9, 3, 0)
(9, 7, 0)
(5, 2, 0)
(3, 1, 0)
FIXINGS_END
time 4.135
GUROBI
Status INFEASIBLE
Runtime 4.134896993637085
NodeCount 15.0
IterCount 9010.0
NumVars 7020
NumConstrs 38296
ObjBound inf
ObjBoundC inf
ObjVal None
MIPGap inf
