
Gurobi 13.0.0 (linux64) logging started Fri Jan  2 20:10:55 2026

Set parameter LogFile to value "../experiments/network-n_50_s_1_rp_0-app_set-id_34_16_apps/compact_model_gurobi.log"
Set parameter TimeLimit to value 900
Gurobi Optimizer version 13.0.0 build v13.0.0rc1 (linux64 - "Ubuntu 24.04.3 LTS")

CPU model: Intel(R) Core(TM) Ultra 7 165H, instruction set [SSE2|AVX|AVX2]
Thread count: 22 physical cores, 22 logical processors, using up to 22 threads

Non-default parameters:
TimeLimit  900
LogToConsole  0

Academic license 2539022 - for non-commercial use only - registered to al___@studenti.unimi.it
Optimize a model with 28205 rows, 5200 columns and 63849 nonzeros (Min)
Model fingerprint: 0xeeba6747
Model has 5200 linear objective coefficients
Model has 164 quadratic constraints
Variable types: 0 continuous, 5200 integer (5200 binary)
Coefficient statistics:
  Matrix range     [1e+00, 9e+02]
  QMatrix range    [5e+01, 2e+02]
  Objective range  [1e+01, 2e+02]
  Bounds range     [1e+00, 1e+00]
  RHS range        [1e+00, 1e+09]
  QRHS range       [1e+02, 6e+02]
Presolve removed 26988 rows and 2917 columns
Presolve time: 0.28s
Presolved: 29409 rows, 30311 columns, 180761 nonzeros
Variable types: 0 continuous, 30311 integer (30311 binary)
Deterministic concurrent LP optimizer: primal and dual simplex
Showing primal log only...

Concurrent spin time: 0.00s

Solved with dual simplex

Root relaxation: objective 3.542036e+03, 1597 iterations, 0.44 seconds (0.38 work units)

    Nodes    |    Current Node    |     Objective Bounds      |     Work
 Expl Unexpl |  Obj  Depth IntInf | Incumbent    BestBd   Gap | It/Node Time

     0     0 3542.03577    0  176          - 3542.03577      -     -    1s
     0     0 3553.14950    0  186          - 3553.14950      -     -    2s
     0     0 3578.72138    0  322          - 3578.72138      -     -    3s
     0     0 3590.26271    0  324          - 3590.26271      -     -    3s
     0     0 3590.53932    0  324          - 3590.53932      -     -    3s
     0     0 3590.55124    0  324          - 3590.55124      -     -    3s
     0     0 3619.22532    0  268          - 3619.22532      -     -    5s
     0     0 3620.33102    0  269          - 3620.33102      -     -    5s
     0     0 3622.82465    0  287          - 3622.82465      -     -    6s
     0     0 3623.17857    0  269          - 3623.17857      -     -    6s
H    0     0                    5607.0000000 3623.17857  35.4%     -    6s
     0     0 3650.67472    0  295 5607.00000 3650.67472  34.9%     -    7s
H    0     0                    5553.0000000 3650.67472  34.3%     -    7s
     0     0 3656.34609    0  347 5553.00000 3656.34609  34.2%     -    7s
     0     0 3658.48236    0  318 5553.00000 3658.48236  34.1%     -    7s
     0     0 3658.90001    0  337 5553.00000 3658.90001  34.1%     -    8s
H    0     0                    4776.0000000 3658.90001  23.4%     -    8s
H    0     0                    4757.0000000 3658.90001  23.1%     -    8s
H    0     0                    4744.0000000 3681.68131  22.4%     -    9s
     0     0 3681.68131    0  286 4744.00000 3681.68131  22.4%     -    9s
H    0     0                    4732.0000000 3689.84601  22.0%     -    9s
H    0     0                    4703.0000000 3689.84601  21.5%     -    9s
H    0     0                    4696.0000000 3689.84601  21.4%     -    9s
     0     0 3689.84601    0  306 4696.00000 3689.84601  21.4%     -    9s
     0     0 3692.56377    0  337 4696.00000 3692.56377  21.4%     -   10s
H    0     0                    4435.0000000 3704.50544  16.5%     -   11s
     0     0 3704.50544    0  341 4435.00000 3704.50544  16.5%     -   11s
     0     0 3704.51054    0  336 4435.00000 3704.51054  16.5%     -   11s
     0     0 3704.51054    0  336 4435.00000 3704.51054  16.5%     -   11s
H    0     0                    4414.0000000 3704.51680  16.1%     -   11s
H    0     0                    4374.0000000 3704.51680  15.3%     -   11s
     0     2 3704.51680    0  327 4374.00000 3704.51680  15.3%     -   12s
    15    32 3718.47647    4  395 4374.00000 3710.67725  15.2%   542   15s
H   29    32                    4351.0000000 3711.82132  14.7%   596   15s
    97   140 3723.39136    8  357 4351.00000 3715.12054  14.6%   410   21s
H  100   140                    4228.0000000 3715.12054  12.1%   406   21s
   187   232 3725.14026   10  350 4228.00000 3715.12054  12.1%   356   26s
H  216   232                    4161.0000000 3715.12054  10.7%   349   26s
H  231   264                    4083.0000000 3715.12054  9.01%   336   28s
H  237   264                    4063.0000000 3715.12054  8.56%   335   28s
H  240   264                    4054.0000000 3715.12054  8.36%   334   28s
   263   311 3727.59294   12  341 4054.00000 3715.12054  8.36%   326   30s
   402   440 3738.27290   15  351 4054.00000 3715.12054  8.36%   314   35s
H  460   485                    4053.0000000 3715.12054  8.34%   309   36s
H  496   510                    4045.0000000 3715.12054  8.16%   304   38s
H  526   533                    4037.0000000 3715.12054  7.97%   302   39s
   532   580 3745.62601   18  273 4037.00000 3715.12054  7.97%   302   41s
H  697   736                    4035.0000000 3715.12054  7.93%   284   46s
H  703   736                    3965.0000000 3715.12054  6.30%   283   46s
   800   818 3745.04286   24  270 3965.00000 3715.12054  6.30%   273   50s
H  806   818                    3963.0000000 3715.12054  6.25%   273   50s
H  897   939                    3961.0000000 3715.12054  6.21%   266   53s
H  923   939                    3959.0000000 3715.12054  6.16%   266   53s
   945  1017 3747.40672   32  236 3959.00000 3715.12054  6.16%   262   55s
H 1055  1087                    3913.0000000 3715.12054  5.06%   255   58s
  1173  1232 3763.57629   40  263 3913.00000 3715.12054  5.06%   247   61s
  1338  1345 3814.32931   44  273 3913.00000 3716.98424  5.01%   245   66s
  1500  1525 3789.00105   49  250 3913.00000 3717.38419  5.00%   244   70s
  1800  1832 3799.56000   55  279 3913.00000 3717.38419  5.00%   237   77s
  2016  2059 3821.20358   63  247 3913.00000 3717.38419  5.00%   235   82s
  2326  2248 3844.74192   70  263 3913.00000 3717.38419  5.00%   224   87s
H 2365  2247                    3911.0000000 3717.38419  4.95%   223   87s
  2386  2414 3841.04003   74  222 3911.00000 3717.38419  4.95%   222   90s
  2738  2702 3865.40088   88  209 3911.00000 3717.63466  4.94%   214   96s
  3123  3052 3726.15943    7  321 3911.00000 3718.78481  4.91%   209  102s
  3344  3210 3730.94890   12  319 3911.00000 3718.78481  4.91%   205  105s
  3753  3437 3745.87221   26  258 3911.00000 3718.78481  4.91%   200  112s
H 3792  3112                    3876.0000000 3718.78481  4.06%   199  112s
  3876  3097 3739.98792   21 13509 3876.00000 3718.78481  4.06%   200  121s
  3880  3100 3754.45297   44  268 3876.00000 3718.78481  4.06%   200  125s
  3885  3103 3729.80607    8  293 3876.00000 3718.78481  4.06%   199  130s
  3896  3110 3821.77209   85  408 3876.00000 3719.94881  4.03%   199  135s
  3914  3122 3808.92341   57  403 3876.00000 3725.37691  3.89%   198  140s
  3926  3130 3767.17405   24  440 3876.00000 3729.22127  3.79%   197  145s
  3935  3136 3831.55443   32  355 3876.00000 3731.27615  3.73%   197  150s
  3945  3143 3829.40264   72  394 3876.00000 3731.48137  3.73%   196  155s
  3954  3149 3731.90478    9  398 3876.00000 3731.90478  3.72%   196  160s
  3963  3155 3849.25151   86  421 3876.00000 3731.96122  3.72%   196  165s
  3978  3165 3734.01559   16  408 3876.00000 3734.01559  3.66%   195  170s
H 3982  3007                    3873.0000000 3734.46388  3.58%   195  173s
H 3983  2855                    3864.0000000 3734.50413  3.35%   195  173s
  3987  2858 3826.43624   97  368 3864.00000 3734.67795  3.35%   194  175s
  4000  2867 3781.57610   48  410 3864.00000 3734.85184  3.34%   194  180s
H 4003  2724                    3862.0000000 3735.54323  3.27%   194  185s
  4004  2724 3859.09541   67  381 3862.00000 3735.54757  3.27%   194  191s
  4007  2731 3736.82514   13  419 3862.00000 3736.61030  3.25%   200  195s
  4019  2751 3744.79954   15  332 3862.00000 3741.24158  3.13%   202  202s
  4035  2768 3748.81506   16  349 3862.00000 3744.01747  3.05%   203  205s
  4057  2804 3749.98820   17  383 3862.00000 3745.08778  3.03%   206  211s
  4100  2829 3752.27602   18  371 3862.00000 3745.08778  3.03%   207  216s
  4140  2851 3775.88493   18  390 3862.00000 3745.08778  3.03%   208  221s
  4175  2877 3753.76620   19  345 3862.00000 3745.08778  3.03%   211  226s
  4213  2903 3754.73789   20  337 3862.00000 3745.08778  3.03%   214  232s
  4257  2926 3782.70227   21  288 3862.00000 3745.08778  3.03%   216  236s
  4297  2953 3757.26469   22  269 3862.00000 3745.08778  3.03%   216  241s
  4337  2983 3757.82570   23  295 3862.00000 3745.08778  3.03%   218  246s
  4382  3024 3761.15062   24  253 3862.00000 3745.08778  3.03%   219  250s
  4491  3084 3778.98109   26  298 3862.00000 3745.08778  3.03%   220  257s
  4538  3107 3764.70769   27  343 3862.00000 3745.08778  3.03%   221  261s
  4587  3138 3765.00495   28  348 3862.00000 3745.08778  3.03%   221  265s
  4678  3193 3770.13879   30  361 3862.00000 3745.08778  3.03%   222  273s
  4724  3225 3777.42794   30  320 3862.00000 3745.08778  3.03%   223  277s
  4778  3250 3771.83641   31  348 3862.00000 3745.08778  3.03%   223  282s
  4827  3284 3775.75750   31  313 3862.00000 3745.08778  3.03%   223  287s
  4889  3286 3778.60031   32  338 3862.00000 3746.09414  3.00%   223  292s
  4912  3300 3777.16015   32  310 3862.00000 3746.09414  3.00%   223  296s
  4942  3319 3780.66398   33  298 3862.00000 3746.09414  3.00%   223  301s
  4971  3347 3800.64169   33  276 3862.00000 3746.09414  3.00%   223  305s
  5011  3382 3784.00684   34  277 3862.00000 3746.09414  3.00%   223  310s
  5066  3426 3788.94469   34  261 3862.00000 3746.09414  3.00%   223  315s
  5150  3488 3787.44155   35  280 3862.00000 3746.84505  2.98%   222  320s
  5262  3513 3831.36306   35  260 3862.00000 3746.84505  2.98%   222  326s
H 5275  3370                    3861.0000000 3746.84505  2.96%   222  326s
H 5346  3336                    3847.0000000 3747.12366  2.60%   222  332s
  5507  3364 3797.72898   37  268 3847.00000 3747.12366  2.60%   221  337s
H 5591  3207                    3845.0000000 3747.35619  2.54%   221  337s
  5687  3255 3804.18282   39  275 3845.00000 3747.35619  2.54%   220  343s
  5850  3235 3807.94403   41  221 3845.00000 3747.54726  2.53%   220  348s
  5921  3320 3809.20516   43  196 3845.00000 3748.01134  2.52%   220  354s
  6093  3371 3831.21711   48  163 3845.00000 3748.01134  2.52%   220  361s
  6287  3405 3762.30055   18  270 3845.00000 3748.01134  2.52%   219  368s
  6443  3409 3793.31166   23  197 3845.00000 3748.22607  2.52%   220  376s
  6563  3525 3809.78424   33  223 3845.00000 3748.22607  2.52%   221  382s
  6766  3640 3829.71505   47  169 3845.00000 3748.22607  2.52%   222  390s
  7007  3721 3757.19823   17  278 3845.00000 3748.22607  2.52%   221  398s
  7255  3806 3758.28365   18  243 3845.00000 3748.22607  2.52%   219  406s
  7528  3773 3775.47493   23  247 3845.00000 3748.22607  2.52%   218  413s
  7653  3867 3786.08267   27  219 3845.00000 3748.22607  2.52%   218  423s
  7864  3949 3803.71694   38  292 3845.00000 3751.47717  2.43%   218  430s
  8088  3983 3835.26451   48  208 3845.00000 3751.47717  2.43%   218  438s
H 8178  3773                    3839.0000000 3751.47717  2.28%   218  438s
  8214  3896 3837.41316   49  234 3839.00000 3751.47717  2.28%   218  448s
  8467  4036 3766.91102   28  246 3839.00000 3752.10738  2.26%   217  458s
H 8504  3853                    3836.0000000 3752.10738  2.19%   217  458s
  8797  4022 3770.24105   30  294 3836.00000 3752.10738  2.19%   215  467s
  9172  4160 3792.42155   45  232 3836.00000 3752.10738  2.19%   214  476s
  9505  4342 infeasible   62      3836.00000 3752.10891  2.19%   213  487s
  9921  4408 3770.53113   24  322 3836.00000 3752.10891  2.19%   211  497s
 10284  4449     cutoff   32      3836.00000 3752.10891  2.19%   211  508s
 10586  4654 3769.03426   32  248 3836.00000 3754.01929  2.14%   213  519s
 10997  4909 3782.25474   43  201 3836.00000 3755.53625  2.10%   212  530s
 11366  5334 3829.63708   54  171 3836.00000 3756.48815  2.07%   212  542s
 11887  5726 3797.70045   35  293 3836.00000 3756.48815  2.07%   211  555s
 12434  6038 3803.53822   27  275 3836.00000 3756.48815  2.07%   209  568s
 12896  6423 3832.71201   50  265 3836.00000 3756.48815  2.07%   208  581s
 13442  6510 3808.70757   37  289 3836.00000 3757.91959  2.04%   208  593s
 13535  6909 3819.88513   46  275 3836.00000 3757.91959  2.04%   207  607s
 14091  7298 3789.50373   29  198 3836.00000 3758.29138  2.03%   206  621s
 14700  7701 3792.96147   34  187 3836.00000 3758.97269  2.01%   205  636s
 15331  7862 3796.40528   22  237 3836.00000 3759.59061  1.99%   204  651s
 15573  8407 3826.48678   36  184 3836.00000 3759.59061  1.99%   204  667s
 16346  8898 3796.36105   35  258 3836.00000 3760.44821  1.97%   203  683s
 17115  9264 3772.77398   34  291 3836.00000 3761.85684  1.93%   202  700s
 17777  9573 3770.32822   24  344 3836.00000 3761.94329  1.93%   202  717s
 18417 10094 3794.13847   28  224 3836.00000 3761.94329  1.93%   202  735s
 19151 10387     cutoff   33      3836.00000 3762.00489  1.93%   202  754s
 19696 10901 3797.38572   29  156 3836.00000 3762.49172  1.92%   203  773s
 20548 11455 3802.28209   42  192 3836.00000 3763.04709  1.90%   202  793s
 21380 11964 3803.86505   39  221 3836.00000 3763.71034  1.88%   201  814s
 22195 12447 3792.99127   35  280 3836.00000 3763.74165  1.88%   202  837s
 22875 12991 3808.52947   51  157 3836.00000 3763.74165  1.88%   203  860s
 23817 13674 3780.83968   26  342 3836.00000 3764.63513  1.86%   203  883s

Cutting planes:
  Gomory: 11
  Lift-and-project: 2
  Cover: 700
  Clique: 50
  MIR: 322
  Knapsack: 17
  StrongCG: 230
  Flow cover: 261
  GUB cover: 26
  Zero half: 78
  Mod-K: 1
  RLT: 382
  Relax-and-lift: 206
  BQP: 183

Explored 24862 nodes (5037208 simplex iterations) in 900.01 seconds (674.81 work units)
Thread count was 22 (of 22 available processors)

Solution count 10: 3836 3839 3845 ... 3911

Time limit reached
Best objective 3.836000000000e+03, best bound 3.765000000000e+03, gap 1.8509%

User-callback calls 152017, time in user-callback 0.93 sec
