
Gurobi 13.0.0 (linux64) logging started Thu Jan 15 07:38:30 2026

Set parameter LogFile to value "../experiments/network-n_50_s_1_rp_0-app_set-id_34_16_apps/submip_30_epr1_model_gurobi.log"
Set parameter TimeLimit to value 874.431338178998
Gurobi Optimizer version 13.0.0 build v13.0.0rc1 (linux64 - "Ubuntu 24.04.3 LTS")

CPU model: Intel(R) Core(TM) Ultra 7 165H, instruction set [SSE2|AVX|AVX2]
Thread count: 22 physical cores, 22 logical processors, using up to 22 threads

Non-default parameters:
TimeLimit  874.431338178998
LogToConsole  0

Academic license 2539022 - for non-commercial use only - registered to al___@studenti.unimi.it
Optimize a model with 28252 rows, 5200 columns and 63896 nonzeros (Min)
Model fingerprint: 0xd153a760
Model has 5200 linear objective coefficients
Model has 164 quadratic constraints
Variable types: 0 continuous, 5200 integer (5200 binary)
Coefficient statistics:
  Matrix range     [1e+00, 9e+02]
  QMatrix range    [5e+01, 2e+02]
  Objective range  [1e+01, 2e+02]
  Bounds range     [1e+00, 1e+00]
  RHS range        [1e+00, 1e+09]
  QRHS range       [1e+02, 6e+02]

MIP start from previous solve did not produce a new incumbent solution
MIP start from previous solve violates constraint fixed_app_10_microservice_2 by 1.000000000

Presolve removed 27674 rows and 3882 columns
Presolve time: 0.10s
Presolved: 10813 rows, 11389 columns, 67092 nonzeros
Variable types: 0 continuous, 11389 integer (11389 binary)

Root relaxation: objective 3.559592e+03, 848 iterations, 0.05 seconds (0.10 work units)

    Nodes    |    Current Node    |     Objective Bounds      |     Work
 Expl Unexpl |  Obj  Depth IntInf | Incumbent    BestBd   Gap | It/Node Time

     0     0 3559.59183    0  156          - 3559.59183      -     -    0s
     0     0 3598.71311    0  165          - 3598.71311      -     -    0s
     0     0 3598.71402    0  164          - 3598.71402      -     -    0s
     0     0 3652.58545    0  157          - 3652.58545      -     -    1s
     0     0 3654.95486    0  155          - 3654.95486      -     -    1s
     0     0 3655.08421    0  158          - 3655.08421      -     -    1s
     0     0 3703.33584    0  150          - 3703.33584      -     -    1s
H    0     0                    4267.0000000 3703.33584  13.2%     -    1s
H    0     0                    4235.0000000 3703.33584  12.6%     -    1s
     0     0 3718.12083    0  174 4235.00000 3718.12083  12.2%     -    1s
     0     0 3722.11809    0  162 4235.00000 3722.11809  12.1%     -    1s
     0     0 3722.36375    0  169 4235.00000 3722.36375  12.1%     -    1s
     0     0 3742.99756    0  171 4235.00000 3742.99756  11.6%     -    1s
     0     0 3742.99756    0  170 4235.00000 3742.99756  11.6%     -    1s
     0     0 3742.99756    0  165 4235.00000 3742.99756  11.6%     -    1s
     0     2 3743.00499    0  165 4235.00000 3743.00499  11.6%     -    2s
H   56    97                    4210.0000000 3769.06592  10.5%   278    3s
H  167   173                    4195.0000000 3769.07854  10.2%   179    3s
H  243   254                    4104.0000000 3769.07854  8.16%   162    4s
H  254   304                    4102.0000000 3769.07854  8.12%   159    4s
   568   579 3906.20645   19  111 4102.00000 3769.07854  8.12%   139    5s
H  936   857                    4055.0000000 3772.51098  6.97%   124    5s
H  942   882                    4052.0000000 3772.51098  6.90%   124    6s
H  944   882                    4038.0000000 3772.51098  6.57%   124    6s
H  953   882                    4009.0000000 3772.51098  5.90%   124    6s
H 1252  1112                    3996.0000000 3772.51098  5.59%   112    7s
H 1282  1177                    3977.0000000 3772.51098  5.14%   112    7s
H 1857  1613                    3960.0000000 3776.11390  4.64%   100    8s
  2487  2062 3797.24710   10  143 3960.00000 3779.74938  4.55%  94.2   10s
H 2634  2055                    3944.0000000 3779.74938  4.16%  93.3   10s
H 2636  2046                    3942.0000000 3779.74938  4.12%  93.3   10s
H 2739  2018                    3927.0000000 3779.74938  3.75%  92.4   10s
H 3316  1872                    3891.0000000 3781.92931  2.80%  89.7   11s
  3383  1831 3815.96364   12  221 3891.00000 3781.92931  2.80%  88.8   15s
  3426  1862 3781.94705   15  185 3891.00000 3781.94705  2.80%  89.8   20s
  3705  2021 3855.33938   23  191 3891.00000 3786.51601  2.69%  98.7   25s
H 4003  2040                    3882.0000000 3794.64740  2.25%   103   29s
  4109  2061 3811.82016   29  125 3882.00000 3794.64740  2.25%   103   30s
  5040  2237 3842.43307   24  165 3882.00000 3803.45405  2.02%   105   35s
  5996  2452 3853.08580   32   85 3882.00000 3811.47769  1.82%   107   40s
H 6625  2279                    3876.0000000 3812.61496  1.64%   105   42s
  7011  2367 3831.85908   26  189 3876.00000 3812.67078  1.63%   106   45s
H 7110  2226                    3874.0000000 3812.67078  1.58%   106   45s
  8275  2346 infeasible   27      3874.00000 3818.51476  1.43%   105   50s
  9318  2662 3841.42347   28  150 3874.00000 3823.27886  1.31%   105   55s
 10764  3259 3855.22899   28   76 3874.00000 3827.66114  1.20%   103   61s
 12211  3717 3860.18556   38   99 3874.00000 3831.18390  1.11%   102   65s
 13478  4041 3854.31422   30  152 3874.00000 3833.48046  1.05%   101   70s
 15814  4490     cutoff   32      3874.00000 3835.88977  0.98%  98.1   76s
 17161  4814     cutoff   33      3874.00000 3838.25047  0.92%  97.1   80s
 19952  5169 3860.85107   42  127 3874.00000 3840.67341  0.86%  95.1   87s
 21649  5388 3868.17517   34  120 3874.00000 3843.12649  0.80%  94.2   92s
 24028  5425     cutoff   34      3874.00000 3845.85176  0.73%  92.4   98s
 25134  5517 3869.51158   35  110 3874.00000 3846.95503  0.70%  91.8  101s
 27555  5462 3864.32314   40  106 3874.00000 3849.17172  0.64%  90.5  106s
*28881  5326              47    3873.0000000 3850.18268  0.59%  90.0  108s
 29904  5165     cutoff   34      3873.00000 3851.33762  0.56%  89.4  110s
 32095  4748 3866.93916   51   46 3873.00000 3853.05645  0.51%  88.4  115s
 34827  3872     cutoff   47      3873.00000 3856.05385  0.44%  87.1  121s
H37451  2645                    3869.0000000 3858.03970  0.28%  85.8  124s
 38390  1391     cutoff   37      3869.00000 3859.69906  0.24%  85.3  125s

Cutting planes:
  Gomory: 7
  Lift-and-project: 3
  Cover: 343
  Clique: 38
  MIR: 125
  Knapsack: 9
  StrongCG: 107
  Flow cover: 71
  GUB cover: 15
  Zero half: 65
  RLT: 94
  Relax-and-lift: 84
  BQP: 16

Explored 41320 nodes (3365666 simplex iterations) in 126.95 seconds (99.93 work units)
Thread count was 22 (of 22 available processors)

Solution count 10: 3869 3873 3874 ... 3960

Optimal solution found (tolerance 1.00e-04)
Best objective 3.869000000000e+03, best bound 3.869000000000e+03, gap 0.0000%

User-callback calls 97132, time in user-callback 0.17 sec
Set parameter LogToConsole to value 0
