
Gurobi 13.0.0 (linux64) logging started Sat Jan  3 22:40:12 2026

Set parameter LogFile to value "../experiments/network-n_60_s_1_rp_0-app_set-id_58_24_apps/compact_model_gurobi.log"
Set parameter TimeLimit to value 900
Gurobi Optimizer version 13.0.0 build v13.0.0rc1 (linux64 - "Ubuntu 24.04.3 LTS")

CPU model: Intel(R) Core(TM) Ultra 7 165H, instruction set [SSE2|AVX|AVX2]
Thread count: 22 physical cores, 22 logical processors, using up to 22 threads

Non-default parameters:
TimeLimit  900
LogToConsole  0

Academic license 2539022 - for non-commercial use only - registered to al___@studenti.unimi.it
Optimize a model with 65479 rows, 9360 columns and 144132 nonzeros (Min)
Model fingerprint: 0x0d80f450
Model has 9360 linear objective coefficients
Model has 206 quadratic constraints
Variable types: 0 continuous, 9360 integer (9360 binary)
Coefficient statistics:
  Matrix range     [1e+00, 9e+02]
  QMatrix range    [5e+01, 2e+02]
  Objective range  [1e+01, 2e+02]
  Bounds range     [1e+00, 1e+00]
  RHS range        [1e+00, 1e+09]
  QRHS range       [1e+02, 6e+02]
Presolve removed 63221 rows and 5712 columns
Presolve time: 0.16s
Presolved: 38287 rows, 39472 columns, 251772 nonzeros
Variable types: 0 continuous, 39472 integer (39472 binary)
Performing another presolve...
Presolve removed 766 rows and 952 columns
Presolve time: 0.66s
Deterministic concurrent LP optimizer: primal and dual simplex
Showing primal log only...

Concurrent spin time: 0.00s

Solved with dual simplex

Root relaxation: objective 6.176250e+03, 4642 iterations, 1.66 seconds (1.35 work units)

    Nodes    |    Current Node    |     Objective Bounds      |     Work
 Expl Unexpl |  Obj  Depth IntInf | Incumbent    BestBd   Gap | It/Node Time

     0     0 6176.25032    0  430          - 6176.25032      -     -    2s
     0     0 6177.60468    0  440          - 6177.60468      -     -    2s
     0     0 6239.12488    0  464          - 6239.12488      -     -    5s
     0     0 6430.49355    0  560          - 6430.49355      -     -    6s
     0     0 6526.30128    0  590          - 6526.30128      -     -    7s
     0     0 6526.36291    0  582          - 6526.36291      -     -    7s
     0     0 6537.32199    0  578          - 6537.32199      -     -    8s
     0     0 6537.35336    0  564          - 6537.35336      -     -    8s
     0     0 6538.43597    0  574          - 6538.43597      -     -    8s
     0     0 6538.44781    0  572          - 6538.44781      -     -    8s
     0     0 6705.45204    0  564          - 6705.45204      -     -   11s
     0     0 6781.26650    0  556          - 6781.26650      -     -   12s
     0     0 6844.81750    0  565          - 6844.81750      -     -   14s
     0     0 6861.97756    0  609          - 6861.97756      -     -   15s
     0     0 6881.42555    0  630          - 6881.42555      -     -   15s
     0     0 6887.03597    0  631          - 6887.03597      -     -   16s
     0     0 6984.69405    0  686          - 6984.69405      -     -   19s
     0     0 7093.68190    0  697          - 7093.68190      -     -   21s
     0     0 7124.14385    0  760          - 7124.14385      -     -   22s
     0     0 7138.74082    0  740          - 7138.74082      -     -   23s
     0     0 7157.77433    0  741          - 7157.77433      -     -   26s
     0     0 7201.79878    0  727          - 7201.79878      -     -   28s
     0     0 7218.97379    0  725          - 7218.97379      -     -   29s
     0     0 7231.24118    0  688          - 7231.24118      -     -   31s
     0     0 7231.25436    0  669          - 7231.25436      -     -   32s
     0     0 7231.25436    0  654          - 7231.25436      -     -   32s
     0     2 7231.26667    0  643          - 7231.26667      -     -   38s
     3     8 7250.19754    2  641          - 7243.92801      -   602   40s
    31    54 7259.47683    5  637          - 7253.96114      -   738   46s
   117   154 7334.48517    7  599          - 7259.49122      -   480   52s
   153   202 7345.77376    9  581          - 7259.49122      -   576   55s
   240   284 7353.55185   12  585          - 7259.49122      -   566   61s
   309   334 7391.28307   16  579          - 7259.49122      -   541   66s
   383   408 7382.48709   18  558          - 7259.49122      -   519   71s
   449   458 7386.36477   21  569          - 7259.49122      -   521   79s
   479   491 7466.89460   21  547          - 7259.49122      -   518   82s
   512   514 7389.93874   22  595          - 7259.49122      -   507   88s
   535   546 7390.56492   23  605          - 7259.49122      -   507   93s
   567   568 7390.70263   24  593          - 7259.49122      -   498   99s
   589   596 7391.81603   25  593          - 7259.49122      -   496  108s
   617   628 7395.30442   26  572          - 7259.49122      -   493  116s
   649   651 7406.50123   26  575          - 7259.49122      -   484  123s
   674   675 7401.21864   27  561          - 7259.49122      -   478  132s
   698   711 7407.16119   27  588          - 7259.49122      -   476  137s
   734   736 7402.46870   28  545          - 7259.49122      -   471  141s
   789   796 7446.71356   29  550          - 7259.49122      -   475  148s
   819   832 7434.89748   30  509          - 7259.49122      -   471  153s
   855   869 7439.62661   30  529          - 7259.49122      -   473  160s
   892   903 7439.92443   31  509          - 7259.49122      -   466  166s
   926   943 7440.28496   32  510          - 7259.49122      -   470  172s
   968   993 7441.56307   33  490          - 7259.49122      -   470  176s
  1020  1036 7444.13817   34  507          - 7259.49122      -   471  180s
  1125  1173 7455.12204   36  516          - 7259.49122      -   472  187s
  1204  1247 7460.00887   37  515          - 7259.49122      -   463  191s
  1278  1305 7465.17840   38  502          - 7259.49122      -   461  195s
  1340  1397 7472.12871   39  473          - 7259.49122      -   462  200s
  1436  1454 7490.46889   40  481          - 7259.49122      -   450  205s
  1493  1515 7659.74191   40  489          - 7259.49122      -   457  210s
  1554  1587 7493.63666   41  482          - 7259.49122      -   461  216s
  1626  1646 7518.31242   42  478          - 7259.49122      -   461  224s
  1689  1673 7877.89716   42  502          - 7259.49122      -   473  233s
  1716  1693 7550.43865   43  454          - 7259.49122      -   479  244s
  1740  1723 infeasible   43               - 7259.49122      -   483  260s
  1772  1770 7582.51360   45  500          - 7259.49122      -   487  278s
  1821  1832 7605.95821   47  507          - 7259.49122      -   488  296s
  1887  1932 8160.82231   51  463          - 7259.49122      -   492  314s
  2003  2044 7999.82928   53  497          - 7259.49122      -   488  345s
  2133  2217 8074.18938   61  477          - 7259.49122      -   485  360s
  2325  2377 8156.25629   71  468          - 7259.49122      -   478  377s
  2517  2552 8199.59549   77  449          - 7259.49122      -   479  389s
  2729  2796 8324.65154   88  463          - 7259.49122      -   484  402s
  3014  3016 8477.93178  103  427          - 7260.11366      -   478  410s
  3290  3245 8705.20441  126  417          - 7261.42533      -   476  418s
  3558  3484 7540.74141   13  484          - 7261.42533      -   478  426s
  3861  3720 7617.84421   21  488          - 7261.42533      -   476  435s
  4131  3824 7730.04759   29  466          - 7261.42533      -   478  445s
  4355  4043 7695.70893   32  496          - 7261.42533      -   490  455s
  4634  4301 7857.39560   42  414          - 7261.42533      -   492  464s
  4975  4302 7373.63994    6 18428          - 7261.42533      -   490  481s
  4977  4303 8125.99536   92  573          - 7261.42533      -   489  494s
  4978  4304 7307.58034   15  667          - 7261.42533      -   489  498s
  4979  4305 8041.76319  155  696          - 7261.42533      -   489  505s
  4980  4305 7928.63226   99  735          - 7261.42533      -   489  513s
  4981  4306 7659.32273   73  791          - 7261.42533      -   489  520s
  4986  4309 7365.00465   15  825          - 7279.50300      -   489  525s
  4991  4313 7844.00906   84  799          - 7313.26269      -   488  531s
  4993  4314 7466.70773   51  812          - 7366.39368      -   488  537s
  4995  4315 8079.04133   24  892          - 7392.98667      -   488  541s
  4998  4317 7455.59225   40  896          - 7406.10152      -   487  545s
  5004  4321 7565.94576   43  889          - 7431.14466      -   487  552s
  5005  4322 7450.93671   41  924          - 7450.93671      -   487  555s
  5008  4324 7773.21413   72  995          - 7471.93331      -   486  560s
  5014  4328 7475.68565   33 1038          - 7475.68565      -   486  565s
  5016  4329 7609.80181   26  993          - 7498.99147      -   486  570s
  5019  4331 7518.96769   24 1006          - 7518.96769      -   485  575s
  5024  4335 8723.88105  124 1087          - 7533.78562      -   485  580s
  5034  4341 7878.88140  142 1074          - 7535.60866      -   484  585s
  5037  4343 8315.68305   71 1044          - 7552.81066      -   484  590s
  5041  4346 7563.93573    5 1051          - 7563.93573      -   483  595s
  5053  4354 8759.38608   60 1121          - 7564.82571      -   482  601s
  5056  4356 8549.18513   96 1131          - 7577.44038      -   482  605s
  5066  4363 8501.10092  105 1096          - 7580.62491      -   481  612s
  5068  4364 7661.04979   12 1075          - 7586.57762      -   481  615s
  5078  4371 7591.43333   15 1113          - 7591.43333      -   480  620s
  5082  4373 7894.04602   44 1102          - 7594.93447      -   479  625s
  5095  4382 8079.04133   24 1160          - 7600.00558      -   478  630s
  5099  4385 7776.89071   38 1069          - 7608.40399      -   478  635s
  5108  4391 7773.21413   72 1206          - 7613.27221      -   477  642s
  5110  4392 7779.26293   66 1133          - 7621.22818      -   477  645s
  5117  4397 7625.66226   12 1226          - 7625.66226      -   476  650s
  5124  4401 8723.88105  124 1206          - 7629.83805      -   475  655s
  5135  4409 7809.17091   73 1234          - 7632.53936      -   474  662s
  5139  4411 7635.54669   10 1198          - 7635.54669      -   474  665s
  5146  4416 7993.48295   54 1186          - 7638.13514      -   473  671s
  5155  4422 7984.73994   55 1245          - 7639.27584      -   473  676s
  5159  4425 7772.25848   19 1228          - 7644.68291      -   472  680s
  5168  4431 7661.04979   12 1202          - 7645.32573      -   471  686s
  5176  4436 7649.30656   37 1176          - 7649.30656      -   471  690s
  5183  4441 8803.89789   62 1159          - 7672.86369      -   470  699s
  5184  4441 7675.23932   20 1126          - 7675.23932      -   470  700s
  5192  4447 7932.21382   78 1239          - 7682.45355      -   469  705s
  5200  4452 7682.87270   50 1292          - 7682.87270      -   468  710s
  5202  4453 8082.88780   65 1115          - 7690.19949      -   468  715s
  5208  4457 7773.21413   72 1183          - 7697.44221      -   468  720s
  5215  4462 8393.86244  110 1276          - 7698.19332      -   467  725s
  5221  4466 7939.40436   52 1235          - 7700.45020      -   467  730s
  5230  4472 8532.53623  106 1227          - 7702.71763      -   466  736s
  5238  4477 8272.49380   60 1252          - 7704.70081      -   465  740s
  5245  4482 7712.08659   74 1249          - 7706.83840      -   464  745s
  5250  4485 7707.25333   41 1246          - 7707.25333      -   464  751s
  5252  4487 7709.93326   33 1255          - 7709.93326      -   464  755s
  5258  4491 7712.28848   26 1275          - 7712.28848      -   463  760s
  5265  4495 8010.57813   27 1362          - 7712.76090      -   463  765s
  5272  4500 7718.85398    8 1276          - 7718.85398      -   462  770s
  5277  4503 8125.99536   92 1276          - 7720.09193      -   462  775s
  5291  4513 7844.00906   84 1349          - 7721.03765      -   460  781s
  5298  4517 7722.43425   40 1226          - 7722.43425      -   460  785s
  5303  4521 7722.79398   27 1175          - 7722.79398      -   459  791s
  5312  4527 8227.33723   76 1254          - 7723.49063      -   459  795s
  5314  4528 7723.64949   33 1257          - 7723.64949      -   458  809s
  5316  4529 7723.76856   26 1267          - 7723.76856      -   458  810s
  5322  4533 7825.87333   61 1209          - 7725.70069      -   458  816s
  5327  4537 7871.42326   47 1244          - 7730.11811      -   457  820s
  5333  4541 7731.13470    7 1281          - 7731.13470      -   457  825s
  5337  4543 8315.68305   71 1224          - 7731.55704      -   456  830s
  5341  4546 7733.00172    5 1207          - 7733.00172      -   456  853s
  5346  4549 7993.48295   54 1210          - 7733.11077      -   456  857s
  5350  4552 7733.47587   41 1233          - 7733.47587      -   455  861s
  5355  4555 7984.73994   55 1204          - 7736.34338      -   455  866s
  5364  4561 7738.21104   22 1255          - 7738.21104      -   454  870s
  5370  4565 7739.78857   37 1269          - 7739.78857      -   454  875s
  5378  4571 7740.60901   15 1249          - 7740.60901      -   453  880s
  5387  4577 7743.40863   17 1156          - 7743.40863      -   452  885s
  5394  4581 7743.94224   13 1216          - 7743.94224      -   452  890s
  5398  4584 7744.29499   40 1244          - 7744.29499      -   451  895s

Cutting planes:
  Gomory: 10
  Lift-and-project: 1
  Cover: 208
  Implied bound: 3
  Clique: 108
  MIR: 271
  Knapsack: 18
  StrongCG: 139
  Flow cover: 675
  GUB cover: 30
  Zero half: 113
  Mod-K: 4
  RLT: 142
  Relax-and-lift: 274
  BQP: 29

Explored 5411 nodes (2679998 simplex iterations) in 900.03 seconds (1103.31 work units)
Thread count was 22 (of 22 available processors)

Solution count 0

Time limit reached
Best objective -, best bound 7.745000000000e+03, gap -

User-callback calls 191170, time in user-callback 0.77 sec
