FIXINGS_START
(0, 0, 0)
(0, 4, 0)
(1, 0, 0)
(1, 6, 0)
(2, 0, 0)
(3, 5, 0)
(3, 6, 0)
(4, 0, 0)
(4, 1, 0)
(5, 0, 0)
(5, 6, 0)
(6, 0, 0)
(6, 6, 0)
(7, 0, 0)
(7, 6, 0)
(8, 0, 0)
(9, 0, 0)
(9, 6, 0)
(10, 0, 0)
(11, 5, 0)
(12, 6, 0)
(13, 0, 0)
(13, 6, 0)
(14, 6, 0)
(14, 7, 0)
(15, 0, 0)
(17, 0, 0)
(18, 0, 0)
(18, 4, 0)
(19, 0, 0)
(19, 9, 0)
(20, 0, 0)
(21, 0, 0)
(22, 2, 0)
(18, 3, 0)
(18, 5, 0)
(18, 7, 0)
(6, 1, 9)
(7, 4, 0)
(7, 5, 0)
(3, 2, 0)
(5, 8, 0)
(6, 2, 39)
(12, 0, 0)
(20, 2, 0)
(23, 0, 0)
(6, 3, 0)
(22, 0, 28)
(1, 5, 0)
(21, 2, 0)
(16, 0, 0)
(23, 1, 32)
(2, 1, 0)
(13, 1, 0)
(12, 1, 0)
(4, 3, 0)
(12, 2, 0)
(19, 4, 0)
(23, 3, 0)
(22, 1, 15)
(2, 2, 32)
(6, 7, 40)
(2, 3, 0)
(8, 1, 0)
(12, 5, 0)
(23, 4, 29)
(6, 8, 0)
(8, 5, 0)
(21, 4, 19)
(9, 2, 0)
(9, 7, 0)
FIXINGS_END
time 14.517
GUROBI
Status INFEASIBLE
Runtime 14.51722002029419
NodeCount 1.0
IterCount 32086.0
NumVars 9360
NumConstrs 65550
ObjBound inf
ObjBoundC inf
ObjVal None
MIPGap inf
