
Gurobi 13.0.0 (linux64) logging started Fri Jan  2 04:11:14 2026

Set parameter LogFile to value "../experiments/network-n_50_s_0_rp_0-app_set-id_39_18_apps/compact_model_gurobi.log"
Set parameter TimeLimit to value 900
Gurobi Optimizer version 13.0.0 build v13.0.0rc1 (linux64 - "Ubuntu 24.04.3 LTS")

CPU model: Intel(R) Core(TM) Ultra 7 165H, instruction set [SSE2|AVX|AVX2]
Thread count: 22 physical cores, 22 logical processors, using up to 22 threads

Non-default parameters:
TimeLimit  900
LogToConsole  0

Academic license 2539022 - for non-commercial use only - registered to al___@studenti.unimi.it
Optimize a model with 25035 rows, 5850 columns and 57946 nonzeros (Min)
Model fingerprint: 0x9b477b99
Model has 5850 linear objective coefficients
Model has 166 quadratic constraints
Variable types: 0 continuous, 5850 integer (5850 binary)
Coefficient statistics:
  Matrix range     [1e+00, 9e+02]
  QMatrix range    [6e+01, 2e+02]
  Objective range  [1e+01, 2e+02]
  Bounds range     [1e+00, 1e+00]
  RHS range        [1e+00, 1e+09]
  QRHS range       [1e+02, 6e+02]
Presolve removed 23714 rows and 3688 columns
Presolve time: 0.28s
Presolved: 23630 rows, 24312 columns, 147768 nonzeros
Variable types: 0 continuous, 24312 integer (24312 binary)
Deterministic concurrent LP optimizer: primal and dual simplex
Showing primal log only...

Concurrent spin time: 0.00s

Solved with dual simplex

Root relaxation: objective 4.337483e+03, 2539 iterations, 0.55 seconds (0.45 work units)

    Nodes    |    Current Node    |     Objective Bounds      |     Work
 Expl Unexpl |  Obj  Depth IntInf | Incumbent    BestBd   Gap | It/Node Time

     0     0 4337.48327    0  210          - 4337.48327      -     -    1s
     0     0 4339.46435    0  229          - 4339.46435      -     -    1s
     0     0 4376.15854    0  237          - 4376.15854      -     -    2s
H    0     0                    5580.0000000 4396.81538  21.2%     -    2s
     0     0 4396.81538    0  265 5580.00000 4396.81538  21.2%     -    2s
     0     0 4398.63218    0  258 5580.00000 4398.63218  21.2%     -    3s
     0     0 4398.81429    0  275 5580.00000 4398.81429  21.2%     -    3s
     0     0 4422.14083    0  267 5580.00000 4422.14083  20.8%     -    4s
     0     0 4434.38434    0  292 5580.00000 4434.38434  20.5%     -    4s
     0     0 4436.39757    0  280 5580.00000 4436.39757  20.5%     -    4s
     0     0 4436.39872    0  283 5580.00000 4436.39872  20.5%     -    4s
     0     0 4448.33239    0  290 5580.00000 4448.33239  20.3%     -    5s
     0     0 4453.75871    0  289 5580.00000 4453.75871  20.2%     -    5s
     0     0 4454.76319    0  301 5580.00000 4454.76319  20.2%     -    5s
     0     0 4458.29431    0  315 5580.00000 4458.29431  20.1%     -    6s
     0     0 4460.04247    0  318 5580.00000 4460.04247  20.1%     -    6s
     0     0 4462.63329    0  356 5580.00000 4462.63329  20.0%     -    7s
     0     0 4462.64943    0  355 5580.00000 4462.64943  20.0%     -    7s
     0     0 4462.64943    0  355 5580.00000 4462.64943  20.0%     -    7s
     0     2 4462.65122    0  355 5580.00000 4462.65122  20.0%     -    8s
    15    32 4466.32153    4  358 5580.00000 4464.89586  20.0%   419   10s
   134   178 4471.80980    8  387 5580.00000 4466.67644  20.0%   353   16s
H  177   221                    5540.0000000 4466.67644  19.4%   340   18s
   258   300 4475.64463   10  336 5540.00000 4466.67644  19.4%   330   20s
H  301   335                    5168.0000000 4466.67644  13.6%   322   22s
H  341   361                    5160.0000000 4466.67644  13.4%   324   23s
H  352   361                    5134.0000000 4466.67644  13.0%   322   23s
   402   443 4482.79585   12  360 5134.00000 4466.67644  13.0%   322   25s
H  411   443                    5041.0000000 4466.67644  11.4%   322   25s
H  444   475                    4933.0000000 4466.67644  9.45%   320   27s
H  467   475                    4920.0000000 4466.67644  9.21%   319   27s
H  469   475                    4861.0000000 4466.67644  8.11%   319   27s
   515   563 4482.10833   13  334 4861.00000 4466.67644  8.11%   313   30s
H  521   563                    4858.0000000 4466.67644  8.06%   312   30s
H  570   601                    4850.0000000 4466.67644  7.90%   304   31s
   704   763 4488.93968   17  310 4850.00000 4466.67644  7.90%   283   35s
H  829   851                    4804.0000000 4466.67644  7.02%   270   38s
   852   870 4493.45496   20  234 4804.00000 4466.67644  7.02%   265   40s
H  858   870                    4793.0000000 4466.67644  6.81%   265   40s
H  969   995                    4782.0000000 4466.93155  6.59%   255   43s
H  975   995                    4748.0000000 4466.93155  5.92%   254   43s
  1002  1071 4498.44863   24  189 4748.00000 4466.93155  5.92%   251   45s
H 1098  1160                    4737.0000000 4466.93155  5.70%   243   47s
H 1158  1160                    4736.0000000 4466.93155  5.68%   239   47s
  1272  1333 4534.20116   37  203 4736.00000 4466.93155  5.68%   231   50s
H 1278  1333                    4725.0000000 4466.93155  5.46%   231   50s
  1467  1504 4510.49506   40  229 4725.00000 4466.93155  5.46%   221   55s
H 1487  1386                    4600.0000000 4466.93155  2.89%   220   55s
H 1553  1471                    4590.0000000 4466.93155  2.68%   216   57s
H 1628  1444                    4575.0000000 4466.93155  2.36%   212   57s
  1778  1557 4524.15041   52  132 4575.00000 4466.93155  2.36%   206   61s
H 1782  1539                    4568.0000000 4466.93155  2.21%   206   61s
  1966  1743 4533.34584   60  123 4568.00000 4467.06671  2.21%   201   65s
  2224  1902 4540.60761   71  158 4568.00000 4467.06671  2.21%   194   72s
  2479  2135 4545.60883   77  135 4568.00000 4468.72350  2.17%   191   76s
  2802  2385 4487.21871   14  276 4568.00000 4468.72350  2.17%   187   81s
  2967  2386 4481.52749   10 9573 4568.00000 4468.72350  2.17%   185   87s
  2970  2388 4537.99472   68  281 4568.00000 4468.72350  2.17%   185   90s
  2990  2401 4529.73930   50  387 4568.00000 4468.72350  2.17%   184   95s
  3012  2416 4518.92536    9  387 4568.00000 4470.68538  2.13%   182  100s
  3029  2427 4521.07593   40  361 4568.00000 4473.14261  2.08%   181  105s
  3044  2437 4509.31981   42  370 4568.00000 4473.32845  2.07%   181  110s
  3049  2441 4566.75269   79  355 4568.00000 4473.63794  2.07%   180  116s
  3056  2454 4476.63911   16  370 4568.00000 4474.68640  2.04%   186  121s
  3080  2484 4480.01999   18  414 4568.00000 4477.70004  1.98%   190  127s
  3102  2527 4480.75281   19  402 4568.00000 4479.07591  1.95%   194  131s
  3152  2546 4490.67621   20  289 4568.00000 4479.25927  1.94%   196  135s
  3229  2602 4484.67729   22  377 4568.00000 4479.25927  1.94%   200  142s
  3269  2627 4485.10222   22  381 4568.00000 4479.25927  1.94%   202  145s
  3345  2676 4485.85482   24  363 4568.00000 4479.25927  1.94%   205  152s
  3387  2698 4486.85265   25  369 4568.00000 4479.25927  1.94%   206  155s
  3472  2765 4487.36729   26  371 4568.00000 4479.25927  1.94%   209  161s
  3574  2813 4492.22080   27  294 4568.00000 4480.15262  1.92%   211  167s
  3664  2857 4495.82771   28  319 4568.00000 4481.41767  1.90%   212  172s
  3706  2868 4493.78999   29  293 4568.00000 4481.41767  1.90%   212  175s
  3777  2921 4493.92439   30  292 4568.00000 4481.41767  1.90%   213  182s
  3828  2943 4494.42470   31  302 4568.00000 4482.69230  1.87%   213  186s
  3937  3015 4506.16120   33  276 4568.00000 4482.69230  1.87%   214  192s
  4007  3038 4514.43204   33  275 4568.00000 4482.87748  1.86%   214  196s
  4152  3145 4523.17639   35  285 4568.00000 4482.87748  1.86%   214  203s
  4239  3198 4509.84363   36  298 4568.00000 4482.87748  1.86%   213  206s
  4348  3258 4510.90251   37  281 4568.00000 4482.87748  1.86%   212  210s
  4615  3354 4520.52871   42  211 4568.00000 4483.11014  1.86%   212  217s
  4770  3418 4521.94058   44  252 4568.00000 4483.11014  1.86%   212  221s
  4937  3422 4536.11623   46  166 4568.00000 4483.89016  1.84%   211  225s
  5194  3530 4532.04445   51  176 4568.00000 4485.10223  1.81%   210  233s
  5353  3618 4533.70283   53  202 4568.00000 4485.10223  1.81%   209  238s
  5571  3689 4540.74675   58  153 4568.00000 4485.10223  1.81%   208  243s
  5772  3746 4548.15000   65  123 4568.00000 4485.10223  1.81%   208  247s
  5936  3851 4490.02927   24  303 4568.00000 4485.10223  1.81%   208  252s
  6124  3846 4494.30998   30  320 4568.00000 4485.10223  1.81%   207  257s
H 6154  3708                    4567.0000000 4485.10223  1.79%   207  257s
  6209  3871 4494.73112   31  319 4567.00000 4485.10223  1.79%   206  262s
  6466  3928 4501.91027   41  281 4567.00000 4485.10777  1.79%   205  267s
  6679  4060 4502.68082   45  248 4567.00000 4486.23382  1.77%   204  273s
  6926  4247 4512.12270   51  243 4567.00000 4486.23382  1.77%   203  278s
  7307  4389 4527.14107   68  233 4567.00000 4486.23382  1.77%   200  283s
  7595  4589 4545.53450   87  171 4567.00000 4486.56880  1.76%   198  289s
  7988  4527     cutoff   20      4567.00000 4486.56880  1.76%   195  295s
  8103  4691 4544.85856   23  320 4567.00000 4488.47858  1.72%   195  302s
  8398  4873     cutoff   31      4567.00000 4488.85183  1.71%   195  308s
H 8544  4212                    4553.0000000 4489.16275  1.40%   195  308s
  8759  4341 4511.34657   30  302 4553.00000 4489.47129  1.40%   193  314s
  9071  4299 4525.43293   45  239 4553.00000 4489.47129  1.40%   192  321s
  9179  4338 4535.67906   50  221 4553.00000 4489.47129  1.40%   192  327s
H 9279  4023                    4550.0000000 4489.47129  1.33%   192  327s
  9295  4372 4497.37868   26  326 4550.00000 4489.47129  1.33%   192  334s
  9757  4657 4520.36116   46  220 4550.00000 4489.47129  1.33%   190  342s
 10182  4833 4510.43053   22  286 4550.00000 4489.47129  1.33%   189  349s
 10432  5070 4526.04181   30  306 4550.00000 4490.01915  1.32%   189  357s
 10819  5151 4512.99139   28  274 4550.00000 4490.01915  1.32%   190  364s
 10920  5188 4515.32222   32  293 4550.00000 4490.01915  1.32%   190  371s
 10965  5217 4517.80416   33  299 4550.00000 4490.01915  1.32%   190  377s
 11004  5311 4517.98293   34  332 4550.00000 4490.01915  1.32%   190  385s
 11142  5597 4525.09617   42  264 4550.00000 4491.16481  1.29%   190  394s
 11619  5881 4522.48414   28  257 4550.00000 4491.25158  1.29%   190  403s
 12083  6224 4502.98057   31  332 4550.00000 4492.25324  1.27%   190  412s
 12563  6539 4532.17997   53  224 4550.00000 4492.25324  1.27%   190  421s
 13130  6893 4520.81943   27  246 4550.00000 4492.25324  1.27%   190  431s
 13650  7291 4500.56221   29  335 4550.00000 4492.42585  1.27%   191  441s
 14268  7637 4531.05606   52  203 4550.00000 4492.42585  1.27%   191  452s
 14881  8004 4523.43762   43  157 4550.00000 4493.00065  1.25%   191  463s
 15524  8455 4514.31331   30  310 4550.00000 4493.00065  1.25%   190  474s
 16181  8587 4500.50695   29  263 4550.00000 4493.96812  1.23%   191  486s
 16394  8949 4506.42830   33  283 4550.00000 4493.96812  1.23%   192  498s
 16951  9323 4539.22998   43  137 4550.00000 4494.51918  1.22%   193  511s
 17789  9600 4524.45829   32  225 4550.00000 4494.51918  1.22%   193  525s
 18320 10045 4545.21331   46  174 4550.00000 4494.51918  1.22%   192  539s
 19016 10555 4502.50266   32  318 4550.00000 4494.91621  1.21%   192  552s
 19855 10958 4514.23642   27  306 4550.00000 4495.62057  1.20%   192  567s
 20610 11357 4525.72764   32  305 4550.00000 4496.50760  1.18%   192  581s
 21467 11886 4521.67537   44  165 4550.00000 4496.57008  1.17%   193  597s
 22341 12525 4548.69413   42  159 4550.00000 4497.00480  1.16%   193  613s
 23287 12873 4505.87772   28  258 4550.00000 4497.23135  1.16%   193  631s
 23890 13634 4539.72333   27  201 4550.00000 4497.23135  1.16%   193  648s
 25012 13635 4522.65082   22 7511 4550.00000 4498.00385  1.14%   192  666s
 25018 13639 4516.78965   34  294 4550.00000 4498.00385  1.14%   192  670s
 25040 13654 4525.42558   78  374 4550.00000 4498.00385  1.14%   192  675s
 25063 13669 4514.77537   44  375 4550.00000 4498.00385  1.14%   192  680s
 25076 13678 4518.02120   44  357 4550.00000 4498.00385  1.14%   192  686s
 25083 13691 4498.00385   28  322 4550.00000 4498.00385  1.14%   192  690s
 25107 13721 4498.00385   30  371 4550.00000 4498.00385  1.14%   193  695s
 25152 13772 4498.00385   32  389 4550.00000 4498.00385  1.14%   193  701s
 25196 13799 4498.00385   33  398 4550.00000 4498.00385  1.14%   193  705s
 25285 13848 4498.00385   35  366 4550.00000 4498.00385  1.14%   194  711s
 25366 13896 4498.00385   36  344 4550.00000 4498.00385  1.14%   195  717s
 25411 13916 4498.00385   37  356 4550.00000 4498.00385  1.14%   195  720s
 25501 13973 4498.00385   38  366 4550.00000 4498.00385  1.14%   195  725s
 25602 14020 4498.00385   40  316 4550.00000 4498.00385  1.14%   195  730s
 25678 14072 4498.00385   41  314 4550.00000 4498.00385  1.14%   195  735s
 25763 14102 4505.55451   42  308 4550.00000 4498.00385  1.14%   195  740s
 25850 14129 4499.86541   43  286 4550.00000 4498.00385  1.14%   196  746s
 25935 14188 4498.00385   45  321 4550.00000 4498.00385  1.14%   196  752s
 25994 14213 4498.00385   46  271 4550.00000 4498.00385  1.14%   196  755s
 26101 14254 4499.00565   47  282 4550.00000 4498.00385  1.14%   196  761s
 26169 14262 4503.29311   48  270 4550.00000 4498.00385  1.14%   196  765s
 26289 14314 4504.36570   50  279 4550.00000 4498.00385  1.14%   196  772s
 26369 14334 4504.66007   51  269 4550.00000 4498.00385  1.14%   196  776s
 26537 14367 4511.18310   54  304 4550.00000 4498.00385  1.14%   197  783s
 26626 14377     cutoff   56      4550.00000 4498.00385  1.14%   197  788s
 26711 14399 4545.85753   58  257 4550.00000 4498.00385  1.14%   197  792s
 26785 14446 4521.30047   60  269 4550.00000 4498.00385  1.14%   197  796s
 26877 14462     cutoff   62      4550.00000 4498.00385  1.14%   197  800s
 26942 14515 4528.68617   63  216 4550.00000 4498.00385  1.14%   197  805s
 27182 14574 4519.52368   67  277 4550.00000 4498.00385  1.14%   197  814s
 27298 14599 4527.56754   70  215 4550.00000 4498.00385  1.14%   197  819s
 27401 14653 4528.50845   73  208 4550.00000 4498.00385  1.14%   197  824s
 27537 14705     cutoff   75      4550.00000 4498.00385  1.14%   197  829s
 27727 14729 4535.34951   80  223 4550.00000 4498.00385  1.14%   197  835s
 27916 14714     cutoff   84      4550.00000 4498.00385  1.14%   197  841s
 28045 14787 infeasible   95      4550.00000 4498.00385  1.14%   197  846s
 28211 14903 4504.73917   35  227 4550.00000 4498.00385  1.14%   197  852s
 28451 15018 4504.94616   35  244 4550.00000 4498.00385  1.14%   198  858s
 28755 15108 4527.65124   37  270 4550.00000 4498.00385  1.14%   198  865s
 29069 15123 4534.33187   45  212 4550.00000 4498.00385  1.14%   198  872s
 29262 15237 4504.13243   44  326 4550.00000 4498.00385  1.14%   198  879s
 29508 15390 4513.21140   54  296 4550.00000 4498.00385  1.14%   198  886s
 29847 15463 4525.27880   68  203 4550.00000 4498.00385  1.14%   198  893s
 30180 15555 4510.37691   33  318 4550.00000 4498.00385  1.14%   199  900s

Cutting planes:
  Gomory: 3
  Lift-and-project: 3
  Cover: 253
  Clique: 32
  MIR: 282
  Knapsack: 7
  StrongCG: 226
  Flow cover: 216
  GUB cover: 28
  Inf proof: 1
  Zero half: 101
  Mod-K: 1
  RLT: 276
  Relax-and-lift: 144
  BQP: 233

Explored 30566 nodes (6085969 simplex iterations) in 900.03 seconds (636.47 work units)
Thread count was 22 (of 22 available processors)

Solution count 10: 4550 4553 4567 ... 4737

Time limit reached
Best objective 4.550000000000e+03, best bound 4.498003854118e+03, gap 1.1428%

User-callback calls 153733, time in user-callback 0.78 sec
