FIXINGS_START
(1, 0, 0)
(2, 7, 0)
(2, 8, 0)
(3, 0, 0)
(3, 9, 0)
(4, 5, 0)
(5, 0, 0)
(5, 6, 0)
(6, 0, 0)
(6, 7, 0)
(7, 3, 0)
(8, 0, 0)
(8, 6, 0)
(9, 0, 0)
(9, 4, 0)
(10, 0, 0)
(11, 6, 0)
(11, 7, 0)
(12, 0, 0)
(12, 4, 0)
(13, 0, 0)
(14, 0, 0)
(14, 6, 0)
(15, 4, 0)
(17, 0, 0)
(17, 6, 0)
(16, 0, 0)
(6, 2, 0)
(11, 0, 0)
(11, 1, 1)
(11, 4, 29)
(15, 2, 0)
(7, 0, 26)
(16, 1, 0)
(2, 0, 26)
(16, 3, 0)
(0, 0, 0)
(4, 0, 30)
(7, 2, 0)
(2, 2, 0)
(6, 4, 3)
(6, 5, 0)
(13, 2, 0)
(0, 1, 0)
(17, 3, 0)
(3, 1, 0)
(13, 4, 0)
(12, 5, 0)
(3, 4, 0)
(0, 2, 0)
(5, 1, 0)
(5, 2, 22)
(4, 1, 0)
(2, 5, 0)
FIXINGS_END
found_sol 4608.0 time 12.285
found_sol 4608.0 time 21.308
time 118.960
GUROBI
Status OPTIMAL
Runtime 118.96000790596008
NodeCount 28016.0
IterCount 2836807.0
NumVars 5850
NumConstrs 25089
ObjBound 4608.0
ObjBoundC 4608.0
ObjVal 4608.0
MIPGap 0.0
