
Gurobi 13.0.0 (linux64) logging started Thu Jan 15 03:36:00 2026

Set parameter LogFile to value "../experiments/network-n_50_s_0_rp_0-app_set-id_39_18_apps/submip_30_epr1_model_gurobi.log"
Set parameter TimeLimit to value 8.6490691929399327e+02
Gurobi Optimizer version 13.0.0 build v13.0.0rc1 (linux64 - "Ubuntu 24.04.3 LTS")

CPU model: Intel(R) Core(TM) Ultra 7 165H, instruction set [SSE2|AVX|AVX2]
Thread count: 22 physical cores, 22 logical processors, using up to 22 threads

Non-default parameters:
TimeLimit  8.6490691929399327e+02
LogToConsole  0

Academic license 2539022 - for non-commercial use only - registered to al___@studenti.unimi.it
Optimize a model with 25089 rows, 5850 columns and 58000 nonzeros (Min)
Model fingerprint: 0x1c767ce8
Model has 5850 linear objective coefficients
Model has 166 quadratic constraints
Variable types: 0 continuous, 5850 integer (5850 binary)
Coefficient statistics:
  Matrix range     [1e+00, 9e+02]
  QMatrix range    [6e+01, 2e+02]
  Objective range  [1e+01, 2e+02]
  Bounds range     [1e+00, 1e+00]
  RHS range        [1e+00, 1e+09]
  QRHS range       [1e+02, 6e+02]

MIP start from previous solve did not produce a new incumbent solution
MIP start from previous solve violates constraint fixed_app_3_microservice_8 by 1.000000000

Presolve removed 24584 rows and 4723 columns
Presolve time: 0.09s
Presolved: 8194 rows, 8632 columns, 49970 nonzeros
Variable types: 0 continuous, 8632 integer (8632 binary)

Root relaxation: objective 4.367155e+03, 1014 iterations, 0.06 seconds (0.08 work units)

    Nodes    |    Current Node    |     Objective Bounds      |     Work
 Expl Unexpl |  Obj  Depth IntInf | Incumbent    BestBd   Gap | It/Node Time

     0     0 4367.15524    0  128          - 4367.15524      -     -    0s
     0     0 4369.28265    0  139          - 4369.28265      -     -    0s
     0     0 4428.27148    0  167          - 4428.27148      -     -    0s
     0     0 4439.41651    0  167          - 4439.41651      -     -    0s
     0     0 4440.05119    0  173          - 4440.05119      -     -    0s
     0     0 4440.12543    0  174          - 4440.12543      -     -    0s
     0     0 4461.91073    0  203          - 4461.91073      -     -    1s
     0     0 4470.74834    0  211          - 4470.74834      -     -    1s
     0     0 4473.41956    0  239          - 4473.41956      -     -    1s
     0     0 4473.80085    0  224          - 4473.80085      -     -    1s
     0     0 4490.60895    0  221          - 4490.60895      -     -    1s
     0     0 4495.49589    0  239          - 4495.49589      -     -    1s
     0     0 4497.28733    0  260          - 4497.28733      -     -    1s
     0     0 4502.87516    0  269          - 4502.87516      -     -    1s
     0     0 4502.93936    0  266          - 4502.93936      -     -    2s
     0     0 4502.93936    0  262          - 4502.93936      -     -    2s
     0     2 4502.94903    0  260          - 4502.94903      -     -    2s
   540   568 4537.00104   18  175          - 4516.49554      -   128    5s
H  807   807                    5199.0000000 4516.49554  13.1%   123    6s
H  904   929                    5183.0000000 4516.49554  12.9%   122    7s
H  907   929                    5093.0000000 4516.49554  11.3%   121    7s
H  918   929                    5090.0000000 4516.49554  11.3%   120    7s
H  924   929                    5019.0000000 4516.49554  10.0%   120    7s
H 1051  1061                    5016.0000000 4516.49554  10.0%   126    8s
H 1259  1228                    5002.0000000 4516.49554  9.71%   131    8s
H 1272  1228                    4985.0000000 4516.49554  9.40%   132    8s
H 1282  1228                    4907.0000000 4516.49554  7.96%   132    8s
  1720  1689 4805.47277   45  135 4907.00000 4520.32294  7.88%   131   10s
  3038  2444 4844.83687   61  160 4907.00000 4526.43796  7.76%   125   15s
H 3069  2341                    4859.0000000 4526.43796  6.84%   124   17s
H 3082  2231                    4856.0000000 4526.43796  6.79%   123   18s
H 3107  2134                    4846.0000000 4526.43796  6.59%   122   19s
H 3107  2026                    4762.0000000 4526.43796  4.95%   122   19s
  3110  2028 4627.92735   19  321 4762.00000 4526.43796  4.95%   122   20s
H 3131  1938                    4761.0000000 4526.43796  4.93%   121   22s
  3163  1960 4588.07887   11  314 4761.00000 4527.07869  4.91%   120   25s
H 3193  1888                    4750.0000000 4532.31033  4.58%   126   28s
  3276  1977 4547.30575   17  260 4750.00000 4533.83917  4.55%   131   30s
H 3514  1996                    4706.0000000 4535.42936  3.62%   136   33s
  3613  2017 4675.65848   22  207 4706.00000 4537.43959  3.58%   138   35s
H 3664  1933                    4688.0000000 4537.43959  3.21%   139   35s
  3907  2029 4601.37332   26  229 4688.00000 4546.60384  3.02%   142   40s
  4251  2101 4634.81961   31  176 4688.00000 4553.21861  2.88%   145   45s
  4661  2182 4639.92765   24  231 4688.00000 4554.72435  2.84%   148   50s
  5074  2325 4660.57328   25  189 4688.00000 4555.11667  2.83%   151   55s
  5730  2400 4679.58641   38  132 4688.00000 4559.23184  2.75%   153   60s
  6428  2480 4592.05662   25  217 4688.00000 4564.85934  2.63%   153   65s
  6937  2614 4589.17169   24  244 4688.00000 4566.40503  2.59%   155   70s
  7617  2777 4663.36691   37  104 4688.00000 4566.82697  2.58%   155   75s
  8423  2954 4584.29988   19  213 4688.00000 4573.06984  2.45%   156   81s
  9091  3153 4668.27827   33  186 4688.00000 4573.91954  2.43%   156   85s
  9633  3453 4678.93303   33  170 4688.00000 4573.91954  2.43%   156   90s
 10797  3977 4641.32830   28  259 4688.00000 4580.25662  2.30%   155   97s
 11251  4147 4618.54914   19  213 4688.00000 4582.93896  2.24%   155  100s
 12067  4425 4673.08996   35  124 4688.00000 4584.63193  2.20%   155  105s
 13149  4863 4607.44946   32  177 4688.00000 4586.06464  2.17%   155  111s
 13678  5065 4646.49791   44  186 4688.00000 4587.69387  2.14%   155  115s
 14923  5560 4666.75500   49  113 4688.00000 4590.62254  2.08%   154  121s
 15552  5716     cutoff   28      4688.00000 4591.84927  2.05%   154  125s
 16728  5961 4643.59872   28  205 4688.00000 4594.17869  2.00%   154  132s
 16767  6036 4649.98941   28  184 4688.00000 4594.17869  2.00%   154  136s
 17096  6232 4660.44136   21  160 4688.00000 4594.53891  1.99%   154  140s
 18557  6714 4624.45360   22  145 4688.00000 4597.09734  1.94%   154  148s
 19442  6998 4652.80987   23  199 4688.00000 4597.79530  1.92%   153  152s
 20305  7369 4636.12388   27  176 4688.00000 4598.87161  1.90%   153  156s
 21235  7673     cutoff   27      4688.00000 4600.15639  1.87%   152  161s
 22235  7826 infeasible   31      4688.00000 4601.23590  1.85%   152  165s
 22999  8146     cutoff   22      4688.00000 4602.40299  1.83%   152  170s
 24123  8503 4638.28787   17  120 4688.00000 4603.71462  1.80%   151  177s
 25464  8783 4671.07361   36   92 4688.00000 4604.82703  1.77%   149  180s
 26331  9063 4663.80816   35  163 4688.00000 4605.82535  1.75%   149  185s
*27350  9362              59    4686.0000000 4607.11711  1.68%   148  189s
 28244  9643 4615.94666   24   88 4686.00000 4608.23555  1.66%   148  194s
H28297  9374                    4680.0000000 4608.23555  1.53%   148  194s
H28626  8761                    4673.0000000 4608.61400  1.38%   148  194s
 29241  8921 4654.80618   27  162 4673.00000 4609.74102  1.35%   147  199s
 30077  9056 4639.91634   22  246 4673.00000 4610.68459  1.33%   147  204s
H30129  8655                    4670.0000000 4610.68459  1.27%   147  204s
 30693  8845 4630.82095   28  227 4670.00000 4611.31695  1.26%   147  210s
 31925  8954     cutoff   24      4670.00000 4613.17843  1.22%   146  215s
H31977  7663                    4662.0000000 4613.17843  1.05%   147  216s
H32680  4474                    4645.0000000 4613.62911  0.68%   146  216s
 32799  3914     cutoff   26      4645.00000 4613.93715  0.67%   146  222s
 34306  3229     cutoff   30      4645.00000 4617.95872  0.58%   145  228s
 35912  2003     cutoff   39      4645.00000 4624.16371  0.45%   144  234s
 37790   650     cutoff   43      4645.00000 4632.29229  0.27%   142  237s

Cutting planes:
  Gomory: 5
  Lift-and-project: 5
  Cover: 463
  Implied bound: 1
  Clique: 23
  MIR: 285
  Knapsack: 10
  StrongCG: 151
  Flow cover: 188
  GUB cover: 30
  Zero half: 89
  Mod-K: 1
  RLT: 202
  Relax-and-lift: 59
  BQP: 72

Explored 39904 nodes (5459764 simplex iterations) in 237.81 seconds (200.70 work units)
Thread count was 22 (of 22 available processors)

Solution count 10: 4645 4662 4670 ... 4761

Optimal solution found (tolerance 1.00e-04)
Best objective 4.645000000000e+03, best bound 4.645000000000e+03, gap 0.0000%

User-callback calls 100767, time in user-callback 0.24 sec
Set parameter LogToConsole to value 0
