FIXINGS_START
(1, 0, 0)
(2, 7, 0)
(2, 8, 0)
(3, 0, 0)
(3, 9, 0)
(4, 5, 0)
(5, 0, 0)
(5, 6, 0)
(6, 0, 0)
(6, 7, 0)
(7, 3, 0)
(8, 0, 0)
(8, 6, 0)
(9, 0, 0)
(9, 4, 0)
(10, 0, 0)
(11, 6, 0)
(11, 7, 0)
(12, 0, 0)
(12, 4, 0)
(13, 0, 0)
(14, 0, 0)
(14, 6, 0)
(15, 4, 0)
(17, 0, 0)
(17, 6, 0)
(16, 0, 0)
(6, 2, 0)
(11, 0, 0)
(11, 1, 1)
(11, 4, 29)
(15, 2, 0)
(7, 0, 26)
(16, 1, 0)
(2, 0, 26)
(16, 3, 0)
(0, 0, 0)
(4, 0, 30)
(7, 2, 0)
(2, 2, 0)
(6, 4, 3)
(6, 5, 0)
(13, 2, 0)
(0, 1, 0)
(17, 3, 0)
(3, 1, 0)
(13, 4, 0)
(12, 5, 0)
(3, 4, 0)
(0, 2, 0)
(5, 1, 0)
(5, 2, 22)
(4, 1, 0)
(2, 5, 0)
(8, 4, 0)
(3, 6, 0)
(1, 1, 20)
(17, 7, 0)
(4, 3, 0)
(9, 1, 0)
(5, 3, 0)
(9, 2, 0)
(5, 4, 17)
FIXINGS_END
found_sol 5369.0 time 39.261
found_sol 5267.0 time 40.109
found_sol 5135.0 time 42.222
found_sol 5060.0 time 49.971
found_sol 5032.0 time 49.972
found_sol 5028.9999999999945 time 49.973
found_sol 5010.0 time 64.935
found_sol 4938.0 time 74.391
found_sol 4902.0 time 74.394
found_sol 4891.0 time 74.395
found_sol 4888.0 time 84.656
found_sol 4884.999999999998 time 86.951
found_sol 4867.0 time 92.147
found_sol 4791.000000000001 time 110.057
found_sol 4791.0 time 111.306
time 111.310
GUROBI
Status OPTIMAL
Runtime 111.30985999107361
NodeCount 46509.0
IterCount 4793394.0
NumVars 5850
NumConstrs 25098
ObjBound 4791.0
ObjBoundC 4791.000000000001
ObjVal 4791.0
MIPGap 0.0
