
Gurobi 13.0.0 (linux64) logging started Fri Jan  2 21:56:29 2026

Set parameter LogFile to value "../experiments/network-n_50_s_2_rp_0-app_set-id_3_6_apps/compact_model_gurobi.log"
Set parameter TimeLimit to value 900
Gurobi Optimizer version 13.0.0 build v13.0.0rc1 (linux64 - "Ubuntu 24.04.3 LTS")

CPU model: Intel(R) Core(TM) Ultra 7 165H, instruction set [SSE2|AVX|AVX2]
Thread count: 22 physical cores, 22 logical processors, using up to 22 threads

Non-default parameters:
TimeLimit  900
LogToConsole  0

Academic license 2539022 - for non-commercial use only - registered to al___@studenti.unimi.it
Optimize a model with 6568 rows, 1950 columns and 15626 nonzeros (Min)
Model fingerprint: 0x20d8dec3
Model has 1950 linear objective coefficients
Model has 162 quadratic constraints
Variable types: 0 continuous, 1950 integer (1950 binary)
Coefficient statistics:
  Matrix range     [1e+00, 9e+02]
  QMatrix range    [5e+01, 2e+02]
  Objective range  [1e+01, 2e+02]
  Bounds range     [1e+00, 1e+00]
  RHS range        [1e+00, 1e+09]
  QRHS range       [1e+02, 6e+02]
Presolve removed 6160 rows and 1302 columns
Presolve time: 0.05s
Presolved: 6862 rows, 6948 columns, 40954 nonzeros
Variable types: 0 continuous, 6948 integer (6948 binary)
Found heuristic solution: objective 2791.0000000

Root relaxation: objective 1.472109e+03, 568 iterations, 0.02 seconds (0.03 work units)

    Nodes    |    Current Node    |     Objective Bounds      |     Work
 Expl Unexpl |  Obj  Depth IntInf | Incumbent    BestBd   Gap | It/Node Time

     0     0 1472.10933    0   63 2791.00000 1472.10933  47.3%     -    0s
H    0     0                    1789.0000000 1472.10933  17.7%     -    0s
H    0     0                    1781.0000000 1472.10933  17.3%     -    0s
     0     0 1487.25928    0   69 1781.00000 1487.25928  16.5%     -    0s
H    0     0                    1738.0000000 1487.25928  14.4%     -    0s
H    0     0                    1735.0000000 1489.25097  14.2%     -    0s
H    0     0                    1633.0000000 1489.25097  8.80%     -    0s
H    0     0                    1591.0000000 1489.25097  6.40%     -    0s
H    0     0                    1571.0000000 1489.25097  5.20%     -    0s
     0     0 1489.25097    0   87 1571.00000 1489.25097  5.20%     -    0s
     0     0 1489.51685    0   77 1571.00000 1489.51685  5.19%     -    0s
     0     0 1497.19482    0   96 1571.00000 1497.19482  4.70%     -    0s
     0     0 1498.22138    0   87 1571.00000 1498.22138  4.63%     -    0s
     0     0 1498.31663    0   94 1571.00000 1498.31663  4.63%     -    0s
     0     0 1503.12740    0   98 1571.00000 1503.12740  4.32%     -    0s
H    0     0                    1562.0000000 1503.12740  3.77%     -    0s
     0     0 1503.54527    0  101 1562.00000 1503.54527  3.74%     -    0s
     0     0 1503.54527    0  103 1562.00000 1503.54527  3.74%     -    0s
     0     0 1504.05997    0   85 1562.00000 1504.05997  3.71%     -    0s
H    0     0                    1560.0000000 1504.15057  3.58%     -    0s
H    0     0                    1549.0000000 1504.15057  2.90%     -    0s
     0     0 1504.15057    0  100 1549.00000 1504.15057  2.90%     -    0s
H    0     0                    1539.0000000 1504.15057  2.26%     -    1s
     0     0 1504.16391    0   85 1539.00000 1504.16391  2.26%     -    1s
     0     0 1504.16391    0   81 1539.00000 1504.16391  2.26%     -    1s
     0     0 1504.19212    0   96 1539.00000 1504.19212  2.26%     -    1s
     0     0 1504.20526    0   96 1539.00000 1504.20526  2.26%     -    1s
     0     0 1504.20526    0   96 1539.00000 1504.20526  2.26%     -    1s
     0     0 1504.20526    0   75 1539.00000 1504.20526  2.26%     -    1s
     0     0 1504.20526    0   56 1539.00000 1504.20526  2.26%     -    1s
     0     0 1504.20526    0   64 1539.00000 1504.20526  2.26%     -    1s
H    0     0                    1534.0000000 1504.20526  1.94%     -    1s
     0     0 1504.20526    0   87 1534.00000 1504.20526  1.94%     -    1s
     0     0 1504.20526    0   72 1534.00000 1504.20526  1.94%     -    1s
     0     0 1504.20526    0   69 1534.00000 1504.20526  1.94%     -    1s
     0     0 1504.20526    0   72 1534.00000 1504.20526  1.94%     -    1s
     0     0 1504.20526    0   81 1534.00000 1504.20526  1.94%     -    1s
     0     0 1504.20526    0   82 1534.00000 1504.20526  1.94%     -    1s
     0     0 1504.53488    0   84 1534.00000 1504.53488  1.92%     -    1s
     0     0 1504.87117    0   81 1534.00000 1504.87117  1.90%     -    1s
     0     0 1504.91763    0   81 1534.00000 1504.91763  1.90%     -    1s
     0     0 1504.99012    0   80 1534.00000 1504.99012  1.89%     -    1s
     0     0 1504.99012    0   80 1534.00000 1504.99012  1.89%     -    1s
     0     0 1504.99012    0   72 1534.00000 1504.99012  1.89%     -    1s
     0     2 1504.99012    0   70 1534.00000 1504.99012  1.89%     -    1s
H  566   313                    1523.0000000 1511.52172  0.75%  26.0    2s

Cutting planes:
  Gomory: 2
  Lift-and-project: 3
  Cover: 49
  Clique: 9
  MIR: 29
  Knapsack: 6
  StrongCG: 13
  GUB cover: 2
  Inf proof: 1
  Zero half: 8
  RLT: 43
  Relax-and-lift: 4
  BQP: 5

Explored 1010 nodes (23322 simplex iterations) in 2.48 seconds (1.13 work units)
Thread count was 22 (of 22 available processors)

Solution count 10: 1523 1534 1539 ... 1735

Optimal solution found (tolerance 1.00e-04)
Best objective 1.523000000000e+03, best bound 1.523000000000e+03, gap 0.0000%

User-callback calls 3227, time in user-callback 0.01 sec
