FIXINGS_START
(0, 0, 0)
(0, 4, 0)
(1, 0, 0)
(2, 0, 0)
(2, 4, 0)
(4, 4, 0)
(5, 0, 0)
(6, 6, 0)
(6, 7, 0)
(7, 0, 0)
(7, 6, 0)
(8, 0, 0)
(8, 9, 0)
(9, 9, 0)
(10, 0, 0)
(10, 6, 0)
(11, 0, 0)
(12, 0, 0)
(12, 4, 0)
(13, 0, 0)
(14, 2, 0)
(15, 0, 0)
(15, 6, 0)
(16, 0, 0)
(17, 0, 0)
(18, 0, 0)
(18, 6, 0)
(19, 0, 0)
(20, 0, 0)
(20, 1, 0)
(20, 2, 0)
(7, 1, 0)
(7, 3, 0)
(7, 4, 0)
(7, 7, 0)
(7, 8, 0)
(16, 2, 0)
(19, 1, 0)
(9, 0, 0)
(3, 0, 0)
(3, 1, 0)
(18, 2, 0)
(13, 2, 0)
(17, 1, 0)
(13, 3, 0)
(10, 1, 0)
(5, 1, 5)
(19, 2, 0)
(15, 2, 27)
(18, 3, 0)
(4, 0, 40)
(6, 0, 0)
(1, 1, 1)
(5, 2, 4)
(14, 0, 5)
(8, 1, 3)
(6, 1, 0)
(6, 3, 30)
(9, 1, 0)
(8, 2, 0)
(6, 4, 0)
(18, 4, 0)
FIXINGS_END
found_sol 5117.0 time 6.855
found_sol 5000.0 time 7.149
found_sol 4936.0 time 7.163
found_sol 4858.0 time 10.606
found_sol 4837.0 time 10.608
found_sol 4833.0 time 12.212
found_sol 4829.0 time 14.404
found_sol 4803.0 time 14.407
found_sol 4788.0 time 15.769
found_sol 4767.0 time 16.671
found_sol 4764.0 time 16.674
found_sol 4683.0 time 17.539
found_sol 4681.0 time 18.980
found_sol 4670.0 time 18.985
found_sol 4629.0 time 23.205
found_sol 4629.0 time 40.437
found_sol 4670.0 time 40.439
found_sol 4681.0 time 40.441
found_sol 4609.0 time 47.125
found_sol 4606.0 time 47.655
found_sol 4606.0 time 56.016
found_sol 4609.0 time 56.018
found_sol 4629.0 time 56.020
found_sol 4604.0 time 66.563
found_sol 4603.0 time 66.566
found_sol 4602.0 time 72.256
found_sol 4598.0 time 82.003
found_sol 4596.999999999998 time 88.678
found_sol 4597.0 time 89.261
time 89.269
GUROBI
Status OPTIMAL
Runtime 89.26903510093689
NodeCount 9920.0
IterCount 874280.0
NumVars 8160
NumConstrs 50899
ObjBound 4597.0
ObjBoundC 4596.999999999998
ObjVal 4597.0
MIPGap 0.0
