
Gurobi 13.0.0 (linux64) logging started Fri Jan 16 06:59:40 2026

Set parameter LogFile to value "../experiments/network-n_60_s_0_rp_0-app_set-id_48_21_apps/submip_40_epr0_model_gurobi.log"
Set parameter TimeLimit to value 8.9311222340402310e+02
Gurobi Optimizer version 13.0.0 build v13.0.0rc1 (linux64 - "Ubuntu 24.04.3 LTS")

CPU model: Intel(R) Core(TM) Ultra 7 165H, instruction set [SSE2|AVX|AVX2]
Thread count: 22 physical cores, 22 logical processors, using up to 22 threads

Non-default parameters:
TimeLimit  8.9311222340402310e+02
LogToConsole  0

Academic license 2539022 - for non-commercial use only - registered to al___@studenti.unimi.it
Optimize a model with 50909 rows, 8160 columns and 113326 nonzeros (Min)
Model fingerprint: 0xc67a117e
Model has 8160 linear objective coefficients
Model has 200 quadratic constraints
Variable types: 0 continuous, 8160 integer (8160 binary)
Coefficient statistics:
  Matrix range     [1e+00, 9e+02]
  QMatrix range    [5e+01, 2e+02]
  Objective range  [1e+01, 2e+02]
  Bounds range     [1e+00, 1e+00]
  RHS range        [1e+00, 1e+09]
  QRHS range       [1e+02, 6e+02]

MIP start from previous solve did not produce a new incumbent solution
MIP start from previous solve violates constraint fixed_app_9_microservice_2 by 1.000000000

Presolve removed 50294 rows and 6638 columns
Presolve time: 0.15s
Presolved: 14574 rows, 15285 columns, 93504 nonzeros
Variable types: 0 continuous, 15285 integer (15285 binary)

Root relaxation: objective 4.474547e+03, 888 iterations, 0.06 seconds (0.09 work units)

    Nodes    |    Current Node    |     Objective Bounds      |     Work
 Expl Unexpl |  Obj  Depth IntInf | Incumbent    BestBd   Gap | It/Node Time

     0     0 4474.54714    0  146          - 4474.54714      -     -    0s
     0     0 4474.55595    0  143          - 4474.55595      -     -    0s
     0     0 4525.89307    0  144          - 4525.89307      -     -    1s
     0     0 4537.78201    0  127          - 4537.78201      -     -    1s
     0     0 4539.77419    0  137          - 4539.77419      -     -    1s
     0     0 4540.03448    0  143          - 4540.03448      -     -    1s
     0     0 4549.44091    0  173          - 4549.44091      -     -    2s
     0     0 4555.19221    0  136          - 4555.19221      -     -    2s
     0     0 4556.11783    0  158          - 4556.11783      -     -    2s
     0     0 4561.11395    0  153          - 4561.11395      -     -    2s
     0     0 4561.13867    0  153          - 4561.13867      -     -    2s
     0     0 4561.13867    0  148          - 4561.13867      -     -    2s
     0     2 4561.14818    0  148          - 4561.14818      -     -    3s
   179   202 4566.54192    9  140          - 4563.86238      -  76.1    5s
H  478   491                    4724.0000000 4563.86238  3.39%  75.6    8s
H  912   909                    4722.0000000 4563.88944  3.35%  77.2   10s
H  935   909                    4720.0000000 4563.88944  3.31%  76.4   10s
H 1451  1304                    4708.0000000 4565.32329  3.03%  79.9   12s
  1965  1718 4585.91238   14   51 4708.00000 4566.29200  3.01%  76.6   15s
H 2704  2192                    4707.0000000 4567.49628  2.96%  76.1   19s
  2825  2284 4662.32819   56 4898 4707.00000 4567.56357  2.96%  76.0   23s
  2838  2293 4597.04339   17  182 4707.00000 4567.56357  2.96%  75.6   25s
  2879  2320 4614.76910   37  202 4707.00000 4576.28444  2.78%  74.6   30s
H 2895  2213                    4705.0000000 4577.44960  2.71%  74.2   32s
  2911  2223 4606.44991   28  213 4705.00000 4579.03613  2.68%  73.8   35s
  2935  2248 4584.14078   14  175 4705.00000 4580.21825  2.65%  76.3   40s
  3051  2343 4601.48699   19  201 4705.00000 4583.95560  2.57%  82.7   46s
H 3110  2247                    4691.0000000 4583.95560  2.28%  85.1   47s
H 3113  2139                    4631.0000000 4583.95560  1.02%  85.1   47s
  3239  2160     cutoff   22      4631.00000 4583.95560  1.02%  86.9   50s
  3529  2203 4601.80211   24  198 4631.00000 4586.34175  0.96%  89.6   55s
H 3566  2088                    4629.0000000 4586.34175  0.92%  89.5   55s
H 3722  2034                    4620.0000000 4586.96136  0.72%  88.6   56s
H 3758  1929                    4610.0000000 4586.96136  0.50%  88.3   56s
  4322  1793 4601.79601   30  164 4610.00000 4591.59074  0.40%  85.6   60s
  5126  1469 4606.76986   28  105 4610.00000 4597.05843  0.28%  84.1   65s

Cutting planes:
  Gomory: 14
  Lift-and-project: 7
  Cover: 164
  Clique: 47
  MIR: 116
  Knapsack: 4
  StrongCG: 80
  Flow cover: 148
  GUB cover: 18
  Zero half: 55
  RLT: 45
  Relax-and-lift: 70
  BQP: 17

Explored 6185 nodes (491927 simplex iterations) in 69.42 seconds (42.12 work units)
Thread count was 22 (of 22 available processors)

Solution count 10: 4610 4620 4629 ... 4722

Optimal solution found (tolerance 1.00e-04)
Best objective 4.610000000000e+03, best bound 4.610000000000e+03, gap 0.0000%

User-callback calls 21896, time in user-callback 0.09 sec
Set parameter LogToConsole to value 0
