FIXINGS_START
(0, 0, 0)
(0, 4, 0)
(1, 0, 0)
(2, 0, 0)
(2, 4, 0)
(4, 4, 0)
(5, 0, 0)
(6, 6, 0)
(6, 7, 0)
(7, 0, 0)
(7, 6, 0)
(8, 0, 0)
(8, 9, 0)
(9, 9, 0)
(10, 0, 0)
(10, 6, 0)
(11, 0, 0)
(12, 0, 0)
(12, 4, 0)
(13, 0, 0)
(14, 2, 0)
(15, 0, 0)
(15, 6, 0)
(16, 0, 0)
(17, 0, 0)
(18, 0, 0)
(18, 6, 0)
(19, 0, 0)
(20, 0, 0)
(20, 1, 0)
(20, 2, 0)
(7, 1, 0)
(7, 3, 0)
(7, 4, 0)
(7, 7, 0)
(7, 8, 0)
(1, 1, 1)
(15, 2, 27)
(3, 0, 0)
(16, 2, 0)
(17, 1, 0)
(13, 2, 0)
(12, 2, 0)
(5, 1, 5)
(3, 1, 0)
(8, 1, 3)
(6, 0, 0)
(8, 2, 0)
(5, 2, 4)
(2, 1, 34)
(13, 3, 0)
(4, 0, 40)
(14, 0, 5)
(1, 2, 0)
(10, 1, 0)
(6, 1, 0)
(6, 3, 30)
(9, 0, 0)
(9, 1, 0)
(17, 2, 0)
(11, 2, 0)
(0, 1, 0)
FIXINGS_END
found_sol 5387.0 time 4.550
found_sol 5359.0 time 4.551
found_sol 5313.0 time 4.754
found_sol 5244.0 time 5.230
found_sol 5226.0 time 5.231
found_sol 4959.0 time 5.239
found_sol 4952.0 time 5.276
found_sol 4934.0 time 7.578
found_sol 4929.0 time 8.793
found_sol 4906.0 time 8.796
found_sol 4792.0 time 9.790
found_sol 4742.0 time 9.792
found_sol 4739.0 time 9.795
found_sol 4709.0 time 13.374
found_sol 4663.0 time 18.436
found_sol 4646.0 time 18.439
found_sol 4643.0 time 18.441
found_sol 4631.0 time 21.058
found_sol 4629.0 time 22.310
found_sol 4609.0 time 32.872
found_sol 4609.0 time 43.467
found_sol 4629.0 time 43.469
found_sol 4631.0 time 43.470
found_sol 4609.0 time 47.761
found_sol 4629.0 time 47.763
found_sol 4631.0 time 47.764
found_sol 4609.0 time 48.997
found_sol 4629.0 time 48.998
found_sol 4631.0 time 48.999
time 50.856
GUROBI
Status OPTIMAL
Runtime 50.855741024017334
NodeCount 4967.0
IterCount 422435.0
NumVars 8160
NumConstrs 50899
ObjBound 4609.0
ObjBoundC 4609.0
ObjVal 4609.0
MIPGap 0.0
