
Gurobi 13.0.0 (linux64) logging started Sat Jan  3 03:11:16 2026

Set parameter LogFile to value "../experiments/network-n_60_s_0_rp_0-app_set-id_4_6_apps/compact_model_gurobi.log"
Set parameter TimeLimit to value 900
Gurobi Optimizer version 13.0.0 build v13.0.0rc1 (linux64 - "Ubuntu 24.04.3 LTS")

CPU model: Intel(R) Core(TM) Ultra 7 165H, instruction set [SSE2|AVX|AVX2]
Thread count: 22 physical cores, 22 logical processors, using up to 22 threads

Non-default parameters:
TimeLimit  900
LogToConsole  0

Academic license 2539022 - for non-commercial use only - registered to al___@studenti.unimi.it
Optimize a model with 13265 rows, 2340 columns and 29713 nonzeros (Min)
Model fingerprint: 0x43f106ac
Model has 2340 linear objective coefficients
Model has 200 quadratic constraints
Variable types: 0 continuous, 2340 integer (2340 binary)
Coefficient statistics:
  Matrix range     [1e+00, 8e+02]
  QMatrix range    [5e+01, 2e+02]
  Objective range  [1e+01, 2e+02]
  Bounds range     [1e+00, 1e+00]
  RHS range        [1e+00, 1e+09]
  QRHS range       [1e+02, 6e+02]
Presolve removed 12672 rows and 1374 columns
Presolve time: 0.16s
Presolved: 14837 rows, 15016 columns, 91467 nonzeros
Variable types: 0 continuous, 15016 integer (15016 binary)

Root relaxation: objective 1.316466e+03, 391 iterations, 0.03 seconds (0.05 work units)

    Nodes    |    Current Node    |     Objective Bounds      |     Work
 Expl Unexpl |  Obj  Depth IntInf | Incumbent    BestBd   Gap | It/Node Time

     0     0 1316.46598    0   84          - 1316.46598      -     -    0s
     0     0 1318.01176    0   90          - 1318.01176      -     -    0s
H    0     0                    2407.0000000 1318.01176  45.2%     -    0s
H    0     0                    2381.0000000 1318.01176  44.6%     -    0s
H    0     0                    2268.0000000 1318.01176  41.9%     -    0s
H    0     0                    2012.0000000 1318.01176  34.5%     -    0s
H    0     0                    1998.0000000 1318.01176  34.0%     -    0s
H    0     0                    1974.0000000 1321.39589  33.1%     -    1s
     0     0 1348.83320    0   58 1974.00000 1348.83320  31.7%     -    1s
H    0     0                    1795.0000000 1348.83320  24.9%     -    1s
     0     0 1363.10747    0   73 1795.00000 1363.10747  24.1%     -    1s
H    0     0                    1790.0000000 1363.26002  23.8%     -    1s
     0     0 1363.26002    0   69 1790.00000 1363.26002  23.8%     -    1s
     0     0 1370.51727    0   98 1790.00000 1370.51727  23.4%     -    1s
     0     0 1370.53949    0  101 1790.00000 1370.53949  23.4%     -    1s
H    0     0                    1704.0000000 1370.53949  19.6%     -    1s
H    0     0                    1623.0000000 1376.28262  15.2%     -    1s
H    0     0                    1600.0000000 1376.28262  14.0%     -    1s
H    0     0                    1575.0000000 1376.28262  12.6%     -    1s
H    0     0                    1508.0000000 1376.28262  8.73%     -    1s
H    0     0                    1505.0000000 1376.28262  8.55%     -    1s
     0     0 1376.56393    0   81 1505.00000 1376.56393  8.53%     -    1s
H    0     0                    1495.0000000 1376.56393  7.92%     -    1s
     0     0 1376.76221    0   64 1495.00000 1376.76221  7.91%     -    1s
H    0     0                    1467.0000000 1376.76221  6.15%     -    2s
     0     0 1381.88969    0   75 1467.00000 1381.88969  5.80%     -    2s
     0     0 1382.26635    0   97 1467.00000 1382.26635  5.78%     -    2s
     0     0 1383.31171    0   93 1467.00000 1383.31171  5.70%     -    2s
H    0     0                    1430.0000000 1383.31171  3.26%     -    2s
     0     0 1383.33929    0   92 1430.00000 1383.33929  3.26%     -    2s
     0     0 1383.33929    0   92 1430.00000 1383.33929  3.26%     -    2s
     0     0 1383.33929    0   84 1430.00000 1383.33929  3.26%     -    2s
H    0     0                    1396.0000000 1383.51123  0.89%     -    2s
     0     2 1383.51123    0   83 1396.00000 1383.51123  0.89%     -    2s

Cutting planes:
  Gomory: 13
  Cover: 49
  Clique: 28
  MIR: 23
  Knapsack: 3
  StrongCG: 12
  GUB cover: 3
  Zero half: 14
  RLT: 52
  Relax-and-lift: 324
  BQP: 10

Explored 81 nodes (3406 simplex iterations) in 2.99 seconds (2.19 work units)
Thread count was 22 (of 22 available processors)

Solution count 10: 1396 1430 1467 ... 1704

Optimal solution found (tolerance 1.00e-04)
Best objective 1.396000000000e+03, best bound 1.396000000000e+03, gap 0.0000%

User-callback calls 1386, time in user-callback 0.01 sec
