
Gurobi 13.0.0 (linux64) logging started Sat Jan  3 09:23:48 2026

Set parameter LogFile to value "../experiments/network-n_60_s_0_rp_0-app_set-id_57_24_apps/compact_model_gurobi.log"
Set parameter TimeLimit to value 900
Gurobi Optimizer version 13.0.0 build v13.0.0rc1 (linux64 - "Ubuntu 24.04.3 LTS")

CPU model: Intel(R) Core(TM) Ultra 7 165H, instruction set [SSE2|AVX|AVX2]
Thread count: 22 physical cores, 22 logical processors, using up to 22 threads

Non-default parameters:
TimeLimit  900
LogToConsole  0

Academic license 2539022 - for non-commercial use only - registered to al___@studenti.unimi.it
Optimize a model with 58016 rows, 9360 columns and 129139 nonzeros (Min)
Model fingerprint: 0x931b6e78
Model has 9360 linear objective coefficients
Model has 200 quadratic constraints
Variable types: 0 continuous, 9360 integer (9360 binary)
Coefficient statistics:
  Matrix range     [1e+00, 9e+02]
  QMatrix range    [5e+01, 2e+02]
  Objective range  [1e+01, 2e+02]
  Bounds range     [1e+00, 1e+00]
  RHS range        [1e+00, 1e+09]
  QRHS range       [1e+02, 6e+02]
Presolve removed 55599 rows and 5484 columns
Presolve time: 0.64s
Presolved: 62729 rows, 63992 columns, 386299 nonzeros
Variable types: 0 continuous, 63992 integer (63992 binary)
Deterministic concurrent LP optimizer: primal and dual simplex
Showing primal log only...

Concurrent spin time: 0.00s

Solved with dual simplex

Root relaxation: objective 5.560436e+03, 5251 iterations, 2.03 seconds (2.49 work units)

    Nodes    |    Current Node    |     Objective Bounds      |     Work
 Expl Unexpl |  Obj  Depth IntInf | Incumbent    BestBd   Gap | It/Node Time

     0     0 5560.43622    0  396          - 5560.43622      -     -    4s
     0     0 5561.20591    0  400          - 5561.20591      -     -    4s
     0     0 5579.20058    0  420          - 5579.20058      -     -    8s
     0     0 5629.11645    0  493          - 5629.11645      -     -   10s
     0     0 5664.13069    0  583          - 5664.13069      -     -   14s
     0     0 5664.29050    0  584          - 5664.29050      -     -   14s
     0     0 5666.77137    0  580          - 5666.77137      -     -   15s
     0     0 5666.79286    0  578          - 5666.79286      -     -   15s
     0     0 5713.78395    0  687          - 5713.78395      -     -   23s
     0     0 5728.93156    0  708          - 5728.93156      -     -   25s
     0     0 5751.33678    0  719          - 5751.33678      -     -   28s
     0     0 5751.34795    0  707          - 5751.34795      -     -   28s
     0     0 5764.26930    0  800          - 5764.26930      -     -   30s
     0     0 5768.47260    0  819          - 5768.47260      -     -   31s
     0     0 5768.63008    0  751          - 5768.63008      -     -   31s
     0     0 5797.31627    0  824          - 5797.31627      -     -   39s
     0     0 5805.89233    0  870          - 5805.89233      -     -   41s
     0     0 5822.01947    0  936          - 5822.01947      -     -   48s
     0     0 5828.83257    0 1041          - 5828.83257      -     -   50s
     0     0 5832.65147    0  897          - 5832.65147      -     -   52s
     0     0 5836.07372    0  965          - 5836.07372      -     -   53s
     0     0 5836.98076    0 1026          - 5836.98076      -     -   54s
     0     0 5851.97155    0  981          - 5851.97155      -     -   59s
     0     0 5859.56683    0  858          - 5859.56683      -     -   62s
     0     0 5869.59024    0  845          - 5869.59024      -     -   65s
     0     0 5878.10517    0  908          - 5878.10517      -     -   68s
     0     0 5881.70895    0  958          - 5881.70895      -     -   69s
     0     0 5884.98374    0  958          - 5884.98374      -     -   71s
     0     0 5892.46995    0  925          - 5892.46995      -     -   74s
     0     0 5895.23203    0  860          - 5895.23203      -     -   75s
     0     0 5895.76466    0  825          - 5895.76466      -     -   77s
     0     0 5899.20724    0  978          - 5899.20724      -     -   78s
     0     0 5899.38351    0  919          - 5899.38351      -     -   79s
     0     0 5899.38633    0  913          - 5899.38633      -     -   80s
     0     0 5899.38633    0  905          - 5899.38633      -     -   80s
     0     2 5899.39556    0  900          - 5899.39556      -     -   86s
     3     8 5900.15117    2  757          - 5899.70489      -   426   90s
    15    32 5900.67501    4  744          - 5900.28296      -   504   95s
    53   112 5902.72174    6  748          - 5901.33738      -   464  101s
   111   144 5903.35291    8  746          - 5901.33738      -   336  105s
   176   213 5903.47467    9  793          - 5901.33738      -   393  113s
   212   249 5905.61718   11  838          - 5901.33738      -   415  118s
   248   286 5905.96166   13  732          - 5901.33738      -   424  121s
   285   309 5906.39842   15  727          - 5901.33738      -   435  126s
   308   331 5908.10814   16  675          - 5901.33738      -   432  130s
   330   357 5908.14784   17  703          - 5901.33738      -   430  136s
   356   386 5908.18990   18  699          - 5901.33738      -   430  142s
   385   408 5909.02555   19  797          - 5901.33738      -   435  146s
   407   434 5913.69618   19  664          - 5901.33738      -   436  152s
   433   465 5910.28280   20  693          - 5901.33738      -   456  156s
   486   510 5910.66247   22  667          - 5901.33738      -   455  164s
   509   533 5911.94793   23  661          - 5901.33738      -   452  168s
   532   556 5912.23587   24  650          - 5901.33738      -   454  172s
   555   580 5912.35550   25  635          - 5901.33738      -   453  176s
   579   607 5920.37763   26  708          - 5901.33738      -   452  181s
   606   630 5920.38515   26  792          - 5901.33738      -   463  185s
   629   657 5920.41444   27  676          - 5901.33738      -   465  190s
   680   703 5920.93685   29  667          - 5901.33738      -   461  200s
   732   759 5923.14236   30  600          - 5901.33738      -   455  209s
   758   781 5922.15290   31  658          - 5901.33738      -   454  215s
   780   810 5923.12685   32  643          - 5901.33738      -   452  220s
   809   832 5924.22475   33  653          - 5901.33738      -   449  225s
   831   860 5924.39789   34  770          - 5901.33738      -   449  230s
   859   889 5924.67831   35  756          - 5901.33738      -   449  235s
   888   924 5924.75366   36  646          - 5901.33738      -   451  241s
   923   966 5926.63471   37  756          - 5901.33738      -   448  247s
   965  1001 5927.57046   38  737          - 5901.33738      -   444  253s
  1000  1031 5929.87893   40  769          - 5901.33738      -   444  260s
  1030  1071 5930.65171   42  756          - 5901.33738      -   444  267s
  1070  1129 5931.95599   49  761          - 5901.33738      -   448  274s
  1128  1186 5934.00648   59  642          - 5901.33738      -   445  281s
  1185  1213 5935.32065   67  631          - 5901.33738      -   437  288s
  1212  1240 5935.48890   68  639          - 5901.33738      -   437  295s
  1239  1275 5939.47285   68  638          - 5901.33738      -   441  302s
  1276  1325 5937.88174   69  663          - 5901.33738      -   437  310s
  1326  1363 5982.31820   69  718          - 5901.33738      -   435  318s
  1364  1414 5937.98809   70  660          - 5901.33738      -   440  327s
  1415  1521 5938.10511   71  659          - 5901.33738      -   442  336s
  1524  1659 5938.13488   72  664          - 5901.33738      -   434  344s
  1664  1837 5939.43469   79  654          - 5901.33738      -   425  354s
  1842  1956 5941.38958   86  728          - 5901.33738      -   413  363s
  1961  2062 5944.00927   88  634          - 5901.33738      -   417  372s
  2075  2206 5952.15949   91  549          - 5901.33738      -   422  382s
  2221  2433 5955.63101   96  527          - 5901.33738      -   424  391s
  2453  2583 5962.37692  106  450          - 5901.33738      -   408  401s
  2603  2751 6162.16639  112  486          - 5901.33738      -   411  412s
  2796  2907 5972.12101  116  556          - 5901.33738      -   408  423s
  2970  3066 5972.80574  118  547          - 5901.33738      -   409  434s
  3146  3223 5978.36918  131  390          - 5902.11385      -   411  445s
  3324  3420 5997.50666  136  345          - 5902.11385      -   414  458s
  3550  3469 6006.51702  156  369          - 5902.11385      -   411  472s
  3603  3502 6007.33928  158  359          - 5902.11385      -   411  486s
  3640  3628 6009.21666  159  355          - 5902.11385      -   412  500s
  3773  3818 6024.39145  167  353          - 5902.11385      -   406  513s
  3968  4034 6038.02131  181  351          - 5902.11385      -   401  527s
  4230  4259 6076.85742  198  318          - 5902.11385      -   397  541s
  4533  4447 6336.48715  232  282          - 5902.73266      -   393  556s
  4750  4658 6052.96833   14  666          - 5903.04856      -   396  571s
  4971  4864 6072.26925   21  692          - 5903.04856      -   400  586s
  5215  5106 6145.58377   25  725          - 5903.04856      -   403  602s
  5497  5324 6089.36381   32  714          - 5903.53545      -   403  620s
  5745  5557 6111.56882   34  707          - 5903.53545      -   410  638s
  6002  5801 6116.17043   32  562          - 5903.53545      -   407  657s
  6332  6086 6124.59306   33  618          - 5903.53545      -   407  677s
  6705  6258 6126.98414   36  560          - 5904.38540      -   406  697s
  6967  6524 6153.54799   42  647          - 5904.75193      -   411  717s
  7280  6824 6141.50657   49  539          - 5904.75193      -   412  738s
  7636  6886 6157.85063   61  445          - 5904.75193      -   413  764s
  7722  7041 6174.59954   60  475          - 5904.75193      -   411  788s
  7922  7260 6179.05896   65  422          - 5904.75193      -   410  811s
  8209  7261 5960.24287   62 28970          - 5904.75193      -   415  835s
  8211  7262 6022.05637  110  485          - 5904.75193      -   415  855s
  8212  7263 6803.45440  133  634          - 5904.75193      -   415  861s
  8213  7264 5918.76189   11  571          - 5904.75193      -   415  865s
  8214  7264 5953.43511   51  703          - 5904.75193      -   415  873s
  8215  7265 6353.48211  111  629          - 5904.75193      -   415  879s
  8216  7266 5938.81573   12  861          - 5904.75193      -   415  892s

Cutting planes:
  Gomory: 13
  Lift-and-project: 3
  Cover: 51
  Clique: 44
  MIR: 43
  Knapsack: 16
  StrongCG: 34
  Flow cover: 71
  GUB cover: 9
  Zero half: 42
  RLT: 309
  Relax-and-lift: 173
  BQP: 104

Explored 8216 nodes (3482200 simplex iterations) in 900.06 seconds (877.68 work units)
Thread count was 22 (of 22 available processors)

Solution count 0

Time limit reached
Best objective -, best bound 5.905000000000e+03, gap -

User-callback calls 120279, time in user-callback 0.83 sec
