
Gurobi 13.0.0 (linux64) logging started Sat Jan  3 13:58:14 2026

Set parameter LogFile to value "../experiments/network-n_60_s_1_rp_0-app_set-id_4_6_apps/compact_model_gurobi.log"
Set parameter TimeLimit to value 900
Gurobi Optimizer version 13.0.0 build v13.0.0rc1 (linux64 - "Ubuntu 24.04.3 LTS")

CPU model: Intel(R) Core(TM) Ultra 7 165H, instruction set [SSE2|AVX|AVX2]
Thread count: 22 physical cores, 22 logical processors, using up to 22 threads

Non-default parameters:
TimeLimit  900
LogToConsole  0

Academic license 2539022 - for non-commercial use only - registered to al___@studenti.unimi.it
Optimize a model with 18488 rows, 2340 columns and 40187 nonzeros (Min)
Model fingerprint: 0xfc8474a8
Model has 2340 linear objective coefficients
Model has 206 quadratic constraints
Variable types: 0 continuous, 2340 integer (2340 binary)
Coefficient statistics:
  Matrix range     [1e+00, 8e+02]
  QMatrix range    [5e+01, 2e+02]
  Objective range  [1e+01, 2e+02]
  Bounds range     [1e+00, 1e+00]
  RHS range        [1e+00, 1e+09]
  QRHS range       [1e+02, 6e+02]
Presolve removed 17974 rows and 1486 columns
Presolve time: 0.15s
Presolved: 9253 rows, 9376 columns, 58348 nonzeros
Variable types: 0 continuous, 9376 integer (9376 binary)

Root relaxation: objective 1.250669e+03, 226 iterations, 0.01 seconds (0.02 work units)

    Nodes    |    Current Node    |     Objective Bounds      |     Work
 Expl Unexpl |  Obj  Depth IntInf | Incumbent    BestBd   Gap | It/Node Time

     0     0 1250.66895    0   66          - 1250.66895      -     -    0s
     0     0 1250.69089    0   58          - 1250.69089      -     -    0s
H    0     0                    2652.0000000 1250.69089  52.8%     -    0s
H    0     0                    2085.0000000 1250.69089  40.0%     -    0s
H    0     0                    2046.0000000 1250.69089  38.9%     -    0s
     0     0 1273.17424    0   74 2046.00000 1273.17424  37.8%     -    0s
H    0     0                    1976.0000000 1273.17424  35.6%     -    0s
     0     0 1275.68946    0   73 1976.00000 1275.68946  35.4%     -    0s
H    0     0                    1653.0000000 1275.81329  22.8%     -    0s
     0     0 1275.81329    0   79 1653.00000 1275.81329  22.8%     -    0s
     0     0 1290.34758    0   94 1653.00000 1290.34758  21.9%     -    0s
H    0     0                    1649.0000000 1290.34758  21.7%     -    0s
     0     0 1290.63399    0   98 1649.00000 1290.63399  21.7%     -    0s
H    0     0                    1428.0000000 1296.11177  9.24%     -    1s
H    0     0                    1412.0000000 1296.11177  8.21%     -    1s
     0     0 1296.11177    0   81 1412.00000 1296.11177  8.21%     -    1s
H    0     0                    1406.0000000 1296.11177  7.82%     -    1s
     0     0 1296.74450    0  107 1406.00000 1296.74450  7.77%     -    1s
     0     0 1298.71181    0   96 1406.00000 1298.71181  7.63%     -    1s
     0     0 1298.86321    0   96 1406.00000 1298.86321  7.62%     -    1s
     0     0 1300.16084    0  115 1406.00000 1300.16084  7.53%     -    1s
     0     0 1301.79185    0  111 1406.00000 1301.79185  7.41%     -    1s
     0     0 1301.79185    0  106 1406.00000 1301.79185  7.41%     -    1s
     0     2 1302.32619    0  106 1406.00000 1302.32619  7.37%     -    1s
*   77    57               7    1403.0000000 1326.06880  5.48%  44.1    2s
*   82    57               7    1398.0000000 1332.07714  4.72%  41.9    2s
*   96    57               7    1397.0000000 1332.07714  4.65%  37.0    2s
H  102    56                    1395.0000000 1332.07714  4.51%  36.6    2s

Cutting planes:
  Gomory: 2
  Lift-and-project: 2
  Cover: 85
  Implied bound: 2
  Clique: 21
  MIR: 58
  Knapsack: 3
  StrongCG: 30
  GUB cover: 5
  Zero half: 4
  RLT: 88
  Relax-and-lift: 112
  BQP: 23

Explored 981 nodes (27054 simplex iterations) in 3.72 seconds (1.92 work units)
Thread count was 22 (of 22 available processors)

Solution count 10: 1395 1397 1398 ... 1976

Optimal solution found (tolerance 1.00e-04)
Best objective 1.395000000000e+03, best bound 1.395000000000e+03, gap 0.0000%

User-callback calls 3138, time in user-callback 0.01 sec
