
Gurobi 13.0.0 (linux64) logging started Sat Jan  3 14:01:09 2026

Set parameter LogFile to value "../experiments/network-n_60_s_1_rp_0-app_set-id_17_10_apps/compact_model_gurobi.log"
Set parameter TimeLimit to value 900
Gurobi Optimizer version 13.0.0 build v13.0.0rc1 (linux64 - "Ubuntu 24.04.3 LTS")

CPU model: Intel(R) Core(TM) Ultra 7 165H, instruction set [SSE2|AVX|AVX2]
Thread count: 22 physical cores, 22 logical processors, using up to 22 threads

Non-default parameters:
TimeLimit  900
LogToConsole  0

Academic license 2539022 - for non-commercial use only - registered to al___@studenti.unimi.it
Optimize a model with 26527 rows, 3900 columns and 58610 nonzeros (Min)
Model fingerprint: 0x58051734
Model has 3900 linear objective coefficients
Model has 206 quadratic constraints
Variable types: 0 continuous, 3900 integer (3900 binary)
Coefficient statistics:
  Matrix range     [1e+00, 8e+02]
  QMatrix range    [5e+01, 2e+02]
  Objective range  [1e+01, 2e+02]
  Bounds range     [1e+00, 1e+00]
  RHS range        [1e+00, 1e+09]
  QRHS range       [1e+02, 6e+02]
Presolve removed 25652 rows and 2231 columns
Presolve time: 0.20s
Presolved: 24012 rows, 24604 columns, 150933 nonzeros
Variable types: 0 continuous, 24604 integer (24604 binary)
Deterministic concurrent LP optimizer: primal and dual simplex
Showing primal log only...

Concurrent spin time: 0.00s

Solved with dual simplex

Root relaxation: objective 1.921529e+03, 859 iterations, 0.23 seconds (0.20 work units)

    Nodes    |    Current Node    |     Objective Bounds      |     Work
 Expl Unexpl |  Obj  Depth IntInf | Incumbent    BestBd   Gap | It/Node Time

     0     0 1921.52931    0  149          - 1921.52931      -     -    1s
H    0     0                    2387.0000000 1921.52931  19.5%     -    1s
     0     0 1971.82016    0  141 2387.00000 1971.82016  17.4%     -    2s
H    0     0                    2288.0000000 1971.82016  13.8%     -    2s
H    0     0                    2282.0000000 1971.82016  13.6%     -    2s
     0     0 1984.00065    0  133 2282.00000 1984.00065  13.1%     -    2s
     0     0 1984.49848    0  118 2282.00000 1984.49848  13.0%     -    2s
     0     0 1984.50445    0  131 2282.00000 1984.50445  13.0%     -    2s
     0     0 1998.15881    0  180 2282.00000 1998.15881  12.4%     -    2s
     0     0 2000.40294    0  175 2282.00000 2000.40294  12.3%     -    2s
     0     0 2000.83526    0  177 2282.00000 2000.83526  12.3%     -    2s
     0     0 2007.74168    0  122 2282.00000 2007.74168  12.0%     -    3s
H    0     0                    2242.0000000 2007.74168  10.4%     -    3s
H    0     0                    2226.0000000 2007.74168  9.80%     -    3s
     0     0 2008.88410    0  138 2226.00000 2008.88410  9.75%     -    3s
     0     0 2009.04168    0  150 2226.00000 2009.04168  9.75%     -    3s
H    0     0                    2067.0000000 2009.04168  2.80%     -    3s
     0     0 2011.51605    0  136 2067.00000 2011.51605  2.68%     -    3s
     0     0 2011.97157    0  152 2067.00000 2011.97157  2.66%     -    3s
     0     0 2012.87012    0  165 2067.00000 2012.87012  2.62%     -    3s
     0     0 2012.95691    0  164 2067.00000 2012.95691  2.61%     -    4s
     0     0 2012.95691    0  164 2067.00000 2012.95691  2.61%     -    4s
     0     0 2012.95691    0  156 2067.00000 2012.95691  2.61%     -    4s
     0     2 2012.95691    0  156 2067.00000 2012.95691  2.61%     -    4s
    15    26 2035.80706    4  137 2067.00000 2018.96100  2.32%   116    5s
H  127   106                    2066.0000000 2025.28953  1.97%   107    6s
*  177   134              10    2063.0000000 2025.28953  1.83%  95.8    6s
H  219   149                    2061.0000000 2025.28953  1.73%  91.1    6s
*  387   177              17    2059.0000000 2025.72383  1.62%  73.2    7s
H  458   184                    2057.0000000 2029.12401  1.36%  71.5    8s
   674   179 2053.29071   18  111 2057.00000 2036.90787  0.98%  64.5   10s

Cutting planes:
  Gomory: 1
  Lift-and-project: 7
  Cover: 100
  Clique: 39
  MIR: 68
  Knapsack: 7
  StrongCG: 37
  GUB cover: 6
  Zero half: 6
  RLT: 177
  Relax-and-lift: 81
  BQP: 50

Explored 1142 nodes (65335 simplex iterations) in 12.78 seconds (6.83 work units)
Thread count was 22 (of 22 available processors)

Solution count 10: 2057 2059 2061 ... 2288

Optimal solution found (tolerance 1.00e-04)
Best objective 2.057000000000e+03, best bound 2.057000000000e+03, gap 0.0000%

User-callback calls 3814, time in user-callback 0.01 sec
