
Gurobi 13.0.0 (linux64) logging started Sat Jan  3 21:53:44 2026

Set parameter LogFile to value "../experiments/network-n_60_s_1_rp_0-app_set-id_54_23_apps/compact_model_gurobi.log"
Set parameter TimeLimit to value 900
Gurobi Optimizer version 13.0.0 build v13.0.0rc1 (linux64 - "Ubuntu 24.04.3 LTS")

CPU model: Intel(R) Core(TM) Ultra 7 165H, instruction set [SSE2|AVX|AVX2]
Thread count: 22 physical cores, 22 logical processors, using up to 22 threads

Non-default parameters:
TimeLimit  900
LogToConsole  0

Academic license 2539022 - for non-commercial use only - registered to al___@studenti.unimi.it
Optimize a model with 61274 rows, 9000 columns and 135382 nonzeros (Min)
Model fingerprint: 0x65ff7359
Model has 9000 linear objective coefficients
Model has 206 quadratic constraints
Variable types: 0 continuous, 9000 integer (9000 binary)
Coefficient statistics:
  Matrix range     [1e+00, 9e+02]
  QMatrix range    [5e+01, 2e+02]
  Objective range  [1e+01, 2e+02]
  Bounds range     [1e+00, 1e+00]
  RHS range        [1e+00, 1e+09]
  QRHS range       [1e+02, 6e+02]
Presolve removed 59268 rows and 5182 columns
Presolve time: 0.27s
Presolved: 45528 rows, 47134 columns, 296541 nonzeros
Variable types: 0 continuous, 47134 integer (47134 binary)
Performing another presolve...
Presolve removed 550 rows and 835 columns
Presolve time: 0.95s
Deterministic concurrent LP optimizer: primal and dual simplex
Showing primal log only...

Concurrent spin time: 0.01s

Solved with dual simplex

Root relaxation: objective 5.695944e+03, 4720 iterations, 0.84 seconds (1.35 work units)

    Nodes    |    Current Node    |     Objective Bounds      |     Work
 Expl Unexpl |  Obj  Depth IntInf | Incumbent    BestBd   Gap | It/Node Time

     0     0 5695.94365    0  343          - 5695.94365      -     -    2s
     0     0 5731.49550    0  423          - 5731.49550      -     -    4s
     0     0 5818.59163    0  452          - 5818.59163      -     -    5s
     0     0 5850.55391    0  461          - 5850.55391      -     -    6s
     0     0 5854.27230    0  508          - 5854.27230      -     -    7s
     0     0 5854.80338    0  473          - 5854.80338      -     -    7s
     0     0 5854.80587    0  476          - 5854.80587      -     -    7s
     0     0 5928.37022    0  488          - 5928.37022      -     -    9s
     0     0 5961.67552    0  534          - 5961.67552      -     -   10s
     0     0 5994.60964    0  541          - 5994.60964      -     -   11s
     0     0 6004.87164    0  553          - 6004.87164      -     -   12s
     0     0 6007.11748    0  638          - 6007.11748      -     -   12s
     0     0 6062.92282    0  586          - 6062.92282      -     -   16s
     0     0 6077.88242    0  612          - 6077.88242      -     -   17s
     0     0 6087.33813    0  588          - 6087.33813      -     -   18s
     0     0 6092.42640    0  661          - 6092.42640      -     -   18s
     0     0 6098.35311    0  623          - 6098.35311      -     -   20s
     0     0 6107.16592    0  615          - 6107.16592      -     -   21s
     0     0 6109.89913    0  634          - 6109.89913      -     -   22s
     0     0 6113.34559    0  644          - 6113.34559      -     -   23s
     0     0 6113.35653    0  628          - 6113.35653      -     -   23s
     0     0 6113.35653    0  618          - 6113.35653      -     -   24s
     0     2 6113.35660    0  594          - 6113.35660      -     -   29s
     3     8 6115.93296    2  583          - 6113.80938      -   345   30s
    53   105 6119.49203    6  568          - 6118.07228      -   379   35s
   172   206 6121.34888   10  560          - 6118.07228      -   341   41s
   244   283 6122.75841   12  562          - 6118.07228      -   364   45s
   282   305 6123.16295   14  557          - 6118.07228      -   359   52s
   342   377 6123.69210   16  565          - 6118.07228      -   333   57s
   423   446 6126.00893   19  518          - 6118.07228      -   325   62s
   445   470 6128.14402   20  541          - 6118.07228      -   328   66s
   500   523 6128.87666   22  544          - 6118.07228      -   335   70s
   545   566 6130.98920   23  538          - 6118.07228      -   334   76s
   590   611 6132.29706   25  541          - 6118.07228      -   337   80s
   634   654 6134.24628   27  554          - 6118.07228      -   334   85s
   704   725 6134.75083   29  555          - 6118.07228      -   324   92s
   728   749 6134.93552   30  557          - 6118.07228      -   322   95s
   780   799 6135.81169   32  545          - 6118.07228      -   317  100s
   828   847 6136.55791   34  529          - 6118.07228      -   310  106s
   874   887 6138.50324   36  525          - 6118.07228      -   309  112s
   901   912 6138.53295   37  523          - 6118.07228      -   308  115s
   953   963 6139.19279   39  529          - 6118.07228      -   304  122s
   980   989 6139.89017   40  536          - 6118.07228      -   301  125s
  1006  1016 6141.47855   40  533          - 6118.07228      -   299  130s
  1058  1079 6140.89809   42  538          - 6118.07228      -   299  137s
  1098  1125 6162.37703   45  503          - 6118.07228      -   296  141s
  1203  1247 6156.48453   54  517          - 6118.07228      -   296  149s
  1268  1343 6157.41912   55  485          - 6118.07228      -   303  153s
  1364  1455 6158.93789   58  500          - 6118.07228      -   301  157s
  1476  1589 6160.02769   64  479          - 6118.07228      -   298  161s
  1610  1721 6168.73751   68  474          - 6118.07228      -   293  165s
  1812  1875 6177.83007   74  446          - 6118.07228      -   294  174s
  1898  1975 6179.95879   78  441          - 6118.07228      -   296  180s
  2001  2016 6181.71839   82  434          - 6118.07228      -   294  186s
  2051  2053 6189.85287   84  437          - 6118.07228      -   295  191s
  2094  2097 6186.31414   85  425          - 6118.07228      -   293  197s
  2141  2166 6187.67149   86  411          - 6118.07228      -   293  203s
  2210  2255 6188.71610   87  434          - 6118.07228      -   290  209s
  2304  2344 6190.36307   88  447          - 6118.07228      -   289  215s
  2395  2469 6190.52846   89  455          - 6118.07228      -   290  220s
  2524  2648 6190.55790   90  444          - 6118.07228      -   289  226s
  2713  2841 6219.77173   91  446          - 6118.07228      -   286  232s
  2910  3080 6190.81001   91  445          - 6118.07228      -   284  238s
  3153  3335 6192.67996   92  453          - 6118.07228      -   279  250s
  3414  3578 6196.27587   93  457          - 6118.07228      -   276  257s
  3679  3918 6206.15443   95  435          - 6118.07228      -   275  264s
  4032  4202 6239.52299  101  417          - 6118.07228      -   269  272s
  4344  4486 6252.21793  113  399          - 6118.07228      -   267  281s
  4658  4700 6368.12784  137  379          - 6119.50648      -   266  290s
  4896  4963 6314.62947  144  359          - 6119.50648      -   270  299s
  5181  5227 6411.05004  157  357          - 6119.50648      -   272  308s
  5460  5584 6468.34043  173  339          - 6119.50648      -   274  318s
  5837  5881 6530.65827  186  349          - 6119.50648      -   271  328s
  6168  6213 6603.59877  200  292          - 6119.50648      -   272  338s
  6548  6540 infeasible  218               - 6119.50648      -   274  349s
  6959  6882 infeasible  235               - 6120.37101      -   273  359s
  7367  7192 6196.61093   14  433          - 6120.37101      -   272  369s
  7803  7505 6212.00392   27  397          - 6120.62320      -   272  379s
  8197  7721 6232.72376   45  421          - 6120.62320      -   273  390s
  8443  8061 6232.95013   46  388          - 6120.62320      -   271  404s
  8799  8537 6275.92996   49  357          - 6120.62320      -   270  416s
  9344  8914 6310.10760   58  339          - 6120.62320      -   269  431s
  9822  9252 6372.70410   74  297          - 6123.16770      -   268  445s
 10194  9253 6183.97435   57 22120          - 6123.16770      -   268  476s
 10196  9254 6251.66995  113  430          - 6123.16770      -   268  489s
 10197  9255 6192.68436   58  483          - 6123.16770      -   268  493s
 10198  9256 6281.85574  119  558          - 6123.16770      -   268  498s
 10199  9256 6213.93674   33  553          - 6123.16770      -   268  503s
 10200  9257 6273.65091  123  567          - 6123.16770      -   268  505s
 10201  9258 6613.34479  163  588          - 6123.16770      -   268  510s
 10205  9260 6603.95974  176  669          - 6129.44080      -   267  517s
 10206  9261 6451.72605  157  694          - 6139.96448      -   267  520s
 10209  9263 6416.61525  148  745          - 6159.37123      -   267  525s
 10215  9267 6668.49192  237  801          - 6171.21454      -   267  530s
 10220  9270 6568.75046  138  752          - 6176.53469      -   267  535s
 10225  9274 6209.35041   87  716          - 6192.23606      -   267  540s
 10232  9278 6251.22392   43  820          - 6199.11590      -   267  546s
 10239  9283 6591.40476  152  772          - 6204.64863      -   267  550s
 10245  9287 6332.37707  115  758          - 6209.45495      -   266  555s
 10254  9293 6289.80224  137  766          - 6214.30668      -   266  561s
 10261  9298 6259.56525   44  804          - 6218.74462      -   266  565s
 10268  9302 6518.97647  216  780          - 6225.52683      -   266  570s
 10279  9310 6250.10094   70  843          - 6229.00931      -   266  575s
 10284  9313 6326.67495   42  821          - 6234.74128      -   265  580s
 10297  9322 6235.69961   58  854          - 6235.69961      -   265  585s
 10306  9328 6451.72605  157  862          - 6238.51286      -   265  590s
 10315  9334 6668.49192  237  829          - 6241.73867      -   265  595s
 10323  9339 6242.98431   33  872          - 6242.98431      -   264  600s
 10336  9348 6245.17204   81  854          - 6245.17204      -   264  606s
 10344  9353 6299.00189  120  880          - 6246.57717      -   264  611s
 10352  9358 6454.76708  189  886          - 6249.07434      -   264  615s
 10363  9366 6300.38558   76  863          - 6250.35715      -   263  620s
 10371  9371 6587.36806  129  860          - 6251.69180      -   263  625s
 10374  9373 6297.08255   84  838          - 6256.01731      -   263  630s
 10385  9380 6330.95461   84  907          - 6257.59517      -   263  636s
 10388  9382 6335.73941   73  877          - 6261.64698      -   263  640s
 10397  9388 6264.12311   58  849          - 6264.12311      -   263  648s
 10401  9391 6613.34479  163  876          - 6264.71058      -   262  650s
 10412  9398 6756.13112  166  912          - 6266.06111      -   262  655s
 10424  9406 6400.49000  158  885          - 6266.80872      -   262  660s
 10434  9413 6538.56896  161  911          - 6268.09853      -   262  665s
 10445  9420 6332.37707  115  888          - 6269.46020      -   261  670s
 10456  9428 6395.08135   94  917          - 6269.98880      -   261  675s
 10459  9430 6270.43160   16  908          - 6270.43160      -   261  685s
 10470  9437 6485.77073  197  887          - 6271.95377      -   261  691s
 10482  9445 6272.77691   20  954          - 6272.77691      -   260  695s
 10490  9450 6516.41802  176  920          - 6274.23978      -   260  700s
 10501  9458 6613.34479  163  989          - 6275.20802      -   260  705s
 10511  9464 6382.35331  118  942          - 6275.71193      -   260  710s
 10513  9466 6275.78331   41  961          - 6275.78331      -   260  716s
 10520  9470 6568.75046  138  988          - 6275.83567      -   259  720s
 10529  9476 6275.86170   59  968          - 6275.86170      -   259  725s
 10541  9484 7005.46284  187  965          - 6276.07525      -   259  730s
 10549  9490 6277.26761   67  954          - 6277.26761      -   259  735s
 10562  9498 6608.81270  170  953          - 6277.56009      -   258  740s
 10570  9504 6485.77073  197  986          - 6278.51632      -   258  745s
 10576  9508 6520.38855  224  966          - 6279.42601      -   258  750s
 10587  9515 6280.16078   44  963          - 6280.16078      -   258  755s
 10597  9522 6280.61416   58  971          - 6280.61416      -   258  760s
 10607  9528 6803.24213  185  964          - 6281.04504      -   257  765s
 10620  9537 6568.75046  138  977          - 6281.21185      -   257  770s
 10624  9540 6400.49000  158  967          - 6281.24877      -   257  798s
 10625  9540 6281.24910   87  976          - 6281.24910      -   257  801s
 10629  9543 6281.91386   59  897          - 6281.91386      -   257  805s
 10641  9551 7005.46284  187  934          - 6282.08182      -   256  811s
 10647  9555 6413.13218  117  943          - 6282.24767      -   256  815s
 10656  9561 6395.08135   94  968          - 6282.32535      -   256  820s
 10664  9566 6313.36248   51  947          - 6282.80063      -   256  825s
 10672  9572 6451.72605  157  947          - 6282.85886      -   256  830s
 10681  9578 6283.43554   16  953          - 6283.43554      -   256  835s
 10685  9580 6330.95461   84  953          - 6283.87321      -   255  840s
 10691  9584 6683.67170  218  959          - 6284.11903      -   255  846s
 10697  9588 6284.57549   58  979          - 6284.57549      -   255  851s
 10702  9592 6386.63673   97 1003          - 6284.69100      -   255  855s
 10709  9596 6416.61525  148 1009          - 6284.72925      -   255  860s
 10715  9600 6668.49192  237 1031          - 6285.08983      -   255  865s
 10726  9608 6285.20993   92 1011          - 6285.20993      -   254  870s
 10730  9610 6285.23110   32 1006          - 6285.23110      -   254  875s
 10737  9615 6285.37260  128 1004          - 6285.37260      -   254  880s
 10746  9621 6285.90477   62 1008          - 6285.90477      -   254  885s
 10757  9628 6410.09106  121 1008          - 6286.35905      -   254  890s
 10764  9633 6313.36248   51 1014          - 6286.72193      -   254  895s

Cutting planes:
  Gomory: 7
  Lift-and-project: 4
  Cover: 145
  Clique: 56
  MIR: 205
  Knapsack: 10
  StrongCG: 117
  Flow cover: 736
  GUB cover: 23
  Zero half: 80
  Mod-K: 3
  RLT: 121
  Relax-and-lift: 493
  BQP: 39

Explored 10770 nodes (2915081 simplex iterations) in 900.07 seconds (1071.40 work units)
Thread count was 22 (of 22 available processors)

Solution count 0

Time limit reached
Best objective -, best bound 6.288000000000e+03, gap -

User-callback calls 166161, time in user-callback 0.88 sec
