FIXINGS_START
(0, 0, 0)
(0, 6, 0)
(2, 4, 0)
(3, 0, 0)
(4, 0, 0)
(5, 0, 0)
(6, 0, 0)
(6, 9, 0)
(8, 0, 0)
(8, 6, 0)
(9, 0, 0)
(10, 0, 0)
(11, 0, 0)
(11, 6, 0)
(12, 0, 0)
(13, 0, 0)
(14, 0, 0)
(14, 6, 0)
(15, 0, 0)
(16, 0, 0)
(17, 0, 0)
(17, 9, 0)
(18, 0, 0)
(18, 9, 0)
(19, 0, 0)
(19, 4, 0)
(20, 0, 0)
(20, 6, 0)
(21, 4, 0)
(22, 8, 0)
(22, 9, 0)
(16, 1, 0)
(16, 4, 0)
(1, 0, 0)
(20, 1, 0)
(2, 1, 0)
(10, 1, 0)
(19, 1, 37)
(2, 2, 0)
(7, 0, 0)
(14, 3, 0)
(6, 4, 0)
(6, 6, 0)
(3, 3, 0)
(18, 4, 0)
(0, 4, 0)
(14, 4, 0)
(20, 2, 0)
(0, 5, 0)
(8, 4, 36)
(12, 2, 0)
(9, 2, 0)
(1, 2, 0)
(18, 5, 0)
(8, 5, 16)
(2, 3, 0)
(22, 0, 0)
(9, 4, 0)
(19, 3, 0)
(18, 6, 0)
(20, 3, 20)
(18, 7, 0)
(20, 4, 10)
(17, 1, 5)
(19, 5, 0)
(11, 2, 34)
(19, 6, 30)
(10, 2, 0)
(21, 1, 29)
(5, 1, 0)
(10, 4, 12)
(11, 5, 28)
(8, 7, 0)
(19, 7, 0)
(14, 5, 0)
(17, 2, 35)
(7, 3, 0)
(17, 4, 10)
(11, 7, 1)
FIXINGS_END
time 4.312
GUROBI
Status INFEASIBLE
Runtime 4.311334848403931
NodeCount 1.0
IterCount 9847.0
NumVars 9000
NumConstrs 61353
ObjBound inf
ObjBoundC inf
ObjVal None
MIPGap inf
