FIXINGS_START
(0, 0, 0)
(0, 6, 0)
(2, 4, 0)
(3, 0, 0)
(4, 0, 0)
(5, 0, 0)
(6, 0, 0)
(6, 9, 0)
(8, 0, 0)
(8, 6, 0)
(9, 0, 0)
(10, 0, 0)
(11, 0, 0)
(11, 6, 0)
(12, 0, 0)
(13, 0, 0)
(14, 0, 0)
(14, 6, 0)
(15, 0, 0)
(16, 0, 0)
(17, 0, 0)
(17, 9, 0)
(18, 0, 0)
(18, 9, 0)
(19, 0, 0)
(19, 4, 0)
(20, 0, 0)
(20, 6, 0)
(21, 4, 0)
(22, 8, 0)
(22, 9, 0)
(12, 2, 0)
(13, 1, 0)
(12, 4, 0)
(16, 1, 0)
(19, 3, 0)
(14, 4, 0)
(9, 2, 0)
(10, 1, 0)
(0, 4, 0)
(0, 5, 0)
(18, 4, 0)
(9, 4, 0)
(6, 4, 0)
(3, 3, 0)
(6, 6, 0)
(8, 7, 0)
(2, 1, 0)
(22, 0, 0)
(18, 5, 0)
(11, 3, 22)
(18, 6, 0)
(14, 5, 0)
(5, 1, 0)
(17, 6, 0)
(14, 7, 0)
(2, 2, 0)
(18, 7, 0)
(11, 5, 36)
(7, 0, 0)
(16, 2, 2)
(5, 2, 0)
(1, 0, 0)
(19, 5, 0)
(22, 2, 0)
(20, 1, 0)
(1, 2, 0)
(20, 2, 0)
(20, 7, 0)
(2, 3, 0)
(16, 4, 0)
(7, 3, 0)
(19, 7, 0)
(22, 3, 0)
(17, 8, 0)
(21, 2, 0)
(22, 5, 0)
(22, 7, 0)
(5, 5, 0)
FIXINGS_END
time 127.551
GUROBI
Status INFEASIBLE
Runtime 127.55119395256042
NodeCount 4317.0
IterCount 1091923.0
NumVars 9000
NumConstrs 61353
ObjBound inf
ObjBoundC inf
ObjVal None
MIPGap inf
