FIXINGS_START
(0, 0, 0)
(0, 4, 0)
(1, 0, 0)
(1, 6, 0)
(2, 0, 0)
(3, 5, 0)
(3, 6, 0)
(4, 0, 0)
(4, 1, 0)
(5, 0, 0)
(5, 6, 0)
(6, 0, 0)
(6, 6, 0)
(7, 0, 0)
(7, 6, 0)
(8, 0, 0)
(9, 0, 0)
(9, 6, 0)
(10, 0, 0)
(11, 5, 0)
(12, 6, 0)
(13, 0, 0)
(13, 6, 0)
(14, 6, 0)
(14, 7, 0)
(15, 0, 0)
(16, 0, 0)
(17, 0, 0)
(18, 0, 0)
(18, 4, 0)
(19, 0, 0)
(19, 9, 0)
(20, 0, 0)
(21, 0, 0)
(22, 2, 0)
(23, 0, 0)
(19, 1, 0)
(19, 4, 0)
(18, 1, 0)
(0, 6, 0)
(0, 7, 33)
(8, 1, 0)
(18, 3, 0)
(8, 2, 0)
(21, 2, 0)
(1, 4, 33)
(23, 3, 0)
(17, 1, 0)
(9, 2, 0)
(20, 1, 12)
(13, 1, 0)
(14, 0, 0)
(8, 3, 25)
(12, 0, 0)
(9, 3, 0)
(13, 2, 6)
(18, 5, 0)
(14, 1, 0)
(20, 2, 0)
(20, 3, 0)
(7, 4, 0)
(7, 5, 0)
(10, 1, 7)
(6, 1, 0)
(15, 1, 5)
(15, 2, 33)
(3, 0, 28)
(6, 3, 0)
(4, 2, 0)
(4, 3, 0)
(3, 1, 28)
(8, 5, 0)
(18, 7, 0)
(5, 8, 0)
(2, 1, 0)
(14, 4, 0)
(15, 3, 0)
(2, 2, 22)
(3, 2, 0)
(2, 3, 0)
(12, 1, 0)
(9, 4, 0)
(9, 5, 25)
(6, 4, 37)
FIXINGS_END
time 780.554
GUROBI
Status TIME_LIMIT
Runtime 780.5538108348846
NodeCount 8320.0
IterCount 3749971.0
NumVars 9360
NumConstrs 61946
ObjBound 6380.0
ObjBoundC 6379.550305288982
ObjVal inf
MIPGap inf
