
Gurobi 13.0.0 (linux64) logging started Fri Jan  2 14:15:32 2026

Set parameter LogFile to value "../experiments/network-n_50_s_0_rp_0-app_set-id_53_22_apps/compact_model_gurobi.log"
Set parameter TimeLimit to value 900
Gurobi Optimizer version 13.0.0 build v13.0.0rc1 (linux64 - "Ubuntu 24.04.3 LTS")

CPU model: Intel(R) Core(TM) Ultra 7 165H, instruction set [SSE2|AVX|AVX2]
Thread count: 22 physical cores, 22 logical processors, using up to 22 threads

Non-default parameters:
TimeLimit  900
LogToConsole  0

Academic license 2539022 - for non-commercial use only - registered to al___@studenti.unimi.it
Optimize a model with 29057 rows, 7150 columns and 67768 nonzeros (Min)
Model fingerprint: 0x7743b52f
Model has 7150 linear objective coefficients
Model has 166 quadratic constraints
Variable types: 0 continuous, 7150 integer (7150 binary)
Coefficient statistics:
  Matrix range     [1e+00, 9e+02]
  QMatrix range    [5e+01, 2e+02]
  Objective range  [1e+01, 2e+02]
  Bounds range     [1e+00, 1e+00]
  RHS range        [1e+00, 1e+09]
  QRHS range       [1e+02, 6e+02]
Presolve removed 27517 rows and 4555 columns
Presolve time: 0.30s
Presolved: 28124 rows, 29019 columns, 170120 nonzeros
Variable types: 0 continuous, 29019 integer (29019 binary)
Deterministic concurrent LP optimizer: primal and dual simplex
Showing primal log only...

Concurrent spin time: 0.00s

Solved with dual simplex

Root relaxation: objective 5.754024e+03, 4941 iterations, 0.95 seconds (1.14 work units)

    Nodes    |    Current Node    |     Objective Bounds      |     Work
 Expl Unexpl |  Obj  Depth IntInf | Incumbent    BestBd   Gap | It/Node Time

     0     0 5754.02384    0  356          - 5754.02384      -     -    1s
     0     0 5757.17572    0  344          - 5757.17572      -     -    2s
     0     0 6166.71837    0  380          - 6166.71837      -     -    4s
     0     0 6713.48693    0  373          - 6713.48693      -     -    5s
     0     0 6768.88760    0  417          - 6768.88760      -     -    5s
     0     0 6777.02032    0  418          - 6777.02032      -     -    5s
     0     0 6777.40994    0  424          - 6777.40994      -     -    5s
     0     0 infeasible    0               - infeasible      -     -    7s

Cutting planes:
  Gomory: 9
  Lift-and-project: 15
  Cover: 43
  Clique: 23
  MIR: 32
  Knapsack: 22
  StrongCG: 22
  GUB cover: 12
  Zero half: 17
  RLT: 159
  Relax-and-lift: 131
  BQP: 40

Explored 1 nodes (12395 simplex iterations) in 7.44 seconds (7.17 work units)
Thread count was 22 (of 22 available processors)

Solution count 0

Model is infeasible
Best objective -, best bound -, gap -

User-callback calls 1321, time in user-callback 0.00 sec
