FIXINGS_START
(0, 0, 0)
(0, 6, 0)
(1, 0, 0)
(2, 0, 0)
(2, 8, 0)
(3, 3, 0)
(4, 0, 0)
(5, 0, 0)
(5, 6, 0)
(7, 0, 0)
(8, 0, 0)
(9, 0, 0)
(10, 0, 0)
(10, 6, 0)
(11, 0, 0)
(11, 9, 0)
(12, 0, 0)
(12, 4, 0)
(13, 0, 0)
(13, 4, 0)
(14, 0, 0)
(15, 3, 0)
(16, 0, 0)
(16, 6, 0)
(5, 1, 2)
(13, 1, 7)
(11, 1, 0)
(7, 1, 20)
(15, 2, 0)
(5, 3, 0)
(10, 1, 0)
(0, 7, 0)
(1, 1, 0)
(16, 1, 17)
(12, 1, 0)
(13, 2, 0)
(4, 2, 10)
(6, 0, 0)
(6, 1, 0)
(1, 2, 0)
(11, 4, 0)
(14, 3, 0)
(10, 3, 0)
(10, 5, 1)
(7, 2, 0)
(3, 0, 0)
(3, 1, 0)
(10, 8, 0)
(13, 3, 23)
(4, 3, 0)
(7, 4, 0)
(4, 4, 0)
(5, 5, 0)
(9, 2, 0)
(3, 2, 0)
(11, 6, 0)
(1, 4, 0)
(1, 5, 0)
(13, 6, 27)
FIXINGS_END
found_sol 5106.0 time 0.367
found_sol 4820.0 time 0.368
found_sol 4804.0 time 0.369
found_sol 4705.0 time 0.550
found_sol 4617.0 time 0.551
found_sol 4609.0 time 0.552
found_sol 4456.0 time 1.430
found_sol 4447.0 time 1.430
found_sol 4437.0 time 1.431
found_sol 4249.0 time 1.584
found_sol 4234.0 time 2.270
found_sol 4209.0 time 2.414
found_sol 4208.0 time 2.415
found_sol 4198.0 time 2.547
found_sol 4123.0 time 3.020
found_sol 4108.0 time 3.172
found_sol 4041.0 time 3.568
found_sol 4041.0 time 8.665
found_sol 4108.0 time 8.666
found_sol 4123.0 time 8.667
found_sol 4026.0 time 26.379
found_sol 4026.0 time 129.153
time 129.159
GUROBI
Status OPTIMAL
Runtime 129.15902614593506
NodeCount 81192.0
IterCount 5324531.0
NumVars 5500
NumConstrs 21591
ObjBound 4026.0
ObjBoundC 4026.0
ObjVal 4026.0
MIPGap 0.0
