
Gurobi 13.0.0 (linux64) logging started Sun Jan  4 00:33:21 2026

Set parameter LogFile to value "../experiments/network-n_60_s_2_rp_0-app_set-id_10_8_apps/compact_model_gurobi.log"
Set parameter TimeLimit to value 900
Gurobi Optimizer version 13.0.0 build v13.0.0rc1 (linux64 - "Ubuntu 24.04.3 LTS")

CPU model: Intel(R) Core(TM) Ultra 7 165H, instruction set [SSE2|AVX|AVX2]
Thread count: 22 physical cores, 22 logical processors, using up to 22 threads

Non-default parameters:
TimeLimit  900
LogToConsole  0

Academic license 2539022 - for non-commercial use only - registered to al___@studenti.unimi.it
Optimize a model with 17030 rows, 3120 columns and 38415 nonzeros (Min)
Model fingerprint: 0x4d658eb0
Model has 3120 linear objective coefficients
Model has 190 quadratic constraints
Variable types: 0 continuous, 3120 integer (3120 binary)
Coefficient statistics:
  Matrix range     [1e+00, 9e+02]
  QMatrix range    [5e+01, 2e+02]
  Objective range  [1e+01, 2e+02]
  Bounds range     [1e+00, 1e+00]
  RHS range        [1e+00, 1e+09]
  QRHS range       [1e+02, 6e+02]
Presolve removed 16167 rows and 1769 columns
Presolve time: 0.29s
Presolved: 23041 rows, 23346 columns, 148921 nonzeros
Variable types: 0 continuous, 23346 integer (23346 binary)
Found heuristic solution: objective 3068.0000000
Deterministic concurrent LP optimizer: primal and dual simplex
Showing primal log only...

Concurrent spin time: 0.03s

Solved with dual simplex

Root relaxation: objective 1.339736e+03, 211 iterations, 0.12 seconds (0.09 work units)

    Nodes    |    Current Node    |     Objective Bounds      |     Work
 Expl Unexpl |  Obj  Depth IntInf | Incumbent    BestBd   Gap | It/Node Time

     0     0 1339.73587    0   38 3068.00000 1339.73587  56.3%     -    1s
H    0     0                    1560.0000000 1339.73587  14.1%     -    1s
H    0     0                    1532.0000000 1339.73587  12.5%     -    1s
H    0     0                    1523.0000000 1339.73587  12.0%     -    1s
     0     0 1348.47005    0   68 1523.00000 1348.47005  11.5%     -    1s
H    0     0                    1413.0000000 1348.47005  4.57%     -    1s
H    0     0                    1374.0000000 1348.47005  1.86%     -    1s
H    0     0                    1367.0000000 1348.47005  1.36%     -    1s
H    0     0                    1364.0000000 1349.62625  1.05%     -    1s
     0     0 1349.62625    0   56 1364.00000 1349.62625  1.05%     -    1s
     0     0 1349.66085    0   58 1364.00000 1349.66085  1.05%     -    1s
     0     0 1349.67860    0   55 1364.00000 1349.67860  1.05%     -    1s
     0     0 1353.84838    0   48 1364.00000 1353.84838  0.74%     -    1s
     0     0 1354.11849    0   56 1364.00000 1354.11849  0.72%     -    1s
     0     0 1354.13392    0   51 1364.00000 1354.13392  0.72%     -    1s
     0     0 1357.23298    0   62 1364.00000 1357.23298  0.50%     -    2s
     0     0 1357.35656    0   51 1364.00000 1357.35656  0.49%     -    2s
     0     0 1357.50000    0    9 1364.00000 1357.50000  0.48%     -    2s
H    0     0                    1363.0000000 1357.51111  0.40%     -    2s
     0     0 1358.79251    0   53 1363.00000 1358.79251  0.31%     -    2s
     0     0 1358.79251    0   46 1363.00000 1358.79251  0.31%     -    2s
     0     0 1359.45455    0   49 1363.00000 1359.45455  0.26%     -    2s
     0     0 1361.00000    0   35 1363.00000 1361.00000  0.15%     -    2s
     0     0 1361.00000    0   34 1363.00000 1361.00000  0.15%     -    2s
     0     0 1361.00000    0   34 1363.00000 1361.00000  0.15%     -    2s
     0     0 1361.00000    0   30 1363.00000 1361.00000  0.15%     -    2s
     0     0 1361.50000    0    8 1363.00000 1361.50000  0.11%     -    2s
     0     0 infeasible    0      1363.00000 1363.00000  0.00%     -    2s

Explored 1 nodes (658 simplex iterations) in 2.66 seconds (1.92 work units)
Thread count was 22 (of 22 available processors)

Solution count 10: 1363 1363 1364 ... 3068

Optimal solution found (tolerance 1.00e-04)
Best objective 1.363000000000e+03, best bound 1.363000000000e+03, gap 0.0000%

User-callback calls 986, time in user-callback 0.00 sec
