
Gurobi 13.0.0 (linux64) logging started Sat Jan  3 12:54:19 2026

Set parameter LogFile to value "../experiments/network-n_60_s_0_rp_0-app_set-id_71_28_apps/compact_model_gurobi.log"
Set parameter TimeLimit to value 900
Gurobi Optimizer version 13.0.0 build v13.0.0rc1 (linux64 - "Ubuntu 24.04.3 LTS")

CPU model: Intel(R) Core(TM) Ultra 7 165H, instruction set [SSE2|AVX|AVX2]
Thread count: 22 physical cores, 22 logical processors, using up to 22 threads

Non-default parameters:
TimeLimit  900
LogToConsole  0

Academic license 2539022 - for non-commercial use only - registered to al___@studenti.unimi.it
Optimize a model with 59697 rows, 10920 columns and 134652 nonzeros (Min)
Model fingerprint: 0xf86a8e73
Model has 10920 linear objective coefficients
Model has 200 quadratic constraints
Variable types: 0 continuous, 10920 integer (10920 binary)
Coefficient statistics:
  Matrix range     [1e+00, 9e+02]
  QMatrix range    [5e+01, 2e+02]
  Objective range  [1e+01, 2e+02]
  Bounds range     [1e+00, 1e+00]
  RHS range        [1e+00, 1e+09]
  QRHS range       [1e+02, 6e+02]
Presolve removed 57115 rows and 6350 columns
Presolve time: 0.59s
Presolved: 74317 rows, 76048 columns, 455245 nonzeros
Variable types: 0 continuous, 76048 integer (76048 binary)
Deterministic concurrent LP optimizer: primal and dual simplex
Showing primal log only...

Concurrent spin time: 0.00s

Solved with dual simplex

Root simplex log...

Iteration    Objective       Primal Inf.    Dual Inf.      Time
    7639    7.5973742e+03   0.000000e+00   0.000000e+00      5s

Root relaxation: objective 7.597374e+03, 7639 iterations, 2.68 seconds (3.21 work units)
Total elapsed time = 5.03s (DegenMoves)

    Nodes    |    Current Node    |     Objective Bounds      |     Work
 Expl Unexpl |  Obj  Depth IntInf | Incumbent    BestBd   Gap | It/Node Time

     0     0 7597.37420    0  478          - 7597.37420      -     -    5s
     0     0 7597.37957    0  449          - 7597.37957      -     -    5s
     0     0 7726.17217    0  536          - 7726.17217      -     -   11s
     0     0 7726.42391    0  537          - 7726.42391      -     -   11s
     0     0 7964.19527    0  556          - 7964.19527      -     -   20s
     0     0 7984.38381    0  585          - 7984.38381      -     -   24s
     0     0 7985.28019    0  590          - 7985.28019      -     -   25s
     0     0 7985.35003    0  593          - 7985.35003      -     -   25s
     0     0 8074.23549    0  588          - 8074.23549      -     -   31s
     0     0 8171.83293    0  647          - 8171.83293      -     -   35s
     0     0 8252.59337    0  666          - 8252.59337      -     -   41s
     0     0 8253.22232    0  663          - 8253.22232      -     -   41s
     0     0 8292.99069    0  706          - 8292.99069      -     -   46s
     0     0 8305.79827    0  714          - 8305.79827      -     -   48s
     0     0 8309.88390    0  761          - 8309.88390      -     -   50s
     0     0 8430.11810    0  723          - 8430.11810      -     -   61s
     0     0 8517.74015    0  694          - 8517.74015      -     -   66s
     0     0 8565.30170    0  695          - 8565.30170      -     -   71s
     0     0 8596.55966    0  786          - 8596.55966      -     -   76s
     0     0 8610.38777    0  811          - 8610.38777      -     -   78s
     0     0 8636.07383    0  932          - 8636.07383      -     -   82s
     0     0 8640.85584    0  895          - 8640.85584      -     -   84s
     0     0 8668.15678    0  847          - 8668.15678      -     -   87s
     0     0 8691.34221    0  816          - 8691.34221      -     -   89s
     0     0 8712.24585    0  838          - 8712.24585      -     -   92s
     0     0 8746.66798    0  890          - 8746.66798      -     -   95s
     0     0 8760.03740    0  935          - 8760.03740      -     -   97s
     0     0 8776.91306    0  915          - 8776.91306      -     -   99s
     0     0 8797.12876    0  906          - 8797.12876      -     -  101s
     0     0 8844.34207    0  932          - 8844.34207      -     -  105s
     0     0 8846.19236    0  875          - 8846.19236      -     -  105s
     0     0 8854.31017    0  862          - 8854.31017      -     -  107s
     0     0 8854.40720    0  849          - 8854.40720      -     -  107s
     0     0 8854.40720    0  834          - 8854.40720      -     -  108s
     0     2 8854.40904    0  797          - 8854.40904      -     -  115s
     7     8 8857.30707    3  767          - 8857.30707      -   510  120s
    21    28 8861.08112    5  782          - 8858.41486      -   623  126s
    35    49 8867.69393    6  773          - 8861.22422      -   573  130s
    57   125 8868.36359    7  773          - 8867.94258      -   597  136s
   134   164 8876.05713   11  789          - 8867.94258      -   408  142s
   174   197 8876.98783   12  772          - 8867.94258      -   459  147s
   214   228 8879.01455   13  769          - 8867.94258      -   497  154s
   247   253 8888.62378   15  766          - 8867.94258      -   539  161s
   277   296 8892.58131   19  750          - 8867.94258      -   601  167s
   322   328 8906.04569   22  761          - 8867.94258      -   612  174s
   358   356 8909.22715   25  763          - 8867.94258      -   634  181s
   394   386 8922.78734   26  764          - 8867.94258      -   650  189s
   430   416 8923.74872   27  758          - 8867.94258      -   667  194s
   464   434 8928.61639   30  745          - 8867.94258      -   676  202s
   494   452 9040.95439   31  745          - 8868.37443      -   693  207s
   524   473 8992.87661   32  750          - 8868.37443      -   699  215s
   551   493 8956.97020   32  774          - 8868.37443      -   709  221s
   575   512 9178.97525   34  752          - 8868.37443      -   727  228s
   604   536 8967.33701   35  772          - 8868.37443      -   736  234s
   632   558 8987.18982   38  771          - 8868.37443      -   746  240s
   660   580 8991.63352   41  749          - 8868.37443      -   738  247s
   684   604 8995.95820   41  694          - 8868.37443      -   744  254s
   708   625 8993.38685   42  752          - 8868.37443      -   744  260s
   735   639 8997.89516   43  757          - 8868.37443      -   743  266s
   758   661 9006.91732   43  740          - 8868.37443      -   743  272s
   780   680 9023.60223   44  780          - 8868.37443      -   739  278s
   802   700 9205.14525   45  713          - 8868.37443      -   738  286s
   826   719 9029.92202   45  755          - 8868.37443      -   743  294s
   849   736 9030.03816   46  753          - 8868.37443      -   742  302s
   872   754 9056.37877   47  761          - 8868.37443      -   745  309s
   898   770 9035.53945   47  726          - 8868.37443      -   743  317s
   924   785 9043.09556   48  730          - 8868.37443      -   745  325s
   951   803 9048.03931   49  755          - 8868.37443      -   744  333s
   977   821 9051.58366   50  636          - 8868.37443      -   737  341s
  1007   854 9052.82463   51  627          - 8868.37443      -   731  350s
  1050   873 9058.31601   52  629          - 8868.37443      -   716  359s
  1095   906 9059.51202   53  632          - 8868.37443      -   706  368s
  1132   936 9074.92299   54  631          - 8868.37443      -   700  378s
  1182   958 9094.42456   55  641          - 8868.37443      -   694  389s
  1242   980 9102.75770   56  632          - 8877.01837      -   694  399s
  1290  1014 9120.21211   59  617          - 8877.01837      -   691  409s
  1334  1059 9153.51790   67  610          - 8877.01837      -   689  421s
  1397  1103 9341.59710   73  568          - 8877.01837      -   686  433s
  1461  1132 9230.30731   82  628          - 8881.96406      -   683  445s
  1494  1157 9273.11482   84  566          - 8881.96406      -   688  457s
  1527  1187 9278.07397   85  585          - 8881.96406      -   690  469s
  1567  1229 9284.43249   86  576          - 8881.96406      -   690  481s
  1625  1244 9286.76018   87  574          - 8881.96406      -   684  494s
  1680  1285 infeasible   88               - 8882.98801      -   687  507s
  1745  1353 9439.14605   89  577          - 8882.98801      -   686  520s
  1839  1399 infeasible   89               - 8885.29057      -   675  535s
  1916  1449 9453.07772   91  588          - 8888.79545      -   674  550s
  2008  1511 9716.43364   91  526          - 8888.79545      -   673  566s
  2094  1579 9461.30484   92  579          - 8888.79545      -   676  583s
  2191  1662 9462.92717   93  540          - 8888.79545      -   676  599s
  2324  1744 9805.02620   97  525          - 8888.79545      -   676  616s
  2454  1868 8975.14738   12  797          - 8895.42944      -   681  633s
  2622  1945 9054.26083   23  666          - 8895.42944      -   678  652s
  2777  2053 9211.77296   25  665          - 8895.42944      -   684  672s
  2959  2155 9286.19184   28  686          - 8895.42944      -   685  692s
  3135  2180 9417.58424   31  615          - 8905.64700      -   686  715s
  3174  2196 infeasible   31               - 8906.45419      -   687  738s
  3210  2214 9473.30954   33  636          - 8906.45419      -   688  763s
  3248  2251 9478.35893   34  611          - 8906.45419      -   686  787s
  3310  2252 9274.70889   49 33801          - 8906.68075      -   686  816s
  3312  2253 9331.48920   25  420          - 8906.68075      -   686  847s
  3313  2254 9212.41121   74  488          - 8906.68075      -   685  850s
  3314  2255 9342.96967   63  493          - 8906.68075      -   685  855s
  3315  2255 9408.87342   46  695          - 8906.68075      -   685  868s
  3316  2256 9301.27190   41  730          - 8906.68075      -   685  881s

Cutting planes:
  Gomory: 10
  Lift-and-project: 6
  Cover: 76
  Clique: 34
  MIR: 48
  Knapsack: 35
  StrongCG: 41
  Flow cover: 13
  GUB cover: 18
  Zero half: 49
  RLT: 156
  Relax-and-lift: 192
  BQP: 46

Explored 3316 nodes (2362787 simplex iterations) in 900.53 seconds (921.18 work units)
Thread count was 22 (of 22 available processors)

Solution count 0

Time limit reached
Best objective -, best bound 8.907000000000e+03, gap -

User-callback calls 108619, time in user-callback 0.85 sec
