
Gurobi 13.0.0 (linux64) logging started Sat Jan  3 06:23:25 2026

Set parameter LogFile to value "../experiments/network-n_60_s_0_rp_0-app_set-id_45_20_apps/compact_model_gurobi.log"
Set parameter TimeLimit to value 900
Gurobi Optimizer version 13.0.0 build v13.0.0rc1 (linux64 - "Ubuntu 24.04.3 LTS")

CPU model: Intel(R) Core(TM) Ultra 7 165H, instruction set [SSE2|AVX|AVX2]
Thread count: 22 physical cores, 22 logical processors, using up to 22 threads

Non-default parameters:
TimeLimit  900
LogToConsole  0

Academic license 2539022 - for non-commercial use only - registered to al___@studenti.unimi.it
Optimize a model with 46974 rows, 7800 columns and 105002 nonzeros (Min)
Model fingerprint: 0xa37a6790
Model has 7800 linear objective coefficients
Model has 200 quadratic constraints
Variable types: 0 continuous, 7800 integer (7800 binary)
Coefficient statistics:
  Matrix range     [1e+00, 9e+02]
  QMatrix range    [5e+01, 2e+02]
  Objective range  [1e+01, 2e+02]
  Bounds range     [1e+00, 1e+00]
  RHS range        [1e+00, 1e+09]
  QRHS range       [1e+02, 6e+02]
Presolve removed 45007 rows and 4340 columns
Presolve time: 0.60s
Presolved: 55020 rows, 56316 columns, 343398 nonzeros
Variable types: 0 continuous, 56316 integer (56316 binary)
Deterministic concurrent LP optimizer: primal and dual simplex
Showing primal log only...

Concurrent spin time: 0.00s

Solved with dual simplex

Root relaxation: objective 4.598992e+03, 3216 iterations, 1.04 seconds (1.18 work units)

    Nodes    |    Current Node    |     Objective Bounds      |     Work
 Expl Unexpl |  Obj  Depth IntInf | Incumbent    BestBd   Gap | It/Node Time

     0     0 4598.99216    0  303          - 4598.99216      -     -    3s
     0     0 4655.72357    0  318          - 4655.72357      -     -    6s
     0     0 4655.75256    0  321          - 4655.75256      -     -    7s
     0     0 4691.80467    0  366          - 4691.80467      -     -    8s
     0     0 4691.80467    0  365          - 4691.80467      -     -    8s
     0     0 4699.94341    0  384          - 4699.94341      -     -    9s
     0     0 4701.08256    0  374          - 4701.08256      -     -    9s
     0     0 4701.09645    0  367          - 4701.09645      -     -    9s
     0     0 4701.14170    0  370          - 4701.14170      -     -    9s
     0     0 4717.50961    0  360          - 4717.50961      -     -   12s
     0     0 4717.65040    0  364          - 4717.65040      -     -   12s
     0     0 4735.83488    0  400          - 4735.83488      -     -   14s
     0     0 4748.39247    0  409          - 4748.39247      -     -   16s
     0     0 4751.54392    0  405          - 4751.54392      -     -   17s
     0     0 4752.91580    0  438          - 4752.91580      -     -   17s
     0     0 4753.06870    0  438          - 4753.06870      -     -   17s
     0     0 4761.74537    0  402          - 4761.74537      -     -   20s
     0     0 4767.98013    0  440          - 4767.98013      -     -   21s
     0     0 4770.52807    0  422          - 4770.52807      -     -   22s
     0     0 4779.13882    0  433          - 4779.13882      -     -   25s
     0     0 4781.28905    0  449          - 4781.28905      -     -   26s
     0     0 4785.19821    0  434          - 4785.19821      -     -   27s
     0     0 4785.21820    0  430          - 4785.21820      -     -   27s
     0     0 4785.21820    0  424          - 4785.21820      -     -   27s
     0     2 4785.22495    0  417          - 4785.22495      -     -   32s
     3     8 4785.99108    2  397          - 4785.89291      -   535   35s
    29    44 4786.54285    5  342          - 4786.40872      -   412   40s
    96   116 4787.32924    7  376          - 4787.32924      -   304   45s
   219   230 4790.06595   11  350          - 4787.72434      -   287   51s
   306   318 4792.17567   15  380          - 4787.72434      -   266   56s
   383   375 4802.92338   17  332          - 4787.72434      -   253   60s
   467   456 4796.53586   22  347          - 4787.72434      -   244   66s
H  488   456                    5102.0000000 4787.72434  6.16%   248   66s
H  492   504                    5101.0000000 4787.72434  6.14%   248   68s
H  540   526                    5099.0000000 4787.72434  6.10%   244   70s
H  547   526                    5098.0000000 4787.72434  6.09%   244   71s
H  552   526                    5094.0000000 4787.72434  6.01%   243   71s
H  555   526                    5093.0000000 4787.72434  5.99%   242   71s
H  555   526                    5058.0000000 4787.72434  5.34%   242   71s
H  621   620                    5039.0000000 4787.72434  4.99%   235   74s
H  637   620                    5037.0000000 4787.72434  4.95%   236   74s
   658   648 4806.60474   27  305 5037.00000 4787.72434  4.95%   235   77s
H  707   669                    5010.0000000 4787.72434  4.44%   230   79s
   709   703 4808.72378   28  307 5010.00000 4787.72434  4.44%   230   82s
H  718   703                    5007.0000000 4787.72434  4.38%   231   82s
   758   766 4808.99571   30  290 5007.00000 4787.72434  4.38%   232   85s
H  866   813                    5006.0000000 4787.72434  4.36%   226   87s
   959   893 4815.72155   37  324 5006.00000 4788.83876  4.34%   221   92s
H 1006   921                    4992.0000000 4788.83876  4.07%   227   94s
  1010   978 4816.93411   39  317 4992.00000 4788.83876  4.07%   228   97s
  1077  1015 4823.54458   40  350 4992.00000 4788.83876  4.07%   231  100s
  1203  1152 4825.31256   43  385 4992.00000 4790.06596  4.05%   238  106s
  1282  1225 4825.95550   44  373 4992.00000 4790.06596  4.05%   236  110s
H 1386  1242                    4976.0000000 4790.54448  3.73%   236  113s
  1400  1296 4827.37157   46  340 4976.00000 4790.54448  3.73%   235  117s
  1500  1274 4829.97483   49  384 4976.00000 4790.54448  3.73%   233  120s
  1671  1405 4846.08688   58  378 4976.00000 4791.41088  3.71%   232  127s
  1742  1472 4848.87718   59  318 4976.00000 4791.41088  3.71%   235  132s
  1809  1576 4849.82235   60  319 4976.00000 4791.41088  3.71%   239  135s
H 1866  1528                    4970.0000000 4791.41088  3.59%   238  135s
  1921  1550 4852.41282   65  328 4970.00000 4791.41088  3.59%   236  140s
H 2007  1530                    4955.0000000 4791.41088  3.30%   236  144s
H 2053  1567                    4951.0000000 4791.41088  3.22%   236  149s
  2165  1638 4859.90975   70  321 4951.00000 4792.19447  3.21%   237  154s
  2258  1752 4859.94591   71  306 4951.00000 4792.19447  3.21%   239  158s
  2372  1861 4862.06946   81  267 4951.00000 4792.19447  3.21%   237  163s
  2493  1977 4864.01958   87  246 4951.00000 4792.19447  3.21%   237  168s
  2656  2091 4904.25582   94  215 4951.00000 4792.19447  3.21%   234  173s
  2808  2092 4922.10642   48 24633 4951.00000 4792.19447  3.21%   232  195s
  2810  2093 4857.23428   59  353 4951.00000 4792.19447  3.21%   232  204s
  2811  2094 4937.04907   69  444 4951.00000 4792.19447  3.21%   232  208s
  2812  2095 4901.20623   65  410 4951.00000 4792.19447  3.21%   232  212s
  2814  2096 4864.98069   21  497 4951.00000 4792.19447  3.21%   232  216s
  2816  2097 4945.13070  108  420 4951.00000 4792.19447  3.21%   232  221s
  2823  2102 4855.13708   60  447 4951.00000 4792.19447  3.21%   231  226s
  2825  2103 4906.99269   27  442 4951.00000 4797.80663  3.09%   231  230s
  2835  2110 4914.78917   36  510 4951.00000 4803.44606  2.98%   230  237s
  2838  2112 4902.10340   63  444 4951.00000 4805.80659  2.93%   230  240s
  2849  2119 4825.96726   27  471 4951.00000 4807.49066  2.90%   229  245s
  2856  2124 4885.02088   48  511 4951.00000 4811.46710  2.82%   228  250s
  2865  2130 4864.38502   12  509 4951.00000 4814.78250  2.75%   228  256s
  2874  2136 4920.15603   17  507 4951.00000 4815.61526  2.73%   227  260s
  2880  2140 4928.54369   44  487 4951.00000 4817.31411  2.70%   226  265s
  2891  2147 4852.70473   65  490 4951.00000 4819.20713  2.66%   226  271s
  2897  2151 4846.24001   47  580 4951.00000 4821.09671  2.62%   225  275s
  2902  2155 4918.73942    8  526 4951.00000 4821.93979  2.61%   225  281s
  2909  2159 4916.68217   55  605 4951.00000 4822.20550  2.60%   224  286s
H 2913  2052                    4950.0000000 4824.29000  2.54%   224  290s
  2920  2057 4883.55354   49  545 4950.00000 4824.70451  2.53%   223  295s
  2927  2061 4942.44265   59  530 4950.00000 4824.90389  2.53%   223  300s
  2937  2068 4907.19795   39  562 4950.00000 4826.01666  2.50%   222  306s
  2942  2071 4830.24706   51  562 4950.00000 4826.11843  2.50%   222  310s
  2946  2074 4867.98113   16  561 4950.00000 4826.15452  2.50%   221  316s
  2954  2079 4860.56339   66  538 4950.00000 4826.33663  2.50%   221  321s
  2959  2083 4927.63226   67  524 4950.00000 4827.74802  2.47%   220  325s
  2966  2087 4831.18200   54  534 4950.00000 4828.54416  2.45%   220  330s
  2976  2094 4830.32404   37  610 4950.00000 4829.12484  2.44%   219  336s
  2981  2097 4913.40639   51  579 4950.00000 4829.61376  2.43%   219  340s
  2988  2102 4840.64503   35  582 4950.00000 4830.08726  2.42%   218  346s
  2996  2107 4841.84908   17  601 4950.00000 4831.16365  2.40%   218  350s
  3002  2111 4918.73942    8  564 4950.00000 4831.26995  2.40%   217  355s
H 3008  2006                    4949.0000000 4831.44005  2.38%   217  359s
  3009  2007 4916.68217   55  564 4949.00000 4831.44005  2.38%   217  360s
  3016  2012 4945.13070  108  585 4949.00000 4831.48368  2.37%   216  366s
  3017  2012 4884.80864   34  583 4949.00000 4831.49188  2.37%   216  373s
  3018  2013 4855.52255   61  579 4949.00000 4831.49281  2.37%   216  375s
  3025  2018 4906.99269   27  542 4949.00000 4831.78513  2.37%   216  380s
  3034  2024 4857.43039    8  547 4949.00000 4832.05990  2.36%   215  385s
  3045  2031 4944.59075   73  552 4949.00000 4832.20387  2.36%   214  391s
  3049  2034 4832.25691   27  558 4949.00000 4832.25691  2.36%   214  395s
  3055  2038 4874.31577   37  569 4949.00000 4832.34188  2.36%   213  401s
  3059  2040 4927.63226   67  590 4949.00000 4832.35782  2.36%   213  405s
  3064  2044 4894.82596   54  591 4949.00000 4832.36873  2.36%   213  410s
  3070  2049 4893.65092   99 22879 4949.00000 4832.37053  2.36%   232  425s
  3072  2050 4863.28366   40  352 4949.00000 4832.37053  2.36%   232  432s
  3074  2052 4920.15603   17  408 4949.00000 4832.37053  2.36%   231  436s
  3076  2053 4832.37053   37  384 4949.00000 4832.37053  2.36%   231  441s
  3078  2054 4918.06131   58  438 4949.00000 4832.78678  2.35%   231  445s
  3081  2056 4913.40639   51  470 4949.00000 4832.95392  2.34%   231  450s
  3085  2059 4944.43174   45  473 4949.00000 4832.95392  2.34%   231  455s
  3094  2065 4897.25340   32  532 4949.00000 4833.34334  2.34%   230  460s
  3101  2070 4857.65830   43  555 4949.00000 4833.71722  2.33%   229  466s
  3106  2073 4914.28423   58  545 4949.00000 4833.76958  2.33%   229  470s
  3110  2076 4857.23428   59  557 4949.00000 4833.79125  2.33%   229  476s
  3114  2078 4864.98069   21  520 4949.00000 4834.06348  2.32%   228  480s
  3125  2086 4906.99269   27  565 4949.00000 4834.21969  2.32%   228  486s
  3129  2088 4916.01419   60  553 4949.00000 4834.23535  2.32%   227  490s
  3134  2092 4857.43039    8  576 4949.00000 4834.26184  2.32%   227  495s
  3137  2094 4907.19795   39  562 4949.00000 4834.26184  2.32%   227  501s
  3139  2095 4921.28535   46  563 4949.00000 4834.47809  2.31%   227  506s
  3141  2096 4888.81496   32  557 4949.00000 4834.47809  2.31%   227  512s
  3142  2100 4840.31546   27  465 4949.00000 4834.47809  2.31%   236  515s
  3148  2110 4846.09950   29  410 4949.00000 4834.79268  2.31%   237  524s
  3156  2121 4848.53480   30  424 4949.00000 4835.21705  2.30%   239  533s
  3172  2132 4853.18840   31  428 4949.00000 4836.79620  2.27%   242  540s
  3194  2172 4854.41221   32  449 4949.00000 4838.23239  2.24%   246  550s
  3243  2176     cutoff   33      4949.00000 4838.57775  2.23%   249  559s
  3277  2196 4921.99158   34  375 4949.00000 4839.08154  2.22%   253  567s
  3318  2217 4855.66641   35  417 4949.00000 4839.18680  2.22%   256  576s
  3363  2238 4856.38260   36  375 4949.00000 4839.18680  2.22%   259  585s
  3410  2248 4860.99560   37  365 4949.00000 4839.18680  2.22%   261  593s
  3451  2263 4879.05339   37  352 4949.00000 4839.23687  2.22%   265  601s
  3490  2277 4861.02676   38  350 4949.00000 4839.23687  2.22%   267  608s
  3526  2296     cutoff   39      4949.00000 4839.23687  2.22%   272  617s
  3561  2318 4863.20431   40  336 4949.00000 4839.23687  2.22%   275  625s
  3603  2343 4864.73172   40  311 4949.00000 4839.23687  2.22%   276  634s
  3656  2363 4869.21207   41  297 4949.00000 4839.23687  2.22%   278  640s
  3698  2395 4863.56233   41  311 4949.00000 4839.23687  2.22%   279  647s
  3750  2415 4894.65784   43  284 4949.00000 4839.23687  2.22%   281  655s
  3803  2433 4867.13023   44  318 4949.00000 4839.23687  2.22%   282  663s
  3852  2449 infeasible   44      4949.00000 4839.23687  2.22%   282  673s
  3904  2471 4871.75044   46  243 4949.00000 4839.23687  2.22%   284  680s
  3958  2474 4872.30648   47  253 4949.00000 4839.23687  2.22%   285  690s
  4008  2485 4875.16922   48  258 4949.00000 4839.57523  2.21%   287  699s
  4060  2511 4880.12012   49  257 4949.00000 4839.57523  2.21%   288  708s
  4126  2514 4881.53724   51  254 4949.00000 4840.13182  2.20%   288  718s
  4176  2541 4890.26763   52  220 4949.00000 4840.67820  2.19%   290  728s
  4250  2578 4893.84674   54  244 4949.00000 4840.67820  2.19%   290  737s
  4333  2623 4895.51907   56  204 4949.00000 4841.11846  2.18%   288  746s
  4447  2685 4906.46056   59  181 4949.00000 4841.11846  2.18%   286  756s
  4580  2754 4898.53756   62  200 4949.00000 4842.55427  2.15%   284  766s
  4736  2791 4902.59622   66  180 4949.00000 4842.55427  2.15%   281  777s
  4877  2844 4904.76543   69  177 4949.00000 4842.55427  2.15%   279  791s
  4994  2919 4909.53845   74  171 4949.00000 4842.55427  2.15%   280  804s
  5122  3002 4909.74649   80  174 4949.00000 4842.55427  2.15%   279  821s
  5302  3065 4912.08288   81  162 4949.00000 4842.90203  2.14%   278  839s
  5484  3161 4918.95228   91  129 4949.00000 4842.90203  2.14%   275  851s
  5726  3239 4931.50704  102  140 4949.00000 4842.90203  2.14%   272  862s
  5969  3301 4938.17796  113  102 4949.00000 4842.94524  2.14%   269  877s
  6242  3326 4874.06418   38  329 4949.00000 4842.94524  2.14%   267  891s
  6433  3305 4911.40154  102  143 4949.00000 4842.94524  2.14%   268  900s

Cutting planes:
  Gomory: 10
  Lift-and-project: 2
  Cover: 194
  Clique: 39
  MIR: 209
  Knapsack: 5
  StrongCG: 155
  Flow cover: 733
  GUB cover: 16
  Inf proof: 1
  Zero half: 72
  Mod-K: 1
  RLT: 162
  Relax-and-lift: 124
  BQP: 42

Explored 6529 nodes (1761304 simplex iterations) in 900.24 seconds (875.82 work units)
Thread count was 22 (of 22 available processors)

Solution count 10: 4949 4950 4951 ... 5010

Time limit reached
Best objective 4.949000000000e+03, best bound 4.843000000000e+03, gap 2.1418%

User-callback calls 139525, time in user-callback 0.87 sec
