FIXINGS_START
(0, 0, 0)
(1, 0, 0)
(1, 9, 0)
(2, 0, 0)
(3, 6, 0)
(4, 0, 0)
(5, 0, 0)
(6, 0, 0)
(7, 0, 0)
(8, 0, 0)
(9, 0, 0)
(9, 4, 0)
(10, 0, 0)
(10, 4, 0)
(11, 0, 0)
(12, 0, 0)
(12, 9, 0)
(13, 0, 0)
(13, 7, 0)
(14, 0, 0)
(14, 6, 0)
(15, 0, 0)
(15, 1, 0)
(16, 0, 0)
(16, 6, 0)
(17, 0, 0)
(19, 0, 0)
(19, 8, 0)
(3, 0, 0)
(16, 2, 0)
(2, 1, 0)
(12, 1, 0)
(18, 0, 0)
(15, 2, 18)
(10, 1, 0)
(4, 1, 0)
(18, 1, 0)
(5, 1, 23)
(16, 3, 0)
(16, 4, 24)
(13, 5, 0)
(7, 1, 0)
(4, 2, 26)
(10, 2, 0)
(8, 2, 0)
(1, 1, 25)
(13, 6, 28)
(16, 5, 24)
(4, 3, 29)
(10, 5, 3)
(11, 1, 0)
(8, 4, 24)
(14, 1, 0)
(19, 3, 0)
(18, 2, 0)
(14, 2, 27)
(18, 4, 0)
(9, 1, 0)
(11, 2, 0)
(15, 4, 0)
(19, 6, 0)
(12, 2, 4)
(9, 5, 0)
(11, 5, 0)
(9, 7, 0)
(2, 2, 0)
(1, 3, 0)
(14, 3, 0)
(2, 3, 34)
FIXINGS_END
time 0.027
GUROBI
Status INFEASIBLE
Runtime 0.026539087295532227
NodeCount 0.0
IterCount 0.0
NumVars 7800
NumConstrs 47043
ObjBound inf
ObjBoundC inf
ObjVal None
MIPGap inf
