FIXINGS_START
(0, 0, 0)
(1, 0, 0)
(1, 9, 0)
(2, 0, 0)
(3, 6, 0)
(4, 0, 0)
(5, 0, 0)
(6, 0, 0)
(7, 0, 0)
(8, 0, 0)
(9, 0, 0)
(9, 4, 0)
(10, 0, 0)
(10, 4, 0)
(11, 0, 0)
(12, 0, 0)
(12, 9, 0)
(13, 0, 0)
(13, 7, 0)
(14, 0, 0)
(14, 6, 0)
(15, 0, 0)
(15, 1, 0)
(16, 0, 0)
(16, 6, 0)
(17, 0, 0)
(19, 0, 0)
(19, 8, 0)
(15, 3, 40)
(3, 0, 0)
(10, 1, 0)
(7, 1, 0)
(6, 1, 0)
(3, 1, 0)
(10, 2, 0)
(10, 5, 3)
(5, 1, 14)
(19, 2, 1)
(15, 4, 0)
(1, 1, 25)
(3, 2, 0)
(6, 4, 0)
(15, 5, 0)
(11, 1, 0)
(16, 2, 0)
(19, 3, 0)
(3, 5, 0)
(5, 2, 5)
(1, 2, 32)
(0, 2, 0)
(5, 3, 12)
(4, 1, 0)
(16, 3, 0)
(16, 4, 12)
(1, 3, 0)
(1, 4, 0)
(8, 2, 0)
(12, 1, 0)
(13, 5, 0)
(11, 2, 0)
(12, 4, 0)
(2, 1, 0)
(9, 1, 0)
(17, 2, 5)
(19, 4, 5)
(9, 5, 0)
(14, 1, 0)
(12, 6, 0)
(2, 2, 0)
FIXINGS_END
found_sol 5762.0 time 2.449
found_sol 5477.0 time 3.993
found_sol 5297.0 time 3.994
found_sol 5291.0 time 4.004
found_sol 5181.0 time 8.480
found_sol 5161.0 time 8.482
found_sol 5022.0 time 8.487
found_sol 4977.0 time 8.494
found_sol 4960.0 time 9.778
found_sol 4956.0 time 9.781
found_sol 4943.0 time 10.711
found_sol 4943.0 time 34.332
found_sol 4956.0 time 34.333
found_sol 4960.0 time 34.334
found_sol 4942.0 time 58.776
found_sol 4933.0 time 82.132
found_sol 4929.0 time 84.699
time 88.340
GUROBI
Status OPTIMAL
Runtime 88.33935499191284
NodeCount 8403.0
IterCount 721417.0
NumVars 7800
NumConstrs 47043
ObjBound 4929.0
ObjBoundC 4929.0
ObjVal 4929.0
MIPGap 0.0
