
Gurobi 13.0.0 (linux64) logging started Sat Jan  3 13:59:44 2026

Set parameter LogFile to value "../experiments/network-n_60_s_1_rp_0-app_set-id_12_9_apps/compact_model_gurobi.log"
Set parameter TimeLimit to value 900
Gurobi Optimizer version 13.0.0 build v13.0.0rc1 (linux64 - "Ubuntu 24.04.3 LTS")

CPU model: Intel(R) Core(TM) Ultra 7 165H, instruction set [SSE2|AVX|AVX2]
Thread count: 22 physical cores, 22 logical processors, using up to 22 threads

Non-default parameters:
TimeLimit  900
LogToConsole  0

Academic license 2539022 - for non-commercial use only - registered to al___@studenti.unimi.it
Optimize a model with 25815 rows, 3480 columns and 56446 nonzeros (Min)
Model fingerprint: 0xf83016d0
Model has 3480 linear objective coefficients
Model has 206 quadratic constraints
Variable types: 0 continuous, 3480 integer (3480 binary)
Coefficient statistics:
  Matrix range     [1e+00, 9e+02]
  QMatrix range    [5e+01, 2e+02]
  Objective range  [1e+01, 2e+02]
  Bounds range     [1e+00, 1e+00]
  RHS range        [1e+00, 1e+09]
  QRHS range       [1e+02, 6e+02]
Presolve removed 24983 rows and 2131 columns
Presolve time: 0.29s
Presolved: 15419 rows, 15684 columns, 101354 nonzeros
Variable types: 0 continuous, 15684 integer (15684 binary)

Root relaxation: objective 1.808402e+03, 688 iterations, 0.06 seconds (0.10 work units)

    Nodes    |    Current Node    |     Objective Bounds      |     Work
 Expl Unexpl |  Obj  Depth IntInf | Incumbent    BestBd   Gap | It/Node Time

     0     0 1808.40192    0  132          - 1808.40192      -     -    1s
H    0     0                    2955.0000000 1808.40192  38.8%     -    1s
H    0     0                    2710.0000000 1808.40192  33.3%     -    1s
H    0     0                    2671.0000000 1808.40192  32.3%     -    1s
H    0     0                    2621.0000000 1845.99810  29.6%     -    1s
H    0     0                    2572.0000000 1845.99810  28.2%     -    1s
     0     0 1845.99810    0  144 2572.00000 1845.99810  28.2%     -    1s
H    0     0                    2424.0000000 1845.99810  23.8%     -    1s
H    0     0                    2405.0000000 1845.99810  23.2%     -    1s
H    0     0                    2346.0000000 1845.99810  21.3%     -    1s
     0     0 1867.15364    0  158 2346.00000 1867.15364  20.4%     -    2s
     0     0 1867.64102    0  156 2346.00000 1867.64102  20.4%     -    2s
     0     0 1867.80621    0  163 2346.00000 1867.80621  20.4%     -    2s
     0     0 1883.98488    0  162 2346.00000 1883.98488  19.7%     -    2s
     0     0 1890.14860    0  169 2346.00000 1890.14860  19.4%     -    2s
     0     0 1890.48161    0  156 2346.00000 1890.48161  19.4%     -    2s
     0     0 1899.80452    0  142 2346.00000 1899.80452  19.0%     -    2s
H    0     0                    2148.0000000 1899.80452  11.6%     -    3s
     0     0 1902.98814    0  167 2148.00000 1902.98814  11.4%     -    3s
     0     0 1904.05327    0  168 2148.00000 1904.05327  11.4%     -    3s
     0     0 1906.53249    0  174 2148.00000 1906.53249  11.2%     -    3s
H    0     0                    2114.0000000 1907.54848  9.77%     -    3s
     0     0 1907.54848    0  164 2114.00000 1907.54848  9.77%     -    3s
     0     0 1909.00202    0  165 2114.00000 1909.00202  9.70%     -    3s
     0     0 1909.05338    0  163 2114.00000 1909.05338  9.69%     -    3s
     0     0 1909.05338    0  159 2114.00000 1909.05338  9.69%     -    3s
H    0     0                    2112.0000000 1909.05338  9.61%     -    3s
     0     2 1909.05338    0  158 2112.00000 1909.05338  9.61%     -    3s
    31    54 1915.87051    5  183 2112.00000 1912.57188  9.44%   209    5s
H   54    88                    1981.0000000 1915.88766  3.29%   206    5s
H   57    88                    1978.0000000 1915.88766  3.14%   198    5s
H   94   123                    1977.0000000 1915.88766  3.09%   164    6s
H  109   123                    1974.0000000 1915.88766  2.94%   160    6s
H  649   468                    1970.0000000 1915.88766  2.75%  92.4    9s
   700   493 1936.08717   18  101 1970.00000 1915.88766  2.75%  90.4   10s
*  867   560              27    1968.0000000 1916.41409  2.62%  85.3   10s
H 1121   654                    1965.0000000 1923.25394  2.12%  81.5   13s
H 1128   654                    1964.0000000 1923.25394  2.07%  81.3   13s
H 1448   731                    1963.0000000 1928.57445  1.75%  80.8   14s
  1487   773 1958.68664   14   95 1963.00000 1928.57445  1.75%  80.3   15s
H 2263   923                    1961.0000000 1935.31786  1.31%  74.7   18s
H 2451   947                    1959.0000000 1937.11327  1.12%  73.6   19s
  2571   942     cutoff   12      1959.00000 1939.58051  0.99%  73.1   20s
  3656   852 1957.63258   12   79 1959.00000 1944.66919  0.73%  68.9   25s

Cutting planes:
  Gomory: 8
  Lift-and-project: 7
  Cover: 168
  Implied bound: 5
  Clique: 44
  MIR: 88
  Knapsack: 11
  StrongCG: 65
  GUB cover: 13
  Inf proof: 1
  Zero half: 61
  RLT: 219
  Relax-and-lift: 151
  BQP: 68

Explored 5162 nodes (312646 simplex iterations) in 29.13 seconds (14.10 work units)
Thread count was 22 (of 22 available processors)

Solution count 10: 1959 1961 1963 ... 1978

Optimal solution found (tolerance 1.00e-04)
Best objective 1.959000000000e+03, best bound 1.959000000000e+03, gap 0.0000%

User-callback calls 13120, time in user-callback 0.03 sec
