
Gurobi 13.0.0 (linux64) logging started Sat Jan  3 06:38:27 2026

Set parameter LogFile to value "../experiments/network-n_60_s_0_rp_0-app_set-id_46_20_apps/compact_model_gurobi.log"
Set parameter TimeLimit to value 900
Gurobi Optimizer version 13.0.0 build v13.0.0rc1 (linux64 - "Ubuntu 24.04.3 LTS")

CPU model: Intel(R) Core(TM) Ultra 7 165H, instruction set [SSE2|AVX|AVX2]
Thread count: 22 physical cores, 22 logical processors, using up to 22 threads

Non-default parameters:
TimeLimit  900
LogToConsole  0

Academic license 2539022 - for non-commercial use only - registered to al___@studenti.unimi.it
Optimize a model with 38761 rows, 7800 columns and 88237 nonzeros (Min)
Model fingerprint: 0xa93edb38
Model has 7800 linear objective coefficients
Model has 200 quadratic constraints
Variable types: 0 continuous, 7800 integer (7800 binary)
Coefficient statistics:
  Matrix range     [1e+00, 9e+02]
  QMatrix range    [5e+01, 2e+02]
  Objective range  [1e+01, 2e+02]
  Bounds range     [1e+00, 1e+00]
  RHS range        [1e+00, 1e+09]
  QRHS range       [1e+02, 6e+02]
Presolve removed 37113 rows and 4718 columns
Presolve time: 0.52s
Presolved: 43754 rows, 44991 columns, 273906 nonzeros
Variable types: 0 continuous, 44991 integer (44991 binary)
Deterministic concurrent LP optimizer: primal and dual simplex
Showing primal log only...

Concurrent spin time: 0.00s

Solved with dual simplex

Root relaxation: objective 5.421924e+03, 5435 iterations, 1.47 seconds (1.62 work units)

    Nodes    |    Current Node    |     Objective Bounds      |     Work
 Expl Unexpl |  Obj  Depth IntInf | Incumbent    BestBd   Gap | It/Node Time

     0     0 5421.92382    0  301          - 5421.92382      -     -    3s
     0     0 5422.39155    0  304          - 5422.39155      -     -    3s
     0     0 5450.95051    0  324          - 5450.95051      -     -    6s
     0     0 5475.46183    0  398          - 5475.46183      -     -    7s
     0     0 5475.47986    0  395          - 5475.47986      -     -    7s
     0     0 5483.55973    0  394          - 5483.55973      -     -    8s
     0     0 5484.03256    0  412          - 5484.03256      -     -    9s
     0     0 5484.07590    0  420          - 5484.07590      -     -    9s
     0     0 5496.49436    0  372          - 5496.49436      -     -   13s
     0     0 5513.09694    0  431          - 5513.09694      -     -   14s
     0     0 5519.37581    0  415          - 5519.37581      -     -   15s
     0     0 5522.91928    0  406          - 5522.91928      -     -   16s
     0     0 5524.26019    0  405          - 5524.26019      -     -   16s
     0     0 5524.30658    0  410          - 5524.30658      -     -   16s
     0     0 5536.64037    0  466          - 5536.64037      -     -   19s
     0     0 5545.62481    0  485          - 5545.62481      -     -   21s
     0     0 5549.20071    0  527          - 5549.20071      -     -   22s
     0     0 5551.53010    0  531          - 5551.53010      -     -   23s
     0     0 5552.42593    0  543          - 5552.42593      -     -   23s
     0     0 5562.77690    0  475          - 5562.77690      -     -   27s
     0     0 5563.06890    0  460          - 5563.06890      -     -   27s
     0     0 5563.06890    0  460          - 5563.06890      -     -   27s
     0     2 5563.07269    0  460          - 5563.07269      -     -   31s
     7    16 5592.84960    3  487          - 5578.35320      -   815   35s
    31    54 5595.93079    5  480          - 5582.26005      -   614   40s
   119   160 5599.16429    9  466          - 5583.63569      -   407   45s
   207   254 5602.19960   12  460          - 5583.63569      -   373   50s
   295   320 5636.61306   15  464          - 5583.63569      -   368   55s
   365   373 5609.14500   16  471          - 5583.63569      -   384   60s
   444   423 5636.95282   20  453          - 5584.21713      -   386   65s
   519   460 5662.61217   22  471          - 5587.15080      -   375   70s
   593   493 infeasible   23               - 5587.15080      -   371   75s
   656   534 5759.74447   28  419          - 5587.15080      -   366   80s
   714   575 5761.65884   30  414          - 5587.15080      -   358   85s
   763   623 5764.28400   31  407          - 5587.15080      -   350   90s
   846   700 5762.68926   33  395          - 5587.15080      -   336   99s
   870   725 5773.29592   33  382          - 5587.15080      -   336  101s
   922   780 5764.89754   35  379          - 5587.15080      -   339  107s
   952   823 5767.05257   35  397          - 5587.15080      -   342  110s
  1045   929 5767.40276   36  390          - 5587.15080      -   338  116s
  1102   992 5766.94883   38  385          - 5587.15080      -   334  120s
  1233  1125 5776.45671   46  392          - 5587.15080      -   327  127s
  1302  1177 5774.74142   47  394          - 5587.15080      -   324  131s
  1356  1251 5775.70361   48  387          - 5587.15080      -   324  135s
H 1443  1321                    6629.0000000 5587.15080  15.7%   319  139s
  1502  1423 5779.72875   50  366 6629.00000 5587.15080  15.7%   316  143s
  1606  1546 5781.71800   53  394 6629.00000 5587.15080  15.7%   315  147s
  1745  1670 5785.48716   57  379 6629.00000 5587.15080  15.7%   309  151s
  1879  1826 5792.19535   61  346 6629.00000 5587.15080  15.7%   305  155s
  2039  1945 5820.90552   70  325 6629.00000 5587.15080  15.7%   297  160s
  2344  2203 5855.10890   76  369 6629.00000 5587.15080  15.7%   292  169s
  2444  2333 5868.33302   78  387 6629.00000 5587.15080  15.7%   299  174s
  2606  2439 5857.82740   81  406 6629.00000 5587.15080  15.7%   299  180s
  2727  2553 5867.35669   87  374 6629.00000 5587.15080  15.7%   305  185s
  2852  2685 5888.32358   96  323 6629.00000 5587.15080  15.7%   310  190s
  2991  2756 5913.94621  105  322 6629.00000 5587.15080  15.7%   311  197s
  3064  2913 5920.41429  108  314 6629.00000 5587.15080  15.7%   311  203s
  3243  3123 5944.59676  114  298 6629.00000 5587.15080  15.7%   310  208s
  3457  3320 6018.90057  124  276 6629.00000 5587.15080  15.7%   306  215s
H 3695  3448                    6415.0000000 5587.15080  12.9%   303  221s
H 3714  3437                    6341.0000000 5587.15080  11.9%   302  221s
H 3715  3426                    6268.0000000 5587.15080  10.9%   303  221s
H 3769  3394                    6186.0000000 5587.15080  9.68%   303  221s
  3837  3578     cutoff  137      6186.00000 5588.50237  9.66%   301  229s
  4100  3799 5634.38302   10  521 6186.00000 5588.50237  9.66%   300  235s
  4365  4009 5659.61671   15  414 6186.00000 5588.50237  9.66%   297  243s
  4615  4235 5742.94383   21  356 6186.00000 5588.50237  9.66%   296  251s
  4875  4424 5770.58078   37  397 6186.00000 5588.50237  9.66%   296  260s
  5144  4425 5717.68045   80 19440 6186.00000 5588.50237  9.66%   295  278s
  5146  4426 5819.92761   36  283 6186.00000 5588.50237  9.66%   295  287s
  5148  4428 5761.11399   22  390 6186.00000 5588.50237  9.66%   295  291s
  5149  4428 5696.91831   14  452 6186.00000 5588.50237  9.66%   295  295s
  5151  4430 5930.03163   74  546 6186.00000 5588.50237  9.66%   295  302s
  5152  4430 5811.27169   45  535 6186.00000 5588.50237  9.66%   295  305s
  5158  4434 5739.37369   11  600 6186.00000 5588.50237  9.66%   294  310s
  5160  4436 5765.92194  119  622 6186.00000 5588.50237  9.66%   294  315s
  5165  4439 5707.80483   44  613 6186.00000 5591.08959  9.62%   294  320s
  5171  4443 5767.54625  106  656 6186.00000 5597.80170  9.51%   294  325s
  5177  4447 5920.39974   66  661 6186.00000 5602.15327  9.44%   293  331s
  5185  4452 5925.31722  146  689 6186.00000 5604.00485  9.41%   293  337s
  5187  4454 5691.46452   70  708 6186.00000 5606.16162  9.37%   293  340s
  5197  4460 5893.40597  100  686 6186.00000 5610.02235  9.31%   292  347s
  5202  4464 5795.04434   59  697 6186.00000 5611.18929  9.29%   292  352s
  5209  4468 5774.90669   78  665 6186.00000 5612.40428  9.27%   292  355s
  5217  4474 5630.53254   18  713 6186.00000 5613.56033  9.25%   291  361s
  5223  4478 5710.72409   30  710 6186.00000 5615.95351  9.22%   291  365s
  5230  4482 5846.49816   74  703 6186.00000 5616.31275  9.21%   290  370s
  5236  4486 5758.98016   11  694 6186.00000 5616.68005  9.20%   290  375s
  5246  4493 5819.92761   36  722 6186.00000 5617.05975  9.20%   289  381s
  5250  4496 5810.18550   79  718 6186.00000 5617.15850  9.20%   289  385s
  5254  4498 5678.99703   53  696 6186.00000 5617.95676  9.18%   289  390s
  5261  4503 5786.59016   41  716 6186.00000 5618.56642  9.17%   289  395s
  5268  4508 5841.29802   29  710 6186.00000 5618.65353  9.17%   288  400s
  5271  4510 5767.54625  106  696 6186.00000 5618.97625  9.17%   288  412s
  5272  4513 5622.37400   12  618 6186.00000 5618.97625  9.17%   299  418s
  5274  4517 5624.23318   13  634 6186.00000 5622.18700  9.11%   299  423s
  5278  4523 5625.18337   14  638 6186.00000 5624.26784  9.08%   300  434s
  5286  4537 5629.07283   15  608 6186.00000 5625.18337  9.07%   306  444s
  5302  4553 5633.60042   16  669 6186.00000 5625.28417  9.06%   308  460s
  5324  4577 5634.39809   17  680 6186.00000 5627.08810  9.04%   315  476s
  5355  4589 5636.44018   18  635 6186.00000 5627.08810  9.04%   320  508s
  5377  4641 5641.67045   19  619 6186.00000 5627.08810  9.04%   322  527s
  5439  4670 5642.46800   20  605 6186.00000 5627.08810  9.04%   327  543s
  5488  4691 5644.27618   21  606 6186.00000 5627.08810  9.04%   332  560s
  5532  4717 5645.89564   22  607 6186.00000 5627.08810  9.04%   343  579s
  5578  4724 5645.94992   23  603 6186.00000 5627.08810  9.04%   351  593s
  5603  4754 5773.37692   23  594 6186.00000 5627.08810  9.04%   356  604s
  5643  4790 5650.12659   24  644 6186.00000 5627.08810  9.04%   360  619s
  5692  4820 5669.65093   25  617 6186.00000 5627.08810  9.04%   365  631s
  5739  4854 5670.99550   26  618 6186.00000 5627.08810  9.04%   370  645s
  5788  4882 5673.30615   27  598 6186.00000 5627.08810  9.04%   374  657s
  5835  4914 5681.57799   28  515 6186.00000 5627.08810  9.04%   379  667s
  5884  4957 5673.88269   28  594 6186.00000 5627.08810  9.04%   382  677s
H 5937  4712                    6183.0000000 5627.08810  8.99%   384  677s
  5946  4788 5688.98369   30  530 6183.00000 5627.08810  8.99%   384  689s
  6029  4782 5687.48530   31  499 6183.00000 5627.08810  8.99%   386  700s
  6057  4831 5703.08798   31  453 6183.00000 5628.35266  8.97%   388  711s
  6115  4879 5691.35525   32  489 6183.00000 5628.35266  8.97%   390  723s
  6183  4924 5692.39740   33  493 6183.00000 5628.35266  8.97%   392  735s
  6255  4921 5811.02670   34  568 6183.00000 5628.35266  8.97%   396  747s
H 6268  4700                    6159.0000000 5628.35266  8.62%   395  747s
  6283  4764 5703.32107   35  546 6159.00000 5628.35266  8.62%   396  760s
  6361  4809 5703.20966   36  521 6159.00000 5628.35266  8.62%   399  774s
H 6408  4588                    6155.0000000 5628.35266  8.56%   402  774s
  6434  4673 5704.43363   37  525 6155.00000 5629.37106  8.54%   403  787s
  6529  4693 infeasible   38      6155.00000 5629.37106  8.54%   404  801s
H 6533  4497                    6154.0000000 5629.37106  8.53%   405  801s
H 6546  4308                    6129.0000000 5629.37106  8.15%   405  801s
  6584  4381 5705.28644   40  534 6129.00000 5629.37106  8.15%   405  817s
  6684  4443 5709.98210   41  517 6129.00000 5629.37106  8.15%   408  832s
  6785  4454 5715.74231   43  510 6129.00000 5629.82557  8.14%   410  848s
  6831  4503 5720.43147   43  513 6129.00000 5629.82557  8.14%   411  864s
H 6864  4316                    6125.0000000 5629.82557  8.08%   412  864s
  6901  4402 5722.84062   44  506 6125.00000 5629.82557  8.08%   412  881s
  7018  4462 5729.80927   45  460 6125.00000 5629.82557  8.08%   414  900s

Cutting planes:
  Lift-and-project: 1
  Cover: 299
  Clique: 63
  MIR: 253
  Knapsack: 19
  StrongCG: 193
  Flow cover: 209
  GUB cover: 21
  Zero half: 56
  Mod-K: 2
  RLT: 372
  Relax-and-lift: 138
  BQP: 66

Explored 7138 nodes (3000795 simplex iterations) in 900.04 seconds (881.35 work units)
Thread count was 22 (of 22 available processors)

Solution count 10: 6125 6129 6154 ... 6415

Time limit reached
Best objective 6.125000000000e+03, best bound 5.630000000000e+03, gap 8.0816%

User-callback calls 175731, time in user-callback 1.03 sec
