FIXINGS_START
(0, 0, 0)
(1, 0, 0)
(1, 6, 0)
(2, 0, 0)
(2, 4, 0)
(3, 0, 0)
(4, 0, 0)
(5, 0, 0)
(6, 0, 0)
(6, 6, 0)
(7, 0, 0)
(7, 6, 0)
(8, 0, 0)
(8, 9, 0)
(9, 0, 0)
(10, 0, 0)
(10, 7, 0)
(11, 2, 0)
(12, 0, 0)
(12, 7, 0)
(13, 0, 0)
(14, 0, 0)
(14, 6, 0)
(16, 0, 0)
(17, 0, 0)
(18, 0, 0)
(18, 9, 0)
(19, 0, 0)
(10, 1, 25)
(1, 4, 0)
(1, 5, 0)
(9, 1, 5)
(8, 1, 4)
(0, 1, 0)
(13, 1, 12)
(11, 1, 0)
(7, 7, 0)
(17, 3, 0)
(0, 2, 0)
(12, 5, 0)
(19, 1, 40)
(8, 3, 5)
(5, 2, 14)
(8, 4, 0)
(3, 1, 35)
(5, 6, 0)
(4, 1, 0)
(17, 4, 0)
(5, 8, 3)
(18, 4, 0)
(10, 2, 40)
(15, 0, 0)
(13, 2, 0)
(12, 1, 19)
(12, 2, 28)
(10, 4, 40)
(5, 9, 0)
(16, 3, 0)
(2, 2, 0)
(19, 2, 40)
(2, 3, 34)
(2, 5, 37)
(15, 2, 0)
(3, 2, 5)
(6, 4, 1)
(6, 5, 0)
(16, 4, 0)
(2, 7, 28)
(18, 5, 0)
FIXINGS_END
time 8.159
GUROBI
Status INFEASIBLE
Runtime 8.158586978912354
NodeCount 735.0
IterCount 92870.0
NumVars 7800
NumConstrs 38830
ObjBound inf
ObjBoundC inf
ObjVal None
MIPGap inf
