FIXINGS_START
(0, 0, 0)
(1, 0, 0)
(1, 6, 0)
(2, 0, 0)
(2, 4, 0)
(3, 0, 0)
(4, 0, 0)
(5, 0, 0)
(6, 0, 0)
(6, 6, 0)
(7, 0, 0)
(7, 6, 0)
(8, 0, 0)
(8, 9, 0)
(9, 0, 0)
(10, 0, 0)
(10, 7, 0)
(11, 2, 0)
(12, 0, 0)
(12, 7, 0)
(13, 0, 0)
(14, 0, 0)
(14, 6, 0)
(16, 0, 0)
(17, 0, 0)
(18, 0, 0)
(18, 9, 0)
(19, 0, 0)
(10, 1, 25)
(1, 4, 0)
(1, 5, 0)
(9, 1, 5)
(8, 1, 4)
(0, 1, 0)
(13, 1, 12)
(11, 1, 0)
(7, 7, 0)
(17, 3, 0)
(0, 2, 0)
(12, 5, 0)
(19, 1, 40)
(8, 3, 5)
(5, 2, 14)
(8, 4, 0)
(3, 1, 35)
(5, 6, 0)
(4, 1, 0)
(17, 4, 0)
(5, 8, 3)
(18, 4, 0)
(10, 2, 40)
(15, 0, 0)
(13, 2, 0)
(12, 1, 19)
(12, 2, 28)
(10, 4, 40)
(5, 9, 0)
(16, 3, 0)
(2, 2, 0)
FIXINGS_END
found_sol 6662.0 time 451.956
found_sol 6642.0 time 451.994
found_sol 6531.0 time 566.432
found_sol 6426.999999999754 time 582.194
found_sol 6424.0 time 582.196
found_sol 6395.0 time 615.451
found_sol 6376.0 time 615.453
found_sol 6368.0 time 633.172
found_sol 6368.0 time 753.260
time 753.265
GUROBI
Status OPTIMAL
Runtime 753.2652130126953
NodeCount 53933.0
IterCount 12743300.0
NumVars 7800
NumConstrs 38820
ObjBound 6368.0
ObjBoundC 6368.0
ObjVal 6368.0
MIPGap 0.0
