FIXINGS_START
(0, 0, 0)
(1, 0, 0)
(1, 6, 0)
(2, 0, 0)
(2, 4, 0)
(3, 0, 0)
(4, 0, 0)
(5, 0, 0)
(6, 0, 0)
(6, 6, 0)
(7, 0, 0)
(7, 6, 0)
(8, 0, 0)
(8, 9, 0)
(9, 0, 0)
(10, 0, 0)
(10, 7, 0)
(11, 2, 0)
(12, 0, 0)
(12, 7, 0)
(13, 0, 0)
(14, 0, 0)
(14, 6, 0)
(16, 0, 0)
(17, 0, 0)
(18, 0, 0)
(18, 9, 0)
(19, 0, 0)
(5, 2, 14)
(5, 6, 0)
(11, 1, 0)
(3, 3, 0)
(8, 4, 0)
(19, 1, 40)
(4, 1, 0)
(12, 5, 0)
(6, 4, 1)
(18, 4, 0)
(18, 5, 0)
(18, 6, 0)
(18, 7, 0)
(7, 7, 0)
(2, 2, 0)
(17, 1, 4)
(1, 4, 0)
(10, 5, 0)
(6, 5, 0)
(19, 2, 40)
(17, 2, 5)
(14, 1, 0)
(10, 6, 0)
(1, 5, 0)
(13, 2, 0)
(16, 3, 0)
(16, 4, 0)
(14, 3, 0)
(17, 3, 0)
(17, 4, 0)
(14, 8, 0)
FIXINGS_END
found_sol 6644.0 time 122.136
found_sol 6594.0 time 122.137
found_sol 6020.0 time 373.151
found_sol 6013.0 time 404.442
found_sol 6000.0 time 404.444
time 835.951
GUROBI
Status TIME_LIMIT
Runtime 835.9509301185608
NodeCount 29052.0
IterCount 8423569.0
NumVars 7800
NumConstrs 38820
ObjBound 5755.0
ObjBoundC 5754.47962713291
ObjVal 6000.0
MIPGap 0.04083333333333333
