
Gurobi 13.0.0 (linux64) logging started Fri Jan 16 06:06:33 2026

Set parameter LogFile to value "../experiments/network-n_60_s_0_rp_0-app_set-id_46_20_apps/submip_30_epr1_model_gurobi.log"
Set parameter TimeLimit to value 8.3586987512400083e+02
Gurobi Optimizer version 13.0.0 build v13.0.0rc1 (linux64 - "Ubuntu 24.04.3 LTS")

CPU model: Intel(R) Core(TM) Ultra 7 165H, instruction set [SSE2|AVX|AVX2]
Thread count: 22 physical cores, 22 logical processors, using up to 22 threads

Non-default parameters:
TimeLimit  8.3586987512400083e+02
LogToConsole  0

Academic license 2539022 - for non-commercial use only - registered to al___@studenti.unimi.it
Optimize a model with 38820 rows, 7800 columns and 88296 nonzeros (Min)
Model fingerprint: 0x4ece4f24
Model has 7800 linear objective coefficients
Model has 200 quadratic constraints
Variable types: 0 continuous, 7800 integer (7800 binary)
Coefficient statistics:
  Matrix range     [1e+00, 9e+02]
  QMatrix range    [5e+01, 2e+02]
  Objective range  [1e+01, 2e+02]
  Bounds range     [1e+00, 1e+00]
  RHS range        [1e+00, 1e+09]
  QRHS range       [1e+02, 6e+02]

MIP start from previous solve did not produce a new incumbent solution
MIP start from previous solve violates constraint fixed_app_6_microservice_4 by 1.000000000

Presolve removed 38173 rows and 6145 columns
Presolve time: 0.17s
Presolved: 15040 rows, 15858 columns, 94889 nonzeros
Variable types: 0 continuous, 15858 integer (15858 binary)

Root relaxation: objective 5.473598e+03, 2425 iterations, 0.25 seconds (0.37 work units)

    Nodes    |    Current Node    |     Objective Bounds      |     Work
 Expl Unexpl |  Obj  Depth IntInf | Incumbent    BestBd   Gap | It/Node Time

     0     0 5473.59837    0  180          - 5473.59837      -     -    0s
     0     0 5474.51433    0  186          - 5474.51433      -     -    0s
     0     0 5474.84919    0  180          - 5474.84919      -     -    0s
     0     0 5561.57542    0  211          - 5561.57542      -     -    2s
     0     0 5580.81916    0  245          - 5580.81916      -     -    2s
     0     0 5583.12336    0  246          - 5583.12336      -     -    2s
     0     0 5583.21082    0  250          - 5583.21082      -     -    2s
     0     0 5618.57659    0  268          - 5618.57659      -     -    3s
     0     0 5629.94721    0  322          - 5629.94721      -     -    3s
     0     0 5631.95991    0  324          - 5631.95991      -     -    4s
     0     0 5644.93637    0  297          - 5644.93637      -     -    4s
     0     0 5644.96086    0  294          - 5644.96086      -     -    4s
     0     0 5644.96086    0  289          - 5644.96086      -     -    4s
     0     2 5644.97419    0  284          - 5644.97419      -     -    6s
   159   186 5660.38652    8  276          - 5649.46438      -   198   10s
   507   509 5678.38098   21  254          - 5649.46438      -   179   15s
   788   796 5685.02016   30  261          - 5649.46438      -   171   20s
  1145  1172 5707.79759   35  244          - 5649.46438      -   163   25s
  1531  1543 5717.95522   38  220          - 5649.46438      -   157   30s
  1830  1843 5736.95880   44  190          - 5649.46438      -   153   35s
  2575  2554 5860.57961   84  144          - 5649.46438      -   143   41s
  3242  3089 5718.05233   19  212          - 5649.46438      -   136   45s
  3885  3587 5766.65058   32  156          - 5649.46438      -   134   50s
  4328  3782 5936.45519   87 5872          - 5657.21923      -   135   55s
  4333  3785 5722.51540   39  292          - 5657.21923      -   134   60s
  4352  3798 5683.39738   29  382          - 5673.95091      -   134   65s
  4377  3815 5992.90491  106  442          - 5684.97326      -   133   70s
  4406  3834 5708.52473   36  462          - 5694.36903      -   132   75s
  4431  3851 5838.51833   75  495          - 5699.00091      -   132   80s
  4457  3868 5813.63970   61  484          - 5703.41521      -   131   85s
  4487  3888 5705.38430   15  501          - 5705.38430      -   130   90s
  4516  3907 5873.56904   59  540          - 5706.31796      -   129   95s
  4539  3923 5785.67171   30  526          - 5707.86811      -   128  100s
  4544  3926 5770.52571   25  518          - 5708.67056      -   128  106s
  4560  3937 5835.88412   75  526          - 5709.16412      -   128  110s
  4583  3952 5714.63067   14  529          - 5709.80612      -   127  115s
  4608  3969 5831.38846   35  561          - 5711.25612      -   126  120s
H 4620  3773                    6644.0000000 5711.76358  14.0%   126  122s
H 4620  3579                    6594.0000000 5711.76358  13.4%   126  122s
  4633  3587 5722.51540   39  555 6594.00000 5712.40611  13.4%   126  125s
  4652  3601 5712.90401   29 5872 6594.00000 5712.90401  13.4%   136  131s
  4657  3604 5813.63970   61  334 6594.00000 5712.90783  13.4%   136  135s
  4667  3611 5769.67556   55  512 6594.00000 5713.90065  13.3%   136  140s
  4687  3624 5713.95382   15  509 6594.00000 5713.95382  13.3%   135  145s
  4711  3640 5787.10363   18  538 6594.00000 5714.14021  13.3%   135  150s
  4731  3654 5838.51833   75  524 6594.00000 5714.97057  13.3%   134  155s
  4753  3668 5946.38047   33  521 6594.00000 5715.81217  13.3%   133  160s
  4757  3676 5718.74407   26  441 6594.00000 5715.94251  13.3%   139  165s
  4769  3696 5720.03205   28  446 6594.00000 5718.84047  13.3%   140  170s
  4785  3713 5723.59256   29  461 6594.00000 5720.03885  13.3%   144  175s
  4807  3733 5724.59414   30  474 6594.00000 5723.67506  13.2%   147  180s
  4835  3747 5725.25725   31  470 6594.00000 5723.67506  13.2%   150  186s
  4858  3775 5730.56569   31  453 6594.00000 5723.67506  13.2%   153  191s
  4894  3815 5727.09287   32  477 6594.00000 5723.67506  13.2%   156  196s
  4946  3821 5727.46104   33  473 6594.00000 5723.67506  13.2%   163  201s
  4969  3846 5813.91792   33  398 6594.00000 5723.67506  13.2%   167  206s
  5002  3884 5731.63526   34  450 6594.00000 5723.67506  13.2%   170  210s
  5108  3948 5728.90288   35  474 6594.00000 5723.67506  13.2%   177  218s
  5152  3977 5741.08715   35  407 6594.00000 5723.67506  13.2%   182  221s
  5244  4049 5731.90716   36  468 6594.00000 5723.67506  13.2%   189  228s
  5300  4051 5735.33059   37  441 6594.00000 5723.67506  13.2%   192  231s
  5326  4064 5741.21901   37  419 6594.00000 5723.67506  13.2%   193  235s
  5387  4123 5881.39006   38  321 6594.00000 5725.51672  13.2%   199  241s
  5431  4158 5737.03237   39  440 6594.00000 5725.51672  13.2%   201  245s
  5542  4242 5740.00812   40  448 6594.00000 5725.51672  13.2%   206  253s
  5604  4291 5741.95634   41  415 6594.00000 5725.51672  13.2%   209  257s
  5674  4344 5745.10061   42  448 6594.00000 5725.51672  13.2%   212  261s
  5751  4385 5746.40984   43  395 6594.00000 5725.51672  13.2%   215  265s
  5835  4421 5746.77944   44  409 6594.00000 5725.51672  13.2%   219  270s
  5987  4498 5752.93702   46  359 6594.00000 5725.51672  13.2%   228  279s
  6059  4554 5775.18043   47  377 6594.00000 5725.51672  13.2%   232  283s
  6153  4610 5758.28750   48  366 6594.00000 5725.51672  13.2%   235  288s
  6243  4678 5759.14386   49  391 6594.00000 5727.18078  13.1%   238  293s
  6343  4753 5759.85595   50  377 6594.00000 5727.18078  13.1%   243  298s
  6456  4833 5823.53028   51  350 6594.00000 5727.18078  13.1%   247  304s
  6589  4898 5765.23439   53  376 6594.00000 5727.18078  13.1%   249  309s
  6713  4980 5768.03972   55  369 6594.00000 5727.18078  13.1%   254  315s
  6853  5050 5776.46237   56  366 6594.00000 5727.18078  13.1%   257  321s
  7000  5149 5787.32122   57  308 6594.00000 5727.18078  13.1%   260  327s
  7164  5239 5791.10679   59  326 6594.00000 5727.18078  13.1%   263  333s
  7345  5369 5814.85646   61  274 6594.00000 5727.18078  13.1%   266  339s
  7574  5470 5807.65810   64  268 6594.00000 5727.18078  13.1%   267  346s
  7800  5602 5828.11504   69  264 6594.00000 5727.18078  13.1%   269  353s
  8072  5527 5855.69518   75  190 6594.00000 5727.18078  13.1%   271  359s
  8141  5556 infeasible   75      6594.00000 5727.18078  13.1%   271  366s
  8219  5602 6226.32670   76  194 6594.00000 5730.93141  13.1%   272  373s
H 8252  4994                    6020.0000000 5730.93141  4.80%   272  373s
  8295  5208 5857.83499   77  185 6020.00000 5730.93141  4.80%   273  380s
  8628  5331     cutoff   87      6020.00000 5730.93141  4.80%   274  388s
  8985  5439 5775.72317   38  369 6020.00000 5730.93141  4.80%   274  395s
  9330  5567 5996.81202   45  259 6020.00000 5730.93141  4.80%   276  404s
H 9360  5366                    6013.0000000 5730.93141  4.69%   276  404s
H 9501  5110                    6000.0000000 5730.93141  4.48%   276  404s
  9641  5248 5830.15163   34  383 6000.00000 5730.93141  4.48%   276  412s
  9938  5484 5840.68963   43  338 6000.00000 5730.93141  4.48%   276  421s
 10364  5589 5895.84101   57  257 6000.00000 5731.49027  4.48%   276  429s
 10704  5655 5928.08726   72  234 6000.00000 5731.49027  4.48%   278  439s
 10930  5939 5785.86280   38  332 6000.00000 5731.49027  4.48%   279  448s
 11368  6134 5946.56163   58  230 6000.00000 5731.49027  4.48%   277  458s
 11856  6340 5861.46893   34  311 6000.00000 5731.49027  4.48%   277  468s
 12299  6540 5975.17500   51  247 6000.00000 5731.49027  4.48%   278  478s
 12838  6779 5876.44872   38  262 6000.00000 5731.65771  4.47%   279  488s
 13524  6877 5766.71854   30  350 6000.00000 5731.65771  4.47%   277  499s
 14095  6990 5859.99917   52  215 6000.00000 5731.65771  4.47%   277  511s
 14494  7231 5778.02093   35  310 6000.00000 5731.65771  4.47%   281  522s
 14832  7718 5821.03915   49  226 6000.00000 5731.65771  4.47%   284  534s
 15614  8119 5775.01298   39  326 6000.00000 5731.65771  4.47%   283  546s
 16240  8516 5764.50480   52  310 6000.00000 5731.65771  4.47%   284  559s
 16784  8947 5856.09111   66  266 6000.00000 5731.65771  4.47%   283  573s
 17472  9398 5795.83701   43  306 6000.00000 5742.16941  4.30%   283  587s
 18129  9804 5797.99539   39  274 6000.00000 5742.16941  4.30%   283  601s
 18745 10312 5791.82714   48  265 6000.00000 5744.79655  4.25%   285  616s
 19468 10906 5790.07729   41  335 6000.00000 5745.59244  4.24%   285  631s
 20250 11404 5766.76693   44  401 6000.00000 5745.68969  4.24%   285  646s
 20980 11894 5913.09472   64  299 6000.00000 5745.68969  4.24%   286  662s
 21758 12208 5953.40913   44  243 6000.00000 5747.59449  4.21%   287  679s
 22263 12917 5887.10307   46  269 6000.00000 5747.68772  4.21%   288  696s
 23236 12957 5891.52963   66  246 6000.00000 5749.42414  4.18%   288  713s
 23284 13462 5900.22348   68  231 6000.00000 5749.42414  4.18%   288  731s
 24010 14174     cutoff   47      6000.00000 5750.12659  4.16%   288  756s
 25081 14634 5801.42235   43  259 6000.00000 5750.93787  4.15%   288  773s
 25807 15249 5906.70663   46  268 6000.00000 5752.52876  4.12%   289  792s
 26757 15824 5804.30604   38  303 6000.00000 5753.17228  4.11%   289  811s
 27635 16515 5832.86529   65  290 6000.00000 5753.74988  4.10%   291  831s
 28789 16716 5789.24040   43  348 6000.00000 5754.42949  4.09%   290  835s

Cutting planes:
  Cover: 1198
  Clique: 64
  MIR: 591
  Knapsack: 16
  StrongCG: 452
  Flow cover: 650
  GUB cover: 41
  Zero half: 259
  Mod-K: 3
  RLT: 96
  Relax-and-lift: 240
  BQP: 4
  PSD: 3

Explored 29052 nodes (8423569 simplex iterations) in 835.94 seconds (680.27 work units)
Thread count was 22 (of 22 available processors)

Solution count 5: 6000 6013 6020 ... 6644

Time limit reached
Best objective 6.000000000000e+03, best bound 5.755000000000e+03, gap 4.0833%

User-callback calls 165259, time in user-callback 0.80 sec
Set parameter LogToConsole to value 0
