FIXINGS_START
(0, 0, 0)
(0, 9, 0)
(1, 0, 0)
(2, 0, 0)
(3, 0, 0)
(3, 6, 0)
(5, 0, 0)
(5, 6, 0)
(6, 0, 0)
(8, 0, 0)
(9, 0, 0)
(11, 0, 0)
(12, 0, 0)
(12, 6, 0)
(13, 8, 0)
(13, 9, 0)
(14, 0, 0)
(14, 9, 0)
(15, 0, 0)
(15, 4, 0)
(16, 0, 0)
(17, 0, 0)
(17, 8, 0)
(16, 1, 32)
(10, 0, 0)
(1, 2, 0)
(0, 2, 0)
(0, 3, 10)
(0, 8, 0)
(5, 3, 34)
(13, 0, 0)
(13, 2, 0)
(11, 3, 0)
(11, 4, 0)
(13, 3, 0)
(13, 4, 27)
(13, 5, 0)
(13, 7, 0)
(15, 1, 0)
(2, 1, 30)
(6, 2, 31)
(9, 1, 0)
(2, 2, 0)
(12, 4, 16)
(2, 4, 0)
(8, 1, 33)
(4, 0, 0)
(17, 2, 10)
(17, 4, 10)
(4, 1, 0)
(3, 2, 0)
(5, 4, 0)
(8, 2, 0)
(5, 5, 0)
(8, 3, 19)
(9, 3, 38)
(3, 3, 0)
(8, 4, 0)
(14, 2, 0)
(16, 3, 40)
(3, 4, 0)
FIXINGS_END
found_sol 6109.0 time 10.827
found_sol 6059.0 time 13.960
found_sol 5980.999999999998 time 14.861
found_sol 5980.0 time 15.946
found_sol 5980.0 time 16.154
time 16.161
GUROBI
Status OPTIMAL
Runtime 16.1609308719635
NodeCount 9228.0
IterCount 689238.0
NumVars 7020
NumConstrs 44162
ObjBound 5980.0
ObjBoundC 5980.0
ObjVal 5980.0
MIPGap 0.0
