FIXINGS_START
(0, 0, 0)
(0, 9, 0)
(1, 0, 0)
(2, 0, 0)
(3, 0, 0)
(3, 6, 0)
(5, 0, 0)
(5, 6, 0)
(6, 0, 0)
(8, 0, 0)
(9, 0, 0)
(11, 0, 0)
(12, 0, 0)
(12, 6, 0)
(13, 8, 0)
(13, 9, 0)
(14, 0, 0)
(14, 9, 0)
(15, 0, 0)
(15, 4, 0)
(16, 0, 0)
(17, 0, 0)
(17, 8, 0)
(14, 2, 0)
(15, 1, 0)
(15, 2, 0)
(13, 0, 0)
(9, 1, 0)
(13, 2, 0)
(4, 0, 0)
(5, 4, 0)
(12, 2, 17)
(13, 3, 0)
(14, 3, 0)
(12, 4, 16)
(1, 2, 0)
(13, 5, 0)
(8, 2, 0)
(13, 7, 0)
(3, 2, 0)
(5, 5, 0)
(3, 3, 0)
(14, 4, 0)
(14, 5, 0)
(9, 3, 38)
(4, 1, 0)
(0, 1, 5)
(17, 5, 34)
(8, 4, 0)
(14, 6, 0)
(10, 0, 0)
(11, 3, 0)
(10, 4, 0)
(12, 5, 0)
(3, 4, 0)
(0, 4, 10)
(0, 6, 0)
(0, 7, 27)
(0, 8, 0)
(3, 7, 0)
(11, 4, 0)
FIXINGS_END
found_sol 5512.0 time 6.238
found_sol 5428.0 time 6.526
found_sol 5425.0 time 6.528
found_sol 5384.0 time 6.861
found_sol 5383.0 time 7.831
found_sol 5302.0 time 7.833
found_sol 5301.0 time 9.493
found_sol 5298.0 time 13.160
found_sol 5293.0 time 13.162
found_sol 5285.0 time 15.687
found_sol 5280.0 time 16.220
found_sol 5273.0 time 16.222
found_sol 5285.0 time 18.733
found_sol 5267.0 time 22.667
found_sol 5237.0 time 23.121
found_sol 5229.0 time 30.690
found_sol 5209.0 time 75.145
found_sol 5201.0 time 82.468
found_sol 5200.0 time 86.396
found_sol 5178.0 time 86.398
found_sol 5174.0 time 86.400
found_sol 5162.000000000003 time 88.491
found_sol 5162.0 time 91.180
time 91.186
GUROBI
Status OPTIMAL
Runtime 91.18536019325256
NodeCount 10997.0
IterCount 1239694.0
NumVars 7020
NumConstrs 44162
ObjBound 5162.0
ObjBoundC 5162.000000000003
ObjVal 5162.0
MIPGap 0.0
