
Gurobi 13.0.0 (linux64) logging started Sun Jan 18 02:19:21 2026

Set parameter LogFile to value "../experiments/network-n_60_s_1_rp_0-app_set-id_41_18_apps/submip_40_epr1_model_gurobi.log"
Set parameter TimeLimit to value 8.1516471955100133e+02
Gurobi Optimizer version 13.0.0 build v13.0.0rc1 (linux64 - "Ubuntu 24.04.3 LTS")

CPU model: Intel(R) Core(TM) Ultra 7 165H, instruction set [SSE2|AVX|AVX2]
Thread count: 22 physical cores, 22 logical processors, using up to 22 threads

Non-default parameters:
TimeLimit  8.1516471955100133e+02
LogToConsole  0

Academic license 2539022 - for non-commercial use only - registered to al___@studenti.unimi.it
Optimize a model with 44162 rows, 7020 columns and 98100 nonzeros (Min)
Model fingerprint: 0x5fa19be2
Model has 7020 linear objective coefficients
Model has 206 quadratic constraints
Variable types: 0 continuous, 7020 integer (7020 binary)
Coefficient statistics:
  Matrix range     [1e+00, 9e+02]
  QMatrix range    [5e+01, 2e+02]
  Objective range  [1e+01, 2e+02]
  Bounds range     [1e+00, 1e+00]
  RHS range        [1e+00, 1e+09]
  QRHS range       [1e+02, 6e+02]

MIP start from previous solve did not produce a new incumbent solution
MIP start from previous solve violates constraint fixed_app_10_microservice_4 by 1.000000000

Presolve removed 43789 rows and 5943 columns
Presolve time: 0.10s
Presolved: 5763 rows, 6281 columns, 37632 nonzeros
Variable types: 0 continuous, 6281 integer (6281 binary)

Root relaxation: objective 4.658983e+03, 1498 iterations, 0.08 seconds (0.10 work units)

    Nodes    |    Current Node    |     Objective Bounds      |     Work
 Expl Unexpl |  Obj  Depth IntInf | Incumbent    BestBd   Gap | It/Node Time

     0     0 4658.98300    0  141          - 4658.98300      -     -    0s
     0     0 4792.71546    0  186          - 4792.71546      -     -    0s
     0     0 4801.62305    0  187          - 4801.62305      -     -    1s
     0     0 4801.92959    0  199          - 4801.92959      -     -    1s
     0     0 4856.21523    0  211          - 4856.21523      -     -    1s
     0     0 4862.21316    0  243          - 4862.21316      -     -    1s
     0     0 4863.31623    0  242          - 4863.31623      -     -    1s
     0     0 4910.20874    0  264          - 4910.20874      -     -    2s
     0     0 4910.44421    0  260          - 4910.44421      -     -    2s
     0     0 4910.44421    0  256          - 4910.44421      -     -    2s
     0     2 4910.71812    0  254          - 4910.71812      -     -    2s
   386   414 5069.27508   14  180          - 4935.68825      -   138    5s
H  728   719                    5512.0000000 4935.68825  10.5%   118    6s
H  827   838                    5428.0000000 4935.68825  9.07%   113    6s
H  876   838                    5425.0000000 4935.68825  9.02%   110    6s
H 1044   954                    5384.0000000 4935.68825  8.33%   104    6s
H 1327  1081                    5383.0000000 4964.23839  7.78%   105    7s
H 1339  1081                    5302.0000000 4964.23839  6.37%   106    7s
H 1662  1228                    5301.0000000 4978.70702  6.08%   112    9s
  1753  1233 5262.53120   35  135 5301.00000 4981.92905  6.02%   111   10s
H 2694  1700                    5298.0000000 4995.16923  5.72%   113   13s
H 2723  1697                    5293.0000000 4995.16923  5.63%   113   13s
  3189  1948 5158.97684    9   95 5293.00000 5006.16406  5.42%   111   15s
H 3271  1947                    5285.0000000 5006.16406  5.28%   111   15s
H 3437  2032                    5280.0000000 5006.16406  5.19%   110   16s
H 3478  2015                    5273.0000000 5006.16406  5.06%   110   16s
  3733  2137 5082.31923   15  299 5273.00000 5008.76380  5.01%   108   20s
H 3760  2046                    5267.0000000 5008.76380  4.90%   107   22s
H 3764  1946                    5237.0000000 5008.76380  4.36%   107   23s
  3784  1959 5132.71632   18  314 5237.00000 5008.76380  4.36%   106   25s
  3817  1986 5008.76380   14  300 5237.00000 5008.76380  4.36%   109   30s
H 3827  1891                    5229.0000000 5008.76380  4.21%   110   30s
  3974  1996 5054.63111   19  215 5229.00000 5008.76380  4.21%   118   35s
  4254  2011 5081.33647   23  192 5229.00000 5025.52884  3.89%   123   40s
  4539  2012     cutoff   26      5229.00000 5038.92176  3.64%   127   45s
  4743  2063 5154.51665   30  160 5229.00000 5044.20965  3.53%   130   50s
  5158  2085 5201.27511   43   27 5229.00000 5052.20464  3.38%   130   55s
  5477  2107 5164.88937   23  184 5229.00000 5063.01032  3.17%   131   60s
  6165  2070     cutoff   21      5229.00000 5080.64592  2.84%   130   65s
  6791  2077 5142.59026   26  164 5229.00000 5085.48228  2.74%   129   70s
  7594  2023 5218.07635   20  147 5229.00000 5104.18231  2.39%   127   75s
H 7661  1828                    5209.0000000 5105.67826  1.98%   127   75s
  8359  1718 5138.35647   33  118 5209.00000 5113.16679  1.84%   126   80s
H 8691  1504                    5201.0000000 5120.20527  1.55%   125   82s
  9515  1425     cutoff   26      5201.00000 5127.97796  1.40%   122   86s
H 9516  1414                    5200.0000000 5127.97796  1.39%   122   86s
H 9517  1166                    5178.0000000 5127.97796  0.97%   122   86s
H 9530  1166                    5174.0000000 5127.97796  0.89%   122   86s
* 9611   925              35    5162.0000000 5129.40546  0.63%   122   88s
 10360     0     cutoff   21      5162.00000 5137.44898  0.48%   118   90s

Cutting planes:
  Gomory: 3
  Lift-and-project: 1
  Cover: 274
  Implied bound: 2
  Clique: 70
  MIR: 203
  Knapsack: 14
  StrongCG: 110
  Flow cover: 277
  GUB cover: 15
  Inf proof: 3
  Zero half: 63
  Mod-K: 3
  RLT: 119
  Relax-and-lift: 120
  BQP: 47

Explored 10997 nodes (1239694 simplex iterations) in 91.18 seconds (60.17 work units)
Thread count was 22 (of 22 available processors)

Solution count 10: 5162 5174 5178 ... 5273

Optimal solution found (tolerance 1.00e-04)
Best objective 5.162000000000e+03, best bound 5.162000000000e+03, gap 0.0000%

User-callback calls 31685, time in user-callback 0.08 sec
