
Gurobi 13.0.0 (linux64) logging started Fri Jan  2 02:27:50 2026

Set parameter LogFile to value "../experiments/network-n_50_s_0_rp_0-app_set-id_10_8_apps/compact_model_gurobi.log"
Set parameter TimeLimit to value 900
Gurobi Optimizer version 13.0.0 build v13.0.0rc1 (linux64 - "Ubuntu 24.04.3 LTS")

CPU model: Intel(R) Core(TM) Ultra 7 165H, instruction set [SSE2|AVX|AVX2]
Thread count: 22 physical cores, 22 logical processors, using up to 22 threads

Non-default parameters:
TimeLimit  900
LogToConsole  0

Academic license 2539022 - for non-commercial use only - registered to al___@studenti.unimi.it
Optimize a model with 11446 rows, 2600 columns and 26394 nonzeros (Min)
Model fingerprint: 0xc7f2754f
Model has 2600 linear objective coefficients
Model has 166 quadratic constraints
Variable types: 0 continuous, 2600 integer (2600 binary)
Coefficient statistics:
  Matrix range     [1e+00, 9e+02]
  QMatrix range    [5e+01, 2e+02]
  Objective range  [1e+01, 2e+02]
  Bounds range     [1e+00, 1e+00]
  RHS range        [1e+00, 1e+09]
  QRHS range       [1e+02, 6e+02]
Presolve removed 10757 rows and 1597 columns
Presolve time: 0.10s
Presolved: 13412 rows, 13571 columns, 83033 nonzeros
Variable types: 0 continuous, 13571 integer (13571 binary)
Found heuristic solution: objective 1970.0000000

Root relaxation: objective 1.373026e+03, 387 iterations, 0.02 seconds (0.03 work units)

    Nodes    |    Current Node    |     Objective Bounds      |     Work
 Expl Unexpl |  Obj  Depth IntInf | Incumbent    BestBd   Gap | It/Node Time

     0     0 1373.02565    0   64 1970.00000 1373.02565  30.3%     -    0s
H    0     0                    1959.0000000 1373.02565  29.9%     -    0s
H    0     0                    1958.0000000 1373.02565  29.9%     -    0s
H    0     0                    1934.0000000 1373.02565  29.0%     -    0s
H    0     0                    1857.0000000 1373.02565  26.1%     -    0s
H    0     0                    1809.0000000 1373.02565  24.1%     -    0s
H    0     0                    1691.0000000 1373.02565  18.8%     -    0s
H    0     0                    1690.0000000 1373.02565  18.8%     -    0s
H    0     0                    1615.0000000 1375.99775  14.8%     -    0s
H    0     0                    1462.0000000 1375.99775  5.88%     -    0s
     0     0 1401.66082    0  101 1462.00000 1401.66082  4.13%     -    0s
H    0     0                    1452.0000000 1401.66082  3.47%     -    0s
     0     0 1402.28899    0   96 1452.00000 1402.28899  3.42%     -    0s
     0     0 1408.91065    0   98 1452.00000 1408.91065  2.97%     -    1s
     0     0 1408.94809    0   97 1452.00000 1408.94809  2.97%     -    1s
     0     0 1417.88067    0   71 1452.00000 1417.88067  2.35%     -    1s
H    0     0                    1436.0000000 1417.88067  1.26%     -    1s
     0     0 1417.94606    0   67 1436.00000 1417.94606  1.26%     -    1s
     0     0 1418.98347    0   67 1436.00000 1418.98347  1.18%     -    1s
     0     0 1419.00335    0   72 1436.00000 1419.00335  1.18%     -    1s
     0     0 1419.06081    0   71 1436.00000 1419.06081  1.18%     -    1s
     0     0 1419.22368    0   71 1436.00000 1419.22368  1.17%     -    1s
     0     0 1419.22368    0   71 1436.00000 1419.22368  1.17%     -    1s
     0     0 1419.22368    0   71 1436.00000 1419.22368  1.17%     -    1s
H    0     0                    1434.0000000 1419.29861  1.03%     -    1s
     0     2 1419.29861    0   71 1434.00000 1419.29861  1.03%     -    1s
H  112    26                    1433.0000000 1427.11538  0.41%  22.3    2s
*  143    26               8    1432.0000000 1427.11538  0.34%  19.3    2s

Cutting planes:
  Lift-and-project: 1
  Cover: 39
  Implied bound: 3
  Clique: 14
  MIR: 42
  Knapsack: 5
  StrongCG: 23
  GUB cover: 6
  Zero half: 3
  RLT: 103
  Relax-and-lift: 109
  BQP: 18

Explored 190 nodes (4366 simplex iterations) in 2.64 seconds (1.59 work units)
Thread count was 22 (of 22 available processors)

Solution count 10: 1432 1433 1434 ... 1809

Optimal solution found (tolerance 1.00e-04)
Best objective 1.432000000000e+03, best bound 1.432000000000e+03, gap 0.0000%

User-callback calls 1513, time in user-callback 0.01 sec
