FIXINGS_START
(1, 0, 0)
(2, 5, 0)
(3, 0, 0)
(3, 1, 0)
(4, 0, 0)
(5, 0, 0)
(5, 4, 0)
(6, 0, 0)
(6, 4, 0)
(7, 0, 0)
(8, 0, 0)
(8, 4, 0)
(9, 0, 0)
(9, 8, 0)
(10, 0, 0)
(10, 4, 0)
(11, 0, 0)
(11, 7, 0)
(12, 0, 0)
(13, 0, 0)
(13, 1, 0)
(14, 0, 0)
(15, 0, 0)
(16, 0, 0)
(9, 3, 0)
(6, 1, 0)
(0, 0, 0)
(2, 1, 0)
(6, 5, 0)
(12, 2, 0)
(4, 1, 0)
(11, 3, 0)
(0, 4, 0)
(15, 2, 18)
(0, 6, 0)
(7, 1, 28)
(6, 7, 0)
(6, 8, 0)
(12, 3, 0)
(16, 3, 0)
(16, 4, 0)
(2, 2, 2)
(4, 2, 0)
(12, 4, 0)
(9, 6, 0)
(12, 5, 0)
(8, 6, 0)
(9, 7, 17)
(1, 4, 0)
(15, 3, 0)
(4, 5, 0)
(11, 4, 0)
(15, 4, 0)
(3, 2, 0)
(3, 3, 0)
(2, 3, 0)
(10, 1, 0)
(13, 4, 0)
(11, 6, 16)
FIXINGS_END
found_sol 4815.0 time 7.073
found_sol 4806.0 time 8.189
found_sol 4706.0 time 8.771
found_sol 4699.0 time 9.489
found_sol 4693.0 time 11.067
found_sol 4692.0 time 11.069
time 46.332
GUROBI
Status OPTIMAL
Runtime 46.33164620399475
NodeCount 12208.0
IterCount 1295294.0
NumVars 6600
NumConstrs 50978
ObjBound 4692.0
ObjBoundC 4692.0
ObjVal 4692.0
MIPGap 0.0
