FIXINGS_START
(1, 0, 0)
(2, 5, 0)
(3, 0, 0)
(3, 1, 0)
(4, 0, 0)
(5, 0, 0)
(5, 4, 0)
(6, 0, 0)
(6, 4, 0)
(7, 0, 0)
(8, 0, 0)
(8, 4, 0)
(9, 0, 0)
(9, 8, 0)
(10, 0, 0)
(10, 4, 0)
(11, 0, 0)
(11, 7, 0)
(12, 0, 0)
(13, 0, 0)
(13, 1, 0)
(14, 0, 0)
(15, 0, 0)
(16, 0, 0)
(3, 2, 0)
(3, 3, 0)
(0, 0, 0)
(0, 4, 0)
(0, 6, 0)
(16, 3, 0)
(4, 1, 0)
(11, 3, 0)
(2, 3, 0)
(0, 7, 0)
(10, 1, 0)
(14, 1, 40)
(11, 4, 0)
(14, 2, 0)
(15, 2, 18)
(4, 2, 0)
(6, 1, 0)
(8, 6, 0)
(12, 2, 0)
(15, 3, 0)
(9, 2, 10)
(6, 5, 0)
(9, 3, 35)
(6, 7, 0)
(15, 4, 0)
(6, 8, 0)
FIXINGS_END
found_sol 4820.0 time 17.881
found_sol 4780.0 time 19.138
found_sol 4772.0 time 22.055
found_sol 4764.0 time 24.343
found_sol 4726.0 time 39.523
found_sol 4713.0 time 45.539
found_sol 4705.0 time 229.937
found_sol 4702.0 time 335.697
found_sol 4675.0 time 343.888
found_sol 4665.999999999999 time 489.147
found_sol 4666.0 time 502.124
time 502.140
GUROBI
Status OPTIMAL
Runtime 502.13967299461365
NodeCount 28703.0
IterCount 5521987.0
NumVars 6600
NumConstrs 50969
ObjBound 4666.0
ObjBoundC 4665.999999999999
ObjVal 4666.0
MIPGap 0.0
