
Gurobi 13.0.0 (linux64) logging started Sun Jan 18 01:36:27 2026

Set parameter LogFile to value "../experiments/network-n_60_s_1_rp_0-app_set-id_38_17_apps/submip_30_epr1_model_gurobi.log"
Set parameter TimeLimit to value 8.2047237844999472e+02
Gurobi Optimizer version 13.0.0 build v13.0.0rc1 (linux64 - "Ubuntu 24.04.3 LTS")

CPU model: Intel(R) Core(TM) Ultra 7 165H, instruction set [SSE2|AVX|AVX2]
Thread count: 22 physical cores, 22 logical processors, using up to 22 threads

Non-default parameters:
TimeLimit  8.2047237844999472e+02
LogToConsole  0

Academic license 2539022 - for non-commercial use only - registered to al___@studenti.unimi.it
Optimize a model with 50969 rows, 6600 columns and 111237 nonzeros (Min)
Model fingerprint: 0x186fc7a1
Model has 6600 linear objective coefficients
Model has 206 quadratic constraints
Variable types: 0 continuous, 6600 integer (6600 binary)
Coefficient statistics:
  Matrix range     [1e+00, 9e+02]
  QMatrix range    [5e+01, 2e+02]
  Objective range  [1e+01, 2e+02]
  Bounds range     [1e+00, 1e+00]
  RHS range        [1e+00, 1e+09]
  QRHS range       [1e+02, 6e+02]

MIP start from previous solve did not produce a new incumbent solution
MIP start from previous solve violates constraint fixed_app_9_microservice_3 by 1.000000000

Presolve removed 50297 rows and 5164 columns
Presolve time: 0.18s
Presolved: 13450 rows, 14010 columns, 88103 nonzeros
Variable types: 0 continuous, 14010 integer (14010 binary)

Root relaxation: objective 4.055221e+03, 1516 iterations, 0.16 seconds (0.23 work units)

    Nodes    |    Current Node    |     Objective Bounds      |     Work
 Expl Unexpl |  Obj  Depth IntInf | Incumbent    BestBd   Gap | It/Node Time

     0     0 4055.22116    0  188          - 4055.22116      -     -    0s
     0     0 4057.99822    0  174          - 4057.99822      -     -    0s
     0     0 4167.97689    0  185          - 4167.97689      -     -    1s
     0     0 4200.50298    0  209          - 4200.50298      -     -    1s
     0     0 4202.93530    0  214          - 4202.93530      -     -    2s
     0     0 4203.02097    0  213          - 4203.02097      -     -    2s
     0     0 4254.47204    0  217          - 4254.47204      -     -    2s
     0     0 4281.22629    0  250          - 4281.22629      -     -    3s
     0     0 4287.88472    0  246          - 4287.88472      -     -    3s
     0     0 4288.72027    0  251          - 4288.72027      -     -    3s
     0     0 4316.39380    0  254          - 4316.39380      -     -    3s
     0     0 4328.84100    0  287          - 4328.84100      -     -    4s
     0     0 4332.30223    0  289          - 4332.30223      -     -    4s
     0     0 4344.11657    0  289          - 4344.11657      -     -    4s
     0     0 4344.36226    0  275          - 4344.36226      -     -    4s
     0     0 4344.36226    0  275          - 4344.36226      -     -    4s
     0     2 4344.39058    0  275          - 4344.39058      -     -    5s
   219   252 4421.60517   10  245          - 4364.55600      -   240   10s
H  508   505                    5469.0000000 4364.55600  20.2%   218   14s
H  531   546                    5426.0000000 4364.55600  19.6%   218   14s
H  532   546                    5360.0000000 4364.55600  18.6%   218   14s
H  536   546                    5191.0000000 4364.55600  15.9%   218   14s
   572   589 4534.86732   25  180 5191.00000 4364.55600  15.9%   218   15s
H  670   679                    5189.0000000 4364.55600  15.9%   217   16s
H  675   679                    5062.0000000 4364.55600  13.8%   218   16s
H  679   679                    5014.0000000 4364.55600  13.0%   217   16s
H  732   721                    5012.0000000 4364.55600  12.9%   221   16s
H  876   818                    5007.0000000 4365.79946  12.8%   211   17s
  1111   976 4418.21371   16  253 5007.00000 4372.40978  12.7%   218   20s
H 1122   976                    4962.0000000 4372.40978  11.9%   218   20s
H 1284  1090                    4927.0000000 4372.40978  11.3%   221   22s
  1496  1293 4492.85869   35  152 4927.00000 4373.38575  11.2%   214   25s
H 1937  1568                    4913.0000000 4373.38575  11.0%   197   28s
  2230  1781 4495.69079   33  164 4913.00000 4382.26831  10.8%   189   30s
H 2587  1983                    4897.0000000 4382.26831  10.5%   184   32s
H 2697  2065                    4876.0000000 4385.05761  10.1%   182   33s
H 2920  2130                    4841.0000000 4385.88135  9.40%   180   34s
  3048  2238 4596.56087   13  165 4841.00000 4385.88135  9.40%   180   36s
  3236  2239 4657.04401   24 5125 4841.00000 4385.88135  9.40%   178   40s
H 3247  2133                    4803.0000000 4385.88135  8.68%   178   44s
  3249  2135 4607.62535   31  321 4803.00000 4385.88135  8.68%   178   45s
  3281  2156 4447.38817    8  399 4803.00000 4402.67919  8.33%   176   50s
  3307  2173 4667.93108   25  382 4803.00000 4415.05083  8.08%   175   55s
H 3334  2080                    4802.0000000 4420.22176  7.95%   173   59s
H 3336  1976                    4798.0000000 4420.59245  7.87%   173   59s
  3338  1977 4696.21853   26  415 4798.00000 4420.70431  7.86%   173   60s
H 3349  1883                    4708.0000000 4422.64685  6.06%   172   61s
  3366  1895 4708.00000   33  444 4708.00000 4425.13270  6.01%   171   65s
H 3379  1805                    4693.0000000 4426.11876  5.69%   171   67s
  3393  1815 4543.04622   11  354 4693.00000 4432.09855  5.56%   170   70s
  3421  1833 4572.71203   16  389 4693.00000 4436.20447  5.47%   169   75s
  3447  1851 4493.77753    7  418 4693.00000 4436.76745  5.46%   167   80s
H 3451  1757                    4676.0000000 4437.15284  5.11%   167   81s
  3459  1766 4448.50337   11  323 4676.00000 4437.30902  5.10%   176   85s
  3489  1805 4490.95442   15  371 4676.00000 4446.85013  4.90%   180   92s
H 3507  1707                    4671.0000000 4453.98359  4.65%   185   92s
H 3511  1665                    4670.0000000 4453.98359  4.63%   186   95s
  3587  1684 4511.81517   18  381 4670.00000 4454.00656  4.63%   193  101s
  3647  1720 4526.97060   20  322 4670.00000 4454.00656  4.63%   198  105s
H 3694  1649                    4652.0000000 4454.00656  4.26%   201  108s
  3723  1674 4532.45767   22  301 4652.00000 4454.00656  4.26%   202  110s
  3842  1700 4543.30268   23  331 4652.00000 4461.14891  4.10%   206  115s
  4013  1725 4645.15502   25  277 4652.00000 4472.09234  3.87%   209  121s
H 4071  1669                    4638.0000000 4472.09234  3.58%   209  123s
  4120  1687     cutoff   27      4638.00000 4472.09234  3.58%   210  125s
  4332  1704     cutoff   29      4638.00000 4473.34303  3.55%   211  132s
  4470  1739 4492.86229   20  264 4638.00000 4478.34621  3.44%   212  136s
H 4508  1652                    4628.0000000 4478.34621  3.23%   212  136s
  4611  1735 4501.07310   25  265 4628.00000 4478.34621  3.23%   212  141s
H 4735  1652                    4614.0000000 4479.40417  2.92%   212  143s
  4756  1668 4529.30099   31  238 4614.00000 4479.40417  2.92%   212  146s
H 4764  1598                    4605.0000000 4479.40417  2.73%   212  146s
  4938  1615 4562.16077   39  219 4605.00000 4483.67455  2.63%   212  151s
  5096  1659 4492.24489   17  304 4605.00000 4483.67455  2.63%   214  157s
  5200  1696 4564.59048   18  234 4605.00000 4483.67455  2.63%   214  160s
  5457  1709     cutoff   26      4605.00000 4483.67455  2.63%   213  166s
  5567  1749 4507.48922   29  153 4605.00000 4485.94646  2.59%   213  170s
  5842  1651 4601.93712   19  286 4605.00000 4486.28296  2.58%   212  177s
H 5868  1540                    4590.0000000 4486.28296  2.26%   212  177s
  5913  1519     cutoff   20      4590.00000 4492.57116  2.12%   212  181s
  6204  1531     cutoff   31      4590.00000 4492.94141  2.11%   212  188s
  6377  1565     cutoff   20      4590.00000 4493.28311  2.11%   212  192s
  6579  1598 4507.14345   22  269 4590.00000 4493.28311  2.11%   212  196s
  6810  1584 4548.76069   31  194 4590.00000 4493.28311  2.11%   212  200s
H 6934  1504                    4583.0000000 4493.28311  1.96%   211  200s
  7144  1569 infeasible   22      4583.00000 4496.51978  1.89%   212  209s
  7408  1627 4535.84401   28  238 4583.00000 4496.71472  1.88%   212  213s
  7612  1681 4549.06503   28  157 4583.00000 4501.31358  1.78%   213  218s
  7914  1731 4567.13764   28  192 4583.00000 4503.40884  1.74%   213  223s
  8175  1833 4567.36244   21  299 4583.00000 4503.95213  1.72%   212  228s
  8492  1928 4553.35552   35  143 4583.00000 4504.66528  1.71%   212  233s
  8850  2006     cutoff   37      4583.00000 4507.25361  1.65%   211  238s
  9166  2053     cutoff   27      4583.00000 4508.39441  1.63%   210  244s
  9429  2112 4577.39997   30  212 4583.00000 4509.69972  1.60%   210  249s
  9783  2175     cutoff   30      4583.00000 4510.35563  1.59%   210  255s
 10102  2222 4528.74860   22  288 4583.00000 4512.29799  1.54%   210  261s
 10429  2253 4541.19644   30  200 4583.00000 4513.65235  1.51%   210  267s
 10628  2310     cutoff   29      4583.00000 4515.71937  1.47%   209  273s
 11032  2391     cutoff   23      4583.00000 4517.41975  1.43%   209  279s
 11533  2480 4566.46062   30  169 4583.00000 4519.20571  1.39%   207  286s
 12125  2567 4552.73432   24  207 4583.00000 4519.55167  1.38%   205  293s
 12746  2641 4562.71054   34  200 4583.00000 4522.61120  1.32%   203  300s
 13400  2707 4554.56447   25  196 4583.00000 4524.72094  1.27%   202  307s
 14045  2776 4545.35844   29  154 4583.00000 4527.01012  1.22%   201  315s
 14537  2824 4558.35983   30  164 4583.00000 4528.77057  1.18%   200  322s
 15198  2872 4564.95173   23  201 4583.00000 4530.32321  1.15%   199  330s
 15825  2931     cutoff   36      4583.00000 4532.14939  1.11%   198  339s
 16610  2946     cutoff   29      4583.00000 4534.34276  1.06%   196  348s
 17429  2919     cutoff   28      4583.00000 4536.75390  1.01%   194  356s
 18289  2871     cutoff   26      4583.00000 4539.00495  0.96%   193  365s
 19173  2777 4574.19096   36  180 4583.00000 4541.48445  0.91%   192  374s
 20208  2641 4575.52763   35  112 4583.00000 4544.08468  0.85%   190  384s
 21020  2590 4570.66749   26  134 4583.00000 4547.39973  0.78%   189  394s
 21557  2287     cutoff   28      4583.00000 4548.68872  0.75%   187  404s
 22770  1950 4573.28051   39  149 4583.00000 4551.69793  0.68%   185  415s
 24049  1197     cutoff   26      4583.00000 4555.67150  0.60%   182  426s
 25637     0     cutoff   35      4583.00000 4561.13951  0.48%   178  434s

Cutting planes:
  Gomory: 8
  Lift-and-project: 2
  Cover: 534
  Clique: 74
  MIR: 332
  Knapsack: 12
  StrongCG: 201
  Flow cover: 379
  GUB cover: 31
  Inf proof: 1
  Zero half: 97
  Mod-K: 1
  RLT: 226
  Relax-and-lift: 249
  BQP: 28

Explored 27129 nodes (4710641 simplex iterations) in 434.04 seconds (299.60 work units)
Thread count was 22 (of 22 available processors)

Solution count 10: 4583 4590 4605 ... 4676

Optimal solution found (tolerance 1.00e-04)
Best objective 4.583000000000e+03, best bound 4.583000000000e+03, gap 0.0000%

User-callback calls 92104, time in user-callback 0.33 sec
Set parameter LogToConsole to value 0
