
Gurobi 13.0.0 (linux64) logging started Sun Jan 18 06:52:36 2026

Set parameter LogFile to value "../experiments/network-n_60_s_2_rp_0-app_set-id_35_16_apps/submip_30_epr1_model_gurobi.log"
Set parameter TimeLimit to value 869.739447504995
Gurobi Optimizer version 13.0.0 build v13.0.0rc1 (linux64 - "Ubuntu 24.04.3 LTS")

CPU model: Intel(R) Core(TM) Ultra 7 165H, instruction set [SSE2|AVX|AVX2]
Thread count: 22 physical cores, 22 logical processors, using up to 22 threads

Non-default parameters:
TimeLimit  869.739447504995
LogToConsole  0

Academic license 2539022 - for non-commercial use only - registered to al___@studenti.unimi.it
Optimize a model with 36535 rows, 6240 columns and 81772 nonzeros (Min)
Model fingerprint: 0x1e7fb9c5
Model has 6240 linear objective coefficients
Model has 190 quadratic constraints
Variable types: 0 continuous, 6240 integer (6240 binary)
Coefficient statistics:
  Matrix range     [1e+00, 9e+02]
  QMatrix range    [5e+01, 2e+02]
  Objective range  [1e+01, 2e+02]
  Bounds range     [1e+00, 1e+00]
  RHS range        [1e+00, 1e+09]
  QRHS range       [1e+02, 6e+02]
Presolve removed 35923 rows and 4667 columns
Presolve time: 0.17s
Presolved: 15450 rows, 16146 columns, 100899 nonzeros
Variable types: 0 continuous, 16146 integer (16146 binary)

Root relaxation: objective 3.825292e+03, 1198 iterations, 0.10 seconds (0.13 work units)

    Nodes    |    Current Node    |     Objective Bounds      |     Work
 Expl Unexpl |  Obj  Depth IntInf | Incumbent    BestBd   Gap | It/Node Time

     0     0 3825.29176    0  127          - 3825.29176      -     -    0s
     0     0 3828.68149    0  128          - 3828.68149      -     -    0s
H    0     0                    4386.0000000 3828.68149  12.7%     -    1s
H    0     0                    4294.0000000 3828.68149  10.8%     -    1s
H    0     0                    4220.0000000 3828.68149  9.27%     -    1s
H    0     0                    4160.0000000 3828.68149  7.96%     -    1s
     0     0 3870.41781    0  135 4160.00000 3870.41781  6.96%     -    1s
     0     0 3874.70090    0  138 4160.00000 3874.70090  6.86%     -    1s
     0     0 3874.93567    0  140 4160.00000 3874.93567  6.85%     -    1s
     0     0 3889.99712    0  153 4160.00000 3889.99712  6.49%     -    2s
     0     0 3891.56882    0  164 4160.00000 3891.56882  6.45%     -    2s
     0     0 3891.66932    0  167 4160.00000 3891.66932  6.45%     -    2s
H    0     0                    4146.0000000 3891.66932  6.13%     -    2s
     0     0 3897.30939    0  163 4146.00000 3897.30939  6.00%     -    2s
H    0     0                    4068.0000000 3897.30939  4.20%     -    2s
     0     0 3899.95761    0  177 4068.00000 3899.95761  4.13%     -    3s
     0     0 3900.23925    0  182 4068.00000 3900.23925  4.12%     -    3s
H    0     0                    4067.0000000 3900.23925  4.10%     -    3s
     0     0 3904.05489    0  181 4067.00000 3904.05489  4.01%     -    3s
     0     0 3904.07387    0  179 4067.00000 3904.07387  4.01%     -    3s
     0     0 3904.07387    0  179 4067.00000 3904.07387  4.01%     -    3s
     0     0 3904.07387    0  174 4067.00000 3904.07387  4.01%     -    3s
H    0     2                    3983.0000000 3904.07387  1.98%     -    4s
     0     2 3904.07387    0  167 3983.00000 3904.07387  1.98%     -    4s
    31    50 infeasible    5      3983.00000 3909.25570  1.85%   277    5s
H   70    69                    3977.0000000 3909.77618  1.69%   217    5s
H   77   110                    3973.0000000 3909.77618  1.59%   208    6s
H   90   110                    3968.0000000 3909.77618  1.47%   197    6s
H  118   174                    3964.0000000 3909.77618  1.37%   172    6s
   644   624 3944.51587   32   84 3964.00000 3910.58133  1.35%   101   10s
  1527  1362 3924.81409   12  155 3964.00000 3912.91458  1.29%  82.5   15s
H 1720  1454                    3963.0000000 3913.19369  1.26%  82.6   16s
  2375  2072 3918.47375   11  122 3963.00000 3913.25879  1.26%  76.6   20s
  2804  2310 3952.89912   46  180 3963.00000 3913.76076  1.24%  75.0   25s
  2857  2345 3946.65099   36  250 3963.00000 3916.45500  1.17%  73.6   30s
  2919  2386 3951.88026   23  252 3963.00000 3919.31585  1.10%  72.0   35s
  3032  2509 3936.44257   19  141 3963.00000 3925.15728  0.95%  81.0   40s
  3350  2667 3946.05924   24  146 3963.00000 3925.15728  0.95%  84.2   45s
H 3352  2544                    3960.0000000 3925.15728  0.88%  84.2   45s
H 3551  2497                    3957.0000000 3928.17670  0.73%  84.6   47s
H 3619  2398                    3955.0000000 3928.17670  0.68%  84.3   47s
  4016  2454 3940.93217   29   95 3955.00000 3928.99364  0.66%  83.7   51s
H 4036  2343                    3954.0000000 3928.99364  0.63%  83.8   51s
H 4044  2241                    3950.0000000 3928.99364  0.53%  83.8   51s
H 4541  2359                    3947.0000000 3931.00701  0.41%  82.7   54s
  4694  2381     cutoff   32      3947.00000 3931.00701  0.41%  81.9   55s
  5790  2285 3939.92836   28  199 3947.00000 3933.47673  0.34%  78.5   60s
  7161  2395 3940.42852   34   83 3947.00000 3935.29720  0.30%  75.6   65s
H 7221  2209                    3946.0000000 3935.47060  0.27%  75.6   65s
H 7729  1985                    3945.0000000 3935.67687  0.24%  75.2   68s
  8453  2080     cutoff   28      3945.00000 3936.69340  0.21%  74.1   70s
  9700  2226 3941.23419   30  114 3945.00000 3937.52624  0.19%  72.4   75s
 10678  2331 3939.91528   30  131 3945.00000 3938.11408  0.17%  71.8   80s
 12762  2036 3943.14709   26   84 3945.00000 3939.52070  0.14%  70.7   86s
 13938  1658 infeasible   27      3945.00000 3940.12057  0.12%  69.8   90s
 16280     0     cutoff   31      3945.00000 3941.83404  0.08%  67.2   95s

Cutting planes:
  Gomory: 4
  Cover: 153
  Implied bound: 1
  Clique: 27
  MIR: 160
  Knapsack: 4
  StrongCG: 65
  Flow cover: 69
  GUB cover: 18
  Zero half: 47
  RLT: 93
  Relax-and-lift: 110
  BQP: 24

Explored 16845 nodes (1112515 simplex iterations) in 95.18 seconds (56.20 work units)
Thread count was 22 (of 22 available processors)

Solution count 10: 3945 3946 3947 ... 3964

Optimal solution found (tolerance 1.00e-04)
Best objective 3.945000000000e+03, best bound 3.945000000000e+03, gap 0.0000%

User-callback calls 44588, time in user-callback 0.10 sec
Set parameter LogToConsole to value 0
