
Gurobi 13.0.0 (linux64) logging started Wed Jan 14 00:16:32 2026

Set parameter LogFile to value "../experiments/network-n_50_s_1_rp_0-app_set-id_91_35_apps/compact_model_gurobi.log"
Set parameter TimeLimit to value 900
Gurobi Optimizer version 13.0.0 build v13.0.0rc1 (linux64 - "Ubuntu 24.04.3 LTS")

CPU model: Intel(R) Core(TM) Ultra 7 165H, instruction set [SSE2|AVX|AVX2]
Thread count: 22 physical cores, 22 logical processors, using up to 22 threads

Non-default parameters:
TimeLimit  900
LogToConsole  0

Academic license 2539022 - for non-commercial use only - registered to al___@studenti.unimi.it
Optimize a model with 63382 rows, 11400 columns and 143094 nonzeros (Min)
Model fingerprint: 0x2e9771b7
Model has 11400 linear objective coefficients
Model has 164 quadratic constraints
Variable types: 0 continuous, 11400 integer (11400 binary)
Coefficient statistics:
  Matrix range     [1e+00, 9e+02]
  QMatrix range    [5e+01, 2e+02]
  Objective range  [1e+01, 2e+02]
  Bounds range     [1e+00, 1e+00]
  RHS range        [1e+00, 1e+09]
  QRHS range       [1e+02, 6e+02]
Presolve removed 60839 rows and 6523 columns
Presolve time: 0.38s
Presolved: 50699 rows, 52869 columns, 320460 nonzeros
Variable types: 0 continuous, 52869 integer (52869 binary)
Performing another presolve...
Presolve removed 1071 rows and 1309 columns
Presolve time: 0.66s
Deterministic concurrent LP optimizer: primal and dual simplex
Showing primal log only...

Concurrent spin time: 0.00s

Solved with dual simplex

Root relaxation: infeasible, 6845 iterations, 0.98 seconds (1.33 work units)

    Nodes    |    Current Node    |     Objective Bounds      |     Work
 Expl Unexpl |  Obj  Depth IntInf | Incumbent    BestBd   Gap | It/Node Time

     0     0 infeasible    0               - infeasible      -     -    2s

Explored 1 nodes (6845 simplex iterations) in 2.23 seconds (3.19 work units)
Thread count was 22 (of 22 available processors)

Solution count 0

Model is infeasible
Best objective -, best bound -, gap -

User-callback calls 663, time in user-callback 0.00 sec
