
Gurobi 13.0.0 (linux64) logging started Sat Jan  3 16:04:52 2026

Set parameter LogFile to value "../experiments/network-n_60_s_1_rp_0-app_set-id_37_17_apps/compact_model_gurobi.log"
Set parameter TimeLimit to value 900
Gurobi Optimizer version 13.0.0 build v13.0.0rc1 (linux64 - "Ubuntu 24.04.3 LTS")

CPU model: Intel(R) Core(TM) Ultra 7 165H, instruction set [SSE2|AVX|AVX2]
Thread count: 22 physical cores, 22 logical processors, using up to 22 threads

Non-default parameters:
TimeLimit  900
LogToConsole  0

Academic license 2539022 - for non-commercial use only - registered to al___@studenti.unimi.it
Optimize a model with 60634 rows, 6600 columns and 130823 nonzeros (Min)
Model fingerprint: 0x8185c9ed
Model has 6600 linear objective coefficients
Model has 206 quadratic constraints
Variable types: 0 continuous, 6600 integer (6600 binary)
Coefficient statistics:
  Matrix range     [1e+00, 9e+02]
  QMatrix range    [5e+01, 2e+02]
  Objective range  [1e+01, 2e+02]
  Bounds range     [1e+00, 1e+00]
  RHS range        [1e+00, 1e+09]
  QRHS range       [1e+02, 6e+02]
Presolve removed 58916 rows and 3839 columns
Presolve time: 0.19s
Presolved: 36964 rows, 37801 columns, 238554 nonzeros
Variable types: 0 continuous, 37801 integer (37801 binary)
Performing another presolve...
Presolve removed 2105 rows and 2292 columns
Presolve time: 0.59s
Deterministic concurrent LP optimizer: primal and dual simplex
Showing primal log only...

Concurrent spin time: 0.00s

Solved with dual simplex

Root relaxation: objective 3.308584e+03, 1423 iterations, 0.55 seconds (0.44 work units)

    Nodes    |    Current Node    |     Objective Bounds      |     Work
 Expl Unexpl |  Obj  Depth IntInf | Incumbent    BestBd   Gap | It/Node Time

     0     0 3308.58431    0  243          - 3308.58431      -     -    1s
     0     0 3330.42005    0  243          - 3330.42005      -     -    3s
     0     0 3365.23251    0  281          - 3365.23251      -     -    3s
     0     0 3367.76692    0  297          - 3367.76692      -     -    4s
     0     0 3368.18587    0  304          - 3368.18587      -     -    4s
     0     0 3368.19075    0  308          - 3368.19075      -     -    4s
H    0     0                    5300.0000000 3368.19075  36.4%     -    5s
     0     0 3385.86981    0  292 5300.00000 3385.86981  36.1%     -    5s
H    0     0                    5203.0000000 3385.86981  34.9%     -    5s
H    0     0                    5201.0000000 3385.86981  34.9%     -    5s
     0     0 3400.98559    0  344 5201.00000 3400.98559  34.6%     -    6s
     0     0 3410.06293    0  324 5201.00000 3410.06293  34.4%     -    6s
     0     0 3414.23638    0  325 5201.00000 3414.23638  34.4%     -    6s
     0     0 3414.75285    0  297 5201.00000 3414.75285  34.3%     -    6s
     0     0 3433.73612    0  354 5201.00000 3433.73612  34.0%     -    7s
H    0     0                    4530.0000000 3433.73612  24.2%     -    8s
H    0     0                    4448.0000000 3439.81111  22.7%     -    8s
H    0     0                    4383.0000000 3439.81111  21.5%     -    8s
     0     0 3439.81111    0  373 4383.00000 3439.81111  21.5%     -    8s
     0     0 3441.94465    0  394 4383.00000 3441.94465  21.5%     -    8s
     0     0 3442.40327    0  385 4383.00000 3442.40327  21.5%     -    9s
H    0     0                    4053.0000000 3442.40327  15.1%     -    9s
     0     0 3448.62092    0  345 4053.00000 3448.62092  14.9%     -   10s
     0     0 3450.30248    0  350 4053.00000 3450.30248  14.9%     -   10s
     0     0 3451.43499    0  346 4053.00000 3451.43499  14.8%     -   11s
     0     0 3451.44057    0  345 4053.00000 3451.44057  14.8%     -   11s
     0     0 3451.44057    0  335 4053.00000 3451.44057  14.8%     -   11s
H    0     0                    3975.0000000 3451.45123  13.2%     -   12s
     0     0 3451.45123    0  249 3975.00000 3451.45123  13.2%     -   13s
     0     0 3451.45123    0  232 3975.00000 3451.45123  13.2%     -   15s
     0     0 3451.45123    0  252 3975.00000 3451.45123  13.2%     -   15s
     0     0 3451.45123    0  289 3975.00000 3451.45123  13.2%     -   16s
     0     0 3451.45123    0  289 3975.00000 3451.45123  13.2%     -   16s
     0     0 3451.45123    0  315 3975.00000 3451.45123  13.2%     -   17s
     0     0 3451.45123    0  326 3975.00000 3451.45123  13.2%     -   17s
H    0     0                    3925.0000000 3451.45123  12.1%     -   17s
     0     0 3451.45123    0  359 3925.00000 3451.45123  12.1%     -   18s
     0     0 3451.45123    0  325 3925.00000 3451.45123  12.1%     -   18s
     0     0 3451.45123    0  324 3925.00000 3451.45123  12.1%     -   18s
     0     0 3451.45123    0  329 3925.00000 3451.45123  12.1%     -   18s
     0     0 3452.85627    0  355 3925.00000 3452.85627  12.0%     -   20s
     0     0 3454.23192    0  343 3925.00000 3454.23192  12.0%     -   20s
     0     0 3457.79353    0  352 3925.00000 3457.79353  11.9%     -   21s
H    0     0                    3922.0000000 3457.79353  11.8%     -   21s
H    0     0                    3921.0000000 3457.79353  11.8%     -   21s
H    0     0                    3920.0000000 3458.45801  11.8%     -   21s
     0     0 3458.45801    0  340 3920.00000 3458.45801  11.8%     -   21s
H    0     0                    3915.0000000 3460.08504  11.6%     -   22s
     0     0 3460.08504    0  383 3915.00000 3460.08504  11.6%     -   22s
     0     0 3460.09453    0  378 3915.00000 3460.09453  11.6%     -   22s
     0     0 3460.09453    0  368 3915.00000 3460.09453  11.6%     -   22s
H    0     0                    3912.0000000 3460.09453  11.6%     -   23s
H    0     0                    3911.0000000 3460.09453  11.5%     -   23s
     0     2 3460.09453    0  356 3911.00000 3460.09453  11.5%     -   23s
     7    16 3468.57194    3  358 3911.00000 3461.81352  11.5%   491   25s
H   20    30                    3891.0000000 3465.43757  10.9%   620   27s
    53    92 3482.70559    6  452 3891.00000 3471.76049  10.8%   786   32s
H   59    92                    3857.0000000 3471.76049  10.0%   755   32s
H  116   132                    3826.0000000 3471.76149  9.26%   610   34s
H  139   172                    3825.0000000 3471.76149  9.23%   561   37s
   227   260 3497.88544   10  388 3825.00000 3471.76149  9.23%   499   41s
H  303   303                    3803.0000000 3471.76149  8.71%   456   42s
   365   387 3505.93289   12  397 3803.00000 3471.76149  8.71%   427   46s
H  411   430                    3801.0000000 3471.76149  8.66%   421   48s
   461   474 3525.77379   14  438 3801.00000 3471.76149  8.66%   398   50s
H  463   474                    3763.0000000 3471.76149  7.74%   398   50s
H  570   546                    3746.0000000 3474.47541  7.25%   368   53s
   589   592 3529.81411   16  419 3746.00000 3474.47541  7.25%   363   55s
H  652   630                    3745.0000000 3474.47541  7.22%   350   57s
H  673   630                    3743.0000000 3474.47541  7.17%   345   57s
   751   734 3550.35356   18  324 3743.00000 3474.47541  7.17%   327   60s
H  755   734                    3731.0000000 3474.47541  6.88%   327   60s
H  763   734                    3721.0000000 3474.47541  6.63%   325   60s
H  801   772                    3683.0000000 3474.47541  5.66%   318   63s
   859   789 3557.08056   21  325 3683.00000 3474.47541  5.66%   315   65s
H  864   789                    3679.0000000 3474.47541  5.56%   315   65s
  1041  1005 3572.76674   25  329 3679.00000 3474.47541  5.56%   294   71s
H 1140  1077                    3657.0000000 3474.47541  4.99%   283   73s
  1199  1154 3582.31118   29  360 3657.00000 3474.47541  4.99%   277   75s
H 1258  1154                    3650.0000000 3474.47541  4.81%   270   75s
H 1494  1260                    3647.0000000 3477.00597  4.66%   262   79s
  1497  1290 3639.28636   35  241 3647.00000 3477.00597  4.66%   262   82s
  1732  1405 3485.22552    9  391 3647.00000 3478.42835  4.62%   252   87s
  1937  1525 3509.10577   15  298 3647.00000 3478.42835  4.62%   246   92s
H 1939  1511                    3645.0000000 3478.42835  4.57%   246   92s
  2075  1556 3549.13132   17  271 3645.00000 3478.42835  4.57%   241   95s
  2259  1685 3634.60970   24  178 3645.00000 3479.34291  4.54%   239  101s
H 2347  1669                    3641.0000000 3479.34291  4.44%   238  101s
  2504  1842 3546.32634   13  324 3641.00000 3479.34291  4.44%   234  107s
H 2539  1790                    3637.0000000 3479.34291  4.33%   234  107s
H 2553  1733                    3632.0000000 3479.34291  4.20%   233  107s
H 2557  1723                    3631.0000000 3479.34291  4.18%   233  107s
  2635  1772 3556.55898   15  302 3631.00000 3479.34291  4.18%   232  111s
  2760  1833 3567.69547   17  286 3631.00000 3479.34291  4.18%   234  115s
  2996  1960 3588.73035   20  304 3631.00000 3480.33333  4.15%   237  122s
  3076  2025 3590.59891   21  265 3631.00000 3482.74920  4.08%   237  125s
  3357  2185 infeasible   21      3631.00000 3492.33739  3.82%   234  132s
  3520  2186 3548.10314   16 13870 3631.00000 3493.60408  3.78%   235  145s
  3524  2189 3612.29934   35  295 3631.00000 3493.60408  3.78%   235  150s
  3529  2192 3533.01827   11  454 3631.00000 3493.60408  3.78%   234  155s
  3542  2201 3561.37294   16  467 3631.00000 3493.60408  3.78%   233  160s
  3555  2209 3539.62523   16  460 3631.00000 3493.60408  3.78%   233  165s
  3568  2218 3619.32063   40  457 3631.00000 3493.60408  3.78%   232  170s
  3583  2228 3547.40756   11  480 3631.00000 3493.60408  3.78%   231  175s
  3604  2242 3494.16139    8  494 3631.00000 3493.60408  3.78%   229  180s
  3616  2250 3549.25396   34  455 3631.00000 3493.60408  3.78%   229  185s
  3633  2261 3565.20628   20  470 3631.00000 3493.60408  3.78%   228  190s
  3645  2269 3619.83208   15  465 3631.00000 3493.60408  3.78%   227  195s
  3658  2278 3512.42756   13  522 3631.00000 3493.60408  3.78%   226  200s
  3664  2282 3577.18364   28  477 3631.00000 3493.60408  3.78%   226  207s
  3665  2286 3493.60408   16  379 3631.00000 3493.60408  3.78%   234  210s
  3671  2296 3499.84739   18  359 3631.00000 3493.60408  3.78%   234  215s
  3679  2309 3524.29937   19  436 3631.00000 3493.60408  3.78%   237  220s
  3695  2322 3541.82662   20  399 3631.00000 3493.60408  3.78%   241  226s
  3717  2347 3546.41933   21  404 3631.00000 3500.97484  3.58%   248  232s
  3759  2363 3572.91256   22  295 3631.00000 3506.62793  3.43%   253  237s
  3801  2386 3549.72989   23  391 3631.00000 3506.87180  3.42%   256  242s
  3838  2404 3555.90797   24  355 3631.00000 3506.87180  3.42%   259  247s
  3879  2427     cutoff   24      3631.00000 3506.87180  3.42%   264  252s
  3924  2446 3556.34652   25  346 3631.00000 3506.87180  3.42%   269  256s
  3977  2443 3559.23353   26  314 3631.00000 3506.87180  3.42%   272  260s
  4073  2451 3567.55617   27  317 3631.00000 3510.71092  3.31%   278  267s
  4107  2461 3569.06774   28  348 3631.00000 3510.71092  3.31%   281  271s
  4153  2472 3589.50875   28  426 3631.00000 3518.89156  3.09%   283  276s
  4203  2482 3577.23779   29  422 3631.00000 3518.89156  3.09%   286  280s
  4292  2506 3582.28715   30  380 3631.00000 3518.89156  3.09%   292  288s
  4346  2510 3586.16472   30  391 3631.00000 3518.89156  3.09%   294  293s
  4404  2521 3585.05586   31  334 3631.00000 3524.51542  2.93%   298  297s
  4439  2536     cutoff   31      3631.00000 3524.51542  2.93%   300  301s
  4479  2547 infeasible   32      3631.00000 3524.51542  2.93%   302  306s
  4524  2560 3599.93341   33  359 3631.00000 3526.84921  2.87%   306  310s
  4561  2580 3603.04350   34  383 3631.00000 3526.84921  2.87%   308  316s
  4640  2590 3605.63792   35  289 3631.00000 3526.84921  2.87%   309  321s
  4706  2606     cutoff   36      3631.00000 3527.34835  2.85%   311  326s
  4787  2604     cutoff   38      3631.00000 3530.30317  2.77%   313  332s
  4851  2611     cutoff   42      3631.00000 3530.93578  2.76%   314  337s
  4907  2630 3543.83566   29  342 3631.00000 3530.93578  2.76%   316  343s
  4979  2655 3554.34770   31  314 3631.00000 3530.93578  2.76%   318  349s
  5072  2643 3575.90142   33  326 3631.00000 3530.93578  2.76%   319  355s
  5095  2649 3579.72905   34  309 3631.00000 3530.93578  2.76%   319  361s
  5122  2657 3584.96329   35  319 3631.00000 3530.93578  2.76%   320  367s
H 5144  2533                    3619.0000000 3530.93578  2.43%   319  367s
  5151  2583     cutoff   36      3619.00000 3530.93578  2.43%   319  374s
  5262  2615 3593.59841   40  384 3619.00000 3536.33419  2.28%   320  381s
  5372  2633 3610.93316   45  307 3619.00000 3536.33419  2.28%   320  388s
  5500  2640 3577.48067   28  388 3619.00000 3537.56077  2.25%   321  395s
  5620  2662 3586.52634   28  394 3619.00000 3537.62880  2.25%   324  402s
  5742  2666 3597.65668   31  269 3619.00000 3537.62880  2.25%   326  409s
  5881  2680     cutoff   33      3619.00000 3537.62880  2.25%   327  417s
  6015  2646 3573.60742   26  295 3619.00000 3542.40960  2.12%   328  425s
  6150  2639 3597.04897   29  312 3619.00000 3542.40960  2.12%   330  433s
  6230  2685 3604.40655   30  245 3619.00000 3542.40960  2.12%   331  442s
  6414  2689     cutoff   38      3619.00000 3546.85173  1.99%   331  451s
  6597  2735 3592.59220   28  269 3619.00000 3546.85173  1.99%   332  460s
  6797  2705 3582.29025   31  254 3619.00000 3546.85173  1.99%   331  471s
  6973  2729 3592.45803   34  276 3619.00000 3548.78931  1.94%   331  481s
H 7107  2555                    3617.0000000 3548.78931  1.89%   332  481s
  7172  2617 3585.88982   34  187 3617.00000 3552.24196  1.79%   333  491s
  7383  2645 3578.35924   32  291 3617.00000 3552.24196  1.79%   334  501s
  7675  2636     cutoff   41      3617.00000 3552.24196  1.79%   334  512s
  7919  2640 3611.27788   32  333 3617.00000 3554.46731  1.73%   338  523s
  8246  2579 3581.50637   29  379 3617.00000 3556.15830  1.68%   338  535s
  8483  2581 3608.15242   33  231 3617.00000 3556.36900  1.68%   339  547s
  8786  2569 3609.95944   29  319 3617.00000 3559.74134  1.58%   340  560s
  9096  2556 3610.25623   31  285 3617.00000 3561.15425  1.54%   342  573s
  9439  2569 3606.38805   35  152 3617.00000 3562.58963  1.50%   342  586s
  9874  2592     cutoff   27      3617.00000 3563.31621  1.48%   341  600s
 10303  2636 3584.88073   28  348 3617.00000 3565.12301  1.43%   340  613s
 10512  2769 3606.58397   32  359 3617.00000 3565.12301  1.43%   340  628s
 10965  2870 3587.44319   27  263 3617.00000 3568.32157  1.35%   340  644s
 11373  2977     cutoff   36      3617.00000 3569.13522  1.32%   341  661s
 11926  3078 3588.59800   37  148 3617.00000 3570.28411  1.29%   340  676s
 12498  3168 3607.13831   28  268 3617.00000 3571.05661  1.27%   340  693s
 12892  3294 3591.75913   47  207 3617.00000 3572.73588  1.22%   340  711s
 13498  3424 3594.65664   48  156 3617.00000 3573.08536  1.21%   339  729s
 14043  3519     cutoff   44      3617.00000 3574.35604  1.18%   339  748s
 14512  3630 3608.17394   35  233 3617.00000 3575.45102  1.15%   338  768s
 15307  3753 3589.91970   33  260 3617.00000 3577.06075  1.10%   336  788s
 16068  3847 3610.18826   41  137 3617.00000 3578.19572  1.07%   335  809s
 16877  3935 3600.44744   41  195 3617.00000 3579.73132  1.03%   333  830s
 17784  4012 3602.64392   35  275 3617.00000 3581.21484  0.99%   331  852s
 18679  4025     cutoff   41      3617.00000 3582.50036  0.95%   330  874s
*18768  3554              39    3610.0000000 3582.50036  0.76%   329  874s
 19279  3456     cutoff   47      3610.00000 3583.51158  0.73%   330  898s
 20194  3449     cutoff   37      3610.00000 3585.73494  0.67%   331  900s

Cutting planes:
  Gomory: 5
  Lift-and-project: 15
  Cover: 532
  Implied bound: 4
  Clique: 60
  MIR: 334
  Knapsack: 15
  StrongCG: 207
  Flow cover: 452
  GUB cover: 40
  Zero half: 207
  RLT: 329
  Relax-and-lift: 426
  BQP: 99

Explored 20250 nodes (6709938 simplex iterations) in 900.13 seconds (696.20 work units)
Thread count was 22 (of 22 available processors)

Solution count 10: 3610 3617 3619 ... 3650

Time limit reached
Best objective 3.610000000000e+03, best bound 3.586000000000e+03, gap 0.6648%

User-callback calls 134183, time in user-callback 0.77 sec
