
Gurobi 13.0.0 (linux64) logging started Sat Jan  3 03:11:48 2026

Set parameter LogFile to value "../experiments/network-n_60_s_0_rp_0-app_set-id_10_8_apps/compact_model_gurobi.log"
Set parameter TimeLimit to value 900
Gurobi Optimizer version 13.0.0 build v13.0.0rc1 (linux64 - "Ubuntu 24.04.3 LTS")

CPU model: Intel(R) Core(TM) Ultra 7 165H, instruction set [SSE2|AVX|AVX2]
Thread count: 22 physical cores, 22 logical processors, using up to 22 threads

Non-default parameters:
TimeLimit  900
LogToConsole  0

Academic license 2539022 - for non-commercial use only - registered to al___@studenti.unimi.it
Optimize a model with 16002 rows, 3120 columns and 36346 nonzeros (Min)
Model fingerprint: 0x6f5887b4
Model has 3120 linear objective coefficients
Model has 200 quadratic constraints
Variable types: 0 continuous, 3120 integer (3120 binary)
Coefficient statistics:
  Matrix range     [1e+00, 9e+02]
  QMatrix range    [5e+01, 2e+02]
  Objective range  [1e+01, 2e+02]
  Bounds range     [1e+00, 1e+00]
  RHS range        [1e+00, 1e+09]
  QRHS range       [1e+02, 6e+02]
Presolve removed 15161 rows and 1772 columns
Presolve time: 0.24s
Presolved: 24491 rows, 24805 columns, 154700 nonzeros
Variable types: 0 continuous, 24805 integer (24805 binary)
Found heuristic solution: objective 2230.0000000
Deterministic concurrent LP optimizer: primal and dual simplex
Showing primal log only...

Concurrent spin time: 0.00s

Solved with dual simplex

Root relaxation: objective 1.403755e+03, 307 iterations, 0.12 seconds (0.11 work units)

    Nodes    |    Current Node    |     Objective Bounds      |     Work
 Expl Unexpl |  Obj  Depth IntInf | Incumbent    BestBd   Gap | It/Node Time

     0     0 1403.75486    0   95 2230.00000 1403.75486  37.1%     -    1s
H    0     0                    1664.0000000 1403.75486  15.6%     -    1s
H    0     0                    1662.0000000 1403.75486  15.5%     -    1s
H    0     0                    1603.0000000 1403.75486  12.4%     -    1s
     0     0 1425.04550    0  109 1603.00000 1425.04550  11.1%     -    1s
H    0     0                    1525.0000000 1425.04550  6.55%     -    1s
     0     0 1431.44590    0  112 1525.00000 1431.44590  6.13%     -    1s
     0     0 1431.60236    0  106 1525.00000 1431.60236  6.12%     -    1s
     0     0 1445.06684    0   81 1525.00000 1445.06684  5.24%     -    2s
H    0     0                    1518.0000000 1445.06684  4.80%     -    2s
H    0     0                    1512.0000000 1445.06684  4.43%     -    2s
     0     0 1446.08000    0   77 1512.00000 1446.08000  4.36%     -    2s
     0     0 1447.72479    0   85 1512.00000 1447.72479  4.25%     -    2s
     0     0 1447.80300    0   90 1512.00000 1447.80300  4.25%     -    2s
     0     0 1451.06193    0   76 1512.00000 1451.06193  4.03%     -    2s
H    0     0                    1504.0000000 1451.06193  3.52%     -    2s
     0     0 1454.15123    0   96 1504.00000 1454.15123  3.31%     -    2s
     0     0 1454.24920    0   99 1504.00000 1454.24920  3.31%     -    2s
H    0     0                    1484.0000000 1455.69298  1.91%     -    3s
H    0     0                    1475.0000000 1455.69298  1.31%     -    3s
     0     0 1455.69298    0   86 1475.00000 1455.69298  1.31%     -    3s
     0     0 1455.91719    0   89 1475.00000 1455.91719  1.29%     -    3s
     0     0 1456.01961    0   89 1475.00000 1456.01961  1.29%     -    3s
     0     0 1456.01961    0   89 1475.00000 1456.01961  1.29%     -    3s
     0     0 1456.01961    0   89 1475.00000 1456.01961  1.29%     -    3s
H    0     0                    1471.0000000 1456.01961  1.02%     -    3s
     0     0 1456.01961    0   22 1471.00000 1456.01961  1.02%     -    3s
H    0     0                    1467.0000000 1456.01961  0.75%     -    3s
     0     0 1456.01961    0   33 1467.00000 1456.01961  0.75%     -    3s
     0     0 1458.45341    0   34 1467.00000 1458.45341  0.58%     -    3s
     0     0 1461.98928    0   30 1467.00000 1461.98928  0.34%     -    3s
     0     0 infeasible    0      1467.00000 1467.00000  0.00%     -    3s

Explored 1 nodes (1933 simplex iterations) in 3.56 seconds (3.02 work units)
Thread count was 22 (of 22 available processors)

Solution count 10: 1467 1471 1475 ... 1662

Optimal solution found (tolerance 1.00e-04)
Best objective 1.467000000000e+03, best bound 1.467000000000e+03, gap 0.0000%

User-callback calls 1435, time in user-callback 0.01 sec
