
Gurobi 13.0.0 (linux64) logging started Sat Jan  3 07:23:33 2026

Set parameter LogFile to value "../experiments/network-n_60_s_0_rp_0-app_set-id_49_21_apps/compact_model_gurobi.log"
Set parameter TimeLimit to value 900
Gurobi Optimizer version 13.0.0 build v13.0.0rc1 (linux64 - "Ubuntu 24.04.3 LTS")

CPU model: Intel(R) Core(TM) Ultra 7 165H, instruction set [SSE2|AVX|AVX2]
Thread count: 22 physical cores, 22 logical processors, using up to 22 threads

Non-default parameters:
TimeLimit  900
LogToConsole  0

Academic license 2539022 - for non-commercial use only - registered to al___@studenti.unimi.it
Optimize a model with 48398 rows, 8160 columns and 108284 nonzeros (Min)
Model fingerprint: 0xdcbdd4f0
Model has 8160 linear objective coefficients
Model has 200 quadratic constraints
Variable types: 0 continuous, 8160 integer (8160 binary)
Coefficient statistics:
  Matrix range     [1e+00, 9e+02]
  QMatrix range    [5e+01, 2e+02]
  Objective range  [1e+01, 2e+02]
  Bounds range     [1e+00, 1e+00]
  RHS range        [1e+00, 1e+09]
  QRHS range       [1e+02, 6e+02]
Presolve removed 46488 rows and 4727 columns
Presolve time: 0.55s
Presolved: 54801 rows, 56126 columns, 352200 nonzeros
Variable types: 0 continuous, 56126 integer (56126 binary)
Deterministic concurrent LP optimizer: primal and dual simplex
Showing primal log only...

Concurrent spin time: 0.00s

Solved with dual simplex

Root relaxation: objective 4.757741e+03, 3150 iterations, 1.00 seconds (1.14 work units)

    Nodes    |    Current Node    |     Objective Bounds      |     Work
 Expl Unexpl |  Obj  Depth IntInf | Incumbent    BestBd   Gap | It/Node Time

     0     0 4757.74112    0  269          - 4757.74112      -     -    3s
     0     0 4758.80893    0  284          - 4758.80893      -     -    3s
     0     0 4758.81182    0  288          - 4758.81182      -     -    3s
     0     0 4785.47218    0  328          - 4785.47218      -     -    6s
     0     0 4829.10513    0  341          - 4829.10513      -     -    8s
     0     0 4836.94221    0  332          - 4836.94221      -     -    8s
     0     0 4837.16465    0  344          - 4837.16465      -     -    8s
     0     0 4837.53405    0  343          - 4837.53405      -     -    8s
     0     0 4837.53557    0  349          - 4837.53557      -     -    8s
     0     0 4851.62972    0  401          - 4851.62972      -     -   11s
     0     0 4866.52964    0  380          - 4866.52964      -     -   12s
     0     0 4866.86585    0  362          - 4866.86585      -     -   12s
     0     0 4878.24583    0  464          - 4878.24583      -     -   13s
     0     0 4881.66549    0  445          - 4881.66549      -     -   14s
     0     0 4882.29278    0  458          - 4882.29278      -     -   14s
     0     0 4904.38044    0  421          - 4904.38044      -     -   19s
     0     0 4912.27980    0  405          - 4912.27980      -     -   21s
     0     0 4915.75169    0  337          - 4915.75169      -     -   22s
     0     0 4916.71861    0  400          - 4916.71861      -     -   22s
     0     0 4927.02860    0  451          - 4927.02860      -     -   26s
     0     0 4931.21865    0  457          - 4931.21865      -     -   27s
     0     0 4934.12661    0  483          - 4934.12661      -     -   28s
     0     0 4935.26452    0  485          - 4935.26452      -     -   29s
     0     0 4935.26968    0  485          - 4935.26968      -     -   29s
     0     0 4935.26968    0  476          - 4935.26968      -     -   29s
     0     0 4935.33777    0  280          - 4935.33777      -     -   37s
     0     0 4935.33777    0  311          - 4935.33777      -     -   40s
     0     0 4935.33777    0  381          - 4935.33777      -     -   41s
     0     0 4935.33777    0  356          - 4935.33777      -     -   43s
     0     0 4935.33777    0  353          - 4935.33777      -     -   44s
     0     0 4935.33777    0  365          - 4935.33777      -     -   46s
     0     0 4935.33777    0  375          - 4935.33777      -     -   48s
     0     0 4935.33777    0  431          - 4935.33777      -     -   49s
     0     0 4935.33777    0  447          - 4935.33777      -     -   49s
     0     0 4935.33777    0  430          - 4935.33777      -     -   50s
     0     0 4935.33777    0  441          - 4935.33777      -     -   52s
     0     0 4935.33777    0  438          - 4935.33777      -     -   53s
     0     0 4935.97501    0  451          - 4935.97501      -     -   54s
     0     0 4937.12714    0  439          - 4937.12714      -     -   54s
     0     0 4951.87214    0  479          - 4951.87214      -     -   57s
     0     0 4951.88188    0  472          - 4951.88188      -     -   58s
     0     0 4951.88188    0  465          - 4951.88188      -     -   58s
     0     2 4951.88351    0  464          - 4951.88351      -     -   62s
     7    14 infeasible    3               - 4956.76808      -   533   65s
    51   110 4979.60900    6  375          - 4960.63979      -   390   70s
   156   188 4984.31534    9  341          - 4960.64000      -   266   75s
   273   317 4994.12718   12  352          - 4960.64000      -   263   81s
   403   442 4991.02061   16  313          - 4960.64000      -   253   85s
   502   529 4990.12155   19  282          - 4960.64000      -   245   90s
   590   603 4994.48507   21  298          - 4960.64000      -   235   95s
   665   678 4991.40745   22  280          - 4960.64000      -   231  100s
   747   778 4997.20565   24  230          - 4960.64000      -   228  105s
   894   936 5020.31552   26  312          - 4960.64000      -   222  112s
  1015  1060 5007.43198   25  293          - 4960.64000      -   216  116s
H 1048  1060                    5977.0000000 4960.64000  17.0%   215  116s
H 1090  1082                    5962.0000000 4960.64000  16.8%   213  119s
H 1094  1082                    5880.0000000 4960.64000  15.6%   213  119s
H 1103  1145                    5862.0000000 4960.64000  15.4%   213  122s
H 1111  1145                    5844.0000000 4960.64000  15.1%   213  122s
H 1133  1145                    5737.0000000 4960.64000  13.5%   214  122s
  1258  1319 5015.33085   28  225 5737.00000 4960.64000  13.5%   208  127s
H 1261  1319                    5714.0000000 4960.64000  13.2%   208  127s
H 1267  1319                    5693.0000000 4960.64000  12.9%   208  127s
H 1388  1404                    5664.0000000 4960.64000  12.4%   205  129s
H 1423  1404                    5605.0000000 4960.64000  11.5%   205  129s
  1436  1490 5014.97198   34  287 5605.00000 4960.64000  11.5%   204  132s
H 1446  1490                    5601.0000000 4960.64000  11.4%   204  132s
H 1449  1490                    5532.0000000 4960.64000  10.3%   204  132s
  1523  1597 5048.75651   35  315 5532.00000 4960.64000  10.3%   203  135s
H 1546  1597                    5509.0000000 4960.64000  10.0%   203  135s
H 1637  1724                    5491.0000000 4960.64000  9.66%   199  138s
  1761  1809 5024.56459   38  289 5491.00000 4960.64000  9.66%   193  140s
H 1830  1809                    5476.0000000 4960.64000  9.41%   193  140s
  1965  1905 5107.45827   37  249 5476.00000 4960.64000  9.41%   192  147s
H 1969  1904                    5448.0000000 4960.64000  8.95%   192  147s
H 1990  1900                    5437.0000000 4960.64000  8.76%   195  147s
  2017  1943 5045.23904   39  296 5437.00000 4960.64000  8.76%   197  150s
H 2023  1943                    5436.0000000 4960.64000  8.74%   197  150s
H 2123  2031                    5432.0000000 4960.64000  8.68%   201  154s
  2155  2114 5080.23564   40  332 5432.00000 4960.64000  8.68%   203  157s
H 2161  2112                    5430.0000000 4960.64000  8.64%   203  157s
  2240  2207 5069.90209   41  327 5430.00000 4960.64000  8.64%   204  161s
H 2246  2198                    5409.0000000 4960.64000  8.29%   204  161s
H 2312  2192                    5381.0000000 4960.64000  7.81%   203  161s
  2466  2436 5083.07101   50  269 5381.00000 4960.64000  7.81%   204  168s
  2622  2571 5086.91272   55  270 5381.00000 4960.64000  7.81%   203  172s
  2764  2748 5089.72288   60  265 5381.00000 4960.64000  7.81%   201  176s
  2951  2770 5104.38995   67  299 5381.00000 4963.91732  7.75%   198  181s
H 2964  2752                    5351.0000000 4963.91732  7.23%   198  181s
H 2973  2917                    5349.0000000 4963.91732  7.20%   199  185s
  3342  3183 5110.62072   75  260 5349.00000 4964.55577  7.19%   195  194s
  3501  3264 5121.35628   85  244 5349.00000 4964.55577  7.19%   195  199s
  3655  3360 5195.97114   86  206 5349.00000 4965.85452  7.16%   197  204s
H 3760  3358                    5347.0000000 4965.85452  7.13%   199  204s
  3779  3489 5301.11584   86  187 5347.00000 4965.85452  7.13%   199  209s
  3927  3621 5200.71070   90  196 5347.00000 4965.85452  7.13%   201  214s
H 4097  3694                    5327.0000000 4965.85452  6.78%   201  220s
  4216  3690 5158.71471   84 21571 5327.00000 4965.85452  6.78%   203  245s
  4218  3691 5105.20013   58  308 5327.00000 4965.85452  6.78%   203  254s
  4219  3692 5045.18008   42  310 5327.00000 4965.85452  6.78%   202  255s
  4222  3694 5028.35066   42  421 5327.00000 4965.85452  6.78%   202  262s
  4224  3695 5269.81496  118  476 5327.00000 4965.85452  6.78%   202  266s
  4228  3698 5267.69247   93  527 5327.00000 4965.85452  6.78%   202  270s
  4233  3701 5045.88712   44  505 5327.00000 4965.85452  6.78%   202  275s
  4244  3709 5170.44419   54  542 5327.00000 4967.42447  6.75%   201  281s
  4247  3711 5042.87663   26  534 5327.00000 4973.42669  6.64%   201  285s
  4254  3715 5071.03574   42  510 5327.00000 4975.51913  6.60%   201  290s
  4262  3721 5016.21692   10  535 5327.00000 4978.06493  6.55%   200  295s
  4269  3725 5296.60171   78  573 5327.00000 4979.31028  6.53%   200  300s
  4277  3731 5214.17968   87  511 5327.00000 4980.55997  6.50%   200  305s
  4285  3736 5293.77914  107  590 5327.00000 4981.36327  6.49%   199  310s
  4292  3741 5118.87099   54  574 5327.00000 4981.90837  6.48%   199  316s
  4302  3747 5284.96480   90  632 5327.00000 4982.27856  6.47%   199  322s
  4309  3752 5283.31911   74  611 5327.00000 4983.14229  6.45%   198  325s
  4316  3757 5158.71471   84  595 5327.00000 4983.40831  6.45%   198  331s
  4320  3759 4991.00098   23  637 5327.00000 4983.59142  6.45%   198  336s
  4325  3763 5007.33725   62  620 5327.00000 4984.31433  6.43%   198  341s
  4329  3765 4994.26837   10  591 5327.00000 4985.39375  6.41%   197  346s
  4333  3768 5045.88712   44  624 5327.00000 4985.71107  6.41%   197  350s
  4339  3772 5130.58612   70  628 5327.00000 4986.37081  6.39%   197  355s
  4346  3777 4986.51864   17  616 5327.00000 4986.51864  6.39%   197  360s
  4353  3781 5027.68910   14  645 5327.00000 4987.17216  6.38%   196  365s
  4362  3787 5016.21692   10  648 5327.00000 4987.68763  6.37%   196  370s
  4372  3794 5115.66667   23  639 5327.00000 4988.03307  6.36%   195  375s
H 4373  3602                    5323.0000000 4988.04605  6.29%   195  375s
H 4375  3420                    5307.0000000 4988.07629  6.01%   195  377s
H 4375  3247                    5290.0000000 4988.07629  5.71%   195  378s
H 4375  3082                    5289.0000000 4988.07629  5.69%   195  380s
H 4375  2925                    5287.0000000 4988.07629  5.65%   195  380s
  4376  2926 4988.07629   18  640 5287.00000 4988.07629  5.65%   195  385s
H 4376  2777                    5269.0000000 4988.13230  5.33%   195  385s
  4383  2781 5012.29759   13  658 5269.00000 4988.15934  5.33%   195  390s
  4388  2785 5130.79683   30  657 5269.00000 4988.22117  5.33%   195  395s
  4397  2791 5081.69844   38  637 5269.00000 4988.82670  5.32%   194  400s
  4407  2797 5011.83780   27  658 5269.00000 4988.94861  5.32%   194  406s
  4410  2799 4998.86029   10  654 5269.00000 4988.98999  5.31%   194  410s
  4413  2801 5054.10355   20  636 5269.00000 4989.28797  5.31%   194  415s
  4414  2802 5030.58553   27  636 5269.00000 4989.28899  5.31%   194  423s
  4415  2806 4990.06041   12  545 5269.00000 4989.28899  5.31%   203  428s
  4417  2807 4990.53037   13  565 5269.00000 4990.53037  5.29%   204  433s
  4421  2812 4994.25528   14  584 5269.00000 4990.53087  5.29%   204  438s
  4427  2822 4994.94094   15  616 5269.00000 4992.23151  5.25%   205  447s
  4439  2840 4996.21228   16  616 5269.00000 4992.99481  5.24%   208  459s
  4461  2856 4997.34041   17  644 5269.00000 4994.85230  5.20%   213  472s
H 4478  2707                    5266.0000000 4994.88726  5.15%   216  472s
H 4485  2623                    5264.0000000 4994.88726  5.11%   217  486s
  4540  2641 5000.31401   19  635 5264.00000 4994.88726  5.11%   223  497s
H 4544  2511                    5258.0000000 4994.88726  5.00%   223  497s
  4576  2537 5043.21207   19  533 5258.00000 4994.88726  5.00%   227  520s
  4613  2565 5003.61765   20  615 5258.00000 4994.88726  5.00%   230  532s
H 4614  2441                    5251.0000000 4994.88726  4.88%   230  532s
  4653  2478 5085.68849   20  500 5251.00000 4994.88726  4.88%   233  543s
  4703  2514 5005.90813   21  583 5251.00000 4994.88726  4.88%   238  554s
  4755  2541 5018.89167   22  497 5251.00000 4994.88726  4.88%   244  565s
  4800  2565 5032.17749   23  479 5251.00000 4994.88726  4.88%   248  574s
  4841  2591 5035.61288   24  429 5251.00000 4994.88726  4.88%   250  582s
  4885  2620 5035.94539   25  429 5251.00000 4994.88726  4.88%   252  590s
  4929  2654 5041.85652   26  425 5251.00000 4994.88726  4.88%   254  599s
  4983  2682 5048.38985   27  367 5251.00000 4994.88726  4.88%   256  607s
  5043  2718 5049.06547   28  376 5251.00000 4994.88726  4.88%   258  615s
  5109  2750 5049.58343   29  362 5251.00000 4995.41346  4.87%   260  623s
  5180  2773 infeasible   30      5251.00000 4995.41346  4.87%   262  631s
  5241  2804 5080.93125   31  340 5251.00000 4995.41346  4.87%   264  640s
  5303  2844 5115.18879   32  315 5251.00000 4995.41346  4.87%   265  650s
  5369  2847 5090.92280   34  400 5251.00000 4996.64230  4.84%   268  660s
  5398  2877 5091.00676   34  335 5251.00000 4996.64230  4.84%   269  671s
  5449  2911 5092.02799   35  347 5251.00000 4998.09808  4.82%   271  683s
H 5451  2793                    5243.0000000 4998.09808  4.67%   271  683s
  5506  2838 5095.21104   36  326 5243.00000 4998.09808  4.67%   273  694s
  5572  2855 5099.42498   37  314 5243.00000 4998.09808  4.67%   277  706s
H 5601  2734                    5233.0000000 4998.09808  4.49%   278  706s
  5618  2798 5102.77522   37  312 5233.00000 4998.09808  4.49%   278  717s
  5700  2843 5104.70571   39  346 5233.00000 4998.09808  4.49%   281  728s
  5781  2885 5189.53036   40  372 5233.00000 4998.09808  4.49%   283  740s
  5872  2932 5107.25882   42  364 5233.00000 4998.09808  4.49%   286  752s
  5994  2985 5109.41617   44  314 5233.00000 4998.09808  4.49%   287  764s
  6144  3023 5112.85069   46  283 5233.00000 4998.09808  4.49%   288  777s
  6300  3090 5122.21197   48  254 5233.00000 4999.97062  4.45%   290  790s
  6467  3159 5158.11392   52  160 5233.00000 4999.97062  4.45%   292  805s
  6642  3171 5144.48425   58  253 5233.00000 4999.97062  4.45%   294  820s
  6745  3188 5214.99334   60  250 5233.00000 4999.97062  4.45%   296  836s
  6830  3339 5148.17692   62  247 5233.00000 4999.97062  4.45%   296  851s
  7037  3450 5157.13946   69  250 5233.00000 4999.97062  4.45%   296  868s
  7284  3538 5192.45188   77  192 5233.00000 5001.70472  4.42%   296  883s
  7518  3596 5187.92274   90  238 5233.00000 5002.58825  4.40%   297  900s

Cutting planes:
  Gomory: 6
  Lift-and-project: 10
  Cover: 333
  Clique: 51
  MIR: 372
  Knapsack: 15
  StrongCG: 227
  Flow cover: 723
  GUB cover: 41
  Inf proof: 1
  Zero half: 94
  Mod-K: 3
  RLT: 356
  Relax-and-lift: 198
  BQP: 55

Explored 7757 nodes (2340027 simplex iterations) in 900.10 seconds (866.30 work units)
Thread count was 22 (of 22 available processors)

Solution count 10: 5233 5243 5251 ... 5290

Time limit reached
Best objective 5.233000000000e+03, best bound 5.003000000000e+03, gap 4.3952%

User-callback calls 127306, time in user-callback 0.77 sec
