
Gurobi 13.0.0 (linux64) logging started Sat Jan 17 18:43:50 2026

Set parameter LogFile to value "../experiments/network-n_60_s_0_rp_0-app_set-id_60_25_apps/submip_30_epr1_model_gurobi.log"
Set parameter TimeLimit to value 7.9091027503101213e+02
Gurobi Optimizer version 13.0.0 build v13.0.0rc1 (linux64 - "Ubuntu 24.04.3 LTS")

CPU model: Intel(R) Core(TM) Ultra 7 165H, instruction set [SSE2|AVX|AVX2]
Thread count: 22 physical cores, 22 logical processors, using up to 22 threads

Non-default parameters:
TimeLimit  7.9091027503101213e+02
LogToConsole  0

Academic license 2539022 - for non-commercial use only - registered to al___@studenti.unimi.it
Optimize a model with 45877 rows, 9720 columns and 105256 nonzeros (Min)
Model fingerprint: 0xfd0c96ca
Model has 9720 linear objective coefficients
Model has 200 quadratic constraints
Variable types: 0 continuous, 9720 integer (9720 binary)
Coefficient statistics:
  Matrix range     [1e+00, 9e+02]
  QMatrix range    [5e+01, 2e+02]
  Objective range  [1e+01, 2e+02]
  Bounds range     [1e+00, 1e+00]
  RHS range        [1e+00, 1e+09]
  QRHS range       [1e+02, 6e+02]
Presolve removed 44889 rows and 7280 columns
Presolve time: 0.22s
Presolved: 29377 rows, 30636 columns, 178272 nonzeros
Variable types: 0 continuous, 30636 integer (30636 binary)
Deterministic concurrent LP optimizer: primal and dual simplex
Showing primal log only...

Concurrent spin time: 0.09s

Solved with dual simplex

Root relaxation: objective 6.224518e+03, 4230 iterations, 1.00 seconds (0.96 work units)

    Nodes    |    Current Node    |     Objective Bounds      |     Work
 Expl Unexpl |  Obj  Depth IntInf | Incumbent    BestBd   Gap | It/Node Time

     0     0 6224.51796    0  279          - 6224.51796      -     -    1s
     0     0 6225.68900    0  289          - 6225.68900      -     -    2s
     0     0 6236.57924    0  287          - 6236.57924      -     -    3s
     0     0 6286.42366    0  331          - 6286.42366      -     -    4s
     0     0 6286.43079    0  333          - 6286.43079      -     -    4s
     0     0 6316.94844    0  354          - 6316.94844      -     -    5s
     0     0 6316.95242    0  354          - 6316.95242      -     -    5s
     0     0 6316.95242    0  354          - 6316.95242      -     -    5s
     0     0 6316.95242    0  354          - 6316.95242      -     -    5s
     0     0 6316.95242    0  354          - 6316.95242      -     -    5s
     0     0 6316.95436    0  349          - 6316.95436      -     -    5s
     0     0 6324.79536    0  389          - 6324.79536      -     -    6s
     0     0 6325.43496    0  373          - 6325.43496      -     -    6s
     0     0 6325.65639    0  384          - 6325.65639      -     -    6s
     0     0 6325.67026    0  387          - 6325.67026      -     -    6s
     0     0 6339.39900    0  409          - 6339.39900      -     -    8s
     0     0 6350.59732    0  403          - 6350.59732      -     -   10s
     0     0 6368.51008    0  440          - 6368.51008      -     -   11s
     0     0 6368.55406    0  438          - 6368.55406      -     -   11s
     0     0 6368.55626    0  440          - 6368.55626      -     -   11s
     0     0 6374.07472    0  461          - 6374.07472      -     -   11s
     0     0 6378.60569    0  477          - 6378.60569      -     -   12s
     0     0 6378.63073    0  472          - 6378.63073      -     -   12s
     0     0 6380.61598    0  507          - 6380.61598      -     -   12s
     0     0 6381.11033    0  501          - 6381.11033      -     -   12s
     0     0 6398.30283    0  467          - 6398.30283      -     -   15s
     0     0 6401.24344    0  485          - 6401.24344      -     -   15s
     0     0 6416.81179    0  478          - 6416.81179      -     -   18s
     0     0 6416.81937    0  469          - 6416.81937      -     -   18s
     0     0 6416.81937    0  452          - 6416.81937      -     -   18s
     0     2 6416.82062    0  441          - 6416.82062      -     -   20s
    31    54 6429.28706    5  379          - 6421.27713      -   326   25s
    75   121 6442.02339    7  415          - 6421.81918      -   501   30s
   218   245 6444.21622   10  412          - 6421.81918      -   343   35s
   318   332 6450.58805   15  392          - 6421.81918      -   338   40s
   419   427 6450.92146   18  422          - 6421.81918      -   320   46s
   467   474 6454.09692   20  401          - 6421.81918      -   325   50s
   555   562 6459.73990   22  397          - 6421.81918      -   323   56s
   623   636 6473.02643   24  406          - 6421.81918      -   322   61s
   709   728 6474.34421   27  374          - 6421.81918      -   305   67s
   781   804 6478.55371   29  362          - 6421.81918      -   303   71s
   870   907 6480.72125   36  350          - 6421.81918      -   305   75s
  1005  1057 6484.04166   42  345          - 6421.81918      -   288   80s
  1146  1202 6492.76842   47  339          - 6421.81918      -   281   85s
  1297  1346 6496.79024   53  323          - 6421.81918      -   279   91s
  1453  1522 6512.62661   57  340          - 6421.81918      -   280   97s
  1545  1600 6516.19675   61  335          - 6421.81918      -   276  100s
  1674  1689 6522.34478   69  324          - 6421.81918      -   272  106s
  1715  1746 6526.02403   70  320          - 6421.81918      -   272  110s
  1872  1953 6535.87754   77  325          - 6421.81918      -   268  117s
  1988  2023 6539.73916   83  324          - 6421.81918      -   264  121s
  2104  2094 6543.60573   95  303          - 6421.81918      -   259  128s
  2130  2128 6543.91645   96  308          - 6421.81918      -   259  132s
  2164  2224 6543.92194   97  307          - 6421.81918      -   258  137s
  2263  2308 6543.92442   98  302          - 6421.81918      -   254  141s
  2363  2470 6661.94964   99  325          - 6421.81918      -   254  145s
  2688  2807 6589.44101  107  313          - 6421.81918      -   252  154s
  2881  3077 6604.96569  122  288          - 6421.81918      -   250  158s
  3154  3258 6634.28672  141  283          - 6421.81918      -   242  163s
  3367  3529 6645.60395  149  289          - 6421.81918      -   242  168s
  3655  3692 6679.89214  179  276          - 6421.81918      -   236  173s
  3851  3976 infeasible  186               - 6421.81918      -   238  178s
  4143  4332 6807.81937  196  238          - 6421.81918      -   235  183s
  4508  4644 6880.20444  232  247          - 6421.81918      -   228  188s
  4851  4810 6489.63248    6  370          - 6421.81918      -   224  194s
  5029  5079 6493.84251   11  359          - 6421.81918      -   222  200s
  5342  5489 6517.74844   25  340          - 6421.81918      -   218  206s
  5762  5899 6528.39784   31  329          - 6421.81918      -   213  212s
  6194  6212 6556.17448   39  298          - 6421.81918      -   210  218s
  6594  6504 6569.20508   49  255          - 6421.81918      -   208  224s
  6976  6528 6619.15275   61  274          - 6421.81918      -   207  231s
  7000  6571 6594.12409   62  246          - 6421.81918      -   207  237s
  7067  6768 6630.66598   63  254          - 6421.81918      -   208  244s
  7306  7080 6606.54612   71  260          - 6423.29942      -   208  252s
  7652  7443 infeasible   90               - 6423.29942      -   207  259s
  8057  7535 infeasible  139               - 6423.29942      -   207  267s
  8195  7848 6435.73121    9  349          - 6423.29942      -   207  274s
  8537  7849 6588.08922   98 13668          - 6423.29942      -   207  282s
  8539  7850 6519.46448   67  292          - 6423.29942      -   207  287s
  8541  7852 6536.82560   36  357          - 6423.29942      -   207  290s
  8545  7854 6768.97370  194  443          - 6423.29942      -   207  295s
  8554  7860 6458.13468   46  509          - 6433.91145      -   206  300s
  8566  7868 6534.51795   84  571          - 6441.55255      -   206  305s
  8578  7876 6522.94062   63  603          - 6454.36142      -   206  310s
  8586  7882 6717.35305  102  610          - 6464.69533      -   206  315s
  8597  7889 6665.77455  206  612          - 6468.42992      -   205  320s
  8607  7896 6680.16116   95  627          - 6471.64857      -   205  325s
  8620  7904 6474.38714   20  671          - 6474.38714      -   205  330s
  8631  7912 6506.00618   56  694          - 6476.25915      -   204  335s
  8645  7921 6768.97370  194  707          - 6477.72167      -   204  340s
  8655  7928 6485.05581   15  685          - 6480.11365      -   204  345s
  8666  7935 6534.51795   84  654          - 6480.88894      -   204  350s
  8677  7942 6570.53310   71  721          - 6481.40977      -   203  355s
  8689  7950 6602.84087   80  725          - 6482.47340      -   203  360s
  8705  7961 6549.03039   78  723          - 6484.25087      -   203  366s
  8713  7966 6507.94880   19  703          - 6486.25526      -   203  370s
  8726  7975 6736.47086  103  721          - 6486.85333      -   202  377s
  8731  7978 6506.00618   56  711          - 6487.01733      -   202  380s
  8740  7984 6569.93430   34  714          - 6487.59945      -   202  385s
  8751  7992 6727.88741   95  733          - 6488.27905      -   202  390s
  8756  7995 6632.38606  101  745          - 6488.45630      -   202  413s
  8757  7996 6489.03734   35  716          - 6489.03734      -   202  417s
  8765  8001 6536.06929   38  756          - 6489.48366      -   201  420s
  8780  8011 6585.90270   89  772          - 6490.29769      -   201  425s
  8788  8016 6807.76188  145  743          - 6490.72157      -   201  430s
  8794  8020 6512.86258   75  721          - 6490.90617      -   201  436s
  8801  8025 6716.40933  101  733          - 6491.16905      -   201  441s
  8810  8031 6516.77811   64  725          - 6491.44824      -   200  445s
  8823  8040 6553.76411  116  737          - 6491.84818      -   200  450s
  8835  8048 6492.24125   37  765          - 6492.24125      -   200  455s
  8842  8052 7221.10619  214  747          - 6492.77936      -   200  460s
  8854  8060 6493.31661   46  735          - 6493.31661      -   199  465s
  8868  8070 6493.46957   39  785          - 6493.46957      -   199  470s
  8878  8076 6522.94062   63  777          - 6493.62519      -   199  475s
  8886  8082 6717.35305  102  744          - 6493.82761      -   199  480s
  8897  8089 6665.77455  206  743          - 6494.06233      -   198  486s
  8907  8096 6680.16116   95  792          - 6494.18988      -   198  490s
  8916  8102 6494.37041   28  781          - 6494.37041      -   198  495s
  8924  8108 6494.37763   43 13668          - 6494.37763      -   206  502s
  8926  8109 6736.47086  103  294          - 6494.37763      -   206  507s
  8928  8111 6603.09228   82  346          - 6494.37763      -   206  510s
  8931  8113 6506.00618   56  399          - 6494.37763      -   206  516s
  8933  8114 6513.73339   80  551          - 6494.37799      -   206  520s
  8937  8117 6588.08922   98  600          - 6494.70765      -   206  526s
  8945  8122 6768.97370  194  721          - 6495.12284      -   206  531s
  8954  8128 6496.41684   46  709          - 6496.41684      -   206  535s
  8964  8135 6559.86653   51  710          - 6496.45964      -   205  540s
  8974  8141 6526.62636   79  718          - 6496.45964      -   205  545s
  8981  8146 6555.92997   90  719          - 6496.45964      -   205  551s
  8983  8147 6496.45964   66  641          - 6496.45964      -   205  555s
  8984  8148 6666.77684  143  641          - 6496.45964      -   205  564s
  8985  8152 6496.45964   31  622          - 6496.45964      -   208  568s
  8987  8155 6497.17138   32  600          - 6496.45964      -   208  571s
  8999  8175 6500.15205   34  586          - 6498.00796      -   209  578s
  9015  8192 6500.65102   35  591          - 6499.60632      -   210  583s
  9037  8226 6500.76776   36  591          - 6499.84891      -   211  589s
  9079  8249 6501.87622   37  591          - 6499.87163      -   211  595s
  9116  8268 6505.89272   37  562          - 6499.87163      -   213  601s
  9147  8288 6503.43200   38  568          - 6499.87163      -   215  608s
  9177  8311 6504.63154   38  524          - 6499.87163      -   216  614s
  9210  8337 6504.89452   39  559          - 6499.87163      -   218  621s
  9247  8346 6510.73775   39  548          - 6499.87163      -   220  629s
  9269  8361 6505.57617   40  580          - 6499.87163      -   221  635s
  9291  8378 6509.93573   40  540          - 6499.87163      -   223  642s
  9315  8394 6505.83684   41  564          - 6499.87163      -   224  650s
  9339  8408 6551.21700   41  569          - 6499.87163      -   226  659s
  9361  8422 6505.96429   42  547          - 6499.87163      -   227  667s
  9383  8438 6535.93460   42  486          - 6499.87163      -   229  674s
  9406  8455 6506.10487   43  550          - 6499.87163      -   230  681s
  9431  8470 6506.82835   44  532          - 6499.87163      -   231  689s
  9454  8486 6511.88746   44  586          - 6499.87163      -   232  697s
  9478  8507 6507.49832   45  566          - 6499.87163      -   233  705s
  9507  8531 6554.01209   45  504          - 6499.87163      -   235  711s
  9540  8556 6507.61706   46  563          - 6499.87163      -   236  720s
  9576  8585 6519.83833   46  548          - 6499.87163      -   238  727s
  9617  8594 6509.24737   47  579          - 6499.87163      -   240  736s
  9640  8611 6521.81913   47  515          - 6499.87163      -   241  743s
  9665  8640 6509.67868   48  578          - 6499.87163      -   243  751s
  9702  8674 6510.64790   49  581          - 6499.87163      -   244  760s
  9748  8709 6510.88190   50  563          - 6499.87163      -   246  770s
  9801  8750 6511.47028   51  568          - 6499.87163      -   249  780s
  9861  8793 6511.74878   52  567          - 6499.87163      -   251  789s
  9924  8787 6512.30751   53  588          - 6499.87163      -   254  790s

Cutting planes:
  Gomory: 4
  Lift-and-project: 3
  Cover: 91
  Clique: 26
  MIR: 150
  Knapsack: 11
  StrongCG: 72
  Flow cover: 368
  GUB cover: 10
  Zero half: 37
  Mod-K: 2
  RLT: 71
  Relax-and-lift: 38
  BQP: 11

Explored 9941 nodes (2535795 simplex iterations) in 790.97 seconds (748.38 work units)
Thread count was 22 (of 22 available processors)

Solution count 0

Time limit reached
Best objective -, best bound 6.500000000000e+03, gap -

User-callback calls 145302, time in user-callback 0.83 sec
Set parameter LogToConsole to value 0
