FIXINGS_START
(0, 0, 0)
(1, 0, 0)
(1, 4, 0)
(3, 0, 0)
(4, 0, 0)
(4, 7, 0)
(5, 0, 0)
(5, 4, 0)
(7, 0, 0)
(8, 0, 0)
(8, 6, 0)
(9, 0, 0)
(9, 6, 0)
(10, 0, 0)
(10, 4, 0)
(13, 0, 0)
(14, 0, 0)
(16, 6, 0)
(16, 7, 0)
(17, 0, 0)
(17, 4, 0)
(18, 4, 0)
(19, 0, 0)
(19, 7, 0)
(20, 0, 0)
(20, 9, 0)
(21, 0, 0)
(22, 0, 0)
(22, 4, 0)
(23, 0, 0)
(23, 4, 0)
(18, 1, 0)
(9, 7, 0)
(18, 2, 0)
(11, 0, 0)
(21, 1, 0)
(22, 1, 40)
(2, 0, 0)
(23, 1, 3)
(12, 0, 0)
(13, 1, 0)
(0, 2, 0)
(2, 2, 0)
(6, 0, 0)
(10, 2, 0)
(15, 0, 0)
(17, 1, 31)
(3, 2, 0)
(13, 2, 0)
(10, 5, 0)
(6, 1, 24)
(13, 3, 0)
(14, 1, 0)
(23, 5, 0)
(3, 4, 0)
(14, 2, 0)
(19, 1, 36)
(6, 2, 20)
(14, 4, 0)
(15, 2, 0)
(0, 3, 0)
(11, 1, 0)
(20, 1, 0)
(11, 2, 5)
(4, 2, 0)
(1, 2, 0)
(7, 2, 0)
(4, 5, 0)
(10, 6, 0)
(23, 6, 0)
(3, 6, 0)
(7, 4, 0)
(12, 1, 0)
(20, 4, 0)
(1, 3, 0)
(10, 7, 37)
(6, 3, 0)
(24, 0, 0)
(1, 5, 0)
(15, 3, 39)
(16, 0, 0)
(24, 1, 0)
(12, 2, 0)
(6, 4, 29)
FIXINGS_END
time 892.299
GUROBI
Status TIME_LIMIT
Runtime 892.2992210388184
NodeCount 29569.0
IterCount 9440415.0
NumVars 9720
NumConstrs 45890
ObjBound 6823.0
ObjBoundC 6822.19272639855
ObjVal inf
MIPGap inf
