FIXINGS_START
(0, 0, 0)
(0, 4, 0)
(1, 0, 0)
(2, 0, 0)
(2, 9, 0)
(3, 0, 0)
(4, 0, 0)
(5, 9, 0)
(6, 7, 0)
(6, 8, 0)
(7, 0, 0)
(8, 4, 0)
(9, 0, 0)
(9, 1, 0)
(10, 0, 0)
(11, 0, 0)
(12, 0, 0)
(12, 6, 0)
(13, 0, 0)
(13, 7, 0)
(14, 0, 0)
(8, 2, 0)
(12, 1, 0)
(1, 1, 0)
(11, 1, 0)
(3, 1, 7)
(13, 4, 7)
(0, 1, 0)
(1, 2, 0)
(6, 0, 7)
(9, 2, 0)
(0, 2, 4)
(14, 2, 7)
(6, 1, 7)
(6, 2, 0)
(2, 4, 3)
(0, 3, 0)
(13, 5, 0)
(4, 1, 0)
(4, 2, 0)
(4, 4, 0)
(0, 5, 9)
(0, 6, 0)
(4, 5, 0)
(10, 3, 0)
FIXINGS_END
time 30.869
GUROBI
Status INFEASIBLE
Runtime 30.86852192878723
NodeCount 6683.0
IterCount 939318.0
NumVars 3920
NumConstrs 11258
ObjBound inf
ObjBoundC inf
ObjVal None
MIPGap inf
