FIXINGS_START
(0, 0, 0)
(0, 4, 0)
(1, 0, 0)
(2, 0, 0)
(2, 9, 0)
(3, 0, 0)
(4, 0, 0)
(5, 9, 0)
(6, 7, 0)
(6, 8, 0)
(7, 0, 0)
(8, 4, 0)
(9, 0, 0)
(9, 1, 0)
(10, 0, 0)
(11, 0, 0)
(12, 0, 0)
(12, 6, 0)
(13, 0, 0)
(13, 7, 0)
(14, 0, 0)
(9, 2, 0)
(12, 1, 0)
(10, 3, 0)
(2, 2, 25)
(10, 4, 0)
(10, 5, 0)
(3, 1, 7)
(12, 4, 0)
(8, 2, 0)
(6, 0, 7)
(14, 3, 0)
(13, 4, 7)
(0, 1, 0)
(2, 4, 3)
(0, 2, 4)
(5, 0, 0)
(13, 5, 0)
(4, 1, 0)
(7, 2, 20)
(12, 5, 13)
(1, 1, 0)
(2, 5, 26)
(6, 1, 7)
(9, 3, 0)
(9, 5, 0)
(2, 6, 0)
(2, 7, 2)
(0, 3, 0)
(5, 1, 0)
(4, 2, 0)
(4, 4, 0)
FIXINGS_END
time 0.385
GUROBI
Status INFEASIBLE
Runtime 0.38509607315063477
NodeCount 1.0
IterCount 1817.0
NumVars 3920
NumConstrs 11265
ObjBound inf
ObjBoundC inf
ObjVal None
MIPGap inf
