
Gurobi 13.0.0 (linux64) logging started Sun Jan  4 00:49:38 2026

Set parameter LogFile to value "../experiments/network-n_60_s_2_rp_0-app_set-id_26_13_apps/compact_model_gurobi.log"
Set parameter TimeLimit to value 900
Gurobi Optimizer version 13.0.0 build v13.0.0rc1 (linux64 - "Ubuntu 24.04.3 LTS")

CPU model: Intel(R) Core(TM) Ultra 7 165H, instruction set [SSE2|AVX|AVX2]
Thread count: 22 physical cores, 22 logical processors, using up to 22 threads

Non-default parameters:
TimeLimit  900
LogToConsole  0

Academic license 2539022 - for non-commercial use only - registered to al___@studenti.unimi.it
Optimize a model with 32994 rows, 5040 columns and 73175 nonzeros (Min)
Model fingerprint: 0x0c07c275
Model has 5040 linear objective coefficients
Model has 190 quadratic constraints
Variable types: 0 continuous, 5040 integer (5040 binary)
Coefficient statistics:
  Matrix range     [1e+00, 9e+02]
  QMatrix range    [5e+01, 2e+02]
  Objective range  [1e+01, 2e+02]
  Bounds range     [1e+00, 1e+00]
  RHS range        [1e+00, 1e+09]
  QRHS range       [1e+02, 6e+02]
Presolve removed 31650 rows and 2794 columns
Presolve time: 0.48s
Presolved: 33554 rows, 34267 columns, 215475 nonzeros
Variable types: 0 continuous, 34267 integer (34267 binary)
Deterministic concurrent LP optimizer: primal and dual simplex
Showing primal log only...

Concurrent spin time: 0.07s

Solved with dual simplex

Root relaxation: objective 2.645050e+03, 978 iterations, 0.28 seconds (0.29 work units)

    Nodes    |    Current Node    |     Objective Bounds      |     Work
 Expl Unexpl |  Obj  Depth IntInf | Incumbent    BestBd   Gap | It/Node Time

     0     0 2645.05019    0  118          - 2645.05019      -     -    1s
H    0     0                    3937.0000000 2645.05019  32.8%     -    1s
H    0     0                    3919.0000000 2645.05019  32.5%     -    1s
H    0     0                    3784.0000000 2645.05019  30.1%     -    1s
H    0     0                    3655.0000000 2645.05019  27.6%     -    1s
H    0     0                    3400.0000000 2645.05019  22.2%     -    1s
H    0     0                    3398.0000000 2645.05019  22.2%     -    1s
     0     0 2654.75693    0  161 3398.00000 2654.75693  21.9%     -    2s
H    0     0                    3395.0000000 2654.75693  21.8%     -    2s
H    0     0                    3388.0000000 2654.75693  21.6%     -    2s
     0     0 2663.70477    0  203 3388.00000 2663.70477  21.4%     -    3s
     0     0 2663.95945    0  202 3388.00000 2663.95945  21.4%     -    3s
     0     0 2664.00405    0  202 3388.00000 2664.00405  21.4%     -    3s
H    0     0                    3038.0000000 2664.00405  12.3%     -    3s
H    0     0                    3010.0000000 2664.00405  11.5%     -    3s
H    0     0                    2995.0000000 2667.25244  10.9%     -    4s
     0     0 2667.33701    0  223 2995.00000 2667.33701  10.9%     -    4s
     0     0 2673.18869    0  220 2995.00000 2673.18869  10.7%     -    4s
     0     0 2673.60596    0  215 2995.00000 2673.60596  10.7%     -    4s
     0     0 2673.68655    0  226 2995.00000 2673.68655  10.7%     -    4s
H    0     0                    2878.0000000 2673.68655  7.10%     -    4s
H    0     0                    2874.0000000 2673.68655  6.97%     -    4s
H    0     0                    2868.0000000 2673.68655  6.78%     -    4s
     0     0 2677.76149    0  205 2868.00000 2677.76149  6.63%     -    5s
H    0     0                    2802.0000000 2677.76149  4.43%     -    5s
H    0     0                    2774.0000000 2677.76149  3.47%     -    5s
H    0     0                    2770.0000000 2677.76149  3.33%     -    5s
H    0     0                    2769.0000000 2677.76149  3.29%     -    5s
     0     0 2678.87777    0  226 2769.00000 2678.87777  3.25%     -    6s
     0     0 2679.48390    0  244 2769.00000 2679.48390  3.23%     -    6s
     0     0 2679.66142    0  237 2769.00000 2679.66142  3.23%     -    6s
     0     0 2680.31890    0  245 2769.00000 2680.31890  3.20%     -    7s
     0     0 2680.62680    0  250 2769.00000 2680.62680  3.19%     -    7s
     0     0 2680.71746    0  252 2769.00000 2680.71746  3.19%     -    7s
     0     0 2680.72350    0  251 2769.00000 2680.72350  3.19%     -    7s
     0     0 2680.72350    0  236 2769.00000 2680.72350  3.19%     -    7s
     0     2 2680.72350    0  235 2769.00000 2680.72350  3.19%     -    8s
    53    93 2684.78127    6  238 2769.00000 2682.95242  3.11%   236   10s
H  116   146                    2759.0000000 2682.95242  2.76%   180   10s
H  146   184                    2758.0000000 2682.95242  2.72%   164   10s
H  350   372                    2742.0000000 2682.95242  2.15%   151   12s
H  468   468                    2739.0000000 2684.92649  1.97%   147   14s
H  585   595                    2736.0000000 2684.92649  1.87%   136   14s
   617   629 2695.17465   22  204 2736.00000 2684.92649  1.87%   134   15s
H  781   749                    2734.0000000 2685.11288  1.79%   132   16s
H  784   749                    2725.0000000 2685.11288  1.46%   132   16s
H  894   804                    2724.0000000 2685.11288  1.43%   129   17s
H 1021   938                    2722.0000000 2685.11288  1.36%   128   19s
  1131  1047 2701.46871   38  190 2722.00000 2685.11288  1.36%   125   20s
H 1595  1279                    2721.0000000 2685.91865  1.29%   119   23s
  1758  1288 2689.87777   10  196 2721.00000 2686.21404  1.28%   117   25s
H 2230  1424                    2718.0000000 2687.36703  1.13%   111   28s
  2647  1733 2696.68075   11  203 2718.00000 2687.36703  1.13%   107   30s
  3124  1953 2702.68466    6  104 2718.00000 2688.32958  1.09%   103   35s
  3180  1991 2699.04511   18  189 2718.00000 2688.32958  1.09%   101   40s
H 3526  1995                    2715.0000000 2693.04510  0.81%   105   44s
H 3614  1893                    2714.0000000 2693.04510  0.77%   105   44s
  3618  1908 2701.61007   21  117 2714.00000 2693.04510  0.77%   105   45s
  5174  2114 2712.11665   36  115 2714.00000 2698.94346  0.55%  97.0   50s
  6185  2061 2707.90034   37  134 2714.00000 2700.69258  0.49%  93.0   55s
H 6944  1878                    2713.0000000 2701.29112  0.43%  89.6   56s
  7992  1924 2706.82056   24  107 2713.00000 2702.99367  0.37%  85.9   60s
 10178  2236 2709.86524   29  130 2713.00000 2704.35470  0.32%  80.3   65s
H11552  2190                    2712.0000000 2704.98360  0.26%  78.4   67s
 12672  2076 2710.06965   23  121 2712.00000 2705.71898  0.23%  77.5   70s
 14994  1376 2708.58013   27  103 2712.00000 2707.08811  0.18%  75.2   75s

Cutting planes:
  Gomory: 2
  Lift-and-project: 1
  Cover: 147
  Clique: 44
  MIR: 112
  Knapsack: 8
  StrongCG: 66
  Flow cover: 35
  GUB cover: 6
  Inf proof: 1
  Zero half: 45
  RLT: 64
  Relax-and-lift: 18
  BQP: 16

Explored 17647 nodes (1254876 simplex iterations) in 77.15 seconds (58.73 work units)
Thread count was 22 (of 22 available processors)

Solution count 10: 2712 2713 2714 ... 2734

Optimal solution found (tolerance 1.00e-04)
Best objective 2.712000000000e+03, best bound 2.712000000000e+03, gap 0.0000%

User-callback calls 45298, time in user-callback 0.12 sec
