
Gurobi 13.0.0 (linux64) logging started Fri Jan  2 15:31:23 2026

Set parameter LogFile to value "../experiments/network-n_50_s_0_rp_0-app_set-id_69_28_apps/compact_model_gurobi.log"
Set parameter TimeLimit to value 900
Gurobi Optimizer version 13.0.0 build v13.0.0rc1 (linux64 - "Ubuntu 24.04.3 LTS")

CPU model: Intel(R) Core(TM) Ultra 7 165H, instruction set [SSE2|AVX|AVX2]
Thread count: 22 physical cores, 22 logical processors, using up to 22 threads

Non-default parameters:
TimeLimit  900
LogToConsole  0

Academic license 2539022 - for non-commercial use only - registered to al___@studenti.unimi.it
Optimize a model with 44747 rows, 9100 columns and 102125 nonzeros (Min)
Model fingerprint: 0xf3fe3f72
Model has 9100 linear objective coefficients
Model has 166 quadratic constraints
Variable types: 0 continuous, 9100 integer (9100 binary)
Coefficient statistics:
  Matrix range     [1e+00, 9e+02]
  QMatrix range    [5e+01, 2e+02]
  Objective range  [1e+01, 2e+02]
  Bounds range     [1e+00, 1e+00]
  RHS range        [1e+00, 1e+09]
  QRHS range       [1e+02, 6e+02]
Presolve removed 42628 rows and 5501 columns
Presolve time: 0.42s
Presolved: 42028 rows, 43346 columns, 256309 nonzeros
Variable types: 0 continuous, 43346 integer (43346 binary)
Deterministic concurrent LP optimizer: primal and dual simplex
Showing primal log only...

Concurrent spin time: 0.00s

Solved with dual simplex

Root relaxation: objective 7.737667e+03, 4342 iterations, 1.09 seconds (1.10 work units)

    Nodes    |    Current Node    |     Objective Bounds      |     Work
 Expl Unexpl |  Obj  Depth IntInf | Incumbent    BestBd   Gap | It/Node Time

     0     0 7737.66699    0  353          - 7737.66699      -     -    2s
     0     0 7994.17554    0  401          - 7994.17554      -     -    4s
     0     0 8302.90692    0  539          - 8302.90692      -     -    6s
     0     0 8383.86945    0  555          - 8383.86945      -     -    7s
     0     0 8412.01252    0  518          - 8412.01252      -     -    8s
     0     0 8423.06473    0  500          - 8423.06473      -     -    8s
     0     0 8423.26827    0  512          - 8423.26827      -     -    8s
     0     0 8840.75553    0  518          - 8840.75553      -     -   11s
     0     0 9270.58350    0  580          - 9270.58350      -     -   13s
     0     0 9540.68924    0  633          - 9540.68924      -     -   15s
     0     0 infeasible    0               - infeasible      -     -   23s

Cutting planes:
  Gomory: 18
  Lift-and-project: 9
  Cover: 58
  Implied bound: 1
  Clique: 28
  MIR: 103
  Knapsack: 22
  StrongCG: 82
  GUB cover: 10
  Zero half: 27
  RLT: 334
  Relax-and-lift: 48
  BQP: 80

Explored 1 nodes (36837 simplex iterations) in 24.01 seconds (26.67 work units)
Thread count was 22 (of 22 available processors)

Solution count 0

Model is infeasible
Best objective -, best bound -, gap -

User-callback calls 1532, time in user-callback 0.01 sec
