
Gurobi 13.0.0 (linux64) logging started Sun Jan  4 01:30:09 2026

Set parameter LogFile to value "../experiments/network-n_60_s_2_rp_0-app_set-id_33_16_apps/compact_model_gurobi.log"
Set parameter TimeLimit to value 900
Gurobi Optimizer version 13.0.0 build v13.0.0rc1 (linux64 - "Ubuntu 24.04.3 LTS")

CPU model: Intel(R) Core(TM) Ultra 7 165H, instruction set [SSE2|AVX|AVX2]
Thread count: 22 physical cores, 22 logical processors, using up to 22 threads

Non-default parameters:
TimeLimit  900
LogToConsole  0

Academic license 2539022 - for non-commercial use only - registered to al___@studenti.unimi.it
Optimize a model with 44533 rows, 6240 columns and 97983 nonzeros (Min)
Model fingerprint: 0xb857a367
Model has 6240 linear objective coefficients
Model has 190 quadratic constraints
Variable types: 0 continuous, 6240 integer (6240 binary)
Coefficient statistics:
  Matrix range     [1e+00, 9e+02]
  QMatrix range    [5e+01, 2e+02]
  Objective range  [1e+01, 2e+02]
  Bounds range     [1e+00, 1e+00]
  RHS range        [1e+00, 1e+09]
  QRHS range       [1e+02, 6e+02]
Presolve removed 42760 rows and 3447 columns
Presolve time: 0.57s
Presolved: 46201 rows, 46972 columns, 305861 nonzeros
Variable types: 0 continuous, 46972 integer (46972 binary)
Deterministic concurrent LP optimizer: primal and dual simplex
Showing primal log only...

Concurrent spin time: 0.05s

Solved with dual simplex

Root relaxation: objective 2.901343e+03, 1188 iterations, 0.34 seconds (0.46 work units)

    Nodes    |    Current Node    |     Objective Bounds      |     Work
 Expl Unexpl |  Obj  Depth IntInf | Incumbent    BestBd   Gap | It/Node Time

     0     0 2901.34290    0  200          - 2901.34290      -     -    2s
     0     0 2903.39129    0  196          - 2903.39129      -     -    2s
     0     0 2918.68761    0  246          - 2918.68761      -     -    4s
     0     0 2924.77478    0  245          - 2924.77478      -     -    4s
     0     0 2925.05641    0  269          - 2925.05641      -     -    4s
     0     0 2925.17844    0  252          - 2925.17844      -     -    4s
     0     0 2925.17917    0  251          - 2925.17917      -     -    4s
H    0     0                    4938.0000000 2925.17917  40.8%     -    5s
     0     0 2932.24969    0  276 4938.00000 2932.24969  40.6%     -    5s
H    0     0                    4858.0000000 2932.24969  39.6%     -    6s
     0     0 2934.53281    0  266 4858.00000 2934.53281  39.6%     -    6s
     0     0 2935.34479    0  303 4858.00000 2935.34479  39.6%     -    6s
     0     0 2935.45871    0  282 4858.00000 2935.45871  39.6%     -    6s
     0     0 2943.90444    0  268 4858.00000 2943.90444  39.4%     -    7s
H    0     0                    4694.0000000 2943.90444  37.3%     -    7s
H    0     0                    4268.0000000 2943.90444  31.0%     -    7s
H    0     0                    4240.0000000 2943.90444  30.6%     -    7s
     0     0 2948.26798    0  224 4240.00000 2948.26798  30.5%     -    7s
     0     0 2948.60053    0  230 4240.00000 2948.60053  30.5%     -    7s
     0     0 2951.79253    0  278 4240.00000 2951.79253  30.4%     -    8s
     0     0 2953.19576    0  276 4240.00000 2953.19576  30.3%     -    8s
     0     0 2953.29778    0  285 4240.00000 2953.29778  30.3%     -    8s
H    0     0                    3508.0000000 2953.29778  15.8%     -    9s
     0     0 2954.15535    0  300 3508.00000 2954.15535  15.8%     -    9s
H    0     0                    3464.0000000 2954.15535  14.7%     -    9s
     0     0 2954.41236    0  307 3464.00000 2954.41236  14.7%     -    9s
     0     0 2954.70505    0  302 3464.00000 2954.70505  14.7%     -    9s
     0     0 2954.82555    0  301 3464.00000 2954.82555  14.7%     -    9s
     0     0 2954.82555    0  298 3464.00000 2954.82555  14.7%     -   10s
H    0     0                    3450.0000000 2954.82555  14.4%     -   10s
H    0     0                    3447.0000000 2954.82555  14.3%     -   10s
     0     0 2955.96267    0  196 3447.00000 2955.96267  14.2%     -   12s
     0     0 2955.96267    0  249 3447.00000 2955.96267  14.2%     -   13s
     0     0 2955.96267    0  213 3447.00000 2955.96267  14.2%     -   14s
     0     0 2955.96267    0  212 3447.00000 2955.96267  14.2%     -   14s
     0     0 2955.96267    0  181 3447.00000 2955.96267  14.2%     -   14s
     0     0 2955.96267    0  243 3447.00000 2955.96267  14.2%     -   15s
     0     0 2955.96267    0  263 3447.00000 2955.96267  14.2%     -   15s
     0     0 2955.96267    0  288 3447.00000 2955.96267  14.2%     -   15s
     0     0 2955.96267    0  292 3447.00000 2955.96267  14.2%     -   15s
H    0     0                    3440.0000000 2955.96267  14.1%     -   15s
     0     0 2955.96267    0  295 3440.00000 2955.96267  14.1%     -   16s
     0     0 2955.96267    0  319 3440.00000 2955.96267  14.1%     -   16s
     0     0 2955.96267    0  299 3440.00000 2955.96267  14.1%     -   16s
     0     0 2956.86990    0  288 3440.00000 2956.86990  14.0%     -   17s
     0     0 2957.53370    0  322 3440.00000 2957.53370  14.0%     -   17s
     0     0 2959.73464    0  317 3440.00000 2959.73464  14.0%     -   18s
     0     0 2959.75105    0  316 3440.00000 2959.75105  14.0%     -   18s
     0     0 2959.75105    0  307 3440.00000 2959.75105  14.0%     -   18s
H    0     0                    3114.0000000 2959.75105  4.95%     -   18s
H    0     0                    3113.0000000 2959.75105  4.92%     -   18s
H    0     0                    3110.0000000 2959.75105  4.83%     -   18s
H    0     0                    3109.0000000 2959.75105  4.80%     -   18s
H    0     2                    3103.0000000 2963.56312  4.49%     -   19s
     0     2 2963.56312    0  300 3103.00000 2963.56312  4.49%     -   19s
     7    14 3081.97774    3  212 3103.00000 2963.56312  4.49%   438   20s
H  146   102                    3097.0000000 2965.84092  4.24%   263   24s
   152   111 2986.62486    7  257 3097.00000 2965.84092  4.24%   259   26s
H  240   167                    3085.0000000 2966.42501  3.84%   249   27s
   319   219 3001.76362   14  169 3085.00000 2966.42501  3.84%   229   30s
H  471   305                    3080.0000000 2969.50788  3.59%   209   33s
H  530   340                    3075.0000000 2969.50788  3.43%   200   34s
   550   362 3071.64004   28  164 3075.00000 2969.50788  3.43%   196   35s
H  649   412                    3070.0000000 2972.55897  3.17%   189   37s
   739   445 3016.51449   14  222 3070.00000 2972.55897  3.17%   188   40s
H  770   445                    3055.0000000 2972.55897  2.70%   186   40s
   938   495 3015.00684   15  183 3055.00000 2972.87357  2.69%   188   46s
  1097   579 3019.80989   20  198 3055.00000 2974.98878  2.62%   183   50s
  1479   768 3031.96698   23  147 3055.00000 2977.29963  2.54%   170   55s
  1813   867 infeasible   37      3055.00000 2983.35756  2.35%   163   61s
  2160   994 3051.02505   19  181 3055.00000 2986.71092  2.24%   158   66s
  2427  1057 infeasible   14      3055.00000 2989.29344  2.15%   158   70s
  2810  1135 3034.10263   14  197 3055.00000 3000.17258  1.79%   157   76s
  3145  1288 3035.91950   19  129 3055.00000 3000.17258  1.79%   154   80s
  3480  1301 3030.33548   24  162 3055.00000 3012.03775  1.41%   149   85s
  4011  1495     cutoff   17      3055.00000 3012.23587  1.40%   142   90s
  4558  1616 3027.67527   18 14905 3055.00000 3021.15448  1.11%   138  103s
  4560  1617 3024.73621   24  235 3055.00000 3021.15448  1.11%   138  106s
  4564  1620 3043.33292   27  252 3055.00000 3021.15448  1.11%   138  110s
  4579  1630 3044.27624   38  317 3055.00000 3021.15448  1.11%   137  115s
  4593  1639 3044.83861   12  295 3055.00000 3021.15448  1.11%   137  121s
  4597  1643 3021.15448   13  215 3055.00000 3021.15448  1.11%   139  125s
  4619  1659 3021.15448   17  180 3055.00000 3021.15448  1.11%   140  130s
  4694  1706 3040.68096   20  224 3055.00000 3021.15448  1.11%   144  137s
  4738  1709 3043.60233   21  200 3055.00000 3021.15448  1.11%   144  140s
  4887  1734 3051.04900   22  201 3055.00000 3021.15448  1.11%   144  146s
  5019  1724 infeasible   24      3055.00000 3021.15448  1.11%   143  151s
  5132  1725 3053.20289   30  145 3055.00000 3021.15448  1.11%   142  156s
  5222  1725 3030.28454   20  153 3055.00000 3021.15448  1.11%   142  160s
  5561  1751 3049.38729   26  157 3055.00000 3022.85550  1.05%   138  166s
  5905  1766 3040.62059   25  164 3055.00000 3024.68230  0.99%   135  171s
  6063  1772 3044.52036   30  163 3055.00000 3025.59156  0.96%   133  175s
  6254  1778 3046.82481   34  156 3055.00000 3026.28663  0.94%   132  181s
  6542  1790 3053.97344   31   80 3055.00000 3026.46307  0.93%   129  185s
  7190  1800 3039.56751   27  131 3055.00000 3029.66575  0.83%   123  191s
  7509  1827 3040.68287   22  190 3055.00000 3029.66575  0.83%   122  196s
  7922  1803 3049.22240   32  159 3055.00000 3032.94804  0.72%   119  201s
  8510  1752 3043.40806   35  120 3055.00000 3032.94804  0.72%   117  206s
  9172  1660 3047.30297   36   93 3055.00000 3035.24510  0.65%   113  212s
  9516  1585 3048.77555   20  171 3055.00000 3035.78922  0.63%   112  215s
  9864  1635 3052.30948   22  168 3055.00000 3035.78922  0.63%   111  220s
 10697  1694 3050.57541   29  129 3055.00000 3038.07282  0.55%   108  227s
 11116  1698 3048.35320   21  210 3055.00000 3038.79605  0.53%   107  231s
 11519  1719 3051.93426   24  191 3055.00000 3038.79605  0.53%   106  235s
 12532  1710 3051.74207   30  130 3055.00000 3040.74348  0.47%   103  245s
 13631  1610     cutoff   25      3055.00000 3042.42350  0.41%   101  254s
 14323  1607     cutoff   34      3055.00000 3043.17705  0.39%  99.0  259s
 14372  1588     cutoff   35      3055.00000 3043.25231  0.38%  98.8  265s
 14533  1515     cutoff   33      3055.00000 3043.46256  0.38%  98.6  270s
 14965  1457     cutoff   31      3055.00000 3043.80258  0.37%  97.6  276s
 15232  1296 3050.88116   42   79 3055.00000 3044.07998  0.36%  97.0  283s
 16036   959     cutoff   26      3055.00000 3044.73975  0.34%  95.4  289s
 16949   382     cutoff   39      3055.00000 3045.90631  0.30%  93.2  295s

Cutting planes:
  Gomory: 1
  Lift-and-project: 1
  Cover: 213
  Clique: 25
  MIR: 180
  Knapsack: 5
  StrongCG: 72
  Flow cover: 59
  GUB cover: 13
  Zero half: 41
  RLT: 99
  Relax-and-lift: 71
  BQP: 41

Explored 18598 nodes (1661937 simplex iterations) in 297.41 seconds (272.47 work units)
Thread count was 22 (of 22 available processors)

Solution count 10: 3055 3070 3075 ... 3113

Optimal solution found (tolerance 1.00e-04)
Best objective 3.055000000000e+03, best bound 3.055000000000e+03, gap 0.0000%

User-callback calls 71570, time in user-callback 0.31 sec
