FIXINGS_START
(0, 0, 0)
(0, 7, 0)
(1, 0, 0)
(2, 2, 0)
(3, 0, 0)
(3, 4, 0)
(4, 0, 0)
(5, 0, 0)
(6, 0, 0)
(6, 6, 0)
(7, 0, 0)
(7, 6, 0)
(8, 0, 0)
(9, 0, 0)
(9, 6, 0)
(10, 0, 0)
(10, 4, 0)
(11, 5, 0)
(12, 0, 0)
(13, 6, 0)
(13, 7, 0)
(14, 0, 0)
(15, 0, 0)
(16, 0, 0)
(16, 1, 0)
(17, 0, 0)
(17, 7, 0)
(18, 0, 0)
(18, 4, 0)
(19, 0, 0)
(20, 0, 0)
(21, 0, 0)
(21, 6, 0)
(22, 0, 0)
(22, 4, 0)
(23, 8, 0)
(24, 0, 0)
(24, 9, 0)
(16, 3, 8)
(7, 3, 6)
(7, 5, 6)
(7, 7, 0)
(1, 1, 0)
(15, 2, 0)
(23, 0, 0)
(19, 2, 0)
(13, 0, 0)
(23, 1, 0)
(6, 1, 0)
(25, 0, 0)
(13, 1, 0)
(15, 3, 0)
(23, 2, 0)
(6, 2, 2)
(13, 4, 0)
(3, 1, 0)
(15, 4, 0)
(1, 2, 34)
(12, 1, 0)
(20, 1, 0)
(21, 1, 0)
(6, 3, 0)
(15, 5, 0)
(16, 4, 0)
(20, 2, 0)
(2, 0, 25)
(16, 5, 0)
(3, 2, 0)
(25, 1, 0)
(12, 2, 29)
(0, 1, 0)
(0, 3, 0)
(0, 5, 0)
(3, 3, 0)
(25, 3, 0)
(21, 3, 28)
(12, 3, 0)
(9, 2, 0)
FIXINGS_END
time 772.172
GUROBI
Status TIME_LIMIT
Runtime 772.17143201828
NodeCount 6208.0
IterCount 2440000.0
NumVars 10140
NumConstrs 69124
ObjBound 6348.0
ObjBoundC 6347.436155451001
ObjVal inf
MIPGap inf
