
Gurobi 13.0.0 (linux64) logging started Mon Jan 19 00:37:13 2026

Set parameter LogFile to value "../experiments/network-n_60_s_2_rp_0-app_set-id_63_26_apps/submip_30_epr1_model_gurobi.log"
Set parameter TimeLimit to value 7.7210335342600592e+02
Gurobi Optimizer version 13.0.0 build v13.0.0rc1 (linux64 - "Ubuntu 24.04.3 LTS")

CPU model: Intel(R) Core(TM) Ultra 7 165H, instruction set [SSE2|AVX|AVX2]
Thread count: 22 physical cores, 22 logical processors, using up to 22 threads

Non-default parameters:
TimeLimit  7.7210335342600592e+02
LogToConsole  0

Academic license 2539022 - for non-commercial use only - registered to al___@studenti.unimi.it
Optimize a model with 69124 rows, 10140 columns and 152540 nonzeros (Min)
Model fingerprint: 0xc87b97ef
Model has 10140 linear objective coefficients
Model has 190 quadratic constraints
Variable types: 0 continuous, 10140 integer (10140 binary)
Coefficient statistics:
  Matrix range     [1e+00, 9e+02]
  QMatrix range    [5e+01, 2e+02]
  Objective range  [1e+01, 2e+02]
  Bounds range     [1e+00, 1e+00]
  RHS range        [1e+00, 1e+09]
  QRHS range       [1e+02, 6e+02]
Presolve removed 67799 rows and 7496 columns
Presolve time: 0.08s
Presolved: 23626 rows, 24762 columns, 154671 nonzeros
Variable types: 0 continuous, 24762 integer (24762 binary)
Performing another presolve...
Presolve removed 1683 rows and 2045 columns
Presolve time: 0.48s
Deterministic concurrent LP optimizer: primal and dual simplex
Showing primal log only...

Concurrent spin time: 0.00s

Solved with dual simplex

Root relaxation: objective 5.860352e+03, 3521 iterations, 0.95 seconds (0.74 work units)

    Nodes    |    Current Node    |     Objective Bounds      |     Work
 Expl Unexpl |  Obj  Depth IntInf | Incumbent    BestBd   Gap | It/Node Time

     0     0 5860.35221    0  291          - 5860.35221      -     -    1s
     0     0 5863.71187    0  290          - 5863.71187      -     -    1s
     0     0 5930.24372    0  302          - 5930.24372      -     -    3s
     0     0 6029.46077    0  309          - 6029.46077      -     -    4s
     0     0 6058.10496    0  359          - 6058.10496      -     -    4s
     0     0 6059.94792    0  354          - 6059.94792      -     -    5s
     0     0 6060.21709    0  359          - 6060.21709      -     -    5s
     0     0 6121.64579    0  330          - 6121.64579      -     -    7s
     0     0 6135.67670    0  309          - 6135.67670      -     -    7s
     0     0 6146.76876    0  361          - 6146.76876      -     -    8s
     0     0 6149.94189    0  362          - 6149.94189      -     -    8s
     0     0 6187.46030    0  392          - 6187.46030      -     -   10s
     0     0 6198.33828    0  426          - 6198.33828      -     -   11s
     0     0 6204.01737    0  464          - 6204.01737      -     -   12s
     0     0 6226.90429    0  429          - 6226.90429      -     -   14s
     0     0 6226.92220    0  405          - 6226.92220      -     -   15s
     0     0 6226.92220    0  405          - 6226.92220      -     -   15s
     0     2 6226.92817    0  405          - 6226.92817      -     -   17s
     7    16 6230.16292    3  383          - 6229.92470      -   433   20s
   117   155 6233.93047    9  369          - 6232.83026      -   262   25s
   282   314 6236.44589   14  371          - 6232.83026      -   281   30s
   353   364 6246.25468   16  327          - 6232.83026      -   278   36s
   436   438 6258.22508   18  329          - 6232.83026      -   323   40s
   546   552 6256.36371   20  348          - 6232.83026      -   327   46s
   642   639 6262.34976   22  318          - 6232.83026      -   329   50s
   741   743 6268.21090   23  320          - 6232.83026      -   326   55s
   844   844 6274.45616   25  334          - 6232.83026      -   331   60s
   954   961 6277.74577   27  339          - 6232.83026      -   331   65s
  1029  1030 6284.38495   29  322          - 6232.83026      -   328   70s
  1115  1103 6285.13539   31  321          - 6232.83026      -   328   76s
  1166  1150 6286.31501   33  313          - 6232.83026      -   324   81s
  1210  1195 6292.51864   35  328          - 6232.83026      -   320   85s
  1286  1302 6293.04833   36  337          - 6232.83026      -   315   90s
  1400  1427 6293.35284   38  321          - 6232.83026      -   315   95s
  1552  1582 6295.90834   39  317          - 6232.83026      -   314  101s
  1710  1739 6298.68715   40  306          - 6232.83026      -   322  106s
  1930  1961 6297.51446   41  303          - 6232.83026      -   322  112s
  2082  2073 6329.36128   45  309          - 6232.83026      -   320  115s
  2392  2309 6361.82153   50  295          - 6233.39842      -   318  121s
  2726  2640 6371.59369   60  267          - 6235.29637      -   316  128s
  2925  2835 6391.06787   65  245          - 6235.29637      -   312  132s
  3154  3043 6398.43772   76  261          - 6235.29637      -   308  135s
  3627  3357 6449.38239   88  247          - 6235.29637      -   300  143s
  3827  3528 6472.06836   91  250          - 6235.83592      -   303  146s
  4043  3540 6482.88192   96  231          - 6235.83592      -   303  152s
  4075  3561 6505.82725   96  231          - 6235.83592      -   304  157s
  4097  3576 6487.36602   97  230          - 6235.83592      -   304  161s
  4126  3598 6487.46602   98  236          - 6235.83592      -   305  166s
  4148  3617 6498.64294   99  234          - 6235.83592      -   305  170s
  4173  3635 6513.24920   99  234          - 6235.83592      -   305  175s
  4221  3679 6501.58144  101  228          - 6236.48688      -   304  184s
  4243  3701 6520.24124  102  223          - 6236.48688      -   304  189s
  4265  3723 6526.37883  102  230          - 6236.48688      -   304  195s
  4287  3765 6520.41214  103  224          - 6236.48688      -   304  200s
  4331  3812 6608.16892  122  205          - 6236.48688      -   303  205s
  4400  3889 6643.09555  140  189          - 6236.48688      -   303  211s
  4513  3960 6780.15722  174  190          - 6236.48688      -   301  217s
  4604  3991 6244.51286   12  328          - 6236.48688      -   299  222s
  4638  3992 6466.41343   35 10509          - 6236.48688      -   299  228s
  4640  3993 6499.46973   81  269          - 6236.48688      -   299  232s
  4642  3995 6284.28922   18  361          - 6236.48688      -   299  237s
  4643  3995 6370.62000   55  393          - 6236.48688      -   299  240s
  4645  3997 6354.32600   26  418          - 6236.48688      -   299  245s
  4653  4002 6264.69808   10  452          - 6244.51619      -   298  250s
  4658  4005 6873.48807  159  523          - 6258.89664      -   298  255s
  4667  4011 6304.45131   30  534          - 6271.22700      -   297  260s
  4678  4019 6473.44689  103  569          - 6278.41215      -   297  265s
  4688  4025 6289.19442   15  570          - 6289.19442      -   296  270s
  4703  4035 6417.10921   79  520          - 6296.60370      -   295  275s
  4713  4042 6301.30207   25  543          - 6301.30207      -   294  280s
  4727  4051 6447.60308   23  577          - 6304.41766      -   293  285s
  4747  4065 6405.61375   55  603          - 6306.00521      -   292  291s
  4756  4071 6526.20252   43  574          - 6308.68700      -   292  295s
  4772  4081 6510.48569   25  613          - 6310.38636      -   291  300s
  4784  4089 6326.04022   22  578          - 6312.19155      -   290  305s
  4791  4094 6314.24034   11  524          - 6314.24034      -   290  310s
  4803  4102 6417.10921   79  541          - 6316.86249      -   289  315s
  4816  4111 6373.34228   56  540          - 6318.87901      -   288  320s
  4831  4121 6426.53614   56  547          - 6321.62165      -   287  325s
  4846  4131 6322.86885   26  582          - 6322.86885      -   286  330s
  4864  4143 6324.15614   31  568          - 6324.15614      -   285  335s
  4875  4150 6728.40402   88  573          - 6324.82374      -   285  340s
  4881  4154 6326.17260   19  597          - 6326.17260      -   284  360s
  4898  4165 6484.48182   70  657          - 6326.87901      -   283  365s
  4907  4171 6374.77989   45  629          - 6327.67416      -   283  370s
  4923  4182 6328.67238   24  643          - 6328.67238      -   282  375s
  4939  4193 6390.69403   38  673          - 6329.71753      -   281  380s
  4955  4203 6330.09208   36  727          - 6330.09208      -   280  385s
  4970  4213 6330.53551   21  742          - 6330.53551      -   279  390s
  4980  4220 6330.77886    6  693          - 6330.77886      -   279  395s
  4993  4229 6331.63386   18  706          - 6331.63386      -   278  400s
  5002  4235 6369.67979   48  668          - 6332.17870      -   277  406s
  5012  4241 6333.02000   61  692          - 6333.02000      -   277  410s
  5026  4251 6557.18202   42  670          - 6333.61248      -   276  415s
  5039  4259 6390.69403   38  703          - 6333.75788      -   275  420s
  5047  4266 6405.61375   55 10509          - 6333.77228      -   296  426s
  5049  4267 6333.77228   59  268          - 6333.77228      -   296  430s
  5051  4269 6333.77228   54  378          - 6333.77228      -   295  437s
  5052  4269 6333.77402   30  339          - 6333.77402      -   295  441s
  5054  4271 6336.31366   16  391          - 6336.31366      -   295  446s
  5056  4272 6526.20252   43  420          - 6336.31366      -   295  451s
  5058  4273 6873.48807  159  477          - 6336.31366      -   295  455s
  5067  4279 6336.31366   30  661          - 6336.31366      -   295  461s
  5076  4285 6622.59817  102  676          - 6336.31366      -   294  465s
  5088  4293 6336.31366   15  659          - 6336.31366      -   293  470s
  5097  4299 6336.31366   35  661          - 6336.31366      -   293  475s
  5110  4308 6378.99165   36  644          - 6336.31366      -   292  480s
  5129  4321 6360.12993   45  670          - 6336.31366      -   291  485s
  5141  4329 6336.31366   15  674          - 6336.31366      -   290  490s
  5153  4337 6336.77408   10  635          - 6336.77408      -   290  495s
  5169  4347 6337.75812    7  693          - 6337.75812      -   289  500s
  5181  4355 6337.91189   19  640          - 6337.91189      -   288  505s
  5185  4358 6500.41741   49  593          - 6338.22631      -   288  510s
  5186  4359 6338.22631   42  593          - 6338.22631      -   288  517s
  5187  4362 6341.50795   25  567          - 6338.22631      -   298  520s
  5193  4372 6350.47044   27  475          - 6342.03579      -   299  527s
  5201  4386 6354.25414   28  504          - 6343.00408      -   300  531s
  5217  4402 6359.28920   29  478          - 6345.09206      -   302  538s
  5239  4418 6359.99277   30  495          - 6347.42253      -   306  545s
  5262  4434 6405.06605   31  480          - 6347.43616      -   307  553s
  5286  4450 6368.51019   31  496          - 6347.43616      -   309  561s
  5310  4469 6372.31231   32  480          - 6347.43616      -   313  569s
  5337  4491 6383.06925   32  500          - 6347.43616      -   316  577s
  5368  4521 6374.75744   33  488          - 6347.43616      -   320  586s
  5408  4551 6464.06097   33  464          - 6347.43616      -   325  594s
  5451  4568 6375.24337   34  498          - 6347.43616      -   331  605s
  5483  4606 6379.96197   34  495          - 6347.43616      -   337  613s
  5531  4636 6376.09210   35  488          - 6347.43616      -   343  621s
  5577  4643 6383.11962   36  471          - 6347.43616      -   349  628s
  5600  4665 6377.93702   36  476          - 6347.43616      -   350  635s
  5629  4691 6378.78151   37  442          - 6347.43616      -   353  642s
  5665  4701 6392.91990   37  477          - 6347.43616      -   355  651s
  5687  4716 6381.62891   38  451          - 6347.43616      -   356  657s
  5710  4731 6381.48831   38  464          - 6347.43616      -   357  664s
  5733  4747 6385.42843   39  475          - 6347.43616      -   358  670s
  5757  4765 6383.00205   39  476          - 6347.43616      -   359  677s
  5783  4783 6387.73812   40  478          - 6347.43616      -   361  685s
  5809  4799 6388.86262   40  484          - 6347.43616      -   362  692s
  5835  4818 6389.01530   41  476          - 6347.43616      -   364  700s
  5865  4834 6426.46372   41  424          - 6347.43616      -   366  708s
  5893  4850 6389.82104   42  466          - 6347.43616      -   368  717s
  5923  4879 6402.35768   42  438          - 6347.43616      -   370  726s
  5962  4913 6390.69096   43  459          - 6347.43616      -   373  735s
  6009  4940 6399.42568   43  439          - 6347.43616      -   375  745s
  6056  4976 6394.31583   44  421          - 6347.43616      -   379  757s
  6110  5016 6398.24414   44  449          - 6347.43616      -   384  768s
  6169  5034 6371.92975   45  422          - 6347.43616      -   389  772s

Cutting planes:
  Gomory: 2
  Lift-and-project: 1
  Cover: 95
  Clique: 48
  MIR: 161
  Knapsack: 7
  StrongCG: 71
  Flow cover: 281
  GUB cover: 12
  Zero half: 71
  Mod-K: 1
  RLT: 46
  Relax-and-lift: 69
  BQP: 2

Explored 6208 nodes (2440000 simplex iterations) in 772.17 seconds (746.42 work units)
Thread count was 22 (of 22 available processors)

Solution count 0

Time limit reached
Best objective -, best bound 6.348000000000e+03, gap -

User-callback calls 135161, time in user-callback 0.83 sec
Set parameter LogToConsole to value 0
