
Gurobi 13.0.0 (linux64) logging started Sun Jan  4 10:49:57 2026

Set parameter LogFile to value "../experiments/network-n_60_s_2_rp_0-app_set-id_77_30_apps/compact_model_gurobi.log"
Set parameter TimeLimit to value 900
Gurobi Optimizer version 13.0.0 build v13.0.0rc1 (linux64 - "Ubuntu 24.04.3 LTS")

CPU model: Intel(R) Core(TM) Ultra 7 165H, instruction set [SSE2|AVX|AVX2]
Thread count: 22 physical cores, 22 logical processors, using up to 22 threads

Non-default parameters:
TimeLimit  900
LogToConsole  0

Academic license 2539022 - for non-commercial use only - registered to al___@studenti.unimi.it
Optimize a model with 74591 rows, 11700 columns and 166088 nonzeros (Min)
Model fingerprint: 0xb3707bcf
Model has 11700 linear objective coefficients
Model has 190 quadratic constraints
Variable types: 0 continuous, 11700 integer (11700 binary)
Coefficient statistics:
  Matrix range     [1e+00, 9e+02]
  QMatrix range    [5e+01, 2e+02]
  Objective range  [1e+01, 2e+02]
  Bounds range     [1e+00, 1e+00]
  RHS range        [1e+00, 1e+09]
  QRHS range       [1e+02, 6e+02]
Presolve removed 70733 rows and 6152 columns
Presolve time: 0.23s
Presolved: 91299 rows, 92799 columns, 571781 nonzeros
Variable types: 0 continuous, 92799 integer (92799 binary)
Performing another presolve...
Presolve removed 3488 rows and 3490 columns
Presolve time: 1.33s
Deterministic concurrent LP optimizer: primal simplex, dual simplex, and barrier
Showing barrier log only...

Root barrier log...

Ordering time: 4.65s
Elapsed ordering time = 5s
Ordering time: 5.23s

Barrier performed 0 iterations in 8.50 seconds (5.66 work units)
Barrier solve interrupted - model solved by another algorithm

Concurrent spin time: 4.68s (can be avoided by choosing Method=3)

Solved with dual simplex

Root simplex log...

Iteration    Objective       Primal Inf.    Dual Inf.      Time
    8912    7.9832601e+03   0.000000e+00   0.000000e+00      8s

Root relaxation: objective 7.983260e+03, 8912 iterations, 6.56 seconds (3.60 work units)
Total elapsed time = 8.52s (DegenMoves)

    Nodes    |    Current Node    |     Objective Bounds      |     Work
 Expl Unexpl |  Obj  Depth IntInf | Incumbent    BestBd   Gap | It/Node Time

     0     0 7983.26009    0  523          - 7983.26009      -     -    9s
     0     0 7992.20054    0  524          - 7992.20054      -     -    9s
     0     0 8123.31427    0  726          - 8123.31427      -     -   15s
     0     0 8123.50566    0  729          - 8123.50566      -     -   15s
     0     0 8246.57104    0  819          - 8246.57104      -     -   27s
     0     0 8246.70783    0  820          - 8246.70783      -     -   28s
     0     0 8251.47058    0  761          - 8251.47058      -     -   29s
     0     0 8252.11198    0  768          - 8252.11198      -     -   29s
     0     0 8252.11203    0  765          - 8252.11203      -     -   29s
     0     0 8641.10473    0  752          - 8641.10473      -     -   40s
     0     0 8805.53500    0  719          - 8805.53500      -     -   46s
     0     0 8817.47188    0  767          - 8817.47188      -     -   48s
     0     0 8818.99215    0  800          - 8818.99215      -     -   50s
     0     0 8940.82399    0  724          - 8940.82399      -     -   60s
     0     0 9063.63943    0  652          - 9063.63943      -     -   65s
     0     0 9143.40736    0  725          - 9143.40736      -     -   72s
     0     0 9154.25599    0  791          - 9154.25599      -     -   75s
     0     0 9156.63871    0  763          - 9156.63871      -     -   76s
     0     0 9170.79381    0  743          - 9170.79381      -     -   79s
     0     0 9187.16841    0  703          - 9187.16841      -     -   82s
     0     0 9221.57511    0  785          - 9221.57511      -     -   86s
     0     0 9234.62334    0  868          - 9234.62334      -     -   88s
     0     0 9246.32567    0  879          - 9246.32567      -     -   92s
     0     0 9257.60868    0  864          - 9257.60868      -     -   94s
     0     0 9270.99464    0  843          - 9270.99464      -     -   96s
     0     0 9277.12725    0  810          - 9277.12725      -     -   98s
     0     0 9285.78724    0  855          - 9285.78724      -     -  100s
     0     0 9293.94306    0  827          - 9293.94306      -     -  102s
     0     0 9294.11340    0  805          - 9294.11340      -     -  103s
     0     0 9294.11340    0  791          - 9294.11340      -     -  103s
     0     2 9294.11988    0  778          - 9294.11988      -     -  112s
     1     5 9295.41331    1  769          - 9294.11988      -   265  115s
     7    16 9300.00494    3  761          - 9299.48515      -   741  120s
    31    54 9359.17424    5  717          - 9307.77481      -  1035  130s
    53   108 9362.88253    6  694          - 9309.69464      -   927  136s
   107   155 9364.28611    9  696          - 9309.69464      -   709  144s
   154   199 9437.32724   10  667          - 9309.69464      -   754  153s
   198   256 9368.53971   11  698          - 9309.69464      -   757  161s
   255   301 9375.80214   14  722          - 9309.69464      -   714  168s
   300   323 9381.05061   17  660          - 9309.69464      -   686  177s
   322   347 9378.96535   17  696          - 9309.69464      -   685  181s
   346   371 9379.80022   18  691          - 9309.69464      -   684  191s
   370   393 9383.24415   19  692          - 9309.69464      -   670  205s
   392   415 9383.54571   20  655          - 9309.69464      -   663  219s
   414   437 9384.09903   21  666          - 9309.69464      -   657  232s
   436   462 9385.63907   22  686          - 9309.69464      -   646  237s
   461   484 9397.18316   22  656          - 9309.69464      -   638  242s
   483   509 9394.75920   23  702          - 9309.69464      -   641  248s
   508   532 9396.06596   24  715          - 9309.69464      -   652  254s
   531   554 9396.46429   25  732          - 9309.69464      -   671  259s
   553   578 9407.12448   26  692          - 9309.69464      -   678  266s
   577   604 9432.85725   26  680          - 9309.69464      -   694  272s
   603   628 9409.49258   27  695          - 9309.69464      -   700  277s
   627   653 9412.53420   28  695          - 9309.69464      -   692  282s
   652   682 9412.87943   29  700          - 9309.69464      -   681  288s
   681   712 9419.47832   30  690          - 9309.69464      -   678  293s
   711   740 9422.07908   31  717          - 9309.69464      -   668  298s
   740   777 9425.80678   32  743          - 9309.69464      -   659  304s
   777   814 9426.22579   33  696          - 9309.69464      -   649  311s
   816   851 9426.76479   34  704          - 9309.69464      -   636  321s
   854   872 9435.58879   35  733          - 9309.69464      -   636  331s
   877   897 9436.33084   36  716          - 9309.69464      -   659  341s
   903   931 9436.40968   37  710          - 9309.69464      -   679  352s
   939   957 9467.19418   38  773          - 9309.69464      -   683  366s
   967   984 9467.68886   39  770          - 9309.69464      -   688  381s
   994  1010 9474.73836   45  727          - 9309.69464      -   685  393s
  1022  1051 9484.80944   50  705          - 9309.69464      -   686  404s
  1064  1102 9492.32155   54  665          - 9309.69464      -   671  412s
  1115  1155 9502.03008   56  669          - 9309.69464      -   656  422s
  1168  1209 9507.86199   63  650          - 9309.69464      -   647  431s
  1233  1255 9527.77725   66  644          - 9309.69464      -   632  443s
  1283  1307 9542.95608   68  641          - 9309.69464      -   633  453s
  1343  1354 9548.09214   70  623          - 9309.69464      -   631  466s
  1395  1408 9554.35875   72  631          - 9309.69464      -   640  478s
  1453  1473 9563.52509   76  638          - 9309.69464      -   644  491s
  1526  1540 9576.00171   83  654          - 9309.69464      -   642  506s
  1600  1621 9630.15278   87  658          - 9309.69464      -   637  519s
  1687  1654 9625.36833   94  639          - 9309.69464      -   626  540s
  1724  1676 9633.65537   96  637          - 9309.69464      -   624  566s
  1746  1697 9635.37534   97  627          - 9309.69464      -   633  591s
  1769  1783 9639.82081   98  635          - 9309.69464      -   635  675s
  1859  1904 9657.47848  107  629          - 9309.69464      -   628  689s
  1984  2028 9685.58664  118  590          - 9309.69464      -   619  706s
  2112  2187 9708.54331  131  577          - 9309.69464      -   606  726s
  2280  2336 9732.31523  149  553          - 9309.69464      -   590  746s
  2447  2453 9788.24249  160  506          - 9309.69464      -   579  767s
  2604  2641 9842.77470  164  597          - 9309.97949      -   577  786s
  2812  2852 infeasible  172               - 9309.97949      -   567  810s
  3045  3074 10005.4411  174  495          - 9309.97949      -   560  833s
  3307  3294 9368.53005    9  694          - 9309.97949      -   551  856s
  3551  3506 9390.75236   16  697          - 9309.97949      -   546  883s
  3797  3659 9427.78479   26  670          - 9314.88542      -   544  900s

Cutting planes:
  Gomory: 3
  Lift-and-project: 1
  Cover: 83
  Implied bound: 1
  Clique: 60
  MIR: 117
  Knapsack: 33
  StrongCG: 61
  GUB cover: 8
  Zero half: 38
  RLT: 489
  Relax-and-lift: 61
  BQP: 125

Explored 3973 nodes (2203535 simplex iterations) in 900.02 seconds (1087.86 work units)
Thread count was 22 (of 22 available processors)

Solution count 0

Time limit reached
Best objective -, best bound 9.315000000000e+03, gap -

User-callback calls 202716, time in user-callback 0.69 sec
