
Gurobi 13.0.0 (linux64) logging started Mon Jan  5 00:30:31 2026

Set parameter LogFile to value "../experiments/network-n_40_s_0_rp_0-app_set-id_21_12_apps/compact_model_gurobi.log"
Set parameter TimeLimit to value 900
Gurobi Optimizer version 13.0.0 build v13.0.0rc1 (linux64 - "Ubuntu 24.04.3 LTS")

CPU model: Intel(R) Core(TM) Ultra 7 165H, instruction set [SSE2|AVX|AVX2]
Thread count: 22 physical cores, 22 logical processors, using up to 22 threads

Non-default parameters:
TimeLimit  900
LogToConsole  0

Academic license 2539022 - for non-commercial use only - registered to al___@studenti.unimi.it
Optimize a model with 10994 rows, 3120 columns and 26247 nonzeros (Min)
Model fingerprint: 0x7ecae3e7
Model has 3120 linear objective coefficients
Model has 128 quadratic constraints
Variable types: 0 continuous, 3120 integer (3120 binary)
Coefficient statistics:
  Matrix range     [1e+00, 9e+02]
  QMatrix range    [5e+01, 2e+02]
  Objective range  [1e+01, 2e+02]
  Bounds range     [1e+00, 1e+00]
  RHS range        [1e+00, 1e+09]
  QRHS range       [1e+02, 6e+02]
Presolve removed 10314 rows and 1859 columns
Presolve time: 0.10s
Presolved: 11805 rows, 12261 columns, 70919 nonzeros
Variable types: 0 continuous, 12261 integer (12261 binary)

Root relaxation: objective 2.532112e+03, 615 iterations, 0.05 seconds (0.07 work units)

    Nodes    |    Current Node    |     Objective Bounds      |     Work
 Expl Unexpl |  Obj  Depth IntInf | Incumbent    BestBd   Gap | It/Node Time

     0     0 2532.11212    0  137          - 2532.11212      -     -    0s
H    0     0                    3411.0000000 2532.11212  25.8%     -    0s
     0     0 2586.18686    0  174 3411.00000 2586.18686  24.2%     -    0s
H    0     0                    3407.0000000 2603.35475  23.6%     -    1s
     0     0 2603.35475    0  169 3407.00000 2603.35475  23.6%     -    1s
     0     0 2604.42460    0  166 3407.00000 2604.42460  23.6%     -    1s
     0     0 2604.50526    0  165 3407.00000 2604.50526  23.6%     -    1s
H    0     0                    3404.0000000 2637.76903  22.5%     -    1s
     0     0 2637.76903    0  208 3404.00000 2637.76903  22.5%     -    1s
H    0     0                    3396.0000000 2637.76903  22.3%     -    1s
H    0     0                    3350.0000000 2651.25990  20.9%     -    2s
     0     0 2651.25990    0  238 3350.00000 2651.25990  20.9%     -    2s
     0     0 2654.44815    0  252 3350.00000 2654.44815  20.8%     -    2s
     0     0 2654.98693    0  259 3350.00000 2654.98693  20.7%     -    2s
H    0     0                    3346.0000000 2654.98693  20.7%     -    2s
H    0     0                    3339.0000000 2678.25834  19.8%     -    2s
     0     0 2686.01987    0  237 3339.00000 2686.01987  19.6%     -    2s
     0     0 2686.07789    0  233 3339.00000 2686.07789  19.6%     -    2s
     0     0 2686.07789    0  228 3339.00000 2686.07789  19.6%     -    2s
     0     2 2686.07789    0  227 3339.00000 2686.07789  19.6%     -    2s
H   28    30                    3267.0000000 2701.96834  17.3%   424    4s
    97   143 2709.75461    8  280 3267.00000 2706.95634  17.1%   292    5s
H  141   143                    3259.0000000 2706.95634  16.9%   248    5s
H  265   279                    3092.0000000 2706.95634  12.5%   205    6s
H  285   332                    3074.0000000 2706.95634  11.9%   197    6s
H  299   332                    3057.0000000 2706.95634  11.5%   194    6s
H  343   383                    3039.0000000 2706.95634  10.9%   185    7s
H  648   635                    3032.0000000 2707.62174  10.7%   144    9s
H  661   635                    3030.0000000 2707.62174  10.6%   145    9s
   739   719 2736.97468   19  260 3030.00000 2708.30843  10.6%   139   10s
H  882   817                    2969.0000000 2708.30843  8.78%   133   11s
H 1335  1183                    2964.0000000 2708.94218  8.61%   113   14s
H 1365  1183                    2954.0000000 2708.94218  8.30%   112   14s
  1426  1242 2785.48169   32  194 2954.00000 2708.94218  8.30%   110   15s
H 1655  1327                    2949.0000000 2708.94218  8.14%   106   16s
H 1670  1259                    2887.0000000 2708.94218  6.17%   105   16s
H 1680  1259                    2882.0000000 2708.94218  6.00%   105   16s
  2231  1502 2763.00891   16  221 2882.00000 2709.10673  6.00%   102   20s
H 2323  1459                    2876.0000000 2709.83373  5.78%   102   20s
H 2588  1560                    2869.0000000 2718.33779  5.25%   104   21s
  3064  1922 2788.39634    7  148 2869.00000 2720.18387  5.19%   103   25s
  3220  1927 2796.38150   16  294 2869.00000 2720.18387  5.19%   104   30s
  3259  1953 2866.01102   34  366 2869.00000 2725.47307  5.00%   102   35s
  3291  1974 2837.17010   30  338 2869.00000 2729.77045  4.85%   101   40s
H 3299  1879                    2864.0000000 2730.52420  4.66%   101   41s
  3316  1890 2803.57459   15  376 2864.00000 2734.18721  4.53%   101   45s
  3332  1904 2734.58583   14  305 2864.00000 2734.58583  4.52%   105   50s
  3384  1990 2745.96976   19  329 2864.00000 2743.73501  4.20%   110   55s
  3563  2074 2758.06328   22  272 2864.00000 2743.78165  4.20%   120   60s
  3728  2140 2767.25085   24  249 2864.00000 2744.45448  4.17%   125   65s
  3934  2164 2775.27896   27  225 2864.00000 2748.56043  4.03%   129   70s
  4163  2237 2799.37297   31  182 2864.00000 2748.69959  4.03%   134   76s
  4345  2276 2825.71105   34  161 2864.00000 2748.69959  4.03%   138   80s
  4520  2315 2790.78370   22  214 2864.00000 2750.61995  3.96%   140   85s
  4733  2375     cutoff   28      2864.00000 2750.61995  3.96%   142   91s
  4950  2444 2771.50520   24  250 2864.00000 2750.61995  3.96%   144   95s
  5306  2524 2839.76528   45  127 2864.00000 2757.95851  3.70%   146  101s
  5563  2612 2782.93883   27  259 2864.00000 2757.95851  3.70%   148  105s
  5897  2687 2843.38378   37  166 2864.00000 2758.29080  3.69%   150  110s
  6200  2777 2784.36183   24  247 2864.00000 2759.61622  3.64%   152  115s
  6603  2804 2779.15777   26  238 2864.00000 2759.80886  3.64%   154  121s
  6941  2958 2824.06002   29  160 2864.00000 2762.82505  3.53%   155  126s
H 7038  2784                    2857.0000000 2762.82505  3.30%   155  126s
H 7042  2637                    2851.0000000 2762.82505  3.09%   155  126s
  7428  2706 2799.23862   24  155 2851.00000 2765.04809  3.01%   156  132s
  7664  2703 2799.45747   28  245 2851.00000 2765.04809  3.01%   157  135s
  7867  2744 2812.77692   32  194 2851.00000 2766.43415  2.97%   158  141s
  8203  2770 2796.74356   29  199 2851.00000 2766.91761  2.95%   160  148s
  8387  2797 2810.24383   32  154 2851.00000 2767.40898  2.93%   161  151s
  8655  2923 2828.15489   23  202 2851.00000 2770.21026  2.83%   163  155s
  9280  3218 2834.17488   38  174 2851.00000 2771.37016  2.79%   165  162s
  9637  3333 2818.64574   29  163 2851.00000 2772.11796  2.77%   165  166s
  9991  3480 2830.80756   28  146 2851.00000 2773.23493  2.73%   166  170s
 10353  3636 2831.14419   33  231 2851.00000 2774.72659  2.68%   167  175s
 11007  3831 2817.97876   36  220 2851.00000 2775.05452  2.66%   169  183s
 11481  3995 2835.19103   42  127 2851.00000 2776.80951  2.60%   169  188s
 11926  4104 2833.28984   32  163 2851.00000 2777.08481  2.59%   170  193s
 12353  4283 2814.22977   23  224 2851.00000 2777.84881  2.57%   170  198s
 12804  4453 2799.40849   25  308 2851.00000 2777.84881  2.57%   171  203s
 13209  4667 2805.08163   29  265 2851.00000 2779.36202  2.51%   171  208s
 13752  4848 2836.85616   25  138 2851.00000 2779.89270  2.49%   172  214s
 14231  4987 2830.00097   33  181 2851.00000 2780.99198  2.46%   172  219s
 14739  5131 2834.07760   24  252 2851.00000 2782.54949  2.40%   173  225s
 15221  5318 2830.95633   35  196 2851.00000 2782.66879  2.40%   173  231s
 15729  5501 2807.83999   30  246 2851.00000 2783.95049  2.35%   173  237s
 16335  5663 2831.63735   27  173 2851.00000 2784.74571  2.32%   173  244s
 16992  5847 2833.59626   36  119 2851.00000 2785.73294  2.29%   173  250s
 17662  6051 2806.32590   26  238 2851.00000 2786.95808  2.25%   174  257s
 18375  6297 2839.55994   28  135 2851.00000 2787.44261  2.23%   175  264s
 19193  6490 2840.23048   36  168 2851.00000 2788.51283  2.19%   175  271s
 19815  6723     cutoff   26      2851.00000 2789.30385  2.16%   175  279s
 20734  6805 2814.54147   35  277 2851.00000 2790.00474  2.14%   175  287s
 20944  7010 2830.09062   36  182 2851.00000 2790.00474  2.14%   175  295s
 21770  7233 2833.66569   34  186 2851.00000 2790.95498  2.11%   175  303s
 22662  7415 2823.72830   29  212 2851.00000 2791.91138  2.07%   176  312s
 23584  7619 2808.16166   28  221 2851.00000 2792.92465  2.04%   176  321s
*23609  7584              44    2850.0000000 2792.92465  2.00%   176  321s
 24500  7766     cutoff   40      2850.00000 2793.52241  1.98%   176  332s
 25378  7962     cutoff   38      2850.00000 2794.65843  1.94%   176  342s
 26392  8051     cutoff   27      2850.00000 2795.57463  1.91%   176  352s
 27029  8243 2844.48141   40   80 2850.00000 2796.20294  1.89%   177  363s
 28034  8426 2833.13086   31  204 2850.00000 2796.90211  1.86%   177  374s
 29289  8581     cutoff   40      2850.00000 2798.29488  1.81%   178  385s
 30596  8823 2829.14687   34  189 2850.00000 2799.04985  1.79%   178  396s
 32000  9014 2832.61757   41  171 2850.00000 2799.96735  1.76%   178  407s
 33346  9209 2843.56271   35  146 2850.00000 2801.33101  1.71%   178  418s
 34752  9291 2828.15441   29  175 2850.00000 2802.39534  1.67%   178  430s
 36253  9450 2839.79626   40  247 2850.00000 2803.43182  1.63%   178  443s
 37808  9542     cutoff   30      2850.00000 2804.29144  1.60%   178  455s
 39253  9641     cutoff   43      2850.00000 2805.52102  1.56%   179  468s
 40819  9666 2829.35254   29  192 2850.00000 2806.73233  1.52%   179  481s
 42099  9736 2829.88006   29  192 2850.00000 2806.88286  1.51%   179  495s
 43750  9798     cutoff   33      2850.00000 2808.84443  1.44%   179  510s
 45671  9806     cutoff   39      2850.00000 2810.04879  1.40%   179  524s
 47572  9747 2834.77623   35  232 2850.00000 2811.42569  1.35%   180  539s
 49532  9649 2828.03941   31  199 2850.00000 2812.70034  1.31%   180  555s
 51553  9466 2841.62580   31  152 2850.00000 2813.77616  1.27%   180  571s
 53760  9246 2836.50703   38  266 2850.00000 2815.59006  1.21%   180  588s
 55972  8973     cutoff   41      2850.00000 2817.08880  1.15%   180  605s
 58266  8530 2844.77497   24  155 2850.00000 2818.68468  1.10%   180  623s
 60709  7930 2840.99172   43  268 2850.00000 2820.44300  1.04%   179  641s
 62943  7280     cutoff   29      2850.00000 2822.38323  0.97%   180  658s
 65397  6509     cutoff   25      2850.00000 2824.52853  0.89%   180  676s
 67809  5549 2844.92529   34  136 2850.00000 2826.25432  0.83%   180  693s
 70241  4280     cutoff   37      2850.00000 2828.50189  0.75%   179  710s
 72791  2790     cutoff   30      2850.00000 2831.82193  0.64%   178  723s
 75081  1158     cutoff   36      2850.00000 2835.53687  0.51%   177  732s
 77054     0     cutoff   35      2850.00000 2840.28450  0.34%   176  735s

Cutting planes:
  Gomory: 3
  Lift-and-project: 2
  Cover: 732
  Clique: 35
  MIR: 250
  Knapsack: 17
  StrongCG: 187
  Flow cover: 324
  GUB cover: 31
  Inf proof: 2
  Zero half: 64
  Mod-K: 3
  RLT: 343
  Relax-and-lift: 152
  BQP: 123

Explored 78233 nodes (13595959 simplex iterations) in 736.01 seconds (504.67 work units)
Thread count was 22 (of 22 available processors)

Solution count 10: 2850 2851 2857 ... 2954

Optimal solution found (tolerance 1.00e-04)
Best objective 2.850000000000e+03, best bound 2.850000000000e+03, gap 0.0000%

User-callback calls 245726, time in user-callback 0.77 sec
