
Gurobi 13.0.0 (linux64) logging started Sat Jan  3 22:23:48 2026

Set parameter LogFile to value "../experiments/network-n_60_s_1_rp_0-app_set-id_56_23_apps/compact_model_gurobi.log"
Set parameter TimeLimit to value 900
Gurobi Optimizer version 13.0.0 build v13.0.0rc1 (linux64 - "Ubuntu 24.04.3 LTS")

CPU model: Intel(R) Core(TM) Ultra 7 165H, instruction set [SSE2|AVX|AVX2]
Thread count: 22 physical cores, 22 logical processors, using up to 22 threads

Non-default parameters:
TimeLimit  900
LogToConsole  0

Academic license 2539022 - for non-commercial use only - registered to al___@studenti.unimi.it
Optimize a model with 64788 rows, 9000 columns and 142306 nonzeros (Min)
Model fingerprint: 0x78169991
Model has 9000 linear objective coefficients
Model has 206 quadratic constraints
Variable types: 0 continuous, 9000 integer (9000 binary)
Coefficient statistics:
  Matrix range     [1e+00, 9e+02]
  QMatrix range    [5e+01, 2e+02]
  Objective range  [1e+01, 2e+02]
  Bounds range     [1e+00, 1e+00]
  RHS range        [1e+00, 1e+09]
  QRHS range       [1e+02, 6e+02]
Presolve removed 62284 rows and 5300 columns
Presolve time: 0.17s
Presolved: 38896 rows, 39889 columns, 251744 nonzeros
Variable types: 0 continuous, 39889 integer (39889 binary)
Performing another presolve...
Presolve removed 1598 rows and 1664 columns
Presolve time: 1.09s
Deterministic concurrent LP optimizer: primal and dual simplex
Showing primal log only...

Concurrent spin time: 0.50s (can be avoided by choosing Method=3)

Solved with dual simplex

Root relaxation: objective 6.047333e+03, 5393 iterations, 1.25 seconds (1.38 work units)

    Nodes    |    Current Node    |     Objective Bounds      |     Work
 Expl Unexpl |  Obj  Depth IntInf | Incumbent    BestBd   Gap | It/Node Time

     0     0 6047.33304    0  417          - 6047.33304      -     -    3s
     0     0 6052.23836    0  417          - 6052.23836      -     -    3s
     0     0 6052.70115    0  412          - 6052.70115      -     -    3s
     0     0 6159.58976    0  450          - 6159.58976      -     -    5s
     0     0 6159.59155    0  447          - 6159.59155      -     -    5s
     0     0 6289.62190    0  498          - 6289.62190      -     -    6s
     0     0 6394.31809    0  568          - 6394.31809      -     -    7s
     0     0 6430.41549    0  589          - 6430.41549      -     -    8s
     0     0 6432.62524    0  587          - 6432.62524      -     -    8s
     0     0 6434.17835    0  593          - 6434.17835      -     -    8s
     0     0 6434.20413    0  602          - 6434.20413      -     -    8s
     0     0 6585.60020    0  634          - 6585.60020      -     -   12s
     0     0 6701.11802    0  603          - 6701.11802      -     -   14s
     0     0 6747.19284    0  639          - 6747.19284      -     -   16s
     0     0 6749.43623    0  659          - 6749.43623      -     -   17s
     0     0 6766.93563    0  687          - 6766.93563      -     -   17s
     0     0 6900.05818    0  642          - 6900.05818      -     -   21s
     0     0 6991.08578    0  711          - 6991.08578      -     -   23s
     0     0 7035.48966    0  786          - 7035.48966      -     -   25s
     0     0 7055.94310    0  825          - 7055.94310      -     -   26s
     0     0 7059.57994    0  823          - 7059.57994      -     -   27s
     0     0 7095.71352    0  790          - 7095.71352      -     -   30s
     0     0 7152.64854    0  794          - 7152.64854      -     -   32s
     0     0 7180.72887    0  822          - 7180.72887      -     -   33s
     0     0 7202.90810    0  797          - 7202.90810      -     -   34s
     0     0 7222.53651    0  750          - 7222.53651      -     -   36s
     0     0 7222.54291    0  722          - 7222.54291      -     -   36s
     0     0 7222.54291    0  715          - 7222.54291      -     -   36s
     0     2 7222.54549    0  705          - 7222.54549      -     -   41s
    15    32 7252.85715    4  683          - 7237.59146      -   746   46s
    53    96 7261.65969    6  673          - 7246.54927      -   669   51s
   130   174 7274.30736   10  665          - 7246.54927      -   633   58s
   173   215 7282.22244   13  667          - 7246.54927      -   614   61s
   253   291 7284.90106   16  663          - 7246.54927      -   609   67s
   290   329 7292.11358   18  659          - 7246.54927      -   609   71s
   328   369 7298.14006   21  647          - 7246.54927      -   619   75s
   412   446 7301.98510   28  623          - 7246.54927      -   579   81s
   479   502 7324.06037   29  602          - 7246.54927      -   558   87s
   501   523 7303.60678   30  605          - 7246.54927      -   550   91s
   550   579 7308.33367   32  657          - 7246.54927      -   538   96s
   614   648 7310.62504   34  610          - 7246.54927      -   531  103s
   651   677 7316.11141   35  626          - 7246.54927      -   528  106s
   682   703 7323.89088   36  666          - 7246.54927      -   527  114s
   710   735 7331.43306   37  650          - 7246.54927      -   545  116s
   742   763 7335.33247   38  636          - 7246.54927      -   545  120s
   802   824 7335.78967   40  646          - 7246.54927      -   546  126s
   859   869 7336.61459   42  640          - 7246.54927      -   538  133s
   881   891 7337.73394   43  691          - 7246.54927      -   532  136s
   903   913 7342.39728   44  679          - 7246.54927      -   531  140s
   949   957 7348.14115   45  693          - 7246.54927      -   526  146s
   973   986 7351.89755   46  666          - 7246.54927      -   521  150s
  1026  1045 7354.05857   47  670          - 7246.54927      -   516  157s
  1061  1090 7358.10743   48  684          - 7246.54927      -   513  161s
  1106  1134 7358.34860   49  699          - 7246.54927      -   511  166s
  1150  1181 7359.61449   50  705          - 7246.54927      -   514  170s
  1197  1240 7369.79773   51  669          - 7246.54927      -   517  176s
  1256  1312 7383.58653   53  629          - 7246.54927      -   518  181s
  1330  1361 7391.80096   57  633          - 7246.54927      -   516  187s
  1381  1438 7420.52704   60  548          - 7246.54927      -   528  194s
  1458  1507 7438.24101   66  554          - 7246.54927      -   533  202s
  1527  1608 7460.18882   70  535          - 7246.54927      -   545  209s
  1631  1732 7482.73893   77  546          - 7246.54927      -   541  215s
  1756  1859 7501.89076   88  517          - 7246.54927      -   535  220s
  1884  2001 7527.01317   96  540          - 7246.54927      -   530  228s
  2027  2103 7575.26776  102  535          - 7246.54927      -   525  234s
  2129  2226 7587.99843  104  518          - 7246.54927      -   537  244s
  2254  2392 7653.47247  113  498          - 7246.54927      -   546  251s
  2423  2539 infeasible  120               - 7246.54927      -   543  258s
  2574  2688 7863.96409  127  460          - 7246.54927      -   547  266s
  2737  2833 7960.32780  130  421          - 7246.54927      -   550  274s
  2908  2967 8108.46787  139  411          - 7250.08248      -   552  282s
  3064  3099 7411.72038    8  634          - 7250.08248      -   559  290s
  3244  3118 7377.64593    9  627          - 7250.08248      -   561  305s
  3289  3137 7380.41765    9  633          - 7250.08248      -   564  322s
  3334  3191 7440.75054    9  615          - 7257.20141      -   567  344s
  3398  3241 7382.96174   10  652          - 7257.20141      -   569  373s
  3456  3290 7386.93382   10  622          - 7257.20141      -   571  407s
  3527  3345 7391.62418   11  666          - 7257.20141      -   572  437s
  3598  3415 7392.28956   12  650          - 7258.11945      -   572  462s
  3685  3486 7414.76152   13  634          - 7258.11945      -   573  489s
  3801  3589 7428.05867   13  608          - 7258.11945      -   574  517s
  3921  3679 7415.57616   14  645          - 7258.11945      -   575  546s
  4042  3775 7437.08861   12  592          - 7258.11945      -   577  573s
  4145  3797 7421.71009   15  641          - 7258.11945      -   579  600s
  4172  3815 7452.15225   15  678          - 7258.11945      -   581  625s
  4198  3838 7423.95755   16  647          - 7258.11945      -   583  651s
  4221  3864 7426.99911   17  643          - 7258.11945      -   583  677s
  4269  3905 7454.70774   18  656          - 7258.11945      -   584  704s
  4312  3952 7490.58838   18  598          - 7258.11945      -   586  732s
  4363  4032 7456.99433   19  664          - 7258.11945      -   589  763s
  4468  4194 7460.28475   20  651          - 7258.11945      -   590  789s
  4654  4350 7466.59807   21  680          - 7258.11945      -   592  809s
  4883  4587 7513.46923   25  662          - 7263.11124      -   599  831s
  5195  4884 7637.57808   45  563          - 7263.11124      -   598  851s
  5544  5116 7678.69518   51  544          - 7263.11124      -   598  872s
  5878  5419 7768.78166   55  541          - 7263.11124      -   602  898s

Cutting planes:
  Gomory: 5
  Lift-and-project: 1
  Cover: 96
  Implied bound: 1
  Clique: 123
  MIR: 83
  Knapsack: 24
  StrongCG: 39
  GUB cover: 10
  Zero half: 31
  RLT: 439
  Relax-and-lift: 145
  BQP: 124
  PSD: 1

Explored 6248 nodes (3811670 simplex iterations) in 900.03 seconds (1065.56 work units)
Thread count was 22 (of 22 available processors)

Solution count 0

Time limit reached
Best objective -, best bound 7.264000000000e+03, gap -

User-callback calls 112071, time in user-callback 0.57 sec
