
Gurobi 13.0.0 (linux64) logging started Mon Jan  5 05:01:52 2026

Set parameter LogFile to value "../experiments/network-n_40_s_2_rp_0-app_set-id_28_14_apps/compact_model_gurobi.log"
Set parameter TimeLimit to value 900
Gurobi Optimizer version 13.0.0 build v13.0.0rc1 (linux64 - "Ubuntu 24.04.3 LTS")

CPU model: Intel(R) Core(TM) Ultra 7 165H, instruction set [SSE2|AVX|AVX2]
Thread count: 22 physical cores, 22 logical processors, using up to 22 threads

Non-default parameters:
TimeLimit  900
LogToConsole  0

Academic license 2539022 - for non-commercial use only - registered to al___@studenti.unimi.it
Optimize a model with 18196 rows, 3640 columns and 41414 nonzeros (Min)
Model fingerprint: 0xd4b4d4d3
Model has 3640 linear objective coefficients
Model has 126 quadratic constraints
Variable types: 0 continuous, 3640 integer (3640 binary)
Coefficient statistics:
  Matrix range     [1e+00, 9e+02]
  QMatrix range    [5e+01, 2e+02]
  Objective range  [1e+01, 2e+02]
  Bounds range     [1e+00, 1e+00]
  RHS range        [1e+00, 1e+09]
  QRHS range       [1e+02, 6e+02]
Presolve removed 17255 rows and 2190 columns
Presolve time: 0.14s
Presolved: 13465 rows, 13849 columns, 85425 nonzeros
Variable types: 0 continuous, 13849 integer (13849 binary)

Root relaxation: objective 3.256646e+03, 1562 iterations, 0.16 seconds (0.23 work units)

    Nodes    |    Current Node    |     Objective Bounds      |     Work
 Expl Unexpl |  Obj  Depth IntInf | Incumbent    BestBd   Gap | It/Node Time

     0     0 3256.64599    0  223          - 3256.64599      -     -    0s
     0     0 3343.08674    0  250          - 3343.08674      -     -    1s
     0     0 3358.35017    0  275          - 3358.35017      -     -    1s
     0     0 3358.64732    0  265          - 3358.64732      -     -    1s
     0     0 3422.71965    0  285          - 3422.71965      -     -    2s
     0     0 3441.41797    0  324          - 3441.41797      -     -    3s
     0     0 3442.75832    0  333          - 3442.75832      -     -    3s
     0     0 3499.27431    0  247          - 3499.27431      -     -    3s
     0     0 3521.14474    0  292          - 3521.14474      -     -    3s
     0     0 3527.73513    0  340          - 3527.73513      -     -    4s
     0     0 3528.39890    0  350          - 3528.39890      -     -    4s
     0     0 3541.15863    0  298          - 3541.15863      -     -    4s
     0     0 3553.08957    0  332          - 3553.08957      -     -    4s
     0     0 3556.07585    0  350          - 3556.07585      -     -    4s
     0     0 3563.01550    0  336          - 3563.01550      -     -    5s
     0     0 3563.06913    0  330          - 3563.06913      -     -    5s
     0     0 3563.06913    0  324          - 3563.06913      -     -    5s
     0     2 3563.26784    0  308          - 3563.26784      -     -    6s
   246   274 3610.12486   11  247          - 3575.65882      -   204   10s
   576   578 3629.84638   23  249          - 3575.65882      -   187   15s
  1016   979 3698.74794   48  221          - 3578.02267      -   187   20s
  1456  1312 3639.35472   11  237          - 3586.10768      -   179   25s
  1675  1502 3687.75171   23  199          - 3586.10768      -   179   30s
  2005  1776 3704.30050   27  176          - 3587.00729      -   174   35s
  2659  2319 3724.72770   27  184          - 3587.44725      -   174   41s
  3061  2467 3709.85615   50 5813          - 3588.29514      -   172   45s
  3076  2477 3683.89642   16  390          - 3588.29514      -   171   50s
  3103  2495 3708.04726   31  399          - 3588.29514      -   169   55s
  3133  2515 3610.64018    8  405          - 3590.31934      -   168   60s
  3165  2536 3904.30510   66  393          - 3596.26614      -   166   65s
  3203  2562 3708.04726   31  458          - 3601.43212      -   164   70s
  3232  2581 3686.64980   33  461          - 3603.76669      -   162   75s
  3249  2592 3641.47763   22  447          - 3604.54533      -   162   81s
  3264  2619 3618.71130   18  351          - 3610.09923      -   170   85s
  3342  2691 3626.13991   21  294          - 3612.05520      -   175   91s
  3414  2738 3626.91493   22  330          - 3612.05520      -   181   95s
  3513  2798 3662.94555   24  325          - 3612.05520      -   191  101s
  3604  2860 3684.77554   26  293          - 3612.05520      -   198  106s
  3698  2917 3730.69289   27  316          - 3612.05520      -   203  111s
  3776  2968 3695.70781   29  331          - 3612.05520      -   208  115s
  3867  3031 3841.31528   30  353          - 3612.05520      -   214  120s
  3971  3101 3731.52695   32  336          - 3612.05520      -   221  126s
  4059  3138 3736.15583   33  356          - 3612.05520      -   226  130s
  4149  3206 3739.51815   34  357          - 3616.01897      -   230  135s
  4251  3241 3742.51837   35  355          - 3616.07451      -   235  140s
  4352  3317 3745.66233   36  338          - 3616.07451      -   240  145s
  4487  3373 3752.45300   37  356          - 3616.07451      -   247  150s
  4648  3390 3788.70015   39  312          - 3616.07451      -   253  156s
  4717  3384 3796.97207   40  301          - 3625.88290      -   256  160s
  4793  3408 3801.35199   41  304          - 3626.93264      -   259  165s
  4898  3460 3805.32288   42  281          - 3626.93264      -   262  172s
  4962  3502 3978.45374   42  372          - 3627.21568      -   264  175s
  5135  3614 3851.49656   46  337          - 3627.40013      -   270  182s
  5243  3677 3931.96384   48  311          - 3627.40013      -   272  186s
  5372  3752 3982.57184   50  283          - 3627.40013      -   275  190s
  5671  3879 infeasible   56               - 3627.40013      -   281  198s
  5804  3957 3709.33497   23  208          - 3627.40013      -   285  203s
  5990  3998 3724.03502   27  185          - 3627.40013      -   289  207s
  6137  4098 3760.22366   32  150          - 3627.40013      -   293  212s
  6332  4050 3825.37291   40  198          - 3627.40013      -   298  216s
  6367  4072 3833.23005   40  162          - 3627.40013      -   298  221s
  6415  4134 3834.83947   39  184          - 3632.11925      -   300  225s
  6512  4216 3911.88608   45  123          - 3632.93041      -   301  230s
  6641  4350 3669.61462   26  291          - 3632.93041      -   303  235s
  6862  4461 3704.77175   29  291          - 3632.93041      -   307  240s
  7131  4547 3718.27057   35  275          - 3633.90541      -   310  246s
  7389  4499 3929.61107   37  241          - 3633.90541      -   314  251s
  7439  4502 3865.51305   47  165          - 3633.90541      -   315  256s
  7514  4549 3735.06418   25  261          - 3633.90541      -   316  262s
  7628  4646 3896.45042   31  202          - 3633.90541      -   316  268s
  7840  4757 3662.76921   23  286          - 3633.90541      -   318  274s
  8059  4920 3739.26316   30  259          - 3633.90541      -   321  281s
  8359  5062 3825.42228   39  174          - 3633.90541      -   325  287s
  8725  5193 4088.84802   47  163          - 3634.28582      -   326  294s
  9108  5364 3672.65518   29  307          - 3634.28582      -   329  301s
  9481  5480 3750.78424   37  236          - 3634.28582      -   332  308s
  9887  5674 3811.88669   45  238          - 3638.57092      -   334  315s
 10330  5862 4004.31170   61  136          - 3639.59160      -   335  323s
 10790  6017 3725.42039   36  253          - 3642.91868      -   337  331s
 11267  6156 3821.71442   47  232          - 3642.91868      -   340  339s
 11583  6499 4147.47028   54  159          - 3642.91868      -   343  348s
 12114  6828 3738.15235   28  267          - 3642.91868      -   344  357s
 12591  6977 3824.16099   36  212          - 3642.91868      -   344  366s
 12802  7151 3863.93108   40  203          - 3648.85512      -   345  375s
 13026  7504 3895.99151   41  166          - 3649.80135      -   346  384s
 13561  7724 3718.58112   32  336          - 3649.80135      -   347  394s
 13843  8160 3746.11941   30  212          - 3650.34196      -   349  404s
 14453  8549 infeasible   38               - 3650.34196      -   351  415s
 15068  9032 3906.39516   38  219          - 3650.34196      -   354  426s
 15774  9314 3705.28701   31  272          - 3650.89467      -   356  437s
 16248  9836 3838.87776   35  229          - 3651.99555      -   358  449s
 17019 10014 3696.04990   26  289          - 3654.29258      -   359  461s
 17351 10249 3678.65475   26  301          - 3654.29258      -   359  473s
 17652 10270 3682.19107   27  271          - 3654.29258      -   360  486s
 17683 10425 3682.86276   28  279          - 3654.29258      -   360  499s
 17964 10864 3687.06372   29  275          - 3654.48098      -   361  513s
 18531 11523 3843.87057   45  263          - 3654.48098      -   362  527s
 19458 12061 3754.97431   28  325          - 3654.61149      -   363  541s
 20242 12741 3862.09842   43  207          - 3657.85066      -   365  555s
 21285 13294 3843.36380   36  281          - 3657.85066      -   365  570s
 22039 14029 3682.84800   25  289          - 3657.85066      -   366  586s
 23118 14044 infeasible   47               - 3658.99828      -   366  602s
 23179 14572 3703.52601   34  232          - 3658.99828      -   366  618s
 23907 15237 3831.04283   42  184          - 3660.54881      -   367  635s
 24901 16142 3881.22878   39  209          - 3662.26526      -   367  658s
 26227 16290 3817.14453   41  318          - 3663.17820      -   368  673s
 26493 16913 3976.47833   45  213          - 3663.50064      -   368  689s
 27346 17740 3775.88575   32  254          - 3663.60128      -   369  708s
 28628 18550 3791.02931   35  240          - 3663.60128      -   370  726s
 29850 19229 3819.37286   45  256          - 3665.89718      -   371  745s
 30852 19586 3794.19239   37  304          - 3665.89718      -   371  764s
 31361 20515 infeasible   46               - 3666.24882      -   371  785s
 32714 21369 4097.43335   43  213          - 3666.24882      -   372  806s
 34106 22403 infeasible   50               - 3668.96171      -   372  827s
 35593 23521 infeasible   59               - 3669.14532      -   373  849s
 37265 23707 3725.68215   38  292          - 3670.22046      -   372  871s
 37619 24035 3698.94630   38  320          - 3670.22046      -   372  895s
 38116 24065 3701.78135   39  319          - 3670.31376      -   372  900s

Cutting planes:
  Gomory: 3
  Lift-and-project: 3
  Cover: 60
  Implied bound: 2
  Clique: 22
  MIR: 72
  Knapsack: 11
  StrongCG: 31
  Flow cover: 130
  GUB cover: 7
  Zero half: 49
  Mod-K: 1
  RLT: 80
  Relax-and-lift: 82
  BQP: 21

Explored 38158 nodes (14206758 simplex iterations) in 900.02 seconds (684.90 work units)
Thread count was 22 (of 22 available processors)

Solution count 0

Time limit reached
Best objective -, best bound 3.671000000000e+03, gap -

User-callback calls 241097, time in user-callback 1.43 sec
