
Gurobi 13.0.0 (linux64) logging started Thu Jan 15 02:39:53 2026

Set parameter LogFile to value "../experiments/network-n_40_s_2_rp_0-app_set-id_28_14_apps/submip_40_epr0_model_gurobi.log"
Set parameter TimeLimit to value 8.9814195080100035e+02
Gurobi Optimizer version 13.0.0 build v13.0.0rc1 (linux64 - "Ubuntu 24.04.3 LTS")

CPU model: Intel(R) Core(TM) Ultra 7 165H, instruction set [SSE2|AVX|AVX2]
Thread count: 22 physical cores, 22 logical processors, using up to 22 threads

Non-default parameters:
TimeLimit  8.9814195080100035e+02
LogToConsole  0

Academic license 2539022 - for non-commercial use only - registered to al___@studenti.unimi.it
Optimize a model with 18244 rows, 3640 columns and 41462 nonzeros (Min)
Model fingerprint: 0xbe1eda89
Model has 3640 linear objective coefficients
Model has 126 quadratic constraints
Variable types: 0 continuous, 3640 integer (3640 binary)
Coefficient statistics:
  Matrix range     [1e+00, 9e+02]
  QMatrix range    [5e+01, 2e+02]
  Objective range  [1e+01, 2e+02]
  Bounds range     [1e+00, 1e+00]
  RHS range        [1e+00, 1e+09]
  QRHS range       [1e+02, 6e+02]
Presolve removed 17896 rows and 3014 columns
Presolve time: 0.04s
Presolved: 3239 rows, 3401 columns, 19971 nonzeros
Variable types: 0 continuous, 3401 integer (3401 binary)

Root relaxation: objective 3.404657e+03, 880 iterations, 0.03 seconds (0.04 work units)

    Nodes    |    Current Node    |     Objective Bounds      |     Work
 Expl Unexpl |  Obj  Depth IntInf | Incumbent    BestBd   Gap | It/Node Time

     0     0 3404.65714    0  121          - 3404.65714      -     -    0s
     0     0 3631.53800    0  135          - 3631.53800      -     -    0s
     0     0 3655.50139    0  140          - 3655.50139      -     -    0s
     0     0 3657.99105    0  152          - 3657.99105      -     -    0s
     0     0 infeasible    0               - infeasible      -     -    0s

Cutting planes:
  Gomory: 9
  Lift-and-project: 9
  Cover: 42
  Clique: 24
  MIR: 37
  Knapsack: 12
  StrongCG: 13
  GUB cover: 3
  Zero half: 17
  RLT: 109
  Relax-and-lift: 30
  BQP: 55

Explored 1 nodes (2418 simplex iterations) in 0.78 seconds (0.56 work units)
Thread count was 22 (of 22 available processors)

Solution count 0

Model is infeasible
Best objective -, best bound -, gap -

User-callback calls 603, time in user-callback 0.00 sec
Set parameter LogToConsole to value 0
