FIXINGS_START
(0, 0, 0)
(0, 4, 0)
(1, 0, 0)
(1, 4, 0)
(2, 4, 0)
(3, 0, 0)
(4, 0, 0)
(4, 6, 0)
(5, 0, 0)
(5, 6, 0)
(6, 7, 0)
(6, 8, 0)
(9, 0, 0)
(9, 4, 0)
(10, 0, 0)
(11, 0, 0)
(12, 0, 0)
(13, 0, 0)
(3, 3, 0)
(2, 1, 0)
(2, 2, 0)
(12, 1, 0)
(1, 2, 0)
(12, 3, 20)
(9, 1, 0)
(4, 1, 0)
(12, 4, 0)
(9, 3, 0)
(8, 0, 0)
(0, 1, 3)
(11, 1, 0)
(7, 0, 0)
(13, 1, 0)
(8, 1, 0)
(13, 2, 0)
(4, 2, 0)
(4, 7, 0)
(7, 1, 0)
(7, 5, 0)
(9, 6, 0)
(5, 7, 0)
(7, 6, 0)
(9, 7, 0)
(0, 2, 6)
(0, 3, 0)
(13, 4, 0)
(8, 2, 0)
(13, 5, 0)
FIXINGS_END
time 1.805
GUROBI
Status INFEASIBLE
Runtime 1.805053949356079
NodeCount 57.0
IterCount 12093.0
NumVars 3640
NumConstrs 18244
ObjBound inf
ObjBoundC inf
ObjVal None
MIPGap inf
