
Gurobi 13.0.0 (linux64) logging started Fri Jan  2 15:13:25 2026

Set parameter LogFile to value "../experiments/network-n_50_s_0_rp_0-app_set-id_61_25_apps/compact_model_gurobi.log"
Set parameter TimeLimit to value 900
Gurobi Optimizer version 13.0.0 build v13.0.0rc1 (linux64 - "Ubuntu 24.04.3 LTS")

CPU model: Intel(R) Core(TM) Ultra 7 165H, instruction set [SSE2|AVX|AVX2]
Thread count: 22 physical cores, 22 logical processors, using up to 22 threads

Non-default parameters:
TimeLimit  900
LogToConsole  0

Academic license 2539022 - for non-commercial use only - registered to al___@studenti.unimi.it
Optimize a model with 35620 rows, 8100 columns and 82273 nonzeros (Min)
Model fingerprint: 0x70d6f736
Model has 8100 linear objective coefficients
Model has 166 quadratic constraints
Variable types: 0 continuous, 8100 integer (8100 binary)
Coefficient statistics:
  Matrix range     [1e+00, 9e+02]
  QMatrix range    [5e+01, 2e+02]
  Objective range  [1e+01, 2e+02]
  Bounds range     [1e+00, 1e+00]
  RHS range        [1e+00, 1e+09]
  QRHS range       [1e+02, 6e+02]
Presolve removed 33770 rows and 5074 columns
Presolve time: 0.40s
Presolved: 33407 rows, 34421 columns, 204254 nonzeros
Variable types: 0 continuous, 34421 integer (34421 binary)
Deterministic concurrent LP optimizer: primal and dual simplex
Showing primal log only...

Concurrent spin time: 0.00s

Solved with dual simplex

Root relaxation: infeasible, 2123 iterations, 0.53 seconds (0.33 work units)

    Nodes    |    Current Node    |     Objective Bounds      |     Work
 Expl Unexpl |  Obj  Depth IntInf | Incumbent    BestBd   Gap | It/Node Time

     0     0 infeasible    0               - infeasible      -     -    1s

Explored 1 nodes (2123 simplex iterations) in 1.86 seconds (1.71 work units)
Thread count was 22 (of 22 available processors)

Solution count 0

Model is infeasible
Best objective -, best bound -, gap -

User-callback calls 887, time in user-callback 0.00 sec
