
Gurobi 13.0.0 (linux64) logging started Mon Jan  5 03:24:03 2026

Set parameter LogFile to value "../experiments/network-n_40_s_2_rp_0-app_set-id_6_7_apps/compact_model_gurobi.log"
Set parameter TimeLimit to value 900
Gurobi Optimizer version 13.0.0 build v13.0.0rc1 (linux64 - "Ubuntu 24.04.3 LTS")

CPU model: Intel(R) Core(TM) Ultra 7 165H, instruction set [SSE2|AVX|AVX2]
Thread count: 22 physical cores, 22 logical processors, using up to 22 threads

Non-default parameters:
TimeLimit  900
LogToConsole  0

Academic license 2539022 - for non-commercial use only - registered to al___@studenti.unimi.it
Optimize a model with 4793 rows, 1840 columns and 11977 nonzeros (Min)
Model fingerprint: 0x13715db2
Model has 1840 linear objective coefficients
Model has 126 quadratic constraints
Variable types: 0 continuous, 1840 integer (1840 binary)
Coefficient statistics:
  Matrix range     [1e+00, 9e+02]
  QMatrix range    [5e+01, 2e+02]
  Objective range  [1e+01, 2e+02]
  Bounds range     [1e+00, 1e+00]
  RHS range        [1e+00, 1e+09]
  QRHS range       [1e+02, 6e+02]
Presolve removed 4488 rows and 1178 columns
Presolve time: 0.03s
Presolved: 5453 rows, 5693 columns, 33173 nonzeros
Variable types: 0 continuous, 5693 integer (5693 binary)
Found heuristic solution: objective 2635.0000000

Root relaxation: objective 1.747356e+03, 446 iterations, 0.02 seconds (0.02 work units)

    Nodes    |    Current Node    |     Objective Bounds      |     Work
 Expl Unexpl |  Obj  Depth IntInf | Incumbent    BestBd   Gap | It/Node Time

     0     0 1747.35573    0   73 2635.00000 1747.35573  33.7%     -    0s
H    0     0                    1907.0000000 1747.35573  8.37%     -    0s
     0     0 1771.44680    0   96 1907.00000 1771.44680  7.11%     -    0s
H    0     0                    1819.0000000 1771.44680  2.61%     -    0s
     0     0 1771.54996    0   96 1819.00000 1771.54996  2.61%     -    0s
     0     0 1779.10907    0   95 1819.00000 1779.10907  2.19%     -    0s
     0     0 1779.12858    0   97 1819.00000 1779.12858  2.19%     -    0s
     0     0 1784.31579    0  107 1819.00000 1784.31579  1.91%     -    0s
     0     0 1785.50973    0   80 1819.00000 1785.50973  1.84%     -    0s
     0     0 1785.61915    0  102 1819.00000 1785.61915  1.84%     -    0s
     0     0 1786.67202    0  110 1819.00000 1786.67202  1.78%     -    0s
     0     0 1786.67309    0   98 1819.00000 1786.67309  1.78%     -    0s
     0     0 1787.65008    0  108 1819.00000 1787.65008  1.72%     -    0s
     0     0 1787.69056    0  108 1819.00000 1787.69056  1.72%     -    0s
     0     0 1787.69056    0  108 1819.00000 1787.69056  1.72%     -    0s
     0     0 1787.69056    0  107 1819.00000 1787.69056  1.72%     -    0s
     0     2 1787.74370    0  104 1819.00000 1787.74370  1.72%     -    1s
H   64    88                    1816.0000000 1795.75460  1.11%  54.6    1s
H   67    88                    1815.0000000 1795.75460  1.06%  53.3    1s
H   80    88                    1813.0000000 1795.85947  0.95%  50.0    1s
*   87    88               6    1812.0000000 1795.85947  0.89%  47.5    1s
H   97    88                    1804.0000000 1795.85947  0.45%  44.6    1s

Cutting planes:
  Gomory: 2
  Lift-and-project: 1
  Cover: 69
  Implied bound: 8
  Clique: 16
  MIR: 37
  Knapsack: 6
  StrongCG: 22
  GUB cover: 6
  Zero half: 12
  RLT: 76
  Relax-and-lift: 15
  BQP: 25

Explored 229 nodes (7932 simplex iterations) in 1.39 seconds (0.82 work units)
Thread count was 22 (of 22 available processors)

Solution count 8: 1804 1812 1813 ... 2635

Optimal solution found (tolerance 1.00e-04)
Best objective 1.804000000000e+03, best bound 1.804000000000e+03, gap 0.0000%

User-callback calls 1263, time in user-callback 0.00 sec
