
Gurobi 13.0.0 (linux64) logging started Wed Jan 14 19:24:27 2026

Set parameter LogFile to value "../experiments/network-n_60_s_1_rp_0-app_set-id_102_39_apps/compact_model_gurobi.log"
Set parameter TimeLimit to value 900
Gurobi Optimizer version 13.0.0 build v13.0.0rc1 (linux64 - "Ubuntu 24.04.3 LTS")

CPU model: Intel(R) Core(TM) Ultra 7 165H, instruction set [SSE2|AVX|AVX2]
Thread count: 22 physical cores, 22 logical processors, using up to 22 threads

Non-default parameters:
TimeLimit  900
LogToConsole  0

Academic license 2539022 - for non-commercial use only - registered to al___@studenti.unimi.it
Optimize a model with 110543 rows, 15240 columns and 242717 nonzeros (Min)
Model fingerprint: 0x28af75b4
Model has 15240 linear objective coefficients
Model has 206 quadratic constraints
Variable types: 0 continuous, 15240 integer (15240 binary)
Coefficient statistics:
  Matrix range     [1e+00, 9e+02]
  QMatrix range    [5e+01, 2e+02]
  Objective range  [1e+01, 2e+02]
  Bounds range     [1e+00, 1e+00]
  RHS range        [1e+00, 1e+09]
  QRHS range       [1e+02, 6e+02]
Presolve removed 106518 rows and 8997 columns
Presolve time: 0.19s
Presolved: 75565 rows, 77577 columns, 481432 nonzeros
Variable types: 0 continuous, 77577 integer (77577 binary)
Performing another presolve...
Presolve removed 5029 rows and 5396 columns
Presolve time: 1.06s
Deterministic concurrent LP optimizer: primal and dual simplex
Showing primal log only...

Concurrent spin time: 0.00s

Solved with dual simplex

Root relaxation: infeasible, 7662 iterations, 0.96 seconds (1.81 work units)

    Nodes    |    Current Node    |     Objective Bounds      |     Work
 Expl Unexpl |  Obj  Depth IntInf | Incumbent    BestBd   Gap | It/Node Time

     0     0 infeasible    0               - infeasible      -     -    2s

Explored 1 nodes (7662 simplex iterations) in 2.46 seconds (3.98 work units)
Thread count was 22 (of 22 available processors)

Solution count 0

Model is infeasible
Best objective -, best bound -, gap -

User-callback calls 375, time in user-callback 0.00 sec
