
Gurobi 13.0.0 (linux64) logging started Fri Jan  2 18:28:29 2026

Set parameter LogFile to value "../experiments/network-n_50_s_1_rp_0-app_set-id_14_9_apps/compact_model_gurobi.log"
Set parameter TimeLimit to value 900
Gurobi Optimizer version 13.0.0 build v13.0.0rc1 (linux64 - "Ubuntu 24.04.3 LTS")

CPU model: Intel(R) Core(TM) Ultra 7 165H, instruction set [SSE2|AVX|AVX2]
Thread count: 22 physical cores, 22 logical processors, using up to 22 threads

Non-default parameters:
TimeLimit  900
LogToConsole  0

Academic license 2539022 - for non-commercial use only - registered to al___@studenti.unimi.it
Optimize a model with 17503 rows, 2900 columns and 39082 nonzeros (Min)
Model fingerprint: 0xbcb6315e
Model has 2900 linear objective coefficients
Model has 164 quadratic constraints
Variable types: 0 continuous, 2900 integer (2900 binary)
Coefficient statistics:
  Matrix range     [1e+00, 9e+02]
  QMatrix range    [6e+01, 2e+02]
  Objective range  [1e+01, 2e+02]
  Bounds range     [1e+00, 1e+00]
  RHS range        [1e+00, 1e+09]
  QRHS range       [1e+02, 6e+02]
Presolve removed 16780 rows and 1657 columns
Presolve time: 0.14s
Presolved: 16279 rows, 16643 columns, 100916 nonzeros
Variable types: 0 continuous, 16643 integer (16643 binary)
Found heuristic solution: objective 2934.0000000

Root relaxation: objective 1.964575e+03, 588 iterations, 0.04 seconds (0.06 work units)

    Nodes    |    Current Node    |     Objective Bounds      |     Work
 Expl Unexpl |  Obj  Depth IntInf | Incumbent    BestBd   Gap | It/Node Time

     0     0 1964.57476    0   96 2934.00000 1964.57476  33.0%     -    0s
H    0     0                    2806.0000000 1964.57476  30.0%     -    0s
H    0     0                    2749.0000000 1964.57476  28.5%     -    0s
H    0     0                    2573.0000000 1964.57476  23.6%     -    0s
     0     0 1978.22020    0  122 2573.00000 1978.22020  23.1%     -    1s
H    0     0                    2499.0000000 1978.22020  20.8%     -    1s
H    0     0                    2497.0000000 1993.12299  20.2%     -    1s
H    0     0                    2494.0000000 1993.12299  20.1%     -    1s
H    0     0                    2329.0000000 1993.12299  14.4%     -    1s
H    0     0                    2261.0000000 1993.12299  11.8%     -    1s
H    0     0                    2179.0000000 1993.12299  8.53%     -    1s
     0     0 1993.12299    0  124 2179.00000 1993.12299  8.53%     -    1s
     0     0 1993.29007    0  129 2179.00000 1993.29007  8.52%     -    1s
     0     0 1993.29048    0  131 2179.00000 1993.29048  8.52%     -    1s
     0     0 1997.12067    0  129 2179.00000 1997.12067  8.35%     -    1s
     0     0 1999.30261    0  110 2179.00000 1999.30261  8.25%     -    2s
     0     0 1999.41878    0  120 2179.00000 1999.41878  8.24%     -    2s
     0     0 2010.82810    0  105 2179.00000 2010.82810  7.72%     -    2s
     0     0 2014.05903    0  118 2179.00000 2014.05903  7.57%     -    2s
     0     0 2014.46264    0  136 2179.00000 2014.46264  7.55%     -    2s
H    0     0                    2178.0000000 2017.72618  7.36%     -    2s
     0     0 2017.72618    0  131 2178.00000 2017.72618  7.36%     -    2s
     0     0 2018.87501    0  151 2178.00000 2018.87501  7.31%     -    2s
     0     0 2019.61561    0  134 2178.00000 2019.61561  7.27%     -    3s
     0     0 2019.68475    0  132 2178.00000 2019.68475  7.27%     -    3s
     0     0 2019.68475    0  124 2178.00000 2019.68475  7.27%     -    3s
H    0     0                    2152.0000000 2019.69665  6.15%     -    3s
H    0     0                    2145.0000000 2019.69665  5.84%     -    3s
H    0     0                    2116.0000000 2019.69665  4.55%     -    3s
H    0     2                    2114.0000000 2019.69665  4.46%     -    3s
     0     2 2019.69665    0  124 2114.00000 2019.69665  4.46%     -    3s
H   54    70                    2107.0000000 2023.82658  3.95%   110    4s
H   73    70                    2105.0000000 2023.82658  3.86%   103    4s
H  103   107                    2061.0000000 2024.11649  1.79%  93.2    4s
   171   166 2027.76490    8  134 2061.00000 2024.11649  1.79%  82.3    5s
  1199   669 2059.84907   29  121 2061.00000 2028.68657  1.57%  55.5   10s
H 1236   681                    2056.0000000 2028.68657  1.33%  55.7   10s
H 1384   694                    2054.0000000 2029.57500  1.19%  54.6   11s
  2700   904 2049.88847   13   86 2054.00000 2036.95203  0.83%  51.1   15s
  4516   799 2052.77557   24   49 2054.00000 2043.23796  0.52%  48.4   20s
* 4677   799              18    2053.0000000 2043.35888  0.47%  48.0   20s

Cutting planes:
  Gomory: 1
  Lift-and-project: 5
  Cover: 157
  Clique: 18
  MIR: 108
  Knapsack: 11
  StrongCG: 69
  GUB cover: 16
  Inf proof: 4
  Zero half: 11
  RLT: 136
  Relax-and-lift: 239
  BQP: 96

Explored 5953 nodes (263637 simplex iterations) in 22.57 seconds (11.90 work units)
Thread count was 22 (of 22 available processors)

Solution count 10: 2053 2054 2056 ... 2152

Optimal solution found (tolerance 1.00e-04)
Best objective 2.053000000000e+03, best bound 2.053000000000e+03, gap 0.0000%

User-callback calls 14036, time in user-callback 0.02 sec
