FIXINGS_START
(0, 0, 0)
(0, 6, 0)
(2, 0, 0)
(2, 6, 0)
(3, 0, 0)
(3, 4, 0)
(4, 0, 0)
(4, 6, 0)
(5, 0, 0)
(5, 4, 0)
(6, 0, 0)
(7, 4, 0)
(8, 0, 0)
(9, 0, 0)
(10, 8, 0)
(10, 9, 0)
(11, 0, 0)
(12, 0, 0)
(12, 4, 0)
(13, 0, 0)
(14, 0, 0)
(15, 0, 0)
(15, 3, 0)
(0, 3, 0)
(15, 4, 0)
(1, 0, 0)
(3, 1, 0)
(1, 2, 0)
(3, 3, 0)
(3, 7, 0)
(6, 2, 0)
(6, 4, 27)
(5, 5, 0)
(4, 1, 0)
(6, 5, 0)
(7, 0, 26)
(8, 1, 0)
(13, 2, 0)
(14, 1, 0)
(13, 3, 0)
(15, 5, 0)
(7, 1, 0)
(12, 1, 0)
(11, 3, 0)
(4, 3, 0)
(12, 2, 0)
(0, 4, 0)
FIXINGS_END
found_sol 4249.0 time 2.197
found_sol 4239.0 time 2.212
found_sol 3900.0 time 3.572
found_sol 3875.0 time 3.932
found_sol 3822.0 time 5.963
found_sol 3822.0 time 31.623
found_sol 3875.0 time 31.625
found_sol 3900.0 time 31.627
found_sol 3820.0 time 107.369
found_sol 3816.0000000000005 time 254.053
found_sol 3790.0 time 259.662
found_sol 3790.0 time 321.407
time 321.415
GUROBI
Status OPTIMAL
Runtime 321.41461300849915
NodeCount 49124.0
IterCount 5668502.0
NumVars 5200
NumConstrs 24062
ObjBound 3790.0
ObjBoundC 3790.0
ObjVal 3790.0
MIPGap 0.0
