FIXINGS_START
(0, 0, 0)
(0, 6, 0)
(2, 0, 0)
(2, 6, 0)
(3, 0, 0)
(3, 4, 0)
(4, 0, 0)
(4, 6, 0)
(5, 0, 0)
(5, 4, 0)
(6, 0, 0)
(7, 4, 0)
(8, 0, 0)
(9, 0, 0)
(10, 8, 0)
(10, 9, 0)
(11, 0, 0)
(12, 0, 0)
(12, 4, 0)
(13, 0, 0)
(14, 0, 0)
(15, 0, 0)
(1, 0, 0)
(1, 2, 0)
(2, 4, 0)
(15, 3, 0)
(15, 4, 0)
(15, 5, 0)
(14, 1, 0)
(2, 7, 0)
(7, 0, 26)
(5, 5, 0)
(8, 1, 0)
(13, 2, 0)
(9, 2, 1)
(0, 3, 0)
(9, 3, 0)
(4, 1, 0)
(10, 0, 2)
(10, 1, 0)
(12, 1, 0)
(7, 1, 0)
(4, 3, 0)
(7, 2, 0)
(10, 3, 0)
(0, 4, 0)
(3, 1, 0)
(4, 8, 0)
(8, 3, 0)
(11, 3, 0)
(9, 4, 0)
(3, 3, 0)
(10, 4, 0)
(3, 7, 0)
(10, 7, 29)
FIXINGS_END
found_sol 3876.0 time 0.002
found_sol 3876.0 time 0.208
time 9.496
GUROBI
Status OPTIMAL
Runtime 9.495585918426514
NodeCount 3319.0
IterCount 258163.0
NumVars 5200
NumConstrs 24070
ObjBound 3876.0
ObjBoundC 3876.0
ObjVal 3876.0
MIPGap 0.0
