
Gurobi 13.0.0 (linux64) logging started Fri Jan 16 02:44:25 2026

Set parameter LogFile to value "../experiments/network-n_50_s_2_rp_0-app_set-id_34_16_apps/submip_30_epr1_model_gurobi.log"
Set parameter TimeLimit to value 8.7414433481900778e+02
Gurobi Optimizer version 13.0.0 build v13.0.0rc1 (linux64 - "Ubuntu 24.04.3 LTS")

CPU model: Intel(R) Core(TM) Ultra 7 165H, instruction set [SSE2|AVX|AVX2]
Thread count: 22 physical cores, 22 logical processors, using up to 22 threads

Non-default parameters:
TimeLimit  8.7414433481900778e+02
LogToConsole  0

Academic license 2539022 - for non-commercial use only - registered to al___@studenti.unimi.it
Optimize a model with 24062 rows, 5200 columns and 55296 nonzeros (Min)
Model fingerprint: 0xce6e1b2d
Model has 5200 linear objective coefficients
Model has 162 quadratic constraints
Variable types: 0 continuous, 5200 integer (5200 binary)
Coefficient statistics:
  Matrix range     [1e+00, 9e+02]
  QMatrix range    [5e+01, 2e+02]
  Objective range  [1e+01, 2e+02]
  Bounds range     [1e+00, 1e+00]
  RHS range        [1e+00, 1e+09]
  QRHS range       [1e+02, 6e+02]

MIP start from previous solve did not produce a new incumbent solution
MIP start from previous solve violates constraint fixed_app_9_microservice_2 by 1.000000000

Presolve removed 23689 rows and 3994 columns
Presolve time: 0.08s
Presolved: 6425 rows, 7104 columns, 40712 nonzeros
Variable types: 0 continuous, 7104 integer (7104 binary)

Root relaxation: objective 3.522753e+03, 945 iterations, 0.05 seconds (0.09 work units)

    Nodes    |    Current Node    |     Objective Bounds      |     Work
 Expl Unexpl |  Obj  Depth IntInf | Incumbent    BestBd   Gap | It/Node Time

     0     0 3522.75330    0  119          - 3522.75330      -     -    0s
     0     0 3585.32668    0  162          - 3585.32668      -     -    0s
     0     0 3599.56692    0  165          - 3599.56692      -     -    0s
     0     0 3599.78871    0  167          - 3599.78871      -     -    0s
     0     0 3647.51632    0  188          - 3647.51632      -     -    1s
     0     0 3654.23857    0  171          - 3654.23857      -     -    1s
     0     0 3656.18781    0  176          - 3656.18781      -     -    1s
H    0     0                    4244.0000000 3683.26449  13.2%     -    1s
     0     0 3685.44158    0  188 4244.00000 3685.44158  13.2%     -    1s
     0     0 3685.47394    0  186 4244.00000 3685.47394  13.2%     -    1s
     0     0 3685.47394    0  186 4244.00000 3685.47394  13.2%     -    1s
     0     2 3685.50061    0  183 4244.00000 3685.50061  13.2%     -    2s
H   53    96                    4217.0000000 3711.11724  12.0%   305    3s
H   96   153                    4161.0000000 3711.11724  10.8%   244    3s
H  110   153                    4125.0000000 3711.11724  10.0%   233    3s
H  127   153                    4036.0000000 3711.11724  8.05%   223    3s
H  153   179                    3985.0000000 3711.11724  6.87%   204    4s
H  260   277                    3938.0000000 3711.11724  5.76%   165    4s
   333   352 3737.40131   10  200 3938.00000 3711.11724  5.76%   151    5s
H  672   641                    3913.0000000 3722.18958  4.88%   130    6s
H 1046   938                    3911.0000000 3726.62577  4.71%   119    8s
  1325  1057 3842.52570   32  154 3911.00000 3726.62577  4.71%   115   10s
  1960  1470 3837.02521   23  115 3911.00000 3737.32482  4.44%   108   15s
  3300  2062     cutoff   20      3911.00000 3742.06970  4.32%   101   20s
  3730  2199 3825.80089   22  248 3911.00000 3743.85107  4.27%   100   25s
  3776  2246 3753.86379   13  214 3911.00000 3744.57906  4.26%   102   30s
  4018  2398 3778.92907   19  182 3911.00000 3749.79525  4.12%   107   35s
  4283  2485 3814.27958   24  166 3911.00000 3755.80728  3.97%   111   40s
  4485  2524 3880.55449   29  128 3911.00000 3767.98591  3.66%   113   45s
  4710  2563 3798.02007   19  157 3911.00000 3772.93895  3.53%   114   50s
  5208  2670 3840.21781   36  140 3911.00000 3776.61951  3.44%   115   55s
  5657  2776 3813.51539   19  181 3911.00000 3776.61951  3.44%   115   60s
  6365  2917     cutoff   24      3911.00000 3779.01864  3.37%   116   65s
  7231  3032 3887.51863   28  132 3911.00000 3792.50683  3.03%   114   71s
  8040  3125 3816.05766   21  170 3911.00000 3796.60424  2.92%   113   75s
  8974  3188 3824.90924   23  141 3911.00000 3806.55403  2.67%   112   81s
 10108  3032 3889.19883   23  153 3911.00000 3809.30912  2.60%   111   86s
 10732  3176 3897.21808   34  148 3911.00000 3811.30285  2.55%   111   90s
 12014  3531 3870.46342   28  160 3911.00000 3815.01254  2.45%   110   96s
 12931  3832 3848.76764   16  158 3911.00000 3818.71197  2.36%   110  101s
 14014  4071 3865.96409   28  115 3911.00000 3821.33418  2.29%   109  106s
 14835  4350 3855.21097   26  157 3911.00000 3823.19524  2.25%   110  111s
 15903  4641 3901.28345   37  154 3911.00000 3826.14567  2.17%   109  116s
 17281  4896     cutoff   20      3911.00000 3828.66438  2.11%   109  122s
 17978  5027 3868.22927   26  169 3911.00000 3829.94128  2.07%   109  125s
 19562  5346 3864.28038   26  146 3911.00000 3833.52162  1.98%   108  131s
 21201  5558     cutoff   28      3911.00000 3836.24865  1.91%   108  137s
 21833  5703     cutoff   22      3911.00000 3837.38783  1.88%   108  141s
 23830  5970 3881.40624   31  180 3911.00000 3840.49205  1.80%   108  148s
 24811  6098 3883.13373   28  119 3911.00000 3842.06599  1.76%   107  153s
 25929  6105 3908.27933   22  153 3911.00000 3844.09237  1.71%   107  156s
*26139  6075              50    3909.0000000 3844.37160  1.65%   107  156s
*26607  3696              39    3876.0000000 3844.37603  0.82%   107  156s
 26908  3120     cutoff   24      3876.00000 3846.02722  0.77%   107  160s
 28517  1773     cutoff   34      3876.00000 3853.90030  0.57%   108  167s
 30972     0     cutoff   21      3876.00000 3871.61184  0.11%   104  170s

Cutting planes:
  Gomory: 3
  Lift-and-project: 5
  Cover: 255
  Implied bound: 4
  Clique: 50
  MIR: 179
  Knapsack: 13
  StrongCG: 94
  Flow cover: 83
  GUB cover: 7
  Inf proof: 1
  Zero half: 28
  Mod-K: 1
  RLT: 94
  Relax-and-lift: 29
  BQP: 23

Explored 31506 nodes (3236952 simplex iterations) in 170.09 seconds (87.34 work units)
Thread count was 22 (of 22 available processors)

Solution count 10: 3876 3909 3911 ... 4217

Optimal solution found (tolerance 1.00e-04)
Best objective 3.876000000000e+03, best bound 3.876000000000e+03, gap 0.0000%

User-callback calls 73803, time in user-callback 0.11 sec
Set parameter LogToConsole to value 0
