
Gurobi 13.0.0 (linux64) logging started Fri Jan 16 02:42:00 2026

Set parameter LogFile to value "../experiments/network-n_50_s_2_rp_0-app_set-id_34_16_apps/submip_40_epr0_model_gurobi.log"
Set parameter TimeLimit to value 8.9698679232101131e+02
Gurobi Optimizer version 13.0.0 build v13.0.0rc1 (linux64 - "Ubuntu 24.04.3 LTS")

CPU model: Intel(R) Core(TM) Ultra 7 165H, instruction set [SSE2|AVX|AVX2]
Thread count: 22 physical cores, 22 logical processors, using up to 22 threads

Non-default parameters:
TimeLimit  8.9698679232101131e+02
LogToConsole  0

Academic license 2539022 - for non-commercial use only - registered to al___@studenti.unimi.it
Optimize a model with 24070 rows, 5200 columns and 55304 nonzeros (Min)
Model fingerprint: 0xd713161f
Model has 5200 linear objective coefficients
Model has 162 quadratic constraints
Variable types: 0 continuous, 5200 integer (5200 binary)
Coefficient statistics:
  Matrix range     [1e+00, 9e+02]
  QMatrix range    [5e+01, 2e+02]
  Objective range  [1e+01, 2e+02]
  Bounds range     [1e+00, 1e+00]
  RHS range        [1e+00, 1e+09]
  QRHS range       [1e+02, 6e+02]

MIP start from previous solve did not produce a new incumbent solution
MIP start from previous solve violates constraint fixed_app_2_microservice_4 by 1.000000000

Presolve removed 23682 rows and 4195 columns
Presolve time: 0.09s
Presolved: 8623 rows, 9082 columns, 52983 nonzeros
Variable types: 0 continuous, 9082 integer (9082 binary)

Root relaxation: objective 3.540133e+03, 1014 iterations, 0.07 seconds (0.11 work units)

    Nodes    |    Current Node    |     Objective Bounds      |     Work
 Expl Unexpl |  Obj  Depth IntInf | Incumbent    BestBd   Gap | It/Node Time

     0     0 3540.13257    0  104          - 3540.13257      -     -    0s
     0     0 3602.80632    0  156          - 3602.80632      -     -    1s
     0     0 3621.92442    0  165          - 3621.92442      -     -    1s
     0     0 3622.98541    0  157          - 3622.98541      -     -    1s
     0     0 3623.11884    0  157          - 3623.11884      -     -    1s
     0     0 3658.40852    0  142          - 3658.40852      -     -    1s
     0     0 3679.70117    0  180          - 3679.70117      -     -    1s
     0     0 3690.34291    0  152          - 3690.34291      -     -    1s
     0     0 3690.94230    0  164          - 3690.94230      -     -    1s
     0     0 3719.50419    0  171          - 3719.50419      -     -    1s
     0     0 3731.05350    0  209          - 3731.05350      -     -    2s
     0     0 3732.74070    0  204          - 3732.74070      -     -    2s
     0     0 3750.39205    0  206          - 3750.39205      -     -    2s
     0     0 3750.43992    0  204          - 3750.43992      -     -    2s
     0     0 3750.43992    0  200          - 3750.43992      -     -    2s
     0     2 3750.44195    0  197          - 3750.44195      -     -    3s
   250   277 3884.36452   13  148          - 3761.59223      -   121    5s
   766   741 3942.44249   27  138          - 3767.97639      -   105   10s
  1348  1112 3837.36759   11   85          - 3781.79107      -  97.0   15s
  1809  1520 3873.23286   13   99          - 3786.32696      -  95.2   20s
  3290  2309 3853.39497   16 4003          - 3799.54170      -  88.0   26s
  3322  2330 3904.16428   29  199          - 3799.54170      -  87.2   30s
H 3351  2231                    4115.0000000 3799.54170  7.67%  86.4   33s
H 3352  2118                    4104.0000000 3799.54170  7.42%  86.4   33s
  3368  2129 3947.82779   14  230 4104.00000 3799.54170  7.42%  86.0   35s
  3399  2153 3806.15046   13  246 4104.00000 3806.09875  7.26%  87.9   40s
  3495  2253 3857.33144   19  193 4104.00000 3819.08503  6.94%  93.3   45s
H 3552  2147                    4072.0000000 3819.08503  6.21%  96.7   47s
  3643  2235 3881.96603   22  202 4072.00000 3819.08503  6.21%   101   50s
  3928  2312 3909.61303   25  183 4072.00000 3825.33533  6.06%   108   55s
H 4021  2207                    4005.0000000 3838.12757  4.17%   110   57s
  4163  2246 3944.03145   30  147 4005.00000 3841.24616  4.09%   111   60s
  4540  2301 3894.13170   21  183 4005.00000 3856.58586  3.71%   113   66s
H 4627  2174                    3989.0000000 3857.35270  3.30%   113   66s
  5038  2216 3909.27381   18  140 3989.00000 3859.99669  3.23%   114   70s
  5422  2217     cutoff   22      3989.00000 3863.67772  3.14%   116   75s
  6073  2187 3895.09792   21  189 3989.00000 3875.82891  2.84%   118   80s
  6651  2177 3902.60102   25  180 3989.00000 3879.33527  2.75%   118   85s
  7346  2203 3899.23138   19  152 3989.00000 3885.03684  2.61%   119   90s
  8235  2097     cutoff   24      3989.00000 3893.38852  2.40%   120   96s
  8768  2055 3937.74015   26  194 3989.00000 3895.66876  2.34%   121  100s
* 9128  1854              29    3961.0000000 3895.66876  1.65%   121  102s
  9408  1885 3933.90285   25  164 3961.00000 3897.14675  1.61%   121  105s
 10547  1935 3920.18798   30  139 3961.00000 3903.27249  1.46%   122  111s
 11236  1945 3917.52466   25  169 3961.00000 3907.16649  1.36%   123  116s
 12258  1879 3948.31868   29  120 3961.00000 3912.05359  1.24%   123  121s
 13112  1810 3954.94034   30  150 3961.00000 3914.82897  1.17%   123  127s
 13752  1730     cutoff   30      3961.00000 3917.67943  1.09%   123  130s
 14770  1505 3946.19702   32  122 3961.00000 3921.67482  0.99%   122  136s
 16110   741 3957.01815   33  166 3961.00000 3928.60191  0.82%   122  142s

Cutting planes:
  Gomory: 5
  Lift-and-project: 17
  Cover: 274
  Clique: 49
  MIR: 219
  Knapsack: 11
  StrongCG: 117
  Flow cover: 183
  GUB cover: 8
  Inf proof: 1
  Zero half: 51
  RLT: 51
  Relax-and-lift: 195
  BQP: 14

Explored 17927 nodes (2118358 simplex iterations) in 144.72 seconds (75.11 work units)
Thread count was 22 (of 22 available processors)

Solution count 6: 3961 3989 4005 ... 4115

Optimal solution found (tolerance 1.00e-04)
Best objective 3.961000000000e+03, best bound 3.961000000000e+03, gap 0.0000%

User-callback calls 49199, time in user-callback 0.13 sec
Set parameter LogToConsole to value 0
