
Gurobi 13.0.0 (linux64) logging started Sat Jan  3 23:25:55 2026

Set parameter LogFile to value "../experiments/network-n_60_s_1_rp_0-app_set-id_62_25_apps/compact_model_gurobi.log"
Set parameter TimeLimit to value 900
Gurobi Optimizer version 13.0.0 build v13.0.0rc1 (linux64 - "Ubuntu 24.04.3 LTS")

CPU model: Intel(R) Core(TM) Ultra 7 165H, instruction set [SSE2|AVX|AVX2]
Thread count: 22 physical cores, 22 logical processors, using up to 22 threads

Non-default parameters:
TimeLimit  900
LogToConsole  0

Academic license 2539022 - for non-commercial use only - registered to al___@studenti.unimi.it
Optimize a model with 71455 rows, 9720 columns and 156711 nonzeros (Min)
Model fingerprint: 0xc64a9e23
Model has 9720 linear objective coefficients
Model has 206 quadratic constraints
Variable types: 0 continuous, 9720 integer (9720 binary)
Coefficient statistics:
  Matrix range     [1e+00, 9e+02]
  QMatrix range    [5e+01, 2e+02]
  Objective range  [1e+01, 2e+02]
  Bounds range     [1e+00, 1e+00]
  RHS range        [1e+00, 1e+09]
  QRHS range       [1e+02, 6e+02]
Presolve removed 68699 rows and 5662 columns
Presolve time: 0.16s
Presolved: 55138 rows, 56234 columns, 351391 nonzeros
Variable types: 0 continuous, 56234 integer (56234 binary)
Performing another presolve...
Presolve removed 3359 rows and 3395 columns
Presolve time: 0.81s
Deterministic concurrent LP optimizer: primal and dual simplex
Showing primal log only...

Concurrent spin time: 0.00s

Solved with dual simplex

Root relaxation: objective 5.797338e+03, 4297 iterations, 1.04 seconds (1.49 work units)

    Nodes    |    Current Node    |     Objective Bounds      |     Work
 Expl Unexpl |  Obj  Depth IntInf | Incumbent    BestBd   Gap | It/Node Time

     0     0 5797.33839    0  423          - 5797.33839      -     -    2s
     0     0 5797.44260    0  418          - 5797.44260      -     -    2s
     0     0 5835.96329    0  445          - 5835.96329      -     -    4s
     0     0 5939.39685    0  505          - 5939.39685      -     -    5s
     0     0 5975.63603    0  541          - 5975.63603      -     -    6s
     0     0 5992.66542    0  574          - 5992.66542      -     -    7s
     0     0 5995.27995    0  568          - 5995.27995      -     -    8s
     0     0 5996.85539    0  576          - 5996.85539      -     -    8s
     0     0 5996.90332    0  584          - 5996.90332      -     -    9s
     0     0 6065.22768    0  603          - 6065.22768      -     -   12s
     0     0 6098.29143    0  558          - 6098.29143      -     -   12s
     0     0 6145.87107    0  664          - 6145.87107      -     -   14s
     0     0 6159.03386    0  684          - 6159.03386      -     -   15s
     0     0 6164.34732    0  629          - 6164.34732      -     -   16s
     0     0 6169.80451    0  639          - 6169.80451      -     -   17s
     0     0 6170.14357    0  681          - 6170.14357      -     -   17s
     0     0 6212.36077    0  731          - 6212.36077      -     -   21s
     0     0 6230.14715    0  682          - 6230.14715      -     -   24s
     0     0 6241.10656    0  689          - 6241.10656      -     -   25s
     0     0 6246.61420    0  635          - 6246.61420      -     -   26s
     0     0 6260.51832    0  663          - 6260.51832      -     -   27s
     0     0 6268.13901    0  654          - 6268.13901      -     -   28s
     0     0 6273.37690    0  638          - 6273.37690      -     -   30s
     0     0 6276.60344    0  662          - 6276.60344      -     -   30s
     0     0 6287.01804    0  680          - 6287.01804      -     -   32s
     0     0 6287.02942    0  662          - 6287.02942      -     -   32s
     0     0 6287.02942    0  651          - 6287.02942      -     -   32s
     0     2 6287.03610    0  649          - 6287.03610      -     -   38s
     3     8 6302.57192    2  657          - 6289.40889      -   511   41s
    31    54 6306.82182    5  648          - 6292.20790      -   527   46s
   115   147 6309.41438    7  684          - 6292.66350      -   315   50s
   177   201 6315.15757    9  636          - 6292.66350      -   372   55s
   266   296 6320.59525   13  628          - 6292.66350      -   424   62s
   331   370 6326.35227   15  620          - 6292.66350      -   439   67s
   375   391 6327.42035   16  613          - 6292.66350      -   425   70s
   427   446 6330.07199   17  615          - 6292.66350      -   423   76s
   457   466 6384.96839   17  640          - 6292.66350      -   431   80s
   507   524 6331.56662   19  591          - 6292.66350      -   428   85s
   559   568 6335.31416   20  633          - 6292.66350      -   428   91s
   603   612 6336.38684   22  632          - 6292.66350      -   428   96s
   648   658 6337.74782   24  603          - 6292.66350      -   442  103s
   671   683 6341.13600   25  646          - 6292.66350      -   445  107s
   696   707 6345.05435   26  637          - 6292.66350      -   446  112s
   721   734 6345.24578   27  657          - 6292.66350      -   441  118s
   748   757 6347.50750   28  661          - 6292.66350      -   436  123s
   771   782 6350.32875   28  583          - 6292.66350      -   434  128s
   796   804 6347.60241   29  611          - 6292.66350      -   434  133s
   818   827 6347.62655   30  665          - 6292.66350      -   429  138s
   841   850 6347.85037   31  632          - 6292.66350      -   428  142s
   864   872 6354.68735   32  614          - 6292.66350      -   430  148s
   886   895 6353.92686   32  669          - 6292.66350      -   433  153s
   909   917 6355.58964   33  634          - 6292.66350      -   435  158s
   931   941 6357.56355   34  650          - 6292.66350      -   442  164s
   955   969 6366.42072   35  638          - 6292.66350      -   444  169s
   983   992 6366.83136   36  634          - 6292.66350      -   444  175s
  1006  1017 6367.53045   37  624          - 6292.66350      -   445  180s
  1066  1097 6373.13331   40  659          - 6292.66350      -   448  189s
  1111  1162 6375.83219   46  661          - 6292.66350      -   444  193s
  1177  1218 6396.58211   52  615          - 6292.66350      -   437  198s
  1233  1293 6382.67788   54  663          - 6292.66350      -   434  203s
  1308  1380 6389.36945   58  645          - 6292.66350      -   429  209s
  1395  1463 6391.64304   61  619          - 6292.66350      -   423  215s
  1478  1516 6484.38363   64  573          - 6292.66350      -   422  221s
  1531  1594 6398.11520   65  598          - 6292.66350      -   422  227s
  1611  1674 6398.47626   66  616          - 6292.66350      -   417  233s
  1692  1777 6400.72308   67  605          - 6292.66350      -   411  238s
  1795  1884 6400.84771   68  597          - 6292.66350      -   404  245s
  1904  2003 6401.09607   69  596          - 6292.66350      -   396  251s
  2025  2170 6401.78009   70  602          - 6292.66350      -   392  259s
  2196  2368 6402.88790   71  584          - 6292.66350      -   384  267s
  2403  2536 6410.37782   73  613          - 6292.66350      -   372  274s
  2575  2682 6428.90369   77  553          - 6292.66350      -   368  281s
  2723  2859 6427.67594   80  606          - 6292.66350      -   371  289s
  2907  3006 6434.49909   83  596          - 6292.66350      -   371  297s
  3068  3197 6445.47394   86  595          - 6292.66350      -   373  306s
  3262  3432 6597.37668   97  532          - 6292.66350      -   374  316s
  3505  3641 6515.17980   99  516          - 6292.66350      -   370  325s
  3723  3931 6538.15548  105  516          - 6292.66350      -   371  334s
  4032  4167 6557.70978  119  518          - 6292.66350      -   364  343s
  4295  4479 6570.55449  127  533          - 6292.66350      -   363  352s
  4657  4707 6608.59686  137  495          - 6292.66350      -   353  363s
  4933  4729 6660.79137  151  428          - 6295.63612      -   352  379s
  4955  4751 6688.58758  152  436          - 6295.63612      -   353  393s
  4995  4796 6730.42144  153  438          - 6295.63612      -   352  408s
  5040  4865 6689.32019  153  436          - 6295.63612      -   352  423s
  5111  4955 6690.00861  154  425          - 6295.63612      -   352  435s
  5207  5041 6769.52755  154  415          - 6295.63612      -   350  450s
  5306  5124 6698.72219  155  434          - 6295.63612      -   349  465s
  5418  5171 6694.70433  155  462          - 6295.63612      -   348  482s
  5493  5251 6709.66242  156  434          - 6295.63612      -   349  498s
  5576  5298 6713.29897  157  404          - 6295.63612      -   349  514s
  5627  5389 6713.82500  158  405          - 6295.63612      -   351  539s
  5725  5450 6714.44686  159  403          - 6295.63612      -   351  575s
  5798  5542 6714.79953  160  404          - 6295.63612      -   351  606s
  5908  5639 6744.83620  161  387          - 6295.63612      -   349  633s
  6006  5701 6730.63742  161  390          - 6295.63612      -   349  668s
  6068  5787 6730.92667  162  396          - 6295.63612      -   349  688s
  6154  5839 6731.17700  163  394          - 6295.63612      -   349  726s
  6214  5948 6731.33857  164  394          - 6295.63612      -   349  754s
  6327  6033 6734.60176  165  397          - 6295.63612      -   348  800s
  6415  6184 6754.30437  166  400          - 6295.63612      -   347  827s
  6575  6304 6777.04535  166  382          - 6295.63612      -   344  856s
  6746  6470 6877.16288  170  371          - 6295.63612      -   343  891s
  6981  6552 6364.73581   21  537          - 6301.45834      -   343  900s

Cutting planes:
  Gomory: 10
  Lift-and-project: 3
  Cover: 96
  Implied bound: 1
  Clique: 73
  MIR: 53
  Knapsack: 20
  StrongCG: 37
  GUB cover: 3
  Zero half: 40
  RLT: 297
  Relax-and-lift: 130
  BQP: 221

Explored 7072 nodes (2460042 simplex iterations) in 900.05 seconds (1011.12 work units)
Thread count was 22 (of 22 available processors)

Solution count 0

Time limit reached
Best objective -, best bound 6.302000000000e+03, gap -

User-callback calls 264438, time in user-callback 1.00 sec
