FIXINGS_START
(0, 0, 0)
(0, 6, 0)
(2, 0, 0)
(3, 0, 0)
(3, 8, 0)
(4, 0, 0)
(5, 0, 0)
(5, 6, 0)
(6, 0, 0)
(6, 6, 0)
(7, 0, 0)
(8, 0, 0)
(9, 0, 0)
(9, 8, 0)
(10, 0, 0)
(11, 0, 0)
(11, 7, 0)
(12, 0, 0)
(13, 0, 0)
(13, 6, 0)
(15, 0, 0)
(15, 4, 0)
(16, 0, 0)
(16, 4, 0)
(17, 9, 0)
(18, 0, 0)
(19, 0, 0)
(21, 0, 0)
(21, 1, 0)
(22, 0, 0)
(22, 8, 0)
(23, 0, 0)
(24, 0, 0)
(24, 4, 0)
(5, 4, 0)
(16, 2, 0)
(5, 5, 0)
(14, 0, 0)
(5, 7, 0)
(16, 8, 0)
(14, 4, 0)
(20, 0, 0)
(8, 1, 0)
(8, 3, 0)
(8, 4, 0)
(20, 1, 0)
(20, 2, 0)
(20, 4, 0)
(14, 6, 0)
(14, 7, 0)
(15, 6, 0)
(22, 3, 0)
(18, 1, 0)
(22, 6, 0)
(7, 2, 0)
(6, 2, 0)
(4, 1, 30)
(0, 4, 0)
(1, 0, 0)
(18, 2, 0)
(6, 3, 0)
(18, 3, 0)
(4, 2, 0)
(23, 1, 0)
(13, 3, 0)
(11, 3, 0)
(23, 3, 34)
(3, 4, 0)
(23, 5, 0)
(0, 5, 0)
(6, 4, 0)
(10, 3, 0)
(11, 4, 0)
(13, 8, 0)
(24, 1, 0)
(1, 1, 0)
(17, 7, 0)
(24, 3, 0)
(10, 4, 0)
(24, 6, 0)
(2, 4, 0)
(21, 2, 0)
(6, 5, 13)
(6, 7, 0)
(24, 7, 0)
(1, 2, 0)
FIXINGS_END
time 788.186
GUROBI
Status TIME_LIMIT
Runtime 788.1854729652405
NodeCount 11682.0
IterCount 5766019.0
NumVars 9720
NumConstrs 71541
ObjBound 6860.0
ObjBoundC 6859.732684747721
ObjVal inf
MIPGap inf
