
Gurobi 13.0.0 (linux64) logging started Sun Jan 18 06:18:20 2026

Set parameter LogFile to value "../experiments/network-n_60_s_1_rp_0-app_set-id_62_25_apps/submip_40_epr1_model_gurobi.log"
Set parameter TimeLimit to value 7.8813099122499989e+02
Gurobi Optimizer version 13.0.0 build v13.0.0rc1 (linux64 - "Ubuntu 24.04.3 LTS")

CPU model: Intel(R) Core(TM) Ultra 7 165H, instruction set [SSE2|AVX|AVX2]
Thread count: 22 physical cores, 22 logical processors, using up to 22 threads

Non-default parameters:
TimeLimit  7.8813099122499989e+02
LogToConsole  0

Academic license 2539022 - for non-commercial use only - registered to al___@studenti.unimi.it
Optimize a model with 71541 rows, 9720 columns and 156797 nonzeros (Min)
Model fingerprint: 0x91bec517
Model has 9720 linear objective coefficients
Model has 206 quadratic constraints
Variable types: 0 continuous, 9720 integer (9720 binary)
Coefficient statistics:
  Matrix range     [1e+00, 9e+02]
  QMatrix range    [5e+01, 2e+02]
  Objective range  [1e+01, 2e+02]
  Bounds range     [1e+00, 1e+00]
  RHS range        [1e+00, 1e+09]
  QRHS range       [1e+02, 6e+02]
Presolve removed 70452 rows and 7871 columns
Presolve time: 0.07s
Presolved: 14602 rows, 15163 columns, 91346 nonzeros
Variable types: 0 continuous, 15163 integer (15163 binary)
Performing another presolve...
Presolve removed 1965 rows and 2162 columns
Presolve time: 0.32s

Root relaxation: objective 5.875639e+03, 3016 iterations, 0.27 seconds (0.40 work units)

    Nodes    |    Current Node    |     Objective Bounds      |     Work
 Expl Unexpl |  Obj  Depth IntInf | Incumbent    BestBd   Gap | It/Node Time

     0     0 5875.63925    0  249          - 5875.63925      -     -    0s
     0     0 5875.64162    0  249          - 5875.64162      -     -    0s
     0     0 6142.86656    0  272          - 6142.86656      -     -    2s
     0     0 6143.85328    0  274          - 6143.85328      -     -    2s
     0     0 6196.42201    0  344          - 6196.42201      -     -    2s
     0     0 6202.20623    0  336          - 6202.20623      -     -    3s
     0     0 6202.52787    0  347          - 6202.52787      -     -    3s
     0     0 6275.96687    0  343          - 6275.96687      -     -    4s
     0     0 6339.04865    0  396          - 6339.04865      -     -    5s
     0     0 6371.71634    0  436          - 6371.71634      -     -    5s
     0     0 6376.30415    0  446          - 6376.30415      -     -    6s
     0     0 6426.38915    0  472          - 6426.38915      -     -    7s
     0     0 6426.43664    0  458          - 6426.43664      -     -    7s
     0     0 6426.43664    0  448          - 6426.43664      -     -    8s
     0     2 6426.45991    0  434          - 6426.45991      -     -    9s
     3     8 6445.67213    2  396          - 6429.24084      -   404   10s
   168   204 6478.50371   10  377          - 6444.97331      -   326   15s
   376   373 6512.82438   17  353          - 6444.97331      -   296   21s
   450   448 6520.93651   19  330          - 6444.97331      -   299   25s
   595   596 6541.01515   22  312          - 6444.97331      -   294   30s
   787   793 6567.55269   28  321          - 6444.97331      -   286   35s
   929   916 6589.99237   31  319          - 6444.97331      -   281   40s
  1060  1034 6611.83701   34  322          - 6444.97331      -   277   45s
  1151  1118 6636.11886   38  309          - 6444.97331      -   275   51s
  1218  1184 6648.90932   40  298          - 6444.97331      -   275   55s
  1287  1255 6651.31790   42  303          - 6444.97331      -   272   60s
  1381  1382 6727.88593   44  280          - 6444.97331      -   272   66s
  1600  1688 6724.32815   52  275          - 6444.97331      -   265   70s
  2163  2163 6825.27621   69  272          - 6444.97331      -   247   76s
  2568  2417 infeasible   85               - 6446.91190      -   241   80s
  2957  2762 6529.43044   13  312          - 6446.91190      -   240   85s
  3361  3051 6604.75158   21  268          - 6446.91190      -   243   90s
  3819  3440 6598.33636   22  273          - 6449.21520      -   244   95s
  4374  3702 6625.94082   38 5905          - 6452.38354      -   241  102s
  4376  3703 6735.27020   60  289          - 6452.38354      -   240  105s
  4379  3705 6545.67644   22  470          - 6485.01049      -   240  110s
  4387  3711 6658.91970   53  509          - 6589.92521      -   240  115s
  4397  3717 6638.07432   33  534          - 6638.07432      -   239  120s
  4413  3728 6686.41686   30  565          - 6686.41686      -   238  125s
  4431  3740 6705.09225   42  574          - 6705.09225      -   237  130s
  4449  3752 6717.51527   16  584          - 6717.51527      -   237  135s
  4472  3767 6804.15475   45  643          - 6723.71156      -   235  140s
  4494  3782 6787.93488   16  617          - 6727.80365      -   234  145s
  4514  3795 6743.99137   14  661          - 6737.32936      -   233  150s
  4536  3810 6748.08876   51  672          - 6748.08876      -   232  155s
  4555  3823 6750.67241   28  656          - 6750.67241      -   231  160s
  4568  3831 6913.50510   85  701          - 6753.01730      -   230  165s
  4593  3848 6755.91883   31  708          - 6755.91883      -   229  170s
  4602  3854 6756.33804   32  705          - 6756.33804      -   229  177s
  4608  3858 6756.41659   33  707          - 6756.41659      -   228  180s
  4615  3864 6920.74357  101  373          - 6756.41659      -   241  186s
  4617  3865 6828.45686   84  501          - 6756.41659      -   241  191s
  4619  3867 6759.61827   13  625          - 6759.61827      -   241  195s
  4636  3878 6764.31219   51  655          - 6764.31219      -   240  200s
  4659  3893 6767.12442   57  678          - 6767.12442      -   239  205s
  4677  3905 6767.12442   14  696          - 6767.12442      -   238  210s
  4692  3915 6767.12442   28  678          - 6767.12442      -   237  215s
  4713  3929 6767.12442   30  675          - 6767.12442      -   236  220s
  4729  3940 6905.22333   17  631          - 6770.68295      -   235  225s
  4754  3957 6772.15390   52  649          - 6772.15390      -   234  230s
  4774  3970 6773.10886   38  682          - 6773.10886      -   233  235s
  4798  3986 6776.38963   44  657          - 6776.38963      -   232  240s
  4804  3990 6853.62711   70  651          - 6776.49037      -   232  248s
  4808  3993 6776.66929   33  661          - 6776.66929      -   231  250s
  4833  4009 6778.25998   39  652          - 6778.25998      -   230  255s
  4850  4021 6779.63876   48  652          - 6779.63876      -   229  260s
  4852  4025 6793.68156   27  560          - 6779.64250      -   239  266s
  4858  4035 6801.31490   29  542          - 6785.03365      -   240  271s
  4866  4048 6801.68770   30  534          - 6791.12236      -   242  275s
  4904  4094 6820.28292   32  540          - 6802.88295      -   249  284s
  4940  4108 6832.19881   33  502          - 6802.88295      -   251  290s
  4966  4127 6831.63251   33  505          - 6802.88295      -   255  295s
  4996  4139 6869.42749   34  436          - 6802.88295      -   258  300s
  5022  4151 6938.10882   34  432          - 6802.88295      -   263  305s
  5071  4173 6986.78127   35  427          - 6802.88295      -   273  315s
  5095  4191 6902.83696   36  399          - 6802.88295      -   278  320s
  5129  4201 7027.02779   37  406          - 6802.88295      -   281  325s
  5193  4230 6942.24782   39  408          - 6802.88295      -   290  334s
  5235  4255 6985.25420   41  388          - 6802.88295      -   295  339s
  5276  4282 6986.80939   42  393          - 6802.88295      -   299  344s
  5318  4310 7028.63120   43  357          - 6802.88295      -   303  348s
  5360  4341 7039.64145   45  380          - 6802.88295      -   307  352s
  5409  4376 7039.78935   46  372          - 6802.88295      -   311  356s
  5461  4417 7036.41611   48  392          - 6802.88295      -   315  360s
  5519  4452 7047.85282   50  394          - 6802.88295      -   318  365s
  5581  4484 7098.14602   51  332          - 6802.88295      -   323  370s
  5638  4520 7145.19946   53  307          - 6805.96525      -   326  375s
  5746  4569 7185.85399   57  297          - 6805.96525      -   336  384s
  5798  4599 7201.26455   59  291          - 6805.96525      -   342  389s
  5853  4628 7273.84144   61  284          - 6805.96525      -   346  394s
  5929  4617 7315.20373   64  249          - 6805.96525      -   350  401s
  5959  4620 infeasible   64               - 6805.96525      -   354  406s
  5992  4631 7338.03863   65  220          - 6805.96525      -   356  411s
  6030  4649 infeasible   67               - 6805.96525      -   359  417s
  6071  4671 7130.68056   33  415          - 6805.96525      -   361  423s
  6116  4689 7192.09896   38  337          - 6805.96525      -   364  429s
  6161  4708 7282.42865   40  286          - 6805.96525      -   367  436s
  6227  4708 7269.18392   39  350          - 6805.96525      -   372  442s
  6253  4727 7530.72992   36  296          - 6805.96525      -   373  448s
  6301  4729 infeasible   41               - 6805.96525      -   375  455s
  6365  4742 7318.13283   40  336          - 6805.96525      -   379  463s
  6435  4758 7297.51715   40  325          - 6805.96525      -   383  470s
  6519  4782 infeasible   41               - 6805.96525      -   388  479s
  6595  4820 7346.15009   38  321          - 6818.44960      -   393  487s
  6692  4888 7337.33459   41  329          - 6831.58881      -   400  496s
  6815  4917 7368.39997   44  331          - 6831.58881      -   405  505s
  6955  4952 7472.85751   43  294          - 6831.58881      -   412  515s
  7105  4986 infeasible   49               - 6831.58881      -   418  524s
  7269  5057 7712.48635   51  239          - 6831.58881      -   424  534s
  7434  5140 6896.89889   34  394          - 6833.93395      -   428  545s
  7602  5214 7140.10867   38  339          - 6833.93395      -   435  556s
  7784  5282 7002.21820   40  340          - 6833.93395      -   441  567s
  7992  5342 7068.33788   44  343          - 6853.82802      -   446  578s
  8220  5425 7170.72226   50  347          - 6858.31109      -   450  590s
  8437  5370 7211.75566   60  309          - 6858.31109      -   453  601s
  8464  5380 7219.89333   61  311          - 6859.73268      -   453  612s
  8489  5410 7227.81761   62  291          - 6859.73268      -   454  624s
  8541  5511 7228.73405   63  280          - 6859.73268      -   455  637s
  8698  5589 7234.37634   64  291          - 6859.73268      -   456  650s
  8899  5718 7541.46319   66  277          - 6859.73268      -   459  664s
  9152  5775 7382.31277   71  250          - 6859.73268      -   462  677s
  9422  5914 7202.46827   39  368          - 6859.73268      -   466  691s
  9707  6005 7323.05131   43  353          - 6859.73268      -   470  706s
 10018  5959 infeasible   51               - 6859.73268      -   475  721s
 10146  6079 7470.22240   54  280          - 6859.73268      -   476  736s
 10404  6222 7063.52790   44  315          - 6859.73268      -   479  752s
 10778  6370 7216.38802   47  302          - 6859.73268      -   483  768s
 11160  6537 infeasible   54               - 6859.73268      -   488  786s

Cutting planes:
  Gomory: 5
  Lift-and-project: 1
  Cover: 135
  Implied bound: 10
  Clique: 91
  MIR: 205
  Knapsack: 12
  StrongCG: 78
  Flow cover: 231
  GUB cover: 13
  Zero half: 53
  RLT: 60
  Relax-and-lift: 102
  BQP: 8

Explored 11682 nodes (5766019 simplex iterations) in 788.18 seconds (669.36 work units)
Thread count was 22 (of 22 available processors)

Solution count 0

Time limit reached
Best objective -, best bound 6.860000000000e+03, gap -

User-callback calls 159308, time in user-callback 1.03 sec
