
Gurobi 13.0.0 (linux64) logging started Sun Jan 18 06:54:48 2026

Set parameter LogFile to value "../experiments/network-n_60_s_2_rp_0-app_set-id_36_17_apps/submip_30_epr0_model_gurobi.log"
Set parameter TimeLimit to value 8.9473687544499990e+02
Gurobi Optimizer version 13.0.0 build v13.0.0rc1 (linux64 - "Ubuntu 24.04.3 LTS")

CPU model: Intel(R) Core(TM) Ultra 7 165H, instruction set [SSE2|AVX|AVX2]
Thread count: 22 physical cores, 22 logical processors, using up to 22 threads

Non-default parameters:
TimeLimit  8.9473687544499990e+02
LogToConsole  0

Academic license 2539022 - for non-commercial use only - registered to al___@studenti.unimi.it
Optimize a model with 35557 rows, 6600 columns and 80435 nonzeros (Min)
Model fingerprint: 0x5c64734a
Model has 6600 linear objective coefficients
Model has 190 quadratic constraints
Variable types: 0 continuous, 6600 integer (6600 binary)
Coefficient statistics:
  Matrix range     [1e+00, 9e+02]
  QMatrix range    [5e+01, 2e+02]
  Objective range  [1e+01, 2e+02]
  Bounds range     [1e+00, 1e+00]
  RHS range        [1e+00, 1e+09]
  QRHS range       [1e+02, 6e+02]
Presolve removed 34843 rows and 4750 columns
Presolve time: 0.16s
Presolved: 15876 rows, 16833 columns, 102515 nonzeros
Variable types: 0 continuous, 16833 integer (16833 binary)

Root relaxation: objective 3.725307e+03, 1145 iterations, 0.14 seconds (0.18 work units)

    Nodes    |    Current Node    |     Objective Bounds      |     Work
 Expl Unexpl |  Obj  Depth IntInf | Incumbent    BestBd   Gap | It/Node Time

     0     0 3725.30692    0  163          - 3725.30692      -     -    0s
H    0     0                    5137.0000000 3725.30692  27.5%     -    0s
H    0     0                    5065.0000000 3725.30692  26.5%     -    1s
H    0     0                    4342.0000000 3725.30692  14.2%     -    1s
H    0     0                    4331.0000000 3725.30692  14.0%     -    1s
     0     0 3767.67662    0  175 4331.00000 3767.67662  13.0%     -    2s
H    0     0                    4330.0000000 3777.86259  12.8%     -    2s
     0     0 3777.86259    0  164 4330.00000 3777.86259  12.8%     -    2s
     0     0 3778.06018    0  172 4330.00000 3778.06018  12.7%     -    2s
H    0     0                    4079.0000000 3778.06018  7.38%     -    2s
H    0     0                    4077.0000000 3786.66043  7.12%     -    2s
     0     0 3787.55640    0  169 4077.00000 3787.55640  7.10%     -    2s
     0     0 3791.47408    0  204 4077.00000 3791.47408  7.00%     -    2s
     0     0 3794.66719    0  225 4077.00000 3794.66719  6.93%     -    3s
H    0     0                    4068.0000000 3795.09572  6.71%     -    3s
     0     0 3795.09572    0  216 4068.00000 3795.09572  6.71%     -    3s
H    0     0                    4067.0000000 3795.09572  6.69%     -    3s
     0     0 3799.13429    0  176 4067.00000 3799.13429  6.59%     -    3s
     0     0 3799.18553    0  174 4067.00000 3799.18553  6.59%     -    3s
     0     0 3799.18553    0  167 4067.00000 3799.18553  6.59%     -    3s
H    0     0                    3949.0000000 3799.18553  3.79%     -    3s
H    0     0                    3940.0000000 3799.18553  3.57%     -    3s
H    0     0                    3917.0000000 3799.18553  3.01%     -    3s
     0     2 3799.18553    0  167 3917.00000 3799.18553  3.01%     -    3s
    25    46 3805.45612    5  203 3917.00000 3803.84725  2.89%   328    5s
H   54    90                    3896.0000000 3805.50503  2.32%   306    6s
H   91   137                    3881.0000000 3805.50503  1.95%   250    7s
H  207   187                    3876.0000000 3805.50503  1.82%   191    8s
H  214   187                    3868.0000000 3805.50503  1.62%   189    8s
   399   342 3815.25524   14  211 3868.00000 3806.23058  1.60%   152   10s
H  422   373                    3864.0000000 3806.23058  1.50%   150   10s
H  688   568                    3859.0000000 3808.35121  1.31%   138   12s
  1060   882 3835.70907   27  166 3859.00000 3809.66291  1.28%   121   15s
H 1353  1111                    3856.0000000 3810.63629  1.18%   117   18s
  1727  1357 3829.74846   18  153 3856.00000 3810.83893  1.17%   107   20s
  2376  1676 3848.84523   40  100 3856.00000 3811.55134  1.15%   103   25s
  2924  2039 3835.18634   20  105 3856.00000 3812.74688  1.12%   100   30s
  3417  2251 3847.12607   15 3610 3856.00000 3813.11127  1.11%  98.8   35s
  3458  2278 3842.21153   25  212 3856.00000 3813.11127  1.11%  97.7   40s
  3496  2307 3813.11127   10  189 3856.00000 3813.11127  1.11%  99.4   45s
  3595  2395 3814.31671   16  197 3856.00000 3813.11127  1.11%   104   51s
  3701  2438 3824.26597   17  137 3856.00000 3813.11127  1.11%   107   55s
  3934  2525 3826.49366   20  128 3856.00000 3815.63876  1.05%   108   60s
H 4264  2496                    3853.0000000 3815.84578  0.96%   108   64s
  4300  2523 3840.26190   26  135 3853.00000 3815.84578  0.96%   108   65s
  4995  2596 3847.55321   40   92 3853.00000 3820.33079  0.85%   108   70s
H 5040  2489                    3851.0000000 3820.33079  0.80%   108   71s
  5367  2588 3840.48251   21  148 3851.00000 3821.24316  0.77%   107   75s
  6115  2705 3846.36706   39  131 3851.00000 3825.30817  0.67%   106   81s
  6592  2722 3844.32293   26   80 3851.00000 3825.92168  0.65%   105   85s
  7282  2888 3841.13604   26  106 3851.00000 3827.33560  0.61%   104   91s
  8117  2940     cutoff   30      3851.00000 3828.49539  0.58%   103   96s
  9042  2855 3847.04290   21  136 3851.00000 3831.29085  0.51%   103  101s
  9271  2998 3840.90930   23  161 3851.00000 3831.58277  0.50%   103  106s
 10001  3089 3846.64792   22  167 3851.00000 3832.28879  0.49%   102  111s
 10773  3402 3849.29123   25  131 3851.00000 3833.39615  0.46%   102  115s
 11407  3578     cutoff   26      3851.00000 3834.01274  0.44%   102  120s
 12449  3947 3847.88362   26  158 3851.00000 3834.69306  0.42%   101  125s
 13568  4168 3843.81699   30  129 3851.00000 3835.58542  0.40%   100  130s
 14567  4536 3848.25599   37  101 3851.00000 3836.10921  0.39%  98.5  136s
 16004  4835     cutoff   24      3851.00000 3836.77129  0.37%  97.1  142s
 16667  5158 3844.56615   24  124 3851.00000 3836.97175  0.36%  96.5  145s
H16701  4830                    3849.0000000 3836.97175  0.31%  96.5  145s
*17889  4461              44    3848.0000000 3837.47084  0.27%  95.1  148s
 18326  4509 3842.92998   27  144 3848.00000 3837.81173  0.26%  94.9  152s
 19246  4558     cutoff   35      3848.00000 3838.33750  0.25%  94.3  155s
 21056  4587     cutoff   34      3848.00000 3839.23402  0.23%  93.4  162s
 21479  4614 3844.31307   31  100 3848.00000 3839.40960  0.22%  93.3  166s
 23259  4566     cutoff   32      3848.00000 3840.00066  0.21%  92.1  173s
 24506  4445 3844.98362   29  140 3848.00000 3840.72020  0.19%  91.4  177s
 25744  4283 3845.28242   26  137 3848.00000 3841.21617  0.18%  90.7  181s
 26994  3975 3846.58531   30  114 3848.00000 3841.73724  0.16%  89.9  186s
 28465  3669     cutoff   22      3848.00000 3842.33897  0.15%  88.8  190s
 31337  2010 3846.59868   25   74 3848.00000 3843.41350  0.12%  87.2  198s
 33012   775     cutoff   34      3848.00000 3844.40393  0.09%  86.1  202s

Cutting planes:
  Gomory: 11
  Lift-and-project: 2
  Cover: 273
  Clique: 38
  MIR: 139
  Knapsack: 7
  StrongCG: 99
  Flow cover: 67
  GUB cover: 19
  Inf proof: 1
  Zero half: 51
  Mod-K: 1
  RLT: 111
  Relax-and-lift: 43
  BQP: 65

Explored 35250 nodes (2932097 simplex iterations) in 203.59 seconds (112.89 work units)
Thread count was 22 (of 22 available processors)

Solution count 10: 3848 3849 3851 ... 3881

Optimal solution found (tolerance 1.00e-04)
Best objective 3.848000000000e+03, best bound 3.848000000000e+03, gap 0.0000%

User-callback calls 87467, time in user-callback 0.18 sec
Set parameter LogToConsole to value 0
