FIXINGS_START
(0, 0, 0)
(0, 6, 0)
(1, 0, 0)
(2, 0, 0)
(2, 8, 0)
(3, 3, 0)
(4, 0, 0)
(5, 0, 0)
(5, 6, 0)
(7, 0, 0)
(8, 0, 0)
(9, 0, 0)
(10, 0, 0)
(10, 6, 0)
(11, 0, 0)
(11, 9, 0)
(12, 0, 0)
(12, 4, 0)
(13, 0, 0)
(13, 4, 0)
(14, 0, 0)
(15, 3, 0)
(16, 0, 0)
(16, 6, 0)
(2, 1, 0)
(10, 1, 0)
(10, 3, 0)
(10, 8, 0)
(10, 9, 0)
(2, 2, 22)
(8, 1, 28)
(1, 1, 0)
(14, 3, 0)
(6, 0, 0)
(12, 1, 0)
(7, 1, 28)
(13, 2, 0)
(2, 4, 6)
(5, 2, 6)
(15, 0, 33)
(5, 3, 0)
(12, 3, 0)
(1, 2, 0)
(0, 3, 6)
(0, 7, 0)
(7, 2, 0)
(3, 0, 0)
(16, 2, 0)
(12, 6, 0)
(15, 2, 0)
(5, 5, 0)
(9, 2, 0)
(6, 1, 0)
(6, 2, 34)
(7, 4, 0)
(7, 5, 28)
(2, 5, 8)
(1, 4, 0)
(16, 3, 0)
FIXINGS_END
found_sol 4831.0 time 0.909
found_sol 4689.0 time 0.939
found_sol 4438.0 time 0.989
found_sol 4437.0 time 0.996
found_sol 4372.0 time 1.002
found_sol 4353.0 time 1.011
found_sol 4298.0 time 1.408
found_sol 4289.0 time 1.409
found_sol 4271.0 time 1.901
found_sol 4044.0 time 2.027
found_sol 3968.0 time 3.482
found_sol 3967.0 time 3.488
found_sol 3898.0 time 3.489
found_sol 3897.0 time 3.491
found_sol 3891.0 time 5.586
found_sol 3875.0 time 6.091
found_sol 3872.0 time 7.066
found_sol 3870.0 time 8.118
found_sol 3864.0 time 9.767
found_sol 3863.0 time 10.042
found_sol 3859.0 time 10.645
found_sol 3858.0 time 11.021
found_sol 3851.0 time 25.102
found_sol 3847.0 time 27.284
found_sol 3847.0 time 32.132
found_sol 3851.0 time 32.133
found_sol 3858.0 time 32.134
found_sol 3845.0 time 44.426
time 143.533
GUROBI
Status OPTIMAL
Runtime 143.53249192237854
NodeCount 29409.0
IterCount 2371821.0
NumVars 6600
NumConstrs 35566
ObjBound 3845.0
ObjBoundC 3845.0
ObjVal 3845.0
MIPGap 0.0
