FIXINGS_START
(0, 0, 0)
(0, 6, 0)
(1, 0, 0)
(2, 0, 0)
(2, 8, 0)
(3, 3, 0)
(4, 0, 0)
(5, 0, 0)
(5, 6, 0)
(7, 0, 0)
(8, 0, 0)
(9, 0, 0)
(10, 0, 0)
(10, 6, 0)
(11, 0, 0)
(11, 9, 0)
(12, 0, 0)
(12, 4, 0)
(13, 0, 0)
(13, 4, 0)
(14, 0, 0)
(15, 3, 0)
(16, 0, 0)
(16, 6, 0)
(2, 1, 0)
(10, 1, 0)
(10, 3, 0)
(10, 8, 0)
(10, 9, 0)
(2, 2, 22)
(8, 1, 28)
(1, 1, 0)
(14, 3, 0)
(6, 0, 0)
(12, 1, 0)
(7, 1, 28)
(13, 2, 0)
(2, 4, 6)
(5, 2, 6)
(15, 0, 33)
(5, 3, 0)
(12, 3, 0)
(1, 2, 0)
(0, 3, 6)
(0, 7, 0)
(7, 2, 0)
(3, 0, 0)
(16, 2, 0)
(12, 6, 0)
(15, 2, 0)
FIXINGS_END
found_sol 4490.0 time 1.064
found_sol 4318.0 time 1.096
found_sol 4288.0 time 1.131
found_sol 4252.0 time 1.135
found_sol 4155.0 time 1.875
found_sol 4146.0 time 1.876
found_sol 4069.0 time 1.977
found_sol 4054.0 time 2.097
found_sol 4043.0 time 2.198
found_sol 4042.0 time 2.200
found_sol 4018.0 time 4.002
found_sol 4005.0 time 4.005
found_sol 4004.0 time 4.008
found_sol 3976.0 time 4.773
found_sol 3917.0 time 5.052
found_sol 3894.0 time 7.030
found_sol 3872.0 time 7.034
found_sol 3871.0 time 7.861
found_sol 3870.0 time 7.864
found_sol 3865.0 time 7.866
found_sol 3863.0 time 7.868
found_sol 3861.0 time 7.871
found_sol 3848.0 time 9.006
found_sol 3843.0 time 9.010
found_sol 3836.0 time 11.137
found_sol 3835.0 time 14.442
found_sol 3835.0 time 39.242
found_sol 3836.0 time 39.244
found_sol 3843.0 time 39.245
time 108.096
GUROBI
Status OPTIMAL
Runtime 108.09597301483154
NodeCount 13296.0
IterCount 1098793.0
NumVars 6600
NumConstrs 35557
ObjBound 3835.0
ObjBoundC 3835.0
ObjVal 3835.0
MIPGap 0.0
