
Gurobi 13.0.0 (linux64) logging started Sun Jan  4 07:29:56 2026

Set parameter LogFile to value "../experiments/network-n_60_s_2_rp_0-app_set-id_59_24_apps/compact_model_gurobi.log"
Set parameter TimeLimit to value 900
Gurobi Optimizer version 13.0.0 build v13.0.0rc1 (linux64 - "Ubuntu 24.04.3 LTS")

CPU model: Intel(R) Core(TM) Ultra 7 165H, instruction set [SSE2|AVX|AVX2]
Thread count: 22 physical cores, 22 logical processors, using up to 22 threads

Non-default parameters:
TimeLimit  900
LogToConsole  0

Academic license 2539022 - for non-commercial use only - registered to al___@studenti.unimi.it
Optimize a model with 59046 rows, 9360 columns and 131375 nonzeros (Min)
Model fingerprint: 0x11ee5411
Model has 9360 linear objective coefficients
Model has 190 quadratic constraints
Variable types: 0 continuous, 9360 integer (9360 binary)
Coefficient statistics:
  Matrix range     [1e+00, 9e+02]
  QMatrix range    [5e+01, 2e+02]
  Objective range  [1e+01, 2e+02]
  Bounds range     [1e+00, 1e+00]
  RHS range        [1e+00, 1e+09]
  QRHS range       [1e+02, 6e+02]
Presolve removed 56786 rows and 5346 columns
Presolve time: 0.68s
Presolved: 60732 rows, 62245 columns, 389089 nonzeros
Variable types: 0 continuous, 62245 integer (62245 binary)
Deterministic concurrent LP optimizer: primal and dual simplex
Showing primal log only...

Concurrent spin time: 0.15s (can be avoided by choosing Method=3)

Solved with dual simplex

Root relaxation: objective 5.468587e+03, 4114 iterations, 0.88 seconds (1.44 work units)

    Nodes    |    Current Node    |     Objective Bounds      |     Work
 Expl Unexpl |  Obj  Depth IntInf | Incumbent    BestBd   Gap | It/Node Time

     0     0 5468.58659    0  458          - 5468.58659      -     -    3s
     0     0 5468.67240    0  376          - 5468.67240      -     -    3s
     0     0 5528.60868    0  534          - 5528.60868      -     -    5s
     0     0 5558.76312    0  607          - 5558.76312      -     -    7s
     0     0 5559.42940    0  591          - 5559.42940      -     -    8s
     0     0 5559.50770    0  606          - 5559.50770      -     -    8s
     0     0 5577.79072    0  633          - 5577.79072      -     -   10s
     0     0 5595.90822    0  598          - 5595.90822      -     -   12s
     0     0 5595.91184    0  596          - 5595.91184      -     -   12s
     0     0 5610.60984    0  628          - 5610.60984      -     -   14s
     0     0 5610.61220    0  621          - 5610.61220      -     -   14s
     0     0 5616.05770    0  629          - 5616.05770      -     -   15s
     0     0 5616.70473    0  601          - 5616.70473      -     -   16s
     0     0 5650.68772    0  632          - 5650.68772      -     -   20s
     0     0 5655.70382    0  623          - 5655.70382      -     -   21s
     0     0 5662.79869    0  652          - 5662.79869      -     -   23s
     0     0 5669.42044    0  711          - 5669.42044      -     -   25s
     0     0 5670.79156    0  754          - 5670.79156      -     -   25s
     0     0 5693.95243    0  743          - 5693.95243      -     -   32s
     0     0 5699.66843    0  680          - 5699.66843      -     -   33s
     0     0 5710.05587    0  715          - 5710.05587      -     -   35s
     0     0 5711.64713    0  727          - 5711.64713      -     -   36s
     0     0 5717.49186    0  663          - 5717.49186      -     -   40s
     0     0 5725.24812    0  653          - 5725.24812      -     -   41s
     0     0 5735.06172    0  664          - 5735.06172      -     -   43s
     0     0 5740.30157    0  658          - 5740.30157      -     -   45s
     0     0 5741.28294    0  671          - 5741.28294      -     -   46s
     0     0 5745.49200    0  648          - 5745.49200      -     -   49s
     0     0 5752.08355    0  610          - 5752.08355      -     -   51s
     0     0 5754.33720    0  620          - 5754.33720      -     -   51s
     0     0 5754.59062    0  590          - 5754.59062      -     -   53s
     0     0 5758.12588    0  639          - 5758.12588      -     -   54s
     0     0 5758.98732    0  638          - 5758.98732      -     -   55s
     0     0 5759.00648    0  634          - 5759.00648      -     -   55s
     0     0 5759.00648    0  623          - 5759.00648      -     -   55s
     0     2 5759.00766    0  610          - 5759.00766      -     -   61s
     7    16 5760.31113    3  569          - 5760.25306      -   608   65s
    31    54 5760.56873    5  574          - 5760.48637      -   642   70s
   100   167 5762.39371    9  540          - 5760.58572      -   539   76s
   205   245 5762.57592   10  547          - 5760.58572      -   407   83s
   246   283 5762.72854   11  559          - 5760.58572      -   435   86s
   310   337 5766.47315   14  522          - 5760.58572      -   437   92s
   338   368 5777.60888   15  519          - 5760.58572      -   457   96s
   391   417 5779.87369   16  520          - 5760.58572      -   504  103s
   418   449 5780.76750   17  493          - 5760.58572      -   514  106s
   450   472 5781.44472   18  490          - 5760.58572      -   508  111s
   495   519 5784.22705   20  511          - 5760.58572      -   504  117s
   546   567 5784.34983   21  511          - 5760.58572      -   488  122s
   592   618 5790.53889   22  514          - 5760.58572      -   490  127s
   619   646 5787.74677   23  484          - 5760.58572      -   487  130s
   672   693 5789.91216   25  436          - 5760.58572      -   481  135s
   725   763 5790.48979   27  439          - 5760.58572      -   479  140s
   809   851 5791.35358   30  426          - 5760.58572      -   465  146s
   904   947 5794.01663   37  384          - 5760.58572      -   450  152s
   952   982 5804.55047   37  420          - 5760.58572      -   441  156s
   987  1016 5796.49747   38  400          - 5760.58572      -   433  160s
  1079  1132 5797.43255   39  445          - 5760.58572      -   421  168s
  1137  1171 5810.82525   39  465          - 5760.58572      -   417  173s
  1176  1205 5797.98363   40  422          - 5760.58572      -   414  178s
  1210  1242 5798.71190   41  410          - 5760.58572      -   414  182s
  1247  1271 5801.00436   42  534          - 5760.58572      -   414  187s
  1276  1316 5926.18130   42  457          - 5760.58572      -   418  191s
  1321  1368 5801.97762   43  506          - 5760.58572      -   416  195s
  1373  1417 5804.07418   43  511          - 5760.58572      -   415  200s
  1422  1473 5805.96185   44  466          - 5760.58572      -   415  205s
  1480  1540 5808.74861   44  518          - 5760.58572      -   412  211s
  1547  1648 5808.91227   45  495          - 5760.58572      -   410  216s
  1655  1749 5809.17022   46  530          - 5760.58572      -   401  222s
  1756  1803 5809.79300   47  474          - 5760.58572      -   398  230s
  1810  1830 5812.61037   48  469          - 5760.58572      -   396  238s
  1837  1869 5812.11008   51  450          - 5760.58572      -   397  247s
  1876  1903 5816.78811   58  440          - 5760.58572      -   395  258s
  1910  1957 5820.86913   62  470          - 5760.58572      -   394  269s
  1964  2002 5823.65349   72  469          - 5760.58572      -   388  280s
  2009  2046 5825.48679   83  499          - 5760.58572      -   386  292s
  2053  2089 5826.35317   84  492          - 5760.58572      -   384  304s
  2096  2153 5826.60434   85  489          - 5760.58572      -   381  318s
  2161  2209 5830.69192   97  422          - 5760.58572      -   374  331s
  2217  2252 5866.82783  106  387          - 5760.58572      -   372  345s
  2260  2299 5839.43728  108  395          - 5760.58572      -   371  359s
  2310  2366 5858.47958  113  394          - 5760.58572      -   370  374s
  2377  2415 5872.16747  124  378          - 5760.58572      -   366  388s
  2428  2486 5877.94043  135  291          - 5760.58572      -   366  400s
  2500  2570 5936.63092  137  335          - 5760.58572      -   364  416s
  2586  2667 5974.10164  146  305          - 5760.58572      -   360  433s
  2686  2753 5988.34126  167  339          - 5760.58572      -   355  449s
  2772  2823 5996.25602  187  268          - 5760.58572      -   353  471s
  2843  2884 6000.85118  204  294          - 5760.58572      -   352  491s
H 2882  2884                    6374.0000000 5760.58572  9.62%   351  491s
H 2910  3056                    6361.0000000 5760.58572  9.44%   351  503s
H 2961  3056                    6343.0000000 5760.58572  9.18%   349  503s
  3095  3476 6049.78687  213  312 6343.00000 5760.58572  9.18%   350  516s
  3525  3868 6069.43606  231  305 6343.00000 5760.74657  9.18%   336  529s
  3917  4245 6087.70380  259  263 6343.00000 5760.74657  9.18%   328  543s
H 3941  4245                    6338.0000000 5760.74657  9.11%   327  543s
  4315  4557 6130.51947  281  290 6338.00000 5760.74657  9.11%   321  558s
  4688  4805 6179.14582  317  296 6338.00000 5760.74657  9.11%   321  577s
  4984  4904 5799.05715   11  594 6338.00000 5760.74657  9.11%   328  596s
H 5015  4904                    6331.0000000 5760.74657  9.01%   327  596s
H 5050  4896                    6307.0000000 5760.74657  8.66%   332  596s
  5090  5239 5801.09768   13  597 6307.00000 5760.74657  8.66%   331  613s
  5490  5615 5856.40392   15  578 6307.00000 5760.74657  8.66%   331  630s
  5886  5890 5877.93288   20  529 6307.00000 5760.74657  8.66%   331  647s
  6200  6157 5906.22252   29  428 6307.00000 5760.74657  8.66%   335  663s
H 6468  6232                    6242.0000000 5760.74657  7.71%   339  680s
H 6559  6224                    6235.0000000 5760.74657  7.61%   341  680s
  6640  6619 5977.43871   42  413 6235.00000 5760.74657  7.61%   342  701s
  7088  7123 6016.60750   52  370 6235.00000 5760.74657  7.61%   342  724s
  7677  7481 6183.26113   65  477 6235.00000 5760.74657  7.61%   338  747s
  8152  7761 5802.95822    7  633 6235.00000 5760.74657  7.61%   339  769s
  8496  7762 5886.03030   80 27715 6235.00000 5760.74657  7.61%   346  798s
  8498  7763 5860.93598   69  415 6235.00000 5760.74657  7.61%   346  807s
  8500  7765 5845.51518   55  511 6235.00000 5760.74657  7.61%   346  811s
  8501  7765 5877.84529   80  519 6235.00000 5760.74657  7.61%   346  816s
  8502  7766 5895.68335   84  564 6235.00000 5760.74657  7.61%   346  820s
  8503  7767 5872.76488  109  650 6235.00000 5760.74657  7.61%   346  827s
  8504  7767 5922.78968  124  671 6235.00000 5760.74657  7.61%   346  836s
  8505  7768 6001.32785  125  630 6235.00000 5760.74657  7.61%   346  842s
  8507  7769 5885.24803  129  674 6235.00000 5766.40828  7.52%   346  847s
  8508  7770 6160.14565  201  711 6235.00000 5769.33599  7.47%   346  850s
  8514  7774 5874.71280  125  730 6235.00000 5770.49158  7.45%   345  855s
  8516  7775 5936.07555  102  680 6235.00000 5777.02887  7.35%   345  862s
  8518  7777 5808.72618   26  690 6235.00000 5779.34532  7.31%   345  865s
  8522  7779 5856.19971   47  703 6235.00000 5781.67961  7.27%   345  870s
  8526  7782 5844.96371   44  774 6235.00000 5787.72041  7.17%   345  877s
  8530  7785 5874.78930   71  773 6235.00000 5788.57418  7.16%   345  880s
  8537  7789 6052.89374  126  757 6235.00000 5788.99690  7.15%   344  885s
  8540  7791 5850.66447   79  837 6235.00000 5799.44284  6.99%   344  893s
  8543  7793 6044.48734  122  799 6235.00000 5801.18058  6.96%   344  896s

Cutting planes:
  Gomory: 10
  Lift-and-project: 1
  Cover: 141
  Clique: 31
  MIR: 261
  Knapsack: 23
  StrongCG: 101
  Flow cover: 360
  GUB cover: 17
  Zero half: 50
  RLT: 478
  Relax-and-lift: 255
  BQP: 271

Explored 8545 nodes (3050970 simplex iterations) in 900.03 seconds (996.47 work units)
Thread count was 22 (of 22 available processors)

Solution count 8: 6235 6242 6307 ... 6374

Time limit reached
Best objective 6.235000000000e+03, best bound 5.803000000000e+03, gap 6.9286%

User-callback calls 160894, time in user-callback 1.04 sec
