
Gurobi 13.0.0 (linux64) logging started Sun Jan 18 16:15:36 2026

Set parameter LogFile to value "../experiments/network-n_60_s_2_rp_0-app_set-id_59_24_apps/submip_40_epr1_model_gurobi.log"
Set parameter TimeLimit to value 8.0105576953399577e+02
Gurobi Optimizer version 13.0.0 build v13.0.0rc1 (linux64 - "Ubuntu 24.04.3 LTS")

CPU model: Intel(R) Core(TM) Ultra 7 165H, instruction set [SSE2|AVX|AVX2]
Thread count: 22 physical cores, 22 logical processors, using up to 22 threads

Non-default parameters:
TimeLimit  8.0105576953399577e+02
LogToConsole  0

Academic license 2539022 - for non-commercial use only - registered to al___@studenti.unimi.it
Optimize a model with 59128 rows, 9360 columns and 131457 nonzeros (Min)
Model fingerprint: 0xb6c18585
Model has 9360 linear objective coefficients
Model has 190 quadratic constraints
Variable types: 0 continuous, 9360 integer (9360 binary)
Coefficient statistics:
  Matrix range     [1e+00, 9e+02]
  QMatrix range    [5e+01, 2e+02]
  Objective range  [1e+01, 2e+02]
  Bounds range     [1e+00, 1e+00]
  RHS range        [1e+00, 1e+09]
  QRHS range       [1e+02, 6e+02]
Presolve removed 58286 rows and 7267 columns
Presolve time: 0.09s
Presolved: 17563 rows, 18633 columns, 111721 nonzeros
Variable types: 0 continuous, 18633 integer (18633 binary)
Performing another presolve...
Presolve removed 1228 rows and 1301 columns
Presolve time: 0.39s
Deterministic concurrent LP optimizer: primal and dual simplex
Showing primal log only...

Concurrent spin time: 0.08s

Solved with dual simplex

Root relaxation: objective 5.543751e+03, 2810 iterations, 0.59 seconds (0.51 work units)

    Nodes    |    Current Node    |     Objective Bounds      |     Work
 Expl Unexpl |  Obj  Depth IntInf | Incumbent    BestBd   Gap | It/Node Time

     0     0 5543.75135    0  199          - 5543.75135      -     -    1s
     0     0 5615.47100    0  261          - 5615.47100      -     -    2s
     0     0 5636.29484    0  278          - 5636.29484      -     -    2s
     0     0 5651.34896    0  297          - 5651.34896      -     -    3s
     0     0 5652.27189    0  297          - 5652.27189      -     -    3s
     0     0 5652.38477    0  301          - 5652.38477      -     -    3s
     0     0 5745.89049    0  294          - 5745.89049      -     -    4s
     0     0 5776.49484    0  340          - 5776.49484      -     -    5s
     0     0 5786.73946    0  345          - 5786.73946      -     -    5s
     0     0 5790.36582    0  362          - 5790.36582      -     -    6s
     0     0 5791.01253    0  377          - 5791.01253      -     -    6s
     0     0 5822.60060    0  353          - 5822.60060      -     -    8s
     0     0 5881.38956    0  331          - 5881.38956      -     -    8s
     0     0 5891.86254    0  350          - 5891.86254      -     -    9s
     0     0 5893.97676    0  339          - 5893.97676      -     -    9s
     0     0 5916.89065    0  362          - 5916.89065      -     -   11s
     0     0 5916.91552    0  359          - 5916.91552      -     -   11s
     0     0 5916.91552    0  353          - 5916.91552      -     -   11s
     0     2 5916.92887    0  353          - 5916.92887      -     -   13s
    15    32 5921.77523    4  329          - 5921.38612      -   419   16s
   152   188 5926.21270   11  312          - 5922.30620      -   281   21s
   267   296 5927.41327   13  314          - 5922.30620      -   267   25s
   401   424 5939.60320   16  341          - 5922.30620      -   325   30s
   502   524 5949.25127   21  308          - 5922.30620      -   326   35s
   650   671 5959.16507   26  276          - 5922.30620      -   316   41s
   764   792 5961.41287   30  275          - 5922.30620      -   325   45s
   882   890 5966.63792   35  283          - 5922.30620      -   313   54s
   904   923 5966.24271   35  275          - 5922.30620      -   312   55s
  1015  1046 5971.90958   37  282          - 5922.30620      -   305   60s
  1173  1224 6000.93617   39  270          - 5922.30620      -   291   66s
  1316  1398 5997.49881   41  259          - 5922.30620      -   281   70s
  1539  1666 6005.91875   42  254          - 5922.30620      -   268   75s
  1847  1905 6020.43055   55  240          - 5922.30620      -   252   81s
  1964  1974 6032.79737   62  245          - 5922.30620      -   248   86s
  2052  2080 6034.15397   64  240          - 5922.30620      -   244   91s
  2182  2228 6036.08733   66  238          - 5922.30620      -   239   97s
  2278  2337 6038.46719   67  250          - 5922.30620      -   235  100s
  2630  2726 6073.90096   72  264          - 5923.30411      -   228  106s
  3106  3071 infeasible   82               - 5923.30411      -   226  111s
  3369  3242 5976.42635    7  312          - 5923.30411      -   225  115s
  3838  3603 6057.18190   16  245          - 5923.30411      -   228  122s
  4119  3794 6125.73431   36  241          - 5923.73733      -   229  125s
  4678  4035 6027.08924   57 7975          - 5923.73733      -   229  133s
  4680  4036 6113.04863   78  235          - 5923.73733      -   229  136s
  4683  4038 6027.15521   48  359          - 5923.73733      -   229  140s
  4691  4044 6059.61026   56  391          - 5923.73733      -   228  145s
  4704  4052 6289.72535  153  521          - 5939.81379      -   228  150s
  4711  4057 6247.51073   88  461          - 5962.22739      -   227  155s
  4724  4066 6085.75356   72  492          - 5975.42859      -   227  160s
  4739  4076 6060.70906  109  548          - 5987.21840      -   226  165s
  4758  4088 6019.22117   21  531          - 5997.33070      -   225  170s
  4781  4104 6002.75760    9  514          - 6002.75760      -   224  175s
  4799  4116 6383.20826  103  535          - 6008.15293      -   223  180s
  4809  4122 6032.50172   74  557          - 6010.74318      -   223  185s
  4824  4132 6085.75356   72  516          - 6017.65911      -   222  190s
  4839  4142 6060.70906  109  502          - 6020.29386      -   221  197s
  4850  4150 6021.41804   11  546          - 6021.41804      -   221  200s
  4867  4161 6025.72516   27  569          - 6025.72516      -   220  205s
  4886  4174 6027.92954   11  571          - 6027.92954      -   219  212s
  4889  4176 6033.85928    7  576          - 6033.85928      -   219  215s
  4900  4183 6402.48907  113  545          - 6038.19969      -   218  220s
  4923  4198 6059.12358   37  597          - 6039.93686      -   217  225s
  4937  4208 6042.63867   70  548          - 6042.63867      -   217  230s
  4953  4218 6061.46893   50  577          - 6043.90676      -   216  236s
  4968  4228 6197.60261   79  551          - 6045.49752      -   215  240s
  4989  4242 6047.35954    7  564          - 6047.35954      -   215  245s
  5006  4254 6168.64959  149  549          - 6049.54646      -   214  250s
  5031  4270 6050.53438   66  571          - 6050.53438      -   213  255s
  5046  4280 6158.15165  144  588          - 6050.94446      -   212  260s
  5070  4296 6225.29385   64  566          - 6051.60796      -   211  265s
  5087  4308 6052.22889   17  596          - 6052.22889      -   210  270s
  5104  4319 6289.72535  153  601          - 6052.84342      -   210  275s
  5125  4333 6242.52996   92  588          - 6053.24297      -   209  280s
  5145  4346 6053.97068   13  608          - 6053.97068      -   208  285s
  5164  4359 6054.53867   71  596          - 6054.53867      -   207  290s
  5177  4368 6054.88937   25  588          - 6054.88937      -   207  295s
  5189  4376 6055.14393    7  599          - 6055.14393      -   206  300s
  5191  4377 6059.61026   56  607          - 6055.17144      -   206  306s
  5200  4383 6402.48907  113  586          - 6055.49279      -   206  310s
  5209  4389 6055.62122   74  608          - 6055.62122      -   206  315s
  5216  4395 6055.62300   13  236          - 6055.62300      -   225  320s
  5220  4398 6055.62300   51  327          - 6055.62300      -   224  326s
  5223  4400 6059.12358   37  362          - 6055.82333      -   224  330s
  5229  4404 6317.02451  205  452          - 6056.14844      -   224  336s
  5242  4413 6059.74373   10  567          - 6059.74373      -   224  340s
  5259  4424 6297.58302   59  542          - 6059.87453      -   223  345s
  5273  4433 7709.13348  102  553          - 6059.87453      -   222  350s
  5290  4445 6320.34752  134  572          - 6059.87453      -   222  355s
  5303  4453 6059.87453    9  566          - 6059.87453      -   221  361s
  5316  4462 6059.87453   13  594          - 6059.87453      -   220  366s
  5331  4472 6061.55572   66  569          - 6061.55572      -   220  370s
  5335  4475 6061.63920   14  573          - 6061.63920      -   220  375s
  5356  4489 6435.82546  196  548          - 6062.13915      -   219  380s
  5361  4492 6062.25649   18  578          - 6062.25649      -   219  386s
  5364  4499 6063.02948   26  486          - 6062.87490      -   226  390s
  5392  4536 6063.44287   29  476          - 6063.44287      -   229  398s
  5414  4559 6064.27875   30  497          - 6063.45011      -   230  401s
  5445  4587 6067.80032   31  451          - 6063.45011      -   232  407s
  5483  4614 6069.52598   32  467          - 6063.45011      -   236  412s
  5523  4640 6071.64943   33  441          - 6063.45011      -   240  417s
  5562  4668 6073.79089   34  442          - 6063.45011      -   244  422s
  5603  4693 6075.75698   35  440          - 6063.45011      -   247  426s
  5642  4702 6075.91785   36  432          - 6063.45011      -   251  431s
  5664  4717 6121.10543   36  373          - 6063.45011      -   252  440s
  5686  4733 6076.67933   37  455          - 6063.45011      -   254  445s
  5709  4748 6122.30262   37  418          - 6063.45011      -   257  450s
  5754  4777 6078.28988   38  371          - 6063.45011      -   261  458s
  5776  4792 6079.51560   39  354          - 6063.45011      -   263  463s
  5798  4806 6083.01980   39  363          - 6063.45011      -   265  467s
  5820  4820 6083.44763   40  350          - 6063.45011      -   266  472s
  5843  4834 6097.66664   40  361          - 6063.45011      -   268  476s
  5865  4849 6083.84372   41  361          - 6063.45011      -   269  481s
  5887  4864 6097.20247   41  350          - 6063.45011      -   270  485s
  5909  4879 6085.43697   42  360          - 6063.45011      -   271  490s
  5932  4898 6103.51545   42  321          - 6063.45011      -   273  495s
  5958  4911 6085.55011   43  355          - 6063.45011      -   275  500s
  5980  4926 6088.49397   43  362          - 6063.45011      -   276  506s
  6002  4942 6086.56547   44  367          - 6063.45011      -   277  511s
  6026  4964 6087.99282   44  346          - 6063.45011      -   278  516s
  6056  4992 6086.73134   45  357          - 6063.45011      -   281  522s
  6094  5017 6094.04393   45  351          - 6063.45011      -   282  527s
  6131  5053 6090.61200   46  358          - 6063.45011      -   285  534s
  6180  5089 6087.43452   46  370          - 6063.45011      -   288  540s
  6234  5093 6090.39261   48  368          - 6063.45011      -   292  546s
  6256  5109 6210.59574   48  337          - 6063.45011      -   294  552s
  6279  5125 6094.83578   49  349          - 6063.45011      -   296  558s
  6303  5148 6103.09433   49  300          - 6063.45011      -   298  565s
  6334  5177 6094.83598   50  352          - 6063.45011      -   300  572s
  6373  5220 6113.07112   50  340          - 6063.45011      -   302  579s
  6439  5278 6097.61296   52  356          - 6063.45011      -   307  587s
  6523  5335 6099.13640   53  339          - 6063.45011      -   313  594s
  6618  5400 6115.58482   55  333          - 6063.45011      -   318  603s
  6726  5462 6117.92040   57  284          - 6063.45011      -   324  611s
  6838  5547 6117.10876   59  295          - 6063.45011      -   330  619s
  6970  5596 6124.02059   61  283          - 6063.45011      -   335  627s
  7099  5664 6158.86799   63  281          - 6063.45011      -   341  635s
  7238  5728 6140.11326   65  289          - 6063.45011      -   347  644s
  7405  5778 6145.68475   67  273          - 6063.45011      -   351  654s
  7588  5807 6181.86448   70  280          - 6066.89184      -   355  664s
  7788  5884 infeasible   71               - 6067.80203      -   358  674s
  7979  5901 6164.34364   32  345          - 6067.80626      -   360  684s
  8104  5991 6124.21185   35  316          - 6067.80626      -   363  694s
  8296  6052 6163.09088   39  283          - 6067.80626      -   366  705s
  8487  6143 6164.62922   43  284          - 6068.56124      -   369  715s
  8660  6258 6179.23170   47  303          - 6071.25605      -   373  726s
  8849  6364 6186.11296   51  287          - 6071.25605      -   376  737s
  9062  6313 6196.54676   56  274          - 6071.25605      -   381  749s
  9086  6326 6196.84661   57  272          - 6071.25605      -   382  763s
  9119  6340 6198.49063   58  278          - 6072.54121      -   382  777s
  9174  6423 6206.27627   62  290          - 6072.54121      -   383  790s
  9295  6581 infeasible   68               - 6072.54121      -   386  801s

Cutting planes:
  Gomory: 4
  Cover: 79
  Clique: 22
  MIR: 166
  Knapsack: 10
  StrongCG: 82
  Flow cover: 155
  GUB cover: 11
  Zero half: 30
  Mod-K: 1
  RLT: 58
  Relax-and-lift: 214
  BQP: 12

Explored 9517 nodes (3691119 simplex iterations) in 801.08 seconds (724.93 work units)
Thread count was 22 (of 22 available processors)

Solution count 0

Time limit reached
Best objective -, best bound 6.073000000000e+03, gap -

User-callback calls 142916, time in user-callback 0.90 sec
