FIXINGS_START
(1, 0, 0)
(1, 4, 0)
(2, 0, 0)
(3, 0, 0)
(4, 0, 0)
(4, 4, 0)
(6, 0, 0)
(7, 0, 0)
(8, 0, 0)
(8, 7, 0)
(9, 0, 0)
(9, 1, 0)
(11, 0, 0)
(11, 4, 0)
(12, 0, 0)
(12, 6, 0)
(14, 0, 0)
(14, 6, 0)
(15, 7, 0)
(15, 8, 0)
(16, 9, 0)
(17, 0, 0)
(17, 1, 0)
(18, 0, 0)
(19, 0, 0)
(19, 6, 0)
(20, 0, 0)
(20, 6, 0)
(21, 0, 0)
(22, 0, 0)
(22, 4, 0)
(23, 0, 0)
(19, 1, 0)
(19, 3, 0)
(19, 8, 0)
(19, 9, 0)
(22, 2, 0)
(14, 1, 0)
(12, 1, 18)
(23, 1, 0)
(18, 1, 0)
(23, 2, 0)
(21, 2, 0)
(0, 0, 0)
(5, 0, 0)
(7, 1, 0)
(23, 3, 8)
(20, 7, 0)
(8, 4, 40)
(16, 6, 0)
(8, 5, 0)
(5, 1, 0)
(22, 5, 0)
(11, 1, 0)
(23, 4, 25)
(23, 5, 0)
(10, 1, 0)
(9, 2, 0)
(14, 3, 0)
(1, 1, 11)
(7, 2, 1)
(22, 6, 0)
(4, 1, 0)
(18, 2, 0)
(11, 3, 0)
(7, 3, 0)
(13, 0, 0)
(9, 3, 0)
(7, 4, 0)
(9, 4, 4)
FIXINGS_END
time 811.754
GUROBI
Status TIME_LIMIT
Runtime 811.7541179656982
NodeCount 8542.0
IterCount 2053855.0
NumVars 9360
NumConstrs 59116
ObjBound 5986.0
ObjBoundC 5985.5967059739705
ObjVal inf
MIPGap inf
