
Gurobi 13.0.0 (linux64) logging started Sun Jan 18 16:02:04 2026

Set parameter LogFile to value "../experiments/network-n_60_s_2_rp_0-app_set-id_59_24_apps/submip_30_epr1_model_gurobi.log"
Set parameter TimeLimit to value 8.1159290811400570e+02
Gurobi Optimizer version 13.0.0 build v13.0.0rc1 (linux64 - "Ubuntu 24.04.3 LTS")

CPU model: Intel(R) Core(TM) Ultra 7 165H, instruction set [SSE2|AVX|AVX2]
Thread count: 22 physical cores, 22 logical processors, using up to 22 threads

Non-default parameters:
TimeLimit  8.1159290811400570e+02
LogToConsole  0

Academic license 2539022 - for non-commercial use only - registered to al___@studenti.unimi.it
Optimize a model with 59116 rows, 9360 columns and 131445 nonzeros (Min)
Model fingerprint: 0xf79f73ca
Model has 9360 linear objective coefficients
Model has 190 quadratic constraints
Variable types: 0 continuous, 9360 integer (9360 binary)
Coefficient statistics:
  Matrix range     [1e+00, 9e+02]
  QMatrix range    [5e+01, 2e+02]
  Objective range  [1e+01, 2e+02]
  Bounds range     [1e+00, 1e+00]
  RHS range        [1e+00, 1e+09]
  QRHS range       [1e+02, 6e+02]
Presolve removed 57877 rows and 6729 columns
Presolve time: 0.10s
Presolved: 28255 rows, 29461 columns, 182119 nonzeros
Variable types: 0 continuous, 29461 integer (29461 binary)
Performing another presolve...
Presolve removed 2150 rows and 2246 columns
Presolve time: 0.55s
Deterministic concurrent LP optimizer: primal and dual simplex
Showing primal log only...

Concurrent spin time: 0.00s

Solved with dual simplex

Root relaxation: objective 5.523367e+03, 2193 iterations, 0.60 seconds (0.48 work units)

    Nodes    |    Current Node    |     Objective Bounds      |     Work
 Expl Unexpl |  Obj  Depth IntInf | Incumbent    BestBd   Gap | It/Node Time

     0     0 5523.36666    0  226          - 5523.36666      -     -    1s
     0     0 5525.36724    0  228          - 5525.36724      -     -    1s
     0     0 5543.35718    0  265          - 5543.35718      -     -    2s
     0     0 5577.60138    0  314          - 5577.60138      -     -    3s
     0     0 5615.65290    0  330          - 5615.65290      -     -    3s
     0     0 5617.50201    0  369          - 5617.50201      -     -    3s
     0     0 5617.67063    0  383          - 5617.67063      -     -    4s
     0     0 5617.68475    0  390          - 5617.68475      -     -    4s
     0     0 5678.82694    0  372          - 5678.82694      -     -    5s
     0     0 5707.70838    0  381          - 5707.70838      -     -    6s
     0     0 5721.67842    0  422          - 5721.67842      -     -    6s
     0     0 5727.87244    0  440          - 5727.87244      -     -    7s
     0     0 5729.49686    0  450          - 5729.49686      -     -    7s
     0     0 5763.65396    0  448          - 5763.65396      -     -    9s
     0     0 5818.99962    0  436          - 5818.99962      -     -   11s
     0     0 5828.67298    0  444          - 5828.67298      -     -   11s
     0     0 5830.04286    0  423          - 5830.04286      -     -   11s
     0     0 5851.72486    0  413          - 5851.72486      -     -   15s
     0     0 5855.04297    0  459          - 5855.04297      -     -   16s
     0     0 5856.46992    0  471          - 5856.46992      -     -   16s
     0     0 5857.73064    0  448          - 5857.73064      -     -   17s
     0     0 5859.80336    0  461          - 5859.80336      -     -   17s
     0     0 5859.80342    0  456          - 5859.80342      -     -   17s
     0     0 5859.80342    0  446          - 5859.80342      -     -   17s
     0     2 5859.80520    0  441          - 5859.80520      -     -   20s
    53   109 5864.55861    6  434          - 5863.38303      -   357   25s
   180   205 5866.30012   10  431          - 5863.38303      -   296   30s
   303   326 5867.33028   14  385          - 5863.38303      -   273   36s
   386   413 5869.09393   17  392          - 5863.38303      -   258   40s
   472   497 5877.52459   18  379          - 5863.38303      -   258   45s
   575   604 5881.10041   22  374          - 5863.38303      -   271   50s
   688   710 5884.41278   25  391          - 5863.38303      -   277   69s
   710   732 5885.13522   26  391          - 5863.38303      -   275   71s
   754   776 5885.86927   28  402          - 5863.38303      -   268   75s
   825   848 5890.67244   30  405          - 5863.38303      -   264   80s
   907   964 5889.65022   33  418          - 5863.38303      -   258   87s
  1029  1066 5890.31986   34  407          - 5863.38303      -   245   91s
  1123  1183 5896.27116   41  382          - 5863.38303      -   237   95s
  1242  1296 5900.96400   53  355          - 5863.38303      -   230  101s
  1383  1539 5906.22326   70  337          - 5863.38303      -   225  106s
  1740  1936 5915.48136   95  318          - 5863.38303      -   202  111s
  2159  2311 5922.52469  115  315          - 5863.38303      -   188  117s
  2323  2377 5928.34596  120  330          - 5863.38303      -   186  121s
  2389  2421 5927.67824  121  326          - 5863.38303      -   192  125s
  2433  2468 6042.07289  122  276          - 5863.38303      -   199  131s
  2480  2525 6014.98135  122  299          - 5863.38303      -   205  136s
  2537  2575 6042.94376  123  276          - 5863.38303      -   209  142s
  2587  2616 6043.84958  124  277          - 5863.38303      -   214  148s
  2628  2638 6045.05877  125  270          - 5863.38303      -   215  154s
  2650  2663 6046.56697  126  266          - 5863.38303      -   218  160s
  2675  2694 6047.29417  127  266          - 5863.38303      -   221  166s
  2706  2720 6047.82077  128  267          - 5863.38303      -   223  173s
  2732  2752 6050.95908  129  266          - 5863.38303      -   226  179s
  2764  2793 6056.99231  130  265          - 5863.38303      -   229  185s
  2805  2830 6057.16023  131  267          - 5863.38303      -   231  193s
  2842  2872 6058.00181  132  256          - 5863.38303      -   233  201s
  2884  2904 6058.24163  133  269          - 5863.38303      -   234  207s
  2922  2936 6062.88046  134  260          - 5863.38303      -   237  214s
  2966  2977 6077.05697  135  265          - 5863.38303      -   240  221s
  3021  3015 6082.90299  135  262          - 5863.38303      -   242  228s
  3077  3067 6086.91142  136  257          - 5863.69401      -   245  237s
  3146  3124 6126.99134  136  240          - 5863.69401      -   247  247s
  3217  3196 6090.17661  137  256          - 5863.75599      -   250  254s
  3289  3296 6090.24279  138  259          - 5863.75599      -   252  260s
  3391  3436 6091.08612  139  257          - 5863.75599      -   252  267s
  3537  3582 6094.72927  140  248          - 5863.75599      -   250  276s
  3691  3716 6099.07338  140  250          - 5863.75599      -   249  285s
  3856  3855 6103.85576  141  236          - 5863.75599      -   248  294s
  4025  3924 6096.36278  141  250          - 5863.75599      -   247  303s
  4148  4047 6096.85050  142  247          - 5863.80645      -   250  313s
  4298  4189 6096.97669  143  243          - 5863.80645      -   251  325s
  4452  4371 6097.26207  144  253          - 5863.80645      -   251  334s
  4676  4758 6099.68574  145  256          - 5863.80645      -   250  342s
  5075  5204 6129.02492  166  236          - 5863.80645      -   247  352s
  5549  5543 6171.91181  208  198          - 5863.80645      -   242  360s
  5935  5925 infeasible  236               - 5863.80645      -   237  368s
  6491  6222 5904.45255   15  347          - 5863.80645      -   232  377s
  6940  6625 5917.19837   17  351          - 5863.80645      -   234  385s
  7444  7161 5959.04479   23  277          - 5863.80645      -   235  394s
  8017  7162 5906.47142   38 11876          - 5863.80645      -   233  401s
  8019  7163 6009.27614   47  285          - 5863.80645      -   233  406s
  8022  7165 5933.95507   69  369          - 5863.80645      -   233  412s
  8025  7167 6119.00897   99  359          - 5863.80645      -   233  417s
  8028  7169 6018.19368   55  423          - 5863.80645      -   233  420s
  8034  7173 6064.29661  120  445          - 5883.24585      -   233  426s
  8043  7179 5888.80714   19  539          - 5888.80714      -   233  430s
  8048  7183 6298.47429  178  537          - 5899.45627      -   232  435s
  8061  7191 5903.47068   39  581          - 5903.47068      -   232  441s
  8065  7194 6069.29452   76  581          - 5913.09510      -   232  445s
  8075  7201 6019.23477  107  629          - 5914.76698      -   232  450s
  8085  7207 6085.71326   87  579          - 5923.42308      -   231  455s
  8091  7211 5928.00570   42  572          - 5928.00570      -   231  460s
  8106  7221 5930.44109    6  583          - 5930.44109      -   231  465s
  8115  7227 6054.43694   83  584          - 5933.60585      -   231  471s
  8122  7232 5935.94631   69  632          - 5935.94631      -   230  475s
  8131  7238 6024.84697  123  576          - 5938.10292      -   230  480s
  8144  7247 6127.39950  161  651          - 5940.34637      -   230  485s
  8156  7255 6169.22624   65  674          - 5943.41209      -   229  491s
  8163  7259 5945.11638   31  682          - 5945.11638      -   229  495s
  8171  7265 5949.85709   50  606          - 5949.85709      -   229  501s
  8176  7268 5952.09562   35  603          - 5952.09562      -   229  505s
  8184  7273 6384.77023  129  624          - 5954.29150      -   229  511s
  8192  7279 5955.30713   50  668          - 5955.30713      -   228  515s
  8205  7287 6135.76151  115  700          - 5957.15118      -   228  521s
  8212  7292 6041.82484  157  697          - 5958.69564      -   228  525s
  8218  7296 6038.96800   53  633          - 5963.62552      -   228  532s
  8222  7299 5966.03196   69  635          - 5966.03196      -   228  535s
  8232  7305 6199.82942  155  735          - 5966.99422      -   227  542s
  8233  7306 6110.06218  109  703          - 5969.43644      -   227  545s
  8241  7311 6135.69031  101  720          - 5970.27498      -   227  550s
  8242  7312 5970.33579   43  710          - 5970.33579      -   227  559s
  8243  7313 5970.33780   19  705          - 5970.33780      -   227  560s
  8257  7322 6173.43360  195  723          - 5971.46786      -   227  565s
  8270  7331 6017.87133  136  709          - 5972.66138      -   226  570s
  8277  7335 5973.88369   15  671          - 5973.88369      -   226  576s
  8291  7345 5974.44950   42  712          - 5974.44950      -   226  581s
  8299  7350 6151.65707  139  667          - 5975.13865      -   225  585s
  8308  7356 6113.20389  190  705          - 5975.55644      -   225  590s
  8324  7367 5976.30784   10  735          - 5976.30784      -   225  595s
  8335  7374 5976.62357   12  747          - 5976.62357      -   224  600s
  8347  7382 6080.16481   86  769          - 5976.74025      -   224  605s
  8356  7388 6169.22624   65  737          - 5976.80896      -   224  610s
  8368  7396 5993.25579   29  748          - 5976.96639      -   224  615s
  8371  7398 5977.19416   50  751          - 5977.19416      -   223  669s
  8372  7399 6005.84151   62  752          - 5977.20196      -   223  674s
  8373  7399 5977.20470   16  743          - 5977.20470      -   223  675s
  8381  7405 5999.42761  118  748          - 5977.35690      -   223  680s
  8388  7409 6268.12815  211  768          - 5977.48943      -   223  685s
  8394  7413 6044.47598  168  742          - 5977.50427      -   223  691s
  8398  7418 5977.50427   34 11876          - 5977.50427      -   236  695s
  8401  7420 5977.50427   12  404          - 5977.50427      -   236  702s
  8402  7420 6234.77146   98  377          - 5977.50427      -   236  705s
  8404  7422 5994.66712   80  441          - 5977.50427      -   236  712s
  8405  7422 6135.76151  115  431          - 5978.65357      -   236  716s
  8407  7424 6120.58733  115  442          - 5978.65357      -   236  720s
  8410  7426 5978.82949   35  607          - 5978.82949      -   236  726s
  8419  7432 6009.27614   47  694          - 5978.82949      -   236  731s
  8430  7439 6172.98888  155  731          - 5978.82949      -   235  736s
  8437  7444 5980.88462   33  750          - 5980.88462      -   235  740s
  8447  7450 6080.16481   86  712          - 5981.37677      -   235  746s
  8456  7456 6169.22624   65  682          - 5982.20549      -   235  750s
  8467  7464 6075.57599   42  710          - 5982.32965      -   234  755s
  8475  7469 6019.23477  107  737          - 5982.37086      -   234  761s
  8482  7474 5982.41457   22  716          - 5982.41457      -   234  765s
  8483  7474 6071.30717   76  703          - 5982.42992      -   234  770s
  8488  7478 6268.12815  211  713          - 5982.44301      -   234  775s
  8497  7484 5982.49901    8  765          - 5982.49901      -   233  782s
  8504  7488 5994.66712   80  779          - 5983.61184      -   233  785s
  8509  7492 5984.64555   15  729          - 5984.64555      -   233  790s
  8519  7498 6009.27614   47  692          - 5984.91616      -   233  795s
  8532  7507 6199.82942  155  750          - 5985.34014      -   232  801s
  8540  7512 6039.57671   74  783          - 5985.58132      -   232  810s

Cutting planes:
  Gomory: 5
  Lift-and-project: 1
  Cover: 105
  Clique: 23
  MIR: 200
  Knapsack: 15
  StrongCG: 90
  Flow cover: 526
  GUB cover: 19
  Zero half: 28
  Mod-K: 1
  RLT: 69
  Relax-and-lift: 98
  BQP: 5

Explored 8542 nodes (2053855 simplex iterations) in 811.74 seconds (780.19 work units)
Thread count was 22 (of 22 available processors)

Solution count 0

Time limit reached
Best objective -, best bound 5.986000000000e+03, gap -

User-callback calls 144457, time in user-callback 0.72 sec
Set parameter LogToConsole to value 0
