FIXINGS_START
(0, 0, 0)
(1, 0, 0)
(1, 6, 0)
(2, 0, 0)
(2, 6, 0)
(3, 0, 0)
(4, 0, 0)
(5, 0, 0)
(6, 0, 0)
(6, 6, 0)
(7, 0, 0)
(8, 0, 0)
(9, 0, 0)
(10, 0, 0)
(11, 7, 0)
(12, 0, 0)
(13, 0, 0)
(13, 9, 0)
(14, 0, 0)
(14, 7, 0)
(15, 0, 0)
(15, 4, 0)
(16, 0, 0)
(16, 9, 0)
(17, 0, 0)
(17, 4, 0)
(18, 0, 0)
(4, 3, 0)
(4, 4, 0)
(16, 2, 0)
(16, 3, 0)
(16, 4, 0)
(16, 5, 0)
(16, 6, 0)
(12, 1, 2)
(13, 3, 32)
(12, 2, 13)
(12, 3, 0)
(14, 1, 0)
(1, 2, 0)
(13, 6, 0)
(10, 2, 0)
(15, 3, 0)
(1, 3, 0)
(15, 7, 0)
(18, 1, 10)
(14, 3, 0)
(10, 3, 0)
(12, 4, 0)
(14, 5, 0)
(1, 4, 0)
(15, 8, 22)
(11, 0, 0)
(18, 2, 0)
(10, 4, 0)
(17, 6, 0)
(0, 1, 0)
FIXINGS_END
found_sol 5824.0 time 256.401
found_sol 5751.0 time 263.546
found_sol 5749.0 time 270.731
found_sol 5748.0 time 285.479
found_sol 5737.0 time 309.403
found_sol 5708.0 time 326.761
found_sol 5681.0 time 429.808
found_sol 5599.0 time 429.811
found_sol 5525.0 time 443.157
found_sol 5474.0 time 554.808
found_sol 5404.0 time 554.811
found_sol 5288.0 time 693.074
found_sol 5251.0 time 745.781
found_sol 5251.0 time 862.692
time 862.700
GUROBI
Status TIME_LIMIT
Runtime 862.7000350952148
NodeCount 53101.0
IterCount 14201593.0
NumVars 6200
NumConstrs 25062
ObjBound 4913.0
ObjBoundC 4912.313512568591
ObjVal 5251.0
MIPGap 0.06436869167777566
