FIXINGS_START
(0, 0, 0)
(1, 0, 0)
(1, 6, 0)
(2, 0, 0)
(2, 6, 0)
(3, 0, 0)
(4, 0, 0)
(5, 0, 0)
(6, 0, 0)
(6, 6, 0)
(7, 0, 0)
(8, 0, 0)
(9, 0, 0)
(10, 0, 0)
(11, 7, 0)
(12, 0, 0)
(13, 0, 0)
(13, 9, 0)
(14, 0, 0)
(14, 7, 0)
(15, 0, 0)
(15, 4, 0)
(16, 0, 0)
(16, 9, 0)
(17, 0, 0)
(17, 4, 0)
(18, 0, 0)
(4, 3, 0)
(4, 4, 0)
(16, 2, 0)
(16, 3, 0)
(16, 4, 0)
(16, 5, 0)
(16, 6, 0)
(12, 1, 2)
(13, 3, 32)
(12, 2, 13)
(12, 3, 0)
(14, 1, 0)
(1, 2, 0)
(13, 6, 0)
(10, 2, 0)
(15, 3, 0)
(1, 3, 0)
(15, 7, 0)
(18, 1, 10)
(14, 3, 0)
(10, 3, 0)
(12, 4, 0)
(14, 5, 0)
(1, 4, 0)
(15, 8, 22)
(11, 0, 0)
(18, 2, 0)
(10, 4, 0)
(17, 6, 0)
(0, 1, 0)
(11, 2, 0)
(11, 4, 0)
(1, 7, 0)
(2, 3, 0)
(18, 3, 0)
(3, 3, 0)
(7, 1, 1)
(18, 4, 0)
(7, 2, 26)
FIXINGS_END
found_sol 5254.0 time 45.139
found_sol 5251.0 time 46.879
found_sol 5152.0 time 64.721
found_sol 5150.0 time 133.618
found_sol 5147.0 time 133.631
found_sol 5147.0 time 139.819
time 139.824
GUROBI
Status OPTIMAL
Runtime 139.8242790699005
NodeCount 27508.0
IterCount 4246234.0
NumVars 6200
NumConstrs 25071
ObjBound 5147.0
ObjBoundC 5147.0
ObjVal 5147.0
MIPGap 0.0
