
Gurobi 13.0.0 (linux64) logging started Thu Jan 15 07:10:52 2026

Set parameter LogFile to value "../experiments/network-n_50_s_1_rp_0-app_set-id_30_15_apps/submip_40_epr0_model_gurobi.log"
Set parameter TimeLimit to value 8.9693078605199116e+02
Gurobi Optimizer version 13.0.0 build v13.0.0rc1 (linux64 - "Ubuntu 24.04.3 LTS")

CPU model: Intel(R) Core(TM) Ultra 7 165H, instruction set [SSE2|AVX|AVX2]
Thread count: 22 physical cores, 22 logical processors, using up to 22 threads

Non-default parameters:
TimeLimit  8.9693078605199116e+02
LogToConsole  0

Academic license 2539022 - for non-commercial use only - registered to al___@studenti.unimi.it
Optimize a model with 31212 rows, 4900 columns and 69359 nonzeros (Min)
Model fingerprint: 0x5aac94e7
Model has 4900 linear objective coefficients
Model has 164 quadratic constraints
Variable types: 0 continuous, 4900 integer (4900 binary)
Coefficient statistics:
  Matrix range     [1e+00, 9e+02]
  QMatrix range    [5e+01, 2e+02]
  Objective range  [1e+01, 2e+02]
  Bounds range     [1e+00, 1e+00]
  RHS range        [1e+00, 1e+09]
  QRHS range       [1e+02, 6e+02]
Presolve removed 30729 rows and 4026 columns
Presolve time: 0.10s
Presolved: 7597 rows, 7836 columns, 46944 nonzeros
Variable types: 0 continuous, 7836 integer (7836 binary)

Root relaxation: objective 3.312886e+03, 726 iterations, 0.03 seconds (0.05 work units)

    Nodes    |    Current Node    |     Objective Bounds      |     Work
 Expl Unexpl |  Obj  Depth IntInf | Incumbent    BestBd   Gap | It/Node Time

     0     0 3312.88550    0   95          - 3312.88550      -     -    0s
     0     0 infeasible    0               - infeasible      -     -    0s

Cutting planes:
  Gomory: 9
  Cover: 22
  Clique: 13
  MIR: 16
  Knapsack: 5
  StrongCG: 11
  GUB cover: 5
  Zero half: 10
  RLT: 67
  Relax-and-lift: 12
  BQP: 34

Explored 1 nodes (1857 simplex iterations) in 0.71 seconds (0.79 work units)
Thread count was 22 (of 22 available processors)

Solution count 0

Model is infeasible
Best objective -, best bound -, gap -

User-callback calls 783, time in user-callback 0.00 sec
Set parameter LogToConsole to value 0
