FIXINGS_START
(0, 0, 0)
(0, 9, 0)
(1, 0, 0)
(2, 0, 0)
(2, 6, 0)
(3, 0, 0)
(4, 9, 0)
(5, 0, 0)
(6, 0, 0)
(6, 4, 0)
(8, 0, 0)
(8, 4, 0)
(9, 0, 0)
(9, 7, 0)
(10, 0, 0)
(11, 0, 0)
(12, 0, 0)
(13, 0, 0)
(14, 8, 0)
(5, 1, 7)
(13, 1, 0)
(3, 1, 0)
(3, 2, 0)
(5, 2, 0)
(14, 0, 0)
(2, 2, 0)
(4, 0, 0)
(6, 1, 28)
(6, 5, 0)
(6, 6, 0)
(6, 7, 21)
(10, 3, 0)
(8, 1, 16)
(12, 3, 0)
(11, 2, 0)
(11, 3, 0)
(7, 1, 0)
(8, 6, 0)
(2, 3, 0)
(9, 3, 0)
(9, 4, 0)
(7, 2, 0)
(2, 4, 0)
FIXINGS_END
time 1.286
GUROBI
Status INFEASIBLE
Runtime 1.2859728336334229
NodeCount 1.0
IterCount 3597.0
NumVars 4900
NumConstrs 31204
ObjBound inf
ObjBoundC inf
ObjVal None
MIPGap inf
