
Gurobi 13.0.0 (linux64) logging started Sat Jan  3 04:00:21 2026

Set parameter LogFile to value "../experiments/network-n_60_s_0_rp_0-app_set-id_32_15_apps/compact_model_gurobi.log"
Set parameter TimeLimit to value 900
Gurobi Optimizer version 13.0.0 build v13.0.0rc1 (linux64 - "Ubuntu 24.04.3 LTS")

CPU model: Intel(R) Core(TM) Ultra 7 165H, instruction set [SSE2|AVX|AVX2]
Thread count: 22 physical cores, 22 logical processors, using up to 22 threads

Non-default parameters:
TimeLimit  900
LogToConsole  0

Academic license 2539022 - for non-commercial use only - registered to al___@studenti.unimi.it
Optimize a model with 29129 rows, 5880 columns and 66433 nonzeros (Min)
Model fingerprint: 0xe13c6f33
Model has 5880 linear objective coefficients
Model has 200 quadratic constraints
Variable types: 0 continuous, 5880 integer (5880 binary)
Coefficient statistics:
  Matrix range     [1e+00, 9e+02]
  QMatrix range    [5e+01, 2e+02]
  Objective range  [1e+01, 2e+02]
  Bounds range     [1e+00, 1e+00]
  RHS range        [1e+00, 1e+09]
  QRHS range       [1e+02, 6e+02]
Presolve removed 27974 rows and 3399 columns
Presolve time: 0.33s
Presolved: 34028 rows, 35074 columns, 215304 nonzeros
Variable types: 0 continuous, 35074 integer (35074 binary)
Deterministic concurrent LP optimizer: primal and dual simplex
Showing primal log only...

Concurrent spin time: 0.12s (can be avoided by choosing Method=3)

Solved with dual simplex

Root relaxation: objective 3.052570e+03, 1345 iterations, 0.41 seconds (0.35 work units)

    Nodes    |    Current Node    |     Objective Bounds      |     Work
 Expl Unexpl |  Obj  Depth IntInf | Incumbent    BestBd   Gap | It/Node Time

     0     0 3052.57013    0  142          - 3052.57013      -     -    1s
H    0     0                    4435.0000000 3052.57013  31.2%     -    1s
H    0     0                    4299.0000000 3052.57013  29.0%     -    1s
H    0     0                    3977.0000000 3052.57013  23.2%     -    1s
H    0     0                    3912.0000000 3052.57013  22.0%     -    1s
     0     0 3076.02667    0  172 3912.00000 3076.02667  21.4%     -    2s
H    0     0                    3881.0000000 3076.02667  20.7%     -    3s
     0     0 3100.06638    0  149 3881.00000 3100.06638  20.1%     -    3s
     0     0 3100.10951    0  161 3881.00000 3100.10951  20.1%     -    3s
     0     0 3110.31796    0  209 3881.00000 3110.31796  19.9%     -    4s
     0     0 3116.71716    0  168 3881.00000 3116.71716  19.7%     -    4s
     0     0 3119.89647    0  178 3881.00000 3119.89647  19.6%     -    4s
     0     0 3120.96400    0  209 3881.00000 3120.96400  19.6%     -    4s
     0     0 3120.97593    0  209 3881.00000 3120.97593  19.6%     -    4s
     0     0 3135.36073    0  206 3881.00000 3135.36073  19.2%     -    5s
H    0     0                    3880.0000000 3135.36073  19.2%     -    5s
H    0     0                    3668.0000000 3135.36073  14.5%     -    5s
H    0     0                    3661.0000000 3135.36073  14.4%     -    5s
H    0     0                    3356.0000000 3139.57423  6.45%     -    6s
H    0     0                    3353.0000000 3139.57423  6.37%     -    6s
     0     0 3139.57423    0  199 3353.00000 3139.57423  6.37%     -    6s
     0     0 3140.63505    0  193 3353.00000 3140.63505  6.33%     -    6s
H    0     0                    3324.0000000 3140.63505  5.52%     -    6s
H    0     0                    3303.0000000 3140.63505  4.92%     -    6s
H    0     0                    3301.0000000 3140.63505  4.86%     -    6s
     0     0 3150.19987    0  195 3301.00000 3150.19987  4.57%     -    7s
     0     0 3150.96967    0  196 3301.00000 3150.96967  4.54%     -    7s
     0     0 3151.39478    0  212 3301.00000 3151.39478  4.53%     -    7s
     0     0 3151.40778    0  211 3301.00000 3151.40778  4.53%     -    7s
     0     0 3151.40778    0  211 3301.00000 3151.40778  4.53%     -    7s
     0     0 3151.40778    0  195 3301.00000 3151.40778  4.53%     -    7s
H    0     0                    3273.0000000 3151.40778  3.72%     -    8s
H    0     0                    3269.0000000 3151.40778  3.60%     -    8s
H    0     0                    3220.0000000 3151.40778  2.13%     -    8s
H    0     0                    3215.0000000 3151.41164  1.98%     -    8s
     0     2 3151.41164    0  194 3215.00000 3151.41164  1.98%     -    8s
     7    16 3153.18828    3  256 3215.00000 3152.41506  1.95%   220   10s
   147   157 3161.57129    9  203 3215.00000 3154.05271  1.90%   191   15s
H  244   231                    3209.0000000 3156.03114  1.65%   164   17s
H  402   384                    3206.0000000 3156.26787  1.55%   144   19s
   444   414 3167.73460   15  186 3206.00000 3156.26787  1.55%   140   20s
H  523   474                    3199.0000000 3156.26787  1.34%   136   21s
   718   578 3174.19202   21  168 3199.00000 3158.65395  1.26%   128   25s
H  805   610                    3195.0000000 3158.97984  1.13%   124   25s
  1082   747 3179.31792   28  195 3195.00000 3160.76503  1.07%   117   30s
  1331   848     cutoff   34      3195.00000 3162.59591  1.01%   116   35s
H 1354   848                    3194.0000000 3162.59591  0.98%   115   35s
H 1360   848                    3190.0000000 3162.59591  0.86%   116   35s
H 1658   966                    3185.0000000 3163.46694  0.68%   113   39s
  1743  1019 3175.37200   22  146 3185.00000 3163.46694  0.68%   113   41s
  2098  1055 3182.72017   16  179 3185.00000 3165.16536  0.62%   111   45s
  2705  1128 3181.10109   20  149 3185.00000 3167.68694  0.54%   107   51s
  2877  1166     cutoff   13      3185.00000 3168.82011  0.51%   106   55s
  3409  1178 3177.31550   15  136 3185.00000 3170.48660  0.46%   105   60s
  3992  1113 3182.63738   27   93 3185.00000 3172.84335  0.38%   102   66s
  4431  1099 3180.39060   17  117 3185.00000 3173.07408  0.37%   100   71s
* 4953  1082              29    3184.0000000 3174.26564  0.31%  97.6   73s
  5061   973 3181.08160   21  172 3184.00000 3174.57046  0.30%  97.1   75s
  5856   569 3182.14924   21  166 3184.00000 3176.67259  0.23%  93.8   80s

Cutting planes:
  Gomory: 1
  Lift-and-project: 1
  Cover: 223
  Clique: 35
  MIR: 126
  Knapsack: 7
  StrongCG: 92
  GUB cover: 19
  Inf proof: 6
  Zero half: 21
  RLT: 264
  Relax-and-lift: 136
  BQP: 57

Explored 7037 nodes (598422 simplex iterations) in 83.26 seconds (42.02 work units)
Thread count was 22 (of 22 available processors)

Solution count 10: 3184 3185 3190 ... 3220

Optimal solution found (tolerance 1.00e-04)
Best objective 3.184000000000e+03, best bound 3.184000000000e+03, gap 0.0000%

User-callback calls 18780, time in user-callback 0.05 sec
