
Gurobi 13.0.0 (linux64) logging started Wed Jan 14 00:12:19 2026

Set parameter LogFile to value "../experiments/network-n_40_s_2_rp_0-app_set-id_80_31_apps/compact_model_gurobi.log"
Set parameter TimeLimit to value 900
Gurobi Optimizer version 13.0.0 build v13.0.0rc1 (linux64 - "Ubuntu 24.04.3 LTS")

CPU model: Intel(R) Core(TM) Ultra 7 165H, instruction set [SSE2|AVX|AVX2]
Thread count: 22 physical cores, 22 logical processors, using up to 22 threads

Non-default parameters:
TimeLimit  900
LogToConsole  0

Academic license 2539022 - for non-commercial use only - registered to al___@studenti.unimi.it
Optimize a model with 40617 rows, 8080 columns and 92634 nonzeros (Min)
Model fingerprint: 0x8d34da5b
Model has 8080 linear objective coefficients
Model has 126 quadratic constraints
Variable types: 0 continuous, 8080 integer (8080 binary)
Coefficient statistics:
  Matrix range     [1e+00, 9e+02]
  QMatrix range    [5e+01, 2e+02]
  Objective range  [1e+01, 2e+02]
  Bounds range     [1e+00, 1e+00]
  RHS range        [1e+00, 1e+09]
  QRHS range       [1e+02, 6e+02]
Presolve removed 38653 rows and 4721 columns
Presolve time: 0.26s
Presolved: 29550 rows, 30772 columns, 189798 nonzeros
Variable types: 0 continuous, 30772 integer (30772 binary)
Deterministic concurrent LP optimizer: primal and dual simplex
Showing primal log only...

Concurrent spin time: 0.12s (can be avoided by choosing Method=3)

Solved with dual simplex

Root relaxation: infeasible, 2992 iterations, 0.46 seconds (0.39 work units)

    Nodes    |    Current Node    |     Objective Bounds      |     Work
 Expl Unexpl |  Obj  Depth IntInf | Incumbent    BestBd   Gap | It/Node Time

     0     0 infeasible    0               - infeasible      -     -    1s

Explored 1 nodes (2992 simplex iterations) in 1.33 seconds (1.57 work units)
Thread count was 22 (of 22 available processors)

Solution count 0

Model is infeasible
Best objective -, best bound -, gap -

User-callback calls 735, time in user-callback 0.00 sec
