
Gurobi 13.0.0 (linux64) logging started Sun Jan  4 10:31:22 2026

Set parameter LogFile to value "../experiments/network-n_60_s_2_rp_0-app_set-id_73_29_apps/compact_model_gurobi.log"
Set parameter TimeLimit to value 900
Gurobi Optimizer version 13.0.0 build v13.0.0rc1 (linux64 - "Ubuntu 24.04.3 LTS")

CPU model: Intel(R) Core(TM) Ultra 7 165H, instruction set [SSE2|AVX|AVX2]
Thread count: 22 physical cores, 22 logical processors, using up to 22 threads

Non-default parameters:
TimeLimit  900
LogToConsole  0

Academic license 2539022 - for non-commercial use only - registered to al___@studenti.unimi.it
Optimize a model with 71888 rows, 11280 columns and 159759 nonzeros (Min)
Model fingerprint: 0x57985cd8
Model has 11280 linear objective coefficients
Model has 190 quadratic constraints
Variable types: 0 continuous, 11280 integer (11280 binary)
Coefficient statistics:
  Matrix range     [1e+00, 9e+02]
  QMatrix range    [5e+01, 2e+02]
  Objective range  [1e+01, 2e+02]
  Bounds range     [1e+00, 1e+00]
  RHS range        [1e+00, 1e+09]
  QRHS range       [1e+02, 6e+02]
Presolve removed 68459 rows and 6317 columns
Presolve time: 0.19s
Presolved: 71028 rows, 72372 columns, 452623 nonzeros
Variable types: 0 continuous, 72372 integer (72372 binary)
Performing another presolve...
Presolve removed 4060 rows and 4154 columns
Presolve time: 0.92s
Deterministic concurrent LP optimizer: primal and dual simplex
Showing primal log only...

Concurrent spin time: 0.30s (can be avoided by choosing Method=3)

Solved with dual simplex

Root relaxation: infeasible, 12932 iterations, 1.73 seconds (2.79 work units)

    Nodes    |    Current Node    |     Objective Bounds      |     Work
 Expl Unexpl |  Obj  Depth IntInf | Incumbent    BestBd   Gap | It/Node Time

     0     0 infeasible    0               - infeasible      -     -    3s

Explored 1 nodes (12932 simplex iterations) in 3.60 seconds (4.38 work units)
Thread count was 22 (of 22 available processors)

Solution count 0

Model is infeasible
Best objective -, best bound -, gap -

User-callback calls 376, time in user-callback 0.00 sec
