FIXINGS_START
(0, 0, 0)
(0, 4, 0)
(1, 8, 0)
(2, 0, 0)
(3, 0, 0)
(4, 0, 0)
(4, 6, 0)
(5, 0, 0)
(5, 4, 0)
(6, 3, 0)
(7, 0, 0)
(8, 6, 0)
(9, 0, 0)
(10, 0, 0)
(10, 9, 0)
(11, 0, 0)
(11, 1, 0)
(12, 0, 0)
(13, 0, 0)
(14, 0, 0)
(14, 4, 0)
(15, 0, 0)
(16, 0, 0)
(10, 1, 0)
(12, 1, 0)
(8, 0, 0)
(12, 2, 0)
(15, 1, 2)
(13, 3, 0)
(12, 3, 0)
(5, 1, 0)
(5, 5, 0)
(1, 0, 0)
(13, 4, 0)
(14, 1, 0)
(8, 1, 0)
(5, 7, 0)
(8, 2, 0)
(16, 1, 0)
(3, 1, 0)
(15, 3, 1)
(6, 0, 0)
(3, 2, 0)
(9, 3, 0)
(2, 1, 0)
(9, 4, 0)
(16, 2, 0)
(4, 2, 0)
(10, 4, 0)
(5, 8, 0)
(2, 3, 0)
(2, 4, 20)
(7, 1, 0)
(1, 1, 0)
(8, 5, 0)
(0, 6, 0)
(14, 2, 0)
(3, 4, 0)
FIXINGS_END
found_sol 3981.0 time 21.380
found_sol 3964.0 time 24.495
found_sol 3959.0 time 32.731
found_sol 3956.0 time 33.254
time 54.348
GUROBI
Status OPTIMAL
Runtime 54.348121881484985
NodeCount 12516.0
IterCount 1956897.0
NumVars 4400
NumConstrs 16599
ObjBound 3956.0
ObjBoundC 3956.0
ObjVal 3956.0
MIPGap 0.0
