
Gurobi 13.0.0 (linux64) logging started Thu Jan 15 01:48:49 2026

Set parameter LogFile to value "../experiments/network-n_40_s_1_rp_0-app_set-id_37_17_apps/submip_40_epr0_model_gurobi.log"
Set parameter TimeLimit to value 8.9792342216300312e+02
Gurobi Optimizer version 13.0.0 build v13.0.0rc1 (linux64 - "Ubuntu 24.04.3 LTS")

CPU model: Intel(R) Core(TM) Ultra 7 165H, instruction set [SSE2|AVX|AVX2]
Thread count: 22 physical cores, 22 logical processors, using up to 22 threads

Non-default parameters:
TimeLimit  8.9792342216300312e+02
LogToConsole  0

Academic license 2539022 - for non-commercial use only - registered to al___@studenti.unimi.it
Optimize a model with 16599 rows, 4400 columns and 39175 nonzeros (Min)
Model fingerprint: 0xcbe40756
Model has 4400 linear objective coefficients
Model has 128 quadratic constraints
Variable types: 0 continuous, 4400 integer (4400 binary)
Coefficient statistics:
  Matrix range     [1e+00, 9e+02]
  QMatrix range    [5e+01, 2e+02]
  Objective range  [1e+01, 2e+02]
  Bounds range     [1e+00, 1e+00]
  RHS range        [1e+00, 1e+09]
  QRHS range       [1e+02, 6e+02]

MIP start from previous solve did not produce a new incumbent solution
MIP start from previous solve violates constraint fixed_app_15_microservice_3 by 1.000000000

Presolve removed 16229 rows and 3581 columns
Presolve time: 0.05s
Presolved: 6090 rows, 6420 columns, 36052 nonzeros
Variable types: 0 continuous, 6420 integer (6420 binary)

Root relaxation: objective 3.533377e+03, 727 iterations, 0.03 seconds (0.06 work units)

    Nodes    |    Current Node    |     Objective Bounds      |     Work
 Expl Unexpl |  Obj  Depth IntInf | Incumbent    BestBd   Gap | It/Node Time

     0     0 3533.37748    0  137          - 3533.37748      -     -    0s
     0     0 3592.75257    0  150          - 3592.75257      -     -    0s
     0     0 3605.50163    0  160          - 3605.50163      -     -    0s
     0     0 3606.25599    0  158          - 3606.25599      -     -    0s
     0     0 3606.44216    0  165          - 3606.44216      -     -    0s
     0     0 3663.80712    0  205          - 3663.80712      -     -    1s
     0     0 3674.32072    0  193          - 3674.32072      -     -    1s
     0     0 3675.12304    0  217          - 3675.12304      -     -    1s
     0     0 3711.36507    0  222          - 3711.36507      -     -    1s
     0     0 3716.44087    0  221          - 3716.44087      -     -    1s
     0     0 3718.30528    0  223          - 3718.30528      -     -    1s
     0     0 3727.48577    0  233          - 3727.48577      -     -    1s
     0     0 3727.52027    0  228          - 3727.52027      -     -    1s
     0     0 3727.52027    0  228          - 3727.52027      -     -    1s
     0     2 3727.55104    0  220          - 3727.55104      -     -    2s
   614   617 3767.14116   22  173          - 3735.02133      -   139    5s
  1660  1418 3775.13720    9  139          - 3735.93486      -   131   10s
  2928  2448 3871.50067   52   71          - 3741.24463      -   128   15s
  3257  2495 4047.71594   35  321          - 3754.72084      -   124   20s
  3322  2538 3783.65907   26  319          - 3761.36224      -   121   25s
  3533  2702 3785.13630   18  267          - 3768.90326      -   136   30s
  4049  2994 3825.43755   26  186          - 3771.93687      -   150   35s
  4335  3085 3854.18833   29  186          - 3771.94367      -   155   40s
  4760  3226 3852.24679   34  179          - 3772.22949      -   158   45s
  5528  3599 3825.17648   19  180          - 3782.74364      -   167   50s
  5977  3711 3902.34351   41   94          - 3782.89536      -   170   56s
  6721  4106 3879.91798   26  129          - 3786.95878      -   175   60s
  7815  4622 3858.19869   27  165          - 3787.02740      -   177   65s
H 8251  4379                    3997.0000000 3787.12144  5.25%   178   66s
  8915  4376 3822.98760   21  219 3997.00000 3788.11648  5.23%   178   70s
 10029  4633 3919.46330   28  173 3997.00000 3793.92162  5.08%   185   76s
 10741  4761 infeasible   21      3997.00000 3802.96997  4.85%   188   80s
 12061  5344 3918.94347   31  159 3997.00000 3804.58848  4.81%   190   86s
 12960  5621 3976.78553   35  185 3997.00000 3806.82303  4.76%   192   90s
 13745  6133 3851.31496   27  142 3997.00000 3806.82303  4.76%   194   95s
 14700  6577 3894.32111   20  215 3997.00000 3813.29881  4.60%   195  100s
 15830  7025 3850.86110   18  194 3997.00000 3817.55318  4.49%   196  105s
 17127  7626 3962.58130   34  142 3997.00000 3819.08176  4.45%   199  111s
 17850  7880 3960.52923   32  221 3997.00000 3819.50624  4.44%   198  115s
 19268  8475 3891.99812   18  204 3997.00000 3824.02159  4.33%   200  121s
 19986  8762 3936.78052   21  147 3997.00000 3825.93218  4.28%   200  125s
 21714  9018 3960.65563   27  183 3997.00000 3828.79619  4.21%   200  133s
H21716  8744                    3981.0000000 3828.79619  3.82%   200  133s
 21850  9026 3979.29546   29  192 3981.00000 3828.79619  3.82%   200  136s
 22938  9348 3890.23284   25  184 3981.00000 3831.71603  3.75%   199  140s
 24978 10139     cutoff   34      3981.00000 3835.05194  3.67%   198  149s
 26145 10396 3916.52541   29  155 3981.00000 3837.35489  3.61%   199  153s
 26998 10753 3877.40070   29  214 3981.00000 3839.31156  3.56%   199  157s
 27957 11221 3883.40237   28  183 3981.00000 3840.95342  3.52%   200  162s
 29018 11548 3955.43524   34  154 3981.00000 3842.26552  3.48%   200  166s
 30104 11895 3972.56711   26  132 3981.00000 3843.85034  3.45%   200  171s
 31184 12326 3964.77495   29  195 3981.00000 3845.21687  3.41%   201  175s
 32351 12655 3894.93819   24  203 3981.00000 3847.44627  3.35%   201  180s
 33480 13040     cutoff   27      3981.00000 3849.32988  3.31%   201  185s
 34928 13324 3883.10770   25  138 3981.00000 3850.93356  3.27%   200  191s
 36293 13670 3960.20149   29  152 3981.00000 3852.46893  3.23%   201  196s
 37695 14037 3950.61852   23  204 3981.00000 3854.08154  3.19%   201  202s
 39069 14418     cutoff   35      3981.00000 3855.91622  3.14%   201  207s
 40497 14921     cutoff   26      3981.00000 3857.85715  3.09%   201  214s
 42051 15382 3931.91386   28   91 3981.00000 3859.37581  3.06%   201  220s
*42091 15284              53    3977.0000000 3859.37581  2.96%   201  220s
 43770 15725 3925.88886   26  179 3977.00000 3860.97561  2.92%   201  227s
 45488 16151     cutoff   37      3977.00000 3863.02858  2.87%   201  234s
H45500 15488                    3966.0000000 3863.02858  2.60%   201  234s
 47233 15817 3916.46981   28  195 3966.00000 3864.57702  2.56%   201  241s
 49087 16159     cutoff   20      3966.00000 3866.61485  2.51%   201  267s
 50848 16310 3955.51325   29  183 3966.00000 3868.05729  2.47%   202  277s
 51734 16599     cutoff   32      3966.00000 3868.55749  2.46%   202  288s
 53083 16894 3888.09950   39  116 3966.00000 3868.77334  2.45%   201  302s
H53237 10599                    3925.0000000 3868.77334  1.43%   201  302s
 54733  9688 3921.81187   26  152 3925.00000 3868.79026  1.43%   201  317s
 59572  8865     cutoff   33      3925.00000 3879.25731  1.17%   200  329s
 62777  7742     cutoff   31      3925.00000 3884.26110  1.04%   201  340s
 66243  6287 infeasible   25      3925.00000 3892.62242  0.82%   200  349s
 69561  4704     cutoff   34      3925.00000 3898.60029  0.67%   197  356s
 72589  2907     cutoff   27      3925.00000 3905.71228  0.49%   194  360s

Cutting planes:
  Gomory: 8
  Cover: 535
  Implied bound: 1
  Clique: 45
  MIR: 373
  Knapsack: 13
  StrongCG: 271
  Flow cover: 604
  GUB cover: 27
  Inf proof: 2
  Zero half: 76
  Mod-K: 4
  RLT: 100
  Relax-and-lift: 138
  BQP: 8
  PSD: 2

Explored 77866 nodes (14449038 simplex iterations) in 363.68 seconds (329.00 work units)
Thread count was 22 (of 22 available processors)

Solution count 5: 3925 3966 3977 ... 3997

Optimal solution found (tolerance 1.00e-04)
Best objective 3.925000000000e+03, best bound 3.925000000000e+03, gap 0.0000%

User-callback calls 192965, time in user-callback 0.30 sec
Set parameter LogToConsole to value 0
