FIXINGS_START
(0, 0, 0)
(0, 4, 0)
(1, 8, 0)
(2, 0, 0)
(3, 0, 0)
(4, 0, 0)
(4, 6, 0)
(5, 0, 0)
(5, 4, 0)
(6, 3, 0)
(7, 0, 0)
(8, 6, 0)
(9, 0, 0)
(10, 0, 0)
(10, 9, 0)
(11, 0, 0)
(11, 1, 0)
(12, 0, 0)
(13, 0, 0)
(14, 0, 0)
(14, 4, 0)
(15, 0, 0)
(16, 0, 0)
(2, 1, 0)
(2, 3, 0)
(1, 0, 0)
(7, 1, 0)
(11, 2, 0)
(9, 3, 0)
(8, 0, 0)
(0, 6, 0)
(9, 4, 0)
(8, 1, 0)
(10, 1, 0)
(5, 1, 0)
(3, 1, 0)
(3, 2, 0)
(6, 0, 0)
(7, 2, 1)
(6, 1, 0)
(4, 2, 0)
(5, 5, 0)
(13, 3, 0)
(1, 1, 0)
(12, 1, 0)
(12, 2, 0)
(4, 3, 0)
(7, 3, 0)
(15, 1, 26)
(7, 4, 0)
(3, 4, 0)
(7, 5, 13)
(15, 3, 2)
(10, 4, 0)
(1, 2, 0)
(1, 3, 0)
(11, 3, 0)
(6, 2, 0)
FIXINGS_END
found_sol 3997.0 time 66.925
found_sol 3981.0 time 133.064
found_sol 3977.0 time 220.608
found_sol 3966.0 time 234.143
found_sol 3925.0 time 302.056
found_sol 3925.0 time 363.681
time 363.689
GUROBI
Status OPTIMAL
Runtime 363.6890399456024
NodeCount 77866.0
IterCount 14449038.0
NumVars 4400
NumConstrs 16599
ObjBound 3925.0
ObjBoundC 3925.0
ObjVal 3925.0
MIPGap 0.0
