
Gurobi 13.0.0 (linux64) logging started Thu Jan 15 01:54:52 2026

Set parameter LogFile to value "../experiments/network-n_40_s_1_rp_0-app_set-id_37_17_apps/submip_30_epr1_model_gurobi.log"
Set parameter TimeLimit to value 8.7920303050399525e+02
Gurobi Optimizer version 13.0.0 build v13.0.0rc1 (linux64 - "Ubuntu 24.04.3 LTS")

CPU model: Intel(R) Core(TM) Ultra 7 165H, instruction set [SSE2|AVX|AVX2]
Thread count: 22 physical cores, 22 logical processors, using up to 22 threads

Non-default parameters:
TimeLimit  8.7920303050399525e+02
LogToConsole  0

Academic license 2539022 - for non-commercial use only - registered to al___@studenti.unimi.it
Optimize a model with 16591 rows, 4400 columns and 39167 nonzeros (Min)
Model fingerprint: 0x677c74b0
Model has 4400 linear objective coefficients
Model has 128 quadratic constraints
Variable types: 0 continuous, 4400 integer (4400 binary)
Coefficient statistics:
  Matrix range     [1e+00, 9e+02]
  QMatrix range    [5e+01, 2e+02]
  Objective range  [1e+01, 2e+02]
  Bounds range     [1e+00, 1e+00]
  RHS range        [1e+00, 1e+09]
  QRHS range       [1e+02, 6e+02]

MIP start from previous solve did not produce a new incumbent solution
MIP start from previous solve violates constraint fixed_app_15_microservice_1 by 1.000000000

Presolve removed 16012 rows and 3362 columns
Presolve time: 0.07s
Presolved: 10188 rows, 10530 columns, 60160 nonzeros
Variable types: 0 continuous, 10530 integer (10530 binary)

Root relaxation: objective 3.482303e+03, 974 iterations, 0.06 seconds (0.11 work units)

    Nodes    |    Current Node    |     Objective Bounds      |     Work
 Expl Unexpl |  Obj  Depth IntInf | Incumbent    BestBd   Gap | It/Node Time

     0     0 3482.30349    0  163          - 3482.30349      -     -    0s
     0     0 3546.81455    0  173          - 3546.81455      -     -    0s
     0     0 3559.40910    0  178          - 3559.40910      -     -    1s
     0     0 3560.43419    0  180          - 3560.43419      -     -    1s
     0     0 3560.77573    0  181          - 3560.77573      -     -    1s
     0     0 3596.83713    0  187          - 3596.83713      -     -    1s
     0     0 3609.95785    0  216          - 3609.95785      -     -    1s
     0     0 3615.67200    0  211          - 3615.67200      -     -    1s
     0     0 3617.28100    0  263          - 3617.28100      -     -    1s
     0     0 3640.92658    0  225          - 3640.92658      -     -    1s
     0     0 3663.96337    0  235          - 3663.96337      -     -    2s
     0     0 3671.38269    0  269          - 3671.38269      -     -    2s
     0     0 3673.64885    0  256          - 3673.64885      -     -    2s
     0     0 3684.27690    0  273          - 3684.27690      -     -    2s
     0     0 3684.28596    0  270          - 3684.28596      -     -    2s
     0     0 3684.28596    0  265          - 3684.28596      -     -    2s
H    0     0                    4250.0000000 3684.31673  13.3%     -    2s
H    0     0                    4239.0000000 3684.31730  13.1%     -    2s
     0     2 3684.31730    0  257 4239.00000 3684.31730  13.1%     -    3s
H   91   141                    4205.0000000 3708.73617  11.8%   388    5s
H  148   182                    4192.0000000 3708.73617  11.5%   341    5s
H  231   283                    4182.0000000 3708.73617  11.3%   313    6s
H  583   582                    4125.0000000 3708.73617  10.1%   237    8s
   939   963 3811.71291   30  242 4125.00000 3708.73617  10.1%   207   10s
H 1721  1471                    4092.0000000 3713.21747  9.26%   188   13s
  2002  1659 3756.37603   16  219 4092.00000 3713.21747  9.26%   185   15s
H 2703  2152                    4088.0000000 3717.68739  9.06%   180   18s
H 2877  2219                    4071.0000000 3717.68739  8.68%   182   19s
  2988  2304 3988.55957   12 4320 4071.00000 3717.68739  8.68%   183   22s
  3007  2317 3788.91256   21  324 4071.00000 3717.68739  8.68%   181   25s
  3061  2353 3933.72708   46  391 4071.00000 3727.86758  8.43%   178   30s
  3107  2383 3788.91256   21  367 4071.00000 3735.53759  8.24%   176   35s
  3137  2420 3742.54980   17  394 4071.00000 3740.12372  8.13%   183   40s
  3263  2528 3750.85253   21  387 4071.00000 3744.67388  8.02%   193   45s
  3437  2650 3785.92832   24  307 4071.00000 3744.67388  8.02%   203   50s
  3642  2744 3796.95601   27  248 4071.00000 3753.44336  7.80%   210   55s
H 3792  2691                    4047.0000000 3753.53318  7.25%   214   58s
  3878  2736 3815.53881   30  290 4047.00000 3753.53318  7.25%   216   60s
H 3943  2629                    4044.0000000 3753.53318  7.18%   217   61s
  4109  2735 3833.86780   33  230 4044.00000 3753.53318  7.18%   218   65s
  4425  2844     cutoff   37      4044.00000 3757.74216  7.08%   222   71s
  4696  2939 3845.20664   21  172 4044.00000 3757.82520  7.08%   224   77s
  4909  3016 3892.59666   31  171 4044.00000 3757.82520  7.08%   225   80s
  5140  3032 3783.22960   24  294 4044.00000 3760.19753  7.02%   226   85s
H 5169  2897                    4024.0000000 3763.36417  6.48%   226   85s
  5464  3083 3823.09516   33  249 4024.00000 3763.36417  6.48%   227   91s
  5776  3168 3946.33226   46  177 4024.00000 3763.36417  6.48%   228   96s
  6026  3252 3794.74517   29  208 4024.00000 3765.22941  6.43%   230  101s
  6222  3258 3818.05325   35  252 4024.00000 3765.22941  6.43%   231  106s
  6482  3320 3852.64253   43  220 4024.00000 3766.65912  6.40%   231  111s
H 6509  3201                    4019.0000000 3766.65912  6.28%   231  111s
  6836  3432     cutoff   55      4019.00000 3770.00010  6.20%   231  117s
  7126  3520 3785.38737   25  232 4019.00000 3770.00010  6.20%   231  120s
  7707  3693 3782.89355   26  230 4019.00000 3770.00010  6.20%   231  127s
  8034  3723 3882.84855   45  135 4019.00000 3770.00010  6.20%   230  130s
  8612  3860     cutoff   35      4019.00000 3770.00010  6.20%   230  138s
  8980  3912 3873.01652   31  255 4019.00000 3770.00010  6.20%   229  141s
  9332  4075 4001.21648   44  233 4019.00000 3780.59567  5.93%   229  145s
H 9426  4074                    4018.0000000 3780.59567  5.91%   230  145s
H 9462  4052                    4009.0000000 3780.59567  5.70%   231  145s
H 9547  4037                    4002.0000000 3782.28970  5.49%   231  145s
  9929  4419 3905.80159   32  306 4002.00000 3782.88242  5.48%   232  153s
 10254  4629 3815.71066   32  304 4002.00000 3783.49445  5.46%   233  157s
 10697  4649 3807.16594   24  251 4002.00000 3783.49445  5.46%   233  162s
 10720  4671 3816.89211   25  208 4002.00000 3783.49445  5.46%   233  166s
 10813  4757 3824.67035   26  173 4002.00000 3783.51186  5.46%   233  171s
 11056  4934     cutoff   32      4002.00000 3783.51186  5.46%   232  175s
 11542  5098 3978.17126   31  157 4002.00000 3785.51806  5.41%   231  180s
 12017  5356 3801.95251   20  294 4002.00000 3785.93303  5.40%   231  185s
 12423  5615 3854.86163   25  266 4002.00000 3785.93303  5.40%   232  191s
 12970  5846 infeasible   34      4002.00000 3788.55641  5.33%   232  196s
 13465  6099 3922.93199   34  202 4002.00000 3789.25956  5.32%   232  201s
 13947  6338 3999.44131   37  160 4002.00000 3789.71904  5.30%   233  207s
 14415  6664 3832.44286   29  244 4002.00000 3790.67969  5.28%   234  213s
 14966  7046 3904.68780   27  286 4002.00000 3792.98127  5.22%   234  219s
 15595  7361 3858.36249   34  212 4002.00000 3793.01355  5.22%   234  226s
 16201  7732 3882.59202   29  205 4002.00000 3793.68666  5.21%   235  232s
 16870  8074 3904.97413   36  220 4002.00000 3795.08819  5.17%   236  239s
 17483  8375 3867.80976   35  195 4002.00000 3795.50021  5.16%   236  246s
 18044  8690 3875.86385   34  259 4002.00000 3796.80573  5.13%   237  253s
 18709  9115     cutoff   45      4002.00000 3796.80573  5.13%   239  261s
 19515  9525 3869.72415   34  150 4002.00000 3797.47779  5.11%   238  269s
 20354  9959 3937.24765   42  175 4002.00000 3800.08759  5.05%   238  277s
 21222 10546     cutoff   44      4002.00000 3801.66197  5.01%   238  285s
 22158 10863 3982.04136   39  170 4002.00000 3802.38503  4.99%   238  294s
H22543  9470                    3954.0000000 3802.38503  3.83%   238  294s
 22939  9552 3932.81814   31  198 3954.00000 3804.14874  3.79%   238  304s
 23212  9950 3831.68205   24  247 3954.00000 3804.14874  3.79%   238  313s
 24255 10137 3889.13985   32  233 3954.00000 3806.27997  3.74%   237  325s
 24683 11141 3917.03603   24  248 3954.00000 3806.31853  3.73%   237  346s
 26971 11528 3902.21349   26  252 3954.00000 3810.24957  3.64%   237  357s
 28144 11964     cutoff   35      3954.00000 3811.56146  3.60%   237  367s
 29265 12440 3925.18920   40  153 3954.00000 3812.64501  3.57%   237  378s
 30496 12887 3875.03130   32  204 3954.00000 3814.12132  3.54%   237  390s
 31750 13390 3890.60308   27  218 3954.00000 3814.60897  3.53%   237  401s
 33129 13759 3951.02439   33  181 3954.00000 3816.73064  3.47%   237  413s
 34378 14192     cutoff   30      3954.00000 3817.84233  3.44%   237  425s
 35674 14705 3936.82467   43  114 3954.00000 3819.51258  3.40%   237  438s
 37305 15056     cutoff   28      3954.00000 3820.51654  3.38%   236  451s
 38673 15509 3942.37182   32  197 3954.00000 3822.31044  3.33%   236  465s
 40337 16028 3937.61064   35  190 3954.00000 3824.04732  3.29%   235  479s
 42091 16522 3892.29591   29  229 3954.00000 3825.44414  3.25%   235  493s
 43736 17141 3860.61779   25  237 3954.00000 3826.41381  3.23%   235  508s
 45537 17551 3947.07111   27  198 3954.00000 3828.08961  3.18%   234  524s
 47466 18095 3864.71196   35  187 3954.00000 3829.58682  3.15%   234  540s
 49426 18096 3915.00295   38 4256 3954.00000 3831.51751  3.10%   233  583s
 49432 18100 3855.23392   31  223 3954.00000 3831.51751  3.10%   233  585s
 49467 18123 3832.52047   26  334 3954.00000 3831.51751  3.10%   233  590s
 49493 18141 3904.50177   46  300 3954.00000 3831.51751  3.10%   233  595s
 49515 18155 3857.39061   43  316 3954.00000 3831.51751  3.10%   233  600s
 49530 18165 3889.00779   33  320 3954.00000 3831.51751  3.10%   233  605s
 49543 18174 3924.13154   36  329 3954.00000 3831.51751  3.10%   233  610s
 49554 18181 3871.20384   24  328 3954.00000 3831.51751  3.10%   233  615s
 49564 18188 3901.59525   28  317 3954.00000 3831.51751  3.10%   233  620s
 49575 18204 3831.51751   25  281 3954.00000 3831.51751  3.10%   233  625s
 49621 18269 3831.51751   28  295 3954.00000 3831.51751  3.10%   233  630s
 49739 18322 3831.51751   31  272 3954.00000 3831.51751  3.10%   234  636s
 49801 18381 3831.51751   32  311 3954.00000 3831.51751  3.10%   234  640s
 49978 18459 3881.45127   34  254 3954.00000 3831.51751  3.10%   235  645s
 50127 18506 3838.39426   36  208 3954.00000 3831.51751  3.10%   235  650s
 50296 18533 3866.25883   39  255 3954.00000 3831.51751  3.10%   235  655s
 50481 18567 3922.12297   42  209 3954.00000 3831.51751  3.10%   236  661s
 50591 18590 3930.75669   46  198 3954.00000 3831.51751  3.10%   236  665s
 50802 18651 3865.08269   33  155 3954.00000 3831.51751  3.10%   236  671s
 50955 18702 3905.82268   40  131 3954.00000 3831.51751  3.10%   236  675s
 51137 18726 3831.51751   33  226 3954.00000 3831.51751  3.10%   236  680s
 51348 18766 3855.26673   39  220 3954.00000 3831.51751  3.10%   236  685s
 51555 18804     cutoff   48      3954.00000 3831.51751  3.10%   236  690s
 51802 18845 3831.51751   35  359 3954.00000 3831.51751  3.10%   236  696s
 52087 18896 3849.73860   42  266 3954.00000 3831.51751  3.10%   236  702s
 52235 18925 3872.33165   46  248 3954.00000 3831.51751  3.10%   236  705s
 52619 18991 infeasible   61      3954.00000 3831.51751  3.10%   236  712s
 52846 19013 3856.39878   32  265 3954.00000 3831.51751  3.10%   236  716s
 53198 19096 3885.41265   39  231 3954.00000 3831.51751  3.10%   236  723s
 53407 19143 3894.22435   40  238 3954.00000 3831.51751  3.10%   236  727s
 53648 19190 3874.82620   35  216 3954.00000 3831.51751  3.10%   236  731s
 54224 19284 3904.32622   36  207 3954.00000 3831.51751  3.10%   237  739s
 54574 19313 3918.76521   34  215 3954.00000 3831.51751  3.10%   237  743s
 54969 19352     cutoff   36      3954.00000 3831.51751  3.10%   237  748s
 55368 19425 3905.27182   43  136 3954.00000 3831.51751  3.10%   237  752s
 55820 19351 3932.21682   43  208 3954.00000 3831.51751  3.10%   237  757s
 55985 19491 3934.24241   36  166 3954.00000 3831.51751  3.10%   237  762s
 56521 19548 3847.56034   36  193 3954.00000 3831.51751  3.10%   237  766s
 57020 19566 3900.02403   35  255 3954.00000 3831.51751  3.10%   237  772s
 57475 19657 3907.67159   42  186 3954.00000 3831.51751  3.10%   237  776s
 58062 19711 3858.66423   37  193 3954.00000 3831.51751  3.10%   237  782s
 58643 19751 3880.73383   34  187 3954.00000 3831.51751  3.10%   237  787s
 59218 19816     cutoff   45      3954.00000 3831.51751  3.10%   237  793s
 59867 19838 3932.68780   45  198 3954.00000 3831.51751  3.10%   237  798s
 60581 19811 3932.10751   36  247 3954.00000 3831.51751  3.10%   237  804s
 61289 19877 3864.19430   38  215 3954.00000 3831.51751  3.10%   238  811s
 62045 19909 3901.60141   33  234 3954.00000 3831.51751  3.10%   238  817s
 62869 19916     cutoff   37      3954.00000 3832.64723  3.07%   238  824s
 63774 19826 3888.90751   35  239 3954.00000 3833.75737  3.04%   238  830s
 64565 19815 3925.75085   44  143 3954.00000 3835.15695  3.01%   238  837s
 65410 19844 3904.64441   36  198 3954.00000 3836.53316  2.97%   238  844s
 66287 19751 3896.15287   40  242 3954.00000 3837.87821  2.94%   238  851s
 67171 19682 3879.38726   37  217 3954.00000 3838.85103  2.91%   238  859s
 68104 19723     cutoff   53      3954.00000 3840.93736  2.86%   239  867s
 69093 19750 3881.99185   34  297 3954.00000 3842.03441  2.83%   238  875s

Cutting planes:
  Gomory: 20
  Cover: 913
  Implied bound: 1
  Clique: 35
  MIR: 456
  Knapsack: 13
  StrongCG: 340
  Flow cover: 755
  GUB cover: 42
  Inf proof: 3
  Zero half: 123
  Mod-K: 1
  RLT: 252
  Relax-and-lift: 77
  BQP: 24

Explored 70699 nodes (16875635 simplex iterations) in 879.23 seconds (806.78 work units)
Thread count was 22 (of 22 available processors)

Solution count 10: 3954 4002 4009 ... 4088

Time limit reached
Best objective 3.954000000000e+03, best bound 3.845000000000e+03, gap 2.7567%

User-callback calls 230477, time in user-callback 0.75 sec
Set parameter LogToConsole to value 0
