
Gurobi 13.0.0 (linux64) logging started Mon Jan  5 01:26:33 2026

Set parameter LogFile to value "../experiments/network-n_40_s_1_rp_0-app_set-id_7_7_apps/compact_model_gurobi.log"
Set parameter TimeLimit to value 900
Gurobi Optimizer version 13.0.0 build v13.0.0rc1 (linux64 - "Ubuntu 24.04.3 LTS")

CPU model: Intel(R) Core(TM) Ultra 7 165H, instruction set [SSE2|AVX|AVX2]
Thread count: 22 physical cores, 22 logical processors, using up to 22 threads

Non-default parameters:
TimeLimit  900
LogToConsole  0

Academic license 2539022 - for non-commercial use only - registered to al___@studenti.unimi.it
Optimize a model with 5698 rows, 1840 columns and 13882 nonzeros (Min)
Model fingerprint: 0x3387c560
Model has 1840 linear objective coefficients
Model has 128 quadratic constraints
Variable types: 0 continuous, 1840 integer (1840 binary)
Coefficient statistics:
  Matrix range     [1e+00, 7e+02]
  QMatrix range    [5e+01, 2e+02]
  Objective range  [1e+01, 2e+02]
  Bounds range     [1e+00, 1e+00]
  RHS range        [1e+00, 1e+09]
  QRHS range       [1e+02, 6e+02]
Presolve removed 5251 rows and 1071 columns
Presolve time: 0.06s
Presolved: 8529 rows, 8731 columns, 49618 nonzeros
Variable types: 0 continuous, 8731 integer (8731 binary)
Found heuristic solution: objective 1742.0000000

Root relaxation: objective 1.259715e+03, 218 iterations, 0.01 seconds (0.02 work units)

    Nodes    |    Current Node    |     Objective Bounds      |     Work
 Expl Unexpl |  Obj  Depth IntInf | Incumbent    BestBd   Gap | It/Node Time

     0     0 1259.71478    0   36 1742.00000 1259.71478  27.7%     -    0s
H    0     0                    1445.0000000 1259.71478  12.8%     -    0s
H    0     0                    1303.0000000 1259.71478  3.32%     -    0s
     0     0 1275.06069    0   46 1303.00000 1275.06069  2.14%     -    0s
     0     0 1275.07010    0   46 1303.00000 1275.07010  2.14%     -    0s
     0     0 1283.61425    0   64 1303.00000 1283.61425  1.49%     -    0s
H    0     0                    1302.0000000 1283.61425  1.41%     -    0s
     0     0 1283.62860    0   61 1302.00000 1283.62860  1.41%     -    0s
     0     0 1285.99764    0   84 1302.00000 1285.99764  1.23%     -    0s
     0     0 1285.99975    0   62 1302.00000 1285.99975  1.23%     -    0s
     0     0 1286.24514    0   62 1302.00000 1286.24514  1.21%     -    0s
     0     0 1289.34359    0   58 1302.00000 1289.34359  0.97%     -    0s
     0     0 1289.34359    0   58 1302.00000 1289.34359  0.97%     -    0s
     0     0 1289.34359    0   58 1302.00000 1289.34359  0.97%     -    0s
     0     0 1289.34359    0   58 1302.00000 1289.34359  0.97%     -    0s
     0     0 1289.34359    0   20 1302.00000 1289.34359  0.97%     -    1s
     0     0 1289.34359    0   27 1302.00000 1289.34359  0.97%     -    1s
     0     0 1289.34359    0   31 1302.00000 1289.34359  0.97%     -    1s
     0     0 1289.34359    0   37 1302.00000 1289.34359  0.97%     -    1s
     0     0 1289.34359    0   42 1302.00000 1289.34359  0.97%     -    1s
     0     0 1289.34359    0   39 1302.00000 1289.34359  0.97%     -    1s
     0     0 1290.50706    0   43 1302.00000 1290.50706  0.88%     -    1s
     0     0 1290.74335    0   43 1302.00000 1290.74335  0.86%     -    1s
     0     0 1290.74335    0   43 1302.00000 1290.74335  0.86%     -    1s
     0     0 1290.74335    0   43 1302.00000 1290.74335  0.86%     -    1s
     0     0 1290.86667    0   15 1302.00000 1290.86667  0.86%     -    1s
     0     0 1290.86667    0   26 1302.00000 1290.86667  0.86%     -    1s
     0     0 1290.86667    0   32 1302.00000 1290.86667  0.86%     -    1s
     0     0 1290.86667    0   26 1302.00000 1290.86667  0.86%     -    1s
     0     0 1290.86667    0   28 1302.00000 1290.86667  0.86%     -    1s
     0     0 1290.86667    0   30 1302.00000 1290.86667  0.86%     -    1s
     0     0 1290.86667    0   31 1302.00000 1290.86667  0.86%     -    1s
     0     0 1290.86667    0   29 1302.00000 1290.86667  0.86%     -    1s
     0     0 1290.86667    0   32 1302.00000 1290.86667  0.86%     -    1s
     0     0 1290.86667    0   33 1302.00000 1290.86667  0.86%     -    1s
     0     0 1292.66292    0   32 1302.00000 1292.66292  0.72%     -    1s
     0     0 1292.66292    0   32 1302.00000 1292.66292  0.72%     -    1s
     0     0 1292.66292    0   32 1302.00000 1292.66292  0.72%     -    1s
     0     0 1292.66292    0   29 1302.00000 1292.66292  0.72%     -    1s
     0     0 1292.66292    0   14 1302.00000 1292.66292  0.72%     -    1s
     0     0 1292.66292    0   25 1302.00000 1292.66292  0.72%     -    1s
     0     0 1292.66292    0   15 1302.00000 1292.66292  0.72%     -    1s
     0     0 1292.66292    0   27 1302.00000 1292.66292  0.72%     -    1s
     0     0 1292.66292    0   29 1302.00000 1292.66292  0.72%     -    1s
     0     0 1292.66292    0   32 1302.00000 1292.66292  0.72%     -    1s
     0     0 1292.66292    0   32 1302.00000 1292.66292  0.72%     -    1s
     0     0 1292.66292    0   34 1302.00000 1292.66292  0.72%     -    1s
     0     0 1292.66292    0   34 1302.00000 1292.66292  0.72%     -    1s
     0     0 1293.98810    0   35 1302.00000 1293.98810  0.62%     -    1s
     0     0 1293.99584    0   35 1302.00000 1293.99584  0.61%     -    1s
     0     2 1293.99584    0   35 1302.00000 1293.99584  0.61%     -    1s

Cutting planes:
  Gomory: 1
  Cover: 7
  Clique: 2
  MIR: 8
  Knapsack: 1
  StrongCG: 5
  GUB cover: 1
  Relax-and-lift: 2

Explored 43 nodes (1650 simplex iterations) in 1.19 seconds (0.72 work units)
Thread count was 22 (of 22 available processors)

Solution count 5: 1302 1303 1355 ... 1742

Optimal solution found (tolerance 1.00e-04)
Best objective 1.302000000000e+03, best bound 1.302000000000e+03, gap 0.0000%

User-callback calls 1209, time in user-callback 0.00 sec
