FIXINGS_START
(0, 0, 0)
(0, 6, 0)
(1, 0, 0)
(2, 0, 0)
(2, 8, 0)
(3, 3, 0)
(4, 0, 0)
(5, 0, 0)
(5, 6, 0)
(7, 0, 0)
(8, 0, 0)
(9, 0, 0)
(10, 0, 0)
(10, 6, 0)
(11, 0, 0)
(11, 9, 0)
(12, 0, 0)
(12, 4, 0)
(13, 0, 0)
(13, 4, 0)
(15, 3, 0)
(16, 0, 0)
(16, 6, 0)
(16, 2, 0)
(12, 1, 0)
(9, 2, 0)
(15, 0, 28)
(5, 3, 0)
(5, 5, 0)
(3, 0, 0)
(12, 3, 0)
(12, 6, 0)
(9, 4, 0)
(10, 1, 0)
(1, 1, 0)
(6, 0, 0)
(11, 4, 0)
(11, 6, 0)
(0, 1, 7)
(10, 3, 0)
(15, 1, 15)
(10, 4, 32)
(15, 2, 0)
(14, 0, 0)
(3, 1, 0)
(0, 3, 16)
(12, 7, 0)
(16, 3, 0)
(0, 4, 16)
(3, 2, 0)
(4, 3, 0)
(7, 2, 0)
(16, 4, 0)
(16, 5, 13)
(14, 1, 10)
(0, 5, 36)
(4, 4, 0)
(13, 2, 0)
FIXINGS_END
found_sol 4640.0 time 0.782
found_sol 4631.0 time 0.783
found_sol 4493.0 time 1.657
found_sol 4484.0 time 1.658
found_sol 4376.0 time 1.925
found_sol 4331.0 time 3.307
found_sol 4327.0 time 3.810
found_sol 4298.0 time 3.812
found_sol 4282.0 time 4.763
found_sol 4247.0 time 4.764
found_sol 4217.0 time 7.069
found_sol 4210.0 time 13.356
found_sol 4210.0 time 17.865
found_sol 4217.0 time 17.866
found_sol 4247.0 time 17.867
found_sol 4209.0 time 32.309
found_sol 4208.0 time 38.585
time 42.819
GUROBI
Status OPTIMAL
Runtime 42.818947076797485
NodeCount 7667.0
IterCount 861917.0
NumVars 6600
NumConstrs 40724
ObjBound 4208.0
ObjBoundC 4208.0
ObjVal 4208.0
MIPGap 0.0
