
Gurobi 13.0.0 (linux64) logging started Sun Jan 18 01:21:45 2026

Set parameter LogFile to value "../experiments/network-n_60_s_1_rp_0-app_set-id_36_17_apps/submip_40_epr1_model_gurobi.log"
Set parameter TimeLimit to value 8.6921992329599743e+02
Gurobi Optimizer version 13.0.0 build v13.0.0rc1 (linux64 - "Ubuntu 24.04.3 LTS")

CPU model: Intel(R) Core(TM) Ultra 7 165H, instruction set [SSE2|AVX|AVX2]
Thread count: 22 physical cores, 22 logical processors, using up to 22 threads

Non-default parameters:
TimeLimit  8.6921992329599743e+02
LogToConsole  0

Academic license 2539022 - for non-commercial use only - registered to al___@studenti.unimi.it
Optimize a model with 40724 rows, 6600 columns and 90694 nonzeros (Min)
Model fingerprint: 0x783a2e63
Model has 6600 linear objective coefficients
Model has 206 quadratic constraints
Variable types: 0 continuous, 6600 integer (6600 binary)
Coefficient statistics:
  Matrix range     [1e+00, 9e+02]
  QMatrix range    [5e+01, 2e+02]
  Objective range  [1e+01, 2e+02]
  Bounds range     [1e+00, 1e+00]
  RHS range        [1e+00, 1e+09]
  QRHS range       [1e+02, 6e+02]

MIP start from previous solve did not produce a new incumbent solution
MIP start from previous solve violates constraint fixed_app_14_microservice_1 by 1.000000000

Presolve removed 40227 rows and 5431 columns
Presolve time: 0.12s
Presolved: 9155 rows, 9632 columns, 57862 nonzeros
Variable types: 0 continuous, 9632 integer (9632 binary)

Root relaxation: objective 3.920144e+03, 1129 iterations, 0.08 seconds (0.10 work units)

    Nodes    |    Current Node    |     Objective Bounds      |     Work
 Expl Unexpl |  Obj  Depth IntInf | Incumbent    BestBd   Gap | It/Node Time

     0     0 3920.14381    0  150          - 3920.14381      -     -    0s
     0     0 3997.22761    0  157          - 3997.22761      -     -    1s
     0     0 4013.84770    0  186          - 4013.84770      -     -    1s
     0     0 4014.19003    0  187          - 4014.19003      -     -    1s
     0     0 4044.43525    0  197          - 4044.43525      -     -    2s
H    0     0                    5011.0000000 4054.93422  19.1%     -    2s
H    0     0                    5010.0000000 4054.93422  19.1%     -    2s
H    0     0                    4963.0000000 4054.93422  18.3%     -    2s
     0     0 4054.93422    0  219 4963.00000 4054.93422  18.3%     -    2s
     0     0 4057.30916    0  227 4963.00000 4057.30916  18.2%     -    2s
     0     0 4057.46725    0  223 4963.00000 4057.46725  18.2%     -    2s
H    0     0                    4927.0000000 4057.46725  17.6%     -    2s
H    0     0                    4919.0000000 4057.46725  17.5%     -    2s
H    0     0                    4817.0000000 4071.54773  15.5%     -    2s
     0     0 4071.54773    0  244 4817.00000 4071.54773  15.5%     -    2s
H    0     0                    4701.0000000 4071.54773  13.4%     -    2s
     0     0 4075.33465    0  254 4701.00000 4075.33465  13.3%     -    2s
     0     0 4076.16841    0  282 4701.00000 4076.16841  13.3%     -    2s
     0     0 4080.37019    0  278 4701.00000 4080.37019  13.2%     -    3s
     0     0 4080.37284    0  275 4701.00000 4080.37284  13.2%     -    3s
     0     0 4080.37284    0  263 4701.00000 4080.37284  13.2%     -    3s
     0     2 4080.39898    0  260 4701.00000 4080.39898  13.2%     -    3s
H   22    32                    4611.0000000 4090.64793  11.3%   374    4s
    53    92 4104.66113    6  290 4611.00000 4093.78196  11.2%   414    5s
H   58    92                    4605.0000000 4093.80366  11.1%   404    5s
H  160   186                    4442.0000000 4093.80366  7.84%   290    6s
H  237   268                    4434.0000000 4093.80366  7.67%   266    7s
H  243   268                    4420.0000000 4093.80366  7.38%   266    7s
H  256   268                    4386.0000000 4093.80366  6.66%   266    7s
H  260   268                    4373.0000000 4093.80366  6.38%   263    7s
H  366   389                    4364.0000000 4093.80366  6.19%   246    8s
H  379   389                    4326.0000000 4093.80366  5.37%   245    8s
H  382   389                    4317.0000000 4093.80366  5.17%   245    8s
H  465   476                    4296.0000000 4093.80366  4.71%   227    8s
   696   693 4124.01572   28  216 4296.00000 4093.80366  4.71%   206   10s
H  715   693                    4256.0000000 4093.80366  3.81%   206   10s
H  792   782                    4255.0000000 4098.66190  3.67%   203   11s
H  799   782                    4220.0000000 4098.66190  2.88%   202   11s
H  807   782                    4219.0000000 4098.66190  2.85%   201   11s
H  842   799                    4218.0000000 4098.66190  2.83%   200   11s
  1513  1292 4128.13191   11  241 4218.00000 4100.66081  2.78%   172   15s
  2307  1686 4121.25015   12  206 4218.00000 4102.73001  2.73%   161   20s
  3119  2231 4142.24427   14  190 4218.00000 4105.45426  2.67%   152   25s
  3279  2236 4200.10808   36  297 4218.00000 4105.45426  2.67%   152   30s
  3327  2268 4147.68233   16  359 4218.00000 4105.45426  2.67%   150   35s
  3354  2295 4109.72478   18  312 4218.00000 4105.45426  2.67%   153   40s
  3447  2390 4124.30388   22  252 4218.00000 4108.89473  2.59%   161   45s
  3675  2468 4145.00315   27  229 4218.00000 4113.41093  2.48%   166   50s
H 3731  2351                    4199.0000000 4113.41093  2.04%   166   51s
  3890  2368 4169.19454   30  161 4199.00000 4115.47207  1.99%   166   55s
  4169  2400 4183.60586   37   94 4199.00000 4122.54994  1.82%   166   60s
H 4215  2276                    4194.0000000 4122.54994  1.70%   166   60s
H 4378  2177                    4191.0000000 4122.54994  1.63%   167   63s
  4388  2195 4145.76147   28  210 4191.00000 4122.54994  1.63%   167   65s
  4675  2216 4184.36147   31  104 4191.00000 4124.32175  1.59%   169   70s
  4972  2207 4140.68668   26  214 4191.00000 4128.60973  1.49%   171   75s
  5195  2216 4154.88812   31  203 4191.00000 4132.32922  1.40%   172   80s
  5529  2243 4183.12970   38  141 4191.00000 4132.91532  1.39%   172   85s
  6070  2177 4169.35855   29  228 4191.00000 4135.62996  1.32%   173   91s
  6485  2136 4184.08974   22  168 4191.00000 4140.61258  1.20%   172   96s
  6937  2028 4168.49660   26  192 4191.00000 4141.49066  1.18%   172  101s
  7447  1892 4187.42823   25  242 4191.00000 4144.25299  1.12%   172  106s
  8026  1715 infeasible   31      4191.00000 4148.84980  1.01%   172  111s
  8596  1581 4188.74421   31  117 4191.00000 4150.55877  0.96%   171  117s
  8851  1477 4189.88776   34   94 4191.00000 4153.12854  0.90%   171  120s
  9304  1352 4183.76936   27  128 4191.00000 4154.16426  0.88%   170  126s
  9779  1336 4178.87302   32  180 4191.00000 4156.09796  0.83%   170  132s
 10062  1304     cutoff   27      4191.00000 4156.56617  0.82%   169  135s
 10924  1176 4189.34735   27  130 4191.00000 4161.43344  0.71%   168  142s
 11552  1053     cutoff   35      4191.00000 4163.43988  0.66%   165  146s
 12177   873 4180.57515   32  169 4191.00000 4166.26089  0.59%   163  150s
 13665    80 4182.60318   34  124 4191.00000 4173.22212  0.42%   157  157s

Cutting planes:
  Gomory: 3
  Lift-and-project: 1
  Cover: 245
  Implied bound: 2
  Clique: 48
  MIR: 156
  Knapsack: 16
  StrongCG: 77
  Flow cover: 150
  GUB cover: 14
  Inf proof: 1
  Zero half: 50
  RLT: 198
  Relax-and-lift: 105
  BQP: 19

Explored 14678 nodes (2216788 simplex iterations) in 157.57 seconds (100.27 work units)
Thread count was 22 (of 22 available processors)

Solution count 10: 4191 4194 4199 ... 4317

Optimal solution found (tolerance 1.00e-04)
Best objective 4.191000000000e+03, best bound 4.191000000000e+03, gap 0.0000%

User-callback calls 43580, time in user-callback 0.14 sec
