
Gurobi 13.0.0 (linux64) logging started Thu Jan 15 00:19:33 2026

Set parameter LogFile to value "../experiments/network-n_30_s_1_rp_0-app_set-id_31_15_apps/submip_30_epr0_model_gurobi.log"
Set parameter TimeLimit to value 898.221103532007
Gurobi Optimizer version 13.0.0 build v13.0.0rc1 (linux64 - "Ubuntu 24.04.3 LTS")

CPU model: Intel(R) Core(TM) Ultra 7 165H, instruction set [SSE2|AVX|AVX2]
Thread count: 22 physical cores, 22 logical processors, using up to 22 threads

Non-default parameters:
TimeLimit  898.221103532007
LogToConsole  0

Academic license 2539022 - for non-commercial use only - registered to al___@studenti.unimi.it
Optimize a model with 7727 rows, 2940 columns and 19504 nonzeros (Min)
Model fingerprint: 0x2c4b5868
Model has 2940 linear objective coefficients
Model has 100 quadratic constraints
Variable types: 0 continuous, 2940 integer (2940 binary)
Coefficient statistics:
  Matrix range     [1e+00, 9e+02]
  QMatrix range    [5e+01, 2e+02]
  Objective range  [1e+01, 2e+02]
  Bounds range     [1e+00, 1e+00]
  RHS range        [1e+00, 1e+09]
  QRHS range       [1e+02, 6e+02]
Presolve removed 7463 rows and 2204 columns
Presolve time: 0.02s
Presolved: 3684 rows, 4060 columns, 22451 nonzeros
Variable types: 0 continuous, 4060 integer (4060 binary)

Root relaxation: objective 4.074178e+03, 768 iterations, 0.02 seconds (0.03 work units)

    Nodes    |    Current Node    |     Objective Bounds      |     Work
 Expl Unexpl |  Obj  Depth IntInf | Incumbent    BestBd   Gap | It/Node Time

     0     0 4074.17800    0   93          - 4074.17800      -     -    0s
     0     0 4213.70402    0  124          - 4213.70402      -     -    0s
     0     0 4220.61267    0  109          - 4220.61267      -     -    0s
     0     0 4220.69546    0  121          - 4220.69546      -     -    0s
     0     0 4498.54816    0  120          - 4498.54816      -     -    0s
     0     0 4682.55235    0  133          - 4682.55235      -     -    0s
     0     0 infeasible    0               - infeasible      -     -    0s

Cutting planes:
  Gomory: 5
  Cover: 28
  Clique: 10
  MIR: 36
  Knapsack: 7
  StrongCG: 20
  GUB cover: 5
  RLT: 43
  Relax-and-lift: 5
  BQP: 6

Explored 1 nodes (2336 simplex iterations) in 0.60 seconds (0.51 work units)
Thread count was 22 (of 22 available processors)

Solution count 0

Model is infeasible
Best objective -, best bound -, gap -

User-callback calls 706, time in user-callback 0.00 sec
Set parameter LogToConsole to value 0
