FIXINGS_START
(0, 0, 0)
(0, 4, 0)
(1, 0, 0)
(2, 0, 0)
(2, 9, 0)
(3, 0, 0)
(4, 0, 0)
(5, 9, 0)
(6, 7, 0)
(6, 8, 0)
(7, 0, 0)
(8, 4, 0)
(9, 0, 0)
(9, 1, 0)
(10, 0, 0)
(11, 0, 0)
(12, 0, 0)
(12, 6, 0)
(13, 0, 0)
(13, 7, 0)
(14, 0, 0)
(8, 0, 15)
(14, 2, 15)
(0, 1, 0)
(2, 2, 3)
(11, 1, 0)
(12, 1, 0)
(9, 2, 0)
(14, 3, 0)
(6, 0, 1)
(5, 0, 0)
(10, 1, 3)
(6, 1, 16)
(9, 3, 0)
(2, 3, 18)
(3, 1, 16)
(10, 2, 1)
(13, 2, 15)
(8, 2, 0)
(5, 1, 0)
(10, 3, 0)
(5, 3, 0)
(12, 3, 9)
(9, 5, 0)
(2, 5, 14)
(0, 3, 0)
(0, 6, 0)
(0, 7, 0)
(9, 6, 15)
(6, 2, 0)
(5, 7, 0)
(4, 1, 0)
FIXINGS_END
time 0.314
GUROBI
Status INFEASIBLE
Runtime 0.3136410713195801
NodeCount 1.0
IterCount 1473.0
NumVars 2940
NumConstrs 7734
ObjBound inf
ObjBoundC inf
ObjVal None
MIPGap inf
