FIXINGS_START
(0, 0, 0)
(0, 4, 0)
(1, 0, 0)
(2, 0, 0)
(2, 9, 0)
(3, 0, 0)
(4, 0, 0)
(5, 9, 0)
(6, 7, 0)
(6, 8, 0)
(7, 0, 0)
(8, 4, 0)
(9, 0, 0)
(9, 1, 0)
(10, 0, 0)
(11, 0, 0)
(12, 0, 0)
(12, 6, 0)
(13, 0, 0)
(13, 7, 0)
(14, 0, 0)
(0, 1, 0)
(11, 1, 0)
(9, 2, 0)
(6, 1, 16)
(2, 2, 1)
(5, 0, 0)
(4, 1, 0)
(6, 2, 0)
(9, 3, 0)
(8, 0, 15)
(7, 3, 12)
(9, 5, 0)
(13, 2, 15)
(4, 2, 0)
(0, 3, 0)
(10, 1, 3)
(8, 2, 0)
(14, 2, 15)
(8, 3, 7)
(4, 3, 13)
(2, 3, 14)
(5, 1, 0)
(4, 4, 0)
(12, 1, 0)
FIXINGS_END
time 1.774
GUROBI
Status INFEASIBLE
Runtime 1.773482084274292
NodeCount 29.0
IterCount 7115.0
NumVars 2940
NumConstrs 7727
ObjBound inf
ObjBoundC inf
ObjVal None
MIPGap inf
