
Gurobi 13.0.0 (linux64) logging started Mon Jan  5 00:19:31 2026

Set parameter LogFile to value "../experiments/network-n_40_s_0_rp_0-app_set-id_0_5_apps/compact_model_gurobi.log"
Set parameter TimeLimit to value 900
Gurobi Optimizer version 13.0.0 build v13.0.0rc1 (linux64 - "Ubuntu 24.04.3 LTS")

CPU model: Intel(R) Core(TM) Ultra 7 165H, instruction set [SSE2|AVX|AVX2]
Thread count: 22 physical cores, 22 logical processors, using up to 22 threads

Non-default parameters:
TimeLimit  900
LogToConsole  0

Academic license 2539022 - for non-commercial use only - registered to al___@studenti.unimi.it
Optimize a model with 5388 rows, 1280 columns and 12502 nonzeros (Min)
Model fingerprint: 0x54b730af
Model has 1280 linear objective coefficients
Model has 128 quadratic constraints
Variable types: 0 continuous, 1280 integer (1280 binary)
Coefficient statistics:
  Matrix range     [1e+00, 9e+02]
  QMatrix range    [5e+01, 2e+02]
  Objective range  [1e+01, 2e+02]
  Bounds range     [1e+00, 1e+00]
  RHS range        [1e+00, 1e+09]
  QRHS range       [1e+02, 6e+02]
Presolve removed 5066 rows and 742 columns
Presolve time: 0.03s
Presolved: 3529 rows, 3626 columns, 21474 nonzeros
Variable types: 0 continuous, 3626 integer (3626 binary)
Found heuristic solution: objective 1808.0000000
Found heuristic solution: objective 1751.0000000

Root relaxation: objective 9.178178e+02, 126 iterations, 0.01 seconds (0.01 work units)

    Nodes    |    Current Node    |     Objective Bounds      |     Work
 Expl Unexpl |  Obj  Depth IntInf | Incumbent    BestBd   Gap | It/Node Time

     0     0  917.81779    0   49 1751.00000  917.81779  47.6%     -    0s
H    0     0                    1212.0000000  917.81779  24.3%     -    0s
H    0     0                    1043.0000000  917.81779  12.0%     -    0s
H    0     0                    1036.0000000  917.81779  11.4%     -    0s
H    0     0                    1018.0000000  940.40102  7.62%     -    0s
H    0     0                    1006.0000000  940.40102  6.52%     -    0s
     0     0  940.40102    0   45 1006.00000  940.40102  6.52%     -    0s
H    0     0                     995.0000000  940.40102  5.49%     -    0s
H    0     0                     994.0000000  940.40102  5.39%     -    0s
H    0     0                     972.0000000  940.40102  3.25%     -    0s
     0     0  943.28922    0   53  972.00000  943.28922  2.95%     -    0s
     0     0  943.51415    0   48  972.00000  943.51415  2.93%     -    0s
H    0     0                     969.0000000  947.46698  2.22%     -    0s
H    0     0                     962.0000000  947.46698  1.51%     -    0s
     0     0  947.46698    0   46  962.00000  947.46698  1.51%     -    0s
     0     0  947.46698    0   47  962.00000  947.46698  1.51%     -    0s
     0     0  947.89360    0   47  962.00000  947.89360  1.47%     -    0s
H    0     0                     957.0000000  947.89360  0.95%     -    0s
     0     0  949.67136    0   43  957.00000  949.67136  0.77%     -    0s
     0     0  950.25034    0   45  957.00000  950.25034  0.71%     -    0s
     0     0  950.26059    0   43  957.00000  950.26059  0.70%     -    0s
     0     0  951.66117    0   23  957.00000  951.66117  0.56%     -    0s
     0     0  952.02963    0   38  957.00000  952.02963  0.52%     -    0s
     0     0  952.14588    0   49  957.00000  952.14588  0.51%     -    0s
     0     0  955.00000    0   29  957.00000  955.00000  0.21%     -    0s
     0     0     cutoff    0       957.00000  957.00000  0.00%     -    0s

Explored 1 nodes (558 simplex iterations) in 0.45 seconds (0.29 work units)
Thread count was 22 (of 22 available processors)

Solution count 10: 957 962 962 ... 1036

Optimal solution found (tolerance 1.00e-04)
Best objective 9.570000000000e+02, best bound 9.570000000000e+02, gap 0.0000%

User-callback calls 724, time in user-callback 0.00 sec
