
Gurobi 13.0.0 (linux64) logging started Sat Jan 17 20:55:41 2026

Set parameter LogFile to value "../experiments/network-n_60_s_0_rp_0-app_set-id_64_26_apps/submip_30_epr1_model_gurobi.log"
Set parameter TimeLimit to value 7.4251797761398484e+02
Gurobi Optimizer version 13.0.0 build v13.0.0rc1 (linux64 - "Ubuntu 24.04.3 LTS")

CPU model: Intel(R) Core(TM) Ultra 7 165H, instruction set [SSE2|AVX|AVX2]
Thread count: 22 physical cores, 22 logical processors, using up to 22 threads

Non-default parameters:
TimeLimit  7.4251797761398484e+02
LogToConsole  0

Academic license 2539022 - for non-commercial use only - registered to al___@studenti.unimi.it
Optimize a model with 46279 rows, 10140 columns and 106463 nonzeros (Min)
Model fingerprint: 0x018cb13c
Model has 10140 linear objective coefficients
Model has 200 quadratic constraints
Variable types: 0 continuous, 10140 integer (10140 binary)
Coefficient statistics:
  Matrix range     [1e+00, 9e+02]
  QMatrix range    [5e+01, 2e+02]
  Objective range  [1e+01, 2e+02]
  Bounds range     [1e+00, 1e+00]
  RHS range        [1e+00, 1e+09]
  QRHS range       [1e+02, 6e+02]
Presolve removed 45390 rows and 7869 columns
Presolve time: 0.25s
Presolved: 24300 rows, 25423 columns, 149837 nonzeros
Variable types: 0 continuous, 25423 integer (25423 binary)
Deterministic concurrent LP optimizer: primal and dual simplex
Showing primal log only...

Concurrent spin time: 0.11s (can be avoided by choosing Method=3)

Solved with dual simplex

Root relaxation: objective 6.831042e+03, 3872 iterations, 0.91 seconds (0.89 work units)

    Nodes    |    Current Node    |     Objective Bounds      |     Work
 Expl Unexpl |  Obj  Depth IntInf | Incumbent    BestBd   Gap | It/Node Time

     0     0 6831.04197    0  339          - 6831.04197      -     -    1s
     0     0 6832.75475    0  326          - 6832.75475      -     -    2s
     0     0 6832.77782    0  324          - 6832.77782      -     -    2s
     0     0 6876.07191    0  329          - 6876.07191      -     -    4s
     0     0 6961.52948    0  331          - 6961.52948      -     -    4s
     0     0 7077.50594    0  412          - 7077.50594      -     -    6s
     0     0 7099.15541    0  382          - 7099.15541      -     -    7s
     0     0 7101.46988    0  400          - 7101.46988      -     -    7s
     0     0 7102.02226    0  415          - 7102.02226      -     -    7s
     0     0 7102.26723    0  430          - 7102.26723      -     -    7s
     0     0 7188.40451    0  374          - 7188.40451      -     -   10s
     0     0 7229.36673    0  430          - 7229.36673      -     -   10s
     0     0 7252.15760    0  445          - 7252.15760      -     -   11s
     0     0 7277.72738    0  445          - 7277.72738      -     -   12s
     0     0 7295.69606    0  479          - 7295.69606      -     -   12s
     0     0 7301.56027    0  476          - 7301.56027      -     -   13s
     0     0 7383.63421    0  483          - 7383.63421      -     -   16s
     0     0 7408.54017    0  538          - 7408.54017      -     -   16s
     0     0 7426.26611    0  588          - 7426.26611      -     -   17s
     0     0 7438.33676    0  610          - 7438.33676      -     -   18s
     0     0 7486.82581    0  597          - 7486.82581      -     -   21s
     0     0 7486.91673    0  577          - 7486.91673      -     -   21s
     0     0 7486.91673    0  568          - 7486.91673      -     -   21s
     0     2 7487.05258    0  561          - 7487.05258      -     -   23s
     7    16 7510.34056    3  533          - 7496.13482      -   471   26s
    31    54 7521.20510    5  513          - 7503.76697      -   526   30s
   131   167 7547.82057    9  526          - 7508.27621      -   506   36s
   208   246 7556.61038   11  483          - 7508.27621      -   476   40s
   302   318 7559.16838   12  502          - 7508.27621      -   454   45s
   380   387 7562.09207   14  497          - 7508.27621      -   456   52s
   424   432 7568.20810   16  476          - 7508.27621      -   466   57s
   472   482 7575.37208   18  478          - 7508.27621      -   473   62s
   526   529 7584.02772   20  444          - 7508.27621      -   480   66s
   578   577 7652.40454   21  440          - 7508.27621      -   491   71s
   629   629 7601.70832   23  448          - 7508.27621      -   498   75s
   687   684 7603.62848   25  434          - 7508.27621      -   498   80s
   768   762 7611.97739   28  422          - 7508.27621      -   497   87s
   819   814 7618.59116   29  454          - 7508.27621      -   503   92s
   846   836 7671.43837   29  432          - 7508.27621      -   504   95s
   892   886 7624.01175   31  442          - 7508.27621      -   506  101s
   941   934 7627.38373   33  448          - 7508.27621      -   508  106s
   990   980 7646.30332   35  423          - 7508.27621      -   504  112s
  1012  1007 7642.89513   36  427          - 7508.27621      -   502  115s
  1066  1066 7650.29865   38  429          - 7508.27621      -   498  122s
  1102  1117 7661.02249   38  410          - 7508.27621      -   493  125s
  1258  1275 7662.14413   40  413          - 7508.27621      -   465  132s
  1335  1352 7671.12202   41  458          - 7508.27621      -   459  136s
  1422  1439 7791.54422   41  412          - 7511.92741      -   455  140s
  1645  1661 7673.63648   42  438          - 7518.98640      -   446  148s
  1789  1794 7735.03954   43  426          - 7518.98640      -   437  152s
  1950  1903 7741.73858   44  413          - 7518.98640      -   428  156s
  2093  2017 7755.17403   45  422          - 7519.33945      -   427  161s
  2251  2137 7759.29781   46  421          - 7519.33945      -   423  165s
  2435  2271 7801.01444   47  391          - 7521.16134      -   418  170s
  2627  2403 7780.61497   47  417          - 7521.29738      -   411  175s
  2811  2545 7807.84242   48  410          - 7521.29738      -   407  180s
  3217  2795 7934.40653   49  405          - 7521.29738      -   400  190s
  3379  2796 7937.62464   57 10024          - 7521.29738      -   403  196s
  3381  2797 7768.42079   23  363          - 7521.29738      -   403  201s
  3384  2799 7684.18945   28  418          - 7521.29738      -   403  206s
  3386  2801 7766.10208   26  469          - 7521.29738      -   402  211s
  3388  2802 7677.58840    9  529          - 7521.29738      -   402  215s
  3395  2807 8031.84116   65  562          - 7521.29738      -   401  220s
  3407  2815 7562.76866    9  611          - 7556.87808      -   400  226s
  3417  2821 7696.36473   43  682          - 7575.94766      -   399  230s
  3427  2828 7632.19401   35  667          - 7594.86751      -   397  235s
  3436  2834 8239.23943   16  646          - 7617.34819      -   396  240s
  3447  2841 7787.54057   11  727          - 7635.01833      -   395  245s
  3458  2849 7644.12572   17  708          - 7644.12572      -   394  250s
  3468  2855 8439.14185   23  751          - 7652.46866      -   393  255s
  3480  2863 7861.80839   33  771          - 7659.58159      -   391  260s
  3492  2871 7668.49015   39  748          - 7666.45975      -   390  265s
  3508  2882 7736.11537   48  835          - 7670.35118      -   388  270s
  3519  2889 7676.79032   13  792          - 7676.79032      -   387  275s
  3530  2897 7681.61305   17  766          - 7681.61305      -   386  280s
  3538  2902 7695.88464   35  776          - 7695.88464      -   385  285s
  3552  2911 7700.00872   19  847          - 7700.00872      -   383  290s
  3560  2917 7804.45401   13  837          - 7710.12052      -   383  295s
  3577  2928 7720.21458   44  856          - 7713.71859      -   381  300s
  3591  2937 7846.43806   77  798          - 7717.99932      -   379  305s
  3608  2949 7736.11537   48  827          - 7721.88463      -   378  310s
  3613  2952 7727.82310    5  803          - 7727.82310      -   377  315s
  3626  2961 7731.45053   12  817          - 7731.45053      -   376  320s
  3638  2969 7734.17451   35  774          - 7734.17451      -   374  325s
  3659  2983 7900.74173   85  823          - 7736.30639      -   372  330s
  3676  2994 7737.34703   11  818          - 7737.34703      -   371  335s
  3677  2995 7737.48332   44  800          - 7737.48332      -   370  340s
  3687  3001 7739.06664   15  779          - 7739.06664      -   369  345s
  3701  3011 7999.03008   16  838          - 7741.59393      -   368  350s
  3707  3015 7741.73131    9  855          - 7741.73131      -   367  355s
  3715  3020 7742.14211   13  821          - 7742.14211      -   367  360s
  3728  3029 7743.49525   13  833          - 7743.49525      -   365  365s
  3746  3041 7809.99875   70  783          - 7746.35770      -   364  372s
  3753  3045 7969.21103   61  823          - 7746.68291      -   363  375s
  3758  3049 7746.86101   17  831          - 7746.86101      -   362  380s
  3763  3052 7747.03552   30  864          - 7747.03552      -   362  385s
  3771  3058 8031.60442   70  366          - 7747.07411      -   390  394s
  3772  3059 7747.07411   23  344          - 7747.07411      -   389  395s
  3775  3061 7747.07411   37  452          - 7747.07411      -   389  401s
  3777  3062 7747.09200   44  561          - 7747.09200      -   389  407s
  3778  3063 7749.43011   17  569          - 7749.43011      -   389  410s
  3780  3064 7861.80839   33  628          - 7749.43011      -   389  415s
  3786  3068 7766.10208   26  769          - 7754.01669      -   388  420s
  3800  3078 7758.21904    8  807          - 7758.21904      -   387  426s
  3813  3086 7765.00009    5  820          - 7765.00009      -   385  431s
  3827  3096 7767.10487   35  783          - 7767.10487      -   384  435s
  3836  3102 8239.23943   16  818          - 7767.10487      -   383  440s
  3845  3108 7981.80958   93  824          - 7767.10487      -   382  445s
  3856  3115 8046.74399   74  824          - 7767.10487      -   381  450s
  3866  3122 7767.10487   34  849          - 7767.10487      -   380  456s
  3874  3127 7976.97374   60  835          - 7767.10487      -   379  460s
  3888  3136 7767.10487    9  851          - 7767.10487      -   378  465s
  3902  3146 7767.10487   11  851          - 7767.10487      -   376  470s
  3918  3156 7993.91192   17  871          - 7767.10487      -   375  475s
  3931  3165 7867.83995   42  863          - 7767.10487      -   374  480s
  3947  3176 7787.54057   11  856          - 7767.10487      -   372  486s
  3959  3184 7900.74173   85  843          - 7767.10487      -   371  491s
  3970  3191 7767.10487   35  862          - 7767.10487      -   370  496s
  3971  3192 8031.60442   70  840          - 7767.21206      -   370  505s
  3985  3201 7845.89143   84  855          - 7768.64634      -   369  511s
  3996  3208 7769.22955   19  818          - 7769.22955      -   368  515s
  4003  3213 7829.03253   33  799          - 7769.64034      -   367  520s
  4009  3217 7769.80970   36  813          - 7769.80970      -   366  526s
  4021  3225 7834.55782   27  865          - 7770.53353      -   365  531s
  4035  3234 7905.50265   71  869          - 7771.75630      -   364  535s
  4041  3238 7771.80105   43  882          - 7771.80105      -   363  540s
  4047  3242 7787.54057   11  856          - 7772.16789      -   363  545s
  4059  3250 7900.74173   85  856          - 7775.06342      -   362  550s
  4068  3256 8439.14185   23  859          - 7775.22738      -   361  555s
  4081  3265 7778.66652   23  841          - 7778.66652      -   360  560s
  4095  3274 8031.84116   65  907          - 7779.70014      -   359  566s
  4103  3280 7829.03253   33  909          - 7780.37718      -   358  571s
  4106  3282 7780.39559   18  904          - 7780.39559      -   358  575s
  4111  3285 8131.87837   81  866          - 7780.69684      -   357  587s
  4112  3289 7780.69684   21  784          - 7780.69684      -   375  592s
  4114  3292 7785.21469   22  797          - 7785.21469      -   375  599s
  4118  3299 7790.15386   23  728          - 7786.63498      -   378  605s
  4126  3308 7795.04393   24  731          - 7790.19195      -   380  612s
  4142  3325 7797.43898   25  739          - 7795.05303      -   385  622s
  4164  3355 7815.74016   26  671          - 7797.57154      -   389  635s
  4204  3365 8316.02572   27  529          - 7797.57154      -   394  648s
  4231  3389 7840.90808   28  684          - 7797.57154      -   397  659s
  4270  3402 7845.09974   29  658          - 7797.57154      -   411  669s
  4298  3422 7919.15612   29  596          - 7797.57154      -   415  681s
  4331  3453 7845.59469   30  651          - 7797.57154      -   423  691s
  4381  3481 7849.54436   31  682          - 7797.57154      -   431  701s
  4434  3507 7864.81709   32  709          - 7797.57154      -   440  709s
  4478  3531 7866.25738   33  697          - 7797.57154      -   449  719s
  4522  3562 7868.62392   34  682          - 7797.57154      -   455  727s
  4572  3570 7923.30508   35  635          - 7797.57154      -   463  736s
  4603  3583 7875.73193   35  682          - 7797.57154      -   468  742s

Cutting planes:
  Cover: 98
  Clique: 42
  MIR: 211
  Knapsack: 11
  StrongCG: 90
  Flow cover: 465
  GUB cover: 10
  Zero half: 38
  RLT: 76
  Relax-and-lift: 144
  BQP: 13

Explored 4626 nodes (2198471 simplex iterations) in 742.57 seconds (784.04 work units)
Thread count was 22 (of 22 available processors)

Solution count 0

Time limit reached
Best objective -, best bound 7.798000000000e+03, gap -

User-callback calls 151654, time in user-callback 0.78 sec
Set parameter LogToConsole to value 0
