
Gurobi 13.0.0 (linux64) logging started Thu Jan 15 03:50:58 2026

Set parameter LogFile to value "../experiments/network-n_50_s_0_rp_0-app_set-id_40_18_apps/submip_40_epr0_model_gurobi.log"
Set parameter TimeLimit to value 8.9668816498201340e+02
Gurobi Optimizer version 13.0.0 build v13.0.0rc1 (linux64 - "Ubuntu 24.04.3 LTS")

CPU model: Intel(R) Core(TM) Ultra 7 165H, instruction set [SSE2|AVX|AVX2]
Thread count: 22 physical cores, 22 logical processors, using up to 22 threads

Non-default parameters:
TimeLimit  8.9668816498201340e+02
LogToConsole  0

Academic license 2539022 - for non-commercial use only - registered to al___@studenti.unimi.it
Optimize a model with 21253 rows, 5850 columns and 50269 nonzeros (Min)
Model fingerprint: 0x86f667f1
Model has 5850 linear objective coefficients
Model has 166 quadratic constraints
Variable types: 0 continuous, 5850 integer (5850 binary)
Coefficient statistics:
  Matrix range     [1e+00, 9e+02]
  QMatrix range    [5e+01, 2e+02]
  Objective range  [1e+01, 2e+02]
  Bounds range     [1e+00, 1e+00]
  RHS range        [1e+00, 1e+09]
  QRHS range       [1e+02, 6e+02]
Presolve removed 20901 rows and 5060 columns
Presolve time: 0.04s
Presolved: 4053 rows, 4345 columns, 24730 nonzeros
Variable types: 0 continuous, 4345 integer (4345 binary)

Root relaxation: objective 4.641118e+03, 1065 iterations, 0.03 seconds (0.06 work units)

    Nodes    |    Current Node    |     Objective Bounds      |     Work
 Expl Unexpl |  Obj  Depth IntInf | Incumbent    BestBd   Gap | It/Node Time

     0     0 4641.11770    0  118          - 4641.11770      -     -    0s
     0     0 4642.35978    0  122          - 4642.35978      -     -    0s
     0     0 4781.57714    0  156          - 4781.57714      -     -    0s
     0     0 4793.54547    0  168          - 4793.54547      -     -    0s
     0     0 4793.91774    0  173          - 4793.91774      -     -    0s
     0     0 4890.94414    0  178          - 4890.94414      -     -    1s
     0     0 4904.26304    0  212          - 4904.26304      -     -    1s
     0     0 4906.57288    0  202          - 4906.57288      -     -    1s
     0     0 4985.85026    0  220          - 4985.85026      -     -    1s
     0     0 4985.94512    0  215          - 4985.94512      -     -    1s
     0     0 4985.94512    0  206          - 4985.94512      -     -    1s
     0     2 4985.94512    0  204          - 4985.94512      -     -    1s
  1535   138 infeasible   21               - 5071.85952      -   107    5s

Cutting planes:
  Gomory: 1
  Lift-and-project: 2
  Cover: 52
  Implied bound: 2
  Clique: 23
  MIR: 44
  Knapsack: 10
  StrongCG: 24
  GUB cover: 4
  Zero half: 10
  RLT: 63
  Relax-and-lift: 42
  BQP: 16

Explored 2088 nodes (208101 simplex iterations) in 5.35 seconds (5.11 work units)
Thread count was 22 (of 22 available processors)

Solution count 0

Model is infeasible
Best objective -, best bound -, gap -

User-callback calls 5654, time in user-callback 0.01 sec
Set parameter LogToConsole to value 0
