FIXINGS_START
(0, 0, 0)
(1, 0, 0)
(2, 0, 0)
(2, 1, 0)
(3, 0, 0)
(3, 6, 0)
(4, 0, 0)
(5, 0, 0)
(5, 4, 0)
(6, 0, 0)
(6, 4, 0)
(7, 0, 0)
(8, 8, 0)
(8, 9, 0)
(9, 0, 0)
(9, 4, 0)
(10, 0, 0)
(10, 4, 0)
(11, 0, 0)
(12, 0, 0)
(12, 6, 0)
(13, 0, 0)
(14, 4, 0)
(15, 0, 0)
(16, 0, 0)
(16, 4, 0)
(17, 0, 0)
(17, 6, 0)
(8, 2, 0)
(8, 3, 2)
(8, 4, 0)
(8, 7, 0)
(2, 3, 23)
(11, 2, 22)
(11, 3, 0)
(16, 5, 0)
(12, 2, 0)
(16, 6, 26)
(9, 1, 0)
(3, 1, 0)
(7, 1, 20)
(15, 2, 0)
(5, 1, 0)
(3, 2, 0)
(1, 1, 25)
(6, 6, 0)
(14, 1, 0)
(3, 4, 0)
(9, 3, 0)
(3, 5, 29)
(11, 4, 0)
(11, 5, 30)
(3, 7, 0)
(5, 2, 0)
(9, 6, 1)
(9, 7, 0)
(12, 3, 0)
(14, 2, 0)
(7, 2, 0)
(13, 1, 4)
(2, 4, 0)
(0, 3, 0)
(5, 3, 10)
(5, 6, 17)
FIXINGS_END
time 5.349
GUROBI
Status INFEASIBLE
Runtime 5.3491809368133545
NodeCount 2088.0
IterCount 208101.0
NumVars 5850
NumConstrs 21253
ObjBound inf
ObjBoundC inf
ObjVal None
MIPGap inf
