
Gurobi 13.0.0 (linux64) logging started Thu Jan 15 03:41:48 2026

Set parameter LogFile to value "../experiments/network-n_50_s_0_rp_0-app_set-id_40_18_apps/submip_30_epr0_model_gurobi.log"
Set parameter TimeLimit to value 8.9678079539901228e+02
Gurobi Optimizer version 13.0.0 build v13.0.0rc1 (linux64 - "Ubuntu 24.04.3 LTS")

CPU model: Intel(R) Core(TM) Ultra 7 165H, instruction set [SSE2|AVX|AVX2]
Thread count: 22 physical cores, 22 logical processors, using up to 22 threads

Non-default parameters:
TimeLimit  8.9678079539901228e+02
LogToConsole  0

Academic license 2539022 - for non-commercial use only - registered to al___@studenti.unimi.it
Optimize a model with 21244 rows, 5850 columns and 50260 nonzeros (Min)
Model fingerprint: 0x09445581
Model has 5850 linear objective coefficients
Model has 166 quadratic constraints
Variable types: 0 continuous, 5850 integer (5850 binary)
Coefficient statistics:
  Matrix range     [1e+00, 9e+02]
  QMatrix range    [5e+01, 2e+02]
  Objective range  [1e+01, 2e+02]
  Bounds range     [1e+00, 1e+00]
  RHS range        [1e+00, 1e+09]
  QRHS range       [1e+02, 6e+02]
Presolve removed 20719 rows and 4712 columns
Presolve time: 0.07s
Presolved: 7584 rows, 8049 columns, 45704 nonzeros
Variable types: 0 continuous, 8049 integer (8049 binary)

Root relaxation: objective 4.580612e+03, 1481 iterations, 0.09 seconds (0.15 work units)

    Nodes    |    Current Node    |     Objective Bounds      |     Work
 Expl Unexpl |  Obj  Depth IntInf | Incumbent    BestBd   Gap | It/Node Time

     0     0 4580.61220    0  151          - 4580.61220      -     -    0s
     0     0 4583.20043    0  153          - 4583.20043      -     -    0s
     0     0 4669.86429    0  174          - 4669.86429      -     -    0s
     0     0 4694.48762    0  175          - 4694.48762      -     -    0s
     0     0 4697.04080    0  196          - 4697.04080      -     -    1s
     0     0 4697.07480    0  196          - 4697.07480      -     -    1s
     0     0 4749.20667    0  209          - 4749.20667      -     -    1s
     0     0 4764.50550    0  212          - 4764.50550      -     -    1s
     0     0 4769.97816    0  240          - 4769.97816      -     -    1s
     0     0 4770.57489    0  241          - 4770.57489      -     -    1s
     0     0 4799.77592    0  261          - 4799.77592      -     -    1s
     0     0 4799.78235    0  259          - 4799.78235      -     -    1s
     0     0 4799.78235    0  250          - 4799.78235      -     -    2s
     0     2 4799.78570    0  249          - 4799.78570      -     -    2s
   412   398 4904.54712   14  191          - 4813.32009      -   213    5s
  1224  1152 5051.63841   49  119          - 4817.72644      -   163   10s
  2683  2108 5326.46353   24  142          - 4826.48748      -   156   15s
  3008  2223 4943.22617   10  310          - 4843.08824      -   150   20s
  3066  2261 4936.77810   11  354          - 4887.73761      -   147   25s
  3125  2301 4914.43792   24  396          - 4902.40628      -   144   30s
  3185  2341 4928.54470   35  400          - 4907.50276      -   142   35s
  3199  2350 4927.85076   35  385          - 4908.36486      -   141   40s
  3219  2372 4931.56391   14  322          - 4920.64747      -   151   45s
  3379  2495 5024.05786   19  307          - 4924.58021      -   165   50s
  3536  2574 5025.40065   22  301          - 4924.58021      -   184   55s
  3730  2654 5082.44946   26  228          - 4929.01492      -   202   60s
  3931  2708 5152.61580   29  245          - 4932.64887      -   213   65s
  4095  2709 5107.50180   32  269          - 4934.30743      -   223   70s
  4383  2763 infeasible   34               - 4948.06086      -   234   76s
  4545  2779 5160.74415   18  262          - 4950.09835      -   238   80s
  4868  2898 5412.49684   24  215          - 4950.09835      -   248   86s
  5104  2907 4994.98525   18  247          - 4956.91951      -   253   90s
  5408  2975 5119.93222   26  200          - 4958.88114      -   259   96s
  5699  2977 5258.77794   33  141          - 4973.55462      -   263  100s
  6028  2988 5159.84742   25  180          - 4974.49298      -   268  105s
  6309  3062 5264.50511   20  231          - 4979.20710      -   270  111s
  6672  3133 5251.81712   20  253          - 4979.20710      -   276  116s
  7197  3113 5161.51738   23  221          - 4995.82373      -   280  122s
  7306  3154 infeasible   25               - 5002.45050      -   281  125s
  7720  3175 5291.57741   27  184          - 5002.45050      -   284  131s
  7963  3189 infeasible   30               - 5016.64525      -   287  135s
  8610  3172 infeasible   23               - 5039.08463      -   290  141s
  9265  3162 5356.55991   32  229          - 5045.62213      -   294  148s
  9659  3127 5233.57176   27  195          - 5048.87226      -   295  152s
 10057  3153 5348.36396   29  187          - 5058.87377      -   296  156s
 10568  3099 5462.01927   21  239          - 5065.59318      -   296  163s
 10603  3106 infeasible   21               - 5065.59318      -   296  167s
 10659  3138 5463.55537   22  173          - 5065.59318      -   296  172s
 10763  3223 5499.48533   23  169          - 5065.59318      -   296  176s
 10956  3330 5721.73112   24  143          - 5065.59318      -   296  180s
 11341  3333 5666.59851   24  182          - 5070.43578      -   297  185s
 11754  3611 5246.75372   29  190          - 5076.71619      -   297  193s
 12330  3749 5322.29296   23  176          - 5086.72328      -   297  198s
 12822  3926 5519.99642   37  187          - 5088.43481      -   298  203s
 13509  4058 5260.56714   26  178          - 5095.83120      -   299  208s
 14174  4226 infeasible   31               - 5106.09933      -   299  214s
 14928  4337 5195.12040   26  239          - 5113.05946      -   299  219s
 15492  4515 5269.54873   27  181          - 5114.98560      -   299  225s
 16343  4700 5292.37188   30  266          - 5126.37341      -   299  230s
 16979  4901 infeasible   29               - 5130.30152      -   299  237s
 17973  5117 5236.91077   22  238          - 5136.98163      -   297  243s
 18969  5327 5395.33491   24  257          - 5144.31214      -   295  249s
 19984  5511 infeasible   29               - 5148.91943      -   294  255s
 20980  5673 5343.20633   25  224          - 5159.82499      -   293  262s
 21957  5851 5256.69073   29  238          - 5166.16185      -   294  269s
 22757  5935 infeasible   33               - 5169.75991      -   293  275s
 23904  6042 5416.83035   23  176          - 5177.10529      -   291  282s
 24534  6161 infeasible   33               - 5181.69224      -   291  293s
 25595  6305 5229.97447   30  150          - 5189.03546      -   289  301s
 26811  6464 5795.92302   30  205          - 5200.26299      -   288  308s
 28017  6604 infeasible   27               - 5205.28722      -   287  314s
 29186  6689 infeasible   27               - 5211.30401      -   285  321s
 29742  6715 5536.74087   39  105          - 5216.47772      -   284  329s
 29851  6723 5543.21802   39  151          - 5216.47772      -   284  336s
 29943  6876 5574.20557   40  116          - 5216.88783      -   283  345s
 31044  7000 5347.79880   29  235          - 5221.06912      -   282  353s
 32718  7040 5363.03862   26  155          - 5232.11110      -   280  361s
 34350  7114 5559.98286   30  102          - 5243.04861      -   278  368s
 35277  7114 5632.98038   24  176          - 5251.13933      -   277  377s
 37063  7189 infeasible   30               - 5261.80938      -   275  386s
 38866  7208 5378.75369   29  234          - 5272.12891      -   273  395s
 40659  7279 infeasible   28               - 5281.14197      -   271  404s
 42822  7263 5555.46576   35  201          - 5292.56614      -   267  413s
 44765  7262 5453.02336   37  147          - 5304.73071      -   265  423s
 44842  7167 infeasible   38               - 5304.73071      -   265  432s
 46385  7002 infeasible   35               - 5310.75069      -   263  442s
 48635  6925 5467.49127   27  145          - 5326.00025      -   261  452s
 49894  6618 5457.46035   27  134          - 5336.70872      -   260  463s
 52609  6285 5469.66482   25  205          - 5355.66099      -   257  473s
 55382  5947 infeasible   30               - 5368.83413      -   254  484s
 58591  5382 5715.97271   37  183          - 5389.50484      -   249  494s
 61412  4800 infeasible   30               - 5411.67022      -   246  503s
 64168  4740 5582.96331   35  170          - 5435.08687      -   243  512s
 64410  4443 5615.25486   36  181          - 5435.90167      -   243  522s
 65461  3523 5627.47884   28   83          - 5437.80677      -   241  532s
 68354  2171 infeasible   33               - 5467.25075      -   238  541s
 71424   708 infeasible   37               - 5536.97367      -   234  547s
 73852     0 infeasible   22               - 5609.37546      -   231  550s

Cutting planes:
  Gomory: 1
  Lift-and-project: 1
  Cover: 67
  Implied bound: 2
  Clique: 15
  MIR: 116
  Knapsack: 4
  StrongCG: 60
  Flow cover: 131
  GUB cover: 7
  Zero half: 39
  Mod-K: 18
  RLT: 26
  Relax-and-lift: 101
  BQP: 4

Explored 74721 nodes (17189919 simplex iterations) in 550.17 seconds (499.86 work units)
Thread count was 22 (of 22 available processors)

Solution count 0

Model is infeasible
Best objective -, best bound -, gap -

User-callback calls 231709, time in user-callback 0.85 sec
Set parameter LogToConsole to value 0
