FIXINGS_START
(0, 0, 0)
(1, 0, 0)
(2, 0, 0)
(2, 1, 0)
(3, 0, 0)
(3, 6, 0)
(4, 0, 0)
(5, 0, 0)
(5, 4, 0)
(6, 0, 0)
(6, 4, 0)
(7, 0, 0)
(8, 8, 0)
(8, 9, 0)
(9, 0, 0)
(9, 4, 0)
(10, 0, 0)
(10, 4, 0)
(11, 0, 0)
(12, 0, 0)
(12, 6, 0)
(13, 0, 0)
(14, 4, 0)
(15, 0, 0)
(16, 0, 0)
(16, 4, 0)
(17, 0, 0)
(17, 6, 0)
(2, 4, 0)
(2, 6, 0)
(0, 1, 33)
(3, 1, 0)
(0, 2, 33)
(8, 2, 0)
(15, 2, 0)
(8, 3, 2)
(10, 2, 0)
(1, 1, 33)
(17, 2, 0)
(14, 1, 0)
(9, 1, 0)
(6, 6, 0)
(8, 4, 0)
(16, 3, 2)
(8, 7, 0)
(3, 2, 0)
(3, 4, 0)
(12, 2, 0)
(0, 3, 0)
(4, 2, 1)
(3, 7, 0)
(5, 1, 0)
(10, 5, 32)
(5, 2, 0)
(17, 4, 0)
(11, 2, 26)
(16, 5, 0)
(10, 7, 27)
(14, 2, 0)
(17, 5, 27)
(7, 1, 20)
(14, 3, 0)
(11, 3, 0)
(10, 8, 0)
FIXINGS_END
time 5.137
GUROBI
Status INFEASIBLE
Runtime 5.136651992797852
NodeCount 1715.0
IterCount 148299.0
NumVars 5850
NumConstrs 21253
ObjBound inf
ObjBoundC inf
ObjVal None
MIPGap inf
