
Gurobi 13.0.0 (linux64) logging started Fri Jan  2 14:30:42 2026

Set parameter LogFile to value "../experiments/network-n_50_s_0_rp_0-app_set-id_55_23_apps/compact_model_gurobi.log"
Set parameter TimeLimit to value 900
Gurobi Optimizer version 13.0.0 build v13.0.0rc1 (linux64 - "Ubuntu 24.04.3 LTS")

CPU model: Intel(R) Core(TM) Ultra 7 165H, instruction set [SSE2|AVX|AVX2]
Thread count: 22 physical cores, 22 logical processors, using up to 22 threads

Non-default parameters:
TimeLimit  900
LogToConsole  0

Academic license 2539022 - for non-commercial use only - registered to al___@studenti.unimi.it
Optimize a model with 33595 rows, 7500 columns and 77490 nonzeros (Min)
Model fingerprint: 0x59fef4cb
Model has 7500 linear objective coefficients
Model has 166 quadratic constraints
Variable types: 0 continuous, 7500 integer (7500 binary)
Coefficient statistics:
  Matrix range     [1e+00, 9e+02]
  QMatrix range    [5e+01, 2e+02]
  Objective range  [1e+01, 2e+02]
  Bounds range     [1e+00, 1e+00]
  RHS range        [1e+00, 1e+09]
  QRHS range       [1e+02, 6e+02]
Presolve removed 31950 rows and 4632 columns
Presolve time: 0.39s
Presolved: 33669 rows, 34729 columns, 204448 nonzeros
Variable types: 0 continuous, 34729 integer (34729 binary)
Deterministic concurrent LP optimizer: primal and dual simplex
Showing primal log only...

Concurrent spin time: 0.10s

Solved with dual simplex

Root relaxation: objective 5.555493e+03, 4476 iterations, 1.14 seconds (1.13 work units)

    Nodes    |    Current Node    |     Objective Bounds      |     Work
 Expl Unexpl |  Obj  Depth IntInf | Incumbent    BestBd   Gap | It/Node Time

     0     0 5555.49265    0  299          - 5555.49265      -     -    2s
     0     0 5655.77943    0  344          - 5655.77943      -     -    4s
     0     0 5751.26888    0  377          - 5751.26888      -     -    6s
     0     0 5760.37706    0  391          - 5760.37706      -     -    6s
     0     0 5761.41137    0  391          - 5761.41137      -     -    6s
     0     0 5761.42140    0  389          - 5761.42140      -     -    6s
     0     0 5828.22748    0  445          - 5828.22748      -     -    8s
     0     0 5953.84687    0  542          - 5953.84687      -     -   10s
     0     0 5974.03623    0  507          - 5974.03623      -     -   11s
     0     0 5975.86629    0  518          - 5975.86629      -     -   12s
     0     0 6065.35667    0  465          - 6065.35667      -     -   14s
     0     0 6087.12607    0  539          - 6087.12607      -     -   15s
     0     0 6109.30487    0  523          - 6109.30487      -     -   17s
     0     0 6123.06828    0  560          - 6123.06828      -     -   18s
     0     0 6131.39550    0  581          - 6131.39550      -     -   19s
     0     0 6132.80083    0  609          - 6132.80083      -     -   19s
     0     0 6192.96715    0  613          - 6192.96715      -     -   23s
     0     0 6201.47812    0  666          - 6201.47812      -     -   24s
     0     0 6205.95326    0  603          - 6205.95326      -     -   25s
     0     0 6210.40474    0  629          - 6210.40474      -     -   25s
     0     0 6213.72243    0  680          - 6213.72243      -     -   26s
     0     0 6213.75092    0  662          - 6213.75092      -     -   26s
     0     0 6213.75092    0  654          - 6213.75092      -     -   26s
     0     2 6213.76825    0  649          - 6213.76825      -     -   29s
     1     5 6215.38831    1  604          - 6213.76825      -   301   30s
    31    54 6226.25275    5  595          - 6221.75300      -   614   36s
   101   135 6249.82889    7  574          - 6226.30586      -   437   40s
   179   220 6232.01693    9  578          - 6226.30586      -   485   45s
   246   274 6241.38622   11  568          - 6226.30586      -   497   50s
   318   360 6242.52470   12  550          - 6226.30586      -   536   56s
   394   427 6266.05470   16  547          - 6226.30586      -   559   62s
   473   491 6266.65365   17  550          - 6226.30586      -   557   67s
   542   576 6302.60529   19  531          - 6226.30586      -   552   71s
   622   657 6292.59905   21  513          - 6226.30586      -   538   76s
   697   727 6297.04976   22  535          - 6226.30586      -   523   81s
   764   781 6333.04443   23  523          - 6226.30586      -   517   85s
   837   853 6313.19162   26  501          - 6226.30586      -   514   92s
   885   904 6319.14847   28  507          - 6226.30586      -   514   97s
   939   961 6321.88197   30  492          - 6226.30586      -   508  102s
   967  1004 6323.34243   31  491          - 6226.30586      -   508  105s
  1066  1116 6325.12061   33  491          - 6226.30586      -   498  111s
  1196  1280 6335.50172   37  496          - 6226.30586      -   483  117s
  1290  1361 6344.71717   44  462          - 6226.30586      -   471  121s
  1443  1527 6377.74052   50  431          - 6226.30586      -   466  128s
  1541  1647 6378.72361   51  435          - 6226.30586      -   458  131s
  1667  1724 6390.89246   55  421          - 6226.30586      -   449  135s
  1833  1911 6406.90660   57  389          - 6226.30586      -   439  143s
  1973  1962 6419.16363   59  375          - 6226.30586      -   426  147s
  2044  2014 6442.35264   61  386          - 6226.30586      -   424  151s
  2096  2095 6474.67849   68  316          - 6226.30586      -   425  155s
  2179  2155 6519.59427   76  347          - 6226.30586      -   422  160s
  2290  2328 6648.73707   77  319          - 6226.30586      -   420  169s
  2430  2488 6537.32509   80  327          - 6229.57405      -   414  173s
  2600  2509 6569.03188   90  291          - 6229.57405      -   415  178s
  2623  2562 6736.74550   90  280          - 6229.57405      -   415  183s
  2680  2702 infeasible   91               - 6229.57405      -   413  188s
  2852  2879 6653.15147   94  264          - 6229.57405      -   406  193s
  3093  3007 infeasible  104               - 6229.57405      -   399  198s
  3301  3044 6314.25830   12  482          - 6229.57405      -   399  204s
  3366  3099 6328.47227   12  483          - 6229.57405      -   398  209s
  3433  3178 6287.97025   12  493          - 6229.57405      -   397  215s
  3556  3349 6291.29373   13  514          - 6229.57405      -   395  221s
  3745  3528 6291.78550   14  516          - 6229.57405      -   391  227s
  3980  3688 6309.01747   17  477          - 6229.57405      -   388  233s
  4174  3885 6481.91083   19  429          - 6235.05059      -   394  240s
  4393  4070 6461.76066   19  457          - 6235.05059      -   396  246s
  4632  4299 6480.27894   22  465          - 6235.05059      -   400  253s
  4915  4495 6506.79614   26  424          - 6235.05059      -   399  261s
  5188  4496 6456.73881   52 16282          - 6235.05059      -   400  268s
  5190  4497 6742.10005   55  330          - 6235.05059      -   400  275s
  5192  4499 6438.65886   65  505          - 6235.05059      -   399  283s
  5193  4499 6347.17311   27  485          - 6235.05059      -   399  289s
  5194  4500 6539.11235  104  572          - 6235.05059      -   399  293s
  5197  4502 6264.96750   10  612          - 6235.05059      -   399  295s
  5204  4507 6482.74692   61  659          - 6241.96168      -   399  300s
  5211  4511 6645.00465   33  721          - 6258.51998      -   398  305s
  5218  4516 6284.00595   15  706          - 6284.00595      -   397  310s
  5226  4521 6551.02073   42  675          - 6296.96692      -   397  315s
  5235  4527 6370.16529   24  699          - 6307.82132      -   396  320s
  5247  4535 6382.56665   28  736          - 6313.59542      -   395  325s
  5257  4542 6317.64044   17  742          - 6317.64044      -   394  330s
  5263  4546 7078.39985   78  771          - 6322.56984      -   394  335s
  5274  4553 6719.81458   58  764          - 6328.27519      -   393  340s
  5285  4561 6614.23063   74  756          - 6331.88155      -   392  345s
  5295  4567 6849.90244  121  758          - 6333.21595      -   392  350s
  5309  4577 6653.16453   82  809          - 6335.51991      -   391  356s
  5315  4581 6410.42219   29  738          - 6346.69203      -   390  360s
  5325  4587 6753.71804   90  717          - 6352.26128      -   389  365s
  5336  4595 6420.68209   49  798          - 6357.14861      -   389  370s
  5349  4603 6456.72926   51  756          - 6361.49109      -   388  375s
  5360  4611 6368.26359   10  820          - 6368.26359      -   387  380s
  5373  4619 6533.43101   80  799          - 6370.43751      -   386  385s
  5383  4626 6371.09314   29  776          - 6371.09314      -   385  390s
  5395  4634 6849.90244  121  804          - 6373.82225      -   384  395s
  5409  4643 6653.16453   82  831          - 6375.95557      -   383  400s
  5417  4649 6542.50826   34  819          - 6376.08332      -   383  409s
  5418  4649 6376.08332   15  819          - 6376.08332      -   383  410s
  5431  4658 6377.25658    9  834          - 6377.25658      -   382  415s
  5440  4664 6377.34285   20  831          - 6377.34285      -   381  420s
  5443  4666 6431.93337   17  829          - 6377.34770      -   381  428s
  5445  4667 6533.11280   62  828          - 6377.48919      -   381  430s
  5455  4674 6377.85264   39  805          - 6377.85264      -   380  435s
  5469  4683 6841.60826   77  808          - 6378.29011      -   379  440s
  5480  4691 6451.95184   20  800          - 6379.07195      -   378  445s
  5493  4699 6379.50085   27  834          - 6379.50085      -   378  450s
  5498  4703 6379.50108    8  841          - 6379.50108      -   377  455s
  5502  4707 6438.81300   75 16282          - 6379.50108      -   393  460s
  5504  4708 6482.74692   61  326          - 6379.50108      -   393  467s
  5506  4710 6728.84313   39  493          - 6379.50108      -   393  473s
  5507  4710 6484.35146   37  451          - 6379.50108      -   393  477s
  5508  4711 6383.10189   20  548          - 6383.10189      -   393  481s
  5510  4712 6427.58692   19  627          - 6383.62802      -   393  487s
  5511  4713 6645.00465   33  634          - 6383.62802      -   393  490s
  5523  4721 6383.62802   42  771          - 6383.62802      -   392  496s
  5534  4728 6618.66508   59  761          - 6383.62802      -   391  500s
  5541  4733 6625.13716   29  755          - 6383.62802      -   391  505s
  5545  4736 6533.11280   62  762          - 6383.62802      -   390  510s
  5555  4742 6383.62802   39  777          - 6383.62802      -   390  515s
  5565  4749 7027.55661   76  780          - 6383.62802      -   389  521s
  5574  4755 6719.81458   58  799          - 6385.71311      -   388  525s
  5586  4763 6386.62470   14  808          - 6386.62470      -   388  530s
  5594  4768 6539.11235  104  792          - 6389.27048      -   387  535s
  5605  4776 6668.69936   57  788          - 6390.32156      -   386  540s
  5618  4784 6392.42830   15  749          - 6392.42830      -   385  545s
  5629  4792 6537.15734   35  732          - 6392.74683      -   385  550s
  5638  4798 6395.41766   19  733          - 6393.09706      -   384  555s
  5651  4806 6932.51517   90  778          - 6393.41516      -   383  560s
  5657  4810 6394.89991   17  745          - 6394.89991      -   383  565s
  5658  4811 6394.89991   22  745          - 6394.89991      -   383  571s
  5659  4815 6400.06991   19  720          - 6394.89991      -   392  575s
  5665  4825 6441.83173   21  685          - 6406.17524      -   393  581s
  5673  4838 6446.14786   22  702          - 6408.65232      -   393  587s
  5689  4855 6449.79258   23  700          - 6412.73280      -   396  593s
  5711  4870 6453.75190   24  718          - 6414.82496      -   398  600s
  5734  4890 6454.54641   25  699          - 6414.82496      -   399  611s
  5761  4903 6716.70740   25  617          - 6414.82496      -   402  624s
  5783  4918 6479.04326   26  684          - 6414.82496      -   407  634s
  5808  4941 6464.41071   26  666          - 6414.82496      -   413  643s
  5841  4976 6465.69318   27  667          - 6414.82496      -   416  653s
  5887  5000 6528.79661   27  579          - 6414.82496      -   418  662s
  5928  5023 6476.81065   28  592          - 6414.82496      -   421  670s
  5967  5053 6480.56904   28  620          - 6414.82496      -   425  678s
  6012  5060 6490.08791   29  595          - 6414.82496      -   428  687s
  6036  5090 6502.03938   29  538          - 6414.82496      -   429  695s
  6076  5116 6494.61556   30  594          - 6414.82496      -   431  704s
  6117  5132 6506.13924   30  545          - 6414.82496      -   433  712s
  6149  5162 6503.77136   31  566          - 6416.80995      -   434  720s
  6190  5194 6515.54299   31  565          - 6417.02199      -   436  728s
  6235  5213 6506.39074   32  572          - 6417.02199      -   438  736s
  6271  5244 6532.19972   32  590          - 6417.02199      -   439  744s
  6316  5287 6508.24192   33  573          - 6417.02199      -   440  753s
  6374  5321 6658.37844   33  557          - 6417.02199      -   441  761s
  6428  5365 6523.24797   34  566          - 6417.02199      -   443  769s
  6493  5377 6517.90842   34  502          - 6417.02199      -   444  778s
  6526  5413 6527.56399   35  546          - 6417.02199      -   445  787s
  6573  5447 6586.58509   35  547          - 6417.02199      -   447  797s
  6623  5452 6539.71798   36  532          - 6417.02199      -   448  807s
  6645  5467 6557.14936   36  533          - 6417.02199      -   449  817s
  6667  5482 6555.30299   37  513          - 6417.02199      -   450  828s
  6689  5499 6571.48124   37  542          - 6417.02199      -   451  839s
  6714  5519 6564.18181   38  537          - 6417.02199      -   452  852s
  6746  5540 6566.01091   38  531          - 6417.02199      -   454  864s
  6778  5558 6569.00236   39  557          - 6417.02199      -   455  877s
  6808  5576 6587.37699   39  520          - 6417.02199      -   457  895s
  6840  5588 6622.46595   40  561          - 6417.02199      -   458  900s

Cutting planes:
  Gomory: 10
  Lift-and-project: 1
  Cover: 79
  Clique: 33
  MIR: 189
  Knapsack: 22
  StrongCG: 92
  Flow cover: 271
  GUB cover: 11
  Zero half: 56
  Mod-K: 1
  RLT: 114
  Relax-and-lift: 107
  BQP: 34

Explored 6863 nodes (3173489 simplex iterations) in 900.09 seconds (825.21 work units)
Thread count was 22 (of 22 available processors)

Solution count 0

Time limit reached
Best objective -, best bound 6.418000000000e+03, gap -

User-callback calls 150551, time in user-callback 0.94 sec
