
Gurobi 13.0.0 (linux64) logging started Mon Jan  5 00:11:11 2026

Set parameter LogFile to value "../experiments/network-n_30_s_1_rp_0-app_set-id_65_26_apps/compact_model_gurobi.log"
Set parameter TimeLimit to value 900
Gurobi Optimizer version 13.0.0 build v13.0.0rc1 (linux64 - "Ubuntu 24.04.3 LTS")

CPU model: Intel(R) Core(TM) Ultra 7 165H, instruction set [SSE2|AVX|AVX2]
Thread count: 22 physical cores, 22 logical processors, using up to 22 threads

Non-default parameters:
TimeLimit  900
LogToConsole  0

Academic license 2539022 - for non-commercial use only - registered to al___@studenti.unimi.it
Optimize a model with 13825 rows, 5070 columns and 34772 nonzeros (Min)
Model fingerprint: 0x1230d32a
Model has 5070 linear objective coefficients
Model has 100 quadratic constraints
Variable types: 0 continuous, 5070 integer (5070 binary)
Coefficient statistics:
  Matrix range     [1e+00, 9e+02]
  QMatrix range    [5e+01, 2e+02]
  Objective range  [1e+01, 2e+02]
  Bounds range     [1e+00, 1e+00]
  RHS range        [1e+00, 1e+09]
  QRHS range       [1e+02, 6e+02]
Presolve removed 12697 rows and 2768 columns
Presolve time: 0.12s
Presolved: 20336 rows, 21394 columns, 116267 nonzeros
Variable types: 0 continuous, 21394 integer (21394 binary)
Deterministic concurrent LP optimizer: primal and dual simplex
Showing primal log only...

Concurrent spin time: 0.00s

Solved with dual simplex

Root relaxation: infeasible, 665 iterations, 0.10 seconds (0.08 work units)

    Nodes    |    Current Node    |     Objective Bounds      |     Work
 Expl Unexpl |  Obj  Depth IntInf | Incumbent    BestBd   Gap | It/Node Time

     0     0 infeasible    0               - infeasible      -     -    0s

Explored 1 nodes (665 simplex iterations) in 0.60 seconds (0.55 work units)
Thread count was 22 (of 22 available processors)

Solution count 0

Model is infeasible
Best objective -, best bound -, gap -

User-callback calls 590, time in user-callback 0.00 sec
