
Gurobi 13.0.0 (linux64) logging started Mon Jan  5 00:11:37 2026

Set parameter LogFile to value "../experiments/network-n_30_s_2_rp_0-app_set-id_9_8_apps/compact_model_gurobi.log"
Set parameter TimeLimit to value 900
Gurobi Optimizer version 13.0.0 build v13.0.0rc1 (linux64 - "Ubuntu 24.04.3 LTS")

CPU model: Intel(R) Core(TM) Ultra 7 165H, instruction set [SSE2|AVX|AVX2]
Thread count: 22 physical cores, 22 logical processors, using up to 22 threads

Non-default parameters:
TimeLimit  900
LogToConsole  0

Academic license 2539022 - for non-commercial use only - registered to al___@studenti.unimi.it
Optimize a model with 2895 rows, 1560 columns and 7763 nonzeros (Min)
Model fingerprint: 0x183947a6
Model has 1560 linear objective coefficients
Model has 100 quadratic constraints
Variable types: 0 continuous, 1560 integer (1560 binary)
Coefficient statistics:
  Matrix range     [1e+00, 9e+02]
  QMatrix range    [5e+01, 2e+02]
  Objective range  [1e+01, 2e+02]
  Bounds range     [1e+00, 1e+00]
  RHS range        [1e+00, 1e+09]
  QRHS range       [1e+02, 6e+02]
Presolve removed 2593 rows and 1013 columns
Presolve time: 0.02s
Presolved: 4536 rows, 4687 columns, 25013 nonzeros
Variable types: 0 continuous, 4687 integer (4687 binary)

Root relaxation: objective 2.295460e+03, 295 iterations, 0.01 seconds (0.01 work units)

    Nodes    |    Current Node    |     Objective Bounds      |     Work
 Expl Unexpl |  Obj  Depth IntInf | Incumbent    BestBd   Gap | It/Node Time

     0     0 2295.45958    0   47          - 2295.45958      -     -    0s
H    0     0                    3036.0000000 2295.45958  24.4%     -    0s
H    0     0                    2974.0000000 2295.45958  22.8%     -    0s
H    0     0                    2802.0000000 2295.45958  18.1%     -    0s
     0     0 2342.79713    0   97 2802.00000 2342.79713  16.4%     -    0s
     0     0 2344.59515    0   86 2802.00000 2344.59515  16.3%     -    0s
     0     0 2344.63663    0   88 2802.00000 2344.63663  16.3%     -    0s
     0     0 2387.82209    0  115 2802.00000 2387.82209  14.8%     -    0s
     0     0 2391.23767    0  127 2802.00000 2391.23767  14.7%     -    0s
     0     0 2392.74669    0  134 2802.00000 2392.74669  14.6%     -    0s
     0     0 2422.44318    0  121 2802.00000 2422.44318  13.5%     -    0s
H    0     0                    2587.0000000 2422.44318  6.36%     -    0s
H    0     0                    2547.0000000 2422.50693  4.89%     -    0s
     0     0 2422.50693    0  118 2547.00000 2422.50693  4.89%     -    0s
     0     0 2424.99678    0  114 2547.00000 2424.99678  4.79%     -    0s
     0     0 2425.32498    0  111 2547.00000 2425.32498  4.78%     -    0s
     0     0 2425.32498    0  111 2547.00000 2425.32498  4.78%     -    0s
     0     0 2425.32498    0  105 2547.00000 2425.32498  4.78%     -    0s
     0     2 2425.40978    0   99 2547.00000 2425.40978  4.77%     -    0s
H   66    36                    2521.0000000 2479.71447  1.64%  72.2    1s
H   69    36                    2519.0000000 2481.24817  1.50%  71.8    1s
H  188    38                    2511.0000000 2492.81708  0.72%  45.9    1s

Cutting planes:
  Gomory: 4
  Lift-and-project: 2
  Cover: 81
  Implied bound: 11
  Clique: 12
  MIR: 76
  Knapsack: 13
  StrongCG: 52
  GUB cover: 4
  Inf proof: 1
  Zero half: 24
  RLT: 54
  Relax-and-lift: 97
  BQP: 16

Explored 330 nodes (14720 simplex iterations) in 1.51 seconds (0.86 work units)
Thread count was 22 (of 22 available processors)

Solution count 8: 2511 2519 2521 ... 3036

Optimal solution found (tolerance 1.00e-04)
Best objective 2.511000000000e+03, best bound 2.511000000000e+03, gap 0.0000%

User-callback calls 1763, time in user-callback 0.00 sec
