
Gurobi 13.0.0 (linux64) logging started Mon Jan  5 05:16:53 2026

Set parameter LogFile to value "../experiments/network-n_40_s_2_rp_0-app_set-id_29_14_apps/compact_model_gurobi.log"
Set parameter TimeLimit to value 900
Gurobi Optimizer version 13.0.0 build v13.0.0rc1 (linux64 - "Ubuntu 24.04.3 LTS")

CPU model: Intel(R) Core(TM) Ultra 7 165H, instruction set [SSE2|AVX|AVX2]
Thread count: 22 physical cores, 22 logical processors, using up to 22 threads

Non-default parameters:
TimeLimit  900
LogToConsole  0

Academic license 2539022 - for non-commercial use only - registered to al___@studenti.unimi.it
Optimize a model with 18698 rows, 3640 columns and 42585 nonzeros (Min)
Model fingerprint: 0xe9f19344
Model has 3640 linear objective coefficients
Model has 126 quadratic constraints
Variable types: 0 continuous, 3640 integer (3640 binary)
Coefficient statistics:
  Matrix range     [1e+00, 9e+02]
  QMatrix range    [5e+01, 2e+02]
  Objective range  [1e+01, 2e+02]
  Bounds range     [1e+00, 1e+00]
  RHS range        [1e+00, 1e+09]
  QRHS range       [1e+02, 6e+02]
Presolve removed 17772 rows and 2047 columns
Presolve time: 0.14s
Presolved: 13640 rows, 14181 columns, 85466 nonzeros
Variable types: 0 continuous, 14181 integer (14181 binary)

Root relaxation: objective 2.991325e+03, 1134 iterations, 0.11 seconds (0.18 work units)

    Nodes    |    Current Node    |     Objective Bounds      |     Work
 Expl Unexpl |  Obj  Depth IntInf | Incumbent    BestBd   Gap | It/Node Time

     0     0 2991.32517    0  204          - 2991.32517      -     -    0s
     0     0 3071.90335    0  268          - 3071.90335      -     -    1s
     0     0 3095.33591    0  314          - 3095.33591      -     -    2s
     0     0 3098.53925    0  330          - 3098.53925      -     -    2s
     0     0 3098.72099    0  345          - 3098.72099      -     -    2s
     0     0 3160.75567    0  277          - 3160.75567      -     -    2s
     0     0 3185.70897    0  254          - 3185.70897      -     -    3s
     0     0 3191.51334    0  284          - 3191.51334      -     -    3s
     0     0 3193.19002    0  277          - 3193.19002      -     -    3s
     0     0 3207.60516    0  274          - 3207.60516      -     -    3s
     0     0 3214.74897    0  302          - 3214.74897      -     -    4s
     0     0 3215.40367    0  322          - 3215.40367      -     -    4s
     0     0 3219.77528    0  284          - 3219.77528      -     -    4s
     0     0 3219.79939    0  279          - 3219.79939      -     -    4s
     0     0 3219.79939    0  273          - 3219.79939      -     -    4s
     0     2 3219.80038    0  271          - 3219.80038      -     -    6s
   316   346 3247.94871   17  255          - 3225.96872      -   184   10s
H  589   606                    4363.0000000 3225.96872  26.1%   166   14s
   674   695 3280.34671   33  224 4363.00000 3225.96872  26.1%   161   15s
H  799   846                    4352.0000000 3225.96872  25.9%   165   16s
H  804   846                    4350.0000000 3225.96872  25.8%   165   16s
H  813   846                    4338.0000000 3225.96872  25.6%   166   16s
H  890   911                    4220.0000000 3225.96872  23.6%   164   17s
H  905   911                    4085.0000000 3225.96872  21.0%   163   17s
H  961   972                    4072.0000000 3225.96872  20.8%   164   17s
H 1049  1107                    4067.0000000 3225.96872  20.7%   164   19s
  1211  1250 3326.28048   47  230 4067.00000 3225.96872  20.7%   161   20s
H 1291  1250                    4036.0000000 3225.96872  20.1%   161   20s
H 1318  1269                    3938.0000000 3225.96872  18.1%   164   21s
H 1346  1316                    3927.0000000 3225.96872  17.9%   165   21s
H 1411  1375                    3921.0000000 3225.96872  17.7%   168   22s
H 1437  1375                    3914.0000000 3225.96872  17.6%   170   22s
H 1577  1515                    3887.0000000 3225.96872  17.0%   172   23s
  1622  1560 3389.11787   61  211 3887.00000 3225.96872  17.0%   174   25s
H 1626  1559                    3850.0000000 3225.96872  16.2%   174   25s
H 1629  1558                    3805.0000000 3225.96872  15.2%   174   25s
H 1675  1630                    3791.0000000 3225.96872  14.9%   173   26s
H 1681  1630                    3776.0000000 3225.96872  14.6%   173   26s
H 1871  1833                    3772.0000000 3225.96872  14.5%   167   28s
H 1893  1833                    3761.0000000 3225.96872  14.2%   166   28s
H 1971  1833                    3757.0000000 3225.96872  14.1%   166   28s
  2261  2101 3523.28182   91  137 3757.00000 3228.78770  14.1%   165   30s
H 2281  2101                    3744.0000000 3228.78770  13.8%   164   30s
  2689  2416 3282.60590   10  267 3744.00000 3229.91876  13.7%   172   35s
H 2730  2416                    3743.0000000 3229.91876  13.7%   173   35s
  2948  2515 3361.32023   37 6481 3743.00000 3229.91876  13.7%   173   40s
  2972  2531 3335.58011   14  340 3743.00000 3239.55931  13.5%   172   45s
  3003  2552 3262.66446   17  377 3743.00000 3252.90875  13.1%   170   50s
  3038  2575 3692.29541   54  357 3743.00000 3270.25395  12.6%   168   55s
  3071  2597 3298.14762   19  368 3743.00000 3276.32140  12.5%   166   60s
  3090  2610 3477.96025   33  352 3743.00000 3281.06645  12.3%   165   65s
H 3114  2491                    3726.0000000 3283.17524  11.9%   164   68s
H 3118  2366                    3713.0000000 3283.28630  11.6%   164   69s
  3120  2368 3288.68625   10  382 3713.00000 3283.63697  11.6%   164   72s
  3138  2380 3692.29541   54  397 3713.00000 3284.79037  11.5%   163   75s
  3164  2397 3559.92537   64  376 3713.00000 3285.41531  11.5%   161   80s
  3180  2409 3285.46646   15  277 3713.00000 3285.46646  11.5%   169   85s
  3203  2424 3286.32798   17  373 3713.00000 3286.32798  11.5%   168   90s
  3224  2438 3339.83778   34  369 3713.00000 3286.72305  11.5%   167   95s
  3242  2450 3333.50525   39  362 3713.00000 3287.70232  11.5%   166  100s
  3261  2463 3287.76583   19  353 3713.00000 3287.76583  11.5%   165  105s
  3270  2469 3312.20539   49  352 3713.00000 3287.81671  11.5%   165  110s
  3280  2485 3291.31885   23  336 3713.00000 3290.37650  11.4%   169  116s
  3304  2515 3292.91929   25  311 3713.00000 3292.71665  11.3%   171  120s
  3385  2590 3295.09149   27  324 3713.00000 3292.96166  11.3%   179  125s
  3507  2664 3298.50231   30  296 3713.00000 3292.96166  11.3%   186  130s
  3616  2743 3314.38984   32  336 3713.00000 3292.96166  11.3%   192  135s
  3731  2819 3329.85559   33  300 3713.00000 3292.96166  11.3%   194  140s
H 3835  2719                    3706.0000000 3292.96166  11.1%   196  143s
  3841  2746 3323.96426   35  402 3706.00000 3292.96166  11.1%   196  145s
  3955  2835 3326.61737   37  352 3706.00000 3294.59358  11.1%   200  151s
H 4030  2725                    3669.0000000 3294.59358  10.2%   202  153s
  4035  2768 3337.22823   38  370 3669.00000 3294.59358  10.2%   202  155s
  4205  2897 3331.41488   41  271 3669.00000 3294.59358  10.2%   204  161s
H 4275  2807                    3620.0000000 3294.59358  8.99%   205  164s
H 4292  2693                    3618.0000000 3294.59358  8.94%   206  164s
H 4293  2591                    3607.0000000 3294.59358  8.66%   206  164s
H 4311  2488                    3558.0000000 3294.59358  7.40%   205  164s
  4324  2536 3335.92715   43  253 3558.00000 3294.59358  7.40%   205  166s
H 4334  2440                    3552.0000000 3294.59358  7.25%   205  166s
  4477  2532 3338.88630   46  263 3552.00000 3299.61292  7.11%   206  170s
H 4571  2445                    3548.0000000 3299.61292  7.00%   207  173s
H 4572  2362                    3511.0000000 3299.61292  6.02%   207  173s
  4615  2377 3348.26492   47  216 3511.00000 3299.61292  6.02%   207  176s
  4798  2382 3350.25910   50  256 3511.00000 3302.68452  5.93%   209  181s
  5031  2488 3364.99100   53  218 3511.00000 3305.41030  5.86%   209  187s
  5162  2538 3401.52307   55  227 3511.00000 3305.41030  5.86%   209  190s
  5463  2645 3398.07974   59  191 3511.00000 3305.41030  5.86%   209  197s
H 5631  2575                    3498.0000000 3305.41030  5.51%   209  200s
H 5658  2450                    3489.0000000 3305.41030  5.26%   209  200s
  5960  2622 3412.61740   70  150 3489.00000 3305.41030  5.26%   209  207s
  6167  2697 3426.67667   76  152 3489.00000 3305.41030  5.26%   208  211s
  6415  2667     cutoff   84      3489.00000 3309.83415  5.14%   207  215s
  6714  2804 3347.17558   35  251 3489.00000 3310.22876  5.12%   207  222s
  6894  2904 infeasible   44      3489.00000 3310.22876  5.12%   207  226s
  7118  3047 3335.55472   34  338 3489.00000 3310.22876  5.12%   208  230s
  7713  3352 3483.29263   57  175 3489.00000 3310.22876  5.12%   206  239s
  8027  3526 3352.44525   29  325 3489.00000 3313.21263  5.04%   205  243s
  8276  3743 3354.55316   30  327 3489.00000 3313.21263  5.04%   204  248s
  8579  4021 3369.80041   35  318 3489.00000 3313.21263  5.04%   204  253s
  8945  4277 3402.89428   45  316 3489.00000 3313.21263  5.04%   202  258s
  9355  4364 3343.92104   35  293 3489.00000 3313.21263  5.04%   201  263s
  9530  4519 3344.23468   36  295 3489.00000 3316.28287  4.95%   201  268s
  9742  4543 3382.15769   41  286 3489.00000 3316.28287  4.95%   202  274s
  9784  4599 3396.00066   42  216 3489.00000 3320.50519  4.83%   202  279s
  9848  4652 3402.68385   43  218 3489.00000 3320.50519  4.83%   202  284s
  9935  4705 3410.04453   44  218 3489.00000 3323.18001  4.75%   202  289s
 10004  4752 3412.60134   45  227 3489.00000 3323.18001  4.75%   202  294s
 10082  4799 3415.19922   46  214 3489.00000 3323.18001  4.75%   202  299s
 10159  4887 3424.72048   47  285 3489.00000 3328.20941  4.61%   202  305s
 10287  5005 3431.01279   48  260 3489.00000 3328.20941  4.61%   202  311s
 10497  5138 3460.27055   49  252 3489.00000 3328.20941  4.61%   202  316s
 10692  5317 3461.91772   50  237 3489.00000 3328.54135  4.60%   202  323s
 10982  5564 3484.26111   51  180 3489.00000 3328.54135  4.60%   202  330s
 11406  5884 3352.96373   34  241 3489.00000 3328.54135  4.60%   201  337s
 11948  6209 3466.32197   55  219 3489.00000 3328.54135  4.60%   200  344s
 12432  6653 3385.36403   44  245 3489.00000 3332.66947  4.48%   200  352s
 13046  7058 3358.07554   40  298 3489.00000 3333.63288  4.45%   199  360s
 13660  7350 3455.25961   58  243 3489.00000 3333.63288  4.45%   199  368s
 14187  7613 3420.74505   51  160 3489.00000 3333.63288  4.45%   199  376s
 14669  7941 3414.71973   38  226 3489.00000 3333.63288  4.45%   200  384s
 15261  8442 3423.46054   52   70 3489.00000 3341.62883  4.22%   201  393s
 15999  8804 3477.74437   62  218 3489.00000 3341.86039  4.22%   201  402s
 16625  9289 3478.51490   62  182 3489.00000 3343.13158  4.18%   201  412s
 17335  9779 3473.69033   39  241 3489.00000 3343.58344  4.17%   201  421s
 18200 10290 3389.20123   34  213 3489.00000 3344.29902  4.15%   200  432s
 19021 10523     cutoff   45      3489.00000 3345.93015  4.10%   199  443s
 19365 10931 3387.09249   45  242 3489.00000 3345.93015  4.10%   200  454s
 20133 11301 3383.36692   40  255 3489.00000 3347.28222  4.06%   201  465s
 20758 11841 3377.33796   44  284 3489.00000 3347.28392  4.06%   201  476s
 21610 12328 3450.58281   38  243 3489.00000 3348.37170  4.03%   201  488s
 22352 12943     cutoff   51      3489.00000 3349.29261  4.00%   201  501s
 23380 13472 3413.17380   37  238 3489.00000 3349.72420  3.99%   201  514s
 24365 14148 3410.41377   42  258 3489.00000 3350.24145  3.98%   201  532s
 25559 14602 3418.33153   34  369 3489.00000 3351.41419  3.94%   201  544s
 26239 15309 3395.73689   38  269 3489.00000 3352.41931  3.91%   201  556s
 27395 15936 3405.30360   42  246 3489.00000 3353.03595  3.90%   200  569s
 28511 16290 3406.60657   34  185 3489.00000 3353.78584  3.88%   200  583s
 29110 17010 3371.91251   39  239 3489.00000 3354.54722  3.85%   200  597s
 30309 17604 3402.16558   42  258 3489.00000 3355.08682  3.84%   199  611s
 31515 18308 3416.36898   41  174 3489.00000 3356.08827  3.81%   200  626s
 32700 19148     cutoff   54      3489.00000 3356.61862  3.79%   199  642s
 34095 19989 3457.54829   47  185 3489.00000 3357.77566  3.76%   199  657s
 35444 20764 3468.30599   58  188 3489.00000 3358.61904  3.74%   199  673s
 36813 21475 3408.09924   47  242 3489.00000 3359.20104  3.72%   199  690s
 38080 22038 3467.32258   46  183 3489.00000 3359.93999  3.70%   200  708s
 39201 22844     cutoff   54      3489.00000 3360.45536  3.68%   200  727s
 40709 23798 3417.55855   39  363 3489.00000 3361.42598  3.66%   201  746s
 42349 24826 3444.27704   51  297 3489.00000 3362.41123  3.63%   201  766s
 44071 25834 3437.25748   43  215 3489.00000 3363.21013  3.61%   201  786s
 45819 26865 3429.54615   48  235 3489.00000 3364.11609  3.58%   201  807s
 47647 27749 3386.46230   41  270 3489.00000 3365.16357  3.55%   200  829s

Cutting planes:
  Gomory: 3
  Lift-and-project: 1
  Cover: 693
  Clique: 45
  MIR: 332
  Knapsack: 13
  StrongCG: 257
  Flow cover: 451
  GUB cover: 24
  Inf proof: 1
  Zero half: 117
  Mod-K: 12
  RLT: 151
  Relax-and-lift: 160
  BQP: 72
  PSD: 2

Explored 49259 nodes (9873466 simplex iterations) in 900.01 seconds (694.55 work units)
Thread count was 22 (of 22 available processors)

Solution count 10: 3489 3498 3511 ... 3669

Time limit reached
Best objective 3.489000000000e+03, best bound 3.366000000000e+03, gap 3.5254%

User-callback calls 221676, time in user-callback 0.94 sec
