FIXINGS_START
(0, 0, 0)
(1, 7, 0)
(2, 6, 0)
(2, 7, 0)
(3, 8, 0)
(4, 0, 0)
(5, 0, 0)
(5, 1, 0)
(6, 0, 0)
(7, 0, 0)
(7, 6, 0)
(8, 0, 0)
(9, 0, 0)
(11, 0, 0)
(12, 0, 0)
(13, 0, 0)
(2, 0, 0)
(5, 4, 0)
(4, 1, 4)
(7, 5, 19)
(7, 7, 0)
(10, 0, 0)
(3, 0, 0)
(8, 3, 0)
(10, 1, 0)
(6, 1, 26)
(4, 2, 0)
(3, 1, 0)
(9, 1, 2)
(12, 2, 0)
(12, 3, 0)
(11, 2, 0)
(11, 3, 0)
(12, 5, 0)
(5, 5, 0)
(0, 1, 0)
(11, 4, 0)
(11, 5, 0)
(6, 2, 0)
(2, 1, 0)
(9, 2, 25)
(0, 3, 0)
(6, 3, 14)
(3, 2, 0)
(9, 3, 19)
(4, 3, 24)
FIXINGS_END
found_sol 3723.0 time 0.825
found_sol 3710.0 time 1.049
found_sol 3710.0 time 1.549
time 1.553
GUROBI
Status OPTIMAL
Runtime 1.5531198978424072
NodeCount 159.0
IterCount 12215.0
NumVars 3640
NumConstrs 18744
ObjBound 3710.0
ObjBoundC 3710.0
ObjVal 3710.0
MIPGap 0.0
