FIXINGS_START
(0, 0, 0)
(0, 6, 0)
(2, 0, 0)
(3, 0, 0)
(3, 8, 0)
(4, 0, 0)
(5, 0, 0)
(5, 6, 0)
(6, 0, 0)
(6, 6, 0)
(7, 0, 0)
(8, 0, 0)
(9, 0, 0)
(9, 8, 0)
(10, 0, 0)
(11, 0, 0)
(11, 7, 0)
(12, 0, 0)
(13, 0, 0)
(13, 6, 0)
(15, 0, 0)
(15, 4, 0)
(16, 0, 0)
(16, 4, 0)
(17, 9, 0)
(18, 0, 0)
(19, 0, 0)
(21, 0, 0)
(21, 1, 0)
(22, 0, 0)
(22, 8, 0)
(23, 0, 0)
(24, 0, 0)
(24, 4, 0)
(11, 3, 0)
(11, 4, 0)
(16, 1, 34)
(22, 3, 0)
(22, 6, 0)
(17, 0, 0)
(4, 1, 40)
(23, 1, 0)
(24, 1, 0)
(2, 1, 0)
(24, 3, 0)
(13, 1, 0)
(12, 2, 37)
(5, 3, 0)
(19, 1, 3)
(14, 0, 0)
(6, 1, 4)
(6, 2, 0)
(4, 2, 0)
(14, 2, 0)
(18, 1, 0)
(8, 1, 0)
(17, 1, 0)
(13, 3, 0)
(19, 2, 1)
(1, 0, 0)
(0, 4, 0)
(16, 2, 0)
(18, 2, 0)
(8, 3, 0)
(2, 4, 0)
(1, 1, 0)
(21, 2, 0)
(10, 3, 0)
(15, 1, 9)
(8, 4, 0)
(18, 3, 0)
(24, 6, 0)
(10, 4, 0)
FIXINGS_END
found_sol 6345.0 time 618.084
found_sol 6340.0 time 845.017
found_sol 6325.0 time 845.021
found_sol 6321.0 time 889.324
time 889.416
GUROBI
Status TIME_LIMIT
Runtime 889.4153988361359
NodeCount 21080.0
IterCount 5622587.0
NumVars 9720
NumConstrs 53420
ObjBound 6143.0
ObjBoundC 6142.939158253067
ObjVal 6321.0
MIPGap 0.028160101249802248
