
Gurobi 13.0.0 (linux64) logging started Sat Jan 17 20:03:43 2026

Set parameter LogFile to value "../experiments/network-n_60_s_0_rp_0-app_set-id_62_25_apps/submip_30_epr1_model_gurobi.log"
Set parameter TimeLimit to value 8.0630722277799214e+02
Gurobi Optimizer version 13.0.0 build v13.0.0rc1 (linux64 - "Ubuntu 24.04.3 LTS")

CPU model: Intel(R) Core(TM) Ultra 7 165H, instruction set [SSE2|AVX|AVX2]
Thread count: 22 physical cores, 22 logical processors, using up to 22 threads

Non-default parameters:
TimeLimit  8.0630722277799214e+02
LogToConsole  0

Academic license 2539022 - for non-commercial use only - registered to al___@studenti.unimi.it
Optimize a model with 53420 rows, 9720 columns and 120492 nonzeros (Min)
Model fingerprint: 0xdb3b7a24
Model has 9720 linear objective coefficients
Model has 200 quadratic constraints
Variable types: 0 continuous, 9720 integer (9720 binary)
Coefficient statistics:
  Matrix range     [1e+00, 9e+02]
  QMatrix range    [5e+01, 2e+02]
  Objective range  [1e+01, 2e+02]
  Bounds range     [1e+00, 1e+00]
  RHS range        [1e+00, 1e+09]
  QRHS range       [1e+02, 6e+02]

MIP start from previous solve did not produce a new incumbent solution
MIP start from previous solve violates constraint fixed_app_3_microservice_1 by 1.000000000

Presolve removed 52573 rows and 7245 columns
Presolve time: 0.22s
Presolved: 23246 rows, 24656 columns, 144773 nonzeros
Variable types: 0 continuous, 24656 integer (24656 binary)
Deterministic concurrent LP optimizer: primal and dual simplex
Showing primal log only...

Concurrent spin time: 0.11s (can be avoided by choosing Method=3)

Solved with dual simplex

Root relaxation: objective 5.767223e+03, 3451 iterations, 0.57 seconds (0.56 work units)

    Nodes    |    Current Node    |     Objective Bounds      |     Work
 Expl Unexpl |  Obj  Depth IntInf | Incumbent    BestBd   Gap | It/Node Time

     0     0 5767.22262    0  246          - 5767.22262      -     -    1s
     0     0 5838.00773    0  288          - 5838.00773      -     -    2s
     0     0 5838.03065    0  288          - 5838.03065      -     -    2s
     0     0 5897.39094    0  304          - 5897.39094      -     -    3s
     0     0 5901.01746    0  322          - 5901.01746      -     -    3s
     0     0 5901.74263    0  315          - 5901.74263      -     -    4s
     0     0 5901.77898    0  325          - 5901.77898      -     -    4s
     0     0 5930.24240    0  299          - 5930.24240      -     -    5s
     0     0 5958.46513    0  360          - 5958.46513      -     -    6s
     0     0 5974.58406    0  362          - 5974.58406      -     -    7s
     0     0 5977.67118    0  397          - 5977.67118      -     -    7s
     0     0 5979.94004    0  419          - 5979.94004      -     -    7s
     0     0 5999.52074    0  378          - 5999.52074      -     -    9s
     0     0 6027.14039    0  405          - 6027.14039      -     -   10s
     0     0 6033.54912    0  423          - 6033.54912      -     -   11s
     0     0 6035.58708    0  413          - 6035.58708      -     -   11s
     0     0 6050.66182    0  413          - 6050.66182      -     -   13s
     0     0 6050.67122    0  405          - 6050.67122      -     -   13s
     0     0 6050.67122    0  401          - 6050.67122      -     -   13s
     0     2 6050.69956    0  395          - 6050.69956      -     -   16s
    53   119 6055.63389    6  368          - 6055.04252      -   302   20s
   304   326 6060.28068   14  372          - 6055.04252      -   192   25s
   415   436 6061.76086   18  353          - 6055.04252      -   179   30s
   547   547 6077.81316   14  297          - 6055.04252      -   196   35s
   664   671 6069.56683   26  299          - 6055.04252      -   201   40s
   784   801 6071.27309   29  296          - 6055.04252      -   197   45s
   898   908 6091.20405   30  271          - 6055.04252      -   197   50s
  1092  1137 6074.97854   33  298          - 6055.04252      -   191   55s
  1316  1358 6080.04600   36  290          - 6055.04252      -   186   60s
  1638  1719 6086.22559   45  300          - 6055.04252      -   176   65s
  1899  1947 6100.76794   56  283          - 6055.04252      -   172   71s
  2042  2084 6105.50533   58  267          - 6055.04252      -   170   75s
  2295  2412 6104.42708   61  263          - 6055.04252      -   165   80s
  2870  3039 6122.56012   69  296          - 6055.04252      -   157   87s
  3362  3473 6135.83348   86  268          - 6055.04252      -   151   92s
  3871  3901 6143.77403   95  253          - 6055.04252      -   149   97s
  4141  3971 6166.68087  106  238          - 6055.04252      -   147  100s
  4272  4050 6157.65136  108  239          - 6055.04252      -   148  106s
  4442  4332 6160.09514  111  234          - 6056.87596      -   146  112s
  4643  4578 6175.36332  122  211          - 6056.87596      -   145  115s
  5157  4967 6213.59945  145  217          - 6056.87596      -   144  121s
  5333  5223 6248.87726  150  243          - 6056.87596      -   143  125s
  5882  5608 infeasible  188               - 6056.87596      -   143  132s
  6117  5898 6081.87351   15  265          - 6057.04928      -   146  135s
  6783  6518 6139.25703   39  271          - 6057.25664      -   146  143s
  7132  6957 6106.09912   45  238          - 6057.25664      -   146  147s
  7601  7299 6119.88137   52  252          - 6057.25664      -   145  151s
  8049  7418 6149.09148   66  232          - 6057.25664      -   144  155s
  8202  7419 6092.94487   11 10363          - 6057.25664      -   145  162s
  8204  7420 6191.87936   32  250          - 6057.25664      -   145  165s
  8208  7423 6208.21950   21  329          - 6057.25664      -   145  170s
  8219  7430 6100.57346   38  404          - 6058.28747      -   145  175s
  8232  7439 6245.89222  130  449          - 6078.27602      -   144  180s
  8246  7448 6394.50613  113  482          - 6087.22354      -   144  185s
  8260  7458 6277.20116  168  522          - 6094.40583      -   144  190s
  8279  7470 6250.99842  153  488          - 6097.68837      -   143  195s
  8300  7484 6118.77130   54  529          - 6099.73273      -   143  200s
  8319  7497 6102.18519   38  538          - 6102.18519      -   143  205s
  8331  7505 6213.19087   24  507          - 6104.34635      -   143  210s
  8350  7518 6159.19706   95  535          - 6105.57730      -   142  215s
  8364  7527 6235.62915   56  570          - 6107.75845      -   142  221s
  8374  7534 6173.59461   53  550          - 6109.12420      -   142  225s
  8384  7540 6372.27361  113  551          - 6110.46385      -   142  230s
  8402  7552 6111.08137   11  544          - 6111.08137      -   141  235s
  8421  7565 6156.08872   84  582          - 6111.74291      -   141  240s
  8422  7566 6194.37027  100  574          - 6111.79644      -   141  255s
  8431  7572 6213.19087   24  562          - 6113.32609      -   141  260s
  8445  7581 6240.94059   76  575          - 6113.89352      -   141  265s
  8459  7590 6493.37008  149  579          - 6114.77060      -   140  270s
  8470  7598 6136.21182   59  562          - 6115.58669      -   140  275s
  8485  7608 6127.13678   41  566          - 6116.26874      -   140  280s
  8500  7618 6118.77130   54  572          - 6116.75345      -   140  285s
  8517  7629 6117.39849   21  576          - 6117.39849      -   139  290s
  8532  7639 6245.89222  130  610          - 6117.84362      -   139  295s
  8545  7648 6240.94059   76  549          - 6118.40565      -   139  300s
  8562  7659 6118.70862   38  605          - 6118.70862      -   139  305s
  8568  7664 6224.34475   53  256          - 6118.70862      -   145  312s
  8571  7666 6416.36188   79  323          - 6118.70862      -   145  315s
  8574  7668 6173.59461   53  339          - 6118.71796      -   145  320s
  8580  7672 6242.17618   49  509          - 6119.51871      -   145  325s
  8595  7682 6249.49646  103  515          - 6121.44874      -   145  330s
  8611  7693 6122.19102   52  546          - 6121.51944      -   145  335s
  8627  7704 6165.24084   39  540          - 6121.51944      -   144  340s
  8638  7711 6124.42776   41  521          - 6121.51944      -   144  348s
  8643  7714 6225.18867   27  527          - 6121.51944      -   144  350s
  8652  7720 6269.34055   76  514          - 6121.75092      -   144  355s
  8666  7730 6264.24652  121  521          - 6122.38672      -   144  361s
  8677  7737 6294.60096  141  548          - 6123.04307      -   143  365s
  8700  7752 6123.62627   54  552          - 6123.62627      -   143  370s
  8713  7761 6355.41497   93  552          - 6123.90966      -   143  375s
  8729  7772 6137.04956   40  558          - 6124.34963      -   143  380s
  8743  7781 6225.18867   27  580          - 6124.78964      -   142  385s
  8752  7787 6269.34055   76  576          - 6124.85238      -   142  390s
  8765  7796 6125.07653   66  572          - 6125.07653      -   142  395s
  8775  7802 6125.16711   35  521          - 6125.16711      -   142  400s
  8785  7809 6127.13678   41  531          - 6125.27626      -   142  405s
  8793  7814 6125.38164   51  529          - 6125.38164      -   142  415s
  8800  7828 6127.18375   27  458          - 6126.56183      -   146  421s
  8824  7858 6128.94573   29  473          - 6128.51150      -   147  427s
  8846  7898 6129.17932   30  487          - 6128.95996      -   148  431s
  8893  7919 6160.80518   31  388          - 6128.95996      -   149  436s
  8930  7941 6130.62558   32  470          - 6128.95996      -   150  440s
  8964  7951 6129.70423   32  460          - 6128.95996      -   152  445s
  8986  7966 6130.99093   33  477          - 6128.95996      -   153  450s
  9030  7996 6131.34986   34  487          - 6128.95996      -   155  459s
  9053  8011 6140.47332   34  425          - 6128.95996      -   157  463s
  9075  8025 6131.41976   35  472          - 6128.95996      -   158  468s
  9097  8041 6159.14495   35  495          - 6128.95996      -   160  472s
  9120  8059 6131.87857   36  498          - 6128.95996      -   160  476s
  9146  8081 6133.91023   36  431          - 6128.95996      -   162  480s
  9176  8093 6132.83049   37  490          - 6128.95996      -   162  485s
  9221  8126 6133.11929   38  470          - 6128.95996      -   165  493s
  9246  8140 6153.46600   38  419          - 6128.95996      -   167  497s
  9269  8167 6135.27205   39  449          - 6128.95996      -   168  501s
  9303  8194 6136.66145   39  443          - 6128.95996      -   169  505s
  9342  8223 6136.89960   40  446          - 6128.95996      -   170  510s
  9384  8250 6137.48611   41  451          - 6128.95996      -   172  516s
  9425  8288 6137.65784   42  418          - 6128.95996      -   173  520s
  9476  8325 6143.21843   43  386          - 6128.95996      -   175  525s
  9530  8365 6146.36308   44  374          - 6128.95996      -   177  530s
  9588  8415 6147.71325   45  370          - 6128.95996      -   179  535s
  9658  8430 6148.99484   46  347          - 6128.95996      -   180  540s
H 9684  8026                    6602.0000000 6128.95996  7.17%   181  540s
  9696  8089 6150.49282   46  372 6602.00000 6128.95996  7.17%   181  546s
H 9763  7759                    6601.0000000 6128.95996  7.15%   184  551s
H 9765  7402                    6597.0000000 6128.95996  7.09%   184  551s
  9830  7458 6153.07565   49  370 6597.00000 6128.95996  7.09%   186  557s
  9907  7454 6173.38206   50  299 6597.00000 6128.95996  7.09%   188  563s
H 9921  7111                    6596.0000000 6128.95996  7.08%   189  563s
  9929  7147 6157.13130   51  337 6596.00000 6128.95996  7.08%   189  569s
  9967  7204 6194.62056   51  260 6596.00000 6128.95996  7.08%   190  575s
 10037  7203 6159.71581   52  372 6596.00000 6128.95996  7.08%   192  582s
 10059  7217 6158.36475   53  322 6596.00000 6128.95996  7.08%   193  589s
H10072  6892                    6594.0000000 6128.95996  7.05%   194  589s
 10081  6988 6230.62397   53  323 6594.00000 6128.95996  7.05%   194  595s
 10182  7067 6160.42942   55  342 6594.00000 6128.95996  7.05%   196  602s
 10299  7145 6161.47070   57  307 6594.00000 6128.95996  7.05%   198  610s
 10426  7196 6167.12564   59  296 6594.00000 6129.71560  7.04%   200  618s
 10529  7184 6172.43395   61  292 6594.00000 6129.71560  7.04%   203  625s
 10551  7198 6182.09931   61  284 6594.00000 6129.71560  7.04%   204  633s
H10553  6875                    6494.0000000 6129.71560  5.61%   204  633s
H10566  6578                    6487.0000000 6129.71560  5.51%   205  633s
 10573  6705 6172.86525   62  286 6487.00000 6129.71560  5.51%   205  640s
 10702  6803 6175.80631   65  296 6487.00000 6129.71560  5.51%   208  649s
 10854  6877 6178.38848   67  291 6487.00000 6129.71560  5.51%   210  657s
 10987  6968 6183.11630   69  287 6487.00000 6129.71560  5.51%   213  665s
 11132  7078 6290.12340   72  256 6487.00000 6129.79719  5.51%   216  674s
 11290  7212 6188.24074   75  263 6487.00000 6129.79719  5.51%   219  683s
 11482  7348 6192.66530   79  230 6487.00000 6129.79719  5.51%   221  693s
 11713  7465     cutoff   82      6487.00000 6129.79719  5.51%   223  703s
 11933  7690 6223.00698   85  279 6487.00000 6129.79719  5.51%   226  713s
 12257  7816 6240.45168   89  240 6487.00000 6129.79719  5.51%   228  723s
 12586  7922 6273.20606   94  262 6487.00000 6129.79719  5.51%   230  734s
 12946  7984 6303.59075  101  243 6487.00000 6129.79719  5.51%   232  746s
 13273  8021 6316.05267  109  236 6487.00000 6129.79719  5.51%   235  758s
 13499  8218 6321.15014  117  258 6487.00000 6129.79719  5.51%   237  769s
 13805  8465 6326.72748  128  239 6487.00000 6129.79719  5.51%   239  781s
 14208  8768 6352.96997  143  232 6487.00000 6129.79719  5.51%   239  793s
 14727  8861 6196.61690   39  392 6487.00000 6129.79719  5.51%   238  806s

Cutting planes:
  Gomory: 6
  Lift-and-project: 1
  Cover: 282
  Clique: 55
  MIR: 342
  Knapsack: 12
  StrongCG: 190
  Flow cover: 547
  GUB cover: 23
  Zero half: 111
  Mod-K: 3
  RLT: 97
  Relax-and-lift: 115
  BQP: 6

Explored 15116 nodes (3630302 simplex iterations) in 806.46 seconds (713.66 work units)
Thread count was 22 (of 22 available processors)

Solution count 7: 6487 6494 6594 ... 6602

Time limit reached
Best objective 6.487000000000e+03, best bound 6.133000000000e+03, gap 5.4571%

User-callback calls 144371, time in user-callback 0.77 sec
Set parameter LogToConsole to value 0
