FIXINGS_START
(0, 0, 0)
(0, 6, 0)
(2, 0, 0)
(3, 0, 0)
(3, 8, 0)
(4, 0, 0)
(5, 0, 0)
(5, 6, 0)
(6, 0, 0)
(6, 6, 0)
(7, 0, 0)
(8, 0, 0)
(9, 0, 0)
(9, 8, 0)
(10, 0, 0)
(11, 0, 0)
(11, 7, 0)
(12, 0, 0)
(13, 0, 0)
(13, 6, 0)
(15, 0, 0)
(15, 4, 0)
(16, 0, 0)
(16, 4, 0)
(17, 9, 0)
(18, 0, 0)
(19, 0, 0)
(21, 0, 0)
(21, 1, 0)
(22, 0, 0)
(22, 8, 0)
(23, 0, 0)
(24, 0, 0)
(24, 4, 0)
(11, 3, 0)
(11, 4, 0)
(16, 1, 34)
(22, 3, 0)
(22, 6, 0)
(17, 0, 0)
(4, 1, 40)
(23, 1, 0)
(24, 1, 0)
(2, 1, 0)
(24, 3, 0)
(13, 1, 0)
(12, 2, 37)
(5, 3, 0)
(19, 1, 3)
(14, 0, 0)
(6, 1, 4)
(6, 2, 0)
(4, 2, 0)
(14, 2, 0)
(18, 1, 0)
(8, 1, 0)
(17, 1, 0)
(13, 3, 0)
(19, 2, 1)
(1, 0, 0)
(0, 4, 0)
(16, 2, 0)
(18, 2, 0)
(8, 3, 0)
(2, 4, 0)
(1, 1, 0)
(21, 2, 0)
(10, 3, 0)
(15, 1, 9)
(8, 4, 0)
(18, 3, 0)
(24, 6, 0)
(10, 4, 0)
(6, 3, 0)
(20, 0, 0)
(16, 5, 28)
(6, 4, 0)
(6, 7, 0)
(0, 5, 0)
(20, 1, 0)
(16, 6, 18)
(15, 2, 29)
(16, 7, 29)
(24, 7, 0)
(17, 3, 0)
(1, 2, 0)
FIXINGS_END
found_sol 6376.0 time 292.920
found_sol 6376.0 time 889.050
time 889.063
GUROBI
Status TIME_LIMIT
Runtime 889.0624399185181
NodeCount 42567.0
IterCount 9638040.0
NumVars 9720
NumConstrs 53433
ObjBound 6225.0
ObjBoundC 6224.395625094695
ObjVal 6376.0
MIPGap 0.023682559598494354
