
Gurobi 13.0.0 (linux64) logging started Sat Jan 17 19:34:04 2026

Set parameter LogFile to value "../experiments/network-n_60_s_0_rp_0-app_set-id_62_25_apps/submip_30_epr0_model_gurobi.log"
Set parameter TimeLimit to value 8.8931007963699813e+02
Gurobi Optimizer version 13.0.0 build v13.0.0rc1 (linux64 - "Ubuntu 24.04.3 LTS")

CPU model: Intel(R) Core(TM) Ultra 7 165H, instruction set [SSE2|AVX|AVX2]
Thread count: 22 physical cores, 22 logical processors, using up to 22 threads

Non-default parameters:
TimeLimit  8.8931007963699813e+02
LogToConsole  0

Academic license 2539022 - for non-commercial use only - registered to al___@studenti.unimi.it
Optimize a model with 53420 rows, 9720 columns and 120492 nonzeros (Min)
Model fingerprint: 0x0cfa5cf9
Model has 9720 linear objective coefficients
Model has 200 quadratic constraints
Variable types: 0 continuous, 9720 integer (9720 binary)
Coefficient statistics:
  Matrix range     [1e+00, 9e+02]
  QMatrix range    [5e+01, 2e+02]
  Objective range  [1e+01, 2e+02]
  Bounds range     [1e+00, 1e+00]
  RHS range        [1e+00, 1e+09]
  QRHS range       [1e+02, 6e+02]
Presolve removed 52593 rows and 7332 columns
Presolve time: 0.22s
Presolved: 23461 rows, 24798 columns, 146698 nonzeros
Variable types: 0 continuous, 24798 integer (24798 binary)
Deterministic concurrent LP optimizer: primal and dual simplex
Showing primal log only...

Concurrent spin time: 0.00s

Solved with dual simplex

Root relaxation: objective 5.792903e+03, 2132 iterations, 0.49 seconds (0.42 work units)

    Nodes    |    Current Node    |     Objective Bounds      |     Work
 Expl Unexpl |  Obj  Depth IntInf | Incumbent    BestBd   Gap | It/Node Time

     0     0 5792.90263    0  249          - 5792.90263      -     -    1s
     0     0 5836.54900    0  258          - 5836.54900      -     -    2s
     0     0 5900.20272    0  317          - 5900.20272      -     -    3s
     0     0 5900.27418    0  312          - 5900.27418      -     -    3s
     0     0 5910.64333    0  350          - 5910.64333      -     -    3s
     0     0 5912.36555    0  355          - 5912.36555      -     -    3s
     0     0 5912.44922    0  362          - 5912.44922      -     -    4s
     0     0 5967.08023    0  336          - 5967.08023      -     -    5s
     0     0 5990.91518    0  366          - 5990.91518      -     -    6s
     0     0 5999.39961    0  349          - 5999.39961      -     -    7s
     0     0 6004.34681    0  359          - 6004.34681      -     -    7s
     0     0 6004.60833    0  376          - 6004.60833      -     -    8s
     0     0 6024.52712    0  399          - 6024.52712      -     -    9s
     0     0 6033.04058    0  374          - 6033.04058      -     -   10s
     0     0 6042.26958    0  385          - 6042.26958      -     -   11s
     0     0 6044.01791    0  440          - 6044.01791      -     -   11s
     0     0 6061.85809    0  373          - 6061.85809      -     -   13s
     0     0 6061.88561    0  365          - 6061.88561      -     -   13s
     0     0 6061.88561    0  362          - 6061.88561      -     -   13s
     0     2 6061.92658    0  359          - 6061.92658      -     -   15s
   138   185 6070.00020    8  312          - 6066.26152      -   234   20s
   325   355 6078.30055   17  306          - 6066.26152      -   219   26s
   421   444 6083.13772   19  283          - 6066.26152      -   217   30s
   599   624 6089.39852   28  269          - 6066.26152      -   210   35s
   725   753 6091.72586   36  244          - 6066.26152      -   217   40s
   919   962 6130.71648   49  245          - 6066.26152      -   210   45s
  1040  1080 6110.64675   53  214          - 6066.26152      -   212   50s
  1273  1306 6119.07352   60  211          - 6066.26152      -   216   56s
  1484  1546 6128.86021   70  214          - 6066.26152      -   214   61s
  1717  1836 6138.31093   72  213          - 6066.26152      -   213   65s
  2236  2380 6178.57026   86  173          - 6066.26152      -   201   70s
  2924  3098 6207.83100  105  175          - 6066.26152      -   183   77s
  3399  3457 6215.73940  122  173          - 6066.26152      -   173   81s
  3690  3618 6222.09812  125  156          - 6066.26152      -   167   86s
  3974  3835 6248.69565  143  149          - 6066.26152      -   166   91s
  4196  4213 6290.45860  158  128          - 6067.53170      -   166   96s
  4742  4748 6086.30560   12  265          - 6067.53170      -   165  102s
  5089  4973 6095.06412   13  288          - 6067.53170      -   164  105s
  5744  5554 6133.37517   20  203          - 6067.53170      -   163  111s
  6444  6163 6177.80984   35  209          - 6067.53170      -   162  117s
  6785  6344 6181.10664   41  201          - 6067.53170      -   161  120s
  7219  6873 6197.66650   60  171          - 6067.53170      -   161  128s
  7649  6901 6209.66607   68  158          - 6069.16042      -   159  131s
  7678  6902 6260.22976   55 9865          - 6069.16042      -   160  137s
  7680  6903 6194.84569   54  213          - 6069.16042      -   159  141s
  7684  6906 6110.66262   17  362          - 6069.16042      -   159  145s
  7692  6911 6315.60079  134  365          - 6070.13301      -   159  150s
  7706  6921 6189.79189   30  391          - 6084.19754      -   159  155s
  7722  6931 6165.06198   62  426          - 6089.68589      -   159  160s
  7742  6945 6148.98352   49  470          - 6091.96847      -   158  165s
  7763  6959 6094.99797   20  488          - 6094.99797      -   158  170s
  7774  6966 6132.97680   15  464          - 6095.95271      -   158  175s
  7796  6981 6099.01172   20  447          - 6099.01172      -   157  180s
  7812  6991 6135.50930   38  477          - 6104.96837      -   157  185s
  7835  7007 6195.39221   82  456          - 6107.08581      -   156  190s
  7842  7011 6148.98352   49  457          - 6108.06352      -   156  195s
  7863  7025 6109.42756   20  470          - 6109.42756      -   156  200s
  7875  7033 6300.65154   44  492          - 6109.61646      -   156  205s
  7887  7041 6637.76906  137  491          - 6110.34615      -   155  210s
  7901  7051 6171.45328   33  485          - 6110.51660      -   155  215s
  7912  7058 6135.50930   38  489          - 6110.64603      -   155  220s
  7920  7064 6111.40117   12  214          - 6110.65584      -   160  228s
  7922  7066 6165.06198   62  323          - 6110.65584      -   160  230s
  7926  7068 6312.98961  117  386          - 6110.83577      -   159  236s
  7936  7075 6129.76325   22  510          - 6113.92212      -   159  240s
  7955  7088 6130.66699   49  457          - 6113.92212      -   159  245s
  7972  7099 6247.73025   92  502          - 6113.92212      -   159  250s
  7989  7110 6150.65252   78  510          - 6113.92212      -   158  255s
  7998  7116 6113.92212   28  494          - 6113.92212      -   158  260s
  8011  7125 6134.63496   40  502          - 6113.92212      -   158  265s
  8019  7130 6295.25301  126  432          - 6115.42846      -   158  270s
  8040  7144 6251.72045  172  495          - 6116.48529      -   157  275s
  8060  7158 6321.16593  106  490          - 6117.27781      -   157  280s
  8079  7170 6215.44841   83  455          - 6117.77745      -   156  285s
  8098  7183 6118.34431   28  498          - 6118.34431      -   156  290s
  8113  7193 6203.36088  112  484          - 6118.68007      -   156  295s
  8134  7207 6228.23607  138  536          - 6119.32883      -   155  300s
  8146  7215 6193.90542   51  519          - 6119.39934      -   155  305s
  8149  7217 6119.74812   16  503          - 6119.74812      -   155  313s
  8150  7221 6120.08217   20  425          - 6119.74812      -   159  321s
  8156  7231 6125.80605   22  365          - 6124.64197      -   159  325s
  8180  7261 6131.30252   24  352          - 6126.20783      -   162  336s
  8202  7328 6132.11566   25  351          - 6126.84911      -   163  342s
  8277  7345 6133.01809   27  370          - 6126.84911      -   165  346s
  8323  7371 6134.52566   28  369          - 6126.84911      -   168  351s
  8366  7379 6136.29636   29  379          - 6126.84911      -   170  356s
  8388  7396 6226.72275   29  358          - 6126.84911      -   171  360s
  8435  7424 6144.78746   30  396          - 6126.84911      -   174  368s
  8458  7438 6137.05052   31  384          - 6126.84911      -   175  372s
  8480  7457 6142.32721   31  404          - 6126.84911      -   175  376s
  8506  7474 6137.21891   32  406          - 6126.84911      -   176  380s
  8532  7493 6143.89106   32  334          - 6126.84911      -   177  385s
  8596  7545 6138.95306   33  342          - 6126.84911      -   180  393s
  8633  7581 6143.90745   34  383          - 6126.84911      -   182  397s
  8681  7613 6151.17848   34  359          - 6126.84911      -   183  402s
  8729  7632 6144.35248   35  420          - 6126.84911      -   184  407s
  8766  7657 6290.81544   35  368          - 6126.84911      -   186  411s
  8804  7667 6147.17244   36  360          - 6126.84911      -   188  415s
  8826  7683 6154.33261   36  429          - 6126.84911      -   188  420s
  8850  7703 6149.57054   37  396          - 6126.84911      -   190  425s
  8880  7727 6153.83565   37  313          - 6126.84911      -   191  430s
  8914  7754 6150.61812   38  387          - 6126.84911      -   193  436s
  8954  7795 6150.82101   39  383          - 6126.84911      -   194  441s
  9008  7834 6151.99697   40  368          - 6126.84911      -   196  447s
  9065  7877 6155.64510   41  370          - 6126.84911      -   198  453s
  9127  7928 6157.59008   42  371          - 6126.84911      -   202  459s
  9199  7977 6158.91418   43  356          - 6126.84911      -   204  465s
  9272  8029 6164.48083   44  389          - 6126.84911      -   207  471s
  9348  8087 6162.74793   46  374          - 6126.84911      -   210  477s
  9433  8141 6186.29848   47  347          - 6126.84911      -   213  483s
  9515  8138 6166.36005   49  362          - 6126.84911      -   216  490s
  9539  8176 6191.70431   49  349          - 6126.84911      -   216  502s
  9587  8242 6166.70885   50  359          - 6126.84911      -   218  511s
  9669  8289 6184.74500   50  312          - 6126.84911      -   221  518s
  9746  8377 6258.47394   51  312          - 6126.84911      -   223  525s
  9859  8464 6212.34615   52  326          - 6126.84911      -   226  533s
  9984  8574 6171.39088   54  314          - 6126.84911      -   228  541s
 10138  8701 6173.72669   56  302          - 6126.84911      -   231  549s
 10316  8790 6240.16473   58  309          - 6126.84911      -   233  558s
 10466  8957 6179.14607   59  260          - 6126.84911      -   234  566s
 10683  9134 6185.10926   61  211          - 6126.84911      -   235  575s
 10946  9375 6186.63838   64  233          - 6126.84911      -   236  583s
 11284  9619 6194.08805   67  231          - 6126.84911      -   236  592s
 11694  9852 6197.94341   72  216          - 6126.84911      -   235  600s
 12083 10052 6212.56320   80  164          - 6126.84911      -   235  609s
 12454  9950 6215.44918   89  209          - 6126.84911      -   235  618s
H12462  9124                    6345.0000000 6126.84911  3.44%   235  618s
 12476  9303 6230.61185   89  159 6345.00000 6126.84911  3.44%   235  627s
 12880  9307 6308.14080   99  168 6345.00000 6126.84911  3.44%   234  636s
 13095  9502 6277.73496  111  146 6345.00000 6126.84911  3.44%   237  646s
 13440  9639 6251.92217   33  393 6345.00000 6126.84911  3.44%   238  657s
 13782  9720 6264.79003   37  368 6345.00000 6126.84911  3.44%   239  668s
 14065  9788 6274.44110   41  342 6345.00000 6130.48370  3.38%   242  679s
 14280  9984 6299.52172   43  372 6345.00000 6131.12351  3.37%   245  690s
 14623 10143 6292.15326   45  296 6345.00000 6131.12351  3.37%   248  702s
 14997 10308 6329.65945   55  292 6345.00000 6131.12351  3.37%   250  714s
 15381 10526 6260.82111   31  298 6345.00000 6131.12351  3.37%   252  727s
 15865 10734 6335.07448   59  253 6345.00000 6131.12351  3.37%   253  741s
 16309 11084 6183.02664   35  363 6345.00000 6131.12351  3.37%   254  753s
 16880 11189     cutoff   46      6345.00000 6131.12351  3.37%   253  769s
 17318 11355 6152.24115   27  439 6345.00000 6131.12351  3.37%   254  783s
 17742 11497 6197.54436   31  411 6345.00000 6131.12351  3.37%   257  797s
 18067 11815 6216.32038   33  329 6345.00000 6131.12351  3.37%   260  813s
 18645 12070 6247.25636   37  250 6345.00000 6131.12351  3.37%   261  828s
 19246 12452 6301.80164   45  227 6345.00000 6131.12351  3.37%   261  845s
 19293 12436 6311.89816   60  221 6345.00000 6131.12351  3.37%   262  845s
H19515 11957                    6340.0000000 6131.12351  3.29%   261  845s
H19657 11178                    6325.0000000 6131.12351  3.07%   261  845s
 19939 11389 6255.40254   37  297 6325.00000 6131.12351  3.07%   260  863s
 20376 11618 6288.00282   57  231 6325.00000 6131.12351  3.07%   261  881s
 20914 11569 6192.46516   37  307 6325.00000 6142.93916  2.88%   264  889s
H20956 11086                    6321.0000000 6142.93916  2.82%   265  889s

Cutting planes:
  Gomory: 7
  Lift-and-project: 1
  Cover: 352
  Clique: 53
  MIR: 395
  Knapsack: 7
  StrongCG: 209
  Flow cover: 684
  GUB cover: 33
  Inf proof: 1
  Zero half: 78
  Mod-K: 1
  RLT: 109
  Relax-and-lift: 62
  BQP: 22

Explored 21080 nodes (5622587 simplex iterations) in 889.40 seconds (786.66 work units)
Thread count was 22 (of 22 available processors)

Solution count 4: 6321 6325 6340 6345 

Time limit reached
Best objective 6.321000000000e+03, best bound 6.143000000000e+03, gap 2.8160%

User-callback calls 171361, time in user-callback 0.93 sec
Set parameter LogToConsole to value 0
