
Gurobi 13.0.0 (linux64) logging started Sun Jan  4 19:28:36 2026

Set parameter LogFile to value "../experiments/network-n_30_s_1_rp_0-app_set-id_24_13_apps/compact_model_gurobi.log"
Set parameter TimeLimit to value 900
Gurobi Optimizer version 13.0.0 build v13.0.0rc1 (linux64 - "Ubuntu 24.04.3 LTS")

CPU model: Intel(R) Core(TM) Ultra 7 165H, instruction set [SSE2|AVX|AVX2]
Thread count: 22 physical cores, 22 logical processors, using up to 22 threads

Non-default parameters:
TimeLimit  900
LogToConsole  0

Academic license 2539022 - for non-commercial use only - registered to al___@studenti.unimi.it
Optimize a model with 7674 rows, 2520 columns and 18912 nonzeros (Min)
Model fingerprint: 0x5fe4c401
Model has 2520 linear objective coefficients
Model has 100 quadratic constraints
Variable types: 0 continuous, 2520 integer (2520 binary)
Coefficient statistics:
  Matrix range     [1e+00, 9e+02]
  QMatrix range    [5e+01, 2e+02]
  Objective range  [1e+01, 2e+02]
  Bounds range     [1e+00, 1e+00]
  RHS range        [1e+00, 1e+09]
  QRHS range       [1e+02, 6e+02]
Presolve removed 7075 rows and 1321 columns
Presolve time: 0.06s
Presolved: 11157 rows, 11658 columns, 63692 nonzeros
Variable types: 0 continuous, 11658 integer (11658 binary)
Found heuristic solution: objective 3826.0000000

Root relaxation: objective 2.863869e+03, 982 iterations, 0.06 seconds (0.09 work units)

    Nodes    |    Current Node    |     Objective Bounds      |     Work
 Expl Unexpl |  Obj  Depth IntInf | Incumbent    BestBd   Gap | It/Node Time

     0     0 2863.86890    0  110 3826.00000 2863.86890  25.1%     -    0s
H    0     0                    3732.0000000 2863.86890  23.3%     -    0s
     0     0 2886.08004    0  157 3732.00000 2886.08004  22.7%     -    0s
H    0     0                    3702.0000000 2886.08004  22.0%     -    0s
H    0     0                    3679.0000000 2888.24797  21.5%     -    0s
     0     0 2888.24797    0  198 3679.00000 2888.24797  21.5%     -    0s
H    0     0                    3678.0000000 2888.38411  21.5%     -    0s
     0     0 2888.38411    0  190 3678.00000 2888.38411  21.5%     -    0s
H    0     0                    3649.0000000 2901.90807  20.5%     -    1s
     0     0 2903.76290    0  154 3649.00000 2903.76290  20.4%     -    1s
     0     0 2907.84342    0  145 3649.00000 2907.84342  20.3%     -    1s
H    0     0                    3622.0000000 2909.22558  19.7%     -    1s
     0     0 2909.22558    0  175 3622.00000 2909.22558  19.7%     -    1s
     0     0 2909.23346    0  175 3622.00000 2909.23346  19.7%     -    1s
     0     0 2914.92730    0  171 3622.00000 2914.92730  19.5%     -    1s
H    0     0                    3272.0000000 2914.92730  10.9%     -    1s
H    0     0                    3204.0000000 2914.92730  9.02%     -    1s
H    0     0                    3174.0000000 2914.92730  8.16%     -    1s
     0     0 2916.45135    0  175 3174.00000 2916.45135  8.11%     -    1s
     0     0 2917.54974    0  170 3174.00000 2917.54974  8.08%     -    2s
     0     0 2917.60470    0  169 3174.00000 2917.60470  8.08%     -    2s
     0     0 2920.15078    0  205 3174.00000 2920.15078  8.00%     -    2s
     0     0 2920.32023    0  199 3174.00000 2920.32023  7.99%     -    2s
     0     0 2922.55011    0  168 3174.00000 2922.55011  7.92%     -    2s
     0     0 2922.55870    0  162 3174.00000 2922.55870  7.92%     -    2s
     0     0 2922.55870    0  154 3174.00000 2922.55870  7.92%     -    2s
     0     2 2922.58981    0  150 3174.00000 2922.58981  7.92%     -    2s
H   54    95                    3081.0000000 2924.46490  5.08%   164    4s
H   77    95                    3002.0000000 2924.49624  2.58%   152    4s
H   83    95                    2993.0000000 2924.49624  2.29%   147    4s
   138   178 2928.10488    7  206 2993.00000 2924.49624  2.29%   134    5s
H  142   178                    2987.0000000 2924.49624  2.09%   134    5s
H  312   345                    2980.0000000 2924.49624  1.86%   110    6s
H  396   412                    2978.0000000 2924.49624  1.80%   106    7s
H  406   412                    2974.0000000 2924.49624  1.66%   108    7s
H  998   931                    2960.0000000 2926.97743  1.12%  90.6   10s
  1883  1263 2947.68709    9  139 2960.00000 2927.72968  1.09%  82.5   15s
  2861  1668 2948.26646   17  109 2960.00000 2932.31314  0.94%  77.7   20s
  3772  2037 2948.16016   37  133 2960.00000 2935.02055  0.84%  75.1   25s
  4119  2155 2935.86514   18  173 2960.00000 2935.86514  0.82%  77.3   30s
  4604  2306 2957.95236   29  103 2960.00000 2937.19476  0.77%  77.5   35s
  5849  2387     cutoff   28      2960.00000 2942.43839  0.59%  72.4   40s
  8073  2574 2947.56381   32  145 2960.00000 2945.54179  0.49%  64.9   45s
 10649  2617 2958.39848   26   69 2960.00000 2947.48874  0.42%  60.1   50s
 13620  3232 2956.25245   26  101 2960.00000 2948.78375  0.38%  55.7   55s
 15809  3714 2957.10264   38   79 2960.00000 2949.41936  0.36%  53.8   60s
 18652  4116 2958.42136   37   77 2960.00000 2950.42751  0.32%  51.6   65s
 21366  4361     cutoff   36      2960.00000 2951.02972  0.30%  50.0   70s
 24054  4374 2954.99164   29 1196 2960.00000 2951.77869  0.28%  48.8   75s
 24518  4511 2951.77869   39   99 2960.00000 2951.77869  0.28%  49.4   80s
 26056  4665 2951.77869   48   65 2960.00000 2951.77869  0.28%  49.5   85s
 28731  4832 infeasible   38      2960.00000 2951.77869  0.28%  48.7   90s
 33393  4219 2957.46904   54   32 2960.00000 2951.77869  0.28%  47.7   95s
 38192  3420     cutoff   57      2960.00000 2951.88913  0.27%  46.5  100s
*38333  2649              49    2957.0000000 2951.91028  0.17%  46.5  100s

Cutting planes:
  Gomory: 2
  Lift-and-project: 1
  Cover: 184
  Clique: 10
  MIR: 115
  Knapsack: 4
  StrongCG: 71
  Flow cover: 70
  GUB cover: 8
  Inf proof: 1
  Zero half: 43
  Mod-K: 1
  RLT: 73
  Relax-and-lift: 65
  BQP: 18

Explored 43142 nodes (1925910 simplex iterations) in 103.60 seconds (42.97 work units)
Thread count was 22 (of 22 available processors)

Solution count 10: 2957 2960 2974 ... 3174

Optimal solution found (tolerance 1.00e-04)
Best objective 2.957000000000e+03, best bound 2.957000000000e+03, gap 0.0000%

User-callback calls 95341, time in user-callback 0.12 sec
