
Gurobi 13.0.0 (linux64) logging started Mon Jan  5 04:01:43 2026

Set parameter LogFile to value "../experiments/network-n_40_s_2_rp_0-app_set-id_23_12_apps/compact_model_gurobi.log"
Set parameter TimeLimit to value 900
Gurobi Optimizer version 13.0.0 build v13.0.0rc1 (linux64 - "Ubuntu 24.04.3 LTS")

CPU model: Intel(R) Core(TM) Ultra 7 165H, instruction set [SSE2|AVX|AVX2]
Thread count: 22 physical cores, 22 logical processors, using up to 22 threads

Non-default parameters:
TimeLimit  900
LogToConsole  0

Academic license 2539022 - for non-commercial use only - registered to al___@studenti.unimi.it
Optimize a model with 10167 rows, 3120 columns and 24587 nonzeros (Min)
Model fingerprint: 0x9ab09bf7
Model has 3120 linear objective coefficients
Model has 126 quadratic constraints
Variable types: 0 continuous, 3120 integer (3120 binary)
Coefficient statistics:
  Matrix range     [1e+00, 9e+02]
  QMatrix range    [6e+01, 2e+02]
  Objective range  [1e+01, 2e+02]
  Bounds range     [1e+00, 1e+00]
  RHS range        [1e+00, 1e+09]
  QRHS range       [1e+02, 6e+02]
Presolve removed 9528 rows and 1876 columns
Presolve time: 0.08s
Presolved: 10413 rows, 10895 columns, 63805 nonzeros
Variable types: 0 continuous, 10895 integer (10895 binary)

Root relaxation: objective 2.733913e+03, 958 iterations, 0.08 seconds (0.12 work units)

    Nodes    |    Current Node    |     Objective Bounds      |     Work
 Expl Unexpl |  Obj  Depth IntInf | Incumbent    BestBd   Gap | It/Node Time

     0     0 2733.91253    0  185          - 2733.91253      -     -    0s
     0     0 2837.93274    0  225          - 2837.93274      -     -    1s
     0     0 2848.22370    0  227          - 2848.22370      -     -    1s
     0     0 2848.81981    0  234          - 2848.81981      -     -    1s
     0     0 2947.91033    0  258          - 2947.91033      -     -    1s
     0     0 2956.14837    0  261          - 2956.14837      -     -    2s
     0     0 2956.31430    0  282          - 2956.31430      -     -    2s
     0     0 2991.71688    0  291          - 2991.71688      -     -    2s
     0     0 3009.59092    0  287          - 3009.59092      -     -    2s
     0     0 3011.38263    0  317          - 3011.38263      -     -    2s
     0     0 3024.10715    0  311          - 3024.10715      -     -    3s
     0     0 3024.18073    0  308          - 3024.18073      -     -    3s
     0     0 3024.18073    0  292          - 3024.18073      -     -    3s
     0     2 3024.18140    0  286          - 3024.18140      -     -    4s
    15    32 3029.25982    4  261          - 3028.78858      -   217    5s
   479   474 3068.43401   17  248          - 3035.12828      -   145   10s
   991   990 3106.31843   31  213          - 3035.12828      -   131   15s
  1458  1442 3130.68485   37  196          - 3038.42989      -   122   20s
  1880  1837 3154.79072   47  163          - 3038.42989      -   118   25s
  3232  2994 3271.85911   69  106          - 3040.36514      -   102   30s
  3958  3288 3149.52906   21  215          - 3047.63061      -   100   35s
  3983  3305 3303.05565   35  338          - 3093.81432      -  99.5   40s
  4020  3330 3346.83135   65  431          - 3120.01997      -  98.6   45s
H 4042  3175                    3739.0000000 3127.09306  16.4%  98.0   48s
H 4042  3015                    3728.0000000 3127.09306  16.1%  98.0   48s
H 4043  2863                    3648.0000000 3128.10231  14.3%  98.0   48s
H 4043  2719                    3637.0000000 3128.10231  14.0%  98.0   48s
H 4043  2581                    3635.0000000 3128.10231  13.9%  98.0   48s
H 4043  2451                    3595.0000000 3128.10231  13.0%  98.0   48s
H 4043  2327                    3584.0000000 3128.10231  12.7%  98.0   48s
  4055  2335 3132.82622   35  420 3584.00000 3129.23586  12.7%  97.7   50s
H 4079  2231                    3556.0000000 3136.66958  11.8%  97.1   54s
H 4079  2118                    3553.0000000 3136.66958  11.7%  97.1   54s
  4085  2122 3388.04440   61  445 3553.00000 3137.12624  11.7%  97.0   55s
H 4090  2016                    3532.0000000 3138.49089  11.1%  96.9   56s
  4115  2033 3139.20273   12  488 3532.00000 3139.20273  11.1%  96.3   60s
H 4129  1944                    3531.0000000 3142.71497  11.0%   103   64s
  4135  1958 3151.56053   14  422 3531.00000 3147.22177  10.9%   104   66s
H 4156  1874                    3525.0000000 3149.75234  10.6%   108   69s
H 4164  1778                    3509.0000000 3149.75234  10.2%   110   69s
H 4166  1687                    3425.0000000 3149.75234  8.04%   110   69s
  4173  1746 3181.58031   16  367 3425.00000 3155.16607  7.88%   111   72s
  4270  1794 3196.08043   18  358 3425.00000 3155.17546  7.88%   121   77s
  4361  1860 3201.07410   20  386 3425.00000 3155.17546  7.88%   128   80s
  4500  1959 3213.50351   22  320 3425.00000 3155.17546  7.88%   137   85s
  4649  2032 3230.13934   23  309 3425.00000 3155.17546  7.88%   142   90s
  4797  2094 3223.70659   25  338 3425.00000 3155.17546  7.88%   147   95s
  5026  2226 3235.87666   28  238 3425.00000 3157.56490  7.81%   155  101s
H 5084  2122                    3416.0000000 3157.56490  7.57%   156  101s
  5172  2219 3249.50559   29  243 3416.00000 3157.56490  7.57%   158  105s
  5418  2334 3269.53528   32  201 3416.00000 3157.56490  7.57%   163  111s
  5546  2401 3261.01191   34  217 3416.00000 3157.56490  7.57%   166  115s
  5733  2499 3268.76454   37  236 3416.00000 3157.56490  7.57%   168  120s
  6017  2532 3284.72679   40  204 3416.00000 3157.56490  7.57%   171  125s
  6235  2624 3314.99964   43  195 3416.00000 3157.56490  7.57%   175  130s
  6508  2730 3399.68342   52  200 3416.00000 3157.56490  7.57%   179  136s
  6803  2924 3228.81820   20  240 3416.00000 3162.68329  7.42%   182  142s
  7005  2959 3250.52290   25  235 3416.00000 3167.17113  7.28%   183  145s
* 7134  2809              73    3403.0000000 3167.17113  6.93%   183  145s
  7408  2902 3374.11002   45  134 3403.00000 3167.17113  6.93%   185  151s
H 7447  2763                    3394.0000000 3167.17113  6.68%   184  151s
H 7491  2645                    3387.0000000 3167.17113  6.49%   185  151s
  7685  2873 3215.81190   19  258 3387.00000 3168.01846  6.47%   187  158s
H 7789  2246                    3336.0000000 3169.10707  5.00%   188  158s
H 7877  2137                    3328.0000000 3169.10707  4.77%   188  158s
  7904  2206 3246.49304   25  205 3328.00000 3169.10707  4.77%   188  162s
  8103  2339 3184.60793   24  359 3328.00000 3169.10707  4.77%   191  165s
H 8269  2338                    3322.0000000 3169.21004  4.60%   194  169s
  8400  2434 3218.54438   28  303 3322.00000 3171.16086  4.54%   195  173s
  8634  2526 3237.59238   35  237 3322.00000 3171.74441  4.52%   197  177s
H 8729  2441                    3316.0000000 3171.74441  4.35%   196  177s
  8814  2631 3284.28384   43  175 3316.00000 3172.02689  4.34%   197  181s
  9098  2817 3219.38896   19  248 3316.00000 3172.02689  4.34%   198  185s
  9745  3210 3252.28874   22  258 3316.00000 3172.99036  4.31%   200  194s
 10041  3402 3207.16981   20  254 3316.00000 3177.89518  4.16%   202  198s
 10389  3677 3288.40466   29  202 3316.00000 3177.89518  4.16%   204  203s
 10809  3896 3303.00520   23  179 3316.00000 3177.89518  4.16%   204  207s
 11131  4072 3239.88505   19  270 3316.00000 3177.89518  4.16%   205  212s
 11533  4226 3290.34236   25  265 3316.00000 3177.89518  4.16%   205  218s
 11846  4500 3211.38594   20  335 3316.00000 3181.67509  4.05%   206  223s
 12339  4811 3307.03401   39  185 3316.00000 3181.67509  4.05%   206  229s
 12910  5023 3234.02471   27  291 3316.00000 3184.28455  3.97%   206  235s
 13270  5265 3284.35118   46  115 3316.00000 3184.28455  3.97%   207  240s
 13693  5540 3210.05016   18  262 3316.00000 3190.97385  3.77%   210  246s
 14250  5722 3219.47509   18  225 3316.00000 3192.45446  3.73%   212  252s
 14877  5933 3216.14026   21  287 3316.00000 3193.45614  3.70%   213  259s
 15396  6119 3263.97221   25  206 3316.00000 3194.34751  3.67%   215  265s
 15831  6440 3299.33312   29  203 3316.00000 3196.34895  3.61%   216  272s
 16458  6780 3289.18709   37  141 3316.00000 3197.14775  3.58%   216  279s
 17068  7059     cutoff   30      3316.00000 3197.83149  3.56%   217  286s
 17663  7324 infeasible   27      3316.00000 3198.65448  3.54%   218  294s
 18391  7738 3223.48103   20  247 3316.00000 3198.65448  3.54%   218  302s
 19150  8168 3278.50330   39  212 3316.00000 3200.60260  3.48%   219  310s
 19986  8598 3265.93889   27  223 3316.00000 3201.15358  3.46%   219  318s
 20813  8934 3295.56528   33  238 3316.00000 3203.24063  3.40%   220  327s
 21427  9421 3305.48745   47  116 3316.00000 3204.22309  3.37%   221  336s
 22387  9494 3251.97915   22  363 3316.00000 3204.73365  3.36%   221  346s
H22494  9406                    3313.0000000 3204.73365  3.27%   221  346s
 22536  9492 3254.69623   23  302 3313.00000 3204.73365  3.27%   222  355s
 22781  9980 3256.28135   24  284 3313.00000 3204.87102  3.26%   222  365s
 23723 10511     cutoff   28      3313.00000 3206.02637  3.23%   222  375s
 24813 11061 3232.24763   25  246 3313.00000 3207.18542  3.19%   222  388s
 25883 11509 3256.59128   24  222 3313.00000 3207.95970  3.17%   222  398s
 26779 11893 3277.64730   26  181 3313.00000 3208.57715  3.15%   223  408s
 27675 12374 3223.43469   22  290 3313.00000 3209.67636  3.12%   224  418s
 28816 12882 3262.12939   28  218 3313.00000 3210.33594  3.10%   224  428s
 29910 13329     cutoff   23      3313.00000 3211.29377  3.07%   224  439s
 30892 13791 3281.67830   24  283 3313.00000 3212.23493  3.04%   224  451s
 31907 14279 infeasible   42      3313.00000 3213.11490  3.01%   224  463s
 33071 14873 3261.15719   20  278 3313.00000 3214.13172  2.98%   224  475s
 34295 15401 3271.68537   29  173 3313.00000 3215.16754  2.95%   225  487s
 35474 16084 infeasible   24      3313.00000 3216.05440  2.93%   224  500s
 37032 16655 3304.14990   29  222 3313.00000 3217.89895  2.87%   223  514s
 38361 17376 3248.97761   35  247 3313.00000 3218.77507  2.84%   223  528s
 39902 18057 3303.30320   47  188 3313.00000 3219.78825  2.81%   223  542s
 41496 18822 3256.18757   42  237 3313.00000 3221.08355  2.77%   223  558s
 43152 19468     cutoff   28      3313.00000 3222.06693  2.74%   223  573s
 44723 20239     cutoff   26      3313.00000 3223.14014  2.71%   224  589s
 46480 20924 3283.20020   40  179 3313.00000 3224.03336  2.69%   224  605s
 48399 21761 3250.10975   35  223 3313.00000 3225.48341  2.64%   224  622s
 50340 21762 3282.01249   52 4997 3313.00000 3226.62422  2.61%   224  685s
 50354 21771 3282.42436   34  328 3313.00000 3226.62422  2.61%   224  690s
 50375 21785 3230.62036   26  369 3313.00000 3226.62422  2.61%   224  696s
 50388 21794 3232.70092   29  386 3313.00000 3226.62422  2.61%   224  700s
 50399 21801 3252.67437   38  356 3313.00000 3226.62422  2.61%   224  705s
 50409 21808 3257.46774   28  377 3313.00000 3226.62422  2.61%   224  711s
 50418 21814 3295.48640   24  395 3313.00000 3226.62422  2.61%   224  716s
 50426 21819 3259.13975   28  371 3313.00000 3226.62422  2.61%   224  720s
 50432 21823 3295.18738   54  385 3313.00000 3226.62422  2.61%   224  725s
 50441 21829 3264.59870   39  369 3313.00000 3226.62422  2.61%   224  730s
 50447 21833 3227.04342   26  371 3313.00000 3226.62422  2.61%   224  736s
 50454 21838 3282.42436   34  361 3313.00000 3226.62422  2.61%   224  740s
 50460 21842 3275.11782   36  399 3313.00000 3226.62422  2.61%   224  745s
 50464 21845 3273.18320   30  394 3313.00000 3226.62422  2.61%   224  750s
 50479 21872 3226.62422   28  347 3313.00000 3226.62422  2.61%   224  756s
 50517 21904 3226.62422   30  343 3313.00000 3226.62422  2.61%   224  760s
 50570 21952 3230.28134   31  317 3313.00000 3226.62422  2.61%   225  766s
 50676 21987 3247.30516   32  241 3313.00000 3226.62422  2.61%   225  771s
 50766 22009 3237.31327   33  298 3313.00000 3226.62422  2.61%   225  775s
 50924 22062 3249.92233   35  316 3313.00000 3226.62422  2.61%   225  780s
 51062 22096 3259.93451   37  287 3313.00000 3226.62422  2.61%   225  785s
 51210 22108 3275.23314   38  222 3313.00000 3226.62422  2.61%   225  791s
 51304 22142 infeasible   39      3313.00000 3226.62422  2.61%   226  795s
 51451 22183 3296.70189   42  207 3313.00000 3226.62422  2.61%   226  802s
 51572 22216 3302.81196   45  164 3313.00000 3226.62422  2.61%   226  807s
 51652 22220 3239.16336   32  188 3313.00000 3226.62422  2.61%   226  810s
 51805 22250 3259.49369   38  143 3313.00000 3226.62422  2.61%   226  815s
 51953 22302 3295.07227   48  123 3313.00000 3226.62422  2.61%   226  821s
 52090 22362 3229.99732   35  262 3313.00000 3226.62422  2.61%   226  827s
 52191 22387 3305.93165   38  190 3313.00000 3226.62422  2.61%   226  830s
 52391 22422 3281.63304   40  200 3313.00000 3226.62422  2.61%   226  837s
 52495 22463 3298.58576   44  187 3313.00000 3226.62422  2.61%   226  840s
 52728 22485 3285.98016   41  121 3313.00000 3226.62422  2.61%   226  848s
 52856 22515 3241.27117   38  247 3313.00000 3226.62422  2.61%   226  852s
 52967 22547 3269.66628   42  229 3313.00000 3226.62422  2.61%   226  855s
 53287 22576     cutoff   49      3313.00000 3226.62422  2.61%   226  863s
 53449 22561 3254.14721   36  314 3313.00000 3226.62422  2.61%   226  868s
 53566 22638 3258.60678   37  282 3313.00000 3226.62422  2.61%   226  872s
 53741 22704 3272.40029   42  247 3313.00000 3226.62422  2.61%   226  876s
 53951 22749 3287.18532   49  209 3313.00000 3226.62422  2.61%   226  881s
 54190 22789 3309.82088   60  197 3313.00000 3226.62422  2.61%   226  886s
 54434 22843 3251.15238   33  266 3313.00000 3226.62422  2.61%   226  890s
 54733 22981     cutoff   40      3313.00000 3226.62422  2.61%   226  895s
 55085 23055 3251.87437   39  229 3313.00000 3226.62422  2.61%   225  900s

Cutting planes:
  Gomory: 12
  Lift-and-project: 1
  Cover: 361
  Implied bound: 3
  Clique: 41
  MIR: 309
  Knapsack: 4
  StrongCG: 205
  Flow cover: 549
  GUB cover: 30
  Inf proof: 1
  Zero half: 191
  RLT: 83
  Relax-and-lift: 67
  BQP: 34

Explored 55521 nodes (12496859 simplex iterations) in 900.07 seconds (692.38 work units)
Thread count was 22 (of 22 available processors)

Solution count 10: 3313 3316 3322 ... 3425

Time limit reached
Best objective 3.313000000000e+03, best bound 3.227000000000e+03, gap 2.5958%

User-callback calls 238595, time in user-callback 0.89 sec
