FIXINGS_START
(0, 0, 0)
(1, 2, 0)
(2, 0, 0)
(2, 6, 0)
(3, 0, 0)
(3, 6, 0)
(4, 4, 0)
(5, 0, 0)
(5, 4, 0)
(6, 0, 0)
(6, 9, 0)
(7, 0, 0)
(8, 0, 0)
(9, 0, 0)
(9, 4, 0)
(10, 5, 0)
(10, 6, 0)
(11, 5, 0)
(5, 3, 0)
(2, 2, 0)
(5, 7, 0)
(10, 0, 1)
(1, 0, 11)
(7, 1, 20)
(2, 3, 0)
(10, 1, 19)
(8, 3, 0)
(2, 4, 0)
(10, 2, 0)
(1, 1, 0)
(2, 5, 20)
(2, 7, 0)
(10, 4, 0)
(11, 0, 24)
(11, 1, 24)
(8, 4, 0)
(3, 1, 0)
(6, 4, 0)
(8, 5, 0)
(3, 2, 0)
(6, 6, 0)
(3, 7, 0)
FIXINGS_END
time 0.616
GUROBI
Status INFEASIBLE
Runtime 0.6156668663024902
NodeCount 1.0
IterCount 1861.0
NumVars 3120
NumConstrs 10209
ObjBound inf
ObjBoundC inf
ObjVal None
MIPGap inf
