FIXINGS_START
(0, 0, 0)
(1, 2, 0)
(2, 0, 0)
(2, 6, 0)
(3, 0, 0)
(3, 6, 0)
(4, 4, 0)
(5, 0, 0)
(5, 4, 0)
(6, 0, 0)
(6, 9, 0)
(7, 0, 0)
(8, 0, 0)
(9, 0, 0)
(9, 4, 0)
(10, 5, 0)
(10, 6, 0)
(11, 5, 0)
(8, 2, 20)
(5, 1, 6)
(3, 1, 0)
(5, 2, 2)
(5, 3, 0)
(6, 4, 0)
(2, 2, 0)
(2, 3, 0)
(10, 0, 20)
(5, 6, 19)
(10, 1, 20)
(3, 2, 0)
(2, 4, 0)
(3, 5, 26)
(6, 6, 0)
(3, 7, 0)
(1, 0, 11)
(1, 1, 0)
FIXINGS_END
found_sol 3948.0 time 21.819
found_sol 3937.0 time 22.092
found_sol 3890.0 time 25.420
found_sol 3887.0000000000123 time 25.793
found_sol 3837.0 time 26.516
found_sol 3825.0 time 27.474
found_sol 3785.9999999999995 time 27.935
found_sol 3786.0 time 29.739
time 29.745
GUROBI
Status OPTIMAL
Runtime 29.74483299255371
NodeCount 14131.0
IterCount 882369.0
NumVars 3120
NumConstrs 10203
ObjBound 3786.0
ObjBoundC 3786.0
ObjVal 3786.0
MIPGap 0.0
