
Gurobi 13.0.0 (linux64) logging started Thu Jan 15 02:10:56 2026

Set parameter LogFile to value "../experiments/network-n_40_s_2_rp_0-app_set-id_23_12_apps/submip_40_epr0_model_gurobi.log"
Set parameter TimeLimit to value 8.9879834603698691e+02
Gurobi Optimizer version 13.0.0 build v13.0.0rc1 (linux64 - "Ubuntu 24.04.3 LTS")

CPU model: Intel(R) Core(TM) Ultra 7 165H, instruction set [SSE2|AVX|AVX2]
Thread count: 22 physical cores, 22 logical processors, using up to 22 threads

Non-default parameters:
TimeLimit  8.9879834603698691e+02
LogToConsole  0

Academic license 2539022 - for non-commercial use only - registered to al___@studenti.unimi.it
Optimize a model with 10209 rows, 3120 columns and 24629 nonzeros (Min)
Model fingerprint: 0x6b806b44
Model has 3120 linear objective coefficients
Model has 126 quadratic constraints
Variable types: 0 continuous, 3120 integer (3120 binary)
Coefficient statistics:
  Matrix range     [1e+00, 9e+02]
  QMatrix range    [6e+01, 2e+02]
  Objective range  [1e+01, 2e+02]
  Bounds range     [1e+00, 1e+00]
  RHS range        [1e+00, 1e+09]
  QRHS range       [1e+02, 6e+02]

MIP start from previous solve did not produce a new incumbent solution
MIP start from previous solve violates constraint fixed_app_5_microservice_7 by 1.000000000

Presolve removed 9908 rows and 2570 columns
Presolve time: 0.03s
Presolved: 4234 rows, 4372 columns, 25180 nonzeros
Variable types: 0 continuous, 4372 integer (4372 binary)

Root relaxation: objective 2.954074e+03, 568 iterations, 0.02 seconds (0.03 work units)

    Nodes    |    Current Node    |     Objective Bounds      |     Work
 Expl Unexpl |  Obj  Depth IntInf | Incumbent    BestBd   Gap | It/Node Time

     0     0 2954.07363    0  113          - 2954.07363      -     -    0s
     0     0 3196.77591    0  109          - 3196.77591      -     -    0s
     0     0 3266.78268    0   98          - 3266.78268      -     -    0s
     0     0 3267.77982    0   99          - 3267.77982      -     -    0s
     0     0 3331.13840    0  112          - 3331.13840      -     -    0s
     0     0 3335.22799    0  134          - 3335.22799      -     -    0s
     0     0 3354.30484    0  127          - 3354.30484      -     -    0s
     0     0 3355.99674    0  134          - 3355.99674      -     -    0s
     0     0 3381.66651    0  130          - 3381.66651      -     -    0s
     0     0 3382.03313    0  126          - 3382.03313      -     -    0s
     0     0 3382.03313    0  122          - 3382.03313      -     -    0s
     0     2 3382.59491    0  118          - 3382.59491      -     -    1s

Cutting planes:
  Gomory: 2
  Cover: 38
  Implied bound: 1
  Clique: 21
  MIR: 24
  Knapsack: 3
  StrongCG: 23
  GUB cover: 2
  Zero half: 4
  RLT: 82
  Relax-and-lift: 49
  BQP: 7

Explored 73 nodes (8366 simplex iterations) in 1.15 seconds (1.22 work units)
Thread count was 22 (of 22 available processors)

Solution count 0

Model is infeasible
Best objective -, best bound -, gap -

User-callback calls 928, time in user-callback 0.00 sec
Set parameter LogToConsole to value 0
