
Gurobi 13.0.0 (linux64) logging started Mon Jan  5 00:20:53 2026

Set parameter LogFile to value "../experiments/network-n_40_s_0_rp_0-app_set-id_14_9_apps/compact_model_gurobi.log"
Set parameter TimeLimit to value 900
Gurobi Optimizer version 13.0.0 build v13.0.0rc1 (linux64 - "Ubuntu 24.04.3 LTS")

CPU model: Intel(R) Core(TM) Ultra 7 165H, instruction set [SSE2|AVX|AVX2]
Thread count: 22 physical cores, 22 logical processors, using up to 22 threads

Non-default parameters:
TimeLimit  900
LogToConsole  0

Academic license 2539022 - for non-commercial use only - registered to al___@studenti.unimi.it
Optimize a model with 8075 rows, 2320 columns and 19207 nonzeros (Min)
Model fingerprint: 0x8e05ebd0
Model has 2320 linear objective coefficients
Model has 128 quadratic constraints
Variable types: 0 continuous, 2320 integer (2320 binary)
Coefficient statistics:
  Matrix range     [1e+00, 9e+02]
  QMatrix range    [6e+01, 2e+02]
  Objective range  [1e+01, 2e+02]
  Bounds range     [1e+00, 1e+00]
  RHS range        [1e+00, 1e+09]
  QRHS range       [1e+02, 6e+02]
Presolve removed 7596 rows and 1474 columns
Presolve time: 0.06s
Presolved: 8523 rows, 8772 columns, 50892 nonzeros
Variable types: 0 continuous, 8772 integer (8772 binary)

Root relaxation: objective 2.078134e+03, 519 iterations, 0.03 seconds (0.04 work units)

    Nodes    |    Current Node    |     Objective Bounds      |     Work
 Expl Unexpl |  Obj  Depth IntInf | Incumbent    BestBd   Gap | It/Node Time

     0     0 2078.13405    0  105          - 2078.13405      -     -    0s
     0     0 2153.95741    0  139          - 2153.95741      -     -    0s
     0     0 2164.54519    0  156          - 2164.54519      -     -    0s
     0     0 2164.89974    0  163          - 2164.89974      -     -    0s
     0     0 2193.07114    0  144          - 2193.07114      -     -    1s
H    0     0                    2627.0000000 2213.73097  15.7%     -    1s
     0     0 2213.73097    0  162 2627.00000 2213.73097  15.7%     -    1s
H    0     0                    2624.0000000 2215.82977  15.6%     -    1s
     0     0 2215.82977    0  169 2624.00000 2215.82977  15.6%     -    1s
     0     0 2216.97975    0  174 2624.00000 2216.97975  15.5%     -    1s
H    0     0                    2603.0000000 2216.97975  14.8%     -    1s
     0     0 2235.01011    0  166 2603.00000 2235.01011  14.1%     -    1s
     0     0 2251.37492    0  190 2603.00000 2251.37492  13.5%     -    1s
     0     0 2258.96819    0  191 2603.00000 2258.96819  13.2%     -    1s
     0     0 2259.99954    0  198 2603.00000 2259.99954  13.2%     -    1s
     0     0 2267.02772    0  210 2603.00000 2267.02772  12.9%     -    2s
     0     0 2267.07898    0  204 2603.00000 2267.07898  12.9%     -    2s
     0     0 2267.07898    0  201 2603.00000 2267.07898  12.9%     -    2s
     0     2 2267.16981    0  193 2603.00000 2267.16981  12.9%     -    2s
H   58    93                    2598.0000000 2274.62501  12.4%   166    3s
H  175   210                    2575.0000000 2274.73629  11.7%   102    3s
H  178   210                    2542.0000000 2274.73629  10.5%   101    3s
H  275   291                    2533.0000000 2274.73629  10.2%  84.9    3s
H  275   291                    2526.0000000 2274.73629  9.95%  84.9    3s
H  278   291                    2513.0000000 2274.73629  9.48%  84.2    3s
H  284   291                    2507.0000000 2274.73629  9.26%  84.2    3s
H  286   291                    2408.0000000 2274.73629  5.53%  83.9    3s
H  359   338                    2361.0000000 2276.16120  3.59%  79.5    4s
   566   377 2298.12232   15  191 2361.00000 2277.93397  3.52%  77.8    5s
H  812   502                    2349.0000000 2284.02385  2.77%  77.5    5s
  2183   872 2337.30030   25  143 2349.00000 2300.76438  2.05%  74.1   10s
* 3003   944              30    2340.0000000 2306.91946  1.41%  71.7   11s
  4432   259 2332.67233   15  122 2340.00000 2323.48926  0.71%  71.9   15s

Cutting planes:
  Gomory: 7
  Lift-and-project: 8
  Cover: 256
  Implied bound: 1
  Clique: 18
  MIR: 107
  Knapsack: 11
  StrongCG: 50
  GUB cover: 7
  Inf proof: 2
  Zero half: 31
  RLT: 222
  Relax-and-lift: 117
  BQP: 122

Explored 5140 nodes (343117 simplex iterations) in 15.41 seconds (8.71 work units)
Thread count was 22 (of 22 available processors)

Solution count 10: 2340 2349 2361 ... 2575

Optimal solution found (tolerance 1.00e-04)
Best objective 2.340000000000e+03, best bound 2.340000000000e+03, gap 0.0000%

User-callback calls 12312, time in user-callback 0.02 sec
