
Gurobi 13.0.0 (linux64) logging started Sat Jan  3 21:00:56 2026

Set parameter LogFile to value "../experiments/network-n_60_s_1_rp_0-app_set-id_49_21_apps/compact_model_gurobi.log"
Set parameter TimeLimit to value 900
Gurobi Optimizer version 13.0.0 build v13.0.0rc1 (linux64 - "Ubuntu 24.04.3 LTS")

CPU model: Intel(R) Core(TM) Ultra 7 165H, instruction set [SSE2|AVX|AVX2]
Thread count: 22 physical cores, 22 logical processors, using up to 22 threads

Non-default parameters:
TimeLimit  900
LogToConsole  0

Academic license 2539022 - for non-commercial use only - registered to al___@studenti.unimi.it
Optimize a model with 65064 rows, 8160 columns and 141738 nonzeros (Min)
Model fingerprint: 0x730c5081
Model has 8160 linear objective coefficients
Model has 206 quadratic constraints
Variable types: 0 continuous, 8160 integer (8160 binary)
Coefficient statistics:
  Matrix range     [1e+00, 9e+02]
  QMatrix range    [5e+01, 2e+02]
  Objective range  [1e+01, 2e+02]
  Bounds range     [1e+00, 1e+00]
  RHS range        [1e+00, 1e+09]
  QRHS range       [1e+02, 6e+02]
Presolve removed 62787 rows and 4875 columns
Presolve time: 0.19s
Presolved: 39910 rows, 40713 columns, 258891 nonzeros
Variable types: 0 continuous, 40713 integer (40713 binary)
Performing another presolve...
Presolve removed 4390 rows and 4573 columns
Presolve time: 1.22s
Deterministic concurrent LP optimizer: primal and dual simplex
Showing primal log only...

Concurrent spin time: 0.13s (can be avoided by choosing Method=3)

Solved with dual simplex

Root relaxation: objective 4.814729e+03, 3208 iterations, 0.59 seconds (0.87 work units)

    Nodes    |    Current Node    |     Objective Bounds      |     Work
 Expl Unexpl |  Obj  Depth IntInf | Incumbent    BestBd   Gap | It/Node Time

     0     0 4814.72903    0  335          - 4814.72903      -     -    2s
     0     0 4937.62181    0  340          - 4937.62181      -     -    5s
     0     0 5068.64225    0  381          - 5068.64225      -     -    6s
     0     0 5127.81873    0  444          - 5127.81873      -     -    7s
     0     0 5138.27339    0  443          - 5138.27339      -     -    7s
     0     0 5140.64397    0  427          - 5140.64397      -     -    7s
     0     0 5140.86963    0  446          - 5140.86963      -     -    8s
     0     0 5218.57579    0  442          - 5218.57579      -     -    9s
     0     0 5270.10704    0  469          - 5270.10704      -     -   10s
     0     0 5302.25075    0  490          - 5302.25075      -     -   11s
     0     0 5315.40565    0  555          - 5315.40565      -     -   11s
     0     0 5320.00361    0  546          - 5320.00361      -     -   11s
     0     0 5387.44720    0  492          - 5387.44720      -     -   13s
     0     0 5411.89009    0  594          - 5411.89009      -     -   14s
     0     0 5418.92432    0  591          - 5418.92432      -     -   15s
     0     0 5444.08271    0  539          - 5444.08271      -     -   17s
     0     0 5454.58114    0  548          - 5454.58114      -     -   17s
     0     0 5455.35649    0  539          - 5455.35649      -     -   18s
     0     0 5455.36383    0  533          - 5455.36383      -     -   18s
     0     0 5455.36383    0  523          - 5455.36383      -     -   18s
     0     2 5455.38711    0  498          - 5455.38711      -     -   22s
     7    16 5466.05727    3  456          - 5463.79883      -   577   25s
   111   158 5480.29876    8  436          - 5469.95315      -   403   31s
   241   270 5497.42710   15  386          - 5469.95315      -   364   36s
   339   359 5525.17315   17  391          - 5469.95315      -   408   40s
   435   447 5635.41881   20  409          - 5469.95315      -   415   45s
   550   563 5568.51727   23  374          - 5469.95315      -   413   50s
   674   688 5581.31534   27  372          - 5469.95315      -   390   56s
   762   773 5600.05840   30  388          - 5469.95315      -   377   60s
   849   856 5620.31227   31  362          - 5469.95315      -   371   66s
   941   957 5636.21481   33  340          - 5469.95315      -   367   71s
  1025  1053 5624.49117   34  373          - 5469.95315      -   361   75s
  1139  1165 5657.92449   35  365          - 5469.95315      -   358   80s
  1260  1280 5627.31993   38  382          - 5469.95315      -   357   86s
  1403  1421 5656.66325   41  364          - 5469.95315      -   358   92s
  1485  1484 5721.17694   43  371          - 5469.95315      -   357   95s
  1594  1564 5760.09375   49  347          - 5469.95315      -   353  101s
  1715  1678 5936.86065   60  291          - 5469.95315      -   344  108s
  1790  1729 5984.58629   71  271          - 5469.95315      -   341  111s
  1855  1772 6158.31859   80  247          - 5469.95315      -   339  115s
  2024  1973 5593.85664   21  314          - 5469.95315      -   335  123s
  2157  2106 5566.93711   21  331          - 5469.95315      -   329  127s
  2319  2246 5595.93969   26  317          - 5469.95315      -   325  131s
  2489  2424 infeasible   27               - 5469.95315      -   322  135s
  2887  2693 5812.91286   32  362          - 5469.95315      -   314  143s
  3079  2813 5866.17404   38  285          - 5469.95315      -   311  147s
  3290  2856 5968.78582   54  251          - 5469.95315      -   309  152s
  3349  2889 5952.77555   55  255          - 5479.05405      -   309  157s
  3408  2929 5984.49927   55  244          - 5479.05405      -   309  163s
  3470  2974 5961.93844   56  233          - 5479.05405      -   308  168s
  3535  3058 5953.10417   56  241          - 5479.05405      -   308  174s
  3632  3177 5954.77430   57  241          - 5479.05405      -   307  182s
  3797  3353 5959.95120   56  250          - 5479.05405      -   306  188s
  3999  3354 5804.50753   70 16519          - 5479.05405      -   306  202s
  4001  3355 5655.66952   29  396          - 5479.05405      -   306  209s
  4002  3356 5720.40352   38  477          - 5479.05405      -   306  213s
  4003  3357 5713.10611   47  527          - 5479.05405      -   306  216s
  4005  3358 5952.43453   54  575          - 5479.05405      -   306  222s
  4007  3359 5763.09305   29  533          - 5485.58431      -   306  227s
  4012  3363 5724.27825   30  565          - 5491.71148      -   305  230s
  4015  3365 5759.46533   22  663          - 5523.11325      -   305  235s
  4025  3371 5714.05107   37  664          - 5527.93093      -   304  240s
  4032  3376 5937.15907   55  705          - 5545.96558      -   304  245s
  4037  3379 5762.54137   24  724          - 5561.57880      -   303  250s
  4047  3386 5789.28086   64  727          - 5575.05147      -   303  256s
  4053  3390 5717.28245   33  734          - 5583.62583      -   302  260s
  4062  3396 5829.71002   26  736          - 5594.16985      -   301  265s
  4075  3405 6011.59538   88  758          - 5601.27311      -   300  270s
  4083  3410 5615.44067   14  787          - 5609.18676      -   300  275s
  4092  3416 5645.05062   33  811          - 5612.25365      -   299  280s
  4103  3423 5713.10611   47  768          - 5617.38545      -   298  285s
  4112  3429 5724.27825   30  789          - 5624.96032      -   298  290s
  4121  3435 6114.97568  102  762          - 5632.01080      -   297  295s
  4135  3445 5802.71686   33  781          - 5633.95725      -   296  300s
  4149  3454 6115.94010   93  803          - 5635.74382      -   295  305s
  4160  3461 5638.36313   19  828          - 5638.36313      -   294  310s
  4170  3468 6354.89376  105  751          - 5641.10475      -   294  315s
  4181  3475 5657.38395   23  778          - 5643.79727      -   293  320s
  4190  3481 6776.98924   85  798          - 5645.43033      -   292  325s
  4201  3489 5655.66952   29  797          - 5646.09340      -   291  330s
  4210  3495 5647.00531   11  813          - 5647.00531      -   291  335s
  4221  3502 6114.97568  102  851          - 5647.99795      -   290  341s
  4228  3507 5761.61447   33  809          - 5649.00141      -   290  345s
  4240  3515 5950.78132   21  879          - 5649.26183      -   289  350s
  4250  3521 5652.20838   25  869          - 5649.52936      -   288  356s
  4255  3525 5701.90264   16  800          - 5655.73937      -   288  360s
  4265  3531 5656.78183   20  794          - 5656.78183      -   287  371s
  4276  3539 5963.87386   58  819          - 5657.70434      -   286  375s
  4289  3547 5895.82683   36  843          - 5658.14394      -   285  380s
  4300  3555 5771.02118   47  855          - 5659.21509      -   285  385s
  4313  3563 5743.69830   46  871          - 5660.96396      -   284  391s
  4324  3571 5661.43709   20  864          - 5661.43709      -   283  396s
  4333  3577 5661.91564   22  832          - 5661.91564      -   283  400s
  4343  3583 5662.59033   25  855          - 5662.59033      -   282  405s
  4344  3584 5662.59033   11  855          - 5662.59033      -   282  414s
  4345  3585 6223.95252   91  860          - 5662.59033      -   282  415s
  4349  3589 6115.94010   93 16514          - 5662.59033      -   304  424s
  4351  3590 5662.59033    9  401          - 5662.59033      -   303  431s
  4353  3592 5717.28245   33  538          - 5662.59033      -   303  435s
  4355  3593 5701.90264   16  629          - 5662.60186      -   303  442s
  4357  3594 5714.79347   45  623          - 5663.86825      -   303  445s
  4359  3596 5664.22241   17  679          - 5664.22241      -   303  453s
  4360  3596 5666.77697   19  687          - 5666.77697      -   303  455s
  4365  3600 5667.42553   20  780          - 5667.42553      -   302  460s
  4374  3606 5766.59374   49  777          - 5667.42553      -   302  466s
  4381  3610 5667.42553   23  721          - 5667.42553      -   301  470s
  4390  3616 6776.98924   85  735          - 5667.42553      -   301  475s
  4402  3624 5720.40352   38  729          - 5667.42553      -   300  480s
  4412  3631 5724.27825   30  726          - 5667.42553      -   299  485s
  4425  3640 5714.05107   37  779          - 5667.81387      -   298  490s
  4434  3646 5667.90374   12  820          - 5667.90374      -   298  495s
  4444  3652 5669.80905   11  746          - 5669.80905      -   297  500s
  4456  3660 5672.97399   17  692          - 5672.97399      -   296  505s
  4464  3666 5674.30052   34  789          - 5674.30052      -   296  510s
  4474  3672 5766.59374   49  735          - 5674.95940      -   295  515s
  4488  3682 5675.87431   15  783          - 5675.87431      -   294  521s
  4500  3690 5771.02118   47  776          - 5676.63460      -   293  526s
  4505  3693 5952.43453   54  743          - 5677.29696      -   293  530s
  4516  3700 5677.95928   35  756          - 5677.95928      -   292  535s
  4529  3709 5808.63020   29  735          - 5678.32274      -   291  540s
  4532  3711 5937.15907   55  751          - 5678.39334      -   291  548s
  4536  3714 6096.18033   75  757          - 5678.42267      -   291  550s
  4542  3718 5934.56407   45  734          - 5679.10011      -   291  556s
  4543  3718 5679.10140   25  734          - 5679.10140      -   291  567s
  4544  3722 5683.64848   26  685          - 5679.23973      -   305  571s
  4546  3725 5688.70882   27  637          - 5686.46509      -   305  576s
  4550  3732 5693.70497   28  621          - 5688.64025      -   306  581s
  4558  3745 5696.10331   29  662          - 5689.99361      -   308  588s
  4574  3762 5697.10837   30  715          - 5695.16947      -   313  597s
  4596  3784 5699.15384   31  689          - 5697.14228      -   316  608s
  4625  3796 5701.53188   32  659          - 5697.14228      -   318  629s
  4647  3811 5735.16616   32  627          - 5697.14228      -   322  639s
  4669  3827 5706.58049   33  660          - 5697.14228      -   326  649s
  4693  3842 5739.88164   33  608          - 5697.14228      -   331  659s
  4716  3860 5708.32821   34  657          - 5697.14228      -   334  670s
  4741  3874 5731.47860   34  624          - 5697.14228      -   339  683s
  4764  3899 5709.70269   35  670          - 5697.14228      -   348  699s
  4796  3924 5741.88529   35  601          - 5697.14228      -   359  712s
  4832  3946 5714.54462   36  537          - 5697.14228      -   371  724s
  4866  3973 5721.34379   37  530          - 5697.14228      -   378  735s
  4904  3999 5725.43072   38  528          - 5697.14228      -   390  747s
  4943  4029 5728.14982   39  538          - 5697.14228      -   399  759s
  4986  4061 5729.00541   40  542          - 5697.14228      -   410  771s
  5032  4089 5729.74193   41  514          - 5697.14228      -   420  784s
  5078  4096 5756.39248   42  568          - 5697.14228      -   430  795s
  5100  4112 5742.75010   42  532          - 5697.14228      -   434  807s
  5123  4131 5767.93955   43  578          - 5697.14228      -   439  828s
  5150  4144 5764.84878   43  490          - 5697.14228      -   444  838s
  5180  4164 5793.42167   44  524          - 5697.14228      -   450  849s
  5212  4187 5768.57259   44  493          - 5697.14228      -   453  862s
  5246  4207 5778.45533   45  507          - 5697.14228      -   455  879s
  5279  4230 5778.93607   45  452          - 5697.14228      -   458  893s
  5315  4242 5779.19774   46  388          - 5697.14228      -   463  900s

Cutting planes:
  Gomory: 6
  Lift-and-project: 2
  Cover: 102
  Implied bound: 1
  Clique: 51
  MIR: 140
  Knapsack: 8
  StrongCG: 55
  Flow cover: 474
  GUB cover: 10
  Zero half: 59
  RLT: 74
  Relax-and-lift: 1037
  BQP: 3

Explored 5347 nodes (2503610 simplex iterations) in 900.06 seconds (1101.50 work units)
Thread count was 22 (of 22 available processors)

Solution count 0

Time limit reached
Best objective -, best bound 5.698000000000e+03, gap -

User-callback calls 178680, time in user-callback 0.94 sec
