FIXINGS_START
(0, 0, 0)
(1, 0, 0)
(1, 6, 0)
(2, 0, 0)
(2, 4, 0)
(3, 0, 0)
(3, 4, 0)
(4, 0, 0)
(4, 9, 0)
(5, 0, 0)
(6, 0, 0)
(6, 1, 0)
(7, 0, 0)
(7, 7, 0)
(8, 0, 0)
(10, 0, 0)
(11, 0, 0)
(11, 6, 0)
(12, 0, 0)
(13, 0, 0)
(14, 2, 0)
(15, 0, 0)
(16, 0, 0)
(16, 9, 0)
(17, 0, 0)
(18, 0, 0)
(18, 1, 0)
(19, 7, 0)
(19, 8, 0)
(20, 0, 0)
(15, 1, 0)
(11, 1, 0)
(3, 3, 0)
(12, 1, 0)
(14, 0, 28)
(15, 2, 0)
(19, 2, 0)
(20, 2, 0)
(16, 5, 0)
(12, 2, 0)
(3, 7, 0)
(1, 7, 0)
(7, 5, 0)
(16, 7, 0)
(5, 2, 0)
(4, 3, 0)
(2, 3, 12)
(3, 8, 0)
(19, 6, 27)
(13, 2, 0)
(18, 4, 0)
(13, 4, 0)
(9, 0, 0)
(8, 1, 0)
(9, 1, 0)
(13, 5, 0)
(10, 3, 0)
(9, 3, 0)
(8, 2, 0)
(8, 3, 26)
(8, 4, 0)
(15, 3, 0)
FIXINGS_END
time 797.992
GUROBI
Status TIME_LIMIT
Runtime 797.9914519786835
NodeCount 14456.0
IterCount 6020308.0
NumVars 8160
NumConstrs 65126
ObjBound 6122.0
ObjBoundC 6121.412479346901
ObjVal inf
MIPGap inf
