
Gurobi 13.0.0 (linux64) logging started Sun Jan 18 04:33:57 2026

Set parameter LogFile to value "../experiments/network-n_60_s_1_rp_0-app_set-id_49_21_apps/submip_30_epr1_model_gurobi.log"
Set parameter TimeLimit to value 7.9796037701799651e+02
Gurobi Optimizer version 13.0.0 build v13.0.0rc1 (linux64 - "Ubuntu 24.04.3 LTS")

CPU model: Intel(R) Core(TM) Ultra 7 165H, instruction set [SSE2|AVX|AVX2]
Thread count: 22 physical cores, 22 logical processors, using up to 22 threads

Non-default parameters:
TimeLimit  7.9796037701799651e+02
LogToConsole  0

Academic license 2539022 - for non-commercial use only - registered to al___@studenti.unimi.it
Optimize a model with 65126 rows, 8160 columns and 141800 nonzeros (Min)
Model fingerprint: 0x76c72fdb
Model has 8160 linear objective coefficients
Model has 206 quadratic constraints
Variable types: 0 continuous, 8160 integer (8160 binary)
Coefficient statistics:
  Matrix range     [1e+00, 9e+02]
  QMatrix range    [5e+01, 2e+02]
  Objective range  [1e+01, 2e+02]
  Bounds range     [1e+00, 1e+00]
  RHS range        [1e+00, 1e+09]
  QRHS range       [1e+02, 6e+02]
Presolve removed 63835 rows and 6092 columns
Presolve time: 0.08s
Presolved: 18047 rows, 18621 columns, 120857 nonzeros
Variable types: 0 continuous, 18621 integer (18621 binary)
Performing another presolve...
Presolve removed 3284 rows and 3682 columns
Presolve time: 0.44s

Root relaxation: objective 4.862616e+03, 2150 iterations, 0.25 seconds (0.35 work units)

    Nodes    |    Current Node    |     Objective Bounds      |     Work
 Expl Unexpl |  Obj  Depth IntInf | Incumbent    BestBd   Gap | It/Node Time

     0     0 4862.61611    0  231          - 4862.61611      -     -    0s
     0     0 4864.88889    0  231          - 4864.88889      -     -    1s
     0     0 4864.98855    0  234          - 4864.98855      -     -    1s
     0     0 5135.75578    0  282          - 5135.75578      -     -    2s
     0     0 5220.77200    0  290          - 5220.77200      -     -    2s
     0     0 5233.96894    0  302          - 5233.96894      -     -    2s
     0     0 5234.87303    0  298          - 5234.87303      -     -    2s
     0     0 5376.38944    0  333          - 5376.38944      -     -    4s
     0     0 5459.38198    0  361          - 5459.38198      -     -    5s
     0     0 5485.72954    0  449          - 5485.72954      -     -    5s
     0     0 5498.36026    0  448          - 5498.36026      -     -    6s
     0     0 5502.58223    0  475          - 5502.58223      -     -    6s
     0     0 5584.07470    0  415          - 5584.07470      -     -    8s
     0     0 5584.17752    0  410          - 5584.17752      -     -    8s
     0     0 5584.17752    0  401          - 5584.17752      -     -    8s
     0     2 5584.18038    0  390          - 5584.18038      -     -   10s
   137   169 5683.88048    8  293          - 5617.34016      -   374   15s
   353   353 5755.86574   12  297          - 5617.34016      -   340   20s
   533   467 5852.88606   17  253          - 5617.34016      -   314   25s
   685   606 5890.05254   21  220          - 5618.22522      -   299   30s
   921   799 5942.92369   26  209          - 5638.17523      -   279   35s
  1123   920 6122.41382   31  184          - 5639.21243      -   272   40s
  1364  1060 5748.39957   16  235          - 5639.21243      -   261   45s
  1557  1165 infeasible   17               - 5645.55624      -   257   51s
  1747  1278 5674.62949    7  328          - 5647.57493      -   251   55s
  2094  1520 5732.17709   12  299          - 5657.59363      -   237   61s
  2431  1727 5888.81424   23  193          - 5664.42940      -   231   65s
  3070  2158 6199.56635   37  225          - 5668.34342      -   221   71s
  3323  2159 5943.70309   25 6767          - 5668.34342      -   218   77s
  3325  2160 5981.41934    9  321          - 5668.34342      -   217   80s
  3329  2163 5889.19164   25  480          - 5668.34342      -   217   85s
  3341  2171 5790.17036   18  512          - 5701.61922      -   216   90s
  3355  2180 5752.52328   15  529          - 5752.52328      -   215   95s
  3366  2188 5792.12940   16  512          - 5792.12940      -   215  100s
  3382  2198 6224.18538   28  550          - 5808.77717      -   214  105s
  3396  2208 5950.69330   14  598          - 5817.88637      -   213  110s
  3413  2219 5853.95811   10  609          - 5820.99856      -   212  116s
  3425  2227 5981.41934    9  640          - 5822.20945      -   211  120s
  3441  2238 5829.23875   18  591          - 5829.23875      -   210  125s
  3454  2246 5842.73219   15  635          - 5842.73219      -   209  130s
  3468  2256 6122.79302   40  617          - 5848.58991      -   208  135s
  3489  2270 5983.98850   22  609          - 5851.13762      -   207  140s
  3505  2280 5875.73843   23  620          - 5852.75462      -   206  145s
  3522  2292 5855.42920    5  642          - 5855.42920      -   205  150s
  3528  2296 6021.41202   27  625          - 5857.12277      -   205  157s
  3533  2299 5917.29425   24  656          - 5857.39921      -   205  160s
  3546  2308 5866.55715   17  627          - 5866.55715      -   204  165s
  3562  2318 5945.31693   20  648          - 5868.38651      -   203  170s
  3570  2324 5869.28604   16  622          - 5869.28604      -   202  178s
  3571  2327 5874.23620   10  560          - 5869.58573      -   219  180s
  3577  2337 5928.50081   12  402          - 5875.89949      -   221  185s
  3601  2367 6027.51638   14  401          - 5900.04337      -   228  192s
  3623  2390 6161.91633   15  425          - 5910.33348      -   233  198s
  3653  2402 6215.55066   16  310          - 5910.33348      -   237  210s
  3675  2417 6377.84191   16  335          - 5910.33348      -   244  217s
  3697  2434 6283.65528   17  301          - 5910.33348      -   250  222s
  3722  2453 6349.97764   18  299          - 5910.33348      -   256  228s
  3751  2468 infeasible   20               - 5910.33348      -   259  234s
  3782  2481 infeasible   22               - 5921.80769      -   262  240s
  3813  2497 5956.22641   16  381          - 5921.82205      -   267  246s
  3849  2503 5933.73817   16  443          - 5923.32728      -   272  250s
  3897  2528 5936.96884   17  411          - 5923.32728      -   275  255s
  4005  2559 6072.79808   19  424          - 5923.32728      -   284  263s
  4066  2563 5943.00697   17  401          - 5923.32728      -   287  267s
  4131  2575 6032.50195   18  374          - 5937.04186      -   292  271s
  4197  2582 5965.40557   19  361          - 5937.04186      -   294  275s
  4328  2604 5997.19818   21  357          - 5937.04186      -   302  283s
  4401  2607 5983.70386   20  387          - 5937.04186      -   305  287s
  4468  2611 5987.60659   21  324          - 5937.04186      -   310  292s
  4533  2632 6010.27894   22  255          - 5937.04186      -   315  296s
  4599  2652 6090.74419   23  217          - 5937.04186      -   318  301s
  4671  2674 6189.36799   23  264          - 5937.04186      -   323  306s
  4762  2683 6000.67276   22  312          - 5937.04186      -   327  312s
  4848  2709 6132.19065   24  244          - 5937.04186      -   331  317s
  4931  2718 6130.07157   24  229          - 5937.04186      -   335  322s
  4996  2761 6165.69109   25  244          - 5937.04186      -   338  328s
  5099  2781 6234.85657   25  169          - 5937.04186      -   341  334s
  5200  2806 6138.57867   25  238          - 5984.24470      -   345  340s
  5306  2824 6264.44535   26  221          - 5984.24470      -   349  347s
  5422  2857 infeasible   26               - 5984.24470      -   353  354s
  5563  2863 6181.19407   26  220          - 5988.18572      -   356  360s
  5665  2888 6177.79573   26  244          - 5988.18572      -   357  367s
  5797  2888 6325.29547   30  215          - 5988.18572      -   360  374s
  5928  2899 6145.49311   24  224          - 5988.18572      -   364  382s
  6064  2958 6249.24756   31  176          - 5992.78778      -   367  390s
  6219  2923 6286.36606   35  192          - 5999.23057      -   371  398s
  6247  2931 6339.25944   35  148          - 6009.85854      -   372  405s
  6289  2946 infeasible   36               - 6009.85854      -   373  412s
  6347  2962 6349.67533   37  160          - 6009.85854      -   373  420s
  6432  2952 6132.66974   21  323          - 6009.85854      -   374  429s
  6458  2970 6137.10491   22  317          - 6009.85854      -   375  437s
  6491  2976 6156.97772   23  275          - 6009.85854      -   376  446s
  6567  2976 6174.61774   24  292          - 6009.85854      -   376  454s
  6664  3013 6428.74018   25  282          - 6011.49834      -   378  463s
  6776  3044 6219.46087   25  294          - 6011.49834      -   379  473s
  6961  3071 6162.58049   23  332          - 6021.98555      -   379  483s
  7129  3127 6226.67066   27  236          - 6023.40832      -   383  493s
  7365  3158 6587.25880   34  161          - 6026.38382      -   386  504s
  7658  3157 6248.55543   19  274          - 6026.38382      -   389  516s
  7900  3247 6730.64028   27  144          - 6026.38382      -   394  528s
  8241  3261 6282.21501   21  250          - 6026.38382      -   398  540s
  8569  3260 infeasible   29               - 6034.52575      -   402  553s
  8873  3331 6320.20922   22  255          - 6034.52575      -   404  565s
  9245  3325 6465.87012   28  167          - 6039.50334      -   406  579s
  9691  3331 infeasible   26               - 6055.01966      -   406  592s
 10045  3372 6540.64961   31  186          - 6072.81965      -   409  606s
 10496  3376 infeasible   23               - 6072.81965      -   411  621s
 10910  3465 6350.33054   31  190          - 6072.96137      -   413  635s
 11401  3646 6359.41166   22  235          - 6072.96137      -   415  651s
 11854  3646 infeasible   22               - 6093.86200      -   418  664s
 11897  3670 6206.63545   22  309          - 6093.86200      -   418  679s
 11947  3690 6268.28871   23  259          - 6093.86200      -   418  694s
 12028  3731 6317.91589   24  247          - 6095.41027      -   418  710s
 12278  3872 6390.33132   24  205          - 6095.41027      -   417  727s
 12655  3988 6686.76493   23  198          - 6095.41027      -   416  745s
 13173  4121 6473.99999   25  217          - 6102.16385      -   415  763s
 13676  4297 6262.75122   21  278          - 6102.16385      -   416  781s
 14185  4405 infeasible   37               - 6118.35239      -   416  797s

Cutting planes:
  Gomory: 4
  Lift-and-project: 2
  Cover: 86
  Implied bound: 2
  Clique: 61
  MIR: 106
  Knapsack: 12
  StrongCG: 48
  Flow cover: 197
  GUB cover: 19
  Zero half: 64
  Mod-K: 1
  RLT: 67
  Relax-and-lift: 205
  BQP: 6

Explored 14456 nodes (6020308 simplex iterations) in 797.99 seconds (622.68 work units)
Thread count was 22 (of 22 available processors)

Solution count 0

Time limit reached
Best objective -, best bound 6.122000000000e+03, gap -

User-callback calls 174083, time in user-callback 1.38 sec
Set parameter LogToConsole to value 0
