
Gurobi 13.0.0 (linux64) logging started Mon Jan  5 03:24:38 2026

Set parameter LogFile to value "../experiments/network-n_40_s_2_rp_0-app_set-id_14_9_apps/compact_model_gurobi.log"
Set parameter TimeLimit to value 900
Gurobi Optimizer version 13.0.0 build v13.0.0rc1 (linux64 - "Ubuntu 24.04.3 LTS")

CPU model: Intel(R) Core(TM) Ultra 7 165H, instruction set [SSE2|AVX|AVX2]
Thread count: 22 physical cores, 22 logical processors, using up to 22 threads

Non-default parameters:
TimeLimit  900
LogToConsole  0

Academic license 2539022 - for non-commercial use only - registered to al___@studenti.unimi.it
Optimize a model with 11877 rows, 2320 columns and 26955 nonzeros (Min)
Model fingerprint: 0xc228bb12
Model has 2320 linear objective coefficients
Model has 126 quadratic constraints
Variable types: 0 continuous, 2320 integer (2320 binary)
Coefficient statistics:
  Matrix range     [1e+00, 9e+02]
  QMatrix range    [6e+01, 2e+02]
  Objective range  [1e+01, 2e+02]
  Bounds range     [1e+00, 1e+00]
  RHS range        [1e+00, 1e+09]
  QRHS range       [1e+02, 6e+02]
Presolve removed 11313 rows and 1349 columns
Presolve time: 0.07s
Presolved: 9303 rows, 9585 columns, 58397 nonzeros
Variable types: 0 continuous, 9585 integer (9585 binary)
Found heuristic solution: objective 3344.0000000

Root relaxation: objective 2.039917e+03, 518 iterations, 0.03 seconds (0.04 work units)

    Nodes    |    Current Node    |     Objective Bounds      |     Work
 Expl Unexpl |  Obj  Depth IntInf | Incumbent    BestBd   Gap | It/Node Time

     0     0 2039.91705    0  112 3344.00000 2039.91705  39.0%     -    0s
H    0     0                    3188.0000000 2039.91705  36.0%     -    0s
H    0     0                    3166.0000000 2039.91705  35.6%     -    0s
H    0     0                    3076.0000000 2039.91705  33.7%     -    0s
H    0     0                    3046.0000000 2042.81028  32.9%     -    0s
H    0     0                    3039.0000000 2042.81028  32.8%     -    0s
H    0     0                    3014.0000000 2042.81028  32.2%     -    0s
H    0     0                    2945.0000000 2093.33113  28.9%     -    0s
     0     0 2093.33113    0  116 2945.00000 2093.33113  28.9%     -    0s
     0     0 2093.49949    0  113 2945.00000 2093.49949  28.9%     -    0s
H    0     0                    2769.0000000 2108.30626  23.9%     -    1s
     0     0 2108.30626    0  142 2769.00000 2108.30626  23.9%     -    1s
H    0     0                    2687.0000000 2108.30626  21.5%     -    1s
H    0     0                    2685.0000000 2108.30626  21.5%     -    1s
     0     0 2111.42220    0  135 2685.00000 2111.42220  21.4%     -    1s
     0     0 2111.61645    0  143 2685.00000 2111.61645  21.4%     -    1s
H    0     0                    2626.0000000 2129.41145  18.9%     -    1s
H    0     0                    2608.0000000 2129.41145  18.4%     -    1s
     0     0 2129.41145    0  152 2608.00000 2129.41145  18.4%     -    1s
     0     0 2133.78921    0  152 2608.00000 2133.78921  18.2%     -    1s
     0     0 2136.01235    0  207 2608.00000 2136.01235  18.1%     -    1s
     0     0 2136.50891    0  157 2608.00000 2136.50891  18.1%     -    1s
H    0     0                    2343.0000000 2136.50891  8.81%     -    1s
     0     0 2143.28798    0  201 2343.00000 2143.28798  8.52%     -    1s
     0     0 2144.19011    0  181 2343.00000 2144.19011  8.49%     -    1s
     0     0 2146.03243    0  202 2343.00000 2146.03243  8.41%     -    1s
     0     0 2146.06116    0  201 2343.00000 2146.06116  8.41%     -    1s
     0     0 2146.06116    0  200 2343.00000 2146.06116  8.41%     -    2s
H    0     0                    2315.0000000 2146.06126  7.30%     -    2s
     0     2 2146.06126    0  196 2315.00000 2146.06126  7.30%     -    2s
H   58    83                    2237.0000000 2155.91968  3.62%   182    3s
   464   460 2184.33621   18  161 2237.00000 2157.32159  3.56%   106    5s
H  765   640                    2228.0000000 2158.68134  3.11%  94.5    6s
  1683  1203 2186.49449   16   74 2228.00000 2162.77152  2.93%  78.6   10s
  3379  2107 2178.99720   11  136 2228.00000 2168.12336  2.69%  71.9   15s
  3676  2149 2176.72040   17  188 2228.00000 2168.12336  2.69%  69.8   20s
H 3961  2205                    2226.0000000 2168.12336  2.60%  76.3   24s
  3983  2214 2191.97033   22  132 2226.00000 2168.39646  2.59%  76.6   25s
H 3988  2109                    2213.0000000 2168.39646  2.02%  76.6   25s
  4623  2066 2182.95112   19  144 2213.00000 2174.68872  1.73%  79.4   30s
* 5258  1955              33    2208.0000000 2177.89825  1.36%  79.7   33s
  5785  1869     cutoff   27      2208.00000 2180.56547  1.24%  80.1   35s
H 6396  1605                    2206.0000000 2185.01842  0.95%  79.5   36s
  7492  1184     cutoff   25      2206.00000 2190.13717  0.72%  78.4   40s

Cutting planes:
  Gomory: 6
  Lift-and-project: 2
  Cover: 142
  Clique: 23
  MIR: 81
  Knapsack: 3
  StrongCG: 51
  Flow cover: 53
  GUB cover: 9
  Inf proof: 2
  Zero half: 51
  Mod-K: 1
  RLT: 137
  Relax-and-lift: 27
  BQP: 26

Explored 9450 nodes (704409 simplex iterations) in 44.14 seconds (26.57 work units)
Thread count was 22 (of 22 available processors)

Solution count 10: 2206 2208 2213 ... 2626

Optimal solution found (tolerance 1.00e-04)
Best objective 2.206000000000e+03, best bound 2.206000000000e+03, gap 0.0000%

User-callback calls 23444, time in user-callback 0.05 sec
