FIXINGS_START
(0, 0, 0)
(0, 6, 0)
(1, 0, 0)
(2, 0, 0)
(2, 8, 0)
(3, 3, 0)
(4, 0, 0)
(5, 0, 0)
(5, 6, 0)
(7, 0, 0)
(8, 0, 0)
(9, 0, 0)
(10, 0, 0)
(10, 6, 0)
(11, 0, 0)
(11, 9, 0)
(12, 0, 0)
(12, 4, 0)
(13, 0, 0)
(13, 4, 0)
(14, 0, 0)
(15, 3, 0)
(16, 0, 0)
(16, 6, 0)
(7, 1, 21)
(6, 0, 0)
(12, 1, 0)
(8, 2, 10)
(16, 2, 0)
(3, 0, 0)
(0, 4, 7)
(12, 2, 4)
(3, 1, 0)
(14, 1, 7)
(13, 2, 0)
(6, 1, 0)
(10, 1, 0)
(7, 2, 0)
(1, 1, 0)
(0, 5, 7)
(0, 7, 0)
(3, 2, 0)
(10, 2, 26)
(5, 3, 0)
(16, 3, 0)
(7, 4, 0)
(1, 2, 0)
(7, 5, 7)
(1, 4, 0)
(5, 5, 0)
(16, 4, 0)
(15, 2, 0)
(4, 3, 0)
(14, 2, 7)
(10, 3, 0)
(4, 4, 0)
(14, 3, 0)
(12, 3, 0)
(12, 5, 9)
FIXINGS_END
time 0.239
GUROBI
Status INFEASIBLE
Runtime 0.23854589462280273
NodeCount 1.0
IterCount 1331.0
NumVars 4400
NumConstrs 11188
ObjBound inf
ObjBoundC inf
ObjVal None
MIPGap inf
