FIXINGS_START
(0, 0, 0)
(0, 6, 0)
(1, 0, 0)
(2, 0, 0)
(2, 8, 0)
(3, 3, 0)
(4, 0, 0)
(5, 0, 0)
(5, 6, 0)
(7, 0, 0)
(8, 0, 0)
(9, 0, 0)
(10, 0, 0)
(10, 6, 0)
(11, 0, 0)
(11, 9, 0)
(12, 0, 0)
(12, 4, 0)
(13, 0, 0)
(13, 4, 0)
(14, 0, 0)
(15, 3, 0)
(16, 0, 0)
(16, 6, 0)
(10, 1, 0)
(10, 3, 0)
(10, 5, 20)
(10, 8, 0)
(10, 9, 0)
(8, 2, 10)
(5, 3, 0)
(5, 5, 0)
(14, 3, 0)
(13, 2, 0)
(2, 5, 2)
(0, 4, 7)
(2, 7, 3)
(7, 2, 0)
(4, 3, 0)
(6, 0, 0)
(11, 1, 0)
(15, 2, 0)
(0, 7, 0)
(9, 2, 0)
(1, 1, 0)
(12, 1, 0)
(9, 3, 1)
(4, 4, 0)
(3, 0, 0)
(9, 4, 0)
(1, 2, 0)
(11, 4, 0)
(11, 6, 0)
(3, 1, 0)
(3, 2, 0)
(12, 3, 0)
(12, 6, 0)
(6, 1, 0)
(12, 7, 0)
FIXINGS_END
time 0.681
GUROBI
Status INFEASIBLE
Runtime 0.6805469989776611
NodeCount 1.0
IterCount 2772.0
NumVars 4400
NumConstrs 11188
ObjBound inf
ObjBoundC inf
ObjVal None
MIPGap inf
