
Gurobi 13.0.0 (linux64) logging started Sat Jan  3 13:58:31 2026

Set parameter LogFile to value "../experiments/network-n_60_s_1_rp_0-app_set-id_7_7_apps/compact_model_gurobi.log"
Set parameter TimeLimit to value 900
Gurobi Optimizer version 13.0.0 build v13.0.0rc1 (linux64 - "Ubuntu 24.04.3 LTS")

CPU model: Intel(R) Core(TM) Ultra 7 165H, instruction set [SSE2|AVX|AVX2]
Thread count: 22 physical cores, 22 logical processors, using up to 22 threads

Non-default parameters:
TimeLimit  900
LogToConsole  0

Academic license 2539022 - for non-commercial use only - registered to al___@studenti.unimi.it
Optimize a model with 19029 rows, 2760 columns and 41986 nonzeros (Min)
Model fingerprint: 0x218961f9
Model has 2760 linear objective coefficients
Model has 206 quadratic constraints
Variable types: 0 continuous, 2760 integer (2760 binary)
Coefficient statistics:
  Matrix range     [1e+00, 7e+02]
  QMatrix range    [5e+01, 2e+02]
  Objective range  [1e+01, 2e+02]
  Bounds range     [1e+00, 1e+00]
  RHS range        [1e+00, 1e+09]
  QRHS range       [1e+02, 6e+02]
Presolve removed 18328 rows and 1567 columns
Presolve time: 0.18s
Presolved: 18429 rows, 18721 columns, 113174 nonzeros
Variable types: 0 continuous, 18721 integer (18721 binary)
Found heuristic solution: objective 1993.0000000
Deterministic concurrent LP optimizer: primal and dual simplex
Showing primal log only...

Concurrent spin time: 0.00s

Solved with dual simplex

Root relaxation: objective 1.196158e+03, 171 iterations, 0.08 seconds (0.07 work units)

    Nodes    |    Current Node    |     Objective Bounds      |     Work
 Expl Unexpl |  Obj  Depth IntInf | Incumbent    BestBd   Gap | It/Node Time

     0     0 1196.15840    0   48 1993.00000 1196.15840  40.0%     -    1s
H    0     0                    1563.0000000 1196.15840  23.5%     -    1s
H    0     0                    1399.0000000 1196.15840  14.5%     -    1s
H    0     0                    1300.0000000 1196.15840  7.99%     -    1s
H    0     0                    1299.0000000 1196.15840  7.92%     -    1s
     0     0 1215.60448    0   50 1299.00000 1215.60448  6.42%     -    1s
H    0     0                    1274.0000000 1215.60448  4.58%     -    1s
     0     0 1219.56916    0   76 1274.00000 1219.56916  4.27%     -    1s
     0     0 1219.61539    0   78 1274.00000 1219.61539  4.27%     -    1s
     0     0 1232.13873    0   64 1274.00000 1232.13873  3.29%     -    2s
     0     0 1233.52642    0   70 1274.00000 1233.52642  3.18%     -    2s
     0     0 1233.60000    0   70 1274.00000 1233.60000  3.17%     -    2s
     0     0 1236.50000    0   44 1274.00000 1236.50000  2.94%     -    2s
H    0     0                    1267.0000000 1236.50000  2.41%     -    2s
     0     0 1236.50000    0   62 1267.00000 1236.50000  2.41%     -    2s
     0     0 1236.67213    0   62 1267.00000 1236.67213  2.39%     -    2s
     0     0 1236.76345    0   91 1267.00000 1236.76345  2.39%     -    2s
     0     0 1239.51613    0   90 1267.00000 1239.51613  2.17%     -    2s
     0     0 1239.51613    0   80 1267.00000 1239.51613  2.17%     -    2s
     0     0 1239.51613    0   80 1267.00000 1239.51613  2.17%     -    2s
     0     0 1239.51613    0   80 1267.00000 1239.51613  2.17%     -    2s
     0     0 1239.51613    0   75 1267.00000 1239.51613  2.17%     -    2s
H    0     0                    1246.0000000 1239.51613  0.52%     -    2s
     0     0 1239.51613    0   39 1246.00000 1239.51613  0.52%     -    2s
H    0     0                    1244.0000000 1239.62563  0.35%     -    3s
     0     0 1239.62563    0   44 1244.00000 1239.62563  0.35%     -    3s
     0     0 1241.00000    0   21 1244.00000 1241.00000  0.24%     -    3s

Cutting planes:
  Cover: 10
  Clique: 7
  MIR: 8
  StrongCG: 3
  GUB cover: 1
  Zero half: 2
  RLT: 4
  Relax-and-lift: 3
  BQP: 2

Explored 1 nodes (1048 simplex iterations) in 3.01 seconds (1.87 work units)
Thread count was 22 (of 22 available processors)

Solution count 9: 1244 1246 1267 ... 1993

Optimal solution found (tolerance 1.00e-04)
Best objective 1.244000000000e+03, best bound 1.244000000000e+03, gap 0.0000%

User-callback calls 1134, time in user-callback 0.00 sec
