
Gurobi 13.0.0 (linux64) logging started Fri Jan  2 21:57:04 2026

Set parameter LogFile to value "../experiments/network-n_50_s_2_rp_0-app_set-id_12_9_apps/compact_model_gurobi.log"
Set parameter TimeLimit to value 900
Gurobi Optimizer version 13.0.0 build v13.0.0rc1 (linux64 - "Ubuntu 24.04.3 LTS")

CPU model: Intel(R) Core(TM) Ultra 7 165H, instruction set [SSE2|AVX|AVX2]
Thread count: 22 physical cores, 22 logical processors, using up to 22 threads

Non-default parameters:
TimeLimit  900
LogToConsole  0

Academic license 2539022 - for non-commercial use only - registered to al___@studenti.unimi.it
Optimize a model with 16536 rows, 2900 columns and 37006 nonzeros (Min)
Model fingerprint: 0xcae1c34f
Model has 2900 linear objective coefficients
Model has 162 quadratic constraints
Variable types: 0 continuous, 2900 integer (2900 binary)
Coefficient statistics:
  Matrix range     [1e+00, 9e+02]
  QMatrix range    [5e+01, 2e+02]
  Objective range  [1e+01, 2e+02]
  Bounds range     [1e+00, 1e+00]
  RHS range        [1e+00, 1e+09]
  QRHS range       [1e+02, 6e+02]
Presolve removed 15868 rows and 1802 columns
Presolve time: 0.15s
Presolved: 10488 rows, 10763 columns, 67410 nonzeros
Variable types: 0 continuous, 10763 integer (10763 binary)
Found heuristic solution: objective 4833.0000000

Root relaxation: objective 1.833984e+03, 539 iterations, 0.04 seconds (0.06 work units)

    Nodes    |    Current Node    |     Objective Bounds      |     Work
 Expl Unexpl |  Obj  Depth IntInf | Incumbent    BestBd   Gap | It/Node Time

     0     0 1833.98386    0  108 4833.00000 1833.98386  62.1%     -    0s
H    0     0                    4647.0000000 1833.98386  60.5%     -    0s
H    0     0                    3748.0000000 1833.98386  51.1%     -    0s
H    0     0                    3008.0000000 1833.98386  39.0%     -    0s
H    0     0                    2892.0000000 1833.98386  36.6%     -    0s
H    0     0                    2707.0000000 1833.98386  32.3%     -    0s
     0     0 1866.39741    0  146 2707.00000 1866.39741  31.1%     -    0s
H    0     0                    2667.0000000 1869.80446  29.9%     -    1s
H    0     0                    2628.0000000 1869.80446  28.9%     -    1s
     0     0 1869.80446    0  152 2628.00000 1869.80446  28.9%     -    1s
     0     0 1869.84801    0  154 2628.00000 1869.84801  28.8%     -    1s
H    0     0                    2416.0000000 1886.29178  21.9%     -    1s
     0     0 1890.28253    0  164 2416.00000 1890.28253  21.8%     -    1s
     0     0 1892.95079    0  132 2416.00000 1892.95079  21.6%     -    1s
     0     0 1893.95792    0  125 2416.00000 1893.95792  21.6%     -    1s
     0     0 1894.19652    0  130 2416.00000 1894.19652  21.6%     -    1s
H    0     0                    2373.0000000 1894.19652  20.2%     -    1s
     0     0 1901.72284    0  125 2373.00000 1901.72284  19.9%     -    1s
H    0     0                    2208.0000000 1901.72284  13.9%     -    1s
     0     0 1904.26534    0  154 2208.00000 1904.26534  13.8%     -    1s
     0     0 1904.42227    0  160 2208.00000 1904.42227  13.7%     -    1s
H    0     0                    2063.0000000 1904.42227  7.69%     -    1s
H    0     0                    2040.0000000 1904.42227  6.65%     -    1s
H    0     0                    1990.0000000 1904.42227  4.30%     -    1s
     0     0 1907.17793    0  127 1990.00000 1907.17793  4.16%     -    2s
     0     0 1907.38475    0  125 1990.00000 1907.38475  4.15%     -    2s
     0     0 1907.38475    0  125 1990.00000 1907.38475  4.15%     -    2s
     0     2 1907.66826    0  125 1990.00000 1907.66826  4.14%     -    2s
H   73    67                    1959.0000000 1916.64080  2.16%   113    3s
H  121    69                    1954.0000000 1916.70006  1.91%  97.0    3s
H  187   116                    1944.0000000 1916.70006  1.40%  82.2    3s
   487    84 1930.68794   10  105 1944.00000 1925.59582  0.95%  54.8    5s

Cutting planes:
  Gomory: 6
  Lift-and-project: 5
  Cover: 81
  Implied bound: 1
  Clique: 33
  MIR: 65
  Knapsack: 6
  StrongCG: 40
  GUB cover: 3
  Zero half: 7
  RLT: 145
  Relax-and-lift: 253
  BQP: 35

Explored 980 nodes (41222 simplex iterations) in 6.20 seconds (3.54 work units)
Thread count was 22 (of 22 available processors)

Solution count 10: 1944 1954 1959 ... 2628

Optimal solution found (tolerance 1.00e-04)
Best objective 1.944000000000e+03, best bound 1.944000000000e+03, gap 0.0000%

User-callback calls 3400, time in user-callback 0.01 sec
