
Gurobi 13.0.0 (linux64) logging started Thu Jan 15 06:43:43 2026

Set parameter LogFile to value "../experiments/network-n_50_s_0_rp_0-app_set-id_49_21_apps/submip_30_epr1_model_gurobi.log"
Set parameter TimeLimit to value 840.106522556991
Gurobi Optimizer version 13.0.0 build v13.0.0rc1 (linux64 - "Ubuntu 24.04.3 LTS")

CPU model: Intel(R) Core(TM) Ultra 7 165H, instruction set [SSE2|AVX|AVX2]
Thread count: 22 physical cores, 22 logical processors, using up to 22 threads

Non-default parameters:
TimeLimit  840.106522556991
LogToConsole  0

Academic license 2539022 - for non-commercial use only - registered to al___@studenti.unimi.it
Optimize a model with 34487 rows, 6800 columns and 78237 nonzeros (Min)
Model fingerprint: 0xe0294899
Model has 6800 linear objective coefficients
Model has 166 quadratic constraints
Variable types: 0 continuous, 6800 integer (6800 binary)
Coefficient statistics:
  Matrix range     [1e+00, 9e+02]
  QMatrix range    [5e+01, 2e+02]
  Objective range  [1e+01, 2e+02]
  Bounds range     [1e+00, 1e+00]
  RHS range        [1e+00, 1e+09]
  QRHS range       [1e+02, 6e+02]
Presolve removed 33894 rows and 5512 columns
Presolve time: 0.11s
Presolved: 8732 rows, 9243 columns, 54095 nonzeros
Variable types: 0 continuous, 9243 integer (9243 binary)

Root relaxation: objective 4.990912e+03, 1213 iterations, 0.06 seconds (0.12 work units)

    Nodes    |    Current Node    |     Objective Bounds      |     Work
 Expl Unexpl |  Obj  Depth IntInf | Incumbent    BestBd   Gap | It/Node Time

     0     0 4990.91190    0  174          - 4990.91190      -     -    0s
     0     0 4992.31500    0  168          - 4992.31500      -     -    0s
     0     0 5447.28617    0  159          - 5447.28617      -     -    0s
     0     0 infeasible    0               - infeasible      -     -    0s

Cutting planes:
  Gomory: 2
  Cover: 26
  Implied bound: 8
  Clique: 8
  MIR: 8
  Knapsack: 9
  StrongCG: 10
  GUB cover: 6
  Zero half: 6
  RLT: 60
  Relax-and-lift: 24
  BQP: 6

Explored 1 nodes (2129 simplex iterations) in 0.99 seconds (0.89 work units)
Thread count was 22 (of 22 available processors)

Solution count 0

Model is infeasible
Best objective -, best bound -, gap -

User-callback calls 982, time in user-callback 0.00 sec
Set parameter LogToConsole to value 0
