
Gurobi 13.0.0 (linux64) logging started Sun Jan  4 04:29:28 2026

Set parameter LogFile to value "../experiments/network-n_60_s_2_rp_0-app_set-id_47_20_apps/compact_model_gurobi.log"
Set parameter TimeLimit to value 900
Gurobi Optimizer version 13.0.0 build v13.0.0rc1 (linux64 - "Ubuntu 24.04.3 LTS")

CPU model: Intel(R) Core(TM) Ultra 7 165H, instruction set [SSE2|AVX|AVX2]
Thread count: 22 physical cores, 22 logical processors, using up to 22 threads

Non-default parameters:
TimeLimit  900
LogToConsole  0

Academic license 2539022 - for non-commercial use only - registered to al___@studenti.unimi.it
Optimize a model with 46773 rows, 7800 columns and 104692 nonzeros (Min)
Model fingerprint: 0x8bdd0517
Model has 7800 linear objective coefficients
Model has 190 quadratic constraints
Variable types: 0 continuous, 7800 integer (7800 binary)
Coefficient statistics:
  Matrix range     [1e+00, 9e+02]
  QMatrix range    [5e+01, 2e+02]
  Objective range  [1e+01, 2e+02]
  Bounds range     [1e+00, 1e+00]
  RHS range        [1e+00, 1e+09]
  QRHS range       [1e+02, 6e+02]
Presolve removed 44987 rows and 4318 columns
Presolve time: 0.61s
Presolved: 58050 rows, 59558 columns, 367139 nonzeros
Variable types: 0 continuous, 59558 integer (59558 binary)
Deterministic concurrent LP optimizer: primal and dual simplex
Showing primal log only...

Concurrent spin time: 0.00s

Solved with dual simplex

Root relaxation: objective 4.601496e+03, 4604 iterations, 1.22 seconds (1.49 work units)

    Nodes    |    Current Node    |     Objective Bounds      |     Work
 Expl Unexpl |  Obj  Depth IntInf | Incumbent    BestBd   Gap | It/Node Time

     0     0 4601.49594    0  292          - 4601.49594      -     -    3s
     0     0 4601.79175    0  287          - 4601.79175      -     -    3s
     0     0 4637.45197    0  333          - 4637.45197      -     -    6s
     0     0 4638.50795    0  359          - 4638.50795      -     -    7s
     0     0 4638.51787    0  315          - 4638.51787      -     -    7s
     0     0 4659.40284    0  395          - 4659.40284      -     -    8s
     0     0 4660.86739    0  402          - 4660.86739      -     -    9s
     0     0 4660.98059    0  377          - 4660.98059      -     -    9s
     0     0 4670.25689    0  361          - 4670.25689      -     -   11s
     0     0 4680.44671    0  410          - 4680.44671      -     -   12s
     0     0 4683.05806    0  442          - 4683.05806      -     -   13s
     0     0 4683.27567    0  448          - 4683.27567      -     -   13s
     0     0 4690.57612    0  382          - 4690.57612      -     -   16s
     0     0 4694.02130    0  455          - 4694.02130      -     -   16s
     0     0 4695.50039    0  491          - 4695.50039      -     -   17s
     0     0 4695.83584    0  471          - 4695.83584      -     -   17s
H    0     0                    5571.0000000 4703.31105  15.6%     -   20s
H    0     0                    5550.0000000 4703.31105  15.3%     -   20s
H    0     0                    5508.0000000 4703.31105  14.6%     -   20s
H    0     0                    5376.0000000 4703.31105  12.5%     -   20s
     0     0 4703.31105    0  435 5376.00000 4703.31105  12.5%     -   20s
H    0     0                    5369.0000000 4704.07180  12.4%     -   21s
     0     0 4704.07180    0  489 5369.00000 4704.07180  12.4%     -   21s
     0     0 4705.09831    0  460 5369.00000 4705.09831  12.4%     -   22s
     0     0 4705.10342    0  452 5369.00000 4705.10342  12.4%     -   22s
     0     0 4705.10342    0  424 5369.00000 4705.10342  12.4%     -   22s
     0     2 4705.10353    0  416 5369.00000 4705.10353  12.4%     -   26s
    15    32 4706.35854    4  537 5369.00000 4705.90944  12.4%   601   31s
H   33    54                    5305.0000000 4706.37697  11.3%   913   33s
H   42    54                    5282.0000000 4706.37697  10.9%   832   33s
    53   107 4707.33153    6  503 5282.00000 4706.96878  10.9%   859   36s
H   54   107                    5260.0000000 4706.96878  10.5%   843   36s
H  109   129                    5201.0000000 4706.96878  9.50%   614   39s
H  110   129                    5194.0000000 4706.96878  9.38%   613   39s
H  111   129                    5149.0000000 4706.96878  8.58%   610   39s
   128   174 4707.72054    8  546 5149.00000 4706.96878  8.58%   577   41s
H  139   174                    5134.0000000 4706.96878  8.32%   577   41s
   221   265 4708.54191   10  536 5134.00000 4706.96878  8.32%   495   45s
   310   357 4709.07452   13  439 5134.00000 4706.96878  8.32%   450   50s
H  408   426                    4972.0000000 4706.96878  5.33%   422   54s
   425   475 4710.23906   17  532 4972.00000 4706.96878  5.33%   417   55s
H  478   502                    4967.0000000 4706.96878  5.24%   402   57s
H  478   502                    4942.0000000 4706.96878  4.76%   402   57s
H  480   502                    4933.0000000 4706.96878  4.58%   402   57s
   549   591 4711.41451   22  523 4933.00000 4706.96878  4.58%   387   61s
H  574   591                    4932.0000000 4706.96878  4.56%   385   61s
   624   664 4712.28025   24  531 4932.00000 4706.96878  4.56%   382   65s
H  688   698                    4921.0000000 4706.96878  4.35%   382   67s
H  689   698                    4917.0000000 4706.96878  4.27%   382   67s
   727   763 4712.86031   25  536 4917.00000 4706.96878  4.27%   377   71s
H  731   763                    4911.0000000 4706.96878  4.15%   376   71s
H  736   763                    4910.0000000 4706.96878  4.14%   376   71s
H  754   763                    4899.0000000 4706.96878  3.92%   374   71s
   823   849 4713.56073   28  483 4899.00000 4706.96878  3.92%   364   76s
H  847   849                    4884.0000000 4706.96878  3.62%   364   76s
   883   935 4715.14299   31  520 4884.00000 4706.96878  3.62%   364   82s
   942   999 4717.00595   32  520 4884.00000 4706.96878  3.62%   360   85s
  1056  1097 4717.67258   35  453 4884.00000 4706.96878  3.62%   354   90s
H 1151  1148                    4881.0000000 4706.96878  3.57%   353   93s
  1155  1216 4720.99078   38  390 4881.00000 4706.96878  3.57%   353   96s
  1281  1315 4722.24927   40  382 4881.00000 4706.96878  3.57%   347  101s
H 1283  1315                    4877.0000000 4706.96878  3.49%   346  101s
  1408  1456 4723.90322   44  358 4877.00000 4706.96878  3.49%   340  107s
  1469  1536 4724.36943   46  360 4877.00000 4706.96878  3.49%   337  111s
  1649  1700 4725.35155   49  364 4877.00000 4707.35532  3.48%   325  117s
  1746  1798 4726.64063   52  332 4877.00000 4707.35532  3.48%   321  120s
  1972  1975 4729.24959   58  323 4877.00000 4707.35532  3.48%   311  128s
  2039  2063 4737.18462   61  350 4877.00000 4707.35532  3.48%   311  133s
H 2059  2061                    4872.0000000 4707.35532  3.38%   310  133s
  2127  2221 4731.54796   61  337 4872.00000 4707.35532  3.38%   310  138s
  2295  2355 4735.18127   66  343 4872.00000 4707.35532  3.38%   302  143s
  2437  2523 4734.74880   69  313 4872.00000 4708.06992  3.36%   299  147s
H 2536  2520                    4864.0000000 4708.06992  3.21%   293  147s
  2607  2607 4736.95638   75  314 4864.00000 4708.06992  3.21%   293  152s
H 2608  2604                    4862.0000000 4708.06992  3.17%   293  152s
H 2618  2581                    4857.0000000 4708.06992  3.07%   293  152s
H 2632  2529                    4840.0000000 4708.06992  2.73%   292  152s
H 2692  2490                    4828.0000000 4708.06992  2.48%   291  152s
  2695  2676 4737.01947   76  310 4828.00000 4708.06992  2.48%   291  157s
  2881  2880 4745.05931   83  320 4828.00000 4708.06992  2.48%   285  161s
  3089  3107 4740.02915   87  323 4828.00000 4708.06992  2.48%   279  166s
  3325  3350 4750.61812   94  262 4828.00000 4708.06992  2.48%   272  172s
H 3521  3349                    4827.0000000 4708.06992  2.46%   265  172s
  3591  3498 4748.87527   99  265 4827.00000 4708.06992  2.46%   263  178s
  3744  3758 4751.44698  100  272 4827.00000 4708.06992  2.46%   258  184s
  4042  3970 4757.39628  114  262 4827.00000 4708.06992  2.46%   250  190s
  4274  4241 4761.80996  119  284 4827.00000 4708.06992  2.46%   246  197s
  4592  4469 4767.94979  135  244 4827.00000 4708.06992  2.46%   241  204s
  4880  4654 4772.35501  144  284 4827.00000 4708.06992  2.46%   238  210s
  5109  4870 4789.48126  151  262 4827.00000 4708.06992  2.46%   239  217s
  5368  5093 4806.40142  168  246 4827.00000 4708.06992  2.46%   238  225s
  5688  5233 4714.11845   16  395 4827.00000 4708.06992  2.46%   235  232s
  5883  5433 4724.45067   19  395 4827.00000 4708.06992  2.46%   237  239s
  6114  5434 4771.99314  177 24081 4827.00000 4708.06992  2.46%   238  260s
  6116  5435 4725.24412   36  300 4827.00000 4708.06992  2.46%   238  267s
  6117  5436 4778.97265  141  397 4827.00000 4708.06992  2.46%   238  270s
  6119  5437 4750.22937   46  431 4827.00000 4708.06992  2.46%   238  276s
  6123  5440 4824.86863  130  417 4827.00000 4708.06992  2.46%   238  280s
  6132  5446 4711.48669    8  458 4827.00000 4708.06992  2.46%   238  285s
  6144  5454 4785.94898   92  478 4827.00000 4708.48375  2.46%   237  290s
  6155  5461 4740.50943   62  507 4827.00000 4709.96611  2.42%   237  295s
  6167  5469 4713.03772   16  502 4827.00000 4710.62100  2.41%   236  300s
  6182  5479 4754.07505  113  565 4827.00000 4711.13430  2.40%   236  305s
  6196  5489 4726.26290    9  551 4827.00000 4711.59094  2.39%   235  311s
  6207  5496 4764.15417  161  526 4827.00000 4711.91558  2.38%   235  315s
  6218  5503 4737.87337   77  529 4827.00000 4712.16107  2.38%   234  320s
  6227  5509 4714.62097   10  558 4827.00000 4712.53575  2.37%   234  325s
  6237  5516 4800.04144  167  542 4827.00000 4713.17395  2.36%   234  330s
  6251  5525 4801.83074  101  549 4827.00000 4713.86468  2.34%   233  335s
  6260  5531 4732.55000   42  552 4827.00000 4714.11415  2.34%   233  340s
  6270  5538 4735.70664   30  562 4827.00000 4714.16190  2.34%   232  345s
  6277  5543 4717.71800   40  552 4827.00000 4714.28445  2.34%   232  352s
  6283  5547 4747.84555   54  563 4827.00000 4714.29434  2.33%   232  355s
  6289  5551 4736.89060   70  560 4827.00000 4714.40202  2.33%   232  366s
  6290  5554 4714.47607   10  525 4827.00000 4714.47607  2.33%   239  372s
  6292  5558 4716.77472   11  484 4827.00000 4714.47607  2.33%   239  375s
  6296  5564 4717.29077   12  469 4827.00000 4714.51107  2.33%   240  380s
  6304  5578 4718.64697   13  479 4827.00000 4714.83251  2.32%   240  387s
  6320  5594 4720.32724   14  540 4827.00000 4715.36165  2.31%   243  395s
  6342  5633 4721.22494   15  484 4827.00000 4715.81172  2.30%   245  406s
  6388  5654 4724.62728   16  568 4827.00000 4715.82452  2.30%   249  415s
  6424  5681 4722.47387   17  544 4827.00000 4715.82452  2.30%   252  424s
  6463  5691 4727.08809   17  464 4827.00000 4715.82452  2.30%   254  434s
  6486  5725 4723.02926   18  572 4827.00000 4715.82452  2.30%   255  442s
  6528  5750 4724.53480   19  559 4827.00000 4715.82452  2.30%   257  448s
  6567  5772 4723.11470   19  546 4827.00000 4715.82452  2.30%   260  460s
  6602  5803 4723.43549   20  546 4827.00000 4715.82452  2.30%   262  467s
  6645  5828 4738.00984   20  467 4827.00000 4715.82452  2.30%   264  475s
  6684  5857 4724.30218   21  518 4827.00000 4715.82452  2.30%   266  483s
  6726  5884 4724.67889   21  491 4827.00000 4715.82452  2.30%   268  490s
  6767  5895 4725.57552   22  560 4827.00000 4715.82452  2.30%   270  497s
  6792  5924 4729.90690   22  427 4827.00000 4715.82452  2.30%   272  503s
  6829  5961 4730.07908   23  418 4827.00000 4715.82452  2.30%   273  509s
  6878  5998 4738.51083   23  451 4827.00000 4715.82452  2.30%   274  517s
  6932  6030 4730.28230   24  414 4827.00000 4715.82452  2.30%   276  526s
  6984  6059 4730.84409   25  414 4827.00000 4715.82452  2.30%   277  534s
  7030  6104 4731.51723   26  457 4827.00000 4715.82452  2.30%   278  542s
  7091  6131 4731.94145   27  443 4827.00000 4715.82452  2.30%   280  557s
  7141  6155 4733.49844   28  394 4827.00000 4715.82452  2.30%   281  564s
  7182  6203 4736.04020   28  371 4827.00000 4715.82452  2.30%   282  572s
  7248  6207 4740.46231   29  401 4827.00000 4715.82452  2.30%   284  579s
  7276  6265 4734.02404   30  442 4827.00000 4715.82452  2.30%   284  587s
  7346  6296 4735.40740   31  404 4827.00000 4715.82452  2.30%   285  597s
  7420  6345 4735.68805   32  383 4827.00000 4716.23351  2.29%   286  608s
  7501  6337 4736.65582   33  388 4827.00000 4717.05307  2.28%   288  617s
  7525  6361 4738.39477   33  378 4827.00000 4717.05307  2.28%   288  625s
  7560  6394 4737.32158   34  372 4827.00000 4717.05307  2.28%   289  634s
  7614  6439 4739.21656   34  348 4827.00000 4717.46405  2.27%   291  646s
  7695  6473 4741.97412   35  360 4827.00000 4717.46405  2.27%   292  658s
  7792  6511 4740.26982   37  366 4827.00000 4717.48808  2.27%   294  671s
  7877  6571 4743.79717   39  329 4827.00000 4717.48808  2.27%   296  683s
  7974  6603 4746.94881   41  313 4827.00000 4717.48808  2.27%   298  698s
  8040  6679 4746.59814   43  280 4827.00000 4717.48808  2.27%   299  711s
  8140  6765 4750.53674   45  245 4827.00000 4717.48808  2.27%   301  726s
  8264  6831 4748.64712   48  230 4827.00000 4717.48808  2.27%   302  741s
  8392  6940 4749.04016   50  230 4827.00000 4717.48808  2.27%   304  756s
  8565  7027 4754.44121   54  207 4827.00000 4717.48808  2.27%   305  779s
  8758  7140 4755.32416   55  199 4827.00000 4718.46165  2.25%   305  796s
  9025  7218 4757.56318   61  214 4827.00000 4718.46165  2.25%   306  813s
  9238  7388 4761.60247   66  183 4827.00000 4718.61068  2.25%   306  830s
  9503  7514 4769.17585   73  150 4827.00000 4718.61068  2.25%   306  849s
  9804  7630 4773.42226   80  185 4827.00000 4718.61068  2.25%   307  868s
 10098  7783 4780.61183   89  158 4827.00000 4719.57450  2.23%   307  886s
 10408  7925 4811.68030   98  128 4827.00000 4719.63601  2.22%   308  900s

Cutting planes:
  Gomory: 5
  Lift-and-project: 1
  Cover: 425
  Clique: 57
  MIR: 466
  Knapsack: 30
  StrongCG: 315
  Flow cover: 420
  GUB cover: 35
  Zero half: 147
  Mod-K: 1
  RLT: 373
  Relax-and-lift: 343
  BQP: 160
  PSD: 2

Explored 10767 nodes (3302243 simplex iterations) in 900.06 seconds (949.91 work units)
Thread count was 22 (of 22 available processors)

Solution count 10: 4827 4828 4840 ... 4884

Time limit reached
Best objective 4.827000000000e+03, best bound 4.720000000000e+03, gap 2.2167%

User-callback calls 144317, time in user-callback 0.99 sec
