
Gurobi 13.0.0 (linux64) logging started Sun Jan 18 10:54:25 2026

Set parameter LogFile to value "../experiments/network-n_60_s_2_rp_0-app_set-id_47_20_apps/submip_30_epr1_model_gurobi.log"
Set parameter TimeLimit to value 8.4300851731600414e+02
Gurobi Optimizer version 13.0.0 build v13.0.0rc1 (linux64 - "Ubuntu 24.04.3 LTS")

CPU model: Intel(R) Core(TM) Ultra 7 165H, instruction set [SSE2|AVX|AVX2]
Thread count: 22 physical cores, 22 logical processors, using up to 22 threads

Non-default parameters:
TimeLimit  8.4300851731600414e+02
LogToConsole  0

Academic license 2539022 - for non-commercial use only - registered to al___@studenti.unimi.it
Optimize a model with 46833 rows, 7800 columns and 104752 nonzeros (Min)
Model fingerprint: 0xf0a7b903
Model has 7800 linear objective coefficients
Model has 190 quadratic constraints
Variable types: 0 continuous, 7800 integer (7800 binary)
Coefficient statistics:
  Matrix range     [1e+00, 9e+02]
  QMatrix range    [5e+01, 2e+02]
  Objective range  [1e+01, 2e+02]
  Bounds range     [1e+00, 1e+00]
  RHS range        [1e+00, 1e+09]
  QRHS range       [1e+02, 6e+02]
Presolve removed 46038 rows and 5783 columns
Presolve time: 0.21s
Presolved: 23496 rows, 24534 columns, 148570 nonzeros
Variable types: 0 continuous, 24534 integer (24534 binary)
Deterministic concurrent LP optimizer: primal and dual simplex
Showing primal log only...

Concurrent spin time: 0.00s

Solved with dual simplex

Root relaxation: objective 4.656710e+03, 2475 iterations, 0.48 seconds (0.43 work units)

    Nodes    |    Current Node    |     Objective Bounds      |     Work
 Expl Unexpl |  Obj  Depth IntInf | Incumbent    BestBd   Gap | It/Node Time

     0     0 4656.71046    0  184          - 4656.71046      -     -    1s
     0     0 4680.66110    0  213          - 4680.66110      -     -    2s
     0     0 4697.76518    0  200          - 4697.76518      -     -    3s
     0     0 4698.00661    0  203          - 4698.00661      -     -    3s
     0     0 4698.00914    0  206          - 4698.00914      -     -    3s
     0     0 4705.62450    0  227          - 4705.62450      -     -    4s
     0     0 4719.47816    0  221          - 4719.47816      -     -    4s
     0     0 4720.49032    0  249          - 4720.49032      -     -    4s
     0     0 4720.62093    0  226          - 4720.62093      -     -    4s
     0     0 4727.61544    0  233          - 4727.61544      -     -    6s
     0     0 4729.43325    0  248          - 4729.43325      -     -    6s
H    0     0                    5806.0000000 4730.66090  18.5%     -    6s
H    0     0                    5796.0000000 4730.66090  18.4%     -    6s
     0     0 4730.66090    0  263 5796.00000 4730.66090  18.4%     -    6s
H    0     0                    5696.0000000 4733.01401  16.9%     -    7s
H    0     0                    5572.0000000 4733.01401  15.1%     -    7s
     0     0 4733.07227    0  272 5572.00000 4733.07227  15.1%     -    7s
     0     0 4733.41626    0  288 5572.00000 4733.41626  15.0%     -    7s
H    0     0                    5496.0000000 4733.41626  13.9%     -    8s
     0     0 4733.98310    0  290 5496.00000 4733.98310  13.9%     -    8s
     0     0 4733.98876    0  284 5496.00000 4733.98876  13.9%     -    8s
     0     0 4733.98876    0  284 5496.00000 4733.98876  13.9%     -    8s
     0     2 4733.98906    0  284 5496.00000 4733.98906  13.9%     -    8s
     3     8 4735.37844    2  293 5496.00000 4734.53763  13.9%   222   10s
H   54   109                    5406.0000000 4737.82775  12.4%   437   14s
H   69   109                    5328.0000000 4737.82775  11.1%   384   14s
   108   155 4740.13595    7  301 5328.00000 4737.82775  11.1%   298   15s
H  199   235                    5290.0000000 4737.82775  10.4%   260   17s
   319   345 4743.32904   11  252 5290.00000 4737.82775  10.4%   247   20s
H  327   345                    5288.0000000 4737.82775  10.4%   245   20s
H  334   345                    5255.0000000 4737.82775  9.84%   246   20s
H  338   345                    5254.0000000 4737.82775  9.82%   245   20s
H  390   422                    5217.0000000 4737.82775  9.18%   237   22s
H  401   422                    5215.0000000 4737.82775  9.15%   234   22s
H  448   451                    5213.0000000 4737.82775  9.12%   227   23s
   527   555 4743.28047   18  268 5213.00000 4737.82775  9.12%   221   25s
H  704   743                    5065.0000000 4737.82775  6.46%   202   29s
   742   800 4746.43685   22  272 5065.00000 4737.82775  6.46%   198   30s
H  801   834                    4978.0000000 4737.82775  4.82%   196   31s
  1051  1103 4750.51255   33  250 4978.00000 4737.82775  4.82%   183   35s
H 1092  1103                    4881.0000000 4737.82775  2.93%   183   35s
H 1114  1148                    4879.0000000 4737.82775  2.89%   182   36s
H 1440  1336                    4853.0000000 4738.56284  2.36%   168   40s
H 1618  1385                    4849.0000000 4738.83609  2.27%   163   43s
  1621  1451 4754.90997   47  226 4849.00000 4738.83609  2.27%   163   45s
  2067  1891 4760.59565   61  209 4849.00000 4738.83609  2.27%   156   51s
  2506  2329 4765.05686   74  208 4849.00000 4738.83609  2.27%   148   55s
  2744  2451 4770.85526   77  205 4849.00000 4738.83609  2.27%   145   60s
  3039  2777 4775.83961   80  214 4849.00000 4739.36955  2.26%   140   66s
  3405  3049 4780.48743   85  155 4849.00000 4739.36955  2.26%   137   70s
  3576  3050 4770.56231   36 9022 4849.00000 4739.36955  2.26%   137   76s
  3580  3053 4747.95126   20  220 4849.00000 4739.36955  2.26%   137   80s
  3598  3065 4780.11227   75  334 4849.00000 4739.36955  2.26%   137   85s
  3614  3075 4744.86323   10  339 4849.00000 4740.59022  2.24%   136   90s
  3631  3087 4775.61446   54  404 4849.00000 4741.37020  2.22%   135   95s
  3655  3103 4768.27275   51  351 4849.00000 4742.16896  2.20%   134  100s
  3677  3117 4770.44747   60  371 4849.00000 4743.14986  2.18%   134  105s
  3695  3129 4762.50676   50  344 4849.00000 4744.35385  2.16%   133  110s
  3708  3138 4827.94008   46  354 4849.00000 4744.54646  2.15%   133  115s
  3719  3145 4761.99342   48  342 4849.00000 4744.76440  2.15%   132  120s
H 3719  2985                    4844.0000000 4744.76440  2.05%   132  122s
  3720  2986 4744.76665   14  342 4844.00000 4744.76665  2.05%   132  126s
  3727  3000 4745.55843   12  310 4844.00000 4745.22079  2.04%   139  131s
  3751  3030 4746.55627   14  337 4844.00000 4746.07354  2.02%   142  138s
  3773  3052 4748.44260   15  343 4844.00000 4746.56237  2.01%   145  143s
  3803  3081 4748.75259   16  339 4844.00000 4746.56237  2.01%   148  147s
  3842  3111 4755.99510   16  312 4844.00000 4746.56237  2.01%   151  151s
  3886  3142 4749.36026   17  353 4844.00000 4746.56237  2.01%   155  155s
  3976  3199 4750.68137   19  310 4844.00000 4746.56237  2.01%   160  162s
  4019  3228 4757.02293   19  282 4844.00000 4746.56237  2.01%   162  166s
  4119  3286 4752.19705   21  315 4844.00000 4746.56237  2.01%   165  172s
  4165  3310 4752.81395   22  312 4844.00000 4746.56237  2.01%   166  175s
H 4210  3179                    4837.0000000 4746.56237  1.87%   168  179s
  4240  3211 4757.20344   23  293 4837.00000 4746.56237  1.87%   168  182s
  4283  3241 4754.47362   24  317 4837.00000 4746.56237  1.87%   170  185s
  4372  3300 4762.77349   25  270 4837.00000 4746.56237  1.87%   171  191s
  4469  3372 4760.05897   27  287 4837.00000 4746.56237  1.87%   173  198s
  4528  3422 4761.51731   28  255 4837.00000 4746.56237  1.87%   174  201s
  4599  3482 4762.15978   29  251 4837.00000 4746.56237  1.87%   175  205s
  4783  3594 4766.66089   31  216 4837.00000 4746.56237  1.87%   176  212s
  4883  3679 4767.21871   32  212 4837.00000 4747.50607  1.85%   177  216s
  5022  3718 4768.67931   34  219 4837.00000 4748.20022  1.84%   177  221s
  5121  3814 4768.97119   36  218 4837.00000 4748.87595  1.82%   178  225s
  5311  3838 4792.94544   38  209 4837.00000 4749.40542  1.81%   177  232s
  5392  3927 4772.10787   39  204 4837.00000 4749.40542  1.81%   178  236s
  5532  4035 4774.44876   39  161 4837.00000 4749.40542  1.81%   177  240s
  5722  4103 4773.85298   40  179 4837.00000 4749.40542  1.81%   175  245s
  6094  4242 4786.73136   41  177 4837.00000 4750.12798  1.80%   174  253s
  6255  4346 4787.62474   42  172 4837.00000 4750.12798  1.80%   175  258s
  6471  4443 4790.80711   45  204 4837.00000 4750.12798  1.80%   175  262s
  6707  4504 4793.63577   47  181 4837.00000 4750.12798  1.80%   175  267s
  6908  4626 4795.00510   50  179 4837.00000 4750.12798  1.80%   175  271s
  7139  4724 4797.28090   55  136 4837.00000 4750.12798  1.80%   175  276s
  7404  4814 4799.23629   59  163 4837.00000 4750.12798  1.80%   174  282s
  7623  5015 4803.60790   63  185 4837.00000 4751.83965  1.76%   175  287s
  7934  5195 4808.09954   68  138 4837.00000 4751.83965  1.76%   174  292s
  8316  5202 4823.26845   77  145 4837.00000 4751.83965  1.76%   172  298s
  8518  5384 4827.01237   85  101 4837.00000 4751.83965  1.76%   172  303s
  8803  5545 4769.75911   17  222 4837.00000 4751.83965  1.76%   171  309s
  9103  5714 4781.41503   23  172 4837.00000 4751.83965  1.76%   172  315s
  9466  5695 4815.12567   35  124 4837.00000 4751.83965  1.76%   171  321s
  9601  5940 4821.17910   39  126 4837.00000 4751.83965  1.76%   171  328s
  9955  6049 4779.43464   27  228 4837.00000 4752.60354  1.74%   171  335s
 10217  6357 4787.97098   31  217 4837.00000 4752.60354  1.74%   172  341s
 10689  6261 4801.67750   46  183 4837.00000 4753.94324  1.72%   171  348s
H10720  6096                    4836.0000000 4753.94324  1.70%   171  348s
 10754  6434 4806.19241   46  178 4836.00000 4753.94324  1.70%   171  355s
 11175  6557 4822.86654   62   93 4836.00000 4753.94324  1.70%   171  362s
 11518  6741 4811.49625   21  278 4836.00000 4753.94324  1.70%   170  370s
 11913  6899     cutoff   40      4836.00000 4753.94324  1.70%   171  378s
 12223  7165 4764.48273   24  261 4836.00000 4753.94324  1.70%   172  386s
 12655  7504 4804.30816   38  215 4836.00000 4753.94324  1.70%   172  394s
 13119  7759 4763.45187   21  273 4836.00000 4753.94324  1.70%   173  404s
 13432  8112 4818.92995   29  223 4836.00000 4753.94324  1.70%   173  413s
 13907  8571 4778.01299   27  174 4836.00000 4753.94324  1.70%   173  422s
 14464  9136 4801.49028   60  151 4836.00000 4754.00560  1.70%   173  431s
 15113  9658 4763.60882   22  269 4836.00000 4754.00560  1.70%   173  441s
 15757 10270 4768.93029   29  260 4836.00000 4754.00560  1.70%   172  452s
 16586 10813 4780.96077   40  221 4836.00000 4754.00560  1.70%   171  462s
 17273 11373 4806.40510   55  178 4836.00000 4754.00560  1.70%   171  473s
 17971 11852 4762.17455   24  302 4836.00000 4754.00560  1.70%   170  485s
 18585 12509 4784.19795   56  178 4836.00000 4756.57512  1.64%   171  496s
 19425 12687 4764.18992   23  323 4836.00000 4756.91979  1.64%   170  508s
 19678 13116 4771.59959   31  279 4836.00000 4756.91979  1.64%   171  521s
 20477 13625 4817.80036   54  141 4836.00000 4756.91979  1.64%   171  534s
 21155 14202 4800.98639   50  138 4836.00000 4756.91979  1.64%   172  547s
 21980 14466 4825.72120   38  240 4836.00000 4757.00613  1.63%   173  561s
 22403 15107 4762.68184   28  273 4836.00000 4757.00613  1.63%   173  575s
 23437 15795 4816.88402   63  137 4836.00000 4757.00613  1.63%   173  590s
 24363 15796 4791.57013   35 7658 4836.00000 4757.00613  1.63%   172  605s
 24371 15801 4759.11195   30  294 4836.00000 4757.00613  1.63%   172  610s
 24395 15817 4780.38391   23  389 4836.00000 4757.00613  1.63%   172  615s
 24416 15831 4785.92189   29  341 4836.00000 4757.00613  1.63%   171  620s
 24433 15843 4787.33853   48  331 4836.00000 4757.00613  1.63%   171  625s
 24451 15855 4817.49377   41  355 4836.00000 4757.00613  1.63%   171  630s
 24468 15866 4784.89919   24  378 4836.00000 4757.00613  1.63%   171  635s
 24484 15877 4766.38359   33  358 4836.00000 4757.00613  1.63%   171  640s
 24492 15882 4797.97135   50  350 4836.00000 4757.00613  1.63%   171  645s
 24495 15889 4757.00613   22  323 4836.00000 4757.00613  1.63%   172  651s
 24507 15909 4757.00613   24  313 4836.00000 4757.00613  1.63%   172  656s
 24545 15961 4757.00613   26  338 4836.00000 4757.00613  1.63%   173  663s
 24588 15987 4772.09598   27  300 4836.00000 4757.00613  1.63%   174  667s
 24628 16007 4757.00613   28  309 4836.00000 4757.00613  1.63%   174  670s
 24701 16069 4757.00613   29  328 4836.00000 4757.00613  1.63%   175  677s
 24748 16097 4758.07679   30  287 4836.00000 4757.00613  1.63%   175  680s
 24831 16133 4759.59914   31  296 4836.00000 4757.00613  1.63%   176  686s
 24896 16196 4760.63651   32  253 4836.00000 4757.00613  1.63%   176  691s
 24989 16250 4762.34407   33  240 4836.00000 4757.00613  1.63%   177  697s
 25031 16275 4763.35177   34  248 4836.00000 4757.00613  1.63%   177  700s
 25110 16329 4763.47894   36  273 4836.00000 4757.00613  1.63%   177  705s
 25191 16385 4765.37609   37  268 4836.00000 4757.00613  1.63%   178  710s
 25293 16447 4765.03694   39  265 4836.00000 4757.00613  1.63%   178  717s
 25344 16480 4763.56117   40  266 4836.00000 4757.00613  1.63%   178  720s
 25461 16552 4765.47880   42  270 4836.00000 4757.00613  1.63%   179  726s
 25528 16587 4767.00197   43  260 4836.00000 4757.00613  1.63%   179  730s
 25644 16648 4768.15575   45  278 4836.00000 4757.00613  1.63%   180  738s
 25697 16693 4768.59286   46  268 4836.00000 4757.00613  1.63%   180  742s
 25762 16731 4773.04419   47  235 4836.00000 4757.00613  1.63%   180  747s
 25825 16775 4777.60998   48  223 4836.00000 4757.00613  1.63%   180  750s
 25899 16827 4781.47803   49  196 4836.00000 4757.00613  1.63%   181  755s
 26081 16936 4782.64245   53  201 4836.00000 4757.00613  1.63%   181  764s
 26184 16983 4794.89700   54  180 4836.00000 4757.00613  1.63%   181  769s
 26300 17034 4786.10378   56  222 4836.00000 4757.00613  1.63%   181  774s
 26413 17114 4786.96105   58  224 4836.00000 4757.00613  1.63%   181  779s
 26548 17125 4804.60901   60  175 4836.00000 4757.00613  1.63%   181  784s
 26618 17165 4790.30861   62  188 4836.00000 4757.00613  1.63%   181  790s
 26718 17261 4792.76162   64  204 4836.00000 4757.00613  1.63%   181  795s
 26876 17331 4793.48861   68  191 4836.00000 4757.00613  1.63%   181  800s
 27042 17437 4797.17707   71  162 4836.00000 4757.00613  1.63%   181  806s
 27288 17552 4826.22357   76  159 4836.00000 4757.00613  1.63%   181  812s
 27560 17623 4818.95186   84   99 4836.00000 4757.00613  1.63%   181  819s
 27810 17728 4773.80548   27  296 4836.00000 4757.00613  1.63%   180  824s
H27898 16873                    4833.0000000 4757.00613  1.57%   180  824s
 28077 17020 4783.98407   33  236 4833.00000 4757.00613  1.57%   181  831s
H28168 16174                    4829.0000000 4757.75989  1.48%   181  831s
 28330 16400 4801.53345   42  205 4829.00000 4757.75989  1.48%   181  837s
 28712 16492 4767.09531   34  242 4829.00000 4757.75989  1.48%   180  843s

Cutting planes:
  Gomory: 1
  Cover: 414
  Clique: 55
  MIR: 408
  Knapsack: 13
  StrongCG: 267
  Flow cover: 293
  GUB cover: 28
  Zero half: 49
  RLT: 162
  Relax-and-lift: 92
  BQP: 27

Explored 29038 nodes (5244109 simplex iterations) in 843.20 seconds (643.20 work units)
Thread count was 22 (of 22 available processors)

Solution count 10: 4829 4833 4836 ... 4978

Time limit reached
Best objective 4.829000000000e+03, best bound 4.758000000000e+03, gap 1.4703%

User-callback calls 146465, time in user-callback 0.81 sec
Set parameter LogToConsole to value 0
