FIXINGS_START
(0, 0, 0)
(1, 6, 0)
(2, 0, 0)
(3, 0, 0)
(4, 0, 0)
(4, 6, 0)
(5, 0, 0)
(6, 0, 0)
(6, 6, 0)
(7, 0, 0)
(7, 8, 0)
(8, 0, 0)
(9, 0, 0)
(10, 0, 0)
(11, 0, 0)
(11, 6, 0)
(12, 0, 0)
(12, 7, 0)
(13, 0, 0)
(14, 0, 0)
(14, 4, 0)
(15, 0, 0)
(15, 6, 0)
(16, 0, 0)
(17, 0, 0)
(17, 1, 0)
(18, 0, 0)
(18, 9, 0)
(19, 0, 0)
(19, 1, 0)
(7, 1, 0)
(14, 1, 0)
(4, 3, 38)
(16, 3, 0)
(17, 3, 28)
(7, 4, 0)
(1, 0, 0)
(15, 4, 0)
(0, 2, 0)
(15, 5, 0)
(6, 5, 0)
(10, 2, 34)
(14, 2, 3)
(11, 2, 0)
(10, 3, 0)
(9, 2, 6)
(3, 2, 0)
(10, 4, 0)
(12, 2, 0)
(11, 3, 0)
(17, 4, 0)
(4, 4, 33)
(10, 5, 0)
(3, 4, 22)
(14, 3, 0)
(9, 3, 0)
(2, 1, 0)
(14, 6, 0)
(19, 2, 0)
(19, 3, 0)
(1, 1, 0)
(18, 6, 0)
(4, 5, 0)
(9, 4, 0)
(1, 2, 0)
(1, 5, 0)
(11, 4, 0)
(2, 2, 0)
(4, 8, 0)
(17, 5, 0)
FIXINGS_END
found_sol 4829.0 time 0.002
found_sol 4829.0 time 0.518
found_sol 4829.0 time 44.773
found_sol 4827.0 time 755.145
found_sol 4827.0 time 843.041
time 843.068
GUROBI
Status TIME_LIMIT
Runtime 843.0674331188202
NodeCount 49705.0
IterCount 7591207.0
NumVars 7800
NumConstrs 46843
ObjBound 4765.0
ObjBoundC 4764.617808429008
ObjVal 4827.0
MIPGap 0.012844416822042676
