
Gurobi 13.0.0 (linux64) logging started Fri Jan 16 09:06:50 2026

Set parameter LogFile to value "../experiments/network-n_60_s_0_rp_0-app_set-id_54_23_apps/submip_30_epr1_model_gurobi.log"
Set parameter TimeLimit to value 8.0362563596498512e+02
Gurobi Optimizer version 13.0.0 build v13.0.0rc1 (linux64 - "Ubuntu 24.04.3 LTS")

CPU model: Intel(R) Core(TM) Ultra 7 165H, instruction set [SSE2|AVX|AVX2]
Thread count: 22 physical cores, 22 logical processors, using up to 22 threads

Non-default parameters:
TimeLimit  8.0362563596498512e+02
LogToConsole  0

Academic license 2539022 - for non-commercial use only - registered to al___@studenti.unimi.it
Optimize a model with 45873 rows, 9000 columns and 104406 nonzeros (Min)
Model fingerprint: 0x7b7b74ea
Model has 9000 linear objective coefficients
Model has 200 quadratic constraints
Variable types: 0 continuous, 9000 integer (9000 binary)
Coefficient statistics:
  Matrix range     [1e+00, 9e+02]
  QMatrix range    [5e+01, 2e+02]
  Objective range  [1e+01, 2e+02]
  Bounds range     [1e+00, 1e+00]
  RHS range        [1e+00, 1e+09]
  QRHS range       [1e+02, 6e+02]

MIP start from previous solve did not produce a new incumbent solution
MIP start from previous solve violates constraint fixed_app_21_microservice_0 by 1.000000000

Presolve removed 45028 rows and 6755 columns
Presolve time: 0.19s
Presolved: 21961 rows, 23146 columns, 136656 nonzeros
Variable types: 0 continuous, 23146 integer (23146 binary)
Deterministic concurrent LP optimizer: primal and dual simplex
Showing primal log only...

Concurrent spin time: 0.00s

Solved with dual simplex

Root relaxation: objective 5.680016e+03, 2282 iterations, 0.49 seconds (0.44 work units)

    Nodes    |    Current Node    |     Objective Bounds      |     Work
 Expl Unexpl |  Obj  Depth IntInf | Incumbent    BestBd   Gap | It/Node Time

     0     0 5680.01632    0  188          - 5680.01632      -     -    1s
     0     0 5681.32912    0  187          - 5681.32912      -     -    1s
     0     0 5739.08778    0  196          - 5739.08778      -     -    2s
     0     0 5775.48727    0  233          - 5775.48727      -     -    3s
     0     0 5775.49426    0  230          - 5775.49426      -     -    3s
     0     0 5778.85940    0  245          - 5778.85940      -     -    3s
     0     0 5778.97035    0  248          - 5778.97035      -     -    3s
     0     0 5792.40997    0  269          - 5792.40997      -     -    4s
     0     0 5803.34200    0  265          - 5803.34200      -     -    5s
     0     0 5810.54819    0  290          - 5810.54819      -     -    6s
     0     0 5812.59592    0  298          - 5812.59592      -     -    6s
     0     0 5812.79356    0  262          - 5812.79356      -     -    6s
     0     0 5827.61282    0  298          - 5827.61282      -     -    7s
     0     0 5832.13560    0  304          - 5832.13560      -     -    7s
     0     0 5834.26625    0  316          - 5834.26625      -     -    8s
     0     0 5843.31973    0  303          - 5843.31973      -     -    9s
     0     0 5843.34051    0  301          - 5843.34051      -     -    9s
     0     0 5843.34051    0  301          - 5843.34051      -     -    9s
     0     2 5843.34278    0  296          - 5843.34278      -     -   11s
   110   152 5860.32061    9  321          - 5851.51452      -   163   16s
   293   299 5877.23025   12  263          - 5851.51452      -   208   20s
   459   460 5882.23599   19  273          - 5851.51452      -   210   25s
   577   574 5884.93907   23  233          - 5851.51452      -   208   30s
   703   709 5891.59808   27  238          - 5851.51452      -   210   35s
   876   895 5889.23243   31  229          - 5851.51452      -   199   40s
  1131  1176 5859.67758    8  227          - 5851.51452      -   187   45s
  1435  1484 5868.86565   16  252          - 5851.51452      -   184   51s
  1623  1697 5874.85471   22  216          - 5851.51452      -   181   55s
  1862  1862 5886.11741   31  218          - 5851.51452      -   177   60s
  2135  2213 5893.25892   36  208          - 5851.51452      -   177   66s
  2429  2456 5907.56153   47  202          - 5851.51452      -   172   70s
  2917  2868 5930.44168   59  184          - 5851.51452      -   170   76s
  3303  3220 5965.28595   67  175          - 5854.23540      -   168   81s
  3744  3586 5993.33771   85  162          - 5854.48494      -   166   86s
  4129  3926 infeasible  103               - 5854.48494      -   163   91s
  4608  4201 5865.35262    9  213          - 5854.48494      -   164   97s
  4703  4222 5870.40880   16  218          - 5854.48494      -   163  100s
  4768  4389 5876.02760   22  184          - 5854.48494      -   164  106s
  5065  4535 5895.24585   16 9812          - 5854.48494      -   164  114s
  5067  4536 5881.55770   25  214          - 5854.48494      -   164  117s
  5072  4540 5908.64344   48  287          - 5854.48494      -   164  120s
  5088  4550 5904.62336   60  339          - 5854.90673      -   163  125s
  5114  4568 5883.60942   31  346          - 5867.66448      -   162  130s
  5138  4584 5892.44669   40  366          - 5874.14920      -   161  135s
  5158  4597 5953.20516   48  336          - 5876.33508      -   161  140s
  5179  4611 5920.44952   23  359          - 5877.75184      -   160  145s
  5199  4624 6135.97192  125  359          - 5881.03602      -   160  152s
  5211  4632 6029.75639   26  347          - 5881.62860      -   159  155s
  5234  4648 5965.22009   69  340          - 5882.75563      -   159  160s
  5256  4662 5883.81067   41  374          - 5883.81067      -   158  165s
  5275  4675 6008.56980   13  380          - 5884.73349      -   157  170s
  5277  4676 5918.47990   42  371          - 5884.73349      -   157  176s
  5284  4690 5891.26542   13  330          - 5887.46342      -   163  181s
  5308  4720 5891.57265   15  321          - 5887.83220      -   164  185s
  5367  4772 5892.28395   17  297          - 5888.08720      -   164  191s
  5437  4813 5897.86240   18  316          - 5888.08720      -   165  197s
  5466  4836 5895.35412   19  252          - 5888.08720      -   166  200s
  5541  4875 5895.89684   21  257          - 5888.08720      -   168  207s
  5563  4888 5902.01687   21  259          - 5888.08720      -   169  210s
  5608  4927 5896.14082   22  295          - 5888.08720      -   170  217s
  5639  4942 5896.28804   23  295          - 5888.08720      -   171  220s
  5693  4991 5896.61773   24  292          - 5888.08720      -   172  226s
  5731  5013 5940.82417   24  305          - 5888.08720      -   172  230s
  5788  5039 5943.97942   25  292          - 5888.08720      -   174  236s
  5811  5056 5908.01675   26  274          - 5888.08720      -   174  240s
  5867  5105 5916.22391   27  287          - 5888.08720      -   176  246s
  5903  5137 5920.49558   27  249          - 5888.08720      -   176  250s
  5972  5170 5917.13718   29  292          - 5888.08720      -   177  257s
  6003  5204 5922.67727   29  304          - 5888.08720      -   178  261s
  6048  5238 5921.89807   30  291          - 5888.08720      -   178  265s
  6119  5264 5921.32590   32  248          - 5888.08720      -   180  272s
  6148  5301 5919.07193   32  258          - 5888.08720      -   181  276s
  6195  5341 5921.07757   33  251          - 5888.08720      -   182  281s
  6253  5405 5920.68410   33  207          - 5888.08720      -   183  285s
  6451  5510 5924.16572   37  234          - 5888.08720      -   186  294s
  6507  5607 5924.35827   38  233          - 5888.08720      -   186  298s
  6625  5717 5931.64358   41  226          - 5888.08720      -   188  302s
  6777  5849 5934.33253   44  192          - 5888.08720      -   189  307s
  6980  5902 5936.37946   47  205          - 5888.08720      -   189  312s
  7154  6024 5942.45855   51  160          - 5890.05643      -   189  316s
  7365  6115 5971.45035   54  159          - 5890.05942      -   190  321s
  7553  6246 5947.89019   58  184          - 5890.53356      -   190  326s
  7777  6192 5967.94401   64  147          - 5890.53356      -   191  331s
  7799  6219 5972.46283   64  150          - 5890.53356      -   191  335s
  7836  6308 5972.03651   67  141          - 5890.53356      -   192  340s
  7940  6374 5977.63743   73  153          - 5890.53356      -   192  345s
  8043  6516 5986.90571   78  140          - 5890.53356      -   192  351s
  8232  6688 5996.35436   87  135          - 5890.53356      -   193  356s
  8493  6775 5998.95889   94  128          - 5890.53356      -   194  362s
  8684  6956 6005.19861  101  134          - 5892.17890      -   195  367s
  8999  7008 6046.80502  111   96          - 5892.17890      -   195  373s
  9190  7187 5905.97182   23  291          - 5892.17890      -   195  380s
H 9334  6895                    6558.0000000 5892.17890  10.2%   194  380s
  9501  7015 5947.00465   30  228 6558.00000 5892.17890  10.2%   194  388s
  9820  6989 6056.49540   35  218 6558.00000 5892.17890  10.2%   193  395s
  9954  7096 6083.72075   36  221 6558.00000 5892.17890  10.2%   197  402s
 10124  7238 6279.97824   40  199 6558.00000 5892.17890  10.2%   199  410s
 10419  7356     cutoff   53      6558.00000 5892.41135  10.1%   200  418s
 10707  7516 5940.11309   23  311 6558.00000 5892.41135  10.1%   200  426s
 11018  7694 6025.07943   32  221 6558.00000 5892.41135  10.1%   201  434s
 11343  7967 6073.79944   51  199 6558.00000 5892.41135  10.1%   200  443s
 11825  8085 5959.14665   24  247 6558.00000 5892.41135  10.1%   199  452s
 12141  8406 5996.22378   45  211 6558.00000 5892.41135  10.1%   200  460s
 12631  8584 infeasible   91      6558.00000 5892.41135  10.1%   199  469s
 13056  8822 5941.35987   22  365 6558.00000 5892.66497  10.1%   200  479s
 13474  9004 6017.43156   25  322 6558.00000 5892.66497  10.1%   201  489s
 13848  9226 5972.42377   29  278 6558.00000 5892.66497  10.1%   202  499s
 14230  9491 5986.90941   36  272 6558.00000 5892.66497  10.1%   205  509s
 14697  9684 6027.14515   50  223 6558.00000 5892.66497  10.1%   206  520s
 15151  9908 6063.83849   78  180 6558.00000 5892.66497  10.1%   208  531s
 15610  9915 6167.27962   88  125 6558.00000 5892.66497  10.1%   210  543s
 15848 10248 5967.23381   24  290 6558.00000 5892.66497  10.1%   211  555s
 16477 10507 6157.60034   48  170 6558.00000 5892.66497  10.1%   211  568s
 17120 10823 6012.11615   26  246 6558.00000 5897.72947  10.1%   211  581s
 17811 10840     cutoff   50      6558.00000 5897.72947  10.1%   210  595s
H18249 11056                    6505.0000000 5897.72947  9.34%   210  609s
 18917 11524 6029.67985   70  175 6505.00000 5899.48093  9.31%   211  625s
H18954 11523                    6487.0000000 5899.48093  9.06%   210  625s
H19352 11449                    6362.0000000 5899.48093  7.27%   210  625s
 19470 11910 6038.78741   27  261 6362.00000 5899.48093  7.27%   210  640s
 20114 12542 6189.94514   66  156 6362.00000 5899.48093  7.27%   210  656s
H20367 12539                    6360.0000000 5900.17996  7.23%   211  656s
 20878 13091 6069.60380   39  209 6360.00000 5900.17996  7.23%   210  673s
H20885 13078                    6348.0000000 5900.17996  7.05%   210  673s
H20971 13060                    6337.0000000 5900.17996  6.89%   210  673s
H21348 13035                    6327.0000000 5900.17996  6.75%   210  673s
H21405 12642                    6237.0000000 5900.17996  5.40%   210  673s
 21558 13324 5947.23170   23  307 6237.00000 5900.17996  5.40%   210  690s
 22491 13711 6148.60262   48  221 6237.00000 5900.17996  5.40%   209  707s
H22518 13665                    6229.0000000 5900.17996  5.28%   209  707s
H22552 13369                    6200.0000000 5900.17996  4.84%   209  707s
H22734 12979                    6174.0000000 5900.17996  4.44%   209  707s
 23058 13623 6099.73917   32  206 6174.00000 5900.17996  4.44%   209  725s
 23940 14423 6029.11610   34  248 6174.00000 5906.62798  4.33%   210  750s
 24967 15395 5935.72490   31  308 6174.00000 5908.83210  4.29%   210  765s
 26106 16122 6018.20680   64  200 6174.00000 5908.83210  4.29%   208  780s
 27071 16812 6011.11664   20  284 6174.00000 5909.02030  4.29%   207  795s
 27838 17331 6097.56912   50  199 6174.00000 5909.02030  4.29%   207  803s

Cutting planes:
  Gomory: 4
  Lift-and-project: 1
  Cover: 745
  Clique: 88
  MIR: 665
  Mixing: 1
  Knapsack: 17
  StrongCG: 352
  Flow cover: 614
  GUB cover: 38
  Zero half: 149
  Mod-K: 1
  RLT: 120
  Relax-and-lift: 77
  BQP: 49

Explored 28488 nodes (5901010 simplex iterations) in 803.69 seconds (624.02 work units)
Thread count was 22 (of 22 available processors)

Solution count 10: 6174 6200 6229 ... 6487

Time limit reached
Best objective 6.174000000000e+03, best bound 5.910000000000e+03, gap 4.2760%

User-callback calls 154565, time in user-callback 0.83 sec
Set parameter LogToConsole to value 0
