FIXINGS_START
(0, 0, 0)
(0, 6, 0)
(2, 4, 0)
(3, 0, 0)
(4, 0, 0)
(5, 0, 0)
(6, 0, 0)
(6, 9, 0)
(8, 0, 0)
(8, 6, 0)
(9, 0, 0)
(10, 0, 0)
(11, 0, 0)
(11, 6, 0)
(12, 0, 0)
(13, 0, 0)
(14, 0, 0)
(14, 6, 0)
(15, 0, 0)
(16, 0, 0)
(17, 0, 0)
(17, 9, 0)
(18, 0, 0)
(18, 9, 0)
(19, 0, 0)
(19, 4, 0)
(20, 0, 0)
(20, 6, 0)
(21, 4, 0)
(22, 8, 0)
(22, 9, 0)
(17, 2, 0)
(9, 2, 0)
(21, 0, 40)
(3, 3, 0)
(12, 2, 0)
(22, 0, 0)
(19, 1, 0)
(10, 1, 0)
(1, 0, 0)
(13, 1, 0)
(10, 2, 0)
(17, 3, 34)
(12, 4, 0)
(5, 1, 0)
(19, 3, 0)
(0, 4, 0)
(1, 1, 31)
(9, 4, 0)
(18, 4, 0)
(7, 0, 0)
(8, 4, 0)
(1, 2, 0)
(0, 5, 0)
(21, 1, 40)
(13, 2, 39)
(21, 2, 0)
(1, 3, 29)
(6, 1, 0)
(7, 3, 0)
(22, 2, 0)
(17, 6, 0)
(22, 3, 0)
(14, 2, 14)
(20, 1, 0)
(14, 3, 0)
(8, 7, 0)
FIXINGS_END
found_sol 6558.0 time 380.170
found_sol 6505.0 time 609.463
found_sol 6487.0 time 625.032
found_sol 6362.0 time 625.072
found_sol 6360.0 time 656.405
found_sol 6348.0 time 673.575
found_sol 6337.0 time 673.598
found_sol 6327.0 time 673.631
found_sol 6237.0 time 673.634
found_sol 6229.0 time 707.600
found_sol 6200.0 time 707.603
found_sol 6174.0 time 707.620
time 803.698
GUROBI
Status TIME_LIMIT
Runtime 803.6973600387573
NodeCount 28488.0
IterCount 5901010.0
NumVars 9000
NumConstrs 45873
ObjBound 5910.0
ObjBoundC 5909.68958760763
ObjVal 6174.0
MIPGap 0.042759961127308066
