FIXINGS_START
(0, 0, 0)
(0, 6, 0)
(2, 4, 0)
(3, 0, 0)
(4, 0, 0)
(5, 0, 0)
(6, 0, 0)
(6, 9, 0)
(8, 0, 0)
(8, 6, 0)
(9, 0, 0)
(10, 0, 0)
(11, 0, 0)
(11, 6, 0)
(12, 0, 0)
(13, 0, 0)
(14, 0, 0)
(14, 6, 0)
(15, 0, 0)
(16, 0, 0)
(17, 0, 0)
(17, 9, 0)
(18, 0, 0)
(18, 9, 0)
(19, 0, 0)
(19, 4, 0)
(20, 0, 0)
(20, 6, 0)
(21, 4, 0)
(22, 8, 0)
(22, 9, 0)
(18, 4, 0)
(18, 5, 0)
(18, 6, 0)
(18, 7, 0)
(1, 0, 0)
(17, 2, 0)
(2, 0, 40)
(12, 2, 0)
(22, 0, 0)
(19, 1, 0)
(8, 4, 0)
(21, 0, 26)
(11, 7, 28)
(20, 1, 0)
(0, 4, 0)
(19, 3, 0)
(17, 6, 0)
(0, 5, 0)
(17, 8, 0)
(2, 1, 0)
(10, 1, 0)
(2, 2, 0)
(9, 2, 0)
(6, 1, 0)
(7, 0, 0)
(14, 2, 14)
(1, 2, 0)
(2, 3, 0)
(13, 1, 0)
(21, 1, 26)
(12, 4, 0)
(20, 2, 0)
(19, 5, 0)
(5, 1, 0)
(5, 2, 0)
(9, 4, 0)
FIXINGS_END
found_sol 6866.0 time 275.787
found_sol 6864.0 time 275.789
found_sol 6779.0 time 276.242
found_sol 6748.0 time 276.345
found_sol 6646.0 time 285.330
found_sol 6637.0 time 291.163
found_sol 6511.0 time 291.257
found_sol 6471.0 time 295.457
found_sol 6444.0 time 321.308
found_sol 6342.0 time 335.687
found_sol 6322.0 time 341.252
found_sol 6286.0 time 356.263
found_sol 6227.0 time 513.130
found_sol 6217.0 time 565.883
found_sol 6157.0 time 565.905
found_sol 6153.0 time 651.394
found_sol 6151.0 time 770.788
time 886.331
GUROBI
Status TIME_LIMIT
Runtime 886.3309938907623
NodeCount 20409.0
IterCount 4488412.0
NumVars 9000
NumConstrs 45873
ObjBound 5880.0
ObjBoundC 5879.748313518442
ObjVal 6151.0
MIPGap 0.044057876768005204
