
Gurobi 13.0.0 (linux64) logging started Sat Jan  3 13:58:06 2026

Set parameter LogFile to value "../experiments/network-n_60_s_1_rp_0-app_set-id_1_5_apps/compact_model_gurobi.log"
Set parameter TimeLimit to value 900
Gurobi Optimizer version 13.0.0 build v13.0.0rc1 (linux64 - "Ubuntu 24.04.3 LTS")

CPU model: Intel(R) Core(TM) Ultra 7 165H, instruction set [SSE2|AVX|AVX2]
Thread count: 22 physical cores, 22 logical processors, using up to 22 threads

Non-default parameters:
TimeLimit  900
LogToConsole  0

Academic license 2539022 - for non-commercial use only - registered to al___@studenti.unimi.it
Optimize a model with 17483 rows, 1920 columns and 37594 nonzeros (Min)
Model fingerprint: 0x628565e3
Model has 1920 linear objective coefficients
Model has 206 quadratic constraints
Variable types: 0 continuous, 1920 integer (1920 binary)
Coefficient statistics:
  Matrix range     [1e+00, 9e+02]
  QMatrix range    [5e+01, 2e+02]
  Objective range  [1e+01, 2e+02]
  Bounds range     [1e+00, 1e+00]
  RHS range        [1e+00, 1e+09]
  QRHS range       [1e+02, 6e+02]
Presolve removed 17087 rows and 1224 columns
Presolve time: 0.12s
Presolved: 8058 rows, 8165 columns, 49934 nonzeros
Variable types: 0 continuous, 8165 integer (8165 binary)
Found heuristic solution: objective 1658.0000000

Root relaxation: objective 8.463317e+02, 88 iterations, 0.01 seconds (0.00 work units)

    Nodes    |    Current Node    |     Objective Bounds      |     Work
 Expl Unexpl |  Obj  Depth IntInf | Incumbent    BestBd   Gap | It/Node Time

     0     0  846.33173    0   29 1658.00000  846.33173  49.0%     -    0s
H    0     0                    1444.0000000  846.33173  41.4%     -    0s
H    0     0                    1173.0000000  846.33173  27.8%     -    0s
H    0     0                    1172.0000000  846.33173  27.8%     -    0s
     0     0  854.41290    0   31 1172.00000  854.41290  27.1%     -    0s
H    0     0                    1164.0000000  854.41290  26.6%     -    0s
     0     0  854.48688    0   31 1164.00000  854.48688  26.6%     -    0s
     0     0  861.50000    0   15 1164.00000  861.50000  26.0%     -    0s
     0     0  862.50000    0   25 1164.00000  862.50000  25.9%     -    0s
     0     0  879.33333    0   21 1164.00000  879.33333  24.5%     -    0s
     0     0  880.00000    0   27 1164.00000  880.00000  24.4%     -    0s
H    0     0                     986.0000000  880.00000  10.8%     -    0s
H    0     0                     961.0000000  880.00000  8.43%     -    0s
H    0     0                     958.0000000  887.14634  7.40%     -    0s
     0     0  888.24870    0   40  958.00000  888.24870  7.28%     -    0s
     0     0  888.24870    0   34  958.00000  888.24870  7.28%     -    0s
     0     0  888.24870    0   33  958.00000  888.24870  7.28%     -    0s
     0     0  904.44613    0   11  958.00000  904.44613  5.59%     -    0s
     0     0  904.44613    0   12  958.00000  904.44613  5.59%     -    0s
H    0     0                     957.0000000  904.44613  5.49%     -    0s
H    0     0                     943.0000000  940.16322  0.30%     -    0s
     0     0  940.30956    0   42  943.00000  940.30956  0.29%     -    0s
     0     0  943.00000    0   43  943.00000  943.00000  0.00%     -    0s

Cutting planes:
  Gomory: 2
  Cover: 22
  Clique: 6
  MIR: 17
  StrongCG: 9
  GUB cover: 5
  Zero half: 2
  RLT: 13
  Relax-and-lift: 88
  BQP: 2

Explored 1 nodes (482 simplex iterations) in 0.96 seconds (0.70 work units)
Thread count was 22 (of 22 available processors)

Solution count 10: 943 957 958 ... 1658

Optimal solution found (tolerance 1.00e-04)
Best objective 9.430000000000e+02, best bound 9.430000000000e+02, gap 0.0000%

User-callback calls 928, time in user-callback 0.00 sec
