
Gurobi 13.0.0 (linux64) logging started Sun Jan  4 00:32:01 2026

Set parameter LogFile to value "../experiments/network-n_60_s_1_rp_0-app_set-id_75_30_apps/compact_model_gurobi.log"
Set parameter TimeLimit to value 900
Gurobi Optimizer version 13.0.0 build v13.0.0rc1 (linux64 - "Ubuntu 24.04.3 LTS")

CPU model: Intel(R) Core(TM) Ultra 7 165H, instruction set [SSE2|AVX|AVX2]
Thread count: 22 physical cores, 22 logical processors, using up to 22 threads

Non-default parameters:
TimeLimit  900
LogToConsole  0

Academic license 2539022 - for non-commercial use only - registered to al___@studenti.unimi.it
Optimize a model with 83171 rows, 11700 columns and 182877 nonzeros (Min)
Model fingerprint: 0xa3164d4c
Model has 11700 linear objective coefficients
Model has 206 quadratic constraints
Variable types: 0 continuous, 11700 integer (11700 binary)
Coefficient statistics:
  Matrix range     [1e+00, 9e+02]
  QMatrix range    [5e+01, 2e+02]
  Objective range  [1e+01, 2e+02]
  Bounds range     [1e+00, 1e+00]
  RHS range        [1e+00, 1e+09]
  QRHS range       [1e+02, 6e+02]
Presolve removed 80690 rows and 7057 columns
Presolve time: 0.28s
Presolved: 60347 rows, 62303 columns, 379763 nonzeros
Variable types: 0 continuous, 62303 integer (62303 binary)
Performing another presolve...
Presolve removed 2989 rows and 3536 columns
Presolve time: 1.17s
Deterministic concurrent LP optimizer: primal and dual simplex
Showing primal log only...

Concurrent spin time: 1.09s (can be avoided by choosing Method=3)

Solved with dual simplex

Root relaxation: objective 8.190836e+03, 7683 iterations, 2.52 seconds (2.77 work units)

    Nodes    |    Current Node    |     Objective Bounds      |     Work
 Expl Unexpl |  Obj  Depth IntInf | Incumbent    BestBd   Gap | It/Node Time

     0     0 8190.83627    0  578          - 8190.83627      -     -    4s
     0     0 8207.99796    0  577          - 8207.99796      -     -    4s
     0     0 8983.79058    0  610          - 8983.79058      -     -    9s
     0     0 8987.42451    0  609          - 8987.42451      -     -    9s
     0     0 9879.77551    0  726          - 9879.77551      -     -   14s
     0     0 9880.47937    0  726          - 9880.47937      -     -   14s
     0     0 10111.3790    0  735          - 10111.3790      -     -   15s
     0     0 10199.6283    0  745          - 10199.6283      -     -   16s
     0     0 10203.9329    0  760          - 10203.9329      -     -   16s
     0     0 infeasible    0               - infeasible      -     -   32s

Cutting planes:
  Gomory: 12
  Lift-and-project: 5
  Cover: 57
  Implied bound: 2
  Clique: 61
  MIR: 80
  Knapsack: 8
  StrongCG: 27
  GUB cover: 10
  Zero half: 45
  RLT: 259
  Relax-and-lift: 40
  BQP: 71

Explored 1 nodes (54921 simplex iterations) in 32.50 seconds (44.28 work units)
Thread count was 22 (of 22 available processors)

Solution count 0

Model is infeasible
Best objective -, best bound -, gap -

User-callback calls 1235, time in user-callback 0.01 sec
