FIXINGS_START
(0, 0, 0)
(0, 9, 0)
(1, 0, 0)
(2, 0, 0)
(3, 0, 0)
(3, 6, 0)
(5, 0, 0)
(5, 6, 0)
(6, 0, 0)
(8, 0, 0)
(9, 0, 0)
(11, 0, 0)
(12, 0, 0)
(12, 6, 0)
(13, 8, 0)
(13, 9, 0)
(14, 0, 0)
(14, 9, 0)
(15, 0, 0)
(15, 4, 0)
(16, 0, 0)
(17, 0, 0)
(17, 8, 0)
(14, 2, 0)
(14, 3, 0)
(14, 4, 0)
(14, 5, 0)
(14, 6, 0)
(17, 1, 0)
(1, 2, 0)
(17, 2, 29)
(13, 0, 0)
(13, 2, 0)
(13, 3, 0)
(13, 5, 0)
(13, 7, 0)
(3, 2, 0)
(0, 2, 0)
(2, 2, 0)
(11, 1, 4)
(17, 6, 14)
(15, 1, 0)
(15, 2, 0)
(15, 5, 3)
(4, 0, 0)
(10, 0, 0)
(8, 1, 27)
(9, 1, 0)
(4, 1, 0)
(5, 4, 0)
(6, 2, 40)
(10, 1, 23)
(16, 2, 0)
(3, 3, 0)
(10, 4, 0)
(8, 2, 0)
(11, 2, 5)
(3, 4, 0)
(5, 5, 0)
(0, 6, 0)
(8, 4, 0)
FIXINGS_END
found_sol 4756.0 time 0.002
time 9.213
GUROBI
Status OPTIMAL
Runtime 9.212747812271118
NodeCount 3908.0
IterCount 210584.0
NumVars 7020
NumConstrs 32615
ObjBound 4756.0
ObjBoundC 4756.0
ObjVal 4756.0
MIPGap 0.0
