
Gurobi 13.0.0 (linux64) logging started Sat Jan 17 23:48:43 2026

Set parameter LogFile to value "../experiments/network-n_60_s_0_rp_0-app_set-id_69_28_apps/submip_30_epr1_model_gurobi.log"
Set parameter TimeLimit to value 7.1825692237500334e+02
Gurobi Optimizer version 13.0.0 build v13.0.0rc1 (linux64 - "Ubuntu 24.04.3 LTS")

CPU model: Intel(R) Core(TM) Ultra 7 165H, instruction set [SSE2|AVX|AVX2]
Thread count: 22 physical cores, 22 logical processors, using up to 22 threads

Non-default parameters:
TimeLimit  7.1825692237500334e+02
LogToConsole  0

Academic license 2539022 - for non-commercial use only - registered to al___@studenti.unimi.it
Optimize a model with 63012 rows, 10920 columns and 141470 nonzeros (Min)
Model fingerprint: 0x92cfc071
Model has 10920 linear objective coefficients
Model has 200 quadratic constraints
Variable types: 0 continuous, 10920 integer (10920 binary)
Coefficient statistics:
  Matrix range     [1e+00, 9e+02]
  QMatrix range    [5e+01, 2e+02]
  Objective range  [1e+01, 2e+02]
  Bounds range     [1e+00, 1e+00]
  RHS range        [1e+00, 1e+09]
  QRHS range       [1e+02, 6e+02]
Presolve removed 61245 rows and 7889 columns
Presolve time: 0.14s
Presolved: 40261 rows, 41329 columns, 249072 nonzeros
Variable types: 0 continuous, 41329 integer (41329 binary)
Performing another presolve...
Presolve removed 4411 rows and 4814 columns
Presolve time: 0.75s
Deterministic concurrent LP optimizer: primal and dual simplex
Showing primal log only...

Concurrent spin time: 0.00s

Solved with dual simplex

Root relaxation: objective 6.655931e+03, 3005 iterations, 0.59 seconds (0.73 work units)

    Nodes    |    Current Node    |     Objective Bounds      |     Work
 Expl Unexpl |  Obj  Depth IntInf | Incumbent    BestBd   Gap | It/Node Time

     0     0 6655.93150    0  307          - 6655.93150      -     -    1s
     0     0 6675.86736    0  334          - 6675.86736      -     -    3s
     0     0 6801.40408    0  337          - 6801.40408      -     -    4s
     0     0 6840.76669    0  449          - 6840.76669      -     -    5s
     0     0 6864.11237    0  374          - 6864.11237      -     -    5s
     0     0 6866.83602    0  410          - 6866.83602      -     -    5s
     0     0 6867.49415    0  416          - 6867.49415      -     -    6s
     0     0 6867.81885    0  427          - 6867.81885      -     -    6s
     0     0 6868.00191    0  421          - 6868.00191      -     -    6s
     0     0 6868.07443    0  434          - 6868.07443      -     -    6s
     0     0 7039.58830    0  468          - 7039.58830      -     -   10s
     0     0 7068.61615    0  357          - 7068.61615      -     -   11s
     0     0 7094.28001    0  370          - 7094.28001      -     -   11s
     0     0 7096.09956    0  375          - 7096.09956      -     -   11s
     0     0 7163.08585    0  455          - 7163.08585      -     -   14s
     0     0 7204.65919    0  502          - 7204.65919      -     -   16s
     0     0 7213.41934    0  496          - 7213.41934      -     -   16s
     0     0 7244.73140    0  422          - 7244.73140      -     -   20s
     0     0 7250.07948    0  462          - 7250.07948      -     -   21s
     0     0 7258.01640    0  499          - 7258.01640      -     -   22s
     0     0 7258.02301    0  492          - 7258.02301      -     -   22s
     0     0 7258.02301    0  482          - 7258.02301      -     -   22s
     0     2 7258.02517    0  478          - 7258.02517      -     -   25s
    31    54 7263.75375    5  462          - 7260.70959      -   299   30s
   136   176 7268.16022   10  376          - 7265.36115      -   246   36s
   207   242 7311.65769   11  398          - 7265.36115      -   296   40s
   274   307 7286.01069   13  380          - 7265.36115      -   334   45s
   388   411 7326.33277   19  373          - 7265.36115      -   328   52s
   410   444 7302.24896   20  367          - 7265.36115      -   331   56s
   484   505 7376.56927   26  376          - 7265.36115      -   336   60s
   529   555 7307.09595   28  357          - 7265.36115      -   333   66s
   556   579 7309.75966   32  404          - 7265.36115      -   329   70s
   605   628 7313.48433   34  334          - 7265.36115      -   318   78s
   630   651 7314.03563   35  331          - 7265.36115      -   315   83s
   654   679 7314.83527   36  354          - 7265.36115      -   316   88s
   682   708 7328.18688   38  311          - 7265.36115      -   315   93s
   711   732 7328.58697   39  307          - 7265.36115      -   312   98s
   735   757 7333.48167   41  311          - 7265.36115      -   310  103s
   760   788 7333.28569   44  313          - 7265.36115      -   307  106s
   842   883 7343.18328   49  346          - 7265.36115      -   302  112s
   887   920 7368.98293   52  345          - 7265.36115      -   298  115s
   966   995 7374.75676   53  310          - 7265.36115      -   293  122s
   999  1025 7384.48907   54  347          - 7265.36115      -   293  125s
  1057  1096 7389.06559   56  336          - 7265.36115      -   292  132s
  1100  1129 7426.30523   56  322          - 7265.36115      -   290  136s
  1135  1156 7390.25807   57  334          - 7265.36115      -   288  140s
  1203  1245 7395.28213   59  344          - 7265.36115      -   285  149s
  1251  1308 7392.69910   59  333          - 7265.36115      -   282  153s
  1314  1380 7393.38273   60  333          - 7265.36115      -   280  157s
  1391  1479 7399.25232   65  293          - 7265.36115      -   279  162s
  1491  1573 7421.13434   75  245          - 7265.36115      -   277  166s
  1586  1671 7450.56877   78  241          - 7265.36115      -   280  171s
  1687  1815 7486.24424   81  242          - 7265.36115      -   283  175s
  1835  1942 7535.52494   90  244          - 7265.36115      -   277  180s
  1973  1991 7562.16721   99  210          - 7265.36115      -   276  185s
  2030  2020 7574.47226  101  212          - 7265.43670      -   278  190s
  2059  2064 7570.12594  102  212          - 7265.43670      -   280  196s
  2103  2128 7569.44028  102  212          - 7265.43670      -   281  201s
  2168  2202 7570.17950  103  207          - 7265.43670      -   281  207s
  2242  2292 7570.77292  104  216          - 7265.43670      -   279  212s
  2341  2484 7583.50709  109  214          - 7265.43670      -   277  218s
  2576  2691 7600.54201  127  226          - 7265.43670      -   272  223s
  2836  2875 7643.17091  147  219          - 7265.86765      -   270  229s
  3089  3039 7757.61693  166  225          - 7268.21193      -   270  235s
  3337  3204 7299.34371    9  406          - 7268.21521      -   272  241s
  3576  3356 7315.96289   12  362          - 7268.21521      -   274  248s
  3771  3539 7387.22377   18  321          - 7268.21521      -   280  255s
  3982  3756 7392.49596   20  293          - 7268.77042      -   285  262s
  4221  3987 7441.69993   32  270          - 7268.77042      -   288  268s
  4489  3988 7338.49352   16 17319          - 7268.77042      -   289  281s
  4491  3989 7344.86849   28  340          - 7268.77042      -   289  286s
  4493  3991 7433.44927   41  397          - 7268.77042      -   289  291s
  4494  3991 7509.96117   49  484          - 7268.77042      -   289  296s
  4496  3993 7404.21413   47  457          - 7268.77042      -   289  303s
  4497  3993 7574.93885   62  479          - 7268.77042      -   289  305s
  4502  3997 7317.87340   12  530          - 7285.52278      -   288  310s
  4507  4000 7582.16344   57  532          - 7306.45425      -   288  315s
  4516  4006 7364.21044   26  590          - 7311.45945      -   287  320s
  4520  4009 7413.20864   40  648          - 7328.56327      -   287  326s
  4525  4012 7428.87551   92  656          - 7336.52109      -   287  330s
  4535  4019 7338.83060   41  697          - 7338.83060      -   286  335s
  4538  4021 7463.88880   44  661          - 7351.96149      -   286  340s
  4541  4023 7484.70595   53  697          - 7365.33401      -   286  345s
  4549  4028 7370.21120   26  648          - 7370.21120      -   285  350s
  4554  4031 7496.64664   65  662          - 7373.94541      -   285  355s
  4561  4036 7381.71492    9  679          - 7381.71492      -   285  360s
  4570  4042 7386.24795   10  775          - 7386.24795      -   284  365s
  4576  4046 7389.50383   25  688          - 7389.50383      -   284  370s
  4582  4050 7397.85145   24  701          - 7397.85145      -   283  375s
  4594  4058 7509.96117   49  733          - 7398.75908      -   283  380s
  4601  4063 7635.20024   98  727          - 7402.73844      -   282  385s
  4605  4065 7637.80667   64  725          - 7407.45006      -   282  390s
  4616  4073 7409.45161   26  760          - 7409.45161      -   281  395s
  4622  4077 7413.05930   29  733          - 7413.05930      -   281  400s
  4631  4083 7414.82345   24  770          - 7414.82345      -   280  405s
  4636  4086 7418.86577   20  851          - 7418.86577      -   280  410s
  4644  4091 7421.56067   17  799          - 7421.56067      -   280  415s
  4648  4094 7423.31909   10  787          - 7423.31909      -   279  420s
  4649  4095 7423.85141   26  755          - 7423.85141      -   279  426s
  4655  4099 7583.33721   37  856          - 7426.46042      -   279  430s
  4662  4103 7430.16400   74  808          - 7430.16400      -   278  436s
  4670  4109 7431.69268   10  871          - 7431.69268      -   278  441s
  4676  4113 7433.94931   25  820          - 7433.94931      -   278  446s
  4680  4115 7457.58042   35  844          - 7435.17682      -   277  450s
  4690  4122 7521.88969   73  859          - 7435.85350      -   277  457s
  4691  4123 7446.00991   28  738          - 7446.00991      -   277  462s
  4696  4126 7448.70278   47  781          - 7448.70278      -   276  465s
  4706  4133 7449.67779   28  866          - 7449.67779      -   276  470s
  4709  4135 7454.33848   17  886          - 7454.33848      -   276  478s
  4711  4136 7518.60088   81  822          - 7456.76300      -   276  480s
  4717  4140 7458.61225   21  874          - 7458.61225      -   275  485s
  4724  4145 7463.00854   37  855          - 7463.00854      -   275  499s
  4725  4145 7463.12382   92  823          - 7463.12382      -   275  500s
  4733  4151 7518.55887   45  945          - 7465.15704      -   274  505s
  4742  4157 7470.66773   19  874          - 7470.66773      -   274  512s
  4745  4159 7472.83652   10  829          - 7472.83652      -   274  515s
  4751  4163 7474.97932   44  872          - 7474.97932      -   273  520s
  4762  4170 7475.20985   74  953          - 7475.20985      -   273  527s
  4764  4171 7568.22514   69  880          - 7478.76644      -   272  530s
  4768  4174 7570.80387   91  861          - 7480.13763      -   272  535s
  4780  4182 7481.99501   35  953          - 7481.99501      -   272  540s
  4786  4186 7483.06134   74  899          - 7483.06134      -   271  547s
  4788  4187 7594.27811   91  853          - 7483.41688      -   271  551s
  4795  4192 7544.91455   89  964          - 7484.96357      -   271  555s
  4803  4197 7485.63141   73  838          - 7485.63141      -   270  561s
  4807  4200 7582.16344   57  833          - 7486.44607      -   270  565s
  4808  4201 7487.61871   13  786          - 7487.61871      -   270  576s
  4816  4206 7488.13206   26  841          - 7488.13206      -   270  580s
  4826  4213 7488.81885   18  954          - 7488.81885      -   269  586s
  4833  4217 7518.55887   45  871          - 7489.35955      -   269  591s
  4843  4224 7578.22950   56  870          - 7489.81110      -   268  596s
  4850  4229 7490.66263   66  879          - 7490.66263      -   268  600s
  4859  4235 7775.00315  100  804          - 7491.20786      -   267  605s
  4862  4237 7491.39704   74  785          - 7491.39704      -   267  610s
  4866  4239 7493.06188   46  853          - 7493.06188      -   267  615s
  4869  4241 7493.69452   54  891          - 7493.69452      -   267  620s
  4874  4245 7579.09767   82  799          - 7494.47052      -   266  625s
  4879  4248 7495.48552   75  823          - 7495.48552      -   266  630s
  4889  4255 7496.87024   16  981          - 7496.87024      -   266  635s
  4896  4259 7497.61152   47  898          - 7497.61152      -   265  640s
  4904  4265 7498.63802   41  887          - 7498.63802      -   265  645s
  4914  4271 7499.33073   15  866          - 7499.33073      -   264  650s
  4923  4277 7599.84810   92  907          - 7499.53219      -   264  655s
  4932  4283 7499.69816   23  870          - 7499.69816      -   263  660s
  4937  4287 7499.96187   16  840          - 7499.96187      -   263  665s
  4942  4290 7500.14998   19  871          - 7500.14998      -   263  670s
  4945  4292 7500.36319   10  851          - 7500.36319      -   263  675s
  4950  4295 7500.90511   66  824          - 7500.90511      -   262  680s
  4955  4299 7583.33721   37  784          - 7501.74376      -   262  685s
  4965  4305 7775.00315  100  954          - 7503.19293      -   261  690s
  4970  4309 7503.95139   10  911          - 7503.95139      -   261  695s
  4976  4313 7504.52826   25  885          - 7504.52826      -   261  700s
  4981  4316 7505.14446   10  864          - 7505.14446      -   261  705s
  4986  4319 7505.60511   74  907          - 7505.60511      -   260  711s
  4990  4322 7521.88969   73  902          - 7506.16712      -   260  716s

Cutting planes:
  Gomory: 4
  Cover: 142
  Implied bound: 2
  Clique: 45
  MIR: 208
  Knapsack: 13
  StrongCG: 121
  Flow cover: 580
  GUB cover: 15
  Zero half: 43
  Mod-K: 3
  RLT: 85
  Relax-and-lift: 145
  BQP: 12

Explored 4992 nodes (1478941 simplex iterations) in 718.28 seconds (696.34 work units)
Thread count was 22 (of 22 available processors)

Solution count 0

Time limit reached
Best objective -, best bound 7.507000000000e+03, gap -

User-callback calls 118285, time in user-callback 0.62 sec
Set parameter LogToConsole to value 0
