FIXINGS_START
(0, 0, 0)
(0, 4, 0)
(1, 0, 0)
(2, 0, 0)
(3, 0, 0)
(3, 6, 0)
(4, 0, 0)
(5, 0, 0)
(5, 4, 0)
(6, 0, 0)
(6, 9, 0)
(7, 0, 0)
(9, 3, 0)
(10, 0, 0)
(11, 8, 0)
(12, 0, 0)
(13, 0, 0)
(15, 0, 0)
(15, 6, 0)
(16, 0, 0)
(17, 0, 0)
(17, 6, 0)
(18, 0, 0)
(19, 0, 0)
(21, 0, 0)
(22, 0, 0)
(22, 4, 0)
(23, 7, 0)
(24, 0, 0)
(24, 1, 0)
(25, 9, 0)
(26, 0, 0)
(26, 6, 0)
(27, 0, 0)
(24, 2, 0)
(10, 2, 0)
(21, 1, 0)
(1, 2, 0)
(5, 1, 0)
(8, 1, 0)
(16, 1, 12)
(23, 0, 0)
(4, 1, 0)
(22, 1, 16)
(14, 0, 0)
(5, 3, 34)
(7, 2, 0)
(24, 3, 0)
(21, 2, 40)
(6, 1, 0)
(6, 4, 0)
(25, 0, 0)
(27, 3, 0)
(5, 5, 0)
(25, 1, 30)
(23, 2, 0)
(0, 1, 0)
(13, 2, 0)
(18, 2, 0)
(2, 1, 4)
(0, 2, 0)
(18, 4, 0)
(18, 5, 27)
(11, 0, 0)
(7, 1, 1)
(11, 1, 0)
(21, 3, 0)
(15, 1, 0)
(17, 1, 25)
(21, 4, 40)
(3, 2, 6)
(15, 2, 0)
(14, 2, 0)
(23, 4, 0)
(11, 2, 0)
(15, 4, 12)
(11, 3, 0)
(11, 4, 0)
(3, 4, 17)
FIXINGS_END
time 887.421
GUROBI
Status TIME_LIMIT
Runtime 887.421021938324
NodeCount 16734.0
IterCount 5821428.0
NumVars 10920
NumConstrs 63012
ObjBound 7776.0
ObjBoundC 7775.581238966254
ObjVal inf
MIPGap inf
