
Gurobi 13.0.0 (linux64) logging started Sat Jan 17 23:31:28 2026

Set parameter LogFile to value "../experiments/network-n_60_s_0_rp_0-app_set-id_69_28_apps/submip_30_epr0_model_gurobi.log"
Set parameter TimeLimit to value 8.8739616128698981e+02
Gurobi Optimizer version 13.0.0 build v13.0.0rc1 (linux64 - "Ubuntu 24.04.3 LTS")

CPU model: Intel(R) Core(TM) Ultra 7 165H, instruction set [SSE2|AVX|AVX2]
Thread count: 22 physical cores, 22 logical processors, using up to 22 threads

Non-default parameters:
TimeLimit  8.8739616128698981e+02
LogToConsole  0

Academic license 2539022 - for non-commercial use only - registered to al___@studenti.unimi.it
Optimize a model with 63012 rows, 10920 columns and 141470 nonzeros (Min)
Model fingerprint: 0x8146d59a
Model has 10920 linear objective coefficients
Model has 200 quadratic constraints
Variable types: 0 continuous, 10920 integer (10920 binary)
Coefficient statistics:
  Matrix range     [1e+00, 9e+02]
  QMatrix range    [5e+01, 2e+02]
  Objective range  [1e+01, 2e+02]
  Bounds range     [1e+00, 1e+00]
  RHS range        [1e+00, 1e+09]
  QRHS range       [1e+02, 6e+02]
Presolve removed 62039 rows and 8185 columns
Presolve time: 0.09s
Presolved: 20831 rows, 22398 columns, 129527 nonzeros
Variable types: 0 continuous, 22398 integer (22398 binary)
Performing another presolve...
Presolve removed 2053 rows and 2714 columns
Presolve time: 0.34s
Deterministic concurrent LP optimizer: primal and dual simplex
Showing primal log only...

Concurrent spin time: 0.01s

Solved with primal simplex

Root relaxation: objective 7.019313e+03, 2881 iterations, 0.31 seconds (0.34 work units)

    Nodes    |    Current Node    |     Objective Bounds      |     Work
 Expl Unexpl |  Obj  Depth IntInf | Incumbent    BestBd   Gap | It/Node Time

     0     0 7019.31279    0  201          - 7019.31279      -     -    0s
     0     0 7118.60684    0  224          - 7118.60684      -     -    1s
     0     0 7124.07067    0  217          - 7124.07067      -     -    1s
     0     0 7150.30973    0  266          - 7150.30973      -     -    2s
     0     0 7152.84662    0  273          - 7152.84662      -     -    2s
     0     0 7152.90252    0  269          - 7152.90252      -     -    2s
     0     0 7249.45080    0  268          - 7249.45080      -     -    3s
     0     0 7304.24443    0  275          - 7304.24443      -     -    4s
     0     0 7326.01962    0  295          - 7326.01962      -     -    4s
     0     0 7332.81181    0  314          - 7332.81181      -     -    5s
     0     0 7333.86803    0  323          - 7333.86803      -     -    5s
     0     0 7379.76857    0  320          - 7379.76857      -     -    6s
     0     0 7411.26518    0  321          - 7411.26518      -     -    6s
     0     0 7418.23849    0  368          - 7418.23849      -     -    7s
     0     0 7461.65768    0  328          - 7461.65768      -     -    8s
     0     0 7461.66291    0  316          - 7461.66291      -     -    8s
     0     0 7461.66291    0  312          - 7461.66291      -     -    8s
     0     2 7461.66793    0  311          - 7461.66793      -     -   10s
   205   240 7519.41757   13  284          - 7493.66051      -   165   15s
   412   437 7559.79296   19  267          - 7493.66051      -   172   20s
   642   669 7641.68676   23  255          - 7493.66051      -   172   25s
   920   947 7639.60412   30  279          - 7493.66051      -   172   30s
  1145  1114 7669.70618   33  275          - 7493.87681      -   168   35s
  1368  1347 7718.99404   37  228          - 7493.87681      -   164   40s
  1572  1509 7739.95750   40  258          - 7494.71992      -   162   46s
  1795  1734 7807.14223   44  233          - 7495.21046      -   161   50s
  2161  1984 8026.26066   57  179          - 7499.27801      -   158   55s
  2547  2328 7655.88256   19  205          - 7499.34245      -   158   60s
  3083  2676 7872.09134   35  175          - 7501.45785      -   157   66s
  3425  2786 8003.80047   70 9042          - 7503.78462      -   159   74s
  3427  2787 7707.80717   21  200          - 7503.78462      -   159   76s
  3434  2792 7616.90080   19  325          - 7503.78462      -   158   80s
  3447  2801 7642.30103   51  379          - 7538.08815      -   158   85s
  3468  2815 7666.12907   15  464          - 7579.13970      -   157   90s
  3481  2823 7902.40869   39  435          - 7613.24548      -   156   95s
  3498  2835 7637.87315   14  447          - 7637.87315      -   155  100s
  3514  2845 8515.08448   46  454          - 7649.22479      -   155  105s
  3530  2856 7887.86191   62  510          - 7661.31473      -   154  110s
  3543  2865 7665.71856   20  513          - 7665.71856      -   153  115s
  3556  2873 7851.14886   41  499          - 7673.23738      -   153  120s
  3572  2884 8129.65975   73  495          - 7680.59219      -   152  125s
  3584  2892 7958.68433   42  482          - 7687.81871      -   152  130s
  3593  2898 7696.36512   31  468          - 7696.36512      -   151  137s
  3604  2905 7698.16078   33  470          - 7698.16078      -   151  140s
  3621  2917 7728.63200   33  493          - 7701.24969      -   150  145s
  3636  2927 8027.70536   83  506          - 7702.96791      -   149  150s
  3649  2935 7705.28702   24  500          - 7705.28702      -   149  155s
  3664  2945 8008.51179   78  489          - 7705.82477      -   148  160s
  3680  2956 7706.77100   24  503          - 7706.77100      -   148  165s
  3687  2961 7802.01834   57  513          - 7707.51142      -   147  170s
  3704  2972 7712.82982   33  538          - 7712.82982      -   147  175s
  3720  2983 7786.01757   43  547          - 7714.11032      -   146  180s
  3729  2989 7714.37987   28  551          - 7714.37987      -   146  185s
  3743  2998 7714.68915   20  560          - 7714.68915      -   145  190s
  3752  3004 7714.78701   36  573          - 7714.78701      -   145  195s
  3757  3008 7714.78701    6  197          - 7714.78701      -   160  200s
  3762  3012 7787.96897   48  368          - 7716.82063      -   160  205s
  3769  3016 7719.74560   16  509          - 7719.74560      -   159  210s
  3781  3024 7902.40869   39  543          - 7719.74560      -   159  215s
  3794  3033 7719.74560   20  536          - 7719.74560      -   158  220s
  3803  3039 7719.74560   34  524          - 7719.74560      -   158  225s
  3806  3044 7722.80318   23  433          - 7719.77158      -   163  230s
  3820  3067 7751.54900   26  394          - 7732.02017      -   165  236s
  3858  3118 7767.11242   28  363          - 7734.55578      -   168  243s
  3899  3140 7770.56604   29  345          - 7734.56472      -   170  246s
  3935  3158 7777.65911   29  381          - 7734.56472      -   172  250s
  3998  3200 7894.45436   30  357          - 7734.56472      -   179  257s
  4030  3221 7772.98376   31  361          - 7734.56472      -   181  260s
  4064  3239 7825.17554   31  331          - 7734.56472      -   185  265s
  4127  3273 7793.63511   32  329          - 7734.56472      -   192  271s
  4154  3291 7778.42611   33  367          - 7734.56472      -   194  275s
  4205  3319 7787.15505   34  359          - 7734.56472      -   200  282s
  4228  3336 7817.88147   34  324          - 7734.56472      -   202  285s
  4281  3366 7787.50664   35  351          - 7734.56472      -   207  292s
  4308  3384 7788.59504   37  362          - 7734.56472      -   210  295s
  4375  3421 7797.84810   39  376          - 7734.56472      -   215  303s
  4410  3438 7798.37517   40  380          - 7734.56472      -   218  307s
  4448  3452 7800.03064   41  362          - 7734.56472      -   220  312s
  4485  3476 7855.79648   42  340          - 7734.56472      -   223  315s
  4531  3504 7894.44913   42  353          - 7734.56472      -   226  320s
  4630  3568 7864.89950   44  337          - 7734.56472      -   231  328s
  4685  3601 7899.66483   45  332          - 7734.56472      -   234  333s
  4744  3636 7896.01011   46  300          - 7734.56472      -   237  337s
  4803  3660 7892.48831   47  299          - 7734.56472      -   240  343s
  4854  3665 7908.58119   49  300          - 7734.56472      -   241  349s
  4886  3674 8070.87825   50  320          - 7734.56472      -   243  354s
  4914  3695 7943.99171   52  308          - 7734.56472      -   244  359s
  4946  3725 7964.51071   53  309          - 7734.56472      -   246  365s
  4993  3768 8001.95382   54  308          - 7734.56472      -   247  370s
  5054  3819 7975.38588   56  279          - 7734.56472      -   249  376s
  5143  3809 8061.96206   59  264          - 7734.56472      -   250  382s
  5167  3821 8004.83008   59  284          - 7734.56472      -   251  388s
  5191  3829 8013.17274   60  295          - 7734.56472      -   251  394s
  5219  3841 8051.44620   60  302          - 7734.56472      -   252  400s
  5250  3857 8018.07090   61  299          - 7734.56472      -   253  406s
  5304  3881 8069.64085   61  289          - 7734.56472      -   255  413s
  5384  3925 8176.32752   64  268          - 7747.81017      -   258  419s
  5491  3973 7766.19116   33  325          - 7747.81017      -   260  427s
  5603  4042 7773.03423   36  322          - 7747.81017      -   265  434s
  5754  4103 7792.84914   41  263          - 7747.81017      -   267  442s
  5917  4165 7817.60881   46  253          - 7747.81017      -   270  449s
  6102  4238 7821.11038   46  241          - 7747.81017      -   273  457s
  6280  4341 infeasible   54               - 7749.62372      -   277  465s
  6489  4420 7894.00877   59  259          - 7749.62372      -   280  473s
  6731  4535 7917.65791   66  228          - 7754.96688      -   283  481s
  6977  4590 7979.83735   71  222          - 7754.96688      -   287  490s
  7171  4546 8016.04176   86  209          - 7755.03652      -   289  499s
  7194  4558 8016.07718   87  205          - 7755.03652      -   289  509s
  7221  4624 infeasible   88               - 7755.03652      -   289  519s
  7332  4758 infeasible   86               - 7755.03652      -   290  528s
  7583  4875 7812.37216   33  400          - 7757.67277      -   293  537s
  7852  4984 7849.48647   39  372          - 7757.67277      -   296  547s
  8127  5104 7955.49833   43  291          - 7757.67277      -   300  557s
  8404  5177 7953.73613   47  322          - 7757.67277      -   304  568s
  8628  5345 7992.18471   49  280          - 7761.92290      -   307  579s
  8984  5426 8070.34605   60  299          - 7762.22363      -   309  590s
  9284  5598 infeasible   67               - 7762.22363      -   310  602s
  9646  5767 7926.14447   38  265          - 7762.22363      -   312  613s
  9998  5846 8017.62116   42  264          - 7762.22363      -   315  625s
 10383  5975 8178.06188   52  224          - 7762.22363      -   318  638s
 10762  6148 7829.50947   35  333          - 7765.24713      -   319  652s
 11126  6354 7941.15242   45  239          - 7765.24713      -   322  665s
 11573  6238 7975.85402   58  306          - 7765.60124      -   324  680s
 11610  6451 8009.80857   59  267          - 7765.60124      -   325  695s
 11950  6547 infeasible   65               - 7765.60124      -   327  710s
 12256  6814 7890.02446   37  298          - 7768.33365      -   329  725s
 12736  6922 8051.45102   48  281          - 7770.26668      -   330  741s
 13201  7085 7867.30506   43  286          - 7770.26668      -   333  758s
 13475  7418 7963.54701   58  282          - 7773.38227      -   335  775s
 13993  7751 7787.00060   32  349          - 7773.38227      -   337  792s
 14504  8070 7929.68969   47  252          - 7773.38227      -   340  811s
 14966  8243 7830.84303   34  312          - 7773.38227      -   341  831s
 15220  8656 7985.09984   34  313          - 7775.58124      -   342  850s
 15848  8896 7908.11844   44  266          - 7775.58124      -   345  872s
 16163  9238 8002.33939   47  236          - 7775.58124      -   345  887s

Cutting planes:
  Gomory: 3
  Cover: 55
  Implied bound: 1
  Clique: 24
  MIR: 173
  Knapsack: 8
  StrongCG: 49
  Flow cover: 310
  GUB cover: 12
  Zero half: 23
  RLT: 47
  Relax-and-lift: 95
  BQP: 2

Explored 16734 nodes (5821428 simplex iterations) in 887.41 seconds (736.67 work units)
Thread count was 22 (of 22 available processors)

Solution count 0

Time limit reached
Best objective -, best bound 7.776000000000e+03, gap -

User-callback calls 178148, time in user-callback 1.27 sec
Set parameter LogToConsole to value 0
