
Gurobi 13.0.0 (linux64) logging started Fri Jan  2 21:56:23 2026

Set parameter LogFile to value "../experiments/network-n_50_s_1_rp_0-app_set-id_44_19_apps/compact_model_gurobi.log"
Set parameter TimeLimit to value 900
Gurobi Optimizer version 13.0.0 build v13.0.0rc1 (linux64 - "Ubuntu 24.04.3 LTS")

CPU model: Intel(R) Core(TM) Ultra 7 165H, instruction set [SSE2|AVX|AVX2]
Thread count: 22 physical cores, 22 logical processors, using up to 22 threads

Non-default parameters:
TimeLimit  900
LogToConsole  0

Academic license 2539022 - for non-commercial use only - registered to al___@studenti.unimi.it
Optimize a model with 37693 rows, 6200 columns and 84139 nonzeros (Min)
Model fingerprint: 0xbcc7adc8
Model has 6200 linear objective coefficients
Model has 164 quadratic constraints
Variable types: 0 continuous, 6200 integer (6200 binary)
Coefficient statistics:
  Matrix range     [1e+00, 9e+02]
  QMatrix range    [5e+01, 2e+02]
  Objective range  [1e+01, 2e+02]
  Bounds range     [1e+00, 1e+00]
  RHS range        [1e+00, 1e+09]
  QRHS range       [1e+02, 6e+02]
Presolve removed 36265 rows and 3739 columns
Presolve time: 0.34s
Presolved: 24381 rows, 25252 columns, 156701 nonzeros
Variable types: 0 continuous, 25252 integer (25252 binary)
Deterministic concurrent LP optimizer: primal and dual simplex
Showing primal log only...

Concurrent spin time: 0.03s

Solved with dual simplex

Root relaxation: infeasible, 3473 iterations, 0.71 seconds (0.75 work units)

    Nodes    |    Current Node    |     Objective Bounds      |     Work
 Expl Unexpl |  Obj  Depth IntInf | Incumbent    BestBd   Gap | It/Node Time

     0     0 infeasible    0               - infeasible      -     -    2s

Explored 1 nodes (3473 simplex iterations) in 2.07 seconds (1.98 work units)
Thread count was 22 (of 22 available processors)

Solution count 0

Model is infeasible
Best objective -, best bound -, gap -

User-callback calls 861, time in user-callback 0.00 sec
