
Gurobi 13.0.0 (linux64) logging started Sat Jan  3 01:49:13 2026

Set parameter LogFile to value "../experiments/network-n_50_s_2_rp_0-app_set-id_43_19_apps/compact_model_gurobi.log"
Set parameter TimeLimit to value 900
Gurobi Optimizer version 13.0.0 build v13.0.0rc1 (linux64 - "Ubuntu 24.04.3 LTS")

CPU model: Intel(R) Core(TM) Ultra 7 165H, instruction set [SSE2|AVX|AVX2]
Thread count: 22 physical cores, 22 logical processors, using up to 22 threads

Non-default parameters:
TimeLimit  900
LogToConsole  0

Academic license 2539022 - for non-commercial use only - registered to al___@studenti.unimi.it
Optimize a model with 28964 rows, 6200 columns and 66562 nonzeros (Min)
Model fingerprint: 0x533b236d
Model has 6200 linear objective coefficients
Model has 162 quadratic constraints
Variable types: 0 continuous, 6200 integer (6200 binary)
Coefficient statistics:
  Matrix range     [1e+00, 9e+02]
  QMatrix range    [5e+01, 2e+02]
  Objective range  [1e+01, 2e+02]
  Bounds range     [1e+00, 1e+00]
  RHS range        [1e+00, 1e+09]
  QRHS range       [1e+02, 6e+02]
Presolve removed 27648 rows and 3767 columns
Presolve time: 0.36s
Presolved: 29965 rows, 30922 columns, 185543 nonzeros
Variable types: 0 continuous, 30922 integer (30922 binary)
Deterministic concurrent LP optimizer: primal and dual simplex
Showing primal log only...

Concurrent spin time: 0.00s

Solved with dual simplex

Root relaxation: objective 4.769356e+03, 3601 iterations, 1.06 seconds (0.97 work units)

    Nodes    |    Current Node    |     Objective Bounds      |     Work
 Expl Unexpl |  Obj  Depth IntInf | Incumbent    BestBd   Gap | It/Node Time

     0     0 4769.35573    0  306          - 4769.35573      -     -    2s
     0     0 4769.41267    0  305          - 4769.41267      -     -    2s
     0     0 4769.41434    0  306          - 4769.41434      -     -    2s
     0     0 5632.64344    0  339          - 5632.64344      -     -    4s
     0     0 5635.57421    0  344          - 5635.57421      -     -    4s
     0     0 infeasible    0               - infeasible      -     -    6s

Cutting planes:
  Gomory: 4
  Cover: 27
  Clique: 7
  MIR: 12
  Knapsack: 7
  StrongCG: 12
  GUB cover: 6
  Zero half: 3
  RLT: 36
  Relax-and-lift: 13
  BQP: 12

Explored 1 nodes (11938 simplex iterations) in 6.88 seconds (7.23 work units)
Thread count was 22 (of 22 available processors)

Solution count 0

Model is infeasible
Best objective -, best bound -, gap -

User-callback calls 1103, time in user-callback 0.00 sec
