
Gurobi 13.0.0 (linux64) logging started Wed Jan 14 19:44:34 2026

Set parameter LogFile to value "../experiments/network-n_60_s_2_rp_0-app_set-id_83_32_apps/compact_model_gurobi.log"
Set parameter TimeLimit to value 900
Gurobi Optimizer version 13.0.0 build v13.0.0rc1 (linux64 - "Ubuntu 24.04.3 LTS")

CPU model: Intel(R) Core(TM) Ultra 7 165H, instruction set [SSE2|AVX|AVX2]
Thread count: 22 physical cores, 22 logical processors, using up to 22 threads

Non-default parameters:
TimeLimit  900
LogToConsole  0

Academic license 2539022 - for non-commercial use only - registered to al___@studenti.unimi.it
Optimize a model with 68575 rows, 12480 columns and 154721 nonzeros (Min)
Model fingerprint: 0xfa4fc78f
Model has 12480 linear objective coefficients
Model has 190 quadratic constraints
Variable types: 0 continuous, 12480 integer (12480 binary)
Coefficient statistics:
  Matrix range     [1e+00, 9e+02]
  QMatrix range    [5e+01, 2e+02]
  Objective range  [1e+01, 2e+02]
  Bounds range     [1e+00, 1e+00]
  RHS range        [1e+00, 1e+09]
  QRHS range       [1e+02, 6e+02]
Presolve removed 65264 rows and 7074 columns
Presolve time: 0.19s
Presolved: 75445 rows, 77350 columns, 478529 nonzeros
Variable types: 0 continuous, 77350 integer (77350 binary)
Performing another presolve...
Presolve removed 2201 rows and 2377 columns
Presolve time: 0.85s
Deterministic concurrent LP optimizer: primal and dual simplex
Showing primal log only...

Concurrent spin time: 0.00s

Solved with dual simplex

Root relaxation: infeasible, 7982 iterations, 0.84 seconds (1.31 work units)

    Nodes    |    Current Node    |     Objective Bounds      |     Work
 Expl Unexpl |  Obj  Depth IntInf | Incumbent    BestBd   Gap | It/Node Time

     0     0 infeasible    0               - infeasible      -     -    2s

Explored 1 nodes (7982 simplex iterations) in 2.23 seconds (2.94 work units)
Thread count was 22 (of 22 available processors)

Solution count 0

Model is infeasible
Best objective -, best bound -, gap -

User-callback calls 376, time in user-callback 0.00 sec
