
Gurobi 13.0.0 (linux64) logging started Sun Jan  4 19:08:00 2026

Set parameter LogFile to value "../experiments/network-n_30_s_0_rp_0-app_set-id_43_19_apps/compact_model_gurobi.log"
Set parameter TimeLimit to value 900
Gurobi Optimizer version 13.0.0 build v13.0.0rc1 (linux64 - "Ubuntu 24.04.3 LTS")

CPU model: Intel(R) Core(TM) Ultra 7 165H, instruction set [SSE2|AVX|AVX2]
Thread count: 22 physical cores, 22 logical processors, using up to 22 threads

Non-default parameters:
TimeLimit  900
LogToConsole  0

Academic license 2539022 - for non-commercial use only - registered to al___@studenti.unimi.it
Optimize a model with 8467 rows, 3720 columns and 21977 nonzeros (Min)
Model fingerprint: 0xd964d9c8
Model has 3720 linear objective coefficients
Model has 98 quadratic constraints
Variable types: 0 continuous, 3720 integer (3720 binary)
Coefficient statistics:
  Matrix range     [1e+00, 9e+02]
  QMatrix range    [5e+01, 2e+02]
  Objective range  [1e+01, 2e+02]
  Bounds range     [1e+00, 1e+00]
  RHS range        [1e+00, 1e+09]
  QRHS range       [1e+02, 6e+02]
Presolve removed 7778 rows and 2292 columns
Presolve time: 0.07s
Presolved: 11373 rows, 12015 columns, 66251 nonzeros
Variable types: 0 continuous, 12015 integer (12015 binary)

Root relaxation: infeasible, 1594 iterations, 0.11 seconds (0.13 work units)

    Nodes    |    Current Node    |     Objective Bounds      |     Work
 Expl Unexpl |  Obj  Depth IntInf | Incumbent    BestBd   Gap | It/Node Time

     0     0 infeasible    0               - infeasible      -     -    0s

Explored 1 nodes (1594 simplex iterations) in 0.94 seconds (0.40 work units)
Thread count was 22 (of 22 available processors)

Solution count 0

Model is infeasible
Best objective -, best bound -, gap -

User-callback calls 586, time in user-callback 0.00 sec
