
Gurobi 13.0.0 (linux64) logging started Fri Jan  2 15:29:18 2026

Set parameter LogFile to value "../experiments/network-n_50_s_0_rp_0-app_set-id_65_26_apps/compact_model_gurobi.log"
Set parameter TimeLimit to value 900
Gurobi Optimizer version 13.0.0 build v13.0.0rc1 (linux64 - "Ubuntu 24.04.3 LTS")

CPU model: Intel(R) Core(TM) Ultra 7 165H, instruction set [SSE2|AVX|AVX2]
Thread count: 22 physical cores, 22 logical processors, using up to 22 threads

Non-default parameters:
TimeLimit  900
LogToConsole  0

Academic license 2539022 - for non-commercial use only - registered to al___@studenti.unimi.it
Optimize a model with 36999 rows, 8450 columns and 85587 nonzeros (Min)
Model fingerprint: 0x844da2ec
Model has 8450 linear objective coefficients
Model has 166 quadratic constraints
Variable types: 0 continuous, 8450 integer (8450 binary)
Coefficient statistics:
  Matrix range     [1e+00, 9e+02]
  QMatrix range    [5e+01, 2e+02]
  Objective range  [1e+01, 2e+02]
  Bounds range     [1e+00, 1e+00]
  RHS range        [1e+00, 1e+09]
  QRHS range       [1e+02, 6e+02]
Presolve removed 35109 rows and 5280 columns
Presolve time: 0.34s
Presolved: 34158 rows, 35276 columns, 207546 nonzeros
Variable types: 0 continuous, 35276 integer (35276 binary)
Deterministic concurrent LP optimizer: primal and dual simplex
Showing primal log only...

Concurrent spin time: 0.08s

Solved with dual simplex

Root relaxation: infeasible, 10111 iterations, 1.35 seconds (1.45 work units)

    Nodes    |    Current Node    |     Objective Bounds      |     Work
 Expl Unexpl |  Obj  Depth IntInf | Incumbent    BestBd   Gap | It/Node Time

     0     0 infeasible    0               - infeasible      -     -    2s

Explored 1 nodes (10111 simplex iterations) in 2.60 seconds (2.71 work units)
Thread count was 22 (of 22 available processors)

Solution count 0

Model is infeasible
Best objective -, best bound -, gap -

User-callback calls 788, time in user-callback 0.00 sec
