
Gurobi 13.0.0 (linux64) logging started Sat Jan  3 18:41:20 2026

Set parameter LogFile to value "../experiments/network-n_60_s_1_rp_0-app_set-id_39_18_apps/compact_model_gurobi.log"
Set parameter TimeLimit to value 900
Gurobi Optimizer version 13.0.0 build v13.0.0rc1 (linux64 - "Ubuntu 24.04.3 LTS")

CPU model: Intel(R) Core(TM) Ultra 7 165H, instruction set [SSE2|AVX|AVX2]
Thread count: 22 physical cores, 22 logical processors, using up to 22 threads

Non-default parameters:
TimeLimit  900
LogToConsole  0

Academic license 2539022 - for non-commercial use only - registered to al___@studenti.unimi.it
Optimize a model with 47222 rows, 7020 columns and 104245 nonzeros (Min)
Model fingerprint: 0x95338e21
Model has 7020 linear objective coefficients
Model has 206 quadratic constraints
Variable types: 0 continuous, 7020 integer (7020 binary)
Coefficient statistics:
  Matrix range     [1e+00, 9e+02]
  QMatrix range    [6e+01, 2e+02]
  Objective range  [1e+01, 2e+02]
  Bounds range     [1e+00, 1e+00]
  RHS range        [1e+00, 1e+09]
  QRHS range       [1e+02, 6e+02]
Presolve removed 45560 rows and 4208 columns
Presolve time: 0.46s
Presolved: 35179 rows, 36094 columns, 228619 nonzeros
Variable types: 0 continuous, 36094 integer (36094 binary)
Deterministic concurrent LP optimizer: primal and dual simplex
Showing primal log only...

Concurrent spin time: 0.03s

Solved with dual simplex

Root relaxation: objective 4.360433e+03, 2997 iterations, 0.52 seconds (0.66 work units)

    Nodes    |    Current Node    |     Objective Bounds      |     Work
 Expl Unexpl |  Obj  Depth IntInf | Incumbent    BestBd   Gap | It/Node Time

     0     0 4360.43313    0  229          - 4360.43313      -     -    1s
     0     0 4360.82799    0  252          - 4360.82799      -     -    1s
     0     0 4393.02671    0  289          - 4393.02671      -     -    2s
     0     0 4394.66141    0  287          - 4394.66141      -     -    2s
     0     0 4422.44836    0  312          - 4422.44836      -     -    3s
     0     0 4437.39572    0  321          - 4437.39572      -     -    3s
     0     0 4440.94182    0  299          - 4440.94182      -     -    3s
     0     0 4441.30031    0  328          - 4441.30031      -     -    3s
     0     0 4441.31985    0  304          - 4441.31985      -     -    3s
     0     0 4478.14255    0  366          - 4478.14255      -     -    4s
     0     0 4495.22885    0  360          - 4495.22885      -     -    5s
     0     0 4502.30075    0  369          - 4502.30075      -     -    5s
     0     0 4504.47615    0  425          - 4504.47615      -     -    5s
     0     0 4505.44109    0  446          - 4505.44109      -     -    6s
     0     0 4537.38561    0  372          - 4537.38561      -     -    7s
     0     0 4546.42114    0  420          - 4546.42114      -     -    7s
     0     0 4547.56666    0  410          - 4547.56666      -     -    7s
     0     0 4558.59628    0  425          - 4558.59628      -     -    8s
     0     0 4562.24387    0  434          - 4562.24387      -     -    9s
     0     0 4567.04373    0  372          - 4567.04373      -     -    9s
     0     0 4567.04927    0  364          - 4567.04927      -     -    9s
     0     0 4567.04927    0  363          - 4567.04927      -     -    9s
     0     2 4567.06222    0  352          - 4567.06222      -     -   11s
    53   106 4576.62895    6  323          - 4575.48635      -   330   15s
   261   291 4584.22605   12  348          - 4575.48635      -   250   20s
   494   508 4590.63388   22  300          - 4575.48635      -   247   33s
   538   552 4607.37654   24  293          - 4575.48635      -   238   35s
   679   694 4601.37687   30  263          - 4575.48635      -   233   40s
H  781   799                    5331.0000000 4575.48635  14.2%   234   43s
H  801   799                    5207.0000000 4575.48635  12.1%   235   43s
H  807   856                    5204.0000000 4575.48635  12.1%   236   44s
   864   927 4620.72794   33  253 5204.00000 4575.48635  12.1%   239   45s
H  946   995                    5133.0000000 4575.48635  10.9%   236   47s
H 1015  1080                    5132.0000000 4575.48635  10.8%   232   48s
H 1099  1160                    5090.0000000 4575.48635  10.1%   227   49s
  1177  1234 4651.56449   42  235 5090.00000 4575.48635  10.1%   225   50s
H 1199  1234                    5085.0000000 4575.48635  10.0%   224   50s
H 1314  1301                    5076.0000000 4575.48635  9.86%   223   51s
H 1417  1473                    4978.0000000 4575.48635  8.09%   220   54s
H 1517  1504                    4977.0000000 4575.48635  8.07%   217   56s
H 1526  1498                    4906.0000000 4575.48635  6.74%   218   56s
H 1571  1534                    4874.0000000 4575.58512  6.12%   225   58s
  1606  1594 4697.73439   57  249 4874.00000 4575.58512  6.12%   232   60s
  1841  1824 4716.99196   67  212 4874.00000 4575.77369  6.12%   235   65s
H 1980  1914                    4863.0000000 4575.77369  5.91%   232   67s
  2024  2024 4751.38670   76  235 4863.00000 4575.77369  5.91%   233   70s
  2417  2393 4814.77287   97  233 4863.00000 4575.77369  5.91%   229   76s
H 2695  2460                    4862.0000000 4576.80784  5.87%   227   79s
  2700  2537 4620.00882   11  417 4862.00000 4576.80784  5.87%   227   82s
H 2735  2537                    4861.0000000 4576.80784  5.85%   227   82s
  2781  2670 4627.93108   14  345 4861.00000 4576.80784  5.85%   227   85s
  3145  2917 4647.94987   21  308 4861.00000 4576.80784  5.85%   224   91s
H 3304  2932                    4860.0000000 4576.80784  5.83%   225   93s
  3324  2933 4616.31825   10 16261 4860.00000 4576.80784  5.83%   225  107s
  3326  2934 4762.98864   96  284 4860.00000 4576.80784  5.83%   225  112s
  3329  2936 4789.56269   86  381 4860.00000 4576.80784  5.83%   225  115s
  3333  2939 4804.11617   66  509 4860.00000 4582.26914  5.71%   225  120s
  3349  2950 4707.35392   51  520 4860.00000 4594.94304  5.45%   223  125s
  3363  2959 4637.57891   38  517 4860.00000 4601.42702  5.32%   223  130s
  3378  2969 4607.02812   15  549 4860.00000 4607.02812  5.21%   222  135s
  3394  2980 4828.24105   50  554 4860.00000 4609.37356  5.16%   220  140s
H 3412  2840                    4857.0000000 4611.13589  5.06%   219  146s
  3425  2848 4706.59450   45  602 4857.00000 4611.95200  5.05%   218  150s
  3435  2855 4718.56581   74  598 4857.00000 4613.27642  5.02%   218  155s
  3448  2864 4637.75375   25  643 4857.00000 4615.86374  4.96%   217  160s
  3462  2873 4617.91661   31  595 4857.00000 4617.91661  4.92%   216  165s
  3471  2879 4618.13216    8  608 4857.00000 4618.13216  4.92%   216  170s
  3483  2887 4794.26956   55  617 4857.00000 4618.26388  4.92%   215  181s
  3486  2889 4636.85241   38  600 4857.00000 4618.26388  4.92%   215  185s
  3490  2893 4643.75792   30 16230 4857.00000 4618.26388  4.92%   227  191s
  3492  2894 4766.05801   30  282 4857.00000 4618.26388  4.92%   227  196s
  3495  2896 4650.15691   34  414 4857.00000 4618.26388  4.92%   227  201s
  3498  2898 4620.36808   18  536 4857.00000 4620.36808  4.87%   227  205s
  3510  2906 4679.98582   19  570 4857.00000 4620.36808  4.87%   226  210s
  3521  2914 4763.27887   67  579 4857.00000 4620.36808  4.87%   225  215s
  3532  2921 4718.64828   14  584 4857.00000 4620.36808  4.87%   225  220s
  3544  2929 4629.75078   30  646 4857.00000 4620.36808  4.87%   224  225s
  3557  2938 4696.99962   36  576 4857.00000 4620.36808  4.87%   223  230s
  3569  2946 4829.46228   91  574 4857.00000 4621.37856  4.85%   222  235s
  3583  2955 4794.26956   55  623 4857.00000 4622.72185  4.82%   222  241s
  3591  2960 4800.90117   49  654 4857.00000 4623.18876  4.81%   221  245s
  3605  2970 4656.35780   11  637 4857.00000 4623.38164  4.81%   220  250s
  3616  2977 4623.68496   21  605 4857.00000 4623.68496  4.80%   220  257s
  3622  2981 4705.57805   43  638 4857.00000 4624.16488  4.79%   219  260s
  3632  2988 4718.64828   14  600 4857.00000 4624.16488  4.79%   219  266s
  3633  2988 4804.11617   66  600 4857.00000 4624.16660  4.79%   218  270s
  3636  2995 4628.68615   27  626 4857.00000 4624.43672  4.79%   229  276s
  3640  3002 4629.38881   28  654 4857.00000 4626.37741  4.75%   230  280s
  3648  3015 4632.44201   29  539 4857.00000 4627.51814  4.72%   231  286s
  3664  3032 4660.89350   30  597 4857.00000 4629.48694  4.68%   240  295s
  3686  3058 4661.96981   31  595 4857.00000 4630.70661  4.66%   246  305s
  3720  3088 4699.06726   32  575 4857.00000 4630.70688  4.66%   251  314s
  3763  3118 4708.64885   33  574 4857.00000 4630.70688  4.66%   257  324s
  3809  3143 4665.96341   34  561 4857.00000 4630.70688  4.66%   265  332s
  3853  3162 4671.94798   35  557 4857.00000 4630.70688  4.66%   270  340s
  3893  3187 4682.02644   35  559 4857.00000 4630.70688  4.66%   274  350s
  3936  3201 4672.29986   36  565 4857.00000 4632.64640  4.62%   278  360s
  3965  3227 4695.00733   36  564 4857.00000 4632.64640  4.62%   282  366s
  4002  3252 4672.73673   37  562 4857.00000 4632.64640  4.62%   287  373s
  4044  3275 4674.18576   38  546 4857.00000 4632.64640  4.62%   294  378s
  4082  3289 4675.53886   39  568 4857.00000 4632.64640  4.62%   298  384s
H 4084  3136                    4832.0000000 4632.64640  4.13%   299  384s
  4109  3168 4736.05694   39  469 4832.00000 4632.64640  4.13%   303  390s
  4159  3202 4682.76628   40  571 4832.00000 4637.43113  4.03%   309  397s
  4212  3233 4679.90456   41  567 4832.00000 4637.43113  4.03%   315  403s
  4268  3263 4680.55052   42  554 4832.00000 4637.43113  4.03%   320  410s
  4323  3295 4681.69837   43  541 4832.00000 4637.43113  4.03%   326  416s
  4376  3332 4691.03405   44  489 4832.00000 4637.43113  4.03%   332  423s
  4440  3370 4683.04346   45  536 4832.00000 4637.43113  4.03%   336  430s
  4501  3413 4688.99935   46  498 4832.00000 4637.43113  4.03%   341  436s
  4565  3452 4687.46400   47  456 4832.00000 4637.43113  4.03%   344  443s
  4630  3491 4729.29502   48  458 4832.00000 4637.43113  4.03%   348  449s
  4701  3527 4687.78158   48  470 4832.00000 4639.54968  3.98%   351  458s
  4766  3570 4696.15100   49  510 4832.00000 4640.54398  3.96%   356  466s
  4834  3616 4705.93271   50  484 4832.00000 4640.54398  3.96%   361  474s
  4915  3658 4699.52273   51  439 4832.00000 4640.54398  3.96%   365  481s
  4990  3689 4721.83541   53  461 4832.00000 4640.54398  3.96%   369  490s
  5052  3757 4703.68050   55  466 4832.00000 4640.54398  3.96%   374  498s
  5143  3792 4709.24690   57  497 4832.00000 4640.54398  3.96%   377  507s
  5211  3864 4710.78088   58  531 4832.00000 4640.54398  3.96%   381  516s
  5316  3944 4741.73974   59  476 4832.00000 4640.54398  3.96%   386  525s
  5450  4030 4719.13098   61  450 4832.00000 4642.78449  3.92%   388  535s
H 5516  3859                    4826.0000000 4642.78449  3.80%   390  535s
  5606  3948 4724.30886   63  425 4826.00000 4642.78449  3.80%   390  547s
  5796  3983 4760.58920   65  424 4826.00000 4642.78449  3.80%   391  558s
  5945  4056 4744.40391   66  391 4826.00000 4642.78449  3.80%   392  568s
  6153  4125 4752.21719   71  414 4826.00000 4642.78449  3.80%   394  579s
  6385  4181 4790.85266   74  381 4826.00000 4642.78449  3.80%   396  593s
  6562  4304 4773.15981   78  393 4826.00000 4642.78449  3.80%   399  607s
  6830  4416 4788.88378   88  341 4826.00000 4642.78449  3.80%   398  620s
  7103  4479 4669.15207   32  363 4826.00000 4644.70008  3.76%   399  636s
  7336  4576 4699.32748   37  379 4826.00000 4644.70008  3.76%   400  649s
  7586  4547 4784.93686   51  268 4826.00000 4644.70008  3.76%   402  661s
  7654  4651 4819.62067   57  231 4826.00000 4646.44577  3.72%   404  674s
  7802  4632 4688.62586   40  370 4826.00000 4646.44577  3.72%   406  687s
H 7827  4450                    4819.0000000 4646.44577  3.58%   406  687s
  7832  4683 4690.16453   41  441 4819.00000 4646.44577  3.58%   406  701s
H 8127  4473                    4817.0000000 4649.62111  3.47%   406  717s
  8189  4737 4717.88657   51  350 4817.00000 4649.62111  3.47%   407  735s
  8580  4770 4811.34333   77  245 4817.00000 4650.22653  3.46%   404  752s
  8828  4956 4698.70615   35  349 4817.00000 4650.73926  3.45%   407  768s
  9129  5080 4738.71269   49  310 4817.00000 4650.73926  3.45%   408  786s
  9354  5364 4771.01631   58  390 4817.00000 4651.01792  3.45%   409  809s
  9824  5454 4704.17015   40  420 4817.00000 4651.01792  3.45%   408  831s
 10179  5607 4763.83200   51  324 4817.00000 4651.01792  3.45%   410  854s
 10392  5536 4784.61239   59  378 4817.00000 4651.01792  3.45%   410  855s
 10544  5778 4682.01463   40  352 4817.00000 4651.01792  3.45%   411  880s
 10969  5823 4766.77741   66  369 4817.00000 4651.01792  3.45%   413  900s

Cutting planes:
  Gomory: 9
  Lift-and-project: 2
  Cover: 419
  Implied bound: 1
  Clique: 78
  MIR: 440
  Knapsack: 8
  StrongCG: 252
  Flow cover: 622
  GUB cover: 43
  Zero half: 76
  Mod-K: 2
  RLT: 201
  Relax-and-lift: 182
  BQP: 55

Explored 11235 nodes (4671825 simplex iterations) in 900.17 seconds (1005.10 work units)
Thread count was 22 (of 22 available processors)

Solution count 10: 4817 4819 4826 ... 4874

Time limit reached
Best objective 4.817000000000e+03, best bound 4.652000000000e+03, gap 3.4254%

User-callback calls 152668, time in user-callback 0.79 sec
