FIXINGS_START
(1, 0, 0)
(2, 7, 0)
(2, 8, 0)
(3, 0, 0)
(3, 9, 0)
(4, 5, 0)
(5, 0, 0)
(5, 6, 0)
(6, 0, 0)
(6, 7, 0)
(7, 3, 0)
(8, 0, 0)
(8, 6, 0)
(9, 0, 0)
(9, 4, 0)
(11, 6, 0)
(11, 7, 0)
(12, 0, 0)
(12, 4, 0)
(13, 0, 0)
(14, 0, 0)
(14, 6, 0)
(15, 4, 0)
(17, 0, 0)
(17, 6, 0)
(9, 1, 0)
(9, 2, 0)
(12, 1, 32)
(17, 3, 3)
(17, 7, 0)
(12, 2, 32)
(12, 5, 0)
(16, 0, 0)
(16, 1, 0)
(0, 0, 0)
(16, 3, 0)
(3, 1, 0)
(4, 1, 0)
(8, 3, 36)
(14, 1, 0)
(14, 3, 0)
(15, 0, 34)
(14, 4, 0)
(6, 5, 0)
(0, 1, 0)
(10, 0, 0)
(7, 2, 0)
(0, 2, 0)
(15, 1, 30)
(14, 5, 38)
(4, 0, 10)
(4, 2, 2)
(2, 0, 28)
FIXINGS_END
found_sol 5113.0 time 9.593
found_sol 5103.0 time 10.385
found_sol 5101.0 time 10.387
found_sol 5068.0 time 10.832
found_sol 4993.0 time 11.557
found_sol 4961.0 time 23.003
found_sol 4961.0 time 40.708
found_sol 4993.0 time 40.710
found_sol 5068.0 time 40.713
found_sol 4939.0 time 84.267
found_sol 4931.0 time 97.223
time 214.866
GUROBI
Status OPTIMAL
Runtime 214.86568999290466
NodeCount 13262.0
IterCount 1829790.0
NumVars 7020
NumConstrs 47275
ObjBound 4931.0
ObjBoundC 4931.0
ObjVal 4931.0
MIPGap 0.0
