FIXINGS_START
(1, 0, 0)
(2, 7, 0)
(2, 8, 0)
(3, 0, 0)
(3, 9, 0)
(4, 5, 0)
(5, 0, 0)
(5, 6, 0)
(6, 0, 0)
(6, 7, 0)
(7, 3, 0)
(8, 0, 0)
(8, 6, 0)
(9, 0, 0)
(9, 4, 0)
(11, 6, 0)
(11, 7, 0)
(12, 0, 0)
(12, 4, 0)
(13, 0, 0)
(14, 0, 0)
(14, 6, 0)
(15, 4, 0)
(17, 0, 0)
(17, 6, 0)
(9, 1, 0)
(9, 2, 0)
(12, 1, 32)
(17, 3, 3)
(17, 7, 0)
(12, 2, 32)
(12, 5, 0)
(16, 0, 0)
(16, 1, 0)
(0, 0, 0)
(16, 3, 0)
(3, 1, 0)
(4, 1, 0)
(8, 3, 36)
(14, 1, 0)
(14, 3, 0)
(15, 0, 34)
(14, 4, 0)
(6, 5, 0)
(0, 1, 0)
(10, 0, 0)
(7, 2, 0)
(0, 2, 0)
(15, 1, 30)
(14, 5, 38)
(4, 0, 10)
(4, 2, 2)
(2, 0, 28)
(14, 7, 0)
(4, 3, 0)
(13, 2, 0)
(8, 4, 0)
(2, 2, 0)
(15, 2, 0)
(13, 4, 0)
(8, 5, 0)
(14, 8, 0)
FIXINGS_END
found_sol 5488.0 time 1.527
found_sol 5483.0 time 1.529
found_sol 5347.0 time 5.757
found_sol 5260.0 time 5.759
found_sol 5238.0 time 5.760
found_sol 5232.0 time 5.762
found_sol 5229.0 time 6.550
found_sol 5228.0 time 6.552
found_sol 5208.0 time 7.183
found_sol 5204.0 time 7.645
found_sol 5158.0 time 11.598
found_sol 5121.0 time 11.600
found_sol 5098.0 time 12.522
found_sol 5063.0 time 12.526
found_sol 4986.0 time 12.527
found_sol 4959.0 time 18.164
found_sol 4951.999999999894 time 33.000
found_sol 4950.0 time 35.297
time 63.880
GUROBI
Status OPTIMAL
Runtime 63.88012409210205
NodeCount 13456.0
IterCount 1322060.0
NumVars 7020
NumConstrs 47284
ObjBound 4950.0
ObjBoundC 4950.0
ObjVal 4950.0
MIPGap 0.0
