FIXINGS_START
(1, 0, 0)
(2, 7, 0)
(2, 8, 0)
(3, 0, 0)
(3, 9, 0)
(4, 5, 0)
(5, 0, 0)
(5, 6, 0)
(6, 0, 0)
(6, 7, 0)
(7, 3, 0)
(8, 0, 0)
(8, 6, 0)
(9, 0, 0)
(9, 4, 0)
(11, 6, 0)
(11, 7, 0)
(12, 0, 0)
(12, 4, 0)
(13, 0, 0)
(14, 0, 0)
(14, 6, 0)
(15, 4, 0)
(17, 0, 0)
(17, 6, 0)
(4, 1, 0)
(3, 1, 0)
(12, 5, 0)
(3, 4, 0)
(6, 5, 0)
(0, 0, 0)
(11, 0, 0)
(0, 1, 0)
(15, 2, 0)
(7, 0, 28)
(16, 0, 0)
(16, 1, 0)
(16, 3, 0)
(6, 6, 10)
(10, 0, 0)
(7, 1, 15)
(9, 1, 0)
(5, 1, 0)
(3, 6, 0)
(8, 4, 0)
(0, 2, 0)
(14, 1, 0)
(5, 2, 36)
(8, 5, 0)
(5, 3, 0)
(4, 2, 2)
(4, 3, 0)
(14, 3, 0)
FIXINGS_END
found_sol 5345.0 time 2.057
found_sol 5344.0 time 2.058
found_sol 5312.0 time 3.577
found_sol 5307.0 time 4.222
found_sol 5093.0 time 4.919
found_sol 5087.0 time 7.369
found_sol 5069.0 time 9.878
found_sol 5044.0 time 10.686
found_sol 5007.0 time 10.688
found_sol 4990.0 time 13.412
found_sol 4974.0 time 13.415
found_sol 4973.0 time 17.064
found_sol 4974.0 time 40.560
found_sol 4990.0 time 40.562
found_sol 4951.0 time 95.098
found_sol 4936.0 time 97.217
found_sol 4920.0 time 97.220
found_sol 4919.0 time 334.152
found_sol 4913.0 time 334.154
found_sol 4912.0 time 411.323
found_sol 4912.0 time 842.838
time 842.848
GUROBI
Status TIME_LIMIT
Runtime 842.8481619358063
NodeCount 52503.0
IterCount 11742788.0
NumVars 7020
NumConstrs 47275
ObjBound 4838.0
ObjBoundC 4837.067913259757
ObjVal 4912.0
MIPGap 0.01506514657980456
