
Gurobi 13.0.0 (linux64) logging started Sun Jan 18 01:44:29 2026

Set parameter LogFile to value "../experiments/network-n_60_s_1_rp_0-app_set-id_39_18_apps/submip_30_epr0_model_gurobi.log"
Set parameter TimeLimit to value 8.9482998258000589e+02
Gurobi Optimizer version 13.0.0 build v13.0.0rc1 (linux64 - "Ubuntu 24.04.3 LTS")

CPU model: Intel(R) Core(TM) Ultra 7 165H, instruction set [SSE2|AVX|AVX2]
Thread count: 22 physical cores, 22 logical processors, using up to 22 threads

Non-default parameters:
TimeLimit  8.9482998258000589e+02
LogToConsole  0

Academic license 2539022 - for non-commercial use only - registered to al___@studenti.unimi.it
Optimize a model with 47275 rows, 7020 columns and 104298 nonzeros (Min)
Model fingerprint: 0x85f0e90f
Model has 7020 linear objective coefficients
Model has 206 quadratic constraints
Variable types: 0 continuous, 7020 integer (7020 binary)
Coefficient statistics:
  Matrix range     [1e+00, 9e+02]
  QMatrix range    [6e+01, 2e+02]
  Objective range  [1e+01, 2e+02]
  Bounds range     [1e+00, 1e+00]
  RHS range        [1e+00, 1e+09]
  QRHS range       [1e+02, 6e+02]
Presolve removed 46669 rows and 5532 columns
Presolve time: 0.18s
Presolved: 13453 rows, 14136 columns, 84663 nonzeros
Variable types: 0 continuous, 14136 integer (14136 binary)

Root relaxation: objective 4.506562e+03, 1269 iterations, 0.12 seconds (0.16 work units)

    Nodes    |    Current Node    |     Objective Bounds      |     Work
 Expl Unexpl |  Obj  Depth IntInf | Incumbent    BestBd   Gap | It/Node Time

     0     0 4506.56235    0  170          - 4506.56235      -     -    0s
     0     0 4506.56819    0  168          - 4506.56819      -     -    0s
     0     0 4599.87528    0  188          - 4599.87528      -     -    1s
     0     0 4635.57176    0  200          - 4635.57176      -     -    2s
     0     0 4636.72600    0  194          - 4636.72600      -     -    2s
     0     0 4636.81291    0  196          - 4636.81291      -     -    2s
     0     0 4680.53789    0  222          - 4680.53789      -     -    2s
     0     0 4693.65326    0  264          - 4693.65326      -     -    3s
     0     0 4701.27756    0  250          - 4701.27756      -     -    3s
     0     0 4702.31609    0  268          - 4702.31609      -     -    3s
     0     0 4722.22292    0  253          - 4722.22292      -     -    3s
     0     0 4735.85974    0  260          - 4735.85974      -     -    4s
     0     0 4740.67672    0  303          - 4740.67672      -     -    4s
     0     0 4753.33881    0  293          - 4753.33881      -     -    5s
     0     0 4753.36964    0  292          - 4753.36964      -     -    5s
     0     0 4753.36964    0  286          - 4753.36964      -     -    5s
     0     2 4753.39047    0  282          - 4753.39047      -     -    5s
H  300   295                    5113.0000000 4769.58108  6.72%   169    9s
   305   331 5064.39821   15  156 5113.00000 4769.58108  6.72%   169   10s
H  347   371                    5103.0000000 4769.58108  6.53%   166   10s
H  363   371                    5101.0000000 4769.58108  6.50%   165   10s
H  383   393                    5068.0000000 4769.58108  5.89%   162   10s
H  464   479                    4993.0000000 4769.58108  4.47%   153   11s
   852   766 4921.59017    9  194 4993.00000 4769.58108  4.47%   138   15s
  1410  1133 4961.82382   13  191 4993.00000 4793.44925  4.00%   128   20s
H 1572  1232                    4961.0000000 4793.44925  3.38%   126   23s
  1859  1328 4852.05178   13  199 4961.00000 4800.96077  3.23%   122   25s
  2580  1710 4941.61777   18  179 4961.00000 4802.18606  3.20%   118   30s
  3417  2182 4884.41872   16  128 4961.00000 4810.53923  3.03%   114   36s
  3572  2183 4870.74622   10 6017 4961.00000 4810.53923  3.03%   114   40s
  3586  2192 4945.38828   39  311 4961.00000 4810.53923  3.03%   114   45s
  3618  2214 4852.21536   12  396 4961.00000 4810.53923  3.03%   113   50s
  3638  2227 4870.50973   14  403 4961.00000 4810.53923  3.03%   112   55s
  3662  2243 4849.96047   16  389 4961.00000 4810.53923  3.03%   111   60s
  3690  2262 4888.33881   11  390 4961.00000 4810.53923  3.03%   110   65s
  3708  2274 4887.22975   17  427 4961.00000 4810.53923  3.03%   110   70s
  3721  2282 4909.36571   22  411 4961.00000 4810.53923  3.03%   109   75s
  3752  2326 4822.23305   18  348 4961.00000 4810.53923  3.03%   118   82s
H 3801  2234                    4939.0000000 4810.53923  2.60%   123   84s
  3815  2261 4882.87894   20  265 4939.00000 4810.53923  2.60%   124   86s
  3915  2285 4861.39976   21  296 4939.00000 4817.60801  2.46%   129   90s
  4025  2305 4884.93739   23  260 4939.00000 4824.03309  2.33%   132   95s
H 4091  2200                    4931.0000000 4824.22275  2.17%   134   97s
  4171  2219     cutoff   25      4931.00000 4824.22275  2.17%   136  100s
  4288  2216     cutoff   30      4931.00000 4829.32075  2.06%   138  105s
  4420  2206 4866.50672   21  230 4931.00000 4836.81218  1.91%   139  111s
  4608  2230     cutoff   27      4931.00000 4837.32426  1.90%   140  116s
  4721  2236 4871.75120   27  115 4931.00000 4841.72281  1.81%   141  120s
  4929  2273 4913.72763   35   87 4931.00000 4846.03240  1.72%   143  126s
  5133  2265 4903.31397   19  220 4931.00000 4850.37412  1.64%   144  130s
  5387  2298 4864.73272   21  254 4931.00000 4851.59352  1.61%   144  135s
  5861  2308 4926.34313   44  107 4931.00000 4861.06978  1.42%   146  142s
  6070  2249 4924.17662   29  195 4931.00000 4863.32627  1.37%   146  145s
  6468  2175 4909.32691   35  151 4931.00000 4866.98434  1.30%   146  150s
  6831  2184 4898.73213   24  234 4931.00000 4871.91505  1.20%   147  155s
  7131  2130 4929.49407   29  195 4931.00000 4874.32933  1.15%   146  161s
  7531  2037 4922.47232   30   90 4931.00000 4878.24516  1.07%   146  167s
  7820  1964 4920.67656   32  171 4931.00000 4878.82554  1.06%   146  170s
  8460  1800 4920.95040   32  191 4931.00000 4883.59062  0.96%   145  177s
  8819  1680 4914.12590   25  229 4931.00000 4885.17651  0.93%   145  180s
  9400  1509 4916.39696   32  164 4931.00000 4888.17880  0.87%   144  187s
  9769  1353 4910.52165   32  156 4931.00000 4888.89290  0.85%   144  191s
 10188  1205 infeasible   28      4931.00000 4893.54990  0.76%   144  195s
 11006   991     cutoff   26      4931.00000 4898.72073  0.65%   143  203s
 11497   771 4922.32462   33  193 4931.00000 4901.99087  0.59%   143  207s
 12023   397 4926.38076   34  110 4931.00000 4905.68031  0.51%   142  211s

Cutting planes:
  Gomory: 1
  Lift-and-project: 3
  Cover: 261
  Clique: 52
  MIR: 194
  Knapsack: 12
  StrongCG: 97
  Flow cover: 232
  GUB cover: 22
  Zero half: 66
  RLT: 179
  Relax-and-lift: 60
  BQP: 17

Explored 13262 nodes (1829790 simplex iterations) in 214.86 seconds (134.91 work units)
Thread count was 22 (of 22 available processors)

Solution count 8: 4931 4939 4961 ... 5113

Optimal solution found (tolerance 1.00e-04)
Best objective 4.931000000000e+03, best bound 4.931000000000e+03, gap 0.0000%

User-callback calls 50001, time in user-callback 0.24 sec
Set parameter LogToConsole to value 0
