
Gurobi 13.0.0 (linux64) logging started Thu Jan 15 05:23:19 2026

Set parameter LogFile to value "../experiments/network-n_50_s_0_rp_0-app_set-id_47_20_apps/submip_30_epr0_model_gurobi.log"
Set parameter TimeLimit to value 8.9572583588999987e+02
Gurobi Optimizer version 13.0.0 build v13.0.0rc1 (linux64 - "Ubuntu 24.04.3 LTS")

CPU model: Intel(R) Core(TM) Ultra 7 165H, instruction set [SSE2|AVX|AVX2]
Thread count: 22 physical cores, 22 logical processors, using up to 22 threads

Non-default parameters:
TimeLimit  8.9572583588999987e+02
LogToConsole  0

Academic license 2539022 - for non-commercial use only - registered to al___@studenti.unimi.it
Optimize a model with 28688 rows, 6500 columns and 66227 nonzeros (Min)
Model fingerprint: 0xffe3813e
Model has 6500 linear objective coefficients
Model has 166 quadratic constraints
Variable types: 0 continuous, 6500 integer (6500 binary)
Coefficient statistics:
  Matrix range     [1e+00, 9e+02]
  QMatrix range    [5e+01, 2e+02]
  Objective range  [1e+01, 2e+02]
  Bounds range     [1e+00, 1e+00]
  RHS range        [1e+00, 1e+09]
  QRHS range       [1e+02, 6e+02]
Presolve removed 28194 rows and 5221 columns
Presolve time: 0.07s
Presolved: 7526 rows, 8152 columns, 46039 nonzeros
Variable types: 0 continuous, 8152 integer (8152 binary)

Root relaxation: objective 4.899586e+03, 1533 iterations, 0.09 seconds (0.14 work units)

    Nodes    |    Current Node    |     Objective Bounds      |     Work
 Expl Unexpl |  Obj  Depth IntInf | Incumbent    BestBd   Gap | It/Node Time

     0     0 4899.58629    0  152          - 4899.58629      -     -    0s
     0     0 4963.93475    0  200          - 4963.93475      -     -    1s
     0     0 4999.30524    0  201          - 4999.30524      -     -    1s
     0     0 5001.09413    0  189          - 5001.09413      -     -    1s
     0     0 5001.31096    0  212          - 5001.31096      -     -    1s
     0     0 5043.67472    0  248          - 5043.67472      -     -    1s
     0     0 5058.35973    0  251          - 5058.35973      -     -    1s
     0     0 5061.96684    0  253          - 5061.96684      -     -    1s
     0     0 5062.54807    0  267          - 5062.54807      -     -    1s
     0     0 5096.06940    0  273          - 5096.06940      -     -    2s
     0     0 5106.19575    0  265          - 5106.19575      -     -    2s
     0     0 5108.72270    0  291          - 5108.72270      -     -    2s
     0     0 5115.53925    0  281          - 5115.53925      -     -    2s
     0     0 5115.56564    0  278          - 5115.56564      -     -    2s
     0     0 5115.56564    0  267          - 5115.56564      -     -    2s
     0     2 5115.56956    0  259          - 5115.56956      -     -    3s
   285   312 5161.30162   11  234          - 5124.45319      -   199    5s
  1125   928 infeasible   35               - 5125.71793      -   200   10s
  2026  1614 5240.47174   31  162          - 5137.58066      -   185   15s
  3500  2426 5533.41364   32  167          - 5143.53658      -   172   20s
  3551  2460 5379.18978   48  307          - 5154.64588      -   169   25s
  3622  2508 5232.28569   23  364          - 5187.86714      -   166   30s
  3672  2541 5253.45935   32  385          - 5197.08170      -   164   35s
  3730  2623 5286.30462   19  265          - 5230.73938      -   175   40s
  3964  2713 5374.17623   24  253          - 5230.74051      -   196   45s
  4189  2784 5445.82998   29  245          - 5234.84574      -   206   50s
  4399  2828 infeasible   34               - 5234.84574      -   213   55s
  4682  2937 5284.70033   26  207          - 5239.38462      -   218   60s
  5054  3018 5337.07305   32  174          - 5245.87953      -   222   65s
  5299  3040 5357.95634   34  187          - 5245.87953      -   224   70s
  5482  3142 5539.73509   25  195          - 5250.30128      -   225   76s
  5938  3289 5322.01662   28  207          - 5250.30128      -   229   80s
  6575  3472 5594.66053   51   95          - 5261.42270      -   231   86s
  7422  3657 5658.28997   35  153          - 5265.20842      -   232   91s
  8001  3733 5571.53906   30  214          - 5267.39516      -   233   95s
  8866  3954 5443.20138   36  144          - 5272.61081      -   234  102s
  9715  4065 infeasible   25               - 5288.99939      -   232  106s
 10389  3962 5467.98189   34  167          - 5289.71467      -   232  111s
 10499  4139 5414.78248   36  162          - 5289.71467      -   232  117s
 10942  4097 5475.90873   35  147          - 5289.71467      -   231  122s
 11126  4330 5505.65890   36  158          - 5293.09895      -   231  127s
 11574  4282 5754.82664   34  189          - 5295.66892      -   231  130s
 11708  4475 5693.30583   34  183          - 5296.75550      -   231  136s
 12144  4701 infeasible   31               - 5298.90568      -   231  140s
 13311  5313 infeasible   48               - 5305.37202      -   232  147s
 14008  5593 5496.52680   38  144          - 5308.46307      -   231  150s
 15084  6021 5395.44436   39  161          - 5312.96798      -   231  158s
 15542  6109 infeasible   26               - 5312.96798      -   231  162s
 15979  6449 5458.44769   37  140          - 5314.23281      -   230  166s
 16824  6638 5580.22415   34  159          - 5314.75496      -   230  171s
H17598  6108                    5788.0000000 5318.90814  8.10%   229  171s
 17656  6225 5575.90385   30  220 5788.00000 5318.90814  8.10%   229  175s
 18393  6185     cutoff   44      5788.00000 5322.07136  8.05%   229  180s
 19762  6277     cutoff   40      5788.00000 5332.75766  7.87%   234  189s
 20597  6256 5731.01298   32  159 5788.00000 5344.76990  7.66%   235  194s
 21426  6223 5730.37825   32  201 5788.00000 5352.85531  7.52%   237  200s
 22078  6144 5436.99816   26  243 5788.00000 5363.77701  7.33%   239  205s
 22907  5985 5704.14536   39  185 5788.00000 5373.30759  7.16%   241  210s
 23778  5753     cutoff   38      5788.00000 5383.79442  6.98%   243  216s
 24780  5507 5633.57608   38  203 5788.00000 5405.66487  6.61%   244  222s
 25869  5145 5754.59694   43  175 5788.00000 5420.34321  6.35%   245  228s
 27099  4731     cutoff   30      5788.00000 5448.99248  5.86%   245  235s
 28157  4213 5610.65633   29  196 5788.00000 5473.11327  5.44%   245  241s
*29444  4199              46    5785.0000000 5476.92899  5.33%   244  241s
 29599  3465 5746.62927   34  126 5785.00000 5501.00405  4.91%   244  248s
 31379  2327     cutoff   34      5785.00000 5546.58842  4.12%   240  255s
*33663    75              40    5700.0000000 5605.74251  1.65%   234  259s
 35539     0     cutoff   39      5700.00000 5695.32669  0.08%   227  260s

Cutting planes:
  Cover: 238
  Implied bound: 1
  Clique: 28
  MIR: 216
  Knapsack: 9
  StrongCG: 124
  Flow cover: 249
  GUB cover: 11
  Inf proof: 1
  Zero half: 75
  Mod-K: 1
  RLT: 68
  Relax-and-lift: 60
  BQP: 23

Explored 35614 nodes (8067141 simplex iterations) in 260.02 seconds (235.90 work units)
Thread count was 22 (of 22 available processors)

Solution count 3: 5700 5785 5788 

Optimal solution found (tolerance 1.00e-04)
Best objective 5.700000000000e+03, best bound 5.700000000000e+03, gap 0.0000%

User-callback calls 104330, time in user-callback 0.29 sec
Set parameter LogToConsole to value 0
