
Gurobi 13.0.0 (linux64) logging started Thu Jan 15 05:27:39 2026

Set parameter LogFile to value "../experiments/network-n_50_s_0_rp_0-app_set-id_47_20_apps/submip_40_epr0_model_gurobi.log"
Set parameter TimeLimit to value 8.9569017085799715e+02
Gurobi Optimizer version 13.0.0 build v13.0.0rc1 (linux64 - "Ubuntu 24.04.3 LTS")

CPU model: Intel(R) Core(TM) Ultra 7 165H, instruction set [SSE2|AVX|AVX2]
Thread count: 22 physical cores, 22 logical processors, using up to 22 threads

Non-default parameters:
TimeLimit  8.9569017085799715e+02
LogToConsole  0

Academic license 2539022 - for non-commercial use only - registered to al___@studenti.unimi.it
Optimize a model with 28698 rows, 6500 columns and 66237 nonzeros (Min)
Model fingerprint: 0x809ec9c9
Model has 6500 linear objective coefficients
Model has 166 quadratic constraints
Variable types: 0 continuous, 6500 integer (6500 binary)
Coefficient statistics:
  Matrix range     [1e+00, 9e+02]
  QMatrix range    [5e+01, 2e+02]
  Objective range  [1e+01, 2e+02]
  Bounds range     [1e+00, 1e+00]
  RHS range        [1e+00, 1e+09]
  QRHS range       [1e+02, 6e+02]

MIP start from previous solve did not produce a new incumbent solution
MIP start from previous solve violates constraint fixed_app_1_microservice_3 by 1.000000000

Presolve removed 28371 rows and 5486 columns
Presolve time: 0.04s
Presolved: 4656 rows, 5196 columns, 28700 nonzeros
Variable types: 0 continuous, 5196 integer (5196 binary)

Root relaxation: objective 4.910156e+03, 1335 iterations, 0.05 seconds (0.10 work units)

    Nodes    |    Current Node    |     Objective Bounds      |     Work
 Expl Unexpl |  Obj  Depth IntInf | Incumbent    BestBd   Gap | It/Node Time

     0     0 4910.15595    0  122          - 4910.15595      -     -    0s
     0     0 5018.55842    0  194          - 5018.55842      -     -    0s
     0     0 5025.29297    0  193          - 5025.29297      -     -    0s
     0     0 5025.64736    0  208          - 5025.64736      -     -    0s
     0     0 5077.10201    0  206          - 5077.10201      -     -    0s
     0     0 5090.08776    0  234          - 5090.08776      -     -    1s
     0     0 5090.82519    0  247          - 5090.82519      -     -    1s
     0     0 5169.18434    0  244          - 5169.18434      -     -    1s
     0     0 5186.72342    0  232          - 5186.72342      -     -    1s
     0     0 5188.33333    0  252          - 5188.33333      -     -    1s
     0     0 5240.97078    0  249          - 5240.97078      -     -    1s
     0     0 5241.14434    0  241          - 5241.14434      -     -    1s
     0     0 5241.14434    0  238          - 5241.14434      -     -    1s
     0     2 5241.15711    0  234          - 5241.15711      -     -    2s
  1276    10 5537.22424   18  144          - 5481.30166      -   134    5s

Cutting planes:
  Lift-and-project: 2
  Cover: 56
  Implied bound: 2
  Clique: 22
  MIR: 64
  Knapsack: 9
  StrongCG: 30
  GUB cover: 11
  Zero half: 8
  RLT: 82
  Relax-and-lift: 7
  BQP: 15

Explored 1351 nodes (185145 simplex iterations) in 5.20 seconds (6.07 work units)
Thread count was 22 (of 22 available processors)

Solution count 0

Model is infeasible
Best objective -, best bound -, gap -

User-callback calls 4141, time in user-callback 0.01 sec
Set parameter LogToConsole to value 0
