FIXINGS_START
(0, 0, 0)
(1, 6, 0)
(2, 0, 0)
(3, 0, 0)
(4, 0, 0)
(4, 6, 0)
(5, 0, 0)
(6, 0, 0)
(6, 6, 0)
(7, 0, 0)
(7, 8, 0)
(8, 0, 0)
(9, 0, 0)
(10, 0, 0)
(11, 0, 0)
(11, 6, 0)
(12, 0, 0)
(12, 7, 0)
(13, 0, 0)
(14, 0, 0)
(14, 4, 0)
(15, 0, 0)
(15, 6, 0)
(16, 0, 0)
(17, 0, 0)
(17, 1, 0)
(18, 0, 0)
(18, 9, 0)
(19, 0, 0)
(19, 1, 0)
(2, 1, 0)
(10, 3, 0)
(3, 1, 14)
(9, 1, 14)
(3, 2, 0)
(2, 2, 0)
(17, 2, 33)
(2, 4, 0)
(15, 1, 12)
(15, 3, 24)
(4, 2, 28)
(13, 1, 0)
(14, 1, 0)
(11, 1, 17)
(14, 3, 0)
(7, 4, 0)
(13, 3, 0)
(4, 5, 0)
(12, 2, 0)
(0, 2, 0)
(13, 4, 0)
(1, 0, 0)
(9, 3, 0)
(14, 6, 0)
(3, 3, 1)
(1, 1, 0)
(14, 7, 0)
(9, 4, 0)
(12, 4, 3)
(15, 4, 0)
(10, 4, 0)
(12, 5, 0)
(1, 2, 0)
(15, 5, 0)
(11, 2, 0)
(11, 3, 0)
(17, 4, 0)
(17, 5, 0)
(1, 3, 22)
(9, 5, 6)
FIXINGS_END
time 619.784
GUROBI
Status INFEASIBLE
Runtime 619.7835969924927
NodeCount 196386.0
IterCount 30890049.0
NumVars 6500
NumConstrs 28698
ObjBound inf
ObjBoundC inf
ObjVal None
MIPGap inf
