FIXINGS_START
(0, 0, 0)
(1, 6, 0)
(2, 0, 0)
(3, 0, 0)
(4, 0, 0)
(4, 6, 0)
(5, 0, 0)
(6, 0, 0)
(6, 6, 0)
(7, 0, 0)
(7, 8, 0)
(8, 0, 0)
(9, 0, 0)
(10, 0, 0)
(11, 0, 0)
(11, 6, 0)
(12, 0, 0)
(12, 7, 0)
(13, 0, 0)
(14, 0, 0)
(14, 4, 0)
(15, 0, 0)
(15, 6, 0)
(16, 0, 0)
(17, 0, 0)
(17, 1, 0)
(18, 0, 0)
(18, 9, 0)
(19, 0, 0)
(19, 1, 0)
(6, 5, 0)
(2, 1, 0)
(15, 1, 12)
(7, 1, 0)
(4, 1, 2)
(18, 6, 0)
(9, 3, 0)
(1, 0, 0)
(12, 2, 0)
(10, 3, 0)
(12, 5, 0)
(4, 3, 32)
(11, 2, 0)
(3, 2, 0)
(2, 2, 0)
(3, 4, 17)
(13, 1, 0)
(7, 2, 27)
(0, 1, 10)
(4, 5, 0)
(0, 2, 0)
(9, 4, 0)
(10, 4, 0)
(7, 4, 0)
(2, 4, 0)
(1, 1, 0)
(16, 1, 4)
(13, 3, 0)
(15, 3, 24)
(11, 3, 0)
(11, 4, 0)
(11, 7, 0)
(10, 5, 0)
(1, 2, 0)
(1, 3, 22)
(13, 4, 0)
(15, 4, 0)
(16, 2, 26)
(1, 5, 0)
(16, 3, 0)
FIXINGS_END
time 5.199
GUROBI
Status INFEASIBLE
Runtime 5.1991050243377686
NodeCount 1351.0
IterCount 185145.0
NumVars 6500
NumConstrs 28698
ObjBound inf
ObjBoundC inf
ObjVal None
MIPGap inf
