
Gurobi 13.0.0 (linux64) logging started Thu Jan 15 05:27:44 2026

Set parameter LogFile to value "../experiments/network-n_50_s_0_rp_0-app_set-id_47_20_apps/submip_30_epr1_model_gurobi.log"
Set parameter TimeLimit to value 8.5722466340800747e+02
Gurobi Optimizer version 13.0.0 build v13.0.0rc1 (linux64 - "Ubuntu 24.04.3 LTS")

CPU model: Intel(R) Core(TM) Ultra 7 165H, instruction set [SSE2|AVX|AVX2]
Thread count: 22 physical cores, 22 logical processors, using up to 22 threads

Non-default parameters:
TimeLimit  8.5722466340800747e+02
LogToConsole  0

Academic license 2539022 - for non-commercial use only - registered to al___@studenti.unimi.it
Optimize a model with 28688 rows, 6500 columns and 66227 nonzeros (Min)
Model fingerprint: 0x88b10735
Model has 6500 linear objective coefficients
Model has 166 quadratic constraints
Variable types: 0 continuous, 6500 integer (6500 binary)
Coefficient statistics:
  Matrix range     [1e+00, 9e+02]
  QMatrix range    [5e+01, 2e+02]
  Objective range  [1e+01, 2e+02]
  Bounds range     [1e+00, 1e+00]
  RHS range        [1e+00, 1e+09]
  QRHS range       [1e+02, 6e+02]

MIP start from previous solve did not produce a new incumbent solution
MIP start from previous solve violates constraint fixed_app_3_microservice_1 by 1.000000000

Presolve removed 28173 rows and 5259 columns
Presolve time: 0.08s
Presolved: 7832 rows, 8405 columns, 47934 nonzeros
Variable types: 0 continuous, 8405 integer (8405 binary)

Root relaxation: objective 4.880699e+03, 1392 iterations, 0.08 seconds (0.14 work units)

    Nodes    |    Current Node    |     Objective Bounds      |     Work
 Expl Unexpl |  Obj  Depth IntInf | Incumbent    BestBd   Gap | It/Node Time

     0     0 4880.69934    0  142          - 4880.69934      -     -    0s
     0     0 4943.56183    0  193          - 4943.56183      -     -    0s
     0     0 4969.86531    0  212          - 4969.86531      -     -    1s
     0     0 4970.50807    0  210          - 4970.50807      -     -    1s
     0     0 4970.52056    0  211          - 4970.52056      -     -    1s
     0     0 5008.95939    0  251          - 5008.95939      -     -    1s
     0     0 5021.52272    0  252          - 5021.52272      -     -    1s
     0     0 5022.83255    0  270          - 5022.83255      -     -    1s
     0     0 5057.98691    0  246          - 5057.98691      -     -    2s
     0     0 5070.67603    0  271          - 5070.67603      -     -    2s
     0     0 5073.29742    0  293          - 5073.29742      -     -    2s
     0     0 5085.66080    0  255          - 5085.66080      -     -    2s
     0     0 5085.77633    0  248          - 5085.77633      -     -    2s
     0     0 5085.77633    0  248          - 5085.77633      -     -    2s
     0     2 5085.79082    0  248          - 5085.79082      -     -    3s
   197   236 5174.01945   10  241          - 5095.30048      -   250    5s
   707   715 5245.00576   25  233          - 5095.30048      -   231   10s
  1558  1474 5223.56821   15  176          - 5105.81563      -   181   15s
  2652  2300 infeasible   44               - 5107.09705      -   155   20s
  3076  2518 5397.54374   54  348          - 5108.94636      -   153   25s
  3139  2560 5475.17346   64  369          - 5156.25926      -   150   30s
  3192  2596 5173.32893    8  368          - 5173.32893      -   147   35s
  3252  2680 5235.30714   16  298          - 5186.82037      -   159   40s
  3419  2783 5353.55606   19  243          - 5186.85331      -   170   45s
  3727  2991 5291.81621   23  230          - 5186.85331      -   182   50s
  4028  3158 5330.99151   26  234          - 5193.17642      -   191   55s
  4294  3248 5315.95292   30  246          - 5193.52605      -   198   60s
  4521  3336 5359.48989   33  224          - 5194.83945      -   202   65s
  4927  3471 5362.90252   35  220          - 5199.70409      -   207   70s
  5300  3588 5513.23214   37  237          - 5215.15009      -   213   76s
  5694  3615 5452.20773   40  194          - 5219.07533      -   215   80s
  5787  3677 infeasible   42               - 5219.07533      -   216   85s
  6003  3845 infeasible   44               - 5219.07533      -   217   90s
  6538  4091 5304.24079   17  252          - 5219.07533      -   218   96s
  7008  4255 5420.50212   27  182          - 5219.07533      -   221  100s
  7537  4511 5324.99215   21  233          - 5228.82530      -   224  105s
  8370  4729 5280.30971   17  228          - 5228.82530      -   224  110s
  9090  5052 5408.33949   28  202          - 5228.82530      -   225  115s
  9946  5305 5429.16404   34  174          - 5235.86451      -   226  121s
 10859  5429 5561.51921   24  168          - 5244.64540      -   229  127s
 11141  5675 5727.47923   29  176          - 5244.64540      -   229  130s
 12150  6266 5415.96387   22  204          - 5245.02473      -   229  136s
 12573  6646 5463.14986   35  163          - 5248.32626      -   229  140s
 13723  7383 5534.28257   35  169          - 5252.08813      -   229  147s
 14268  7538 5570.65298   26  216          - 5253.86707      -   229  150s
 14981  8178 infeasible   25               - 5254.93484      -   230  158s
 15566  8404 5332.08932   31  179          - 5254.93484      -   231  163s
 15910  8491 5435.63379   43  102          - 5254.93484      -   231  167s
 16101  8646 5445.82525   44  139          - 5254.93484      -   232  172s
 16318  8766 infeasible   44               - 5254.93484      -   232  176s
 16518  8859 5465.57204   45  157          - 5257.76918      -   232  181s
 16696  9029 5493.27553   45  157          - 5259.45053      -   233  185s
 16911  9153 5506.13608   43  100          - 5259.45053      -   232  190s
 17129  9186 5305.25774   25  227          - 5260.77652      -   232  195s
 17185  9357 5316.52516   26  204          - 5260.77652      -   232  201s
 17494  9576 5344.02114   27  258          - 5261.36053      -   232  206s
 17861 10034 5521.74610   46  146          - 5261.36053      -   232  211s
 18651 10485 5336.00205   23  161          - 5262.42510      -   233  217s
 19370 10639 5488.14830   38  137          - 5265.83841      -   234  223s
 19616 10803 5512.07005   39  123          - 5266.37702      -   234  229s
 19873 10959 5512.14948   39  124          - 5267.35821      -   234  235s
 20150 11025 5568.10421   38  108          - 5267.35821      -   234  241s
 20258 11508 5548.74808   40  120          - 5267.35821      -   235  248s
 21139 12341 5356.91432   22  203          - 5270.75547      -   234  255s
 22456 13033 5380.22660   33  159          - 5270.89617      -   234  262s
 23680 13295 5443.76666   33  168          - 5275.29533      -   236  268s
 24218 14265 5453.78160   29  211          - 5275.43772      -   237  278s
 25914 14737 5496.63124   28  210          - 5278.94920      -   237  283s
 26705 15249 5680.00734   37  158          - 5279.20016      -   238  288s
 27645 15833 5391.50035   27  189          - 5281.01981      -   238  294s
 28641 16411 5397.28496   27  211          - 5281.57414      -   238  299s
 29786 17074 5353.66177   19  185          - 5285.07033      -   238  305s
 30952 17214 5350.78983   22  241          - 5285.19488      -   238  311s
 31264 17653 5371.96868   25  167          - 5285.53392      -   238  318s
 32064 18311 5388.72001   37  137          - 5287.83073      -   238  324s
 33320 18825 5497.12320   48  140          - 5288.76366      -   238  332s
 34215 19596 infeasible   37               - 5290.14217      -   238  339s
 35722 20341 5380.82057   31  235          - 5293.05502      -   238  347s
 37256 21143 5545.13663   22  202          - 5295.66576      -   238  354s
 38768 21863 infeasible   37               - 5296.77300      -   238  362s
 40442 22512 infeasible   20               - 5299.42652      -   238  371s
 41704 23310 5577.02127   35  138          - 5300.03636      -   238  379s
 43334 23835 5529.93736   30  160          - 5301.39389      -   239  388s
 44411 24426 5525.12320   36  230          - 5302.92778      -   239  398s
 45878 25452 5504.18537   23  142          - 5303.10609      -   239  408s
 47950 26658 5432.76961   23  205          - 5305.98485      -   239  418s
 50149 26745 5810.70066   37  172          - 5307.77979      -   238  456s
 50328 31311 infeasible   36               - 5307.77979      -   238  505s
 59766 31819 infeasible   27               - 5317.88983      -   238  517s
 60917 32353 5769.89759   29  189          - 5318.55003      -   237  531s
 62004 33363 5647.22143   56  141          - 5319.27759      -   237  545s
 64081 34731 infeasible   40               - 5323.33324      -   237  559s
 67071 36147 5531.43358   35  140          - 5326.58208      -   237  572s
 70073 37392 infeasible   43               - 5329.15091      -   236  585s
 72905 38613 5402.12558   44  177          - 5330.81796      -   235  597s
 75551 40126 infeasible   41               - 5332.97582      -   235  613s
 79014 40201 6114.20693   32  150          - 5336.10687      -   234  623s
 79269 41101 5927.56590   29  152          - 5336.10687      -   234  635s
 81627 41284 5579.01354   30  217          - 5337.51259      -   234  646s
 82059 42440 5472.49077   43  184          - 5337.51259      -   234  659s
 84678 43659 5507.87775   38  128          - 5338.67221      -   233  671s
 87390 45039 5439.00826   21  238          - 5341.62705      -   233  683s
 90221 46048 5604.90920   37  146          - 5343.34671      -   232  694s
 92560 46180 5684.68129   51  129          - 5344.40736      -   232  705s
 92938 47417 5700.61733   52  120          - 5344.82358      -   232  717s
 95612 48040 5463.91659   39  188          - 5347.27633      -   231  726s
 96935 49203 infeasible   46               - 5348.10559      -   231  738s
 99932 50718 5576.40361   42  156          - 5349.62833      -   230  754s
 103406 51610 5678.84480   32  145          - 5351.73579      -   230  764s
 105506 51720 infeasible   39               - 5353.02836      -   230  774s
 105876 51997 5443.38067   29  176          - 5353.17654      -   230  785s
 106433 52589 5651.65109   34  154          - 5353.25146      -   230  798s
 107708 52789 5414.09043   32  136          - 5353.29738      -   229  812s
 108146 54227 5426.58692   33   98          - 5353.29738      -   229  827s
 111299 55634 5632.45616   36  181          - 5355.02114      -   229  840s
 114648 56726 infeasible   34               - 5358.22651      -   228  853s
 117376 57261 5481.93118   32  139          - 5359.66956      -   228  857s

Cutting planes:
  Gomory: 2
  Lift-and-project: 1
  Cover: 83
  Clique: 16
  MIR: 115
  Knapsack: 5
  StrongCG: 59
  Flow cover: 106
  GUB cover: 9
  Zero half: 51
  Mod-K: 2
  RLT: 37
  Relax-and-lift: 74
  BQP: 1

Explored 118569 nodes (27006704 simplex iterations) in 857.24 seconds (793.39 work units)
Thread count was 22 (of 22 available processors)

Solution count 0

Time limit reached
Best objective -, best bound 5.360000000000e+03, gap -

User-callback calls 395820, time in user-callback 1.61 sec
Set parameter LogToConsole to value 0
