
Gurobi 13.0.0 (linux64) logging started Thu Jan 15 05:42:01 2026

Set parameter LogFile to value "../experiments/network-n_50_s_0_rp_0-app_set-id_47_20_apps/submip_40_epr1_model_gurobi.log"
Set parameter TimeLimit to value 853.160077565015
Gurobi Optimizer version 13.0.0 build v13.0.0rc1 (linux64 - "Ubuntu 24.04.3 LTS")

CPU model: Intel(R) Core(TM) Ultra 7 165H, instruction set [SSE2|AVX|AVX2]
Thread count: 22 physical cores, 22 logical processors, using up to 22 threads

Non-default parameters:
TimeLimit  853.160077565015
LogToConsole  0

Academic license 2539022 - for non-commercial use only - registered to al___@studenti.unimi.it
Optimize a model with 28698 rows, 6500 columns and 66237 nonzeros (Min)
Model fingerprint: 0x4cf36233
Model has 6500 linear objective coefficients
Model has 166 quadratic constraints
Variable types: 0 continuous, 6500 integer (6500 binary)
Coefficient statistics:
  Matrix range     [1e+00, 9e+02]
  QMatrix range    [5e+01, 2e+02]
  Objective range  [1e+01, 2e+02]
  Bounds range     [1e+00, 1e+00]
  RHS range        [1e+00, 1e+09]
  QRHS range       [1e+02, 6e+02]

MIP start from previous solve did not produce a new incumbent solution
MIP start from previous solve violates constraint fixed_app_3_microservice_1 by 1.000000000

Presolve removed 28298 rows and 5539 columns
Presolve time: 0.07s
Presolved: 5273 rows, 5684 columns, 32314 nonzeros
Variable types: 0 continuous, 5684 integer (5684 binary)

Root relaxation: objective 4.887826e+03, 1593 iterations, 0.06 seconds (0.11 work units)

    Nodes    |    Current Node    |     Objective Bounds      |     Work
 Expl Unexpl |  Obj  Depth IntInf | Incumbent    BestBd   Gap | It/Node Time

     0     0 4887.82633    0  132          - 4887.82633      -     -    0s
     0     0 4963.89741    0  182          - 4963.89741      -     -    0s
     0     0 4980.24498    0  180          - 4980.24498      -     -    0s
     0     0 4981.76871    0  189          - 4981.76871      -     -    0s
     0     0 4981.78796    0  190          - 4981.78796      -     -    0s
     0     0 5039.99145    0  230          - 5039.99145      -     -    1s
     0     0 5055.37207    0  227          - 5055.37207      -     -    1s
     0     0 5056.31667    0  222          - 5056.31667      -     -    1s
     0     0 5097.01247    0  265          - 5097.01247      -     -    1s
     0     0 5108.25450    0  268          - 5108.25450      -     -    1s
     0     0 5110.65495    0  282          - 5110.65495      -     -    1s
     0     0 5128.58631    0  286          - 5128.58631      -     -    2s
     0     0 5128.68038    0  277          - 5128.68038      -     -    2s
     0     0 5128.68038    0  256          - 5128.68038      -     -    2s
     0     2 5128.71793    0  247          - 5128.71793      -     -    2s
   410   355 5255.61959   19  166          - 5144.38455      -   284    5s
  1730  1196 5335.83199   23  132          - 5156.47092      -   197   10s
  3037  1842 5665.47242   36  107          - 5200.23543      -   179   15s
  3434  2059 5392.93765   30  167          - 5218.96792      -   174   20s
  3520  2116 5688.81821   29  349          - 5218.96792      -   170   25s
  3625  2225 5247.16123   20  285          - 5224.50962      -   178   30s
  4061  2477 5432.97957   29  241          - 5224.50962      -   200   35s
  4450  2540 5736.09667   35  211          - 5231.66382      -   206   40s
  4778  2594 5422.50174   21  189          - 5231.67178      -   211   45s
  5334  2774 infeasible   28               - 5242.02720      -   213   50s
  6239  2889 infeasible   43               - 5257.28275      -   211   55s
  6850  3014 5531.65457   27  189          - 5263.88975      -   212   60s
  7615  3117 5624.10633   31  102          - 5270.67278      -   212   65s
  9112  3402 infeasible   27               - 5291.78726      -   208   70s
 10310  3713 5676.02281   41  128          - 5306.03257      -   206   75s
 10820  3745 5436.79123   32  113          - 5306.03257      -   206   80s
 11125  3939 5542.86649   33  138          - 5306.03257      -   206   86s
 12320  4526 5603.81451   24  192          - 5322.94907      -   203   91s
 13528  4989 5417.24720   29  160          - 5330.08725      -   202   96s
 14820  5473 5765.14788   45  119          - 5338.52554      -   201  100s
 16261  5916 infeasible   23               - 5347.02177      -   199  105s
 17740  6500 5586.42389   27  182          - 5355.37917      -   197  110s
 19303  7062 5581.30321   30  151          - 5362.46318      -   197  116s
 20866  7466 5600.26165   39   93          - 5371.40562      -   197  122s
 21193  7718 5603.99709   40  115          - 5372.68558      -   197  125s
 22648  8192 infeasible   33               - 5377.03814      -   197  132s
 23700  8519 infeasible   29               - 5383.01166      -   196  135s
 24831  8894 5489.29007   31  107          - 5388.60343      -   196  140s
 26117  9000 5506.65132   28  130          - 5389.99043      -   196  147s
 26501  9171 5644.09384   25  170          - 5393.79381      -   195  151s
 27147  9272 infeasible   31               - 5397.86471      -   195  156s
 27622  9725 5537.55246   23  208          - 5397.86471      -   195  162s
 29210 10263 infeasible   36               - 5400.32892      -   195  167s
 30917 10457 5466.17783   33  197          - 5410.70359      -   195  171s
 31582 10942 infeasible   48               - 5410.70359      -   195  176s
 33457 11372 infeasible   40               - 5418.99703      -   194  181s
 35115 11834 infeasible   29               - 5423.93174      -   194  186s
 36978 12233 5767.27111   25  105          - 5428.29575      -   193  191s
 38845 12676 5576.17897   34  151          - 5434.81906      -   192  196s
 40489 13170 infeasible   28               - 5439.76896      -   191  201s
 42251 13442 infeasible   33               - 5445.10528      -   191  207s
 43828 13558 5623.57085   41  127          - 5448.49544      -   190  212s
 44394 13910 5552.83625   42   87          - 5449.44235      -   190  218s
 46134 14405 5612.27879   38  183          - 5451.32323      -   189  224s
 48452 14926 5664.17199   28  142          - 5461.54137      -   188  230s
 51120 14954 5725.75378   38  107          - 5467.30656      -   187  253s
 51382 16614 5721.31638   28  191          - 5467.30656      -   187  276s
 60952 16996 5544.67576   35  121          - 5487.09211      -   184  282s
 63418 17413 5564.58759   30  124          - 5492.35047      -   183  288s
 65912 17752 5603.22965   33   79          - 5497.23251      -   183  293s
 68392 17884 6110.39608   38  165          - 5501.46047      -   182  299s
 69593 18011 infeasible   38               - 5501.79770      -   182  305s
 70548 18103 5548.25948   31  181          - 5504.64220      -   182  312s
 71757 18314 5550.54720   32  192          - 5505.09512      -   181  318s
 74164 18563 5586.19138   33  174          - 5508.58645      -   181  325s
 76927 18866 5628.53305   32  133          - 5512.63887      -   180  333s
 80512 18909 infeasible   43               - 5524.40558      -   180  339s
 82419 18908 infeasible   39               - 5527.87564      -   179  344s
 82472 19036 5537.53351   28  206          - 5528.36615      -   179  350s
 83132 19182 5701.52714   30  182          - 5528.36615      -   179  356s
 85504 19369 infeasible   40               - 5531.75467      -   179  362s
 88404 19470 5705.24762   38  194          - 5539.69777      -   179  368s
 90943 19603 infeasible   33               - 5544.70626      -   178  374s
 93542 19649 5579.33205   28   99          - 5550.27047      -   178  380s
 96138 19700 infeasible   41               - 5554.21220      -   177  385s
 98657 19806 infeasible   34               - 5557.80820      -   177  391s
 101098 19776 5635.08503   37   60          - 5564.38510      -   176  399s
 104573 19775 5772.83367   34  144          - 5570.21480      -   176  404s
 104658 19782 5773.34442   35  135          - 5570.21480      -   176  409s
 106317 19818 infeasible   38               - 5571.21194      -   175  415s
 109345 19804 infeasible   39               - 5578.49231      -   175  420s
 111474 19772 infeasible   37               - 5583.00794      -   174  426s
 114039 19558 infeasible   36               - 5587.85766      -   174  431s
 115917 19352 5675.56373   27  203          - 5590.91168      -   174  437s
 118385 19349 infeasible   37               - 5596.26425      -   173  442s
 118557 19239 5740.77086   31  155          - 5596.26425      -   173  448s
 120284 19239 5699.65812   36  210          - 5597.66446      -   173  454s
 123191 19063 5676.65787   34  149          - 5605.98722      -   172  459s
 126066 18813 5844.13661   35  112          - 5611.56429      -   172  464s
 128681 18716 5630.11009   32  161          - 5617.90804      -   171  468s
 129944 18460 infeasible   32               - 5621.16690      -   171  474s
 132607 18153 5814.59586   33  136          - 5624.63991      -   170  479s
 135134 17855 5819.96132   39  101          - 5632.59142      -   170  484s
 137640 17586 infeasible   46               - 5637.73538      -   170  489s
 140170 17351 infeasible   34               - 5644.72441      -   169  494s
 141478 17121 infeasible   29               - 5647.76787      -   169  500s
 144049 16828 infeasible   35               - 5654.64855      -   169  505s
 146625 16803 infeasible   36               - 5661.26615      -   168  510s
 146722 16598 5958.05865   35   92          - 5661.45575      -   168  515s
 147671 16189 infeasible   35               - 5661.63049      -   168  520s
 150233 15965 5758.20361   37   95          - 5666.12366      -   168  526s
 151505 15352 infeasible   33               - 5671.97258      -   167  531s
 154431 14974 5912.52615   36  115          - 5680.32518      -   167  536s
 155915 14269 5737.66945   32  212          - 5687.60401      -   167  542s
 159012 13666 infeasible   36               - 5694.65257      -   166  547s
 161693 13595 infeasible   42               - 5705.12279      -   165  552s
 161898 13203 5758.21023   43  117          - 5705.12279      -   165  557s
 163530 12570 5798.73178   38  130          - 5707.18911      -   165  563s
 166538 11796 5827.20247   34  180          - 5721.66596      -   165  568s
 169562 10955 5882.10328   36  112          - 5731.73027      -   164  573s
 172410 10174 5870.64880   43   89          - 5742.40554      -   163  578s
 175163  9377 5959.47514   26  177          - 5753.30993      -   163  582s
 177833  8422 infeasible   45               - 5763.52432      -   162  587s
 180329  7380 5984.31511   43   86          - 5777.10357      -   162  591s
 183070  6177 5902.27467   42  104          - 5791.07574      -   161  595s
 185967  5673 infeasible   39               - 5814.27334      -   160  603s
 187031  5104 infeasible   34               - 5816.22827      -   160  607s
 188333  3802 5944.23219   37   65          - 5819.24027      -   160  612s
 191047  1955 infeasible   36               - 5846.44430      -   159  616s

Cutting planes:
  Gomory: 3
  Cover: 77
  Clique: 17
  MIR: 128
  Knapsack: 8
  StrongCG: 77
  Flow cover: 79
  GUB cover: 6
  Zero half: 32
  RLT: 33
  Relax-and-lift: 26
  BQP: 13

Explored 196386 nodes (30890049 simplex iterations) in 619.76 seconds (553.48 work units)
Thread count was 22 (of 22 available processors)

Solution count 0

Model is infeasible
Best objective -, best bound -, gap -

User-callback calls 492422, time in user-callback 1.09 sec
