
Gurobi 13.0.0 (linux64) logging started Wed Jan 14 00:16:03 2026

Set parameter LogFile to value "../experiments/network-n_50_s_1_rp_0-app_set-id_84_33_apps/compact_model_gurobi.log"
Set parameter TimeLimit to value 900
Gurobi Optimizer version 13.0.0 build v13.0.0rc1 (linux64 - "Ubuntu 24.04.3 LTS")

CPU model: Intel(R) Core(TM) Ultra 7 165H, instruction set [SSE2|AVX|AVX2]
Thread count: 22 physical cores, 22 logical processors, using up to 22 threads

Non-default parameters:
TimeLimit  900
LogToConsole  0

Academic license 2539022 - for non-commercial use only - registered to al___@studenti.unimi.it
Optimize a model with 62754 rows, 10700 columns and 140961 nonzeros (Min)
Model fingerprint: 0x7657af1f
Model has 10700 linear objective coefficients
Model has 164 quadratic constraints
Variable types: 0 continuous, 10700 integer (10700 binary)
Coefficient statistics:
  Matrix range     [1e+00, 9e+02]
  QMatrix range    [5e+01, 2e+02]
  Objective range  [1e+01, 2e+02]
  Bounds range     [1e+00, 1e+00]
  RHS range        [1e+00, 1e+09]
  QRHS range       [1e+02, 6e+02]
Presolve removed 60084 rows and 5950 columns
Presolve time: 0.58s
Presolved: 61278 rows, 63153 columns, 380467 nonzeros
Variable types: 0 continuous, 63153 integer (63153 binary)
Deterministic concurrent LP optimizer: primal and dual simplex
Showing primal log only...

Concurrent spin time: 0.00s

Solved with dual simplex

Root relaxation: infeasible, 5930 iterations, 0.92 seconds (1.27 work units)

    Nodes    |    Current Node    |     Objective Bounds      |     Work
 Expl Unexpl |  Obj  Depth IntInf | Incumbent    BestBd   Gap | It/Node Time

     0     0 infeasible    0               - infeasible      -     -    2s

Explored 1 nodes (5930 simplex iterations) in 2.65 seconds (3.94 work units)
Thread count was 22 (of 22 available processors)

Solution count 0

Model is infeasible
Best objective -, best bound -, gap -

User-callback calls 1007, time in user-callback 0.00 sec
