
Gurobi 13.0.0 (linux64) logging started Sun Jan  4 09:45:19 2026

Set parameter LogFile to value "../experiments/network-n_60_s_2_rp_0-app_set-id_68_27_apps/compact_model_gurobi.log"
Set parameter TimeLimit to value 900
Gurobi Optimizer version 13.0.0 build v13.0.0rc1 (linux64 - "Ubuntu 24.04.3 LTS")

CPU model: Intel(R) Core(TM) Ultra 7 165H, instruction set [SSE2|AVX|AVX2]
Thread count: 22 physical cores, 22 logical processors, using up to 22 threads

Non-default parameters:
TimeLimit  900
LogToConsole  0

Academic license 2539022 - for non-commercial use only - registered to al___@studenti.unimi.it
Optimize a model with 65244 rows, 10560 columns and 145472 nonzeros (Min)
Model fingerprint: 0xc9355ea9
Model has 10560 linear objective coefficients
Model has 190 quadratic constraints
Variable types: 0 continuous, 10560 integer (10560 binary)
Coefficient statistics:
  Matrix range     [1e+00, 9e+02]
  QMatrix range    [5e+01, 2e+02]
  Objective range  [1e+01, 2e+02]
  Bounds range     [1e+00, 1e+00]
  RHS range        [1e+00, 1e+09]
  QRHS range       [1e+02, 6e+02]
Presolve removed 62427 rows and 5854 columns
Presolve time: 0.18s
Presolved: 65447 rows, 67146 columns, 424960 nonzeros
Variable types: 0 continuous, 67146 integer (67146 binary)
Performing another presolve...
Presolve removed 4111 rows and 4301 columns
Presolve time: 1.07s
Deterministic concurrent LP optimizer: primal and dual simplex
Showing primal log only...

Concurrent spin time: 0.29s (can be avoided by choosing Method=3)

Solved with dual simplex

Root relaxation: objective 7.132535e+03, 6227 iterations, 1.42 seconds (2.31 work units)

    Nodes    |    Current Node    |     Objective Bounds      |     Work
 Expl Unexpl |  Obj  Depth IntInf | Incumbent    BestBd   Gap | It/Node Time

     0     0 7132.53456    0  511          - 7132.53456      -     -    3s
     0     0 7136.81083    0  450          - 7136.81083      -     -    3s
     0     0 7137.40903    0  457          - 7137.40903      -     -    3s
     0     0 7183.02527    0  591          - 7183.02527      -     -    6s
     0     0 7246.56473    0  659          - 7246.56473      -     -    8s
     0     0 7311.22070    0  640          - 7311.22070      -     -   11s
     0     0 7311.38848    0  628          - 7311.38848      -     -   11s
     0     0 7319.47392    0  659          - 7319.47392      -     -   12s
     0     0 7320.76611    0  664          - 7320.76611      -     -   13s
     0     0 7321.10895    0  662          - 7321.10895      -     -   14s
     0     0 7321.10895    0  662          - 7321.10895      -     -   14s
     0     0 7658.49247    0  700          - 7658.49247      -     -   19s
     0     0 7658.56174    0  689          - 7658.56174      -     -   19s
     0     0 7785.26360    0  670          - 7785.26360      -     -   22s
     0     0 7785.26360    0  668          - 7785.26360      -     -   23s
     0     0 7805.08610    0  693          - 7805.08610      -     -   23s
     0     0 8034.92913    0  708          - 8034.92913      -     -   29s
     0     0 8171.62505    0  674          - 8171.62505      -     -   35s
     0     0 8259.27757    0  665          - 8259.27757      -     -   38s
     0     0 8276.87041    0  757          - 8276.87041      -     -   39s
     0     0 8280.09706    0  788          - 8280.09706      -     -   40s
     0     0 8349.40607    0  686          - 8349.40607      -     -   45s
     0     0 8386.34307    0  645          - 8386.34307      -     -   48s
     0     0 8459.29800    0  617          - 8459.29800      -     -   51s
     0     0 8474.56835    0  617          - 8474.56835      -     -   52s
     0     0 8490.50648    0  571          - 8490.50648      -     -   55s
     0     0 8518.66271    0  658          - 8518.66271      -     -   56s
     0     0 8536.98787    0  691          - 8536.98787      -     -   57s
     0     0 8537.41795    0  677          - 8537.41795      -     -   57s
     0     0 8540.06808    0  668          - 8540.06808      -     -   58s
     0     0 8546.11274    0  657          - 8546.11274      -     -   60s
     0     0 8551.54574    0  756          - 8551.54574      -     -   61s
     0     0 8551.56039    0  743          - 8551.56039      -     -   61s
     0     0 8551.56039    0  724          - 8551.56039      -     -   61s
     0     2 8551.56087    0  694          - 8551.56087      -     -   67s
     3     8 8555.71383    2  597          - 8554.91156      -   595   71s
    15    32 8573.09020    4  663          - 8567.98578      -   739   75s
    53   102 8589.99282    6  592          - 8570.28214      -   674   81s
   101   135 8590.42830    7  622          - 8570.31046      -   570   89s
   134   163 8844.77731    8  561          - 8570.31046      -   685   95s
   162   185 9242.25590    8  625          - 8570.31046      -   814  107s
   186   204 8868.88344    9  562          - 8570.31046      -  1050  114s
   209   227 8884.65094   10  572          - 8570.31046      -  1173  121s
   242   249 8913.36158   11  579          - 8570.31046      -  1219  134s
   266   283 8894.80164   11  576          - 8570.31046      -  1306  143s
   306   309 8916.30095   14  622          - 8570.31046      -  1311  150s
   332   334 8988.09644   14  607          - 8570.31046      -  1341  163s
   357   361 8919.06997   15  627          - 8570.31046      -  1323  179s
   384   383 8919.60029   16  628          - 8570.31046      -  1318  198s
   406   405 8941.97925   17  595          - 8570.31046      -  1293  224s
   428   427 8922.38674   17  622          - 8570.31046      -  1265  258s
   450   454 8922.86569   18  623          - 8570.31046      -  1229  289s
   477   489 8924.46836   19  617          - 8570.31046      -  1199  311s
   512   517 8926.44209   20  604          - 8570.31046      -  1148  321s
   540   552 8928.73051   21  601          - 8570.31046      -  1112  331s
   575   597 8930.58327   22  597          - 8570.31046      -  1082  338s
   620   625 8931.83634   23  598          - 8570.31046      -  1044  347s
   650   653 8932.47488   24  604          - 8570.31046      -  1028  355s
   680   683 8939.68116   25  589          - 8570.31046      -  1021  363s
   710   705 8941.77796   26  607          - 8570.31046      -   995  373s
   732   725 8945.47450   27  602          - 8570.31046      -   978  383s
   754   746 8950.74705   28  601          - 8570.31046      -   972  393s
   777   768 8951.20009   29  613          - 8570.31046      -   959  404s
   799   790 8951.71698   30  635          - 8570.31046      -   942  415s
   821   812 8952.18874   31  601          - 8570.31046      -   928  428s
   845   842 8954.48032   32  591          - 8570.31046      -   917  438s
   879   879 8953.79885   32  583          - 8570.31046      -   906  450s
   916   913 8954.08064   33  576          - 8570.31046      -   888  461s
   950   958 8977.38160   33  558          - 8570.31046      -   876  475s
  1001  1005 8959.79128   35  620          - 8570.31046      -   861  488s
  1054  1078 8985.06769   38  598          - 8570.31046      -   851  499s
  1129  1155 8993.69560   43  601          - 8570.31046      -   832  510s
  1212  1280 9018.24914   46  602          - 8570.31046      -   827  524s
  1343  1419 9026.15798   49  548          - 8570.31046      -   799  539s
  1492  1540 9049.22159   56  496          - 8570.31046      -   774  554s
  1637  1703 9077.06905   61  502          - 8570.31046      -   758  566s
  1826  1874 9098.81336   76  514          - 8573.17141      -   727  580s
  2019  2042 9136.80523   82  487          - 8573.17141      -   707  592s
  2207  2174 9225.42262   89  502          - 8573.17141      -   695  607s
  2403  2313 9457.47385   96  477          - 8573.21947      -   689  621s
  2587  2440 infeasible  113               - 8579.14886      -   686  635s
  2769  2580 8891.54459   11  553          - 8579.14886      -   686  652s
  2952  2704 8918.24301   14  563          - 8585.35253      -   687  670s
  3122  2810 9009.36071   15  609          - 8585.35253      -   686  688s
  3276  2938 8975.87792   16  558          - 8589.23472      -   693  707s
  3456  3084 9073.44903   25  578          - 8589.23472      -   699  724s
  3658  3311 9088.19213   28  568          - 8589.98855      -   700  743s
  3938  3312 9312.11356   94 29709          - 8589.98855      -   689  770s
  3940  3313 9478.17177   96  442          - 8589.98855      -   689  794s
  3941  3314 9223.09745   50  529          - 8589.98855      -   689  797s
  3942  3315 9241.25850   51  616          - 8589.98855      -   688  804s
  3943  3315 9041.86776   31  680          - 8589.98855      -   688  815s
  3944  3316 9080.64758   22  686          - 8589.98855      -   688  833s
  3945  3317 9221.66112   35  711          - 8589.98855      -   688  848s
  3946  3317 9388.08173   68  691          - 8589.98855      -   688  854s
  3947  3318 9425.38187    9  739          - 8589.98855      -   688  856s
  3950  3320 9683.43958   76  727          - 8589.98855      -   687  863s
  3952  3321 8910.54907   12  708          - 8589.98855      -   687  865s
  3954  3323 8875.21140   11  852          - 8665.19019      -   686  877s
  3955  3323 8960.66503   36  830          - 8674.83026      -   686  880s
  3957  3325 9349.38313   11  896          - 8697.53654      -   686  886s
  3959  3326 9138.83993   53  897          - 8722.23816      -   685  894s

Cutting planes:
  Gomory: 1
  Lift-and-project: 1
  Cover: 109
  Clique: 54
  MIR: 135
  Knapsack: 42
  StrongCG: 102
  Flow cover: 350
  GUB cover: 15
  Zero half: 573
  RLT: 165
  Relax-and-lift: 468
  BQP: 34
  PSD: 1

Explored 3959 nodes (2838994 simplex iterations) in 900.02 seconds (1082.14 work units)
Thread count was 22 (of 22 available processors)

Solution count 0

Time limit reached
Best objective -, best bound 8.723000000000e+03, gap -

User-callback calls 192601, time in user-callback 0.96 sec
