
Gurobi 13.0.0 (linux64) logging started Mon Jan  5 03:42:56 2026

Set parameter LogFile to value "../experiments/network-n_40_s_2_rp_0-app_set-id_20_11_apps/compact_model_gurobi.log"
Set parameter TimeLimit to value 900
Gurobi Optimizer version 13.0.0 build v13.0.0rc1 (linux64 - "Ubuntu 24.04.3 LTS")

CPU model: Intel(R) Core(TM) Ultra 7 165H, instruction set [SSE2|AVX|AVX2]
Thread count: 22 physical cores, 22 logical processors, using up to 22 threads

Non-default parameters:
TimeLimit  900
LogToConsole  0

Academic license 2539022 - for non-commercial use only - registered to al___@studenti.unimi.it
Optimize a model with 13629 rows, 2880 columns and 31121 nonzeros (Min)
Model fingerprint: 0xe152676d
Model has 2880 linear objective coefficients
Model has 126 quadratic constraints
Variable types: 0 continuous, 2880 integer (2880 binary)
Coefficient statistics:
  Matrix range     [1e+00, 9e+02]
  QMatrix range    [5e+01, 2e+02]
  Objective range  [1e+01, 2e+02]
  Bounds range     [1e+00, 1e+00]
  RHS range        [1e+00, 1e+09]
  QRHS range       [1e+02, 6e+02]
Presolve removed 12989 rows and 1865 columns
Presolve time: 0.07s
Presolved: 8375 rows, 8626 columns, 52205 nonzeros
Variable types: 0 continuous, 8626 integer (8626 binary)

Root relaxation: objective 2.638976e+03, 1117 iterations, 0.08 seconds (0.11 work units)

    Nodes    |    Current Node    |     Objective Bounds      |     Work
 Expl Unexpl |  Obj  Depth IntInf | Incumbent    BestBd   Gap | It/Node Time

     0     0 2638.97626    0  179          - 2638.97626      -     -    0s
     0     0 2731.69426    0  218          - 2731.69426      -     -    0s
     0     0 2744.28066    0  243          - 2744.28066      -     -    1s
     0     0 2744.59444    0  246          - 2744.59444      -     -    1s
     0     0 2832.56454    0  250          - 2832.56454      -     -    1s
     0     0 2839.72388    0  285          - 2839.72388      -     -    1s
     0     0 2842.07263    0  271          - 2842.07263      -     -    1s
     0     0 2843.65451    0  284          - 2843.65451      -     -    1s
     0     0 2862.73924    0  264          - 2862.73924      -     -    2s
     0     0 2862.73924    0  259          - 2862.73924      -     -    2s
     0     0 2862.73924    0  259          - 2862.73924      -     -    2s
     0     2 2862.79357    0  255          - 2862.79357      -     -    3s
   230   239 2889.80158   10  225          - 2871.74149      -   177    5s
   987   883 3052.61401   29  206          - 2877.00670      -   152   10s
  1741  1488 3041.19846   38  214          - 2882.88100      -   145   15s
  2293  1872 3068.18185   43  180          - 2891.30126      -   151   20s
  3024  2313 2987.08902   39  206          - 2891.30126      -   152   25s
  3063  2339 3054.04930   23  372          - 2915.86619      -   150   30s
H 3097  2242                    3754.0000000 2926.61540  22.0%   148   33s
  3118  2256 2964.51249   14  370 3754.00000 2928.57277  22.0%   147   35s
H 3126  2146                    3620.0000000 2930.37877  19.1%   147   36s
H 3126  2037                    3598.0000000 2930.37877  18.6%   147   36s
  3154  2056 3109.70997   18  380 3598.00000 2932.86580  18.5%   145   41s
  3194  2083 3128.47518   23  405 3598.00000 2940.14093  18.3%   144   45s
  3218  2108 2950.29270   15  378 3598.00000 2942.86188  18.2%   151   50s
  3264  2152 3005.93639   18  321 3598.00000 2965.05753  17.6%   165   57s
  3315  2187 3033.07357   19  337 3598.00000 2965.05753  17.6%   174   61s
H 3358  2094                    3442.0000000 2965.05753  13.9%   179   64s
  3371  2142 3028.41648   21  295 3442.00000 2965.05753  13.9%   180   66s
H 3375  2038                    3408.0000000 2965.05753  13.0%   180   66s
H 3384  1937                    3405.0000000 2965.05753  12.9%   182   66s
H 3385  1845                    3227.0000000 2965.05753  8.12%   182   66s
  3509  1880 3224.74565   23  200 3227.00000 2965.05753  8.12%   188   70s
  3765  1936 3150.78379   28  205 3227.00000 2974.82383  7.81%   197   76s
  3960  1973     cutoff   35      3227.00000 2974.82383  7.81%   201   81s
  4174  1982 3100.32771   21  211 3227.00000 2981.21138  7.62%   206   86s
  4366  2027 3088.04786   23  241 3227.00000 3004.56334  6.89%   209   91s
  4474  2026 3219.21280   25  196 3227.00000 3008.18101  6.78%   210   95s
  4753  2086     cutoff   35      3227.00000 3008.18101  6.78%   213  100s
  4994  2110 3071.21876   25  194 3227.00000 3018.55520  6.46%   216  105s
  5244  2121 3189.34540   20  214 3227.00000 3027.62821  6.18%   218  110s
  5519  2118 3201.92759   36  138 3227.00000 3029.83467  6.11%   220  115s
  5923  2048 3191.38272   28  230 3227.00000 3032.25085  6.03%   227  122s
  6108  2062 3101.92013   27  216 3227.00000 3032.25085  6.03%   228  125s
  6487  2049 3138.10125   25  238 3227.00000 3045.43364  5.63%   229  131s
  6837  2048     cutoff   27      3227.00000 3050.83856  5.46%   232  137s
  7074  2050 3175.09450   29  287 3227.00000 3051.46058  5.44%   233  141s
  7455  1995 3160.15549   22  247 3227.00000 3059.04829  5.20%   235  147s
  7647  1999 3138.93609   26  300 3227.00000 3062.36264  5.10%   237  151s
  8177  1941     cutoff   34      3227.00000 3067.77233  4.93%   239  158s
  8434  1918 3211.04389   30  192 3227.00000 3070.44943  4.85%   240  162s
  8522  1961     cutoff   30      3227.00000 3070.44943  4.85%   240  165s
  9054  2095 3197.54417   24  250 3227.00000 3073.87798  4.75%   240  174s
  9486  2153     cutoff   27      3227.00000 3078.18773  4.61%   237  178s
  9872  2209     cutoff   23      3227.00000 3081.74555  4.50%   237  182s
 10229  2314 3220.32335   30  213 3227.00000 3083.76966  4.44%   238  187s
 10745  2353 3191.11794   20  264 3227.00000 3087.31448  4.33%   237  192s
 11140  2391 3136.45703   24  307 3227.00000 3087.31448  4.33%   237  196s
 11491  2420 3218.82251   29  226 3227.00000 3088.97955  4.28%   237  201s
 11906  2463 3198.27079   27  194 3227.00000 3095.53193  4.07%   238  206s
 12388  2541 infeasible   40      3227.00000 3099.09040  3.96%   238  211s
 13031  2624     cutoff   23      3227.00000 3101.38593  3.89%   236  217s
 13685  2678 3199.12393   27  254 3227.00000 3107.18891  3.71%   235  223s
 14369  2656 3200.00296   25  272 3227.00000 3110.22042  3.62%   234  229s
 14900  2683 3198.92001   32  148 3227.00000 3114.19246  3.50%   234  235s
 15628  2716 3152.83295   27  176 3227.00000 3118.14744  3.37%   233  241s
 16355  2695 3168.79862   39  125 3227.00000 3122.33965  3.24%   232  247s
 17148  2683     cutoff   37      3227.00000 3128.27815  3.06%   231  254s
 17313  2619     cutoff   22      3227.00000 3129.95017  3.01%   231  261s
 17968  2491 3173.16987   30  179 3227.00000 3130.86770  2.98%   230  268s
 18951  2376     cutoff   29      3227.00000 3139.38025  2.72%   227  275s
*19663  2371              39    3226.0000000 3140.76573  2.64%   226  275s
 19766  2193 3220.78813   33  217 3226.00000 3144.26022  2.53%   226  283s
 20852  1938     cutoff   36      3226.00000 3153.22367  2.26%   224  290s
 22058  1477 3206.63643   23  153 3226.00000 3162.37869  1.97%   220  298s
 23475   615     cutoff   37      3226.00000 3173.80382  1.62%   216  306s

Cutting planes:
  Gomory: 4
  Lift-and-project: 1
  Cover: 381
  Clique: 54
  MIR: 335
  Knapsack: 7
  StrongCG: 263
  Flow cover: 490
  GUB cover: 22
  Zero half: 204
  Mod-K: 2
  RLT: 128
  Relax-and-lift: 50
  BQP: 32

Explored 26063 nodes (5322605 simplex iterations) in 308.67 seconds (219.52 work units)
Thread count was 22 (of 22 available processors)

Solution count 8: 3226 3227 3405 ... 3754

Optimal solution found (tolerance 1.00e-04)
Best objective 3.226000000000e+03, best bound 3.226000000000e+03, gap 0.0000%

User-callback calls 75024, time in user-callback 0.17 sec
