
Gurobi 13.0.0 (linux64) logging started Fri Jan  2 20:25:56 2026

Set parameter LogFile to value "../experiments/network-n_50_s_1_rp_0-app_set-id_35_16_apps/compact_model_gurobi.log"
Set parameter TimeLimit to value 900
Gurobi Optimizer version 13.0.0 build v13.0.0rc1 (linux64 - "Ubuntu 24.04.3 LTS")

CPU model: Intel(R) Core(TM) Ultra 7 165H, instruction set [SSE2|AVX|AVX2]
Thread count: 22 physical cores, 22 logical processors, using up to 22 threads

Non-default parameters:
TimeLimit  900
LogToConsole  0

Academic license 2539022 - for non-commercial use only - registered to al___@studenti.unimi.it
Optimize a model with 28014 rows, 5200 columns and 63280 nonzeros (Min)
Model fingerprint: 0x36ae094b
Model has 5200 linear objective coefficients
Model has 164 quadratic constraints
Variable types: 0 continuous, 5200 integer (5200 binary)
Coefficient statistics:
  Matrix range     [1e+00, 9e+02]
  QMatrix range    [5e+01, 2e+02]
  Objective range  [1e+01, 2e+02]
  Bounds range     [1e+00, 1e+00]
  RHS range        [1e+00, 1e+09]
  QRHS range       [1e+02, 6e+02]
Presolve removed 26825 rows and 3050 columns
Presolve time: 0.30s
Presolved: 22638 rows, 23398 columns, 144152 nonzeros
Variable types: 0 continuous, 23398 integer (23398 binary)
Deterministic concurrent LP optimizer: primal and dual simplex
Showing primal log only...

Concurrent spin time: 0.00s

Solved with dual simplex

Root relaxation: objective 4.096875e+03, 2229 iterations, 0.51 seconds (0.43 work units)

    Nodes    |    Current Node    |     Objective Bounds      |     Work
 Expl Unexpl |  Obj  Depth IntInf | Incumbent    BestBd   Gap | It/Node Time

     0     0 4096.87452    0  235          - 4096.87452      -     -    1s
     0     0 4097.30598    0  212          - 4097.30598      -     -    1s
     0     0 4129.59361    0  264          - 4129.59361      -     -    2s
     0     0 4169.21298    0  282          - 4169.21298      -     -    3s
     0     0 4177.57323    0  320          - 4177.57323      -     -    3s
     0     0 4178.02048    0  311          - 4178.02048      -     -    3s
     0     0 4178.02550    0  320          - 4178.02550      -     -    3s
     0     0 4212.26471    0  319          - 4212.26471      -     -    4s
     0     0 4236.59414    0  394          - 4236.59414      -     -    5s
     0     0 4240.96450    0  419          - 4240.96450      -     -    5s
     0     0 4246.80334    0  391          - 4246.80334      -     -    6s
     0     0 4247.83154    0  385          - 4247.83154      -     -    6s
     0     0 4294.78960    0  446          - 4294.78960      -     -    7s
     0     0 4301.87761    0  466          - 4301.87761      -     -    8s
     0     0 4307.76721    0  411          - 4307.76721      -     -    8s
     0     0 4312.59021    0  360          - 4312.59021      -     -    9s
     0     0 4317.57403    0  371          - 4317.57403      -     -    9s
     0     0 4320.56968    0  394          - 4320.56968      -     -   10s
     0     0 4335.08567    0  375          - 4335.08567      -     -   12s
     0     0 4339.50941    0  456          - 4339.50941      -     -   12s
     0     0 4342.22579    0  450          - 4342.22579      -     -   13s
     0     0 4342.22794    0  442          - 4342.22794      -     -   13s
     0     0 4342.22794    0  428          - 4342.22794      -     -   13s
     0     2 4342.28865    0  426          - 4342.28865      -     -   14s
     1     5 4342.84508    1  426          - 4342.28865      -   253   15s
    94   139 4353.60816    9  348          - 4346.44108      -   255   20s
   285   306 4351.19174   13  380          - 4346.44108      -   200   26s
   380   419 4353.80025   18  355          - 4346.44108      -   199   30s
   470   491 4359.95216   20  364          - 4346.44108      -   213   35s
   528   547 4373.16042   23  305          - 4346.44108      -   217   41s
   592   619 4363.18705   28  332          - 4346.44108      -   214   45s
   660   688 4366.40122   33  317          - 4346.44108      -   211   50s
   741   768 4371.74208   37  310          - 4346.44108      -   208   55s
   819   852 4375.15999   42  312          - 4346.44108      -   208   60s
H  932   944                    5038.0000000 4346.44108  13.7%   206   64s
H  953  1027                    5035.0000000 4346.44108  13.7%   205   67s
H  954  1027                    5020.0000000 4346.44108  13.4%   205   67s
H  960  1027                    4990.0000000 4346.44108  12.9%   206   67s
H  962  1027                    4989.0000000 4346.44108  12.9%   206   67s
H 1038  1117                    4966.0000000 4346.44108  12.5%   205   69s
  1130  1206 4411.46552   53  276 4966.00000 4346.44108  12.5%   205   71s
H 1145  1206                    4948.0000000 4346.44108  12.2%   205   71s
H 1235  1305                    4946.0000000 4346.44108  12.1%   206   74s
H 1258  1305                    4914.0000000 4346.44108  11.5%   206   74s
  1329  1419 4446.06904   63  242 4914.00000 4346.44108  11.5%   207   76s
H 1391  1419                    4905.0000000 4346.44108  11.4%   205   76s
H 1424  1419                    4889.0000000 4346.44108  11.1%   206   76s
  1558  1641 4426.94440   73  206 4889.00000 4346.44108  11.1%   204   81s
H 1561  1641                    4794.0000000 4346.44108  9.34%   203   81s
H 1633  1641                    4773.0000000 4346.44108  8.94%   203   81s
  1794  1787 4447.56554   80  234 4773.00000 4346.44108  8.94%   198   87s
  1877  1819 infeasible   81      4773.00000 4346.44108  8.94%   201   90s
H 1894  1819                    4764.0000000 4346.44108  8.76%   202   90s
H 1929  1813                    4742.0000000 4346.44108  8.34%   208   90s
  1993  1884 4373.21508   13  411 4742.00000 4346.44108  8.34%   219   96s
H 1994  1874                    4726.0000000 4346.44108  8.03%   219   96s
H 2017  1871                    4721.0000000 4346.44108  7.93%   224   96s
  2113  2016 4387.91343   16  371 4721.00000 4349.29541  7.87%   231  103s
  2212  2098 4414.28749   19  322 4721.00000 4349.29541  7.87%   235  106s
  2441  2308 4499.19986   25  324 4721.00000 4349.59866  7.87%   239  113s
  2566  2418 4557.02422   29  299 4721.00000 4349.59866  7.87%   242  117s
  2712  2475 4677.83340   37  201 4721.00000 4349.59866  7.87%   243  121s
  2876  2643 4376.60342   11  399 4721.00000 4349.59866  7.87%   250  129s
  3012  2804 4390.17060   13  377 4721.00000 4349.59866  7.87%   252  133s
  3184  2883 4391.72265   14  386 4721.00000 4349.59866  7.87%   250  137s
  3284  3058 infeasible   15      4721.00000 4349.59866  7.87%   250  141s
  3488  3235 4392.90732   16  345 4721.00000 4349.59866  7.87%   247  146s
  3725  3343 4403.31667   18  311 4721.00000 4349.59866  7.87%   245  151s
  3914  3464 4474.71630   18  369 4721.00000 4349.59866  7.87%   248  156s
  4099  3465 4572.14132   23 10779 4721.00000 4349.59866  7.87%   249  164s
  4101  3466 4668.57624   63  230 4721.00000 4349.59866  7.87%   249  166s
  4104  3468 4387.35034   31  420 4721.00000 4349.59866  7.87%   249  170s
  4108  3471 4531.45474   82  426 4721.00000 4349.59866  7.87%   249  175s
  4119  3478 4672.36173   35  444 4721.00000 4357.59495  7.70%   248  180s
  4135  3489 4405.01999   24  455 4721.00000 4364.47311  7.55%   247  185s
  4150  3499 4592.53630   87  462 4721.00000 4366.95989  7.50%   246  190s
  4168  3511 4404.81471   19  494 4721.00000 4368.29656  7.47%   245  195s
  4182  3520 4465.97967   40  458 4721.00000 4369.24863  7.45%   244  200s
  4196  3530 4588.78707   63  494 4721.00000 4369.55959  7.44%   244  205s
  4205  3536 4406.08584   36  475 4721.00000 4369.60516  7.44%   243  210s
  4208  3538 4531.45474   82  478 4721.00000 4371.01736  7.41%   243  215s
  4226  3550 4373.48973    6  461 4721.00000 4373.48973  7.36%   242  220s
  4236  3556 4417.00306   61  506 4721.00000 4375.46811  7.32%   241  225s
  4249  3565 4393.15086   31  481 4721.00000 4375.99929  7.31%   241  230s
  4258  3571 4516.81293   53  464 4721.00000 4377.45086  7.28%   240  239s
  4261  3573 4400.31812   56  486 4721.00000 4377.68074  7.27%   240  240s
  4274  3582 4403.58997   24  475 4721.00000 4378.59272  7.25%   239  245s
  4287  3590 4403.31922   19  495 4721.00000 4378.98613  7.24%   238  250s
  4303  3601 4602.52218   77  590 4721.00000 4379.50339  7.23%   238  255s
  4313  3609 4537.10986   32 10779 4721.00000 4379.51691  7.23%   248  262s
  4316  3611 4398.27963   18  294 4721.00000 4379.51691  7.23%   248  265s
  4319  3613 4672.36173   35  373 4721.00000 4379.52430  7.23%   247  270s
  4322  3615 4573.39208   52  464 4721.00000 4379.76802  7.23%   247  276s
  4332  3622 4434.85057   40  563 4721.00000 4379.76802  7.23%   247  280s
  4346  3631 4408.26223   17  427 4721.00000 4379.82496  7.23%   246  285s
  4356  3638 4379.88092   30  460 4721.00000 4379.88092  7.23%   245  290s
  4364  3643 4659.51796   98  504 4721.00000 4380.36459  7.22%   245  296s
  4373  3649 4488.97121   82  447 4721.00000 4380.69875  7.21%   244  300s
  4392  3662 4546.16996   42  448 4721.00000 4381.17990  7.20%   243  305s
  4401  3668 4668.57624   63  445 4721.00000 4381.33464  7.19%   243  310s
  4404  3673 4381.90422   22  497 4721.00000 4381.54146  7.19%   249  315s
  4410  3683 4383.74072   24  512 4721.00000 4383.74072  7.14%   249  322s
  4418  3696 4386.98924   25  419 4721.00000 4383.74212  7.14%   250  327s
  4434  3713 4387.80874   26  447 4721.00000 4386.96329  7.08%   255  334s
  4456  3729 4426.23625   27  414 4721.00000 4387.80874  7.06%   260  340s
  4480  3769 4427.22710   28  417 4721.00000 4387.80874  7.06%   265  348s
  4530  3801 4429.57220   29  401 4721.00000 4387.80874  7.06%   268  354s
  4578  3829 4432.18974   30  410 4721.00000 4387.80874  7.06%   270  359s
  4622  3855 4433.57612   31  395 4721.00000 4387.80874  7.06%   273  365s
  4703  3906 4438.50977   33  381 4721.00000 4387.80874  7.06%   276  374s
  4743  3938 4439.40805   34  342 4721.00000 4387.80874  7.06%   277  379s
  4788  3964 4441.81261   35  372 4721.00000 4387.80874  7.06%   278  383s
  4829  3996 4448.21946   36  381 4721.00000 4387.80874  7.06%   279  387s
  4876  4023 4442.43418   36  362 4721.00000 4387.80874  7.06%   279  392s
  4919  4053 4450.09868   37  363 4721.00000 4387.80874  7.06%   281  396s
  4963  4086 4461.75642   38  356 4721.00000 4387.80874  7.06%   282  400s
  5073  4149 4450.50093   40  366 4721.00000 4387.80874  7.06%   283  409s
  5125  4185 4454.64071   41  397 4721.00000 4388.48161  7.04%   285  414s
  5179  4231 4458.71366   42  396 4721.00000 4388.48161  7.04%   287  419s
  5246  4265 4459.26753   43  412 4721.00000 4388.48161  7.04%   287  424s
  5303  4304 4465.52569   44  398 4721.00000 4388.48161  7.04%   289  429s
  5363  4346 4468.50210   45  359 4721.00000 4388.48161  7.04%   290  434s
  5426  4367 4471.27905   46  344 4721.00000 4388.48161  7.04%   290  439s
H 5432  4180                    4699.0000000 4388.48161  6.61%   290  439s
  5473  4219 4495.53855   46  360 4699.00000 4388.48161  6.61%   291  445s
  5539  4254 4567.87974   47  311 4699.00000 4392.74647  6.52%   292  451s
  5607  4279 4501.69926   49  380 4699.00000 4392.74647  6.52%   294  457s
H 5616  4100                    4697.0000000 4392.74647  6.48%   294  457s
H 5619  3932                    4636.0000000 4392.74647  5.25%   294  457s
  5656  3990 4500.31789   50  439 4636.00000 4392.74647  5.25%   296  464s
  5729  3980 4505.46346   51  422 4636.00000 4392.74647  5.25%   298  470s
  5751  3974 4505.38919   51  437 4636.00000 4392.74647  5.25%   298  477s
  5777  4003 4505.61569   52  431 4636.00000 4392.74647  5.25%   299  483s
  5832  4058 4507.34433   53  457 4636.00000 4392.74647  5.25%   299  490s
  5910  4135 4533.49898   54  450 4636.00000 4392.74647  5.25%   299  497s
  6018  4185 4542.87357   56  424 4636.00000 4392.74647  5.25%   300  505s
  6126  4239 4514.45538   58  395 4636.00000 4392.74647  5.25%   301  513s
  6230  4226 4516.78820   60  411 4636.00000 4392.74647  5.25%   302  520s
H 6256  4119                    4634.0000000 4392.74647  5.21%   303  528s
  6336  4209 4518.09729   61  404 4634.00000 4392.74647  5.21%   303  536s
  6475  4287 4520.79493   63  379 4634.00000 4392.74647  5.21%   303  546s
  6639  4347 4531.14194   66  398 4634.00000 4393.10523  5.20%   303  555s
  6790  4401 4536.20413   68  375 4634.00000 4393.10523  5.20%   303  565s
  6947  4477 4544.29727   71  332 4634.00000 4393.10523  5.20%   304  575s
  7104  4555 4552.70647   74  377 4634.00000 4393.10523  5.20%   304  586s
  7309  4627 4554.45338   77  391 4634.00000 4393.10523  5.20%   304  596s
  7494  4728 4557.24538   81  410 4634.00000 4394.16190  5.18%   304  607s
  7724  4776 4560.35542   86  408 4634.00000 4394.16190  5.18%   303  620s
  7977  4789 4568.41425   90  386 4634.00000 4399.30072  5.06%   302  631s
  8092  4962 4571.67535   93  332 4634.00000 4399.30072  5.06%   305  643s
  8355  5054 4575.31166  101  337 4634.00000 4399.30072  5.06%   305  655s
  8592  5157 4580.87100  106  351 4634.00000 4399.30072  5.06%   307  669s
  8849  5222 4585.36319  112  324 4634.00000 4399.30072  5.06%   308  682s
  9014  5369 4610.91826  117  274 4634.00000 4399.30072  5.06%   311  696s
  9244  5623 4616.57611  127  206 4634.00000 4401.26012  5.02%   311  710s
  9612  5928 4521.69872   32  350 4634.00000 4401.26012  5.02%   310  723s
 10155  5989 4567.16421   47  357 4634.00000 4401.26012  5.02%   304  740s
 10561  6176 4441.88547   34  547 4634.00000 4404.65837  4.95%   302  755s
 10994  6398 4463.17620   40  487 4634.00000 4404.65837  4.95%   300  770s
 11409  6755 4500.79955   64  325 4634.00000 4404.65837  4.95%   299  787s
 11997  6928 4418.48647   34  378 4634.00000 4404.65837  4.95%   295  804s
 12483  7317 4452.72694   56  311 4634.00000 4404.65837  4.95%   294  820s
 13100  7623 4517.75637   84  269 4634.00000 4404.65837  4.95%   291  838s
 13780  8063 4456.29491   31  363 4634.00000 4404.65837  4.95%   287  856s
 14388  8726 4502.97101   49  318 4634.00000 4404.65837  4.95%   285  876s
 15175  9215 4583.09194  102  208 4634.00000 4404.65837  4.95%   281  896s
 15756  9287 4557.35964   38  288 4634.00000 4408.12356  4.87%   281  900s

Cutting planes:
  Gomory: 4
  Lift-and-project: 3
  Cover: 517
  Implied bound: 4
  Clique: 42
  MIR: 351
  Knapsack: 9
  StrongCG: 243
  Flow cover: 783
  GUB cover: 23
  Zero half: 91
  Mod-K: 3
  RLT: 196
  Relax-and-lift: 299
  BQP: 109

Explored 15840 nodes (4455852 simplex iterations) in 900.05 seconds (755.14 work units)
Thread count was 22 (of 22 available processors)

Solution count 10: 4634 4636 4697 ... 4794

Time limit reached
Best objective 4.634000000000e+03, best bound 4.409000000000e+03, gap 4.8554%

User-callback calls 133246, time in user-callback 0.69 sec
