
Gurobi 13.0.0 (linux64) logging started Thu Jan 15 07:43:42 2026

Set parameter LogFile to value "../experiments/network-n_50_s_1_rp_0-app_set-id_35_16_apps/submip_30_epr1_model_gurobi.log"
Set parameter TimeLimit to value 8.5827327389801212e+02
Gurobi Optimizer version 13.0.0 build v13.0.0rc1 (linux64 - "Ubuntu 24.04.3 LTS")

CPU model: Intel(R) Core(TM) Ultra 7 165H, instruction set [SSE2|AVX|AVX2]
Thread count: 22 physical cores, 22 logical processors, using up to 22 threads

Non-default parameters:
TimeLimit  8.5827327389801212e+02
LogToConsole  0

Academic license 2539022 - for non-commercial use only - registered to al___@studenti.unimi.it
Optimize a model with 28060 rows, 5200 columns and 63326 nonzeros (Min)
Model fingerprint: 0x29ab73ba
Model has 5200 linear objective coefficients
Model has 164 quadratic constraints
Variable types: 0 continuous, 5200 integer (5200 binary)
Coefficient statistics:
  Matrix range     [1e+00, 9e+02]
  QMatrix range    [5e+01, 2e+02]
  Objective range  [1e+01, 2e+02]
  Bounds range     [1e+00, 1e+00]
  RHS range        [1e+00, 1e+09]
  QRHS range       [1e+02, 6e+02]

MIP start from previous solve did not produce a new incumbent solution
MIP start from previous solve violates constraint fixed_app_11_microservice_8 by 1.000000000

Presolve removed 27501 rows and 3979 columns
Presolve time: 0.10s
Presolved: 8929 rows, 9401 columns, 56912 nonzeros
Variable types: 0 continuous, 9401 integer (9401 binary)

Root relaxation: objective 4.122459e+03, 1389 iterations, 0.07 seconds (0.13 work units)

    Nodes    |    Current Node    |     Objective Bounds      |     Work
 Expl Unexpl |  Obj  Depth IntInf | Incumbent    BestBd   Gap | It/Node Time

     0     0 4122.45869    0  198          - 4122.45869      -     -    0s
     0     0 4124.86894    0  190          - 4124.86894      -     -    0s
     0     0 4220.17040    0  211          - 4220.17040      -     -    1s
     0     0 4265.45586    0  218          - 4265.45586      -     -    1s
     0     0 4268.37229    0  224          - 4268.37229      -     -    1s
     0     0 4269.61320    0  226          - 4269.61320      -     -    1s
     0     0 4270.14583    0  243          - 4270.14583      -     -    1s
     0     0 4343.02456    0  204          - 4343.02456      -     -    1s
     0     0 4359.31881    0  233          - 4359.31881      -     -    1s
     0     0 4360.07602    0  239          - 4360.07602      -     -    1s
     0     0 4385.69350    0  274          - 4385.69350      -     -    2s
     0     0 4385.70270    0  273          - 4385.70270      -     -    2s
     0     0 4385.70270    0  273          - 4385.70270      -     -    2s
     0     2 4385.70413    0  270          - 4385.70413      -     -    2s
   354   363 4424.36076   18  181          - 4400.71976      -   138    5s
   945   909 4522.36723   63  113          - 4400.71976      -   131   10s
  2029  1781 4503.87281   27  111          - 4406.03943      -   112   15s
  3207  2445 4614.87636   18  209          - 4407.10255      -   105   20s
  3238  2466 4584.06962   21  390          - 4436.53588      -   104   25s
  3289  2500 4470.65217   22  424          - 4448.02138      -   102   30s
  3323  2523 4590.71918   38  401          - 4450.35895      -   101   35s
  3342  2544 4557.46305   18  294          - 4462.38325      -   108   40s
  3501  2680 4583.04834   24  182          - 4473.30800      -   118   45s
  3749  2799 4643.83998   29  151          - 4474.07752      -   130   50s
  4018  2931 4624.34877   33  208          - 4478.86330      -   134   55s
* 4222  2825              51    4689.0000000 4486.48888  4.32%   136   57s
  4415  2881 4645.55221   38  166 4689.00000 4487.90358  4.29%   139   60s
  4887  2957 4551.53099   21  193 4689.00000 4496.76724  4.10%   146   66s
  5228  3027 4656.67999   31   92 4689.00000 4501.83082  3.99%   151   70s
  5644  3034 4575.59133   27  240 4689.00000 4503.85081  3.95%   157   75s
  6337  3200 4636.15845   31  144 4689.00000 4503.85081  3.95%   163   81s
H 6602  2977                    4660.0000000 4513.66534  3.14%   165   83s
  7073  3023 4574.03717   27  154 4660.00000 4522.93921  2.94%   166   86s
H 7377  2779                    4650.0000000 4522.93921  2.73%   166   88s
  7749  2901 4622.23309   32  155 4650.00000 4525.29696  2.68%   166   91s
  8254  2910     cutoff   25      4650.00000 4540.89412  2.35%   167   95s
  9067  2919 4632.87990   34  220 4650.00000 4544.94505  2.26%   170  102s
  9779  2811 4626.25291   51  162 4650.00000 4548.72102  2.18%   172  107s
 10076  2904 4601.79959   33  194 4650.00000 4551.20684  2.12%   172  112s
 10753  3134 4599.82577   27  182 4650.00000 4554.10322  2.06%   173  117s
 11066  3304 4582.70738   32  188 4650.00000 4555.65138  2.03%   174  121s
 12151  3616 4621.84287   34  129 4650.00000 4559.83240  1.94%   174  127s
 12658  3743 4632.42333   39  151 4650.00000 4562.33652  1.89%   174  130s
 13844  3987 4619.18407   34  180 4650.00000 4565.39734  1.82%   175  137s
 14434  4121 4597.09877   33  175 4650.00000 4566.88762  1.79%   176  141s
 15091  4248 4622.14673   32  162 4650.00000 4569.47979  1.73%   176  145s
 16255  4522 4637.86666   27  197 4650.00000 4572.62145  1.66%   177  153s
 17020  4621 4602.42863   30  217 4650.00000 4575.72757  1.60%   177  157s
 17744  4736 4609.95392   32  152 4650.00000 4576.60260  1.58%   177  161s
 18475  4804 4634.21837   31  173 4650.00000 4578.98115  1.53%   178  165s
 19295  4868 4622.94974   40  157 4650.00000 4580.80822  1.49%   178  170s
 20254  4989     cutoff   34      4650.00000 4583.06256  1.44%   178  175s
 21184  5041 4629.48872   31  249 4650.00000 4584.99754  1.40%   178  180s
 21626  5100 4624.44634   29  211 4650.00000 4586.56799  1.36%   179  185s
 22286  5162     cutoff   37      4650.00000 4587.77357  1.34%   179  190s
 23327  5200 4641.80566   30   74 4650.00000 4590.25831  1.28%   179  195s
 24381  5277 4617.04274   35  170 4650.00000 4592.72596  1.23%   178  203s
 25785  5342 4633.94768   31  114 4650.00000 4595.06990  1.18%   177  207s
 26707  5381     cutoff   32      4650.00000 4596.97173  1.14%   177  211s
 27718  5403     cutoff   38      4650.00000 4599.40296  1.09%   176  216s
 28472  5394     cutoff   33      4650.00000 4600.97291  1.05%   176  220s
 29514  5341     cutoff   34      4650.00000 4601.44987  1.04%   175  225s
 30094  5311     cutoff   29      4650.00000 4602.46598  1.02%   175  231s
H30266  4777                    4639.0000000 4602.82102  0.78%   175  231s
 30702  4485 4619.71310   37  179 4639.00000 4603.32074  0.77%   175  236s
 32160  4115 4630.65944   37  140 4639.00000 4608.02689  0.67%   174  242s
 33648  3551     cutoff   36      4639.00000 4610.98342  0.60%   173  248s
 35391  2834 4633.49912   38  131 4639.00000 4614.96324  0.52%   171  255s
 36974  1597 4637.67573   39  124 4639.00000 4620.08616  0.41%   170  260s

Cutting planes:
  Gomory: 1
  Lift-and-project: 2
  Cover: 320
  Implied bound: 7
  Clique: 49
  MIR: 220
  Knapsack: 11
  StrongCG: 158
  Flow cover: 466
  GUB cover: 28
  Inf proof: 2
  Zero half: 52
  Mod-K: 1
  RLT: 65
  Relax-and-lift: 104
  BQP: 6

Explored 40672 nodes (6579491 simplex iterations) in 263.12 seconds (227.86 work units)
Thread count was 22 (of 22 available processors)

Solution count 4: 4639 4650 4660 4689 

Optimal solution found (tolerance 1.00e-04)
Best objective 4.639000000000e+03, best bound 4.639000000000e+03, gap 0.0000%

User-callback calls 102936, time in user-callback 0.20 sec
Set parameter LogToConsole to value 0
