FIXINGS_START
(0, 0, 0)
(0, 8, 0)
(1, 0, 0)
(1, 1, 0)
(3, 9, 0)
(4, 0, 0)
(5, 0, 0)
(5, 1, 0)
(6, 0, 0)
(7, 0, 0)
(8, 0, 0)
(8, 6, 0)
(9, 0, 0)
(9, 6, 0)
(10, 3, 0)
(11, 0, 0)
(11, 6, 0)
(12, 0, 0)
(12, 4, 0)
(13, 0, 0)
(15, 4, 0)
(11, 3, 19)
(8, 5, 0)
(11, 4, 21)
(11, 5, 21)
(11, 7, 0)
(7, 1, 7)
(5, 2, 32)
(6, 1, 0)
(0, 3, 4)
(15, 1, 0)
(0, 5, 1)
(6, 3, 17)
(0, 7, 0)
(15, 2, 0)
(3, 0, 0)
(7, 2, 0)
(5, 3, 15)
(5, 4, 0)
(4, 1, 24)
(12, 1, 0)
(5, 6, 0)
(2, 0, 0)
(9, 1, 0)
(12, 2, 0)
(14, 0, 0)
(2, 6, 0)
(9, 3, 8)
(3, 3, 6)
(2, 7, 0)
(3, 6, 0)
(14, 1, 0)
(14, 2, 0)
(6, 4, 0)
(9, 5, 0)
FIXINGS_END
time 2.503
GUROBI
Status INFEASIBLE
Runtime 2.5029518604278564
NodeCount 67.0
IterCount 13552.0
NumVars 5200
NumConstrs 28069
ObjBound inf
ObjBoundC inf
ObjVal None
MIPGap inf
