FIXINGS_START
(0, 0, 0)
(0, 8, 0)
(1, 0, 0)
(1, 1, 0)
(3, 9, 0)
(4, 0, 0)
(5, 0, 0)
(5, 1, 0)
(6, 0, 0)
(7, 0, 0)
(8, 0, 0)
(8, 6, 0)
(9, 0, 0)
(9, 6, 0)
(10, 3, 0)
(11, 0, 0)
(11, 6, 0)
(12, 0, 0)
(12, 4, 0)
(13, 0, 0)
(15, 4, 0)
(8, 5, 0)
(5, 4, 0)
(15, 1, 0)
(11, 7, 0)
(5, 5, 30)
(11, 8, 27)
(1, 2, 0)
(1, 4, 24)
(3, 6, 0)
(15, 2, 0)
(14, 0, 0)
(1, 6, 0)
(11, 9, 24)
(5, 6, 0)
(12, 1, 0)
(12, 2, 0)
(0, 2, 32)
(7, 1, 7)
(14, 1, 0)
(7, 2, 0)
(9, 1, 0)
(14, 2, 0)
(14, 4, 0)
(6, 1, 0)
(10, 1, 0)
(10, 2, 18)
(6, 4, 0)
(9, 5, 0)
(9, 7, 0)
(0, 3, 4)
(0, 4, 0)
(0, 5, 1)
(0, 7, 0)
(2, 0, 0)
FIXINGS_END
found_sol 4705.0 time 9.329
found_sol 4700.0 time 9.580
found_sol 4659.0 time 10.911
found_sol 4650.0 time 16.206
found_sol 4650.0 time 17.400
time 17.405
GUROBI
Status OPTIMAL
Runtime 17.40457582473755
NodeCount 9274.0
IterCount 696770.0
NumVars 5200
NumConstrs 28069
ObjBound 4650.0
ObjBoundC 4650.0
ObjVal 4650.0
MIPGap 0.0
