FIXINGS_START
(0, 0, 0)
(0, 9, 0)
(1, 0, 0)
(2, 0, 0)
(2, 6, 0)
(3, 0, 0)
(4, 9, 0)
(5, 0, 0)
(6, 0, 0)
(6, 4, 0)
(8, 0, 0)
(8, 4, 0)
(9, 0, 0)
(9, 7, 0)
(10, 0, 0)
(11, 0, 0)
(12, 0, 0)
(13, 0, 0)
(14, 0, 0)
(14, 8, 0)
(3, 1, 0)
(4, 0, 0)
(9, 3, 0)
(3, 2, 0)
(4, 1, 0)
(2, 2, 0)
(8, 6, 0)
(10, 3, 0)
(13, 1, 0)
(2, 3, 0)
(1, 1, 0)
(7, 1, 0)
(13, 2, 0)
(9, 4, 0)
(0, 4, 0)
(11, 2, 0)
(2, 4, 0)
(9, 6, 22)
(4, 3, 0)
(10, 4, 0)
(7, 2, 0)
(7, 3, 0)
(7, 4, 0)
(3, 3, 0)
(11, 3, 0)
(2, 7, 0)
(11, 4, 0)
(5, 2, 0)
(12, 3, 0)
(12, 4, 0)
(14, 1, 0)
(14, 2, 0)
FIXINGS_END
time 2.951
GUROBI
Status INFEASIBLE
Runtime 2.9511830806732178
NodeCount 5.0
IterCount 7409.0
NumVars 4900
NumConstrs 25224
ObjBound inf
ObjBoundC inf
ObjVal None
MIPGap inf
