FIXINGS_START
(0, 0, 0)
(0, 9, 0)
(1, 0, 0)
(2, 0, 0)
(2, 6, 0)
(3, 0, 0)
(4, 9, 0)
(5, 0, 0)
(6, 0, 0)
(6, 4, 0)
(8, 0, 0)
(8, 4, 0)
(9, 0, 0)
(9, 7, 0)
(10, 0, 0)
(11, 0, 0)
(12, 0, 0)
(13, 0, 0)
(14, 0, 0)
(14, 8, 0)
(4, 0, 0)
(4, 1, 0)
(4, 3, 0)
(4, 7, 0)
(11, 2, 0)
(9, 3, 0)
(10, 3, 0)
(11, 3, 0)
(7, 1, 0)
(12, 3, 0)
(13, 1, 0)
(14, 1, 0)
(1, 1, 0)
(11, 4, 0)
(5, 2, 0)
(0, 1, 23)
(7, 2, 0)
(3, 1, 0)
(9, 4, 0)
(6, 6, 0)
(2, 1, 4)
(7, 3, 0)
(8, 6, 0)
(7, 4, 0)
(3, 2, 0)
(0, 2, 7)
(12, 4, 0)
(13, 2, 0)
(14, 2, 0)
(7, 5, 0)
(6, 7, 26)
(2, 2, 0)
FIXINGS_END
found_sol 4061.0 time 2.204
found_sol 4006.0 time 2.205
found_sol 3994.0 time 2.206
time 2.247
GUROBI
Status OPTIMAL
Runtime 2.247019052505493
NodeCount 449.0
IterCount 12696.0
NumVars 4900
NumConstrs 25224
ObjBound 3994.0
ObjBoundC 3994.0
ObjVal 3994.0
MIPGap 0.0
