
Gurobi 13.0.0 (linux64) logging started Mon Jan  5 03:25:29 2026

Set parameter LogFile to value "../experiments/network-n_40_s_2_rp_0-app_set-id_16_10_apps/compact_model_gurobi.log"
Set parameter TimeLimit to value 900
Gurobi Optimizer version 13.0.0 build v13.0.0rc1 (linux64 - "Ubuntu 24.04.3 LTS")

CPU model: Intel(R) Core(TM) Ultra 7 165H, instruction set [SSE2|AVX|AVX2]
Thread count: 22 physical cores, 22 logical processors, using up to 22 threads

Non-default parameters:
TimeLimit  900
LogToConsole  0

Academic license 2539022 - for non-commercial use only - registered to al___@studenti.unimi.it
Optimize a model with 8897 rows, 2600 columns and 21323 nonzeros (Min)
Model fingerprint: 0x73155114
Model has 2600 linear objective coefficients
Model has 126 quadratic constraints
Variable types: 0 continuous, 2600 integer (2600 binary)
Coefficient statistics:
  Matrix range     [1e+00, 9e+02]
  QMatrix range    [5e+01, 2e+02]
  Objective range  [1e+01, 2e+02]
  Bounds range     [1e+00, 1e+00]
  RHS range        [1e+00, 1e+09]
  QRHS range       [1e+02, 6e+02]
Presolve removed 8416 rows and 1607 columns
Presolve time: 0.05s
Presolved: 6666 rows, 7053 columns, 41728 nonzeros
Variable types: 0 continuous, 7053 integer (7053 binary)

Root relaxation: objective 2.523659e+03, 772 iterations, 0.05 seconds (0.06 work units)

    Nodes    |    Current Node    |     Objective Bounds      |     Work
 Expl Unexpl |  Obj  Depth IntInf | Incumbent    BestBd   Gap | It/Node Time

     0     0 2523.65874    0  129          - 2523.65874      -     -    0s
     0     0 2579.74267    0  159          - 2579.74267      -     -    0s
     0     0 2587.84786    0  160          - 2587.84786      -     -    0s
     0     0 2588.27300    0  163          - 2588.27300      -     -    0s
     0     0 2618.10928    0  158          - 2618.10928      -     -    1s
     0     0 2622.14627    0  186          - 2622.14627      -     -    1s
     0     0 2622.78475    0  185          - 2622.78475      -     -    1s
     0     0 2629.06379    0  144          - 2629.06379      -     -    1s
     0     0 2635.16004    0  214          - 2635.16004      -     -    1s
     0     0 2637.91268    0  176          - 2637.91268      -     -    1s
     0     0 2639.25032    0  233          - 2639.25032      -     -    1s
     0     0 2649.93062    0  232          - 2649.93062      -     -    1s
     0     0 2649.97982    0  227          - 2649.97982      -     -    1s
     0     0 2649.97982    0  223          - 2649.97982      -     -    1s
     0     2 2649.98815    0  215          - 2649.98815      -     -    2s
   605   594 2698.88221   19  120          - 2658.64711      -   100    5s
  1391  1276 2725.76333   34   56          - 2671.92443      -  76.6   10s
H 2210  1883                    2875.0000000 2676.58694  6.90%  70.1   12s
H 2643  2015                    2850.0000000 2676.58694  6.08%  67.4   13s
  3262  2310 2784.94122   29 2998 2850.00000 2681.63024  5.91%  67.2   16s
H 3297  2215                    2841.0000000 2681.63024  5.61%  66.5   19s
  3305  2221 2734.20083   19  249 2841.00000 2681.63024  5.61%  66.3   20s
  3372  2265 2752.12362   29  233 2841.00000 2681.63024  5.61%  65.0   25s
  3513  2407 2747.32726   17  222 2841.00000 2687.46850  5.40%  75.9   30s
H 3677  2357                    2837.0000000 2687.46850  5.27%  79.8   31s
  3958  2493 2747.36865   22  157 2837.00000 2688.83300  5.22%  83.3   35s
  4472  2569 2781.36509   27   95 2837.00000 2696.21886  4.96%  87.1   40s
  4711  2616 2730.02772   16   72 2837.00000 2700.14573  4.82%  88.4   45s
  5299  2733 2756.70752   22  101 2837.00000 2707.27379  4.57%  91.3   50s
H 5397  2681                    2832.0000000 2707.72676  4.39%  91.8   50s
* 5499  2539              31    2829.0000000 2709.13981  4.24%  92.3   50s
  6494  2865 2736.42970   29  149 2829.00000 2709.67855  4.22%  93.7   55s
  7488  3126 2772.54753   27   98 2829.00000 2720.12040  3.85%  94.4   60s
  8864  3493 2795.03318   38  124 2829.00000 2724.24487  3.70%  93.2   65s
 10072  4019 2783.52245   30  113 2829.00000 2726.04114  3.64%  93.3   70s
 11714  4920 2761.85944   25  112 2829.00000 2732.64784  3.41%  93.3   76s
 12755  5328     cutoff   34      2829.00000 2733.78943  3.37%  92.9   80s
 14290  5836 2788.23106   30   79 2829.00000 2736.88748  3.26%  93.1   85s
H14517  5954                    2824.0000000 2737.54060  3.06%  93.1   88s
 14870  6188     cutoff   40      2824.00000 2737.59011  3.06%  93.1   90s
 16902  7034 2785.84468   18  133 2824.00000 2739.98819  2.97%  93.3   96s
 18331  7631     cutoff   26      2824.00000 2741.10385  2.94%  92.4  101s
 20063  8314     cutoff   33      2824.00000 2743.47371  2.85%  92.3  106s
 21934  8968 2800.39722   24   87 2824.00000 2745.23274  2.79%  91.8  111s
 23810  9799 2790.09931   38   82 2824.00000 2746.73743  2.74%  91.7  117s
 24843 10286 infeasible   27      2824.00000 2746.75352  2.74%  91.5  122s
 26745 10892 2781.13037   34  116 2824.00000 2749.44144  2.64%  91.1  127s
 27906 11271 2793.17723   26  101 2824.00000 2750.45104  2.60%  90.7  130s
H28942 11346                    2822.0000000 2750.96099  2.52%  90.8  133s
H29126 11316                    2821.0000000 2750.96099  2.48%  90.8  133s
 29227 11653 2817.08542   38  136 2821.00000 2750.96099  2.48%  90.8  136s
 31668 12358 2791.97161   18   58 2821.00000 2753.00917  2.41%  90.5  143s
 33102 12840 2785.64345   23  133 2821.00000 2754.13197  2.37%  90.2  146s
 34604 13115 2787.02558   28  121 2821.00000 2755.00307  2.34%  89.8  150s
H36421 10397                    2800.0000000 2755.86357  1.58%  89.7  153s
H36422  9112                    2795.0000000 2755.86357  1.40%  89.7  153s
 37143  8924     cutoff   34      2795.00000 2756.33187  1.38%  89.6  157s
 38662  8968 2771.25961   28  124 2795.00000 2757.61044  1.34%  89.7  161s
 40038  9033     cutoff   36      2795.00000 2759.62918  1.27%  89.8  165s
 43610  8979 2789.31409   35  107 2795.00000 2763.21298  1.14%  89.6  174s
 45584  8907     cutoff   18      2795.00000 2764.77789  1.08%  89.4  178s
 47049  8668     cutoff   32      2795.00000 2766.35464  1.02%  89.3  182s
 49292  8350     cutoff   33      2795.00000 2767.87234  0.97%  89.0  187s
 51530  7852 2780.09474   31  127 2795.00000 2770.31174  0.88%  88.6  192s
 53984  7166 infeasible   27      2795.00000 2772.38796  0.81%  88.0  197s
 56359  6513     cutoff   43      2795.00000 2774.66018  0.73%  87.5  202s
 58267  5154 2791.72197   26  107 2795.00000 2775.04291  0.71%  86.9  206s
 61372  3553     cutoff   32      2795.00000 2780.21907  0.53%  85.8  211s
 66586     0     cutoff   31      2795.00000 2788.46875  0.23%  83.0  215s

Cutting planes:
  Gomory: 6
  Lift-and-project: 5
  Cover: 617
  Clique: 49
  MIR: 216
  Knapsack: 8
  StrongCG: 127
  Flow cover: 145
  GUB cover: 19
  Inf proof: 1
  Zero half: 76
  Mod-K: 1
  RLT: 145
  Relax-and-lift: 197
  BQP: 14

Explored 68378 nodes (5561104 simplex iterations) in 215.92 seconds (123.16 work units)
Thread count was 22 (of 22 available processors)

Solution count 10: 2795 2800 2821 ... 2850

Optimal solution found (tolerance 1.00e-04)
Best objective 2.795000000000e+03, best bound 2.795000000000e+03, gap 0.0000%

User-callback calls 155736, time in user-callback 0.21 sec
