
Gurobi 13.0.0 (linux64) logging started Fri Jan  2 16:19:30 2026

Set parameter LogFile to value "../experiments/network-n_50_s_1_rp_0-app_set-id_60_25_apps/compact_model_gurobi.log"
Set parameter TimeLimit to value 900
Gurobi Optimizer version 13.0.0 build v13.0.0rc1 (linux64 - "Ubuntu 24.04.3 LTS")

CPU model: Intel(R) Core(TM) Ultra 7 165H, instruction set [SSE2|AVX|AVX2]
Thread count: 22 physical cores, 22 logical processors, using up to 22 threads

Non-default parameters:
TimeLimit  900
LogToConsole  0

Academic license 2539022 - for non-commercial use only - registered to al___@studenti.unimi.it
Optimize a model with 44228 rows, 8100 columns and 99940 nonzeros (Min)
Model fingerprint: 0x113b8b01
Model has 8100 linear objective coefficients
Model has 164 quadratic constraints
Variable types: 0 continuous, 8100 integer (8100 binary)
Coefficient statistics:
  Matrix range     [1e+00, 9e+02]
  QMatrix range    [5e+01, 2e+02]
  Objective range  [1e+01, 2e+02]
  Bounds range     [1e+00, 1e+00]
  RHS range        [1e+00, 1e+09]
  QRHS range       [1e+02, 6e+02]
Presolve removed 42314 rows and 4757 columns
Presolve time: 0.46s
Presolved: 43851 rows, 45104 columns, 274812 nonzeros
Variable types: 0 continuous, 45104 integer (45104 binary)
Deterministic concurrent LP optimizer: primal and dual simplex
Showing primal log only...

Concurrent spin time: 0.10s

Solved with dual simplex

Root relaxation: infeasible, 9056 iterations, 2.70 seconds (3.69 work units)

    Nodes    |    Current Node    |     Objective Bounds      |     Work
 Expl Unexpl |  Obj  Depth IntInf | Incumbent    BestBd   Gap | It/Node Time

     0     0 infeasible    0               - infeasible      -     -    4s

Explored 1 nodes (9056 simplex iterations) in 4.72 seconds (5.35 work units)
Thread count was 22 (of 22 available processors)

Solution count 0

Model is infeasible
Best objective -, best bound -, gap -

User-callback calls 940, time in user-callback 0.00 sec
