
Gurobi 13.0.0 (linux64) logging started Fri Jan 16 08:23:41 2026

Set parameter LogFile to value "../experiments/network-n_60_s_0_rp_0-app_set-id_53_22_apps/submip_30_epr1_model_gurobi.log"
Set parameter TimeLimit to value 8.0900092968899116e+02
Gurobi Optimizer version 13.0.0 build v13.0.0rc1 (linux64 - "Ubuntu 24.04.3 LTS")

CPU model: Intel(R) Core(TM) Ultra 7 165H, instruction set [SSE2|AVX|AVX2]
Thread count: 22 physical cores, 22 logical processors, using up to 22 threads

Non-default parameters:
TimeLimit  8.0900092968899116e+02
LogToConsole  0

Academic license 2539022 - for non-commercial use only - registered to al___@studenti.unimi.it
Optimize a model with 42222 rows, 8580 columns and 96283 nonzeros (Min)
Model fingerprint: 0x0134cbf9
Model has 8580 linear objective coefficients
Model has 200 quadratic constraints
Variable types: 0 continuous, 8580 integer (8580 binary)
Coefficient statistics:
  Matrix range     [1e+00, 9e+02]
  QMatrix range    [5e+01, 2e+02]
  Objective range  [1e+01, 2e+02]
  Bounds range     [1e+00, 1e+00]
  RHS range        [1e+00, 1e+09]
  QRHS range       [1e+02, 6e+02]
Presolve removed 41420 rows and 6459 columns
Presolve time: 0.22s
Presolved: 22450 rows, 23521 columns, 137469 nonzeros
Variable types: 0 continuous, 23521 integer (23521 binary)
Deterministic concurrent LP optimizer: primal and dual simplex
Showing primal log only...

Concurrent spin time: 0.10s (can be avoided by choosing Method=3)

Solved with dual simplex

Root relaxation: objective 5.307336e+03, 2860 iterations, 0.64 seconds (0.54 work units)

    Nodes    |    Current Node    |     Objective Bounds      |     Work
 Expl Unexpl |  Obj  Depth IntInf | Incumbent    BestBd   Gap | It/Node Time

     0     0 5307.33586    0  196          - 5307.33586      -     -    1s
     0     0 5307.40625    0  183          - 5307.40625      -     -    1s
     0     0 5400.41697    0  250          - 5400.41697      -     -    2s
     0     0 5474.42511    0  245          - 5474.42511      -     -    2s
     0     0 5498.39233    0  275          - 5498.39233      -     -    3s
     0     0 5500.37603    0  267          - 5500.37603      -     -    3s
     0     0 5500.39874    0  269          - 5500.39874      -     -    3s
     0     0 5500.63418    0  268          - 5500.63418      -     -    3s
     0     0 5555.37138    0  270          - 5555.37138      -     -    5s
     0     0 5555.37196    0  267          - 5555.37196      -     -    5s
     0     0 5583.26372    0  278          - 5583.26372      -     -    6s
     0     0 5599.86302    0  276          - 5599.86302      -     -    6s
     0     0 5606.42058    0  287          - 5606.42058      -     -    7s
     0     0 5612.01295    0  320          - 5612.01295      -     -    7s
     0     0 5613.39335    0  319          - 5613.39335      -     -    7s
     0     0 5666.64627    0  315          - 5666.64627      -     -    8s
     0     0 5680.94688    0  349          - 5680.94688      -     -    9s
     0     0 5690.84962    0  358          - 5690.84962      -     -    9s
     0     0 5693.42382    0  352          - 5693.42382      -     -   10s
     0     0 5717.41033    0  303          - 5717.41033      -     -   11s
     0     0 5717.51291    0  301          - 5717.51291      -     -   11s
     0     0 5717.51291    0  301          - 5717.51291      -     -   11s
     0     2 5717.51639    0  291          - 5717.51639      -     -   13s
    15    32 5730.52499    4  313          - 5726.80806      -   299   15s
   186   206 5751.04296    9  305          - 5734.75073      -   205   21s
   339   346 5767.32791   14  287          - 5734.75073      -   181   25s
   588   587 5783.53362   22  278          - 5734.75073      -   165   30s
   755   723 5806.08365   27  265          - 5734.75073      -   160   35s
   939   861 5813.10119   32  254          - 5734.75073      -   163   40s
  1049   970 5824.60944   35  255          - 5734.75073      -   164   45s
  1294  1155 infeasible   38               - 5734.75073      -   155   50s
  1476  1297 5884.90148   40  260          - 5744.93060      -   155   55s
  1685  1439 5943.14321   42  228          - 5745.68895      -   155   60s
  1842  1576 6108.58715   54  194          - 5745.68895      -   153   65s
  2037  1642 5815.85977   15  248          - 5748.36106      -   153   71s
  2149  1704 5870.80718   20  232          - 5748.55134      -   155   75s
  2357  1817 6090.33021   28  202          - 5748.55134      -   159   82s
  2513  1908 infeasible   34               - 5751.45816      -   163   87s
  2735  2056 6012.66290   12  247          - 5752.33679      -   167   92s
  3063  2222 6092.52810   19  224          - 5752.95214      -   167   97s
  3230  2343 5817.08181   10  276          - 5752.95214      -   168  100s
  3675  2442 5846.30727    8 10187          - 5752.95214      -   168  110s
  3679  2445 5837.59042   47  317          - 5752.95214      -   168  116s
  3683  2447 5762.88150   11  324          - 5752.95214      -   168  120s
  3698  2457 5925.45946   43  421          - 5770.43687      -   167  125s
  3717  2470 6031.42859   35  466          - 5794.20273      -   167  130s
  3730  2479 5832.91518   19  419          - 5832.91518      -   166  135s
  3750  2492 5845.49457   18  436          - 5845.49457      -   165  140s
  3768  2504 5863.88564   25  486          - 5863.88564      -   164  145s
  3782  2513 5930.00079   35  539          - 5876.89477      -   164  150s
  3799  2525 5992.16047   18  525          - 5880.89346      -   163  155s
  3813  2534 5981.67308   26  516          - 5897.00727      -   162  160s
  3832  2547 5910.86363   13  526          - 5910.86363      -   162  165s
  3845  2555 6105.22154   32  532          - 5919.63238      -   161  170s
  3860  2565 6084.75909   14  556          - 5924.64952      -   160  175s
  3866  2569 5928.23162   26  528          - 5928.23162      -   160  180s
  3875  2575 5932.93520    8  507          - 5932.93520      -   160  185s
  3885  2582 5938.44107   12  501          - 5938.44107      -   159  193s
  3890  2585 6040.08373   16  533          - 5940.63066      -   159  195s
  3906  2596 6022.45979   37  512          - 5945.00662      -   159  200s
  3927  2610 6136.70875   55  587          - 5946.67657      -   158  205s
  3942  2620 5947.26298   25  607          - 5947.26298      -   157  210s
  3953  2627 5950.06059   18  612          - 5950.06059      -   157  215s
  3969  2638 6051.93881   56  599          - 5950.83513      -   156  220s
  3979  2645 5951.39068   47  615          - 5951.39068      -   156  225s
  3985  2650 5951.39068   12  214          - 5951.39068      -   169  232s
  3988  2652 5951.39068   40  273          - 5951.39068      -   169  235s
  3992  2655 5954.18721   13  402          - 5954.18721      -   169  240s
  4001  2661 5960.62488   29  547          - 5960.62488      -   169  245s
  4014  2670 6006.67106   37  588          - 5960.62488      -   168  250s
  4029  2680 5960.62488   22  550          - 5960.62488      -   168  255s
  4041  2688 5960.62488   19  594          - 5960.62488      -   167  260s
  4053  2696 5960.62488   18  569          - 5960.62488      -   167  265s
  4058  2699 5960.62488   25  550          - 5960.62488      -   166  270s
  4072  2708 5964.50375   26  535          - 5964.50375      -   166  275s
  4080  2714 6185.67966   49  475          - 5967.89484      -   165  283s
  4086  2718 5968.15060   36  526          - 5968.15060      -   165  285s
  4102  2728 5972.55367   22  497          - 5972.55367      -   165  290s
  4119  2740 6019.63720   21  560          - 5976.48351      -   164  295s
  4133  2749 5977.36704   51  561          - 5977.36704      -   163  300s
  4146  2758 5979.02862   31  562          - 5979.02862      -   163  305s
  4159  2766 6248.41791   30  569          - 5979.87409      -   162  310s
  4170  2774 5980.49827   17  579          - 5980.49827      -   162  315s
  4186  2784 5983.81751   36  519          - 5983.81751      -   161  320s
  4191  2788 5984.56338   15  515          - 5984.56338      -   161  328s
  4194  2790 5985.43382   20  511          - 5985.43382      -   161  330s
  4207  2798 6051.50478   34  556          - 5986.15758      -   160  335s
  4212  2802 5986.68466   18  529          - 5986.68466      -   160  345s
  4215  2809 6003.84802   29  470          - 5994.61052      -   170  350s
  4227  2825 6094.36618   31  417          - 6002.21635      -   171  355s
  4265  2878 6102.17813   33  425          - 6007.68883      -   177  363s
  4317  2880 6106.55699   35  400          - 6008.67320      -   179  369s
  4340  2880 infeasible   35               - 6014.20392      -   181  374s
  4378  2882 6117.47542   36  455          - 6014.58722      -   186  378s
  4415  2897 infeasible   36               - 6020.75214      -   190  383s
  4454  2914 6165.95885   37  413          - 6020.75214      -   194  387s
  4488  2926 6207.88676   38  358          - 6023.04775      -   196  392s
  4515  2938 6504.70838   38  325          - 6023.04775      -   198  396s
  4546  2948 6215.35220   39  342          - 6023.10252      -   200  400s
  4597  2962 6297.90776   40  377          - 6023.10252      -   205  409s
  4626  2974 6226.89101   41  360          - 6028.94019      -   206  413s
  4651  2988 6231.74096   42  341          - 6028.94019      -   208  417s
  4678  3001 6252.80043   43  313          - 6028.94019      -   211  421s
  4710  3017 6328.49391   43  309          - 6028.94019      -   213  425s
  4746  3024 6268.72317   44  319          - 6028.94019      -   214  430s
  4819  3041 6324.27109   45  321          - 6033.62773      -   219  438s
  4861  3052 infeasible   45               - 6033.62773      -   220  442s
  4912  3066 infeasible   46               - 6047.52544      -   223  446s
  4961  3079 6403.45249   45  278          - 6048.01737      -   225  451s
  5022  3092 infeasible   46               - 6048.01737      -   227  455s
  5081  3094 infeasible   49               - 6050.43040      -   230  460s
  5141  3109 6151.84341   39  377          - 6050.43040      -   232  465s
  5190  3131 6180.71532   39  383          - 6053.50368      -   236  471s
  5244  3147 6168.17134   40  387          - 6053.50368      -   239  476s
  5312  3157 6188.27304   41  331          - 6053.50368      -   242  481s
  5377  3171 6173.73660   40  376          - 6053.77760      -   246  489s
  5459  3162 6291.22032   41  317          - 6053.77760      -   248  495s
  5547  3181 6211.39628   42  319          - 6053.77760      -   252  501s
  5625  3206 6282.09727   41  333          - 6057.35579      -   255  507s
  5704  3237 infeasible   43               - 6059.98991      -   257  513s
  5800  3212 6113.18291   39  376          - 6060.67301      -   259  520s
  5837  3220 6131.69296   39  355          - 6060.67301      -   260  526s
  5865  3235 6117.83778   40  399          - 6060.67301      -   261  534s
  5899  3261 6136.51396   41  341          - 6060.67301      -   262  541s
  5949  3287 6162.31496   42  313          - 6060.67301      -   263  548s
  6060  3301 6171.53815   43  340          - 6060.67301      -   265  556s
  6198  3333 6175.91626   43  304          - 6065.33117      -   269  564s
  6335  3343 6312.13948   47  288          - 6070.26940      -   272  572s
  6485  3362 infeasible   49               - 6073.52761      -   276  580s
  6647  3351 infeasible   52               - 6073.52761      -   279  589s
  6816  3314 6166.95132   45  289          - 6081.76247      -   282  597s
  6841  3319 6168.45941   46  288          - 6081.76247      -   283  607s
  6871  3318 6171.69142   47  292          - 6081.76247      -   284  616s
  6906  3321 6189.97287   48  260          - 6081.76247      -   285  625s
  6936  3321 infeasible   48               - 6081.76247      -   285  635s
  6970  3323 infeasible   50               - 6081.76247      -   286  645s
  7028  3358 6153.35064   39  296          - 6081.76247      -   287  655s
  7132  3396 6205.21167   40  266          - 6085.54583      -   289  665s
  7321  3380 6284.62098   42  245          - 6087.61883      -   292  677s
  7489  3416 6257.79477   45  221          - 6091.01362      -   295  688s
  7737  3400 6227.02376   44  297          - 6092.82600      -   298  699s
  7995  3398 6203.28033   38  322          - 6093.87643      -   303  711s
  8276  3318 6191.44094   43  325          - 6093.87643      -   306  723s
  8306  3329 6193.12345   44  326          - 6100.77743      -   307  736s
  8345  3365 6228.82713   45  310          - 6100.77743      -   308  749s
  8528  3395 6314.97270   49  240          - 6102.70727      -   311  762s
  8797  3358 infeasible   48               - 6102.81289      -   316  775s
  9051  3343 6383.64034   45  303          - 6106.28670      -   320  789s
  9381  3304 6362.01157   64  232          - 6112.86476      -   324  803s
  9658  3232 infeasible   38               - 6115.67930      -   328  809s

Cutting planes:
  Gomory: 1
  Cover: 91
  Clique: 40
  MIR: 112
  Knapsack: 5
  StrongCG: 60
  Flow cover: 232
  GUB cover: 20
  Zero half: 42
  RLT: 37
  Relax-and-lift: 289

Explored 9799 nodes (3239097 simplex iterations) in 809.07 seconds (690.60 work units)
Thread count was 22 (of 22 available processors)

Solution count 0

Time limit reached
Best objective -, best bound 6.117000000000e+03, gap -

User-callback calls 151461, time in user-callback 1.00 sec
Set parameter LogToConsole to value 0
