
Gurobi 13.0.0 (linux64) logging started Mon Jan  5 00:19:18 2026

Set parameter LogFile to value "../experiments/network-n_30_s_2_rp_0-app_set-id_66_27_apps/compact_model_gurobi.log"
Set parameter TimeLimit to value 900
Gurobi Optimizer version 13.0.0 build v13.0.0rc1 (linux64 - "Ubuntu 24.04.3 LTS")

CPU model: Intel(R) Core(TM) Ultra 7 165H, instruction set [SSE2|AVX|AVX2]
Thread count: 22 physical cores, 22 logical processors, using up to 22 threads

Non-default parameters:
TimeLimit  900
LogToConsole  0

Academic license 2539022 - for non-commercial use only - registered to al___@studenti.unimi.it
Optimize a model with 10922 rows, 5280 columns and 28872 nonzeros (Min)
Model fingerprint: 0x981885f5
Model has 5280 linear objective coefficients
Model has 100 quadratic constraints
Variable types: 0 continuous, 5280 integer (5280 binary)
Coefficient statistics:
  Matrix range     [1e+00, 9e+02]
  QMatrix range    [5e+01, 2e+02]
  Objective range  [1e+01, 2e+02]
  Bounds range     [1e+00, 1e+00]
  RHS range        [1e+00, 1e+09]
  QRHS range       [1e+02, 6e+02]
Presolve removed 9956 rows and 3258 columns
Presolve time: 0.11s
Presolved: 15295 rows, 16252 columns, 88535 nonzeros
Variable types: 0 continuous, 16252 integer (16252 binary)

Root relaxation: infeasible, 1175 iterations, 0.06 seconds (0.07 work units)

    Nodes    |    Current Node    |     Objective Bounds      |     Work
 Expl Unexpl |  Obj  Depth IntInf | Incumbent    BestBd   Gap | It/Node Time

     0     0 infeasible    0               - infeasible      -     -    0s

Explored 1 nodes (1175 simplex iterations) in 0.59 seconds (0.57 work units)
Thread count was 22 (of 22 available processors)

Solution count 0

Model is infeasible
Best objective -, best bound -, gap -

User-callback calls 722, time in user-callback 0.00 sec
