
Gurobi 13.0.0 (linux64) logging started Sun Jan  4 01:14:13 2026

Set parameter LogFile to value "../experiments/network-n_60_s_2_rp_0-app_set-id_31_15_apps/compact_model_gurobi.log"
Set parameter TimeLimit to value 900
Gurobi Optimizer version 13.0.0 build v13.0.0rc1 (linux64 - "Ubuntu 24.04.3 LTS")

CPU model: Intel(R) Core(TM) Ultra 7 165H, instruction set [SSE2|AVX|AVX2]
Thread count: 22 physical cores, 22 logical processors, using up to 22 threads

Non-default parameters:
TimeLimit  900
LogToConsole  0

Academic license 2539022 - for non-commercial use only - registered to al___@studenti.unimi.it
Optimize a model with 34243 rows, 5880 columns and 76785 nonzeros (Min)
Model fingerprint: 0x3a42e035
Model has 5880 linear objective coefficients
Model has 190 quadratic constraints
Variable types: 0 continuous, 5880 integer (5880 binary)
Coefficient statistics:
  Matrix range     [1e+00, 9e+02]
  QMatrix range    [5e+01, 2e+02]
  Objective range  [1e+01, 2e+02]
  Bounds range     [1e+00, 1e+00]
  RHS range        [1e+00, 1e+09]
  QRHS range       [1e+02, 6e+02]
Presolve removed 32803 rows and 3327 columns
Presolve time: 0.52s
Presolved: 39767 rows, 40691 columns, 253831 nonzeros
Variable types: 0 continuous, 40691 integer (40691 binary)
Deterministic concurrent LP optimizer: primal and dual simplex
Showing primal log only...

Concurrent spin time: 0.05s

Solved with dual simplex

Root relaxation: objective 3.437665e+03, 2503 iterations, 0.48 seconds (0.75 work units)

    Nodes    |    Current Node    |     Objective Bounds      |     Work
 Expl Unexpl |  Obj  Depth IntInf | Incumbent    BestBd   Gap | It/Node Time

     0     0 3437.66471    0  311          - 3437.66471      -     -    2s
     0     0 3437.78855    0  309          - 3437.78855      -     -    2s
H    0     0                    5060.0000000 3437.78855  32.1%     -    2s
H    0     0                    4842.0000000 3437.78855  29.0%     -    2s
H    0     0                    4838.0000000 3437.79939  28.9%     -    3s
     0     0 3472.46126    0  239 4838.00000 3472.46126  28.2%     -    4s
H    0     0                    4760.0000000 3472.46126  27.0%     -    4s
H    0     0                    4218.0000000 3486.16272  17.4%     -    5s
H    0     0                    4185.0000000 3486.16272  16.7%     -    5s
H    0     0                    4100.0000000 3486.16272  15.0%     -    5s
     0     0 3486.16272    0  219 4100.00000 3486.16272  15.0%     -    5s
     0     0 3486.61441    0  257 4100.00000 3486.61441  15.0%     -    5s
     0     0 3486.66837    0  259 4100.00000 3486.66837  15.0%     -    5s
     0     0 3497.45912    0  302 4100.00000 3497.45912  14.7%     -    7s
     0     0 3500.25187    0  329 4100.00000 3500.25187  14.6%     -    7s
     0     0 3500.46925    0  426 4100.00000 3500.46925  14.6%     -    7s
     0     0 3500.47249    0  422 4100.00000 3500.47249  14.6%     -    7s
     0     0 3507.82875    0  277 4100.00000 3507.82875  14.4%     -    9s
     0     0 3511.21200    0  270 4100.00000 3511.21200  14.4%     -    9s
H    0     0                    4098.0000000 3513.02647  14.3%     -    9s
     0     0 3513.02647    0  312 4098.00000 3513.02647  14.3%     -    9s
     0     0 3513.23289    0  288 4098.00000 3513.23289  14.3%     -   10s
H    0     0                    4019.0000000 3513.23289  12.6%     -   10s
H    0     0                    4007.0000000 3513.23289  12.3%     -   10s
H    0     0                    3992.0000000 3518.70920  11.9%     -   11s
H    0     0                    3990.0000000 3518.70920  11.8%     -   11s
     0     0 3518.70920    0  291 3990.00000 3518.70920  11.8%     -   11s
     0     0 3518.71021    0  285 3990.00000 3518.71021  11.8%     -   11s
     0     0 3518.71021    0  285 3990.00000 3518.71021  11.8%     -   11s
H    0     0                    3943.0000000 3518.71149  10.8%     -   12s
H    0     0                    3920.0000000 3518.71149  10.2%     -   12s
H    0     2                    3909.0000000 3518.71149  10.0%     -   12s
     0     2 3518.71149    0  272 3909.00000 3518.71149  10.0%     -   12s
     7    16 3521.01705    3  288 3909.00000 3520.80443  9.93%   366   15s
H   68   110                    3888.0000000 3523.07091  9.39%   434   19s
H   95   110                    3768.0000000 3523.09023  6.50%   365   19s
H  120   146                    3766.0000000 3523.09023  6.45%   340   19s
   145   194 3524.76997    8  292 3766.00000 3523.09023  6.45%   327   20s
H  193   231                    3760.0000000 3523.09023  6.30%   298   21s
H  196   231                    3753.0000000 3523.09023  6.13%   299   21s
H  230   280                    3739.0000000 3523.09023  5.77%   284   21s
H  339   355                    3735.0000000 3523.09023  5.67%   254   23s
H  340   355                    3589.0000000 3523.09023  1.84%   254   23s
   394   419 3526.41327   14  265 3589.00000 3523.09023  1.84%   246   25s
   744   773 3533.41559   21  244 3589.00000 3523.09023  1.84%   219   30s
  1161  1119 3538.71998   24  269 3589.00000 3523.20754  1.83%   197   35s
  1530  1386 3538.85455   28  227 3589.00000 3523.22483  1.83%   187   41s
H 1584  1433                    3584.0000000 3523.22483  1.70%   188   42s
  1772  1590 3543.52990   31  203 3584.00000 3523.22483  1.70%   185   45s
  2091  1809 3554.95117   40  159 3584.00000 3524.46626  1.66%   185   51s
  2417  2081 3567.92788   55  145 3584.00000 3524.46626  1.66%   186   56s
  2588  2116 3533.87321   12  308 3584.00000 3525.23018  1.64%   185   61s
H 2596  2076                    3580.0000000 3525.23018  1.53%   185   61s
  2757  2325 3538.28143   15  228 3580.00000 3525.23018  1.53%   183   65s
  2934  2326 3557.67438   41 11000 3580.00000 3525.23018  1.53%   180   74s
  2936  2327 3548.90588   23  269 3580.00000 3525.23018  1.53%   180   80s
  2940  2330 3571.17434   29  264 3580.00000 3525.23018  1.53%   180   85s
  2962  2345 3535.56589   15  311 3580.00000 3525.23018  1.53%   179   90s
  2984  2359 3541.45370   34  348 3580.00000 3525.23018  1.53%   177   95s
  2990  2363 3555.50764   34  327 3580.00000 3525.23018  1.53%   177  100s
  2997  2377 3529.73648   12  294 3580.00000 3525.23018  1.53%   186  105s
  3021  2407 3534.68081   14  359 3580.00000 3528.03056  1.45%   190  112s
H 3029  2284                    3579.0000000 3528.03056  1.42%   193  112s
  3043  2329 3535.87495   15  292 3579.00000 3528.87069  1.40%   198  116s
  3140  2368 3545.18703   17  255 3579.00000 3528.87069  1.40%   203  122s
H 3144  2254                    3578.0000000 3528.87069  1.37%   203  122s
H 3148  2146                    3574.0000000 3528.87069  1.26%   203  122s
  3187  2161 3538.07614   18  278 3574.00000 3528.87069  1.26%   204  126s
H 3261  2058                    3572.0000000 3528.87069  1.21%   206  128s
  3278  2082 3538.45043   19  280 3572.00000 3528.87069  1.21%   206  131s
  3376  2118 3541.85143   21  244 3572.00000 3530.08609  1.17%   208  136s
H 3396  2014                    3571.0000000 3530.08609  1.15%   208  136s
  3476  2054 3544.57899   22  155 3571.00000 3530.08609  1.15%   209  141s
H 3486  1958                    3567.0000000 3530.08609  1.03%   209  141s
  3555  2003 3545.37355   23  167 3567.00000 3530.08609  1.03%   209  145s
  3644  2031 3547.77799   25  140 3567.00000 3530.08609  1.03%   209  150s
  3753  2062 3548.47085   27  142 3567.00000 3530.08609  1.03%   208  156s
  3924  2074 3553.35621   29  137 3567.00000 3531.30267  1.00%   208  162s
H 3926  1986                    3566.0000000 3531.30267  0.97%   208  162s
  3955  2044 3551.17545   30  217 3566.00000 3531.30267  0.97%   208  166s
  4189  2140 3556.58099   34  190 3566.00000 3531.86083  0.96%   207  172s
  4324  2182     cutoff   37      3566.00000 3531.92384  0.96%   206  175s
  4562  2244 3538.10351   29  310 3566.00000 3532.10436  0.95%   206  181s
  4718  2262 3539.83984   34  258 3566.00000 3532.10436  0.95%   205  185s
  4992  2303 3545.34607   43  237 3566.00000 3532.10436  0.95%   205  192s
  5039  2392 3545.52515   44  238 3566.00000 3532.10436  0.95%   206  196s
  5177  2381 3548.68781   54  168 3566.00000 3532.10436  0.95%   205  200s
  5325  2414 3550.31750   61  148 3566.00000 3532.10436  0.95%   206  208s
  5351  2432 3550.78359   62  141 3566.00000 3532.10436  0.95%   206  212s
  5386  2447 3551.28625   63  151 3566.00000 3532.10436  0.95%   206  217s
  5433  2480 3551.90837   64  167 3566.00000 3532.10436  0.95%   206  221s
  5519  2510 3552.46438   65  135 3566.00000 3532.10436  0.95%   205  225s
  5627  2576 3555.63993   67  135 3566.00000 3533.54330  0.91%   205  231s
H 5749  2169                    3559.0000000 3533.54330  0.72%   205  231s
  5796  2223     cutoff   74      3559.00000 3533.54330  0.72%   204  235s
  6021  2256 3551.28540   24  159 3559.00000 3534.70453  0.68%   205  240s
  6260  2295 3542.11346   19  268 3559.00000 3534.70453  0.68%   205  245s
  6524  2326 3551.45087   30  192 3559.00000 3534.72316  0.68%   205  250s
  6794  2316 3556.78347   43  201 3559.00000 3535.32027  0.67%   205  256s
  7006  2393 3553.21422   23  198 3559.00000 3535.73219  0.65%   205  262s
  7303  2359 3544.84922   21  202 3559.00000 3535.96887  0.65%   204  268s
  7459  2476 3546.33797   25  184 3559.00000 3536.11365  0.64%   204  274s
  7730  2561 3554.26404   34  206 3559.00000 3536.25818  0.64%   205  280s
  8049  2600 3553.48096   27  206 3559.00000 3536.25818  0.64%   205  285s
  8192  2785 3556.52587   35  175 3559.00000 3536.25818  0.64%   205  290s
  8545  2953 3548.03916   18  237 3559.00000 3536.86306  0.62%   205  296s
  8908  3047 3543.42253   26  223 3559.00000 3537.11969  0.61%   206  303s
  9094  3299 3545.73765   28  196 3559.00000 3537.11969  0.61%   206  309s
  9476  3472 3540.46217   21  266 3559.00000 3537.21347  0.61%   207  316s
  9874  3660 3556.80329   35  182 3559.00000 3537.33823  0.61%   208  324s
 10210  3880 3546.01958   31  273 3559.00000 3537.39568  0.61%   208  332s
 10651  4199 3543.07194   16  237 3559.00000 3537.89230  0.59%   207  340s
 11148  4424 3545.01589   26  253 3559.00000 3538.22469  0.58%   206  349s
 11641  4700 3543.95496   25  229 3559.00000 3538.54923  0.57%   206  357s
 12168  4953 3540.38830   20  227 3559.00000 3538.54923  0.57%   206  365s
 12692  5207 3557.37577   48  174 3559.00000 3538.63214  0.57%   206  374s
 13202  5488 3545.07355   26  277 3559.00000 3539.20115  0.56%   207  384s
 13820  5850 3546.92261   23  234 3559.00000 3539.52471  0.55%   206  393s
 14485  6133     cutoff   48      3559.00000 3539.77649  0.54%   206  402s
 15150  6209     cutoff   17      3559.00000 3540.01047  0.53%   206  414s
 15426  6526 3544.44831   26  269 3559.00000 3540.01047  0.53%   206  426s
 16057  6842 3554.78473   25  219 3559.00000 3540.13736  0.53%   206  439s
 16929  7126 3550.69384   33  174 3559.00000 3540.55486  0.52%   205  452s
 17698  7239 3546.72164   32  176 3559.00000 3540.55486  0.52%   204  464s
H17703  7088                    3558.0000000 3540.55486  0.49%   204  464s
 17912  7368 3551.22486   37  122 3558.00000 3540.55486  0.49%   205  476s
 18688  7627 3554.96339   22  204 3558.00000 3541.05199  0.48%   205  487s
 19368  7918 3556.30711   30  158 3558.00000 3541.30882  0.47%   205  499s
 20138  8114 3546.71523   23  204 3558.00000 3541.61224  0.46%   205  512s
 20794  8486 3550.84463   39  142 3558.00000 3541.83816  0.45%   206  528s
 21771  8847     cutoff   37      3558.00000 3542.01484  0.45%   206  544s
 22792  9225 3548.99362   35  252 3558.00000 3542.25248  0.44%   206  562s
 23788  9680     cutoff   39      3558.00000 3542.59535  0.43%   206  579s
 24958  9681 3552.61762   39 6798 3558.00000 3542.82247  0.43%   205  598s
 24960  9682 3548.91173   33  242 3558.00000 3542.82247  0.43%   205  601s
 24970  9689 3549.13928   29  304 3558.00000 3542.82247  0.43%   205  605s
 24989  9702 3545.94359   27  278 3558.00000 3542.82247  0.43%   205  610s
 25008  9714 3555.66361   53  300 3558.00000 3542.82247  0.43%   205  615s
 25011  9716 3553.96061   34  283 3558.00000 3542.82247  0.43%   205  620s
 25026  9743 3542.82247   24  264 3558.00000 3542.82247  0.43%   206  625s
 25111  9808 3542.82247   27  242 3558.00000 3542.82247  0.43%   207  630s
 25199  9817 3542.82247   28  228 3558.00000 3542.82247  0.43%   207  635s
 25306  9855 3542.82247   30  207 3558.00000 3542.82247  0.43%   207  640s
 25440  9903 3542.82247   32  219 3558.00000 3542.82247  0.43%   207  645s
 25567  9951 3546.42628   34  166 3558.00000 3542.82247  0.43%   207  650s
 25640  9973 3547.55631   35  153 3558.00000 3542.82247  0.43%   207  656s
 25688  9988 3550.93572   36  166 3558.00000 3542.82247  0.43%   207  660s
 25765  9995 3553.20923   38  139 3558.00000 3542.82247  0.43%   207  666s
 25818  9997     cutoff   39      3558.00000 3542.82247  0.43%   207  671s
 25901 10007 3554.86846   43  133 3558.00000 3542.82247  0.43%   207  675s
 26004 10017 3542.82247   31  208 3558.00000 3542.82247  0.43%   208  680s
 26146 10054 3546.22388   35  257 3558.00000 3542.82247  0.43%   208  685s
 26313 10090 3550.64745   41  232 3558.00000 3542.82247  0.43%   208  690s
 26503 10091     cutoff   46      3558.00000 3542.82247  0.43%   207  696s
 26541 10105 3542.82247   32  194 3558.00000 3542.82247  0.43%   207  700s
 26648 10132 3542.82247   34  191 3558.00000 3542.82247  0.43%   207  706s
 26797 10174 3542.82247   36  194 3558.00000 3542.82247  0.43%   207  712s
 26898 10183 3542.82247   37  178 3558.00000 3542.82247  0.43%   207  715s
 27181 10290 3545.33412   44  134 3558.00000 3542.82247  0.43%   206  722s
 27349 10361 3556.76010   50  164 3558.00000 3542.82247  0.43%   206  726s
 27561 10417 3544.11007   30  196 3558.00000 3542.82247  0.43%   206  730s
 28069 10585 3552.59803   39  128 3558.00000 3542.82247  0.43%   206  737s
 28440 10603 3546.15633   34  206 3558.00000 3542.82247  0.43%   205  740s
 29066 10694 3551.01832   43  144 3558.00000 3542.82247  0.43%   205  747s
 29492 10705 3554.35456   50  105 3558.00000 3542.82247  0.43%   204  751s
 29910 10807 3545.16104   43  195 3558.00000 3542.82247  0.43%   204  755s
 30946 10826 3542.82247   32  272 3558.00000 3542.82247  0.43%   203  762s
 31102 10978 3553.25768   37  199 3558.00000 3542.82247  0.43%   203  766s
 31535 11109 3553.18572   43  164 3558.00000 3542.82247  0.43%   202  770s
 32590 11151 3551.24424   30  141 3558.00000 3542.82247  0.43%   201  779s
 33249 11222 3548.10409   48  149 3558.00000 3542.82247  0.43%   200  784s
 33939 11160 3551.69539   36  171 3558.00000 3542.82247  0.43%   199  789s
 34331 11291     cutoff   47      3558.00000 3542.82247  0.43%   199  794s
 35030 11253 3546.08462   34  198 3558.00000 3542.82247  0.43%   199  800s
 35672 11270 3550.68549   35  303 3558.00000 3542.82247  0.43%   199  806s
 36324 11304 3552.45940   27  205 3558.00000 3542.82247  0.43%   199  812s
 37098 11256 3547.02489   41  175 3558.00000 3542.82247  0.43%   198  818s
 37775 11315 3550.52276   40  213 3558.00000 3542.82247  0.43%   197  825s
 38596 11345     cutoff   38      3558.00000 3543.12604  0.42%   197  831s
 39427 11370 3546.15765   38  223 3558.00000 3543.37029  0.41%   196  838s
 40181 11452 3551.86027   32  242 3558.00000 3543.64110  0.40%   196  844s
 41125 11446 3555.47013   29  208 3558.00000 3543.84779  0.40%   195  850s
 42189 11352 3553.92346   42  140 3558.00000 3544.12245  0.39%   194  857s
 43100 11395 3555.82300   41  154 3558.00000 3544.35873  0.38%   194  864s
 44093 11334 3551.66441   41  162 3558.00000 3544.57747  0.38%   193  871s
 45162 11365 3551.89050   47  171 3558.00000 3544.75322  0.37%   193  879s
 46218 11364 3555.93513   49  126 3558.00000 3544.99253  0.37%   192  886s
 47435 11291     cutoff   38      3558.00000 3545.25147  0.36%   192  895s
 48672 11214 3554.37958   42  163 3558.00000 3545.49749  0.35%   191  900s

Cutting planes:
  Gomory: 1
  Cover: 297
  Clique: 43
  MIR: 231
  Knapsack: 15
  StrongCG: 191
  Flow cover: 193
  GUB cover: 8
  Inf proof: 1
  Zero half: 53
  RLT: 190
  Relax-and-lift: 286
  BQP: 64

Explored 49660 nodes (9491551 simplex iterations) in 900.07 seconds (771.00 work units)
Thread count was 22 (of 22 available processors)

Solution count 10: 3558 3559 3566 ... 3580

Time limit reached
Best objective 3.558000000000e+03, best bound 3.546000000000e+03, gap 0.3373%

User-callback calls 193571, time in user-callback 0.80 sec
