FIXINGS_START
(0, 0, 0)
(0, 4, 0)
(1, 0, 0)
(2, 0, 0)
(2, 9, 0)
(3, 0, 0)
(4, 0, 0)
(5, 9, 0)
(6, 7, 0)
(6, 8, 0)
(7, 0, 0)
(8, 4, 0)
(9, 0, 0)
(9, 1, 0)
(10, 0, 0)
(11, 0, 0)
(12, 0, 0)
(12, 6, 0)
(13, 0, 0)
(13, 7, 0)
(14, 0, 0)
(8, 2, 0)
(10, 3, 0)
(14, 1, 28)
(7, 3, 1)
(5, 0, 0)
(0, 1, 0)
(0, 2, 23)
(3, 1, 34)
(1, 1, 0)
(14, 2, 28)
(13, 5, 0)
(14, 3, 0)
(6, 0, 37)
(1, 2, 0)
(2, 6, 0)
(4, 1, 0)
(4, 2, 0)
(4, 3, 3)
(4, 4, 0)
(14, 4, 0)
(6, 1, 37)
(11, 1, 0)
(14, 5, 28)
(9, 2, 0)
(5, 1, 0)
(5, 3, 0)
(6, 2, 0)
(10, 4, 0)
(10, 5, 0)
(0, 3, 0)
(6, 3, 33)
FIXINGS_END
found_sol 5699.0 time 0.118
found_sol 5699.0 time 0.423
found_sol 3859.0 time 0.589
found_sol 3780.0 time 1.078
found_sol 3755.0 time 1.092
found_sol 3750.0 time 1.578
found_sol 3734.0 time 1.591
found_sol 3703.0 time 2.020
found_sol 3689.0 time 2.076
found_sol 3685.0 time 2.121
found_sol 3684.0 time 2.122
found_sol 3680.0 time 2.122
found_sol 3673.0 time 2.123
found_sol 3649.0 time 2.124
found_sol 3647.0 time 2.264
found_sol 3634.0 time 2.311
found_sol 3597.0 time 2.493
found_sol 3588.0 time 4.314
found_sol 3588.0 time 19.355
found_sol 3597.0 time 19.356
found_sol 3634.0 time 19.357
found_sol 3585.0 time 26.767
found_sol 3584.0 time 37.141
found_sol 3583.0 time 37.143
found_sol 3581.0 time 39.214
found_sol 3579.0 time 42.423
time 46.492
GUROBI
Status OPTIMAL
Runtime 46.49195313453674
NodeCount 8772.0
IterCount 596991.0
NumVars 5880
NumConstrs 34295
ObjBound 3579.0
ObjBoundC 3579.0
ObjVal 3579.0
MIPGap 0.0
