
Gurobi 13.0.0 (linux64) logging started Sun Jan  4 20:34:05 2026

Set parameter LogFile to value "../experiments/network-n_30_s_1_rp_0-app_set-id_32_15_apps/compact_model_gurobi.log"
Set parameter TimeLimit to value 900
Gurobi Optimizer version 13.0.0 build v13.0.0rc1 (linux64 - "Ubuntu 24.04.3 LTS")

CPU model: Intel(R) Core(TM) Ultra 7 165H, instruction set [SSE2|AVX|AVX2]
Thread count: 22 physical cores, 22 logical processors, using up to 22 threads

Non-default parameters:
TimeLimit  900
LogToConsole  0

Academic license 2539022 - for non-commercial use only - registered to al___@studenti.unimi.it
Optimize a model with 7504 rows, 2940 columns and 19071 nonzeros (Min)
Model fingerprint: 0x915d0e0b
Model has 2940 linear objective coefficients
Model has 100 quadratic constraints
Variable types: 0 continuous, 2940 integer (2940 binary)
Coefficient statistics:
  Matrix range     [1e+00, 9e+02]
  QMatrix range    [5e+01, 2e+02]
  Objective range  [1e+01, 2e+02]
  Bounds range     [1e+00, 1e+00]
  RHS range        [1e+00, 1e+09]
  QRHS range       [1e+02, 6e+02]
Presolve removed 6922 rows and 1643 columns
Presolve time: 0.05s
Presolved: 10406 rows, 11022 columns, 60543 nonzeros
Variable types: 0 continuous, 11022 integer (11022 binary)

Root relaxation: objective 3.192797e+03, 826 iterations, 0.05 seconds (0.08 work units)

    Nodes    |    Current Node    |     Objective Bounds      |     Work
 Expl Unexpl |  Obj  Depth IntInf | Incumbent    BestBd   Gap | It/Node Time

     0     0 3192.79729    0   89          - 3192.79729      -     -    0s
     0     0 3225.88864    0  143          - 3225.88864      -     -    1s
     0     0 3227.36558    0  147          - 3227.36558      -     -    1s
     0     0 3227.36558    0  145          - 3227.36558      -     -    1s
     0     0 3237.35990    0  167          - 3237.35990      -     -    1s
     0     0 3243.46042    0  164          - 3243.46042      -     -    1s
     0     0 3244.24625    0  169          - 3244.24625      -     -    1s
     0     0 3244.46834    0  173          - 3244.46834      -     -    1s
     0     0 3256.99742    0  176          - 3256.99742      -     -    1s
     0     0 3261.78038    0  227          - 3261.78038      -     -    2s
     0     0 3262.71305    0  200          - 3262.71305      -     -    2s
     0     0 3262.74090    0  198          - 3262.74090      -     -    2s
     0     0 3267.10597    0  206          - 3267.10597      -     -    2s
     0     0 3267.34410    0  216          - 3267.34410      -     -    2s
     0     0 3268.76627    0  210          - 3268.76627      -     -    2s
     0     0 3268.80279    0  208          - 3268.80279      -     -    2s
     0     0 3268.80279    0  193          - 3268.80279      -     -    2s
     0     2 3268.80279    0  189          - 3268.80279      -     -    3s
   299   331 3279.11464   14  147          - 3270.43555      -   102    5s
H  438   457                    3369.0000000 3270.43555  2.93%   104    5s
H  736   692                    3363.0000000 3270.43555  2.75%  97.9    7s
H 1120   988                    3361.0000000 3272.32621  2.64%  93.0    8s
  1490  1314 3306.12146   22  116 3361.00000 3273.56660  2.60%  90.2   10s
  2343  1808 3292.91019   15  132 3361.00000 3275.41898  2.55%  86.1   15s
  2852  2235     cutoff   22      3361.00000 3275.41898  2.55%  85.9   20s
  3270  2386 3301.59503   19  231 3361.00000 3278.03646  2.47%  81.7   25s
  3341  2456 3280.24822   20  237 3361.00000 3278.03646  2.47%  84.4   30s
H 3545  2457                    3356.0000000 3279.71288  2.27%  89.2   33s
  3751  2610 3349.62541   30   79 3356.00000 3279.71288  2.27%  91.4   35s
H 3757  2492                    3355.0000000 3279.71288  2.24%  91.4   35s
  4301  2677 3303.19920   32  145 3355.00000 3281.74797  2.18%  93.6   40s
H 4668  2644                    3345.0000000 3282.75551  1.86%  93.1   41s
H 5024  2660                    3342.0000000 3282.84835  1.77%  92.2   44s
  5229  2690 3289.95171   27  148 3342.00000 3282.84835  1.77%  91.4   45s
H 5398  2556                    3336.0000000 3283.62683  1.57%  91.1   46s
  6255  2818 3326.36933   42  108 3336.00000 3284.07515  1.56%  92.0   50s
  7620  3210 3321.26314   44   93 3336.00000 3286.80881  1.47%  91.3   55s
  8755  3517 3325.07455   42  124 3336.00000 3288.18726  1.43%  90.7   61s
 10165  4157 3321.14917   30  134 3336.00000 3288.18726  1.43%  89.2   66s
 10874  4573 3326.68715   33  108 3336.00000 3288.18726  1.43%  89.0   70s
 11822  5167     cutoff   36      3336.00000 3290.11184  1.38%  87.8   75s
 12921  5739 3306.09700   32  105 3336.00000 3291.37695  1.34%  87.1   80s
H12922  4524                    3323.0000000 3291.37695  0.95%  87.1   80s
*14031  3773              38    3316.0000000 3292.44693  0.71%  86.6   84s
 14293  3929     cutoff   31      3316.00000 3292.44693  0.71%  86.6   86s
 15631  4176     cutoff   35      3316.00000 3293.53510  0.68%  86.5   90s
*17705  4066              42    3313.0000000 3294.90457  0.55%  86.2   94s
 17711  4167 3309.98225   30  133 3313.00000 3294.90457  0.55%  86.2   97s
 19425  4426 3299.21785   24  139 3313.00000 3296.18400  0.51%  86.1  101s
 20998  4661     cutoff   30      3313.00000 3297.18546  0.48%  85.7  106s
 23002  4743 3309.01823   37   97 3313.00000 3298.04875  0.45%  85.6  111s
 24086  4791 3305.24882   32  190 3313.00000 3298.64685  0.43%  85.4  115s
 24636  4900 3298.64685   38  140 3313.00000 3298.64685  0.43%  86.1  120s
 25781  4980 3310.88999   43   68 3313.00000 3298.64685  0.43%  85.3  125s
 28678  4624 3304.24046   41   99 3313.00000 3298.64685  0.43%  83.1  130s
 30783  4051 3310.92760   51  142 3313.00000 3301.09665  0.36%  81.8  135s
 32344  3449 3311.64581   41  112 3313.00000 3302.02984  0.33%  80.7  140s
 34642  1883     cutoff   47      3313.00000 3304.58184  0.25%  79.5  145s

Cutting planes:
  Gomory: 2
  Lift-and-project: 2
  Cover: 186
  Clique: 16
  MIR: 164
  Knapsack: 10
  StrongCG: 96
  Flow cover: 65
  GUB cover: 7
  Inf proof: 1
  Zero half: 54
  RLT: 41
  Relax-and-lift: 21
  BQP: 3

Explored 36172 nodes (2839802 simplex iterations) in 146.48 seconds (72.62 work units)
Thread count was 22 (of 22 available processors)

Solution count 10: 3313 3316 3323 ... 3363

Optimal solution found (tolerance 1.00e-04)
Best objective 3.313000000000e+03, best bound 3.313000000000e+03, gap 0.0000%

User-callback calls 88104, time in user-callback 0.17 sec
