
Gurobi 13.0.0 (linux64) logging started Sun Jan  4 19:27:05 2026

Set parameter LogFile to value "../experiments/network-n_30_s_1_rp_0-app_set-id_21_12_apps/compact_model_gurobi.log"
Set parameter TimeLimit to value 900
Gurobi Optimizer version 13.0.0 build v13.0.0rc1 (linux64 - "Ubuntu 24.04.3 LTS")

CPU model: Intel(R) Core(TM) Ultra 7 165H, instruction set [SSE2|AVX|AVX2]
Thread count: 22 physical cores, 22 logical processors, using up to 22 threads

Non-default parameters:
TimeLimit  900
LogToConsole  0

Academic license 2539022 - for non-commercial use only - registered to al___@studenti.unimi.it
Optimize a model with 5781 rows, 2340 columns and 14873 nonzeros (Min)
Model fingerprint: 0xb53fed3f
Model has 2340 linear objective coefficients
Model has 100 quadratic constraints
Variable types: 0 continuous, 2340 integer (2340 binary)
Coefficient statistics:
  Matrix range     [1e+00, 9e+02]
  QMatrix range    [5e+01, 2e+02]
  Objective range  [1e+01, 2e+02]
  Bounds range     [1e+00, 1e+00]
  RHS range        [1e+00, 1e+09]
  QRHS range       [1e+02, 6e+02]
Presolve removed 5261 rows and 1217 columns
Presolve time: 0.05s
Presolved: 10754 rows, 11258 columns, 59960 nonzeros
Variable types: 0 continuous, 11258 integer (11258 binary)

Root relaxation: objective 2.447211e+03, 641 iterations, 0.04 seconds (0.06 work units)

    Nodes    |    Current Node    |     Objective Bounds      |     Work
 Expl Unexpl |  Obj  Depth IntInf | Incumbent    BestBd   Gap | It/Node Time

     0     0 2447.21065    0   77          - 2447.21065      -     -    0s
H    0     0                    3456.0000000 2447.21065  29.2%     -    0s
H    0     0                    3316.0000000 2447.21065  26.2%     -    0s
H    0     0                    3287.0000000 2447.21065  25.5%     -    0s
H    0     0                    3117.0000000 2447.21065  21.5%     -    0s
     0     0 2475.35588    0  125 3117.00000 2475.35588  20.6%     -    0s
H    0     0                    3050.0000000 2475.35588  18.8%     -    0s
H    0     0                    3038.0000000 2475.35588  18.5%     -    0s
     0     0 2482.42700    0  133 3038.00000 2482.42700  18.3%     -    1s
     0     0 2482.47138    0  125 3038.00000 2482.47138  18.3%     -    1s
H    0     0                    2694.0000000 2482.47138  7.85%     -    1s
H    0     0                    2688.0000000 2482.47138  7.65%     -    1s
     0     0 2488.57041    0  123 2688.00000 2488.57041  7.42%     -    1s
     0     0 2490.02502    0  150 2688.00000 2490.02502  7.37%     -    1s
     0     0 2490.02882    0  150 2688.00000 2490.02882  7.36%     -    1s
     0     0 2493.67488    0  147 2688.00000 2493.67488  7.23%     -    1s
     0     0 2494.16466    0  148 2688.00000 2494.16466  7.21%     -    1s
     0     0 2494.79588    0  151 2688.00000 2494.79588  7.19%     -    1s
     0     0 2494.80461    0  151 2688.00000 2494.80461  7.19%     -    1s
     0     0 2494.80461    0  140 2688.00000 2494.80461  7.19%     -    2s
     0     2 2494.80461    0  138 2688.00000 2494.80461  7.19%     -    2s
H   54    95                    2632.0000000 2497.74411  5.10%   164    3s
H   78    95                    2623.0000000 2497.74411  4.78%   144    3s
H   94   144                    2568.0000000 2497.74411  2.74%   131    3s
H  102   144                    2562.0000000 2497.74411  2.51%   127    3s
H  104   144                    2549.0000000 2497.74411  2.01%   126    3s
H  259   302                    2542.0000000 2497.74411  1.74%  89.2    4s
   547   500 2512.71120   16  113 2542.00000 2499.44202  1.67%  71.0    5s
H  550   500                    2533.0000000 2499.44202  1.32%  70.8    5s
H  642   554                    2527.0000000 2499.44202  1.09%  68.7    5s
H 1023   655                    2512.0000000 2501.00532  0.44%  61.5    6s

Cutting planes:
  Lift-and-project: 4
  Cover: 174
  Clique: 12
  MIR: 96
  Knapsack: 12
  StrongCG: 71
  GUB cover: 7
  Inf proof: 1
  Zero half: 6
  RLT: 49
  Relax-and-lift: 66
  BQP: 34

Explored 1963 nodes (80392 simplex iterations) in 7.85 seconds (4.06 work units)
Thread count was 22 (of 22 available processors)

Solution count 10: 2512 2527 2533 ... 2688

Optimal solution found (tolerance 1.00e-04)
Best objective 2.512000000000e+03, best bound 2.512000000000e+03, gap 0.0000%

User-callback calls 5234, time in user-callback 0.01 sec
