
Gurobi 13.0.0 (linux64) logging started Sun Jan  4 00:32:42 2026

Set parameter LogFile to value "../experiments/network-n_60_s_1_rp_0-app_set-id_77_30_apps/compact_model_gurobi.log"
Set parameter TimeLimit to value 900
Gurobi Optimizer version 13.0.0 build v13.0.0rc1 (linux64 - "Ubuntu 24.04.3 LTS")

CPU model: Intel(R) Core(TM) Ultra 7 165H, instruction set [SSE2|AVX|AVX2]
Thread count: 22 physical cores, 22 logical processors, using up to 22 threads

Non-default parameters:
TimeLimit  900
LogToConsole  0

Academic license 2539022 - for non-commercial use only - registered to al___@studenti.unimi.it
Optimize a model with 84793 rows, 11700 columns and 186345 nonzeros (Min)
Model fingerprint: 0x209951e7
Model has 11700 linear objective coefficients
Model has 206 quadratic constraints
Variable types: 0 continuous, 11700 integer (11700 binary)
Coefficient statistics:
  Matrix range     [1e+00, 9e+02]
  QMatrix range    [5e+01, 2e+02]
  Objective range  [1e+01, 2e+02]
  Bounds range     [1e+00, 1e+00]
  RHS range        [1e+00, 1e+09]
  QRHS range       [1e+02, 6e+02]
Presolve removed 81357 rows and 6531 columns
Presolve time: 0.21s
Presolved: 66390 rows, 67917 columns, 418525 nonzeros
Variable types: 0 continuous, 67917 integer (67917 binary)
Performing another presolve...
Presolve removed 3366 rows and 3506 columns
Presolve time: 1.11s
Deterministic concurrent LP optimizer: primal and dual simplex
Showing primal log only...

Concurrent spin time: 0.29s (can be avoided by choosing Method=3)

Solved with dual simplex

Root relaxation: infeasible, 10810 iterations, 2.20 seconds (2.47 work units)

    Nodes    |    Current Node    |     Objective Bounds      |     Work
 Expl Unexpl |  Obj  Depth IntInf | Incumbent    BestBd   Gap | It/Node Time

     0     0 infeasible    0               - infeasible      -     -    3s

Explored 1 nodes (10810 simplex iterations) in 3.84 seconds (4.00 work units)
Thread count was 22 (of 22 available processors)

Solution count 0

Model is infeasible
Best objective -, best bound -, gap -

User-callback calls 401, time in user-callback 0.00 sec
