
Gurobi 13.0.0 (linux64) logging started Sun Jan  4 19:09:22 2026

Set parameter LogFile to value "../experiments/network-n_30_s_1_rp_0-app_set-id_15_10_apps/compact_model_gurobi.log"
Set parameter TimeLimit to value 900
Gurobi Optimizer version 13.0.0 build v13.0.0rc1 (linux64 - "Ubuntu 24.04.3 LTS")

CPU model: Intel(R) Core(TM) Ultra 7 165H, instruction set [SSE2|AVX|AVX2]
Thread count: 22 physical cores, 22 logical processors, using up to 22 threads

Non-default parameters:
TimeLimit  900
LogToConsole  0

Academic license 2539022 - for non-commercial use only - registered to al___@studenti.unimi.it
Optimize a model with 5269 rows, 1950 columns and 13225 nonzeros (Min)
Model fingerprint: 0x7e4303bb
Model has 1950 linear objective coefficients
Model has 100 quadratic constraints
Variable types: 0 continuous, 1950 integer (1950 binary)
Coefficient statistics:
  Matrix range     [1e+00, 9e+02]
  QMatrix range    [5e+01, 2e+02]
  Objective range  [1e+01, 2e+02]
  Bounds range     [1e+00, 1e+00]
  RHS range        [1e+00, 1e+09]
  QRHS range       [1e+02, 6e+02]
Presolve removed 4854 rows and 1077 columns
Presolve time: 0.04s
Presolved: 7727 rows, 8085 columns, 44575 nonzeros
Variable types: 0 continuous, 8085 integer (8085 binary)
Found heuristic solution: objective 2834.0000000

Root relaxation: objective 1.955528e+03, 541 iterations, 0.03 seconds (0.04 work units)

    Nodes    |    Current Node    |     Objective Bounds      |     Work
 Expl Unexpl |  Obj  Depth IntInf | Incumbent    BestBd   Gap | It/Node Time

     0     0 1955.52842    0   78 2834.00000 1955.52842  31.0%     -    0s
H    0     0                    2810.0000000 1955.52842  30.4%     -    0s
H    0     0                    2725.0000000 1955.52842  28.2%     -    0s
H    0     0                    2696.0000000 1955.52842  27.5%     -    0s
     0     0 1975.02566    0  110 2696.00000 1975.02566  26.7%     -    0s
H    0     0                    2652.0000000 1975.02566  25.5%     -    0s
H    0     0                    2429.0000000 1977.53234  18.6%     -    0s
H    0     0                    2417.0000000 1977.53234  18.2%     -    0s
     0     0 1977.53234    0  114 2417.00000 1977.53234  18.2%     -    0s
H    0     0                    2205.0000000 1977.53234  10.3%     -    0s
     0     0 1977.53234    0  114 2205.00000 1977.53234  10.3%     -    0s
H    0     0                    2090.0000000 1977.53234  5.38%     -    1s
H    0     0                    2076.0000000 1977.53234  4.74%     -    1s
H    0     0                    2075.0000000 1977.53234  4.70%     -    1s
     0     0 1982.14839    0  122 2075.00000 1982.14839  4.47%     -    1s
     0     0 1982.89446    0  115 2075.00000 1982.89446  4.44%     -    1s
     0     0 1983.42525    0  127 2075.00000 1983.42525  4.41%     -    1s
     0     0 1983.54757    0  131 2075.00000 1983.54757  4.41%     -    1s
     0     0 1986.61534    0  130 2075.00000 1986.61534  4.26%     -    1s
H    0     0                    2044.0000000 1986.61534  2.81%     -    1s
H    0     0                    2030.0000000 1986.61534  2.14%     -    1s
     0     0 1986.87025    0  123 2030.00000 1986.87025  2.12%     -    1s
     0     0 1987.25825    0  118 2030.00000 1987.25825  2.11%     -    1s
     0     0 1987.31968    0  117 2030.00000 1987.31968  2.10%     -    1s
     0     0 1987.31968    0  117 2030.00000 1987.31968  2.10%     -    1s
     0     0 1987.31968    0  115 2030.00000 1987.31968  2.10%     -    1s
     0     2 1987.31968    0  115 2030.00000 1987.31968  2.10%     -    1s
H   53    86                    2009.0000000 1990.78385  0.91%  74.5    2s
H   69    86                    1994.0000000 1990.78385  0.16%  73.4    2s

Cutting planes:
  Gomory: 2
  Lift-and-project: 8
  Cover: 91
  Implied bound: 20
  Clique: 11
  MIR: 72
  Knapsack: 6
  StrongCG: 45
  GUB cover: 4
  Zero half: 5
  RLT: 59
  Relax-and-lift: 60
  BQP: 28

Explored 181 nodes (7899 simplex iterations) in 2.51 seconds (1.13 work units)
Thread count was 22 (of 22 available processors)

Solution count 10: 1994 2009 2030 ... 2429

Optimal solution found (tolerance 1.00e-04)
Best objective 1.994000000000e+03, best bound 1.994000000000e+03, gap 0.0000%

User-callback calls 1307, time in user-callback 0.00 sec
