
Gurobi 13.0.0 (linux64) logging started Fri Jan  2 13:45:27 2026

Set parameter LogFile to value "../experiments/network-n_50_s_0_rp_0-app_set-id_50_21_apps/compact_model_gurobi.log"
Set parameter TimeLimit to value 900
Gurobi Optimizer version 13.0.0 build v13.0.0rc1 (linux64 - "Ubuntu 24.04.3 LTS")

CPU model: Intel(R) Core(TM) Ultra 7 165H, instruction set [SSE2|AVX|AVX2]
Thread count: 22 physical cores, 22 logical processors, using up to 22 threads

Non-default parameters:
TimeLimit  900
LogToConsole  0

Academic license 2539022 - for non-commercial use only - registered to al___@studenti.unimi.it
Optimize a model with 24899 rows, 6800 columns and 59016 nonzeros (Min)
Model fingerprint: 0x86ae77fb
Model has 6800 linear objective coefficients
Model has 166 quadratic constraints
Variable types: 0 continuous, 6800 integer (6800 binary)
Coefficient statistics:
  Matrix range     [1e+00, 8e+02]
  QMatrix range    [5e+01, 2e+02]
  Objective range  [1e+01, 2e+02]
  Bounds range     [1e+00, 1e+00]
  RHS range        [1e+00, 1e+09]
  QRHS range       [1e+02, 6e+02]
Presolve removed 23578 rows and 4282 columns
Presolve time: 0.25s
Presolved: 28019 rows, 29052 columns, 172408 nonzeros
Variable types: 0 continuous, 29052 integer (29052 binary)
Deterministic concurrent LP optimizer: primal and dual simplex
Showing primal log only...

Concurrent spin time: 0.01s

Solved with dual simplex

Root relaxation: objective 5.189329e+03, 3537 iterations, 0.85 seconds (0.72 work units)

    Nodes    |    Current Node    |     Objective Bounds      |     Work
 Expl Unexpl |  Obj  Depth IntInf | Incumbent    BestBd   Gap | It/Node Time

     0     0 5189.32887    0  320          - 5189.32887      -     -    1s
     0     0 5228.94430    0  336          - 5228.94430      -     -    3s
     0     0 5319.37938    0  357          - 5319.37938      -     -    4s
     0     0 5354.34969    0  380          - 5354.34969      -     -    5s
     0     0 5355.94315    0  368          - 5355.94315      -     -    5s
     0     0 5356.06089    0  379          - 5356.06089      -     -    5s
     0     0 5395.44543    0  428          - 5395.44543      -     -    7s
     0     0 5436.13181    0  469          - 5436.13181      -     -    8s
     0     0 5452.39912    0  470          - 5452.39912      -     -    8s
     0     0 5453.70434    0  486          - 5453.70434      -     -    9s
     0     0 5529.54934    0  519          - 5529.54934      -     -   11s
     0     0 5543.49486    0  520          - 5543.49486      -     -   13s
     0     0 5554.45534    0  540          - 5554.45534      -     -   13s
     0     0 5561.26341    0  503          - 5561.26341      -     -   14s
     0     0 5562.64138    0  500          - 5562.64138      -     -   14s
     0     0 5621.35404    0  575          - 5621.35404      -     -   17s
     0     0 5633.24784    0  527          - 5633.24784      -     -   18s
     0     0 5637.94218    0  541          - 5637.94218      -     -   19s
     0     0 5639.45065    0  528          - 5639.45065      -     -   19s
     0     0 5639.48677    0  521          - 5639.48677      -     -   19s
     0     0 5639.48677    0  506          - 5639.48677      -     -   19s
     0     2 5639.48724    0  503          - 5639.48724      -     -   21s
    31    54 5644.31923    5  480          - 5641.67548      -   429   25s
   134   159 5648.28011   11  477          - 5644.35452      -   311   30s
   226   274 5650.87553   15  468          - 5644.35452      -   394   36s
   370   405 5652.48402   17  451          - 5644.35452      -   330   40s
   498   517 5681.28385   21  448          - 5644.35452      -   327   46s
   574   593 5667.31050   24  455          - 5644.35452      -   337   51s
   651   670 5675.09820   25  431          - 5644.35452      -   341   55s
   740   760 5673.82562   29  458          - 5644.35452      -   337   61s
   789   816 5674.10273   31  455          - 5644.35452      -   337   65s
   898   935 5682.52320   37  433          - 5644.35452      -   333   71s
   972  1010 5686.22849   40  420          - 5644.35452      -   332   76s
  1066  1113 5687.53640   43  428          - 5644.35452      -   336   80s
  1176  1226 5691.07615   45  419          - 5644.35452      -   330   85s
  1292  1374 5744.23043   46  386          - 5644.35452      -   338   90s
  1477  1569 5726.76715   47  460          - 5644.35452      -   329   96s
  1692  1738 5718.13205   50  368          - 5644.35452      -   323  101s
  1874  1972 5728.02379   53  345          - 5644.35452      -   314  107s
  2005  2057 5740.82448   55  341          - 5644.35452      -   307  110s
  2203  2331 5745.77093   57  381          - 5644.35452      -   299  118s
  2370  2547 5759.12915   60  349          - 5644.35452      -   293  121s
  2828  2911 5843.18448   75  285          - 5644.35452      -   277  128s
  3014  3087 5835.07537   78  351          - 5645.31583      -   276  131s
  3222  3274 5840.36576   79  342          - 5645.42529      -   274  135s
  3729  3573 5879.55085   95  309          - 5645.42529      -   263  143s
  3826  3634 5900.10157   97  352          - 5645.42529      -   262  147s
  3905  3738 5900.30172   98  353          - 5645.42529      -   262  151s
  4045  3826 5902.26036   99  356          - 5645.42529      -   258  155s
  4171  3891 5905.60751  100  363          - 5645.42529      -   255  160s
  4254  3967 5906.43622  101  361          - 5645.83160      -   255  165s
  4370  4047 6184.42428  103  297          - 5645.83160      -   255  176s
  4412  4119 5908.43537  103  355          - 5645.83160      -   255  182s
  4484  4175 5912.84227  104  348          - 5645.83160      -   255  188s
  4544  4262 5913.39786  105  344          - 5645.83160      -   255  194s
  4639  4383 5913.68812  106  348          - 5645.83160      -   255  199s
  4772  4451 5914.20692  107  346          - 5645.83160      -   253  204s
  4862  4546 5914.85124  108  347          - 5645.83160      -   252  211s
  4959  4648 5914.86844  109  354          - 5645.83160      -   251  218s
  5081  4758 5914.95044  110  347          - 5645.83160      -   249  226s
  5195  4865 5917.53330  111  360          - 5645.83160      -   249  235s
  5308  4984 5924.82360  112  368          - 5645.83160      -   249  241s
  5457  5042 5932.56918  113  350          - 5645.83160      -   248  249s
  5521  5166 5949.00977  113  335          - 5646.40577      -   249  255s
  5651  5373 6017.71676  128  293          - 5646.40577      -   250  262s
  5870  5709 6106.23340  167  262          - 5646.40577      -   250  270s
  6268  6026 6533.62002  214  230          - 5647.33784      -   250  276s
  6691  6343 5716.17399   18  414          - 5648.31938      -   249  283s
  7049  6344 5683.11563   25 12737          - 5649.84566      -   251  289s
  7051  6345 5823.54860   46  318          - 5649.84566      -   251  292s
  7054  6347 5884.70279   83  394          - 5649.84566      -   251  295s
  7056  6349 6077.04551  129  447          - 5649.84566      -   251  302s
  7060  6351 5696.18503   12  489          - 5649.84566      -   251  305s
  7067  6356 5969.23073   78  561          - 5672.24479      -   250  310s
  7076  6362 5752.88223   36  562          - 5691.00481      -   250  315s
  7088  6370 5795.01269   47  635          - 5708.77287      -   250  320s
  7098  6377 6273.18670   74  591          - 5730.72569      -   249  325s
  7112  6386 6072.29585  105  671          - 5735.48002      -   249  330s
  7127  6396 5802.83092   40  720          - 5745.93857      -   248  335s
  7140  6405 5897.22445   43  683          - 5751.87437      -   248  340s
  7153  6413 6205.55597  145  661          - 5755.74463      -   247  345s
  7169  6424 5902.06086   73  693          - 5760.08309      -   247  350s
  7187  6436 5761.98307   27  677          - 5761.98307      -   246  355s
  7198  6443 6273.18670   74  680          - 5765.04674      -   246  360s
  7214  6454 5882.13590   67  698          - 5768.14052      -   245  365s
  7227  6463 5802.83092   40  682          - 5771.06388      -   245  370s
  7239  6471 5782.29006   31  658          - 5777.95822      -   244  375s
  7255  6481 5793.77034   50  677          - 5781.42350      -   244  380s
  7266  6489 5782.56025   69  679          - 5782.56025      -   244  385s
  7276  6495 5787.46746   36  615          - 5787.46746      -   243  390s
  7292  6506 5790.36572   18  648          - 5790.36572      -   243  395s
  7310  6518 5944.32846  112  701          - 5792.07621      -   242  402s
  7318  6523 5845.33332   78  679          - 5792.57825      -   242  405s
  7336  6535 5793.71959   24  674          - 5793.71959      -   241  410s
  7353  6547 6205.55597  145  731          - 5795.38535      -   241  417s
  7360  6551 5795.67917   12  710          - 5795.67917      -   240  420s
  7369  6557 5902.06086   73  685          - 5796.14239      -   240  425s
  7386  6569 5796.67242    9  735          - 5796.67242      -   240  430s
  7403  6580 5796.96398   60  732          - 5796.96398      -   239  435s
  7407  6583 6122.49647  123  736          - 5797.04687      -   239  441s
  7413  6587 6063.31999  168  760          - 5797.17265      -   239  445s
  7421  6593 5797.17756   21  325          - 5797.17756      -   252  452s
  7423  6595 5797.17756   22  372          - 5797.17756      -   252  455s
  7425  6596 5797.17827   16  404          - 5797.17827      -   252  461s
  7428  6598 5898.94211   70  529          - 5798.01680      -   251  466s
  7429  6599 6108.61281  173  544          - 5798.05047      -   251  470s
  7440  6606 5897.22445   43  725          - 5798.72968      -   251  475s
  7453  6615 6205.55597  145  736          - 5799.43365      -   251  480s
  7467  6624 5969.23073   78  656          - 5799.43365      -   250  485s
  7480  6633 5982.24619   99  644          - 5799.43365      -   250  490s
  7493  6641 5799.76970   31  647          - 5799.76970      -   249  495s
  7503  6648 5801.18823   60  652          - 5801.18823      -   249  500s
  7513  6655 6063.31999  168  677          - 5804.39600      -   249  505s
  7525  6663 5807.18041   16  688          - 5807.18041      -   248  510s
  7539  6672 5807.76054   31  673          - 5807.76054      -   248  515s
  7553  6681 6205.55597  145  666          - 5808.06269      -   247  520s
  7562  6687 5808.45032   34  719          - 5808.45032      -   247  525s
  7578  6698 5854.45914   57  686          - 5809.47683      -   246  530s
  7593  6708 5809.71773   31  679          - 5809.71773      -   246  537s
  7597  6711 5810.11903   20  716          - 5810.11903      -   246  540s
  7609  6719 5810.89796    6  762          - 5810.89796      -   245  545s
  7624  6729 5928.40479   70  765          - 5811.54850      -   245  550s
  7639  6739 5812.48241   31  686          - 5812.48241      -   245  555s
  7651  6747 5823.54860   46  669          - 5813.31561      -   244  560s
  7663  6755 5813.89392   32  741          - 5813.89392      -   244  566s
  7666  6757 5813.98806   69  720          - 5813.98806      -   244  572s
  7676  6763 5814.78879   36  751          - 5814.78879      -   243  575s
  7685  6769 5817.75691    8  738          - 5817.75691      -   243  580s
  7695  6776 5818.92620   21  676          - 5818.92620      -   243  585s
  7710  6786 5944.32846  112  781          - 5819.73215      -   242  590s
  7724  6795 5928.40479   70  693          - 5820.21332      -   242  595s
  7731  6800 5820.38858   27  670          - 5820.38858      -   242  600s
  7743  6808 5820.64531   29  718          - 5820.64531      -   241  605s
  7755  6816 5821.01982   50  720          - 5821.01982      -   241  610s
  7761  6820 5898.72825   77  688          - 5821.94616      -   241  615s
  7769  6825 5902.06086   73  707          - 5822.03891      -   240  620s
  7776  6830 5822.33461   36  707          - 5822.33461      -   240  625s
  7779  6832 5822.71733   69  713          - 5822.71733      -   240  636s
  7782  6839 5824.56036   30  644          - 5823.20025      -   250  641s
  7786  6846 5826.49341   31  632          - 5825.12892      -   250  645s
  7810  6876 5827.80519   33  669          - 5827.72119      -   253  654s
  7832  6890 5828.31632   34  671          - 5828.26020      -   254  660s
  7854  6905 5831.99420   35  611          - 5828.26020      -   254  666s
  7876  6927 5831.51718   35  629          - 5828.26020      -   255  673s
  7905  6952 5831.83073   36  636          - 5828.26020      -   258  681s
  7940  6976 5855.91228   36  580          - 5828.26020      -   260  690s
  7976  6988 5832.81048   37  621          - 5828.26020      -   264  700s
  8000  7020 5918.29302   37  544          - 5828.26020      -   266  709s
  8040  7046 5833.33690   38  617          - 5828.26020      -   270  718s
  8079  7071 5893.68252   38  594          - 5828.26020      -   273  726s
  8117  7100 5833.92687   39  616          - 5828.26020      -   278  734s
  8159  7110 5834.37925   40  637          - 5828.26020      -   281  741s
  8183  7138 5848.21770   40  569          - 5828.26020      -   282  749s
  8219  7173 5834.97890   41  612          - 5828.26020      -   284  756s
  8266  7202 5856.30446   41  608          - 5828.26020      -   288  763s
  8310  7235 5835.07506   42  631          - 5828.26020      -   291  770s
  8358  7269 5838.70545   43  628          - 5828.26020      -   294  777s
  8408  7304 5841.07101   44  595          - 5828.26020      -   297  783s
  8460  7312 5844.63182   45  590          - 5828.26020      -   300  789s
  8485  7354 5872.16477   45  590          - 5828.26020      -   302  796s
  8535  7392 5845.54183   46  624          - 5828.26020      -   304  804s
  8590  7436 5871.43501   46  547          - 5828.26020      -   307  811s
  8652  7451 5853.27396   47  609          - 5828.26020      -   311  819s
  8688  7496 5847.20105   47  586          - 5828.26020      -   312  827s
  8745  7534 5848.25656   48  587          - 5828.26020      -   315  835s
  8802  7582 5850.42613   49  572          - 5828.26020      -   318  844s
  8869  7582 5856.15901   50  583          - 5828.26020      -   321  853s
  8891  7598 5852.18076   50  535          - 5828.26020      -   322  862s
  8915  7618 5857.92200   52  548          - 5828.26020      -   323  871s
  8943  7661 5858.45255   53  547          - 5828.26020      -   325  880s
  8995  7719 5864.56958   54  507          - 5828.26020      -   327  890s
  9070  7759 5871.52385   55  494          - 5828.26020      -   329  900s

Cutting planes:
  Gomory: 2
  Lift-and-project: 1
  Cover: 95
  Clique: 25
  MIR: 186
  Knapsack: 4
  StrongCG: 87
  Flow cover: 267
  GUB cover: 19
  Zero half: 82
  RLT: 59
  Relax-and-lift: 178
  BQP: 23

Explored 9137 nodes (3051564 simplex iterations) in 900.04 seconds (813.98 work units)
Thread count was 22 (of 22 available processors)

Solution count 0

Time limit reached
Best objective -, best bound 5.829000000000e+03, gap -

User-callback calls 192577, time in user-callback 1.19 sec
