
Gurobi 13.0.0 (linux64) logging started Thu Jan 15 06:43:52 2026

Set parameter LogFile to value "../experiments/network-n_50_s_0_rp_0-app_set-id_50_21_apps/submip_40_epr0_model_gurobi.log"
Set parameter TimeLimit to value 8.9562433658298687e+02
Gurobi Optimizer version 13.0.0 build v13.0.0rc1 (linux64 - "Ubuntu 24.04.3 LTS")

CPU model: Intel(R) Core(TM) Ultra 7 165H, instruction set [SSE2|AVX|AVX2]
Thread count: 22 physical cores, 22 logical processors, using up to 22 threads

Non-default parameters:
TimeLimit  8.9562433658298687e+02
LogToConsole  0

Academic license 2539022 - for non-commercial use only - registered to al___@studenti.unimi.it
Optimize a model with 24973 rows, 6800 columns and 59090 nonzeros (Min)
Model fingerprint: 0x68905509
Model has 6800 linear objective coefficients
Model has 166 quadratic constraints
Variable types: 0 continuous, 6800 integer (6800 binary)
Coefficient statistics:
  Matrix range     [1e+00, 8e+02]
  QMatrix range    [5e+01, 2e+02]
  Objective range  [1e+01, 2e+02]
  Bounds range     [1e+00, 1e+00]
  RHS range        [1e+00, 1e+09]
  QRHS range       [1e+02, 6e+02]
Presolve removed 24525 rows and 5775 columns
Presolve time: 0.07s
Presolved: 7286 rows, 7713 columns, 44909 nonzeros
Variable types: 0 continuous, 7713 integer (7713 binary)

Root relaxation: objective 5.498821e+03, 2203 iterations, 0.10 seconds (0.19 work units)

    Nodes    |    Current Node    |     Objective Bounds      |     Work
 Expl Unexpl |  Obj  Depth IntInf | Incumbent    BestBd   Gap | It/Node Time

     0     0 5498.82113    0  175          - 5498.82113      -     -    0s
     0     0 5675.11039    0  196          - 5675.11039      -     -    0s
     0     0 5716.69848    0  222          - 5716.69848      -     -    1s
     0     0 5717.85870    0  208          - 5717.85870      -     -    1s
     0     0 5806.20630    0  233          - 5806.20630      -     -    1s
     0     0 5917.04922    0  249          - 5917.04922      -     -    1s
     0     0 5932.49998    0  261          - 5932.49998      -     -    1s
     0     0 5934.68420    0  266          - 5934.68420      -     -    1s
     0     0 infeasible    0               - infeasible      -     -    2s

Cutting planes:
  Gomory: 8
  Lift-and-project: 1
  Cover: 92
  Clique: 31
  MIR: 72
  Knapsack: 23
  StrongCG: 58
  GUB cover: 5
  Zero half: 5
  RLT: 99
  Relax-and-lift: 30
  BQP: 10

Explored 1 nodes (7429 simplex iterations) in 2.03 seconds (2.42 work units)
Thread count was 22 (of 22 available processors)

Solution count 0

Model is infeasible
Best objective -, best bound -, gap -

User-callback calls 921, time in user-callback 0.00 sec
Set parameter LogToConsole to value 0
