FIXINGS_START
(0, 0, 0)
(1, 0, 0)
(2, 0, 0)
(2, 9, 0)
(3, 0, 0)
(4, 0, 0)
(5, 0, 0)
(6, 0, 0)
(6, 4, 0)
(7, 0, 0)
(7, 8, 0)
(8, 0, 0)
(9, 0, 0)
(9, 6, 0)
(10, 2, 0)
(11, 0, 0)
(12, 0, 0)
(12, 6, 0)
(13, 0, 0)
(13, 1, 0)
(14, 0, 0)
(14, 4, 0)
(15, 0, 0)
(15, 1, 0)
(16, 0, 0)
(16, 4, 0)
(17, 8, 0)
(17, 9, 0)
(18, 0, 0)
(18, 4, 0)
(19, 0, 0)
(20, 9, 0)
(18, 3, 0)
(6, 5, 0)
(6, 6, 0)
(2, 4, 0)
(10, 0, 10)
(13, 2, 0)
(10, 1, 0)
(3, 1, 0)
(18, 7, 0)
(0, 2, 0)
(13, 3, 0)
(15, 2, 0)
(1, 1, 14)
(14, 5, 0)
(15, 3, 18)
(16, 1, 0)
(12, 4, 0)
(20, 0, 0)
(13, 4, 2)
(13, 5, 0)
(1, 2, 26)
(3, 2, 0)
(2, 5, 0)
(11, 1, 0)
(7, 3, 0)
(20, 1, 0)
(19, 1, 1)
(11, 2, 0)
(12, 7, 0)
(20, 2, 13)
(3, 3, 0)
(13, 6, 24)
(20, 3, 0)
(1, 3, 0)
(1, 4, 0)
(2, 6, 0)
(11, 5, 0)
(7, 6, 0)
(19, 2, 26)
(1, 5, 0)
(20, 4, 0)
(15, 4, 27)
FIXINGS_END
time 2.040
GUROBI
Status INFEASIBLE
Runtime 2.0398671627044678
NodeCount 1.0
IterCount 7429.0
NumVars 6800
NumConstrs 24973
ObjBound inf
ObjBoundC inf
ObjVal None
MIPGap inf
