
Gurobi 13.0.0 (linux64) logging started Sat Jan  3 03:20:48 2026

Set parameter LogFile to value "../experiments/network-n_60_s_0_rp_0-app_set-id_20_11_apps/compact_model_gurobi.log"
Set parameter TimeLimit to value 900
Gurobi Optimizer version 13.0.0 build v13.0.0rc1 (linux64 - "Ubuntu 24.04.3 LTS")

CPU model: Intel(R) Core(TM) Ultra 7 165H, instruction set [SSE2|AVX|AVX2]
Thread count: 22 physical cores, 22 logical processors, using up to 22 threads

Non-default parameters:
TimeLimit  900
LogToConsole  0

Academic license 2539022 - for non-commercial use only - registered to al___@studenti.unimi.it
Optimize a model with 24237 rows, 4320 columns and 54321 nonzeros (Min)
Model fingerprint: 0xd7f0410a
Model has 4320 linear objective coefficients
Model has 200 quadratic constraints
Variable types: 0 continuous, 4320 integer (4320 binary)
Coefficient statistics:
  Matrix range     [1e+00, 9e+02]
  QMatrix range    [5e+01, 2e+02]
  Objective range  [1e+01, 2e+02]
  Bounds range     [1e+00, 1e+00]
  RHS range        [1e+00, 1e+09]
  QRHS range       [1e+02, 6e+02]
Presolve removed 23274 rows and 2657 columns
Presolve time: 0.26s
Presolved: 25212 rows, 25711 columns, 156037 nonzeros
Variable types: 0 continuous, 25711 integer (25711 binary)
Deterministic concurrent LP optimizer: primal and dual simplex
Showing primal log only...

Concurrent spin time: 0.00s

Solved with dual simplex

Root relaxation: objective 2.517497e+03, 1263 iterations, 0.36 seconds (0.32 work units)

    Nodes    |    Current Node    |     Objective Bounds      |     Work
 Expl Unexpl |  Obj  Depth IntInf | Incumbent    BestBd   Gap | It/Node Time

     0     0 2517.49735    0  171          - 2517.49735      -     -    1s
     0     0 2517.52438    0  157          - 2517.52438      -     -    1s
H    0     0                    3783.0000000 2517.52438  33.5%     -    1s
H    0     0                    3779.0000000 2517.52438  33.4%     -    1s
     0     0 2544.80109    0  193 3779.00000 2544.80109  32.7%     -    2s
H    0     0                    3504.0000000 2544.80109  27.4%     -    2s
H    0     0                    3480.0000000 2544.80109  26.9%     -    2s
     0     0 2553.70993    0  180 3480.00000 2553.70993  26.6%     -    2s
     0     0 2553.86211    0  163 3480.00000 2553.86211  26.6%     -    2s
     0     0 2564.46677    0  169 3480.00000 2564.46677  26.3%     -    3s
     0     0 2569.66767    0  200 3480.00000 2569.66767  26.2%     -    3s
     0     0 2574.31893    0  199 3480.00000 2574.31893  26.0%     -    3s
     0     0 2574.35770    0  196 3480.00000 2574.35770  26.0%     -    3s
H    0     0                    3296.0000000 2583.47776  21.6%     -    4s
H    0     0                    3282.0000000 2583.47776  21.3%     -    4s
     0     0 2585.84407    0  182 3282.00000 2585.84407  21.2%     -    4s
H    0     0                    3206.0000000 2585.84407  19.3%     -    4s
H    0     0                    3051.0000000 2585.84407  15.2%     -    4s
H    0     0                    3048.0000000 2585.84407  15.2%     -    4s
     0     0 2590.73875    0  215 3048.00000 2590.73875  15.0%     -    4s
H    0     0                    2979.0000000 2591.48610  13.0%     -    4s
     0     0 2591.48610    0  194 2979.00000 2591.48610  13.0%     -    4s
     0     0 2598.62444    0  211 2979.00000 2598.62444  12.8%     -    5s
H    0     0                    2970.0000000 2600.96422  12.4%     -    5s
H    0     0                    2963.0000000 2600.96422  12.2%     -    5s
     0     0 2600.96422    0  251 2963.00000 2600.96422  12.2%     -    5s
H    0     0                    2927.0000000 2602.13383  11.1%     -    5s
     0     0 2602.13383    0  259 2927.00000 2602.13383  11.1%     -    5s
     0     0 2604.04433    0  259 2927.00000 2604.04433  11.0%     -    5s
H    0     0                    2926.0000000 2604.04433  11.0%     -    5s
     0     0 2604.57837    0  250 2926.00000 2604.57837  11.0%     -    5s
     0     0 2607.01107    0  250 2926.00000 2607.01107  10.9%     -    6s
     0     0 2607.01890    0  244 2926.00000 2607.01890  10.9%     -    6s
     0     0 2607.01890    0  244 2926.00000 2607.01890  10.9%     -    6s
H    0     0                    2891.0000000 2607.07303  9.82%     -    6s
     0     2 2607.07303    0  243 2891.00000 2607.07303  9.82%     -    6s
    96   146 2621.18447    8  249 2891.00000 2611.24066  9.68%   210   11s
H  127   146                    2831.0000000 2611.24066  7.76%   200   11s
H  145   146                    2801.0000000 2611.24066  6.77%   189   11s
H  263   256                    2773.0000000 2611.24066  5.83%   170   13s
H  333   339                    2764.0000000 2611.24066  5.53%   155   14s
H  339   339                    2758.0000000 2611.24066  5.32%   153   14s
   382   345 2636.84044   12  265 2758.00000 2611.24066  5.32%   149   15s
H  418   369                    2733.0000000 2611.24066  4.46%   144   16s
H  504   380                    2718.0000000 2620.12554  3.60%   141   17s
H  645   376                    2715.0000000 2623.62515  3.37%   139   18s
   698   396 infeasible   17      2715.00000 2626.47589  3.26%   139   20s
H  806   418                    2701.0000000 2627.27257  2.73%   137   22s
  1025   529 2680.10970   22  126 2701.00000 2627.71618  2.71%   127   25s
H 1530   640                    2686.0000000 2632.79628  1.98%   107   29s
H 1555   640                    2685.0000000 2632.79628  1.94%   108   29s
  1564   647 2682.09125   20  139 2685.00000 2632.79628  1.94%   107   30s
H 1625   647                    2681.0000000 2632.79628  1.80%   106   30s
  2301   924 2674.16891   22  154 2681.00000 2649.72288  1.17%  92.8   35s
  2865  1127 2671.99448   18   62 2681.00000 2652.01195  1.08%  85.6   40s
  4055  1193     cutoff   23      2681.00000 2656.54437  0.91%  77.1   46s
* 4198  1193              35    2680.0000000 2657.30252  0.85%  76.6   46s
  4509  1219 2668.53569   28  115 2680.00000 2661.33638  0.70%  75.2   50s
  5496  1154 2672.59858   22  138 2680.00000 2664.94413  0.56%  71.1   55s
  6602   860 2674.59111   16   60 2680.00000 2668.89796  0.41%  66.9   61s
  7834   220 2678.35547   23  107 2680.00000 2671.83291  0.30%  62.0   65s

Cutting planes:
  Lift-and-project: 5
  Cover: 359
  Implied bound: 17
  Clique: 53
  MIR: 118
  Knapsack: 10
  StrongCG: 77
  GUB cover: 16
  Inf proof: 16
  Zero half: 35
  RLT: 363
  Relax-and-lift: 437
  BQP: 99

Explored 8889 nodes (513809 simplex iterations) in 66.13 seconds (31.67 work units)
Thread count was 22 (of 22 available processors)

Solution count 10: 2680 2681 2685 ... 2764

Optimal solution found (tolerance 1.00e-04)
Best objective 2.680000000000e+03, best bound 2.680000000000e+03, gap 0.0000%

User-callback calls 22093, time in user-callback 0.06 sec
