
Gurobi 13.0.0 (linux64) logging started Sat Jan  3 09:53:52 2026

Set parameter LogFile to value "../experiments/network-n_60_s_0_rp_0-app_set-id_59_24_apps/compact_model_gurobi.log"
Set parameter TimeLimit to value 900
Gurobi Optimizer version 13.0.0 build v13.0.0rc1 (linux64 - "Ubuntu 24.04.3 LTS")

CPU model: Intel(R) Core(TM) Ultra 7 165H, instruction set [SSE2|AVX|AVX2]
Thread count: 22 physical cores, 22 logical processors, using up to 22 threads

Non-default parameters:
TimeLimit  900
LogToConsole  0

Academic license 2539022 - for non-commercial use only - registered to al___@studenti.unimi.it
Optimize a model with 48485 rows, 9360 columns and 110031 nonzeros (Min)
Model fingerprint: 0x840e7c5c
Model has 9360 linear objective coefficients
Model has 200 quadratic constraints
Variable types: 0 continuous, 9360 integer (9360 binary)
Coefficient statistics:
  Matrix range     [1e+00, 9e+02]
  QMatrix range    [5e+01, 2e+02]
  Objective range  [1e+01, 2e+02]
  Bounds range     [1e+00, 1e+00]
  RHS range        [1e+00, 1e+09]
  QRHS range       [1e+02, 6e+02]
Presolve removed 46394 rows and 5466 columns
Presolve time: 0.50s
Presolved: 62273 rows, 63831 columns, 386274 nonzeros
Variable types: 0 continuous, 63831 integer (63831 binary)
Deterministic concurrent LP optimizer: primal and dual simplex
Showing primal log only...

Concurrent spin time: 0.02s

Solved with dual simplex

Root relaxation: objective 5.701797e+03, 4333 iterations, 1.28 seconds (1.58 work units)

    Nodes    |    Current Node    |     Objective Bounds      |     Work
 Expl Unexpl |  Obj  Depth IntInf | Incumbent    BestBd   Gap | It/Node Time

     0     0 5701.79735    0  382          - 5701.79735      -     -    3s
     0     0 5704.58073    0  374          - 5704.58073      -     -    3s
     0     0 5777.15494    0  469          - 5777.15494      -     -    6s
     0     0 5802.27834    0  529          - 5802.27834      -     -    8s
     0     0 5826.75091    0  510          - 5826.75091      -     -   11s
     0     0 5829.77720    0  519          - 5829.77720      -     -   12s
     0     0 5830.26819    0  542          - 5830.26819      -     -   12s
     0     0 5830.34773    0  545          - 5830.34773      -     -   12s
     0     0 5861.96730    0  544          - 5861.96730      -     -   15s
     0     0 5877.91888    0  543          - 5877.91888      -     -   17s
     0     0 5907.12430    0  560          - 5907.12430      -     -   21s
     0     0 5914.35642    0  669          - 5914.35642      -     -   22s
     0     0 5915.69459    0  596          - 5915.69459      -     -   23s
     0     0 5942.46740    0  564          - 5942.46740      -     -   27s
     0     0 5950.44207    0  589          - 5950.44207      -     -   29s
     0     0 5957.50577    0  560          - 5957.50577      -     -   31s
     0     0 5960.48652    0  634          - 5960.48652      -     -   32s
     0     0 5964.96371    0  671          - 5964.96371      -     -   34s
     0     0 5974.57252    0  743          - 5974.57252      -     -   36s
     0     0 5977.66526    0  693          - 5977.66526      -     -   37s
     0     0 5977.85009    0  701          - 5977.85009      -     -   38s
     0     0 5977.87740    0  700          - 5977.87740      -     -   38s
     0     0 5977.87740    0  690          - 5977.87740      -     -   39s
     0     2 5977.93458    0  672          - 5977.93458      -     -   44s
     1     5 5978.02490    1  649          - 5977.93458      -   149   46s
    15    32 5979.78860    4  600          - 5979.30328      -   451   51s
    53    94 5980.19389    6  584          - 5980.07964      -   377   56s
   133   172 5980.91723    9  615          - 5980.07964      -   321   62s
   181   209 5987.99719   11  614          - 5980.07964      -   305   65s
   266   274 5982.81666   13  584          - 5980.07964      -   299   70s
   352   357 5984.36932   16  566          - 5980.07964      -   291   75s
   433   422 5986.11862   18  600          - 5980.07964      -   285   80s
   485   477 5987.39136   20  646          - 5980.07964      -   278   85s
   534   521 5991.36997   22  538          - 5980.07964      -   282   90s
   582   569 5988.35747   23  597          - 5980.07964      -   284   95s
   628   616 5988.70129   25  575          - 5980.07964      -   281  100s
   675   664 5992.54809   26  571          - 5980.07964      -   274  105s
   727   720 5989.21120   28  607          - 5980.07964      -   268  110s
   778   782 5989.87077   30  563          - 5980.07964      -   268  117s
   818   838 5990.06917   31  587          - 5980.07964      -   268  120s
   936   957 5990.64762   32  616          - 5980.07964      -   256  128s
   995  1029 5992.50447   33  569          - 5980.07964      -   254  132s
  1068  1100 5992.76495   35  551          - 5980.07964      -   248  136s
  1140  1156 5994.66098   38  506          - 5980.07964      -   248  140s
  1274  1319 5994.98348   39  503          - 5980.07964      -   249  148s
  1362  1420 5997.00443   42  498          - 5980.07964      -   245  152s
  1463  1509 5998.44643   47  497          - 5980.07964      -   239  156s
  1553  1575 5999.77183   49  521          - 5980.07964      -   234  161s
  1619  1663 6001.34248   50  465          - 5980.07964      -   234  165s
H 1716  1724                    6723.0000000 5980.07964  11.1%   234  169s
  1768  1789 6003.77766   51  458 6723.00000 5980.07964  11.1%   236  174s
H 1775  1789                    6641.0000000 5980.07964  10.0%   236  174s
  1833  1854 6011.08748   53  499 6641.00000 5980.07964  10.0%   237  179s
H 1901  1886                    6507.0000000 5980.07964  8.10%   236  184s
  1933  1962 6007.40004   55  469 6507.00000 5980.07964  8.10%   237  190s
  2014  2029 6009.84819   59  505 6507.00000 5980.07964  8.10%   237  195s
H 2080  2029                    6500.0000000 5980.07964  8.00%   237  195s
  2083  2153 6009.99931   60  515 6500.00000 5980.07964  8.00%   238  201s
  2207  2228 6042.74367   63  467 6500.00000 5980.07964  8.00%   238  207s
H 2254  2228                    6497.0000000 5980.07964  7.96%   237  207s
  2282  2250 6028.28632   64  496 6497.00000 5980.07964  7.96%   237  213s
H 2296  2250                    6490.0000000 5980.07964  7.86%   237  213s
  2304  2430 6023.54191   64  482 6490.00000 5980.07964  7.86%   237  219s
  2487  2603 6027.05341   68  466 6490.00000 5980.07964  7.86%   234  225s
  2668  2762 6033.28633   72  572 6490.00000 5980.07964  7.86%   231  231s
  2840  2941 6035.64305   82  512 6490.00000 5980.07964  7.86%   230  236s
  3038  2959 6040.92983   85  533 6490.00000 5980.31003  7.85%   227  244s
  3064  2980 6055.28770   86  540 6490.00000 5980.50143  7.85%   231  251s
  3087  3005 infeasible   86      6490.00000 5980.50143  7.85%   237  258s
H 3111  3005                    6488.0000000 5980.50143  7.82%   242  258s
  3126  3048 6060.03537   88  546 6488.00000 5980.50143  7.82%   244  266s
H 3171  3048                    6486.0000000 5980.50143  7.79%   249  266s
  3173  3199 6060.26273   89  570 6486.00000 5980.50143  7.79%   249  273s
  3338  3366 infeasible   96      6486.00000 5980.50143  7.79%   250  280s
  3515  3487 6103.51291   98  512 6486.00000 5980.50143  7.79%   252  289s
  3638  3631 6104.34369   99  505 6486.00000 5980.50143  7.79%   250  298s
  3811  3671 6126.24952  103  529 6486.00000 5980.50143  7.79%   251  307s
H 3842  3661                    6452.0000000 5980.50143  7.31%   254  307s
  3853  3790 6131.05038  103  502 6452.00000 5980.50143  7.31%   257  316s
  3986  3886 6131.23399  107  488 6452.00000 5980.50143  7.31%   263  326s
  4098  4022 6338.78316  108  555 6452.00000 5980.50143  7.31%   267  336s
  4253  4183 6173.42000  108  485 6452.00000 5980.50143  7.31%   268  347s
  4471  4344 6176.60927  111  555 6452.00000 5980.74002  7.30%   270  358s
  4642  4418 6193.02213  115  543 6452.00000 5980.74002  7.30%   275  370s
  4720  4588 6198.60389  116  529 6452.00000 5980.74002  7.30%   276  382s
  4930  4739 6205.19449  117  542 6452.00000 5980.74002  7.30%   276  398s
H 4979  4738                    6451.0000000 5980.74002  7.29%   276  398s
  5118  4931 6232.76879  118  501 6451.00000 5980.74002  7.29%   278  410s
  5351  5145 6236.72679  120  471 6451.00000 5980.74002  7.29%   280  424s
  5607  5409 6246.20040  128  445 6451.00000 5980.74002  7.29%   282  437s
  5914  5548 6267.03426  139  463 6451.00000 5980.74002  7.29%   281  452s
  6079  5640 6289.34983  141  431 6451.00000 5980.74002  7.29%   280  467s
H 6135  5640                    6450.0000000 5980.74002  7.28%   279  467s
  6184  5922 6392.21625  142  449 6450.00000 5980.74002  7.28%   280  484s
H 6537  6086                    6438.0000000 5980.74002  7.10%   280  501s
  6795  6087 6070.35532   95 27845 6438.00000 5980.74002  7.10%   281  530s
  6797  6088 6174.29944   66  390 6438.00000 5980.74002  7.10%   281  539s
  6798  6089 6004.30504   39  475 6438.00000 5980.74002  7.10%   281  541s
  6799  6090 6380.50319  126  499 6438.00000 5980.74002  7.10%   281  546s
  6800  6090 6141.20850   91  626 6438.00000 5980.74002  7.10%   281  553s
  6801  6091 6043.04714   68  590 6438.00000 5980.74002  7.10%   281  558s
  6802  6092 6009.11679   13  641 6438.00000 5980.74002  7.10%   281  562s
  6803  6092 6119.96856   95  695 6438.00000 5980.74002  7.10%   281  567s
  6804  6093 6241.79564   64  747 6438.00000 5991.38335  6.94%   281  572s
  6805  6094 6021.68001   47  740 6438.00000 5997.49699  6.84%   281  575s
  6809  6096 6128.85657   83  749 6438.00000 6001.88735  6.77%   280  580s
  6816  6101 6107.00738   76  831 6438.00000 6002.06303  6.77%   280  585s
  6818  6102 6151.76271  125  697 6438.00000 6009.54655  6.66%   280  590s
  6821  6104 6077.35107   73  675 6438.00000 6014.88456  6.57%   280  595s
  6825  6107 6019.94147   33  763 6438.00000 6019.94147  6.49%   280  601s
  6828  6109 6163.69837  115  774 6438.00000 6022.55369  6.45%   280  605s
  6833  6112 6327.30092  116  795 6438.00000 6025.18800  6.41%   279  610s
  6840  6117 6025.71746   27  839 6438.00000 6025.71746  6.40%   279  617s
  6841  6118 6044.76877   35  759 6438.00000 6028.74052  6.36%   279  621s
  6843  6119 6067.84585   70  838 6438.00000 6031.82107  6.31%   279  625s
  6846  6121 6039.87817   23  789 6438.00000 6033.57403  6.28%   279  630s
  6852  6125 6068.94991   98  757 6438.00000 6035.81651  6.25%   279  635s
  6861  6131 6074.33221   77  864 6438.00000 6036.25369  6.24%   278  642s
  6862  6132 6224.90741  179  824 6438.00000 6039.83840  6.18%   278  646s
  6865  6134 6328.01390  138  910 6438.00000 6041.80075  6.15%   278  651s
  6870  6137 6043.19222   70  856 6438.00000 6043.19222  6.13%   278  655s
  6876  6141 6092.68049   26  929 6438.00000 6043.36695  6.13%   278  660s
  6878  6142 6050.85015   67  834 6438.00000 6046.50850  6.08%   278  666s
  6882  6145 6110.00589   98  832 6438.00000 6047.52471  6.07%   277  670s
  6889  6150 6056.50692   58  885 6438.00000 6047.59438  6.06%   277  675s
  6893  6152 6049.25952   19  871 6438.00000 6049.25952  6.04%   277  680s
  6900  6157 6141.20850   91  935 6438.00000 6049.55978  6.03%   277  686s
  6902  6158 6050.49736   13  906 6438.00000 6050.49736  6.02%   277  691s
  6908  6162 6103.65634   76  908 6438.00000 6051.24976  6.01%   276  695s
  6914  6166 6051.84059   65  839 6438.00000 6051.84059  6.00%   276  701s
  6919  6170 6433.00326   28  837 6438.00000 6053.29741  5.98%   276  705s
  6930  6177 6146.62457   69  873 6438.00000 6053.45939  5.97%   275  713s
  6931  6178 6161.69017  105  745 6438.00000 6053.89270  5.97%   275  716s
  6936  6181 6273.84479   80  754 6438.00000 6054.48892  5.96%   275  720s
  6940  6184 6055.55705   27  848 6438.00000 6055.55705  5.94%   275  725s
  6948  6189 6348.24277  187  753 6438.00000 6055.68872  5.94%   275  731s
  6952  6192 6068.94991   98  761 6438.00000 6056.19120  5.93%   275  735s
  6956  6194 6140.91604  122  775 6438.00000 6056.24429  5.93%   274  740s
  6966  6201 6342.81103  183  774 6438.00000 6056.39959  5.93%   274  746s
  6970  6204 6056.46651   70  852 6438.00000 6056.46651  5.93%   274  752s
  6975  6207 6056.59533   37  868 6438.00000 6056.59533  5.92%   274  757s
  6977  6208 6056.59533   57  867 6438.00000 6056.59533  5.92%   274  762s
  6978  6209 6058.06676   67  863 6438.00000 6058.06676  5.90%   274  765s
  6987  6215 6273.75638  157  803 6438.00000 6058.32638  5.90%   273  775s
  6990  6217 6059.80730   19  755 6438.00000 6059.80730  5.87%   273  780s
  6998  6222 6060.02565   39  875 6438.00000 6060.02565  5.87%   273  786s
  6999  6223 6380.50319  126  859 6438.00000 6060.04700  5.87%   273  791s
  7005  6227 6060.16191   47  846 6438.00000 6060.16191  5.87%   273  796s
  7009  6230 6128.85657   83  781 6438.00000 6060.20066  5.87%   272  801s
  7013  6232 6251.14545  154  850 6438.00000 6060.61096  5.86%   272  805s
  7019  6236 6433.00326   28  805 6438.00000 6060.66429  5.86%   272  810s
  7025  6240 6060.86354   33  781 6438.00000 6060.86354  5.86%   272  815s
  7031  6244 6161.69017  105  799 6438.00000 6060.92947  5.86%   272  821s
H 7031  5927                    6367.0000000 6061.09191  4.80%   272  840s
H 7031  5627                    6366.0000000 6061.09191  4.79%   272  842s
H 7031  5342                    6361.0000000 6061.09191  4.71%   272  842s
  7032  5343 6061.09191   52  870 6361.00000 6061.09191  4.71%   271  845s
  7040  5348 6061.25721   27  894 6361.00000 6061.25721  4.71%   271  850s
  7043  5350 6067.84585   70  879 6361.00000 6061.32823  4.71%   271  855s
  7047  5353 6209.10386  145  885 6361.00000 6061.32823  4.71%   271  860s
  7049  5354 6322.28014  136  848 6361.00000 6061.32823  4.71%   271  865s
  7051  5356 6061.32823   44  829 6361.00000 6061.32823  4.71%   271  871s
  7055  5360 6315.89344  173 27844 6361.00000 6061.32823  4.71%   284  883s
  7057  5361 6205.64893  124  390 6361.00000 6061.32823  4.71%   284  891s
  7058  5362 6177.59678  117  454 6361.00000 6061.32823  4.71%   284  895s

Cutting planes:
  Gomory: 10
  Cover: 34
  Clique: 15
  MIR: 23
  Knapsack: 7
  StrongCG: 25
  Flow cover: 32
  GUB cover: 11
  Zero half: 14
  RLT: 24
  Relax-and-lift: 111
  BQP: 5

Explored 7058 nodes (2043825 simplex iterations) in 900.11 seconds (888.29 work units)
Thread count was 22 (of 22 available processors)

Solution count 10: 6361 6366 6367 ... 6490

Time limit reached
Best objective 6.361000000000e+03, best bound 6.062000000000e+03, gap 4.7005%

User-callback calls 134186, time in user-callback 0.90 sec
