
Gurobi 13.0.0 (linux64) logging started Sat Jan 17 17:32:47 2026

Set parameter LogFile to value "../experiments/network-n_60_s_0_rp_0-app_set-id_59_24_apps/submip_40_epr0_model_gurobi.log"
Set parameter TimeLimit to value 8.9157240766799077e+02
Gurobi Optimizer version 13.0.0 build v13.0.0rc1 (linux64 - "Ubuntu 24.04.3 LTS")

CPU model: Intel(R) Core(TM) Ultra 7 165H, instruction set [SSE2|AVX|AVX2]
Thread count: 22 physical cores, 22 logical processors, using up to 22 threads

Non-default parameters:
TimeLimit  8.9157240766799077e+02
LogToConsole  0

Academic license 2539022 - for non-commercial use only - registered to al___@studenti.unimi.it
Optimize a model with 48567 rows, 9360 columns and 110113 nonzeros (Min)
Model fingerprint: 0xe381e71b
Model has 9360 linear objective coefficients
Model has 200 quadratic constraints
Variable types: 0 continuous, 9360 integer (9360 binary)
Coefficient statistics:
  Matrix range     [1e+00, 9e+02]
  QMatrix range    [5e+01, 2e+02]
  Objective range  [1e+01, 2e+02]
  Bounds range     [1e+00, 1e+00]
  RHS range        [1e+00, 1e+09]
  QRHS range       [1e+02, 6e+02]

MIP start from previous solve did not produce a new incumbent solution
MIP start from previous solve violates constraint fixed_app_6_microservice_1 by 1.000000000

Presolve removed 47955 rows and 7599 columns
Presolve time: 0.19s
Presolved: 12493 rows, 13452 columns, 79300 nonzeros
Variable types: 0 continuous, 13452 integer (13452 binary)

Root relaxation: objective 5.901236e+03, 1804 iterations, 0.16 seconds (0.26 work units)

    Nodes    |    Current Node    |     Objective Bounds      |     Work
 Expl Unexpl |  Obj  Depth IntInf | Incumbent    BestBd   Gap | It/Node Time

     0     0 5901.23583    0  223          - 5901.23583      -     -    0s
     0     0 5905.22931    0  230          - 5905.22931      -     -    0s
     0     0 5986.84585    0  288          - 5986.84585      -     -    1s
     0     0 6028.57151    0  307          - 6028.57151      -     -    2s
     0     0 6038.62504    0  339          - 6038.62504      -     -    2s
     0     0 6039.39984    0  333          - 6039.39984      -     -    2s
     0     0 6039.47172    0  343          - 6039.47172      -     -    2s
     0     0 6082.12631    0  323          - 6082.12631      -     -    3s
     0     0 6119.55617    0  322          - 6119.55617      -     -    3s
     0     0 6136.54966    0  358          - 6136.54966      -     -    4s
     0     0 6143.87005    0  373          - 6143.87005      -     -    4s
     0     0 6144.66986    0  383          - 6144.66986      -     -    4s
     0     0 6181.48034    0  382          - 6181.48034      -     -    5s
     0     0 6199.36625    0  389          - 6199.36625      -     -    5s
     0     0 6206.02104    0  355          - 6206.02104      -     -    6s
     0     0 6230.20997    0  364          - 6230.20997      -     -    6s
     0     0 6230.21251    0  356          - 6230.21251      -     -    6s
     0     0 6230.21251    0  356          - 6230.21251      -     -    6s
     0     2 6230.46103    0  356          - 6230.46103      -     -    8s
    53   105 6252.24061    6  295          - 6245.80512      -   243   10s
   377   398 6277.72274   19  254          - 6245.80512      -   222   15s
   630   670 6286.82106   27  224          - 6245.80512      -   197   20s
   990  1034 6316.38793   33  210          - 6245.80512      -   182   25s
  1508  1490 6436.26239   67  164          - 6248.08120      -   169   30s
  1823  1780 6507.13629   72  157          - 6250.81185      -   165   35s
  2265  2137 6306.13304   12  251          - 6251.12498      -   157   40s
  2914  2540 6381.38904   24  227          - 6253.12134      -   152   46s
  3077  2593 6312.41171   27 5117          - 6253.12134      -   153   51s
  3083  2597 6435.73881   49  323          - 6253.12134      -   152   55s
  3104  2611 6314.09523   25  447          - 6285.08754      -   151   60s
  3129  2628 6436.60442   16  466          - 6325.13478      -   150   65s
  3162  2650 6435.85987   37  498          - 6348.03036      -   149   70s
  3189  2668 6373.81572   37  468          - 6360.08559      -   147   75s
  3212  2683 6454.78579   56  521          - 6369.92387      -   146   80s
  3238  2700 6383.86223   27  563          - 6383.86223      -   145   85s
  3254  2711 6417.23393   37  576          - 6387.45935      -   144   90s
  3281  2729 6438.82814   51  522          - 6391.82593      -   143   95s
  3303  2744 6395.81121   27  553          - 6395.81121      -   142  100s
  3318  2754 6400.68214    5  549          - 6400.68214      -   142  106s
  3337  2766 6403.44891   15  514          - 6403.44891      -   141  110s
  3362  2783 6435.85987   37  556          - 6406.44586      -   140  115s
  3386  2799 6507.05757   43  590          - 6407.64238      -   139  120s
  3408  2814 6412.72730   52  594          - 6409.34138      -   138  125s
  3431  2829 6410.63544    9  607          - 6410.63544      -   137  130s
  3450  2843 6503.93685   16  241          - 6411.09186      -   153  136s
  3456  2847 6412.10092    8  345          - 6412.10092      -   153  140s
  3475  2860 6421.37392   17  521          - 6416.32360      -   152  145s
  3492  2871 6598.08708   28  514          - 6416.32360      -   151  152s
  3499  2885 6421.36549   33  449          - 6418.56687      -   156  155s
  3545  2949 6429.30045   36  390          - 6428.06945      -   162  161s
  3622  2996 6432.90194   38  371          - 6428.06945      -   167  166s
  3700  3031 6440.61000   40  393          - 6428.06945      -   176  170s
  3745  3066 6450.55886   41  361          - 6428.06945      -   178  175s
  3831  3126 6462.73644   42  317          - 6428.06945      -   186  181s
  3898  3179 6487.84191   43  303          - 6428.06945      -   191  185s
  3971  3214 6509.34147   44  280          - 6428.06945      -   197  190s
  4036  3249 6513.21795   45  279          - 6428.06945      -   204  195s
  4098  3273 6485.06672   46  311          - 6428.06945      -   208  201s
  4155  3305 6493.36041   48  324          - 6428.06945      -   212  206s
  4217  3338 6511.91091   50  306          - 6428.06945      -   215  212s
  4255  3351 6513.12098   51  293          - 6428.06945      -   218  215s
  4343  3380 6533.28890   53  263          - 6428.35714      -   223  220s
  4440  3419 6566.37969   55  264          - 6429.60493      -   229  227s
  4499  3437 6562.68379   57  249          - 6429.60493      -   232  230s
  4615  3449 6627.30256   59  236          - 6429.60493      -   236  237s
  4643  3456 infeasible   59               - 6429.60493      -   237  241s
  4712  3490 6777.66495   61  234          - 6429.60493      -   240  248s
  4764  3512 6700.95648   62  311          - 6429.60493      -   242  252s
  4844  3543 6720.53363   64  287          - 6432.86281      -   246  256s
  4929  3589 infeasible   66               - 6436.64694      -   249  260s
  5128  3678 6554.75177   39  328          - 6436.64694      -   258  268s
  5255  3697 6589.52434   42  244          - 6437.17725      -   262  273s
  5388  3728 6638.59600   42  224          - 6437.17725      -   266  277s
  5524  3767 6713.82625   45  223          - 6438.96498      -   270  282s
  5680  3797 infeasible   47               - 6438.96498      -   272  287s
  5820  3852 infeasible   52               - 6438.96498      -   276  291s
  5962  3892 6653.38694   43  269          - 6438.96498      -   280  296s
  6117  3930 6695.32732   45  244          - 6446.48302      -   284  301s
  6299  3999 6747.13422   47  245          - 6446.48302      -   289  307s
  6484  4077 6858.81269   52  206          - 6449.89913      -   292  312s
  6742  4068 7021.46563   54  226          - 6449.89913      -   293  318s
  6986  4076 6475.49985   45  323          - 6452.19254      -   295  324s
  7169  4141 6495.25572   47  330          - 6452.46297      -   299  329s
  7365  4212 6621.82660   49  258          - 6452.46297      -   303  335s
  7605  4151 6563.65197   49  313          - 6452.46297      -   307  341s
  7630  4172 6870.79913   48  294          - 6452.46297      -   308  348s
  7701  4248 6590.28161   50  297          - 6452.46297      -   310  354s
  7915  4188 6585.53928   52  294          - 6452.46297      -   313  360s
  7948  4197 6587.41578   53  312          - 6452.46297      -   314  367s
  7978  4237 6592.81141   54  294          - 6458.77584      -   314  374s
  8044  4352 6667.91513   57  272          - 6458.77584      -   315  381s
  8260  4399 6724.60362   58  260          - 6462.74481      -   315  388s
  8479  4509 6979.33045   61  225          - 6462.81984      -   318  396s
  8833  4538 6552.09306   41  248          - 6462.81984      -   321  404s
  9183  4622 infeasible   43               - 6462.81984      -   324  412s
  9512  4698 6595.20411   43  203          - 6462.81984      -   327  420s
  9926  4804 infeasible   53               - 6462.81984      -   328  428s
 10368  4712 6593.92628   47  182          - 6469.29515      -   331  437s
 10504  4845 infeasible   50               - 6471.95464      -   332  446s
 10895  4918 6631.38654   47  272          - 6472.29227      -   334  455s
 11260  4999 6653.36811   61  259          - 6472.29227      -   336  465s
 11757  5067 infeasible   64               - 6476.24182      -   337  475s
 12268  5201 infeasible   60               - 6479.52274      -   337  485s
 12762  5216 6737.36824   46  212          - 6479.84230      -   338  495s
 12791  5308 6773.04447   46  181          - 6482.53129      -   338  506s
 12955  5493 6533.31200   44  258          - 6482.53129      -   338  517s
 13342  5780 infeasible   52               - 6482.53129      -   339  528s
 13928  6014 6868.44905   51  201          - 6482.64812      -   341  540s
 14497  6349 6586.33826   47  258          - 6485.47827      -   342  552s
 15123  6639 6646.47461   47  171          - 6486.86921      -   344  564s
 15801  6954 6817.95016   50  207          - 6487.25582      -   345  577s
 16534  7221 6550.55822   47  295          - 6491.50564      -   346  590s
 17082  7609 6941.40218   50  230          - 6491.57655      -   348  603s
 17905  7862 6809.35912   51  248          - 6493.44741      -   349  616s
 18560  8298 6659.27050   49  242          - 6494.84022      -   349  631s
 19488  8681 6638.22330   48  284          - 6497.18336      -   348  646s
 20292  8930 6606.23782   44  302          - 6499.25790      -   349  661s
 20840  9052 infeasible   51               - 6499.25790      -   350  678s
 21073  9301 6699.91176   50  208          - 6499.30545      -   351  695s
 21647  9541 6586.11431   47  270          - 6499.30545      -   351  712s
 22222  9905 6833.93398   55  235          - 6501.05367      -   353  730s
 23179 10331 infeasible   43               - 6506.58893      -   356  748s
 24217 10827 6646.38723   45  213          - 6509.14094      -   357  772s
 25557 10834 6704.15783   54  222          - 6509.86354      -   357  788s
 25594 10918 infeasible   54               - 6509.93915      -   357  804s
 25808 11297 6834.31363   54  175          - 6510.87430      -   357  823s
 26727 11598 6717.52942   54  235          - 6512.31233      -   359  843s
 27485 12066 6681.25923   52  247          - 6516.12036      -   359  865s
 28693 12358 6696.09514   47  209          - 6517.53168      -   360  884s
 29557 12503 infeasible   48               - 6517.53168      -   360  891s

Cutting planes:
  Gomory: 3
  Lift-and-project: 1
  Cover: 80
  Clique: 43
  MIR: 108
  Knapsack: 13
  StrongCG: 58
  Flow cover: 259
  GUB cover: 14
  Zero half: 35
  Mod-K: 1
  RLT: 55
  Relax-and-lift: 142
  BQP: 2

Explored 29894 nodes (10786299 simplex iterations) in 891.59 seconds (703.49 work units)
Thread count was 22 (of 22 available processors)

Solution count 0

Time limit reached
Best objective -, best bound 6.521000000000e+03, gap -

User-callback calls 210501, time in user-callback 1.31 sec
Set parameter LogToConsole to value 0
