
Gurobi 13.0.0 (linux64) logging started Sat Jan 17 17:17:55 2026

Set parameter LogFile to value "../experiments/network-n_60_s_0_rp_0-app_set-id_59_24_apps/submip_30_epr0_model_gurobi.log"
Set parameter TimeLimit to value 8.9191754533800122e+02
Gurobi Optimizer version 13.0.0 build v13.0.0rc1 (linux64 - "Ubuntu 24.04.3 LTS")

CPU model: Intel(R) Core(TM) Ultra 7 165H, instruction set [SSE2|AVX|AVX2]
Thread count: 22 physical cores, 22 logical processors, using up to 22 threads

Non-default parameters:
TimeLimit  8.9191754533800122e+02
LogToConsole  0

Academic license 2539022 - for non-commercial use only - registered to al___@studenti.unimi.it
Optimize a model with 48555 rows, 9360 columns and 110101 nonzeros (Min)
Model fingerprint: 0xf388e836
Model has 9360 linear objective coefficients
Model has 200 quadratic constraints
Variable types: 0 continuous, 9360 integer (9360 binary)
Coefficient statistics:
  Matrix range     [1e+00, 9e+02]
  QMatrix range    [5e+01, 2e+02]
  Objective range  [1e+01, 2e+02]
  Bounds range     [1e+00, 1e+00]
  RHS range        [1e+00, 1e+09]
  QRHS range       [1e+02, 6e+02]
Presolve removed 47772 rows and 7079 columns
Presolve time: 0.23s
Presolved: 17510 rows, 18816 columns, 110881 nonzeros
Variable types: 0 continuous, 18816 integer (18816 binary)
Deterministic concurrent LP optimizer: primal and dual simplex
Showing primal log only...

Concurrent spin time: 0.00s

Solved with dual simplex

Root relaxation: objective 5.848204e+03, 2203 iterations, 0.44 seconds (0.35 work units)

    Nodes    |    Current Node    |     Objective Bounds      |     Work
 Expl Unexpl |  Obj  Depth IntInf | Incumbent    BestBd   Gap | It/Node Time

     0     0 5848.20400    0  266          - 5848.20400      -     -    1s
     0     0 5853.81208    0  263          - 5853.81208      -     -    1s
     0     0 5853.93424    0  258          - 5853.93424      -     -    1s
     0     0 5939.11120    0  340          - 5939.11120      -     -    2s
     0     0 5970.51812    0  293          - 5970.51812      -     -    3s
     0     0 5972.45517    0  347          - 5972.45517      -     -    3s
     0     0 5972.99438    0  327          - 5972.99438      -     -    3s
     0     0 5996.80841    0  356          - 5996.80841      -     -    4s
     0     0 6008.49334    0  316          - 6008.49334      -     -    5s
     0     0 6015.45847    0  366          - 6015.45847      -     -    5s
     0     0 6016.45657    0  329          - 6016.45657      -     -    5s
     0     0 6049.58633    0  349          - 6049.58633      -     -    7s
     0     0 6061.22774    0  379          - 6061.22774      -     -    8s
     0     0 6065.71577    0  332          - 6065.71577      -     -    8s
     0     0 6079.26897    0  340          - 6079.26897      -     -   10s
     0     0 6079.28374    0  337          - 6079.28374      -     -   10s
     0     0 6079.28374    0  325          - 6079.28374      -     -   10s
     0     2 6079.28382    0  325          - 6079.28382      -     -   11s
   115   146 6101.86602    9  332          - 6083.04457      -   180   15s
   320   345 6094.28327   14  331          - 6083.04457      -   228   20s
   455   491 6098.01413   22  328          - 6083.04457      -   237   26s
   583   608 6104.62410   26  364          - 6083.04457      -   232   30s
   745   776 6116.70390   32  340          - 6083.04457      -   227   36s
   836   860 6138.62115   39  292          - 6083.04457      -   230   40s
H  847   860                    6528.0000000 6083.04457  6.82%   229   40s
H  945   984                    6512.0000000 6083.04457  6.59%   226   43s
H  946   984                    6404.0000000 6083.04457  5.01%   226   43s
H  948   984                    6403.0000000 6083.04457  5.00%   226   43s
H  984  1085                    6382.0000000 6083.04457  4.68%   224   45s
  1335  1453 6182.15897   49  326 6382.00000 6083.04457  4.68%   208   50s
  1740  1741 6224.44061   57  314 6382.00000 6083.18401  4.68%   195   55s
  1991  1979 6245.93421   62  293 6382.00000 6083.18401  4.68%   207   61s
  2145  2157 infeasible   65      6382.00000 6084.49764  4.66%   212   66s
  2413  2410 6278.34402   80  289 6382.00000 6084.49764  4.66%   212   71s
  2629  2602 6285.72549   90  277 6382.00000 6084.49764  4.66%   212   76s
  2946  2825 6317.77296  100  272 6382.00000 6086.81631  4.63%   210   82s
  3225  3017     cutoff  112      6382.00000 6086.81631  4.63%   212   87s
  3345  3194 6114.06235    7  404 6382.00000 6086.87746  4.62%   214   90s
  3785  3525 6175.84990   20  296 6382.00000 6086.87746  4.62%   210   97s
  3988  3596 6209.74258   32  280 6382.00000 6086.87746  4.62%   209  101s
  4088  3597 6173.26675   42 7457 6382.00000 6086.87746  4.62%   208  106s
  4092  3600 6116.54984   22  285 6382.00000 6086.87746  4.62%   208  110s
  4104  3608 6188.14628   55  444 6382.00000 6095.73708  4.49%   207  115s
  4123  3620 6309.83320   38  446 6382.00000 6118.17782  4.13%   206  120s
  4138  3630 6208.57782   48  521 6382.00000 6129.30387  3.96%   206  125s
  4158  3644 6261.55429   28  491 6382.00000 6133.99525  3.89%   205  130s
  4175  3655 6139.42455   32  468 6382.00000 6137.96687  3.82%   204  135s
  4194  3668 6140.87924   32  480 6382.00000 6140.87924  3.78%   203  140s
H 4198  3484                    6376.0000000 6141.11609  3.68%   203  141s
  4210  3492 6141.68615   14  476 6376.00000 6141.68615  3.67%   202  145s
  4226  3503 6315.00953   62  424 6376.00000 6147.27533  3.59%   201  150s
  4244  3515 6301.20695   30  473 6376.00000 6148.59126  3.57%   200  155s
H 4247  3339                    6350.0000000 6148.76940  3.17%   200  156s
H 4257  3176                    6348.0000000 6149.04790  3.13%   200  159s
  4259  3177 6215.66830   78  464 6348.00000 6149.04790  3.13%   200  160s
  4260  3178 6149.05697   29  446 6348.00000 6149.05697  3.13%   200  165s
  4275  3188 6150.33845   32  466 6348.00000 6150.33845  3.11%   199  170s
  4295  3201 6151.87756   29  475 6348.00000 6151.87756  3.09%   198  175s
  4316  3215 6152.37201   16  509 6348.00000 6152.37201  3.08%   197  180s
  4336  3230 6181.02794   59 7215 6348.00000 6152.62882  3.08%   206  186s
  4340  3233 6152.62882   34  267 6348.00000 6152.62882  3.08%   206  190s
  4346  3237 6156.00363   37  387 6348.00000 6153.34631  3.07%   206  195s
  4368  3251 6153.34631   23  471 6348.00000 6153.34631  3.07%   205  200s
  4380  3259 6167.90433   67  453 6348.00000 6153.55820  3.06%   204  205s
H 4403  3110                    6344.0000000 6154.67023  2.98%   203  210s
  4418  3120 6182.44213   31  463 6344.00000 6154.83608  2.98%   202  215s
  4432  3129 6155.73080   32  455 6344.00000 6155.73080  2.97%   202  220s
  4455  3144 6279.23002   78  453 6344.00000 6156.57380  2.95%   201  225s
  4474  3157 6157.46811   25  454 6344.00000 6157.46811  2.94%   200  232s
  4482  3162 6169.53415   55  466 6344.00000 6157.61722  2.94%   199  235s
  4507  3179 6219.50409   73  455 6344.00000 6159.06962  2.92%   198  240s
  4513  3183 6169.07925   57  431 6344.00000 6159.63465  2.91%   198  246s
  4516  3190 6184.45737   28  375 6344.00000 6159.63465  2.91%   205  250s
  4528  3210 6212.11995   30  379 6344.00000 6162.92520  2.85%   207  257s
H 4532  3047                    6343.0000000 6162.92520  2.84%   207  257s
  4544  3065 6217.56810   31  459 6343.00000 6166.50315  2.78%   210  262s
H 4545  2910                    6335.0000000 6166.50315  2.66%   210  262s
H 4552  2761                    6328.0000000 6166.50315  2.55%   211  262s
  4566  2813 6219.13158   32  436 6328.00000 6176.46807  2.39%   215  269s
  4623  2832 6234.01090   33  443 6328.00000 6176.46807  2.39%   219  274s
H 4629  2691                    6300.0000000 6176.46807  1.96%   219  274s
  4663  2718 6238.48223   34  458 6300.00000 6176.46807  1.96%   223  279s
H 4664  2586                    6298.0000000 6176.46807  1.93%   223  279s
  4701  2611 6238.47288   34  436 6298.00000 6176.46807  1.93%   225  285s
H 4706  2485                    6294.0000000 6176.46807  1.87%   226  285s
  4742  2510     cutoff   35      6294.00000 6176.46807  1.87%   228  290s
H 4763  2384                    6293.0000000 6176.46807  1.85%   230  290s
  4783  2417 6286.63522   36  387 6293.00000 6176.46807  1.85%   231  295s
  4872  2466 6258.72602   37  406 6293.00000 6176.46807  1.85%   236  304s
  4916  2494 6241.33422   38  447 6293.00000 6176.46807  1.85%   237  309s
H 4955  2367                    6283.0000000 6176.46807  1.70%   239  309s
  4960  2403 6248.57424   39  423 6283.00000 6176.46807  1.70%   240  314s
  5009  2425 6249.88313   40  409 6283.00000 6177.36365  1.68%   242  318s
  5053  2430 6251.08954   41  413 6283.00000 6177.36365  1.68%   244  322s
  5077  2438     cutoff   41      6283.00000 6177.36365  1.68%   245  326s
  5111  2460     cutoff   42      6283.00000 6177.36365  1.68%   246  330s
  5209  2490 6255.72154   44  400 6283.00000 6180.13579  1.64%   248  339s
  5257  2517 6273.92090   44  373 6283.00000 6180.13579  1.64%   249  343s
  5316  2531 6259.59138   46  382 6283.00000 6181.28228  1.62%   250  348s
  5367  2556 6264.36731   48  393 6283.00000 6181.28228  1.62%   252  353s
  5426  2554 6264.98804   51  386 6283.00000 6181.28228  1.62%   253  359s
  5451  2559     cutoff   51      6283.00000 6181.35380  1.62%   253  364s
  5477  2569     cutoff   52      6283.00000 6181.35380  1.62%   254  369s
  5500  2579 6271.60177   54  360 6283.00000 6181.35380  1.62%   255  375s
  5525  2588 6279.26454   55  357 6283.00000 6181.35380  1.62%   255  381s
  5548  2586     cutoff   55      6283.00000 6181.82175  1.61%   256  386s
  5580  2593 6194.30307   33  368 6283.00000 6181.82175  1.61%   256  393s
  5608  2600 6199.83022   34  307 6283.00000 6181.82689  1.61%   256  399s
  5638  2609 6203.28437   35  330 6283.00000 6181.82689  1.61%   257  405s
  5665  2621 6206.81115   36  357 6283.00000 6181.82689  1.61%   258  411s
  5692  2633 6207.49784   37  308 6283.00000 6181.82689  1.61%   258  417s
  5718  2642 6211.02347   38  395 6283.00000 6181.82689  1.61%   258  424s
  5750  2651 6277.65702   39  418 6283.00000 6181.82689  1.61%   259  431s
  5780  2662     cutoff   40      6283.00000 6181.82689  1.61%   259  438s
  5809  2679 6222.77912   40  427 6283.00000 6181.82689  1.61%   260  445s
  5853  2710 6225.37374   41  439 6283.00000 6181.89456  1.61%   260  452s
  5916  2759 6235.06652   42  406 6283.00000 6182.55635  1.60%   261  460s
  5996  2826 6236.57560   43  414 6283.00000 6182.55635  1.60%   261  467s
  6126  2910 6255.81267   45  355 6283.00000 6182.55635  1.60%   261  474s
H 6155  2792                    6282.0000000 6182.55635  1.58%   261  474s
  6325  2891 6277.40139   51  258 6282.00000 6182.74146  1.58%   261  482s
  6584  2896 6196.00043   45  304 6282.00000 6183.49222  1.57%   260  491s
  6784  2988 6199.59473   51  310 6282.00000 6183.88635  1.56%   260  499s
  7018  3144 6216.57251   61  319 6282.00000 6184.48527  1.55%   260  508s
  7341  3175 6230.42338   72  347 6282.00000 6184.48527  1.55%   258  517s
  7547  3308 6249.73492   79  350 6282.00000 6184.48527  1.55%   258  526s
  7835  3370     cutoff  104      6282.00000 6185.25555  1.54%   258  534s
  8064  3507 6206.38266   48  211 6282.00000 6185.25555  1.54%   259  544s
  8347  3604 6211.90986   55  209 6282.00000 6185.25555  1.54%   260  554s
H 8534  3384                    6276.0000000 6185.25555  1.45%   261  554s
  8672  3561 6259.55606   72  243 6276.00000 6185.25555  1.45%   261  563s
  9055  3674 6214.57964   40  434 6276.00000 6185.25555  1.45%   260  573s
H 9151  3525                    6275.0000000 6185.25555  1.43%   259  573s
  9373  3750 6226.50601   49  414 6275.00000 6185.25555  1.43%   260  584s
  9755  3913 6236.67375   51  378 6275.00000 6185.25555  1.43%   260  594s
 10123  4101 6245.20452   63  286 6275.00000 6185.25555  1.43%   260  604s
 10522  4368 6257.46501   68  301 6275.00000 6188.54497  1.38%   261  616s
 10949  4597 6230.65574   44  201 6275.00000 6188.54497  1.38%   260  627s
 11327  4711 6228.35359   43  384 6275.00000 6191.74160  1.33%   262  639s
 11507  5019 6229.30420   44  443 6275.00000 6192.65003  1.31%   262  651s
 11955  5137 6271.69631   63  372 6275.00000 6193.60323  1.30%   263  665s
 12164  5309 6239.64595   44  359 6275.00000 6193.60323  1.30%   264  678s
 12608  5494 6229.21619   46  259 6275.00000 6194.32466  1.29%   265  692s
 13007  5742 6257.47530   73  260 6275.00000 6196.82045  1.25%   269  706s
 13401  5852 6229.80909   43  315 6275.00000 6196.82045  1.25%   272  721s
 13693  6131     cutoff   53      6275.00000 6196.82045  1.25%   273  736s
 14200  6488 6237.21813   47  275 6275.00000 6196.94953  1.24%   275  752s
 14810  6800 6228.14968   39  457 6275.00000 6199.04271  1.21%   275  769s
 15307  7285 6266.10710   55  354 6275.00000 6199.31594  1.21%   275  786s
 16030  7735 6270.60974   52  314 6275.00000 6199.47500  1.20%   273  803s
 16815  8133 6249.55737   54  337 6275.00000 6200.39427  1.19%   270  821s
 17504  8647 6252.65521   42  311 6275.00000 6200.40085  1.19%   271  840s
 18338  9080     cutoff   50      6275.00000 6200.40085  1.19%   271  859s
 19212  9491     cutoff   66      6275.00000 6202.39718  1.16%   270  878s
 19956  9819 6261.38665   60  197 6275.00000 6203.16287  1.14%   270  891s

Cutting planes:
  Gomory: 13
  Lift-and-project: 3
  Cover: 335
  Clique: 71
  MIR: 424
  Knapsack: 15
  StrongCG: 238
  Flow cover: 821
  GUB cover: 33
  Zero half: 119
  Mod-K: 2
  RLT: 134
  Relax-and-lift: 88
  BQP: 34

Explored 20530 nodes (5569941 simplex iterations) in 891.95 seconds (723.24 work units)
Thread count was 22 (of 22 available processors)

Solution count 10: 6275 6276 6282 ... 6335

Time limit reached
Best objective 6.275000000000e+03, best bound 6.204000000000e+03, gap 1.1315%

User-callback calls 164599, time in user-callback 0.95 sec
Set parameter LogToConsole to value 0
