
Gurobi 13.0.0 (linux64) logging started Sat Jan 17 18:01:03 2026

Set parameter LogFile to value "../experiments/network-n_60_s_0_rp_0-app_set-id_59_24_apps/submip_40_epr1_model_gurobi.log"
Set parameter TimeLimit to value 7.7859816541700275e+02
Gurobi Optimizer version 13.0.0 build v13.0.0rc1 (linux64 - "Ubuntu 24.04.3 LTS")

CPU model: Intel(R) Core(TM) Ultra 7 165H, instruction set [SSE2|AVX|AVX2]
Thread count: 22 physical cores, 22 logical processors, using up to 22 threads

Non-default parameters:
TimeLimit  7.7859816541700275e+02
LogToConsole  0

Academic license 2539022 - for non-commercial use only - registered to al___@studenti.unimi.it
Optimize a model with 48567 rows, 9360 columns and 110113 nonzeros (Min)
Model fingerprint: 0x18067681
Model has 9360 linear objective coefficients
Model has 200 quadratic constraints
Variable types: 0 continuous, 9360 integer (9360 binary)
Coefficient statistics:
  Matrix range     [1e+00, 9e+02]
  QMatrix range    [5e+01, 2e+02]
  Objective range  [1e+01, 2e+02]
  Bounds range     [1e+00, 1e+00]
  RHS range        [1e+00, 1e+09]
  QRHS range       [1e+02, 6e+02]

MIP start from previous solve did not produce a new incumbent solution
MIP start from previous solve violates constraint fixed_app_19_microservice_2 by 1.000000000

Presolve removed 47887 rows and 7489 columns
Presolve time: 0.16s
Presolved: 20249 rows, 21252 columns, 124533 nonzeros
Variable types: 0 continuous, 21252 integer (21252 binary)
Deterministic concurrent LP optimizer: primal and dual simplex
Showing primal log only...

Concurrent spin time: 0.12s (can be avoided by choosing Method=3)

Solved with primal simplex

Root relaxation: objective 5.807926e+03, 3230 iterations, 0.43 seconds (0.38 work units)

    Nodes    |    Current Node    |     Objective Bounds      |     Work
 Expl Unexpl |  Obj  Depth IntInf | Incumbent    BestBd   Gap | It/Node Time

     0     0 5807.92553    0  191          - 5807.92553      -     -    1s
     0     0 5810.16266    0  190          - 5810.16266      -     -    1s
     0     0 5855.98035    0  214          - 5855.98035      -     -    2s
     0     0 5959.23123    0  263          - 5959.23123      -     -    2s
     0     0 5987.32247    0  273          - 5987.32247      -     -    2s
     0     0 5987.94031    0  296          - 5987.94031      -     -    3s
     0     0 5988.12701    0  299          - 5988.12701      -     -    3s
     0     0 6013.48962    0  302          - 6013.48962      -     -    4s
     0     0 6035.14692    0  276          - 6035.14692      -     -    4s
     0     0 6046.65897    0  291          - 6046.65897      -     -    5s
     0     0 6054.84782    0  317          - 6054.84782      -     -    5s
     0     0 6058.43542    0  348          - 6058.43542      -     -    5s
     0     0 6059.07546    0  339          - 6059.07546      -     -    5s
     0     0 6080.28909    0  349          - 6080.28909      -     -    7s
     0     0 6080.29900    0  344          - 6080.29900      -     -    7s
     0     0 6080.29900    0  336          - 6080.29900      -     -    7s
     0     2 6080.30968    0  335          - 6080.30968      -     -    9s
     3     8 6081.52710    2  336          - 6081.01879      -   322   10s
   209   242 6100.62598   11  276          - 6083.12987      -   174   15s
   420   446 6111.05725   21  277          - 6083.12987      -   206   20s
   648   676 6126.92006   28  279          - 6083.12987      -   197   25s
   883   928 6128.20160   33  252          - 6083.12987      -   199   30s
  1167  1196 6135.63186   46  267          - 6083.12987      -   185   35s
  1563  1602 6206.45109   55  236          - 6083.12987      -   171   41s
  1796  1830 6247.33425   68  220          - 6083.12987      -   165   45s
  2306  2285 6329.64435   92  178          - 6083.12987      -   155   50s
  2773  2677 6115.27274   10  316          - 6083.12987      -   156   55s
  3268  3077 6243.65686   19  243          - 6084.25262      -   157   62s
  3624  3492 6271.30001   23  229          - 6084.25262      -   156   66s
  4164  3756 6404.97950   24  219          - 6085.26995      -   153   71s
  4259  3827 6354.94112   25  223          - 6085.26995      -   153   75s
  4469  4193 6349.56376   27  236          - 6085.26995      -   151   80s
  4814  4487 6354.55210   29  230          - 6088.37307      -   147   86s
  5081  4488 6292.87460   77 8261          - 6088.60720      -   145   91s
  5085  4491 6325.21209   88  263          - 6088.60720      -   145   95s
  5094  4497 6171.77643   11  376          - 6092.55380      -   144  100s
  5109  4507 6244.65773   44  408          - 6119.11604      -   144  105s
  5129  4520 6336.20240   62  420          - 6129.01143      -   143  110s
  5151  4535 6238.57612   49  383          - 6136.70857      -   143  115s
  5174  4550 6396.05071   94  440          - 6141.85979      -   142  120s
  5190  4561 6278.83920   23  445          - 6144.02796      -   142  125s
  5207  4572 6145.24631   19  480          - 6145.24631      -   141  130s
  5227  4585 6186.26391    8  476          - 6152.49397      -   141  136s
  5238  4593 6804.57806   84  492          - 6153.78429      -   140  140s
  5260  4607 6193.56897   30  520          - 6157.20005      -   140  145s
  5281  4621 6292.87460   77  515          - 6158.84929      -   139  150s
  5301  4635 6574.91882  117  518          - 6161.69728      -   139  155s
  5323  4649 6163.21633   20  535          - 6163.21633      -   138  160s
  5332  4655 6164.06063   18  567          - 6164.06063      -   138  165s
  5347  4665 6164.75567   20  543          - 6164.75567      -   138  170s
  5371  4681 6220.82024   23  538          - 6166.03979      -   137  175s
  5388  4693 6263.38827   63  556          - 6166.45503      -   137  180s
  5409  4707 6244.65773   44  593          - 6167.04381      -   136  185s
  5417  4713 6210.71045   28 8261          - 6167.04381      -   145  190s
  5423  4717 6167.04381   20  331          - 6167.04381      -   145  195s
  5428  4720 6169.13183   32  443          - 6169.13183      -   145  200s
  5442  4730 6169.13183   13  514          - 6169.13183      -   144  205s
  5462  4743 6216.52502   12  510          - 6169.13183      -   144  210s
  5481  4756 6292.87460   77  504          - 6169.15231      -   143  215s
  5505  4772 6488.86428   86  515          - 6169.78365      -   143  221s
  5519  4781 6292.41263   86  514          - 6170.18167      -   142  225s
  5538  4794 6804.57806   84  520          - 6172.39889      -   142  230s
  5561  4809 6174.15567   13  485          - 6174.15567      -   141  235s
  5571  4816 6220.82024   23  516          - 6174.34211      -   141  240s
  5589  4828 6174.89276   42  583          - 6174.89276      -   141  245s
  5607  4840 6175.16966   19  546          - 6175.16966      -   140  250s
  5632  4856 6176.56607   18  476          - 6176.56607      -   140  255s
  5660  4875 6193.56897   30  516          - 6177.21688      -   139  260s
  5684  4891 6335.88891   36  524          - 6177.86056      -   138  265s
  5701  4902 6574.91882  117  552          - 6178.24853      -   138  270s
  5703  4904 6275.34477   18  544          - 6178.24905      -   138  277s
  5706  4911 6182.26619   20  408          - 6179.43883      -   144  280s
  5734  4947 6184.71088   23  459          - 6184.08140      -   147  287s
  5756  4982 6184.92087   24  456          - 6184.41315      -   148  291s
  5836  5029 6187.16089   26  386          - 6184.45749      -   153  299s
  5872  5039 6188.21618   27  440          - 6184.45749      -   156  302s
  5894  5064 6208.92375   27  411          - 6184.45749      -   158  305s
  5959  5104 6296.88409   28  416          - 6184.45749      -   163  313s
  5988  5119 6190.12506   29  438          - 6184.45749      -   166  317s
  6012  5151 6194.50390   29  438          - 6184.45749      -   167  320s
  6094  5209 6218.19865   30  430          - 6184.45749      -   174  327s
  6138  5239 6192.27404   31  406          - 6184.45749      -   177  331s
  6182  5246 6198.93171   32  444          - 6184.45749      -   179  335s
  6226  5277 6195.67564   33  330          - 6184.45749      -   181  340s
  6279  5314 6195.85402   34  362          - 6184.45749      -   183  347s
  6304  5337 6230.00655   34  312          - 6184.45749      -   185  350s
  6374  5393 6201.42563   35  295          - 6184.45749      -   188  357s
  6417  5434 6203.64254   36  315          - 6184.45749      -   191  361s
  6472  5436 6234.34663   36  362          - 6184.45749      -   194  365s
  6533  5504 6208.21444   37  299          - 6184.45749      -   196  373s
  6583  5508 6237.72465   38  323          - 6184.45749      -   199  377s
  6606  5523 6209.30393   39  298          - 6184.45749      -   200  381s
  6630  5540 6214.84117   39  358          - 6184.45749      -   202  385s
  6655  5556 6211.33471   40  257          - 6184.45749      -   204  390s
  6704  5614 6212.33856   41  264          - 6184.45749      -   206  399s
  6757  5663 6212.60145   41  250          - 6184.45749      -   208  404s
  6825  5732 6218.16727   42  266          - 6184.45749      -   210  409s
  6922  5732 6223.08326   44  264          - 6184.45749      -   213  414s
  6955  5795 6265.84915   45  278          - 6184.45749      -   214  419s
  7037  5867 6226.46066   47  246          - 6184.45749      -   216  425s
  7142  5930 6237.95828   49  256          - 6184.78713      -   220  430s
  7258  5932 6261.08140   52  204          - 6184.78713      -   224  436s
  7301  6010 6394.26300   54  169          - 6184.78713      -   226  442s
  7397  6087 6247.37557   57  233          - 6184.78713      -   229  449s
  7526  6169 6249.45758   59  265          - 6184.78713      -   233  455s
  7679  6247 6266.07101   62  231          - 6184.78713      -   237  462s
  7840  6316 6275.01235   67  215          - 6184.78713      -   241  469s
  8025  6422 6300.90174   72  207          - 6187.81606      -   244  476s
  8250  6381 6358.37564   77  165          - 6187.81606      -   245  483s
  8298  6494 6403.79209   77  171          - 6187.81606      -   246  491s
  8522  6565 6452.63656   85   97          - 6188.50641      -   246  498s
  8758  6634 6511.59733   92   88          - 6188.64023      -   246  505s
  8979  6687 6612.62670  106  103          - 6188.64023      -   247  513s
  9135  6785 infeasible  121               - 6188.64023      -   249  521s
  9316  6881 6218.97033   32  374          - 6188.64023      -   251  529s
  9491  6894 6226.16455   33  352          - 6188.64023      -   254  537s
  9584  6965 6225.44745   36  387          - 6188.64023      -   254  546s
  9707  7051 6227.68718   37  307          - 6188.64023      -   256  556s
  9850  7107 6229.56202   38  312          - 6188.64023      -   259  566s
  9978  7262 6234.65356   39  305          - 6190.94647      -   260  575s
 10243  7443 6321.69445   39  268          - 6190.94647      -   262  586s
 10573  7511 6245.73613   41  302          - 6190.94647      -   262  596s
 10786  7734 6273.68504   48  273          - 6190.94647      -   265  606s
 11104  7893 6318.85940   57  214          - 6190.94647      -   267  617s
 11413  7808 6376.50804   74  180          - 6191.83835      -   271  628s
 11439  7852 6429.99067   73  212          - 6191.83835      -   271  640s
 11513  8020 6401.91298   75  175          - 6192.62569      -   272  651s
 11774  8261 6398.35881   75  171          - 6192.62569      -   274  663s
 12184  8324 6635.46404   96  161          - 6192.62569      -   276  676s
 12468  8657 6215.00157   30  378          - 6193.31666      -   277  689s
 12997  8767 6283.24111   38  298          - 6193.31666      -   278  702s
 13384  9065 6344.90073   45  253          - 6196.39155      -   280  715s
 13941  9330 6455.30160   51  195          - 6197.21824      -   281  729s
 14435  9587 infeasible   71               - 6197.21824      -   282  744s
 14970  9773 6234.67320   43  258          - 6197.21824      -   282  759s
 15442 10141 6342.99291   70  133          - 6197.21824      -   284  774s
 16050 10083 6588.92447  140  118          - 6199.79283      -   285  778s

Cutting planes:
  Gomory: 6
  Cover: 48
  Clique: 32
  MIR: 141
  Knapsack: 3
  StrongCG: 59
  Flow cover: 266
  GUB cover: 14
  Zero half: 20
  Mod-K: 1
  RLT: 43
  Relax-and-lift: 80
  BQP: 4

Explored 16258 nodes (4651092 simplex iterations) in 778.62 seconds (650.29 work units)
Thread count was 22 (of 22 available processors)

Solution count 0

Time limit reached
Best objective -, best bound 6.200000000000e+03, gap -

User-callback calls 178695, time in user-callback 1.28 sec
