FIXINGS_START
(1, 0, 0)
(1, 4, 0)
(2, 0, 0)
(3, 0, 0)
(4, 0, 0)
(4, 4, 0)
(6, 0, 0)
(7, 0, 0)
(8, 0, 0)
(8, 7, 0)
(9, 0, 0)
(9, 1, 0)
(11, 0, 0)
(11, 4, 0)
(12, 0, 0)
(12, 6, 0)
(14, 0, 0)
(14, 6, 0)
(15, 7, 0)
(15, 8, 0)
(16, 9, 0)
(17, 0, 0)
(17, 1, 0)
(18, 0, 0)
(19, 0, 0)
(19, 6, 0)
(20, 0, 0)
(20, 6, 0)
(21, 0, 0)
(22, 0, 0)
(22, 4, 0)
(23, 0, 0)
(4, 1, 0)
(7, 1, 0)
(7, 3, 0)
(7, 4, 0)
(16, 0, 0)
(20, 4, 0)
(21, 2, 0)
(13, 0, 0)
(22, 1, 14)
(13, 2, 0)
(18, 1, 0)
(9, 2, 0)
(22, 2, 0)
(19, 1, 0)
(8, 5, 0)
(1, 2, 0)
(22, 5, 0)
(0, 0, 0)
(9, 3, 0)
(11, 1, 0)
(16, 1, 0)
(20, 7, 0)
(23, 1, 0)
(23, 2, 0)
(16, 2, 40)
(0, 1, 0)
(0, 2, 0)
(15, 0, 5)
(12, 3, 0)
(1, 3, 0)
(18, 2, 0)
(19, 2, 26)
(16, 3, 3)
(20, 8, 11)
(19, 3, 0)
(19, 4, 14)
(5, 0, 0)
(5, 1, 0)
FIXINGS_END
found_sol 6528.0 time 40.710
found_sol 6512.0 time 43.834
found_sol 6404.0 time 43.837
found_sol 6403.0 time 43.839
found_sol 6382.0 time 45.411
found_sol 6376.0 time 141.243
found_sol 6350.0 time 156.476
found_sol 6348.0 time 159.723
found_sol 6344.000000000002 time 210.353
found_sol 6343.0 time 257.511
found_sol 6335.0 time 262.679
found_sol 6328.0 time 262.681
found_sol 6300.0 time 274.885
found_sol 6298.0 time 279.967
found_sol 6294.0 time 285.023
found_sol 6293.0 time 290.583
found_sol 6283.0 time 309.259
found_sol 6282.0 time 474.781
found_sol 6276.0 time 554.014
found_sol 6275.0 time 573.884
time 891.957
GUROBI
Status TIME_LIMIT
Runtime 891.9564549922943
NodeCount 20530.0
IterCount 5569941.0
NumVars 9360
NumConstrs 48555
ObjBound 6204.0
ObjBoundC 6203.17839108998
ObjVal 6275.0
MIPGap 0.011314741035856574
