
Gurobi 13.0.0 (linux64) logging started Sun Jan  4 09:15:14 2026

Set parameter LogFile to value "../experiments/network-n_60_s_2_rp_0-app_set-id_66_27_apps/compact_model_gurobi.log"
Set parameter TimeLimit to value 900
Gurobi Optimizer version 13.0.0 build v13.0.0rc1 (linux64 - "Ubuntu 24.04.3 LTS")

CPU model: Intel(R) Core(TM) Ultra 7 165H, instruction set [SSE2|AVX|AVX2]
Thread count: 22 physical cores, 22 logical processors, using up to 22 threads

Non-default parameters:
TimeLimit  900
LogToConsole  0

Academic license 2539022 - for non-commercial use only - registered to al___@studenti.unimi.it
Optimize a model with 52989 rows, 10560 columns and 121054 nonzeros (Min)
Model fingerprint: 0x294356f5
Model has 10560 linear objective coefficients
Model has 190 quadratic constraints
Variable types: 0 continuous, 10560 integer (10560 binary)
Coefficient statistics:
  Matrix range     [1e+00, 9e+02]
  QMatrix range    [5e+01, 2e+02]
  Objective range  [1e+01, 2e+02]
  Bounds range     [1e+00, 1e+00]
  RHS range        [1e+00, 1e+09]
  QRHS range       [1e+02, 6e+02]
Presolve removed 50706 rows and 5833 columns
Presolve time: 0.71s
Presolved: 73896 rows, 76152 columns, 465287 nonzeros
Variable types: 0 continuous, 76152 integer (76152 binary)
Deterministic concurrent LP optimizer: primal and dual simplex
Showing primal log only...

Concurrent spin time: 0.60s (can be avoided by choosing Method=3)

Solved with dual simplex

Root relaxation: objective 6.661417e+03, 6215 iterations, 2.07 seconds (2.69 work units)

    Nodes    |    Current Node    |     Objective Bounds      |     Work
 Expl Unexpl |  Obj  Depth IntInf | Incumbent    BestBd   Gap | It/Node Time

     0     0 6661.41699    0  393          - 6661.41699      -     -    5s
     0     0 6728.10715    0  468          - 6728.10715      -     -    8s
     0     0 6728.12287    0  469          - 6728.12287      -     -    8s
     0     0 6802.37589    0  579          - 6802.37589      -     -   12s
     0     0 6804.94720    0  598          - 6804.94720      -     -   13s
     0     0 6805.51677    0  572          - 6805.51677      -     -   13s
     0     0 6805.55993    0  600          - 6805.55993      -     -   13s
     0     0 6843.79419    0  640          - 6843.79419      -     -   18s
     0     0 6891.28797    0  656          - 6891.28797      -     -   22s
     0     0 6915.62599    0  676          - 6915.62599      -     -   25s
     0     0 6919.73081    0  708          - 6919.73081      -     -   26s
     0     0 6920.07612    0  712          - 6920.07612      -     -   26s
     0     0 6973.08381    0  688          - 6973.08381      -     -   34s
     0     0 7003.69827    0  715          - 7003.69827      -     -   38s
     0     0 7029.41234    0  714          - 7029.41234      -     -   42s
     0     0 7036.68249    0  725          - 7036.68249      -     -   44s
     0     0 7038.83777    0  751          - 7038.83777      -     -   45s
     0     0 7063.14762    0  699          - 7063.14762      -     -   48s
     0     0 7106.90375    0  579          - 7106.90375      -     -   52s
     0     0 7117.32685    0  577          - 7117.32685      -     -   54s
     0     0 7124.39755    0  653          - 7124.39755      -     -   56s
     0     0 7127.13134    0  731          - 7127.13134      -     -   58s
     0     0 7132.40653    0  665          - 7132.40653      -     -   60s
     0     0 7138.35420    0  607          - 7138.35420      -     -   62s
     0     0 7139.64297    0  634          - 7139.64297      -     -   63s
     0     0 7144.11345    0  641          - 7144.11345      -     -   64s
     0     0 7146.05614    0  661          - 7146.05614      -     -   66s
     0     0 7146.08632    0  651          - 7146.08632      -     -   66s
     0     0 7146.08632    0  636          - 7146.08632      -     -   67s
     0     2 7146.08715    0  615          - 7146.08715      -     -   74s
     1     5 7146.22030    1  614          - 7146.08715      -   178   75s
    15    32 7148.79193    4  589          - 7148.52014      -   588   81s
    53   109 7152.58260    6  571          - 7148.89735      -   594   86s
   108   146 7152.74185    7  580          - 7148.89845      -   448   90s
   145   179 7153.78775    9  572          - 7148.89845      -   476   95s
   182   211 7157.04609   10  544          - 7148.89845      -   494  100s
   216   244 7156.73602   11  557          - 7148.89845      -   535  105s
   251   274 7164.03949   12  570          - 7148.89845      -   555  110s
   314   330 7165.60833   15  539          - 7148.89845      -   606  118s
   339   367 7168.23487   18  545          - 7148.89845      -   611  124s
   376   389 7168.53790   20  540          - 7148.89845      -   601  136s
   398   425 7169.53723   21  529          - 7148.89845      -   597  141s
   438   460 7169.99582   24  550          - 7148.89845      -   591  145s
   475   490 7171.89809   25  573          - 7148.89845      -   579  150s
   509   516 7173.86668   26  540          - 7148.89845      -   579  155s
   537   544 7171.28368   26  554          - 7148.89845      -   595  160s
   591   592 7171.93605   28  539          - 7148.89845      -   588  168s
   613   619 7172.09252   29  541          - 7148.89845      -   583  172s
   640   647 7172.24527   30  529          - 7148.89845      -   580  176s
   668   682 7173.13444   31  530          - 7148.89845      -   573  180s
   730   738 7174.85582   32  531          - 7148.89845      -   560  188s
   759   771 7217.03991   32  565          - 7148.89845      -   566  194s
   792   803 7178.09939   33  579          - 7148.89845      -   579  202s
   824   838 7178.95364   34  579          - 7148.89845      -   584  207s
   859   872 7183.58437   35  567          - 7148.89845      -   586  213s
   893   923 7191.76493   35  527          - 7148.89845      -   594  219s
   944   960 7185.77890   36  547          - 7148.89845      -   590  226s
   981   991 7186.41738   36  567          - 7148.89845      -   592  231s
  1012  1029 7186.60025   37  555          - 7148.89845      -   591  238s
  1050  1055 7187.91502   38  569          - 7148.89845      -   587  245s
  1076  1079 7187.04980   38  529          - 7148.89845      -   586  251s
  1100  1103 7192.30767   39  665          - 7148.89845      -   588  257s
  1124  1130 7194.67216   40  550          - 7148.89845      -   588  263s
  1151  1166 7193.78745   40  534          - 7148.89845      -   585  269s
  1187  1211 7193.86960   41  633          - 7148.89845      -   579  276s
  1232  1278 7193.89047   42  635          - 7148.89845      -   575  284s
  1299  1329 7194.42360   43  534          - 7148.89845      -   565  290s
  1350  1363 7195.05695   44  565          - 7148.89845      -   554  297s
  1384  1401 7195.18617   45  651          - 7148.89845      -   552  304s
  1422  1465 7196.16493   46  646          - 7148.89845      -   546  313s
  1486  1543 7196.22298   47  554          - 7148.89845      -   537  322s
  1564  1640 7197.41760   48  535          - 7148.89845      -   526  331s
  1661  1772 7197.61028   49  579          - 7148.89845      -   520  342s
  1793  1920 7198.15730   50  573          - 7148.89845      -   505  350s
  1943  2071 7198.62160   51  562          - 7148.89845      -   490  360s
  2094  2258 7198.70652   52  561          - 7148.89845      -   479  369s
  2285  2455 7202.06196   54  520          - 7148.89845      -   464  379s
  2482  2725 7207.62515   64  528          - 7148.89845      -   453  390s
  2752  2940 7215.42045   74  549          - 7148.89845      -   432  405s
  2967  3203 7219.74140   86  480          - 7148.89845      -   429  418s
  3230  3488 7225.75787  108  445          - 7148.89845      -   417  433s
  3515  3532 7230.17846  119  446          - 7148.89845      -   407  446s
  3559  3554 7264.37550  120  407          - 7148.89845      -   408  459s
  3581  3576 7244.69192  121  451          - 7148.89845      -   411  473s
  3603  3602 7321.57899  121  450          - 7148.89845      -   412  488s
  3629  3682 7245.48921  122  441          - 7148.89845      -   414  500s
  3709  3809 7245.53509  123  461          - 7148.89845      -   417  514s
  3838  4070 7252.05298  147  419          - 7148.89845      -   418  529s
  4102  4336 7260.34534  168  436          - 7148.89845      -   411  546s
  4392  4671 7272.35391  181  401          - 7148.89845      -   406  562s
  4728  5011 7281.13421  191  424          - 7148.89845      -   398  579s
  5071  5328 7299.79405  210  430          - 7148.89845      -   391  594s
  5394  5723 7308.25969  222  445          - 7148.89845      -   388  611s
  5821  6200 7330.27932  266  444          - 7149.97360      -   379  627s
  6304  6607 7367.87839  312  413          - 7149.97360      -   368  644s
  6740  7131 7958.24689  326  400          - 7149.97360      -   363  661s
  7301  7559 7524.97904  353  390          - 7149.97360      -   352  681s
  7808  7961 7579.16863  417  384          - 7149.97360      -   346  700s
  8244  8379 7731.09152  479  378          - 7149.97360      -   343  718s
  8668  8883 7765.51290  480  363          - 7149.97360      -   341  737s
  9191  9200 7959.78040  480  380          - 7149.97360      -   336  760s
  9605  9387 7174.88734   10  595          - 7149.97360      -   339  784s
  9882  9619 7231.23320   12  519          - 7149.97360      -   347  811s
 10136 10021 7231.55459   13  507          - 7149.97360      -   353  841s
 10571 10208 7281.27679   35  482          - 7149.97360      -   354  869s
 10770 10578 7299.47508   49  512          - 7149.97360      -   354  898s
 11210 10592 7302.81119   51  488          - 7149.97360      -   354  900s

Cutting planes:
  Gomory: 3
  Lift-and-project: 2
  Cover: 78
  Implied bound: 1
  Clique: 37
  MIR: 149
  Knapsack: 29
  StrongCG: 70
  GUB cover: 13
  Zero half: 30
  RLT: 513
  Relax-and-lift: 58
  BQP: 344

Explored 11236 nodes (4025136 simplex iterations) in 900.04 seconds (1004.62 work units)
Thread count was 22 (of 22 available processors)

Solution count 0

Time limit reached
Best objective -, best bound 7.150000000000e+03, gap -

User-callback calls 143269, time in user-callback 1.12 sec
