
Gurobi 13.0.0 (linux64) logging started Fri Jan  2 16:17:59 2026

Set parameter LogFile to value "../experiments/network-n_50_s_1_rp_0-app_set-id_53_22_apps/compact_model_gurobi.log"
Set parameter TimeLimit to value 900
Gurobi Optimizer version 13.0.0 build v13.0.0rc1 (linux64 - "Ubuntu 24.04.3 LTS")

CPU model: Intel(R) Core(TM) Ultra 7 165H, instruction set [SSE2|AVX|AVX2]
Thread count: 22 physical cores, 22 logical processors, using up to 22 threads

Non-default parameters:
TimeLimit  900
LogToConsole  0

Academic license 2539022 - for non-commercial use only - registered to al___@studenti.unimi.it
Optimize a model with 38851 rows, 7150 columns and 87704 nonzeros (Min)
Model fingerprint: 0x7472e91e
Model has 7150 linear objective coefficients
Model has 164 quadratic constraints
Variable types: 0 continuous, 7150 integer (7150 binary)
Coefficient statistics:
  Matrix range     [1e+00, 9e+02]
  QMatrix range    [5e+01, 2e+02]
  Objective range  [1e+01, 2e+02]
  Bounds range     [1e+00, 1e+00]
  RHS range        [1e+00, 1e+09]
  QRHS range       [1e+02, 6e+02]
Presolve removed 37223 rows and 4363 columns
Presolve time: 0.39s
Presolved: 30500 rows, 31497 columns, 189623 nonzeros
Variable types: 0 continuous, 31497 integer (31497 binary)
Deterministic concurrent LP optimizer: primal and dual simplex
Showing primal log only...

Concurrent spin time: 0.00s

Solved with dual simplex

Root relaxation: objective 5.482340e+03, 4701 iterations, 1.28 seconds (1.45 work units)

    Nodes    |    Current Node    |     Objective Bounds      |     Work
 Expl Unexpl |  Obj  Depth IntInf | Incumbent    BestBd   Gap | It/Node Time

     0     0 5482.33971    0  568          - 5482.33971      -     -    2s
     0     0 5513.56777    0  540          - 5513.56777      -     -    2s
     0     0 5516.70229    0  535          - 5516.70229      -     -    3s
     0     0 infeasible    0               - infeasible      -     -    8s

Cutting planes:
  Gomory: 8
  Cover: 16
  Clique: 11
  MIR: 12
  Knapsack: 1
  StrongCG: 8
  GUB cover: 7
  Zero half: 14
  RLT: 38
  Relax-and-lift: 13
  BQP: 19

Explored 1 nodes (22866 simplex iterations) in 8.51 seconds (9.76 work units)
Thread count was 22 (of 22 available processors)

Solution count 0

Model is infeasible
Best objective -, best bound -, gap -

User-callback calls 1164, time in user-callback 0.00 sec
