
Gurobi 13.0.0 (linux64) logging started Sat Jan  3 15:34:48 2026

Set parameter LogFile to value "../experiments/network-n_60_s_1_rp_0-app_set-id_35_16_apps/compact_model_gurobi.log"
Set parameter TimeLimit to value 900
Gurobi Optimizer version 13.0.0 build v13.0.0rc1 (linux64 - "Ubuntu 24.04.3 LTS")

CPU model: Intel(R) Core(TM) Ultra 7 165H, instruction set [SSE2|AVX|AVX2]
Thread count: 22 physical cores, 22 logical processors, using up to 22 threads

Non-default parameters:
TimeLimit  900
LogToConsole  0

Academic license 2539022 - for non-commercial use only - registered to al___@studenti.unimi.it
Optimize a model with 39867 rows, 6240 columns and 88415 nonzeros (Min)
Model fingerprint: 0x90ed4b2d
Model has 6240 linear objective coefficients
Model has 206 quadratic constraints
Variable types: 0 continuous, 6240 integer (6240 binary)
Coefficient statistics:
  Matrix range     [1e+00, 9e+02]
  QMatrix range    [5e+01, 2e+02]
  Objective range  [1e+01, 2e+02]
  Bounds range     [1e+00, 1e+00]
  RHS range        [1e+00, 1e+09]
  QRHS range       [1e+02, 6e+02]
Presolve removed 38546 rows and 3773 columns
Presolve time: 0.40s
Presolved: 28189 rows, 29099 columns, 181765 nonzeros
Variable types: 0 continuous, 29099 integer (29099 binary)
Deterministic concurrent LP optimizer: primal and dual simplex
Showing primal log only...

Concurrent spin time: 0.00s

Solved with dual simplex

Root relaxation: objective 4.010145e+03, 2192 iterations, 0.59 seconds (0.52 work units)

    Nodes    |    Current Node    |     Objective Bounds      |     Work
 Expl Unexpl |  Obj  Depth IntInf | Incumbent    BestBd   Gap | It/Node Time

     0     0 4010.14460    0  236          - 4010.14460      -     -    1s
     0     0 4035.26390    0  250          - 4035.26390      -     -    3s
     0     0 4061.73764    0  297          - 4061.73764      -     -    3s
     0     0 4063.95364    0  286          - 4063.95364      -     -    3s
     0     0 4064.14233    0  294          - 4064.14233      -     -    4s
     0     0 4064.15049    0  302          - 4064.15049      -     -    4s
     0     0 4077.78142    0  278          - 4077.78142      -     -    5s
     0     0 4088.53882    0  284          - 4088.53882      -     -    5s
     0     0 4093.83178    0  320          - 4093.83178      -     -    6s
     0     0 4096.52273    0  298          - 4096.52273      -     -    6s
     0     0 4097.19086    0  320          - 4097.19086      -     -    6s
     0     0 4120.51166    0  347          - 4120.51166      -     -    8s
     0     0 4120.78200    0  314          - 4120.78200      -     -    8s
     0     0 4130.32955    0  383          - 4130.32955      -     -    8s
H    0     0                    5654.0000000 4133.56294  26.9%     -    9s
H    0     0                    5587.0000000 4133.56294  26.0%     -    9s
     0     0 4133.56294    0  366 5587.00000 4133.56294  26.0%     -    9s
     0     0 4134.44706    0  388 5587.00000 4134.44706  26.0%     -    9s
H    0     0                    5554.0000000 4141.81641  25.4%     -   10s
     0     0 4141.81641    0  372 5554.00000 4141.81641  25.4%     -   10s
H    0     0                    5391.0000000 4143.82483  23.1%     -   10s
H    0     0                    5372.0000000 4143.82483  22.9%     -   10s
H    0     0                    5364.0000000 4143.82483  22.7%     -   10s
H    0     0                    5356.0000000 4143.82483  22.6%     -   10s
     0     0 4143.82483    0  359 5356.00000 4143.82483  22.6%     -   10s
H    0     0                    5315.0000000 4149.99962  21.9%     -   11s
H    0     0                    5069.0000000 4149.99962  18.1%     -   11s
     0     0 4149.99962    0  403 5069.00000 4149.99962  18.1%     -   11s
     0     0 4150.01491    0  394 5069.00000 4150.01491  18.1%     -   11s
     0     0 4150.01491    0  394 5069.00000 4150.01491  18.1%     -   11s
H    0     0                    5031.0000000 4150.05663  17.5%     -   12s
     0     2 4150.05663    0  384 5031.00000 4150.05663  17.5%     -   12s
     3     8 4157.16983    2  337 5031.00000 4150.05663  17.5%   549   15s
H   18    32                    5029.0000000 4169.82946  17.1%   784   18s
    31    54 4178.13837    5  376 5029.00000 4172.28342  17.0%   877   20s
H   39    54                    4872.0000000 4172.28342  14.4%   772   20s
H   53    86                    4870.0000000 4178.14216  14.2%   767   23s
H   53    86                    4837.0000000 4178.14216  13.6%   767   23s
H   54    86                    4807.0000000 4178.14846  13.1%   763   23s
H   57    86                    4598.0000000 4178.14846  9.13%   740   23s
    87   131 4179.43066    7  402 4598.00000 4178.14846  9.13%   649   25s
H  113   131                    4590.0000000 4178.14846  8.97%   588   25s
   242   236 4257.09380   11  397 4590.00000 4178.14846  8.97%   462   31s
   324   300 4263.96066   12  385 4590.00000 4179.09483  8.95%   438   35s
H  330   300                    4560.0000000 4179.09483  8.35%   435   35s
H  337   300                    4542.0000000 4179.09483  7.99%   438   35s
   432   406 4285.88878   15  358 4542.00000 4179.09483  7.99%   416   40s
H  448   406                    4509.0000000 4179.09483  7.32%   416   40s
   559   528 4299.42800   17  339 4509.00000 4179.09483  7.32%   386   46s
H  606   559                    4504.0000000 4179.09483  7.21%   377   47s
   672   673 4298.55940   19  316 4504.00000 4179.09483  7.21%   363   51s
   813   779 4303.64470   21  346 4504.00000 4179.09483  7.21%   332   55s
  1001   910 4316.20268   24  347 4504.00000 4179.09483  7.21%   301   62s
  1023   932 4317.36625   25  325 4504.00000 4179.09483  7.21%   299   65s
H 1024   932                    4502.0000000 4179.09483  7.17%   299   65s
H 1056  1017                    4501.0000000 4179.09483  7.15%   296   68s
  1146  1106 4321.43516   30  328 4501.00000 4179.09483  7.15%   283   70s
  1421  1356 4329.63516   35  333 4501.00000 4179.09483  7.15%   258   77s
  1658  1624 4337.07362   43  324 4501.00000 4179.09483  7.15%   241   81s
H 1866  1729                    4498.0000000 4179.09483  7.09%   227   84s
  1937  1887 4345.28271   46  321 4498.00000 4179.09483  7.09%   227   87s
H 2111  2037                    4482.0000000 4179.09483  6.76%   219   89s
  2254  2169 4353.52350   54  324 4482.00000 4179.09483  6.76%   212   92s
  2421  2315 4356.93044   56  290 4482.00000 4190.32860  6.51%   207   95s
H 2509  2310                    4479.0000000 4190.32860  6.44%   205   95s
H 2629  2365                    4447.0000000 4190.32860  5.77%   201   98s
  2717  2517 4363.57000   64  272 4447.00000 4190.32860  5.77%   198  101s
  2974  2543 4393.98301   36 13325 4447.00000 4190.32860  5.77%   192  116s
  2977  2545 4404.35575  100  256 4447.00000 4190.32860  5.77%   192  120s
  2982  2548 4328.37395   49  397 4447.00000 4190.32860  5.77%   191  125s
  2991  2554 4332.45814   72  424 4447.00000 4190.32860  5.77%   191  130s
  3004  2563 4407.71774  100  433 4447.00000 4190.32860  5.77%   190  135s
  3014  2570 4288.53532   43  449 4447.00000 4190.32860  5.77%   189  140s
H 3015  2440                    4446.0000000 4190.32860  5.75%   189  142s
  3022  2445 4318.65647   27  460 4446.00000 4190.32860  5.75%   189  145s
  3034  2453 4287.90701   17  491 4446.00000 4190.32860  5.75%   188  150s
  3048  2462 4329.79772   55  441 4446.00000 4190.32860  5.75%   187  155s
  3057  2468 4339.81312   22  431 4446.00000 4190.32860  5.75%   187  160s
  3069  2476 4343.66532   70  506 4446.00000 4190.32860  5.75%   186  165s
  3079  2483 4349.55732   67  469 4446.00000 4191.67457  5.72%   185  170s
  3092  2492 4357.39305   53  427 4446.00000 4192.50380  5.70%   185  175s
  3100  2497 4328.03226   41  427 4446.00000 4193.61169  5.68%   184  181s
  3103  2502 4194.22502   15  405 4446.00000 4194.22502  5.66%   195  188s
  3105  2505 4198.20954   16  347 4446.00000 4195.28591  5.64%   195  190s
  3109  2512 4200.74568   17  326 4446.00000 4198.21684  5.57%   196  195s
  3117  2519 4251.96678   18  387 4446.00000 4200.74568  5.52%   198  201s
  3133  2529 4276.05122   19  312 4446.00000 4204.23805  5.44%   203  207s
  3155  2547 4279.49094   20  304 4446.00000 4207.16175  5.37%   208  214s
  3202  2562 4281.52576   21  320 4446.00000 4218.73964  5.11%   213  220s
  3254  2579 4292.03655   23  280 4446.00000 4218.73964  5.11%   217  227s
  3296  2591 4308.68334   23  353 4446.00000 4218.73964  5.11%   222  232s
  3335  2619 4294.37420   24  299 4446.00000 4218.73964  5.11%   226  237s
  3376  2649 4294.82546   25  269 4446.00000 4218.73964  5.11%   228  242s
  3420  2679 4296.35652   26  290 4446.00000 4218.73964  5.11%   230  247s
  3465  2710 4302.76748   27  302 4446.00000 4218.73964  5.11%   232  253s
  3513  2741 4305.51442   28  285 4446.00000 4218.73964  5.11%   233  259s
  3560  2773 4308.72428   29  259 4446.00000 4218.73964  5.11%   234  265s
  3610  2792 4310.65981   30  258 4446.00000 4218.73964  5.11%   235  271s
  3654  2818 4315.86973   31  223 4446.00000 4229.71493  4.86%   236  275s
H 3662  2689                    4445.0000000 4229.71493  4.84%   236  275s
  3697  2721 4322.53541   31  262 4445.00000 4229.71493  4.84%   237  280s
  3797  2779 4324.31717   33  279 4445.00000 4240.60714  4.60%   239  289s
  3849  2803 4326.95326   34  278 4445.00000 4240.60714  4.60%   239  293s
  3909  2817 4330.64608   35  278 4445.00000 4240.60714  4.60%   239  299s
  3963  2838 4333.81499   36  293 4445.00000 4240.60714  4.60%   240  304s
  4020  2862 4334.16399   37  307 4445.00000 4240.60714  4.60%   241  309s
  4096  2878 4337.43275   38  237 4445.00000 4240.60714  4.60%   241  317s
  4163  2925 4354.27681   39  201 4445.00000 4240.60714  4.60%   242  323s
  4234  2932 4338.45938   41  300 4445.00000 4240.60714  4.60%   244  329s
H 4244  2808                    4444.0000000 4240.60714  4.58%   244  329s
H 4248  2692                    4422.0000000 4240.60714  4.10%   244  329s
H 4267  2637                    4418.0000000 4240.60714  4.02%   244  334s
  4358  2683 4342.36714   42  272 4418.00000 4240.60714  4.02%   244  340s
  4466  2725 4343.85450   45  182 4418.00000 4262.57470  3.52%   246  347s
  4569  2765 4348.64683   48  141 4418.00000 4264.55717  3.47%   248  353s
  4672  2833 4361.66484   52  192 4418.00000 4264.55717  3.47%   248  360s
  4802  2846 4363.91099   55  212 4418.00000 4266.88840  3.42%   250  366s
  4968  2911 4370.63280   58  195 4418.00000 4266.88840  3.42%   252  373s
  5139  2942 4372.74797   61  197 4418.00000 4266.88840  3.42%   253  381s
  5265  3024     cutoff   63      4418.00000 4266.88840  3.42%   255  389s
  5504  3009 4390.53970   67  234 4418.00000 4266.88840  3.42%   253  396s
  5632  3056 4393.70465   70  178 4418.00000 4271.99290  3.30%   253  404s
  5793  3155 4404.16232   77  136 4418.00000 4273.26244  3.28%   253  411s
  5999  3225 4297.94269   23  339 4418.00000 4273.26244  3.28%   254  420s
  6211  3264 4320.63699   31  278 4418.00000 4274.46476  3.25%   255  429s
  6346  3381 4353.11310   38  268 4418.00000 4274.46476  3.25%   260  438s
  6587  3466 4372.35834   53  323 4418.00000 4274.46476  3.25%   261  447s
  6793  3559 4413.75681   71  161 4418.00000 4274.46476  3.25%   264  457s
  6989  3677 4299.89370   28  326 4418.00000 4274.46476  3.25%   266  466s
  7240  3650 4330.22984   36  330 4418.00000 4274.46476  3.25%   267  478s
  7353  3851 4340.45558   39  282 4418.00000 4274.46476  3.25%   268  488s
  7618  3974 4376.54653   49  250 4418.00000 4274.46476  3.25%   268  499s
  7970  3934 4302.68284   27  329 4418.00000 4278.52302  3.16%   267  511s
  8109  4083 4324.40977   31  317 4418.00000 4278.52302  3.16%   267  521s
  8415  4100 4354.55066   40  265 4418.00000 4278.88359  3.15%   267  535s
  8559  4121 4365.51426   43  326 4418.00000 4280.79610  3.11%   267  547s
H 8578  4003                    4417.0000000 4280.79610  3.08%   267  547s
  8677  4214 4379.90845   46  259 4417.00000 4280.79610  3.08%   267  559s
  9023  4335 4328.18808   25  344 4417.00000 4280.79610  3.08%   266  572s
  9308  4562 4389.48774   33  214 4417.00000 4280.79610  3.08%   266  586s
H 9695  4540                    4411.0000000 4280.79610  2.95%   267  599s
  9837  4669 4364.38942   33  253 4411.00000 4280.79610  2.95%   269  613s
H 9839  3402                    4381.0000000 4280.79610  2.29%   269  613s
 10077  3541     cutoff   42      4381.00000 4280.79610  2.29%   269  628s
 10461  3689 4317.70419   26  294 4381.00000 4280.79610  2.29%   270  644s
 10824  3935 4362.40241   48  218 4381.00000 4286.71917  2.15%   272  660s
 11172  4186 4363.16926   34  183 4381.00000 4289.60925  2.09%   275  676s
 11605  4477 4316.41543   35  281 4381.00000 4290.27172  2.07%   275  694s
H11996  4366                    4379.0000000 4290.27172  2.03%   275  694s
 12067  4670 4358.84576   56  202 4379.00000 4290.27172  2.03%   275  712s
 12563  4951 4372.83208   37  263 4379.00000 4290.27172  2.03%   274  731s
 13021  5118 4375.07096   39  212 4379.00000 4293.33559  1.96%   275  751s
 13342  5441     cutoff   31      4379.00000 4293.67899  1.95%   277  770s
 13908  5742 4367.79121   53  225 4379.00000 4294.38964  1.93%   278  790s
 14474  6112 4360.60412   39  290 4379.00000 4294.38964  1.93%   278  812s
 15312  6230 4375.92779   33  302 4379.00000 4294.74097  1.92%   275  834s
 15597  6565 4354.65220   36  226 4379.00000 4296.47959  1.88%   275  856s
 16184  6820 4363.69189   41  244 4379.00000 4297.70677  1.86%   278  880s
 16836  7002 4312.69717   32  227 4379.00000 4297.86613  1.85%   280  900s

Cutting planes:
  Gomory: 10
  Lift-and-project: 2
  Cover: 561
  Implied bound: 3
  Clique: 65
  MIR: 315
  Knapsack: 18
  StrongCG: 233
  Flow cover: 861
  GUB cover: 31
  Inf proof: 2
  Zero half: 146
  Mod-K: 10
  RLT: 311
  Relax-and-lift: 424
  BQP: 57
  PSD: 1

Explored 17168 nodes (4826229 simplex iterations) in 900.04 seconds (697.87 work units)
Thread count was 22 (of 22 available processors)

Solution count 10: 4379 4381 4411 ... 4447

Time limit reached
Best objective 4.379000000000e+03, best bound 4.298000000000e+03, gap 1.8497%

User-callback calls 140481, time in user-callback 0.84 sec
