FIXINGS_START
(0, 0, 0)
(0, 8, 0)
(1, 0, 0)
(1, 1, 0)
(3, 9, 0)
(4, 0, 0)
(5, 0, 0)
(5, 1, 0)
(6, 0, 0)
(7, 0, 0)
(8, 0, 0)
(8, 6, 0)
(9, 0, 0)
(9, 6, 0)
(10, 3, 0)
(11, 0, 0)
(11, 6, 0)
(12, 0, 0)
(12, 4, 0)
(13, 0, 0)
(15, 4, 0)
(6, 1, 0)
(2, 0, 0)
(4, 2, 27)
(6, 4, 0)
(14, 0, 0)
(14, 1, 0)
(2, 2, 0)
(8, 2, 17)
(3, 0, 0)
(8, 5, 0)
(3, 1, 0)
(3, 2, 28)
(11, 2, 19)
(9, 1, 0)
(1, 2, 0)
(0, 4, 0)
(7, 2, 0)
(12, 1, 0)
(15, 0, 31)
(10, 1, 0)
(1, 4, 38)
(2, 4, 0)
(15, 1, 0)
(15, 2, 0)
(3, 4, 28)
FIXINGS_END
found_sol 4564.0 time 7.749
found_sol 4563.0 time 8.080
found_sol 4536.0 time 8.409
found_sol 4498.0 time 8.772
found_sol 4490.0 time 10.866
found_sol 4460.0 time 31.611
found_sol 4459.0 time 32.836
found_sol 4453.0 time 36.176
found_sol 4448.0 time 41.258
found_sol 4428.0 time 77.401
found_sol 4427.0 time 85.122
found_sol 4423.0 time 87.127
found_sol 4423.0 time 88.443
time 88.450
GUROBI
Status OPTIMAL
Runtime 88.44987607002258
NodeCount 13598.0
IterCount 1073602.0
NumVars 6240
NumConstrs 39913
ObjBound 4423.0
ObjBoundC 4423.0
ObjVal 4423.0
MIPGap 0.0
