FIXINGS_START
(0, 0, 0)
(0, 8, 0)
(1, 0, 0)
(1, 1, 0)
(3, 9, 0)
(4, 0, 0)
(5, 0, 0)
(5, 1, 0)
(6, 0, 0)
(7, 0, 0)
(8, 0, 0)
(8, 6, 0)
(9, 0, 0)
(9, 6, 0)
(10, 3, 0)
(11, 0, 0)
(11, 6, 0)
(12, 0, 0)
(12, 4, 0)
(13, 0, 0)
(15, 4, 0)
(10, 1, 0)
(5, 2, 38)
(5, 4, 0)
(5, 6, 0)
(4, 1, 28)
(1, 2, 0)
(7, 1, 32)
(12, 1, 0)
(12, 2, 0)
(11, 3, 16)
(0, 1, 31)
(0, 3, 1)
(2, 0, 0)
(2, 2, 0)
(0, 4, 0)
(0, 5, 28)
(9, 1, 0)
(1, 4, 38)
(6, 1, 0)
(2, 4, 0)
(1, 5, 18)
(11, 5, 36)
(7, 2, 0)
(9, 2, 30)
(6, 4, 0)
(9, 5, 0)
(14, 0, 0)
(15, 1, 0)
(12, 6, 32)
(15, 2, 0)
(2, 5, 34)
(11, 7, 0)
(12, 7, 10)
(2, 6, 0)
FIXINGS_END
found_sol 4707.0 time 2.010
found_sol 4705.0 time 2.011
found_sol 4599.0 time 2.011
found_sol 4570.0 time 2.389
found_sol 4568.0 time 3.584
found_sol 4561.0 time 4.361
found_sol 4559.0 time 4.365
found_sol 4554.000000000001 time 4.708
found_sol 4554.0 time 5.340
time 5.345
GUROBI
Status OPTIMAL
Runtime 5.344999074935913
NodeCount 1499.0
IterCount 74177.0
NumVars 6240
NumConstrs 39922
ObjBound 4554.0
ObjBoundC 4554.000000000001
ObjVal 4554.0
MIPGap 0.0
