FIXINGS_START
(0, 0, 0)
(1, 0, 0)
(1, 9, 0)
(2, 0, 0)
(3, 0, 0)
(4, 0, 0)
(5, 0, 0)
(5, 4, 0)
(6, 0, 0)
(6, 9, 0)
(7, 4, 0)
(8, 3, 0)
(9, 0, 0)
(10, 0, 0)
(10, 1, 0)
(11, 0, 0)
(11, 6, 0)
(13, 0, 0)
(13, 4, 0)
(14, 0, 0)
(14, 4, 0)
(15, 0, 0)
(15, 4, 0)
(16, 0, 0)
(17, 0, 0)
(17, 6, 0)
(18, 0, 0)
(19, 0, 0)
(19, 7, 0)
(21, 0, 0)
(22, 0, 0)
(22, 9, 0)
(16, 4, 0)
(11, 5, 0)
(1, 1, 17)
(6, 2, 0)
(19, 5, 0)
(6, 4, 22)
(6, 6, 0)
(6, 8, 0)
(8, 2, 0)
(10, 2, 0)
(12, 1, 0)
(5, 1, 0)
(7, 0, 37)
(10, 6, 0)
(20, 0, 0)
(12, 2, 0)
(22, 1, 21)
(20, 1, 0)
(3, 1, 0)
(20, 2, 0)
(20, 3, 25)
(1, 2, 1)
(12, 3, 0)
(1, 3, 0)
(18, 1, 0)
(17, 4, 33)
(5, 5, 0)
(0, 1, 0)
(1, 4, 0)
(15, 2, 0)
(7, 1, 0)
(5, 7, 0)
(22, 2, 34)
(22, 3, 23)
(17, 5, 0)
(3, 2, 0)
(1, 5, 0)
(3, 3, 8)
(20, 4, 0)
(7, 2, 0)
(22, 4, 0)
(12, 4, 0)
(17, 8, 0)
(15, 5, 0)
(3, 5, 0)
(7, 3, 0)
(15, 6, 0)
(9, 2, 0)
FIXINGS_END
found_sol 5681.0 time 188.208
found_sol 5565.0 time 191.464
found_sol 5564.0 time 191.467
found_sol 5562.0 time 191.470
found_sol 5561.0 time 197.686
found_sol 5542.0 time 197.688
found_sol 5541.0 time 201.149
found_sol 5521.0 time 230.661
found_sol 5516.0 time 243.276
found_sol 5509.0 time 281.510
found_sol 5507.0 time 354.057
time 814.012
GUROBI
Status TIME_LIMIT
Runtime 814.0121281147003
NodeCount 28172.0
IterCount 6829400.0
NumVars 9000
NumConstrs 60470
ObjBound 5405.0
ObjBoundC 5404.5415365013705
ObjVal 5507.0
MIPGap 0.018521881242055567
