
Gurobi 13.0.0 (linux64) logging started Sun Jan 18 14:17:58 2026

Set parameter LogFile to value "../experiments/network-n_60_s_2_rp_0-app_set-id_55_23_apps/submip_30_epr1_model_gurobi.log"
Set parameter TimeLimit to value 8.1899911088700173e+02
Gurobi Optimizer version 13.0.0 build v13.0.0rc1 (linux64 - "Ubuntu 24.04.3 LTS")

CPU model: Intel(R) Core(TM) Ultra 7 165H, instruction set [SSE2|AVX|AVX2]
Thread count: 22 physical cores, 22 logical processors, using up to 22 threads

Non-default parameters:
TimeLimit  8.1899911088700173e+02
LogToConsole  0

Academic license 2539022 - for non-commercial use only - registered to al___@studenti.unimi.it
Optimize a model with 60458 rows, 9000 columns and 133719 nonzeros (Min)
Model fingerprint: 0x074cca29
Model has 9000 linear objective coefficients
Model has 190 quadratic constraints
Variable types: 0 continuous, 9000 integer (9000 binary)
Coefficient statistics:
  Matrix range     [1e+00, 9e+02]
  QMatrix range    [5e+01, 2e+02]
  Objective range  [1e+01, 2e+02]
  Bounds range     [1e+00, 1e+00]
  RHS range        [1e+00, 1e+09]
  QRHS range       [1e+02, 6e+02]
Presolve removed 59664 rows and 6611 columns
Presolve time: 0.08s
Presolved: 18444 rows, 19857 columns, 119255 nonzeros
Variable types: 0 continuous, 19857 integer (19857 binary)
Performing another presolve...
Presolve removed 1903 rows and 2609 columns
Presolve time: 0.41s
Deterministic concurrent LP optimizer: primal and dual simplex
Showing primal log only...

Concurrent spin time: 0.00s

Solved with dual simplex

Root relaxation: objective 5.238213e+03, 2557 iterations, 0.44 seconds (0.48 work units)

    Nodes    |    Current Node    |     Objective Bounds      |     Work
 Expl Unexpl |  Obj  Depth IntInf | Incumbent    BestBd   Gap | It/Node Time

     0     0 5238.21331    0  210          - 5238.21331      -     -    1s
     0     0 5238.30406    0  210          - 5238.30406      -     -    1s
     0     0 5280.08874    0  239          - 5280.08874      -     -    2s
     0     0 5292.38763    0  214          - 5292.38763      -     -    2s
     0     0 5292.87964    0  213          - 5292.87964      -     -    2s
     0     0 5292.92910    0  213          - 5292.92910      -     -    2s
     0     0 5312.76026    0  220          - 5312.76026      -     -    3s
     0     0 5320.49620    0  283          - 5320.49620      -     -    4s
     0     0 5323.58369    0  274          - 5323.58369      -     -    4s
     0     0 5323.64472    0  272          - 5323.64472      -     -    4s
     0     0 5324.32770    0  285          - 5324.32770      -     -    4s
     0     0 5337.53784    0  361          - 5337.53784      -     -    5s
     0     0 5343.20865    0  362          - 5343.20865      -     -    5s
     0     0 5344.86985    0  388          - 5344.86985      -     -    6s
     0     0 5351.91810    0  391          - 5351.91810      -     -    7s
     0     0 5351.92431    0  387          - 5351.92431      -     -    7s
     0     0 5351.92431    0  378          - 5351.92431      -     -    7s
     0     2 5351.92608    0  378          - 5351.92608      -     -    8s
    15    32 5353.81812    4  336          - 5353.55475      -   198   10s
   245   285 5368.37773    9  307          - 5354.01871      -   216   15s
   493   515 5367.03767   17  253          - 5354.01871      -   201   20s
   683   723 5373.02631   24  240          - 5354.01871      -   201   25s
   877   912 5386.03648   29  264          - 5354.01871      -   199   30s
  1127  1191 5392.88286   35  256          - 5354.01871      -   200   35s
  1510  1572 5406.24397   48  258          - 5354.01871      -   191   40s
H 1512  1572                    5703.0000000 5354.01871  6.12%   191   40s
H 1563  1572                    5634.0000000 5354.01871  4.97%   188   41s
H 1595  1662                    5605.0000000 5354.01871  4.48%   189   42s
H 1661  1662                    5585.0000000 5354.01871  4.14%   188   42s
H 1682  1772                    5584.0000000 5354.01871  4.12%   187   43s
  1790  1884 5412.28721   54  234 5584.00000 5354.01871  4.12%   184   45s
H 1815  1884                    5569.0000000 5354.01871  3.86%   183   45s
H 1980  1997                    5548.0000000 5354.01871  3.50%   179   46s
  2438  2605 5427.14062   69  224 5548.00000 5354.01871  3.50%   164   51s
  2835  2772 5446.47096   77  245 5548.00000 5354.31141  3.49%   158   55s
  3086  2930 5457.65401   83  243 5548.00000 5354.31141  3.49%   174   61s
  3157  2989 5467.27542   84  216 5548.00000 5354.31141  3.49%   178   65s
  3359  3264 5506.24633   86  237 5548.00000 5354.31141  3.49%   181   72s
  3694  3543 5538.77023  105  198 5548.00000 5354.31141  3.49%   178   77s
  4066  3728 5419.53305   13  287 5548.00000 5354.42254  3.49%   179   82s
H 4073  3727                    5545.0000000 5354.42254  3.44%   179   82s
H 4078  3722                    5540.0000000 5354.42254  3.35%   179   82s
  4106  3885 5422.40561   14  285 5540.00000 5354.42254  3.35%   179   85s
  4582  4068 5427.74524   62 7800 5540.00000 5354.42254  3.35%   178   93s
  4584  4069 5391.04222   26  229 5540.00000 5354.42254  3.35%   178   96s
  4588  4072 5400.24178   39  298 5540.00000 5354.42254  3.35%   178  100s
  4599  4079 5390.28479   12  452 5540.00000 5366.37236  3.13%   177  105s
  4619  4093 5423.13940   68  440 5540.00000 5372.16994  3.03%   177  110s
  4636  4104 5526.30410   53  400 5540.00000 5376.55962  2.95%   176  115s
  4663  4122 5408.21603   13  462 5540.00000 5377.90661  2.93%   175  120s
H 4666  3916                    5538.0000000 5377.92872  2.89%   175  120s
H 4677  3725                    5536.0000000 5380.91176  2.80%   174  124s
  4678  3726 5518.26069   31  434 5536.00000 5380.91176  2.80%   174  125s
  4699  3740 5390.28479   12  488 5536.00000 5382.36713  2.78%   174  130s
  4717  3752 5511.18098   50  470 5536.00000 5383.40814  2.76%   173  135s
  4735  3764 5384.20395   16  475 5536.00000 5384.20395  2.74%   172  140s
  4752  3775 5384.30242   17  505 5536.00000 5384.30242  2.74%   172  145s
  4757  3779 5388.14666   45  492 5536.00000 5385.08718  2.73%   172  153s
  4762  3782 5385.25119   29  521 5536.00000 5385.25119  2.72%   171  155s
  4777  3792 5476.29936   91  505 5536.00000 5385.51899  2.72%   171  160s
  4792  3802 5502.29175  101  515 5536.00000 5385.70832  2.71%   170  165s
  4799  3808 5390.28479   12  235 5536.00000 5385.70832  2.71%   180  170s
  4803  3811 5430.34778   52  298 5536.00000 5386.13216  2.71%   179  175s
  4810  3816 5399.90289   26  477 5536.00000 5386.55748  2.70%   179  180s
  4826  3826 5509.17891   92  501 5536.00000 5386.55748  2.70%   179  185s
  4837  3834 5398.36564   27  500 5536.00000 5386.55748  2.70%   178  190s
  4854  3845 5386.81431   22  494 5536.00000 5386.81431  2.69%   177  195s
  4871  3856 5386.96684   30  486 5536.00000 5386.96684  2.69%   177  200s
  4882  3864 5427.74524   62  470 5536.00000 5387.97072  2.67%   176  205s
  4906  3880 5423.09839   68  491 5536.00000 5388.46552  2.67%   176  210s
  4916  3886 5419.64055   42  467 5536.00000 5388.63095  2.66%   175  218s
  4918  3888 5430.86445   70  461 5536.00000 5388.65190  2.66%   175  220s
  4932  3897 5476.98718  136  494 5536.00000 5388.85086  2.66%   175  225s
  4933  3898 5481.56109  101  494 5536.00000 5388.85123  2.66%   175  230s
  4936  3905 5394.88995   26  414 5536.00000 5388.85701  2.66%   181  235s
  4948  3925 5397.98588   28  420 5536.00000 5390.92324  2.62%   184  243s
  4964  3941 5408.59021   29  398 5536.00000 5391.88556  2.60%   187  248s
  4986  3981 5409.03923   30  403 5536.00000 5392.23903  2.60%   191  254s
  5035  4012 5410.27185   31  369 5536.00000 5392.23960  2.60%   196  259s
  5088  4022 5421.14091   33  373 5536.00000 5392.23960  2.60%   200  264s
  5122  4051 5411.44406   33  387 5536.00000 5392.23960  2.60%   203  268s
  5166  4057 5433.20741   34  361 5536.00000 5392.23960  2.60%   206  273s
  5188  4072 5413.62955   35  390 5536.00000 5392.23960  2.60%   208  277s
  5210  4091 5415.39142   35  367 5536.00000 5392.23960  2.60%   210  281s
  5237  4117 5415.24129   36  397 5536.00000 5392.23960  2.60%   212  286s
  5273  4149 5417.35735   36  339 5536.00000 5392.23960  2.60%   215  291s
  5317  4178 5415.33295   37  399 5536.00000 5392.23960  2.60%   218  295s
  5421  4242 5418.13228   38  400 5536.00000 5392.23960  2.60%   224  302s
  5473  4276 5420.33209   38  379 5536.00000 5392.23960  2.60%   226  306s
  5527  4291 5419.79913   39  390 5536.00000 5392.23960  2.60%   228  310s
  5595  4329 5421.29308   40  387 5536.00000 5393.64938  2.57%   232  318s
  5632  4351 5427.06543   40  378 5536.00000 5393.64938  2.57%   236  322s
  5669  4382 5421.74498   41  377 5536.00000 5393.64938  2.57%   238  327s
  5721  4409 5426.93303   41  321 5536.00000 5393.64938  2.57%   240  332s
  5772  4432 5422.33290   42  387 5536.00000 5394.25588  2.56%   242  336s
  5818  4465 5425.16646   42  319 5536.00000 5394.25588  2.56%   245  341s
  5871  4507 5423.04758   43  356 5536.00000 5394.25588  2.56%   247  346s
  5938  4544 5423.58102   44  379 5536.00000 5395.10091  2.55%   249  351s
  6009  4578 5432.29749   45  342 5536.00000 5395.10091  2.55%   252  357s
  6077  4616 5425.31882   45  389 5536.00000 5395.50169  2.54%   253  362s
  6146  4640 5434.11867   47  353 5536.00000 5395.50169  2.54%   256  367s
  6211  4689 5437.57930   48  349 5536.00000 5396.20158  2.53%   258  373s
  6295  4741 5438.27060   49  352 5536.00000 5396.20158  2.53%   261  380s
  6398  4806 5440.11472   50  358 5536.00000 5397.14536  2.51%   264  385s
  6517  4874 5443.09582   52  361 5536.00000 5397.14536  2.51%   268  391s
  6640  4997 5446.77551   54  359 5536.00000 5397.82361  2.50%   271  398s
  6827  5077 5452.44337   56  337 5536.00000 5397.82361  2.50%   273  404s
  6989  5220 5458.73453   58  308 5536.00000 5397.82361  2.50%   273  410s
  7229  5298 5457.68554   61  298 5536.00000 5397.82361  2.50%   273  417s
  7446  5340 5493.83765   65  273 5536.00000 5399.25639  2.47%   275  423s
  7644  5362 5470.52082   68  333 5536.00000 5399.25639  2.47%   276  430s
  7803  5381 5474.90852   69  333 5536.00000 5399.81651  2.46%   278  437s
  7904  5528 5479.90072   71  324 5536.00000 5399.81651  2.46%   281  444s
  8103  5660 5497.08010   75  318 5536.00000 5399.81651  2.46%   283  453s
  8313  5739 5519.37947   79  210 5536.00000 5399.81651  2.46%   284  461s
  8495  5951 5508.20423   84  219 5536.00000 5399.81651  2.46%   284  469s
  8850  5941     cutoff   98      5536.00000 5399.81651  2.46%   284  477s
  8990  6136 5440.30026   39  340 5536.00000 5399.81651  2.46%   284  486s
H 9102  5825                    5529.0000000 5399.81651  2.34%   284  486s
  9349  5861 5451.97430   44  305 5529.00000 5399.81651  2.34%   283  495s
  9529  6073 5490.69716   51  269 5529.00000 5399.81651  2.34%   287  504s
  9841  6204 5421.62937   37  294 5529.00000 5399.81651  2.34%   288  514s
 10130  6402 5429.63080   41  274 5529.00000 5399.81651  2.34%   288  524s
 10550  6545 5467.01528   50  272 5529.00000 5401.81791  2.30%   287  534s
H10941  6194                    5519.0000000 5402.36639  2.11%   287  544s
 11237  6448 5423.30035   36  310 5519.00000 5402.36639  2.11%   288  554s
 11380  6401 5490.64246   62  285 5519.00000 5402.36639  2.11%   287  555s
 11685  6559 5480.67621   47  295 5519.00000 5402.36639  2.11%   286  566s
 12024  6658 5409.57964   37  317 5519.00000 5402.36639  2.11%   286  577s
 12309  6884 5426.98714   44  262 5519.00000 5402.36639  2.11%   286  589s
 12781  6780 5474.79152   63  285 5519.00000 5404.47095  2.08%   286  601s
 12861  7075     cutoff   70      5519.00000 5404.47095  2.08%   288  614s
 13248  7217 5496.54086   42  301 5519.00000 5404.47095  2.08%   288  627s
 13656  7511 5417.00183   37  359 5519.00000 5404.47095  2.08%   289  640s
 14136  7509 5481.92124   52  340 5519.00000 5404.47095  2.08%   289  655s
 14352  7883 5507.33248   53  303 5519.00000 5404.47095  2.08%   288  669s
 14917  7856 5423.64881   44  356 5519.00000 5404.47095  2.08%   288  685s
 15162  8169 5432.99817   53  344 5519.00000 5404.47095  2.08%   289  702s
 15832  8573 5462.97136   59  272 5519.00000 5406.17817  2.04%   288  718s
 16537  8845 5432.23949   41  353 5519.00000 5406.17817  2.04%   287  734s
 16912  9357 5456.69189   52  215 5519.00000 5406.17817  2.04%   288  751s
 17529  9818 5423.23361   44  385 5519.00000 5406.17817  2.04%   291  770s
 18242 10282 5469.63449   59  294 5519.00000 5408.96638  1.99%   290  789s
 18862 10976 5429.07442   42  270 5519.00000 5409.29409  1.99%   290  807s
 19720 11389 5439.76211   34  380 5519.00000 5409.29409  1.99%   288  819s

Cutting planes:
  Gomory: 3
  Lift-and-project: 1
  Cover: 731
  Implied bound: 1
  Clique: 81
  MIR: 562
  Knapsack: 18
  StrongCG: 424
  Flow cover: 668
  GUB cover: 34
  Zero half: 160
  Mod-K: 1
  RLT: 158
  Relax-and-lift: 169
  BQP: 34

Explored 20245 nodes (5823186 simplex iterations) in 819.11 seconds (664.75 work units)
Thread count was 22 (of 22 available processors)

Solution count 10: 5519 5529 5536 ... 5585

Time limit reached
Best objective 5.519000000000e+03, best bound 5.410000000000e+03, gap 1.9750%

User-callback calls 154365, time in user-callback 0.92 sec
Set parameter LogToConsole to value 0
