
Gurobi 13.0.0 (linux64) logging started Sun Jan 18 14:31:38 2026

Set parameter LogFile to value "../experiments/network-n_60_s_2_rp_0-app_set-id_55_23_apps/submip_40_epr1_model_gurobi.log"
Set parameter TimeLimit to value 8.1390780151399667e+02
Gurobi Optimizer version 13.0.0 build v13.0.0rc1 (linux64 - "Ubuntu 24.04.3 LTS")

CPU model: Intel(R) Core(TM) Ultra 7 165H, instruction set [SSE2|AVX|AVX2]
Thread count: 22 physical cores, 22 logical processors, using up to 22 threads

Non-default parameters:
TimeLimit  8.1390780151399667e+02
LogToConsole  0

Academic license 2539022 - for non-commercial use only - registered to al___@studenti.unimi.it
Optimize a model with 60470 rows, 9000 columns and 133731 nonzeros (Min)
Model fingerprint: 0xa9b20c60
Model has 9000 linear objective coefficients
Model has 190 quadratic constraints
Variable types: 0 continuous, 9000 integer (9000 binary)
Coefficient statistics:
  Matrix range     [1e+00, 9e+02]
  QMatrix range    [5e+01, 2e+02]
  Objective range  [1e+01, 2e+02]
  Bounds range     [1e+00, 1e+00]
  RHS range        [1e+00, 1e+09]
  QRHS range       [1e+02, 6e+02]

MIP start from previous solve did not produce a new incumbent solution
MIP start from previous solve violates constraint fixed_app_3_microservice_3 by 1.000000000

Presolve removed 59780 rows and 7056 columns
Presolve time: 0.09s
Presolved: 15155 rows, 16234 columns, 96723 nonzeros
Variable types: 0 continuous, 16234 integer (16234 binary)
Performing another presolve...
Presolve removed 1639 rows and 1983 columns
Presolve time: 0.32s

Root relaxation: objective 5.241963e+03, 2404 iterations, 0.24 seconds (0.39 work units)

    Nodes    |    Current Node    |     Objective Bounds      |     Work
 Expl Unexpl |  Obj  Depth IntInf | Incumbent    BestBd   Gap | It/Node Time

     0     0 5241.96251    0  193          - 5241.96251      -     -    0s
     0     0 5277.94217    0  219          - 5277.94217      -     -    2s
     0     0 5291.96093    0  211          - 5291.96093      -     -    2s
     0     0 5294.30916    0  206          - 5294.30916      -     -    2s
     0     0 5294.73910    0  248          - 5294.73910      -     -    2s
     0     0 5294.74262    0  212          - 5294.74262      -     -    2s
     0     0 5315.68896    0  210          - 5315.68896      -     -    3s
     0     0 5315.79735    0  241          - 5315.79735      -     -    3s
     0     0 5324.22752    0  269          - 5324.22752      -     -    3s
     0     0 5328.70118    0  260          - 5328.70118      -     -    3s
     0     0 5329.63007    0  271          - 5329.63007      -     -    4s
     0     0 5329.93432    0  292          - 5329.93432      -     -    4s
     0     0 5343.72364    0  316          - 5343.72364      -     -    5s
     0     0 5347.71516    0  317          - 5347.71516      -     -    5s
     0     0 5349.82223    0  360          - 5349.82223      -     -    5s
     0     0 5354.75313    0  314          - 5354.75313      -     -    6s
     0     0 5354.75350    0  308          - 5354.75350      -     -    6s
     0     0 5354.75350    0  298          - 5354.75350      -     -    6s
     0     2 5354.75710    0  296          - 5354.75710      -     -    8s
    29    50 5360.95861    5  319          - 5358.19756      -   288   10s
   319   353 5365.72855   11  287          - 5359.52240      -   227   15s
   565   577 5373.68076   20  230          - 5359.52240      -   235   20s
   780   794 5377.58012   30  228          - 5359.52240      -   221   25s
   958   978 5379.23232   34  242          - 5359.52240      -   213   30s
  1212  1230 5383.96347   42  233          - 5359.52240      -   206   35s
  1631  1723 5394.46567   54  173          - 5359.52240      -   199   41s
  2144  2262 5404.33726   74  188          - 5359.52240      -   183   45s
  3122  3112 5432.50183  108  151          - 5360.85502      -   161   50s
  3870  3706 infeasible  144               - 5361.16185      -   153   55s
  4265  3930 5384.05488   12  233          - 5361.16185      -   153   60s
  4700  4502 5397.82262   22  218          - 5361.16185      -   150   65s
  5533  5219 5426.01599   32  198          - 5361.16185      -   146   71s
  6253  5859 5440.05141   46  203          - 5365.73365      -   143   76s
  6653  5861 5824.09887  134  222          - 5365.73365      -   142   82s
  6656  5863 5610.42674   78  328          - 5365.73365      -   142   85s
  6672  5874 5397.84385   23  361          - 5371.20711      -   141   90s
  6694  5889 5411.24356   35  388          - 5379.04397      -   141   95s
  6723  5908 5736.90172  113  439          - 5382.68338      -   140  100s
  6745  5923 5438.76298   45  435          - 5386.05725      -   140  105s
  6768  5938 5488.43338   69  463          - 5387.23768      -   139  110s
  6788  5951 5388.54608   23  441          - 5388.54608      -   139  115s
  6806  5963 5439.78786   31  470          - 5388.93992      -   138  120s
  6812  5967 5472.32045   64  472          - 5389.02443      -   138  126s
  6823  5975 5736.90172  113  473          - 5389.23875      -   138  130s
  6826  5977 5408.63688   27  444          - 5389.43732      -   138  136s
  6833  5990 5390.25528   18  395          - 5389.66629      -   144  140s
  6857  6020 5397.06183   20  345          - 5390.03950      -   145  145s
  6916  6076 5399.77555   22  338          - 5390.49151      -   147  152s
  6954  6103 5400.28131   23  310          - 5390.49151      -   149  155s
  6994  6123 5400.51112   24  314          - 5390.49151      -   151  160s
  7071  6183 5402.02420   26  332          - 5390.49151      -   155  167s
  7113  6191 5403.29661   26  274          - 5390.49151      -   156  170s
  7158  6224 5412.16795   27  266          - 5390.49151      -   157  176s
  7206  6256 5406.58783   28  293          - 5390.49151      -   159  182s
  7265  6311 5407.55708   29  278          - 5390.49151      -   160  188s
H 7278  6005                    5681.0000000 5390.49151  5.11%   161  188s
H 7306  5750                    5565.0000000 5390.49151  3.14%   161  191s
H 7308  5477                    5564.0000000 5390.49151  3.12%   161  191s
H 7329  5211                    5562.0000000 5390.49151  3.08%   162  191s
  7392  5276 5418.87025   32  241 5562.00000 5390.49151  3.08%   163  197s
H 7409  5024                    5561.0000000 5390.49151  3.07%   163  197s
H 7413  4790                    5542.0000000 5390.49151  2.73%   163  197s
  7433  4814 5413.32849   33  243 5542.00000 5390.49151  2.73%   164  201s
H 7435  4592                    5541.0000000 5390.49151  2.72%   164  201s
  7510  4659 5436.24300   35  235 5541.00000 5390.49151  2.72%   165  207s
  7558  4677 5410.82687   35  255 5541.00000 5390.49151  2.72%   166  211s
  7592  4720 5413.52395   37  253 5541.00000 5390.49151  2.72%   167  215s
  7701  4808 5421.50422   40  228 5541.00000 5390.49151  2.72%   169  222s
  7777  4804 5428.09660   41  218 5541.00000 5390.49151  2.72%   169  226s
  7799  4816 5422.92927   42  216 5541.00000 5390.49151  2.72%   170  230s
H 7815  4600                    5521.0000000 5390.49151  2.36%   170  230s
  7823  4660 5428.06163   42  222 5521.00000 5390.71440  2.36%   170  235s
  7968  4786 5426.21713   46  219 5521.00000 5390.72340  2.36%   173  243s
H 7972  4585                    5516.0000000 5390.72340  2.27%   173  243s
  8080  4654 5428.27637   48  229 5516.00000 5390.72340  2.27%   174  247s
  8210  4632 5460.84272   50  210 5516.00000 5390.91922  2.27%   176  252s
  8250  4714 5441.40119   51  216 5516.00000 5390.91922  2.27%   177  256s
  8371  4772 5445.83645   53  259 5516.00000 5390.91922  2.27%   178  261s
  8519  4813 5504.24773   56  173 5516.00000 5391.66578  2.25%   179  266s
  8657  4897 5490.20425   60  234 5516.00000 5391.66578  2.25%   181  271s
  8803  4967 5492.60250   64  239 5516.00000 5391.66578  2.25%   182  276s
  9018  4949 5472.96021   57  185 5516.00000 5391.66578  2.25%   183  281s
H 9039  4727                    5509.0000000 5391.66578  2.13%   183  281s
  9094  4828 5490.13990   60  153 5509.00000 5391.66578  2.13%   184  286s
  9295  4903 5410.25042   23  319 5509.00000 5391.66578  2.13%   186  292s
  9482  4976 5425.93225   26  244 5509.00000 5392.00569  2.12%   188  297s
  9653  5050 5434.31896   31  253 5509.00000 5392.00569  2.12%   190  303s
  9839  5059 5485.94932   34  180 5509.00000 5392.78632  2.11%   192  309s
  9930  5093 5447.67677   35  250 5509.00000 5392.78632  2.11%   193  315s
 10043  5074 5451.05769   38  193 5509.00000 5392.78632  2.11%   194  321s
 10073  5088 5456.75682   38  246 5509.00000 5392.83255  2.11%   195  327s
 10108  5107 5452.00946   39  205 5509.00000 5392.91405  2.11%   195  334s
 10164  5165 5455.08326   39  214 5509.00000 5392.91405  2.11%   196  340s
 10257  5318 5456.62641   40  228 5509.00000 5392.91405  2.11%   197  347s
H10504  5076                    5507.0000000 5392.91405  2.07%   199  354s
 10540  5283 5466.66006   46  204 5507.00000 5392.91405  2.07%   200  362s
 10847  5307 5486.24790   58  193 5507.00000 5393.47753  2.06%   201  369s
 11058  5387 5409.52685   27  366 5507.00000 5393.47753  2.06%   203  377s
 11277  5621 5412.42381   30  332 5507.00000 5393.47753  2.06%   204  385s
 11641  5634 5437.32826   42  274 5507.00000 5393.51202  2.06%   205  393s
 11805  5746 5440.47726   45  274 5507.00000 5393.51202  2.06%   205  402s
 12026  5924 5461.30305   54  205 5507.00000 5393.51202  2.06%   205  412s
 12393  6049 5423.76393   23  271 5507.00000 5393.51202  2.06%   207  421s
 12673  6110 5463.48882   43  173 5507.00000 5393.51202  2.06%   208  431s
 12887  6416 5431.44961   26  268 5507.00000 5393.51202  2.06%   209  440s
 13362  6532 5500.46807   46  207 5507.00000 5393.51202  2.06%   210  450s
 13745  6671 5401.99540   23  269 5507.00000 5393.51202  2.06%   212  460s
 14103  6869 5413.78800   27  357 5507.00000 5393.51202  2.06%   215  471s
 14562  7016 5430.63268   32  263 5507.00000 5393.51202  2.06%   217  482s
 15009  7335 5441.51035   38  219 5507.00000 5396.90608  2.00%   218  494s
 15658  7443 5453.47372   48  159 5507.00000 5397.07663  2.00%   217  505s
 16195  7701 5497.08217   65  117 5507.00000 5399.28248  1.96%   219  517s
 16770  7695 5419.59143   35  282 5507.00000 5399.28248  1.96%   220  531s
 16993  8117 5437.49529   42  238 5507.00000 5399.28248  1.96%   220  544s
 17629  8485 5409.88473   28  359 5507.00000 5399.28248  1.96%   221  557s
 18040  8800 5419.66374   34  329 5507.00000 5399.28248  1.96%   225  571s
 18440  9181 5436.82711   37  301 5507.00000 5399.28248  1.96%   226  586s
 18988  9729 5448.07842   44  218 5507.00000 5399.28248  1.96%   229  601s
 19751 10020 5485.26486   67  140 5507.00000 5399.28248  1.96%   229  616s
 20281 10514 5420.31200   41  373 5507.00000 5401.66033  1.91%   231  632s
 20977 11085 5456.71614   59  262 5507.00000 5401.66033  1.91%   232  648s
 21752 11564 5441.66623   33  338 5507.00000 5402.24574  1.90%   233  665s
 22440 12154 5503.32913   40  320 5507.00000 5402.77342  1.89%   234  683s
 23125 12742 5501.98011   52  250 5507.00000 5402.77342  1.89%   236  701s
 24011 13145 5474.42428   48  245 5507.00000 5403.46885  1.88%   236  727s
 24635 13903 5455.04333   39  248 5507.00000 5403.47887  1.88%   239  751s
 25717 14592 5435.40174   32  270 5507.00000 5404.32019  1.86%   240  773s
 26582 15002 5488.42252   58  118 5507.00000 5404.32019  1.86%   241  794s
 27132 15705 5498.94749   38  146 5507.00000 5404.54154  1.86%   242  813s

Cutting planes:
  Gomory: 4
  Lift-and-project: 2
  Cover: 626
  Implied bound: 1
  Clique: 76
  MIR: 596
  Knapsack: 22
  StrongCG: 422
  Flow cover: 771
  GUB cover: 24
  Inf proof: 1
  Zero half: 247
  Mod-K: 1
  RLT: 155
  Relax-and-lift: 257
  BQP: 75

Explored 28172 nodes (6829400 simplex iterations) in 814.00 seconds (624.42 work units)
Thread count was 22 (of 22 available processors)

Solution count 10: 5507 5509 5516 ... 5565

Time limit reached
Best objective 5.507000000000e+03, best bound 5.405000000000e+03, gap 1.8522%

User-callback calls 170527, time in user-callback 0.91 sec
