
Gurobi 13.0.0 (linux64) logging started Fri Jan  2 18:27:43 2026

Set parameter LogFile to value "../experiments/network-n_50_s_1_rp_0-app_set-id_5_6_apps/compact_model_gurobi.log"
Set parameter TimeLimit to value 900
Gurobi Optimizer version 13.0.0 build v13.0.0rc1 (linux64 - "Ubuntu 24.04.3 LTS")

CPU model: Intel(R) Core(TM) Ultra 7 165H, instruction set [SSE2|AVX|AVX2]
Thread count: 22 physical cores, 22 logical processors, using up to 22 threads

Non-default parameters:
TimeLimit  900
LogToConsole  0

Academic license 2539022 - for non-commercial use only - registered to al___@studenti.unimi.it
Optimize a model with 10132 rows, 1950 columns and 22939 nonzeros (Min)
Model fingerprint: 0x330338fc
Model has 1950 linear objective coefficients
Model has 164 quadratic constraints
Variable types: 0 continuous, 1950 integer (1950 binary)
Coefficient statistics:
  Matrix range     [1e+00, 9e+02]
  QMatrix range    [6e+01, 2e+02]
  Objective range  [1e+01, 2e+02]
  Bounds range     [1e+00, 1e+00]
  RHS range        [1e+00, 1e+09]
  QRHS range       [1e+02, 6e+02]
Presolve removed 9690 rows and 1135 columns
Presolve time: 0.08s
Presolved: 7775 rows, 7991 columns, 48698 nonzeros
Variable types: 0 continuous, 7991 integer (7991 binary)
Found heuristic solution: objective 3414.0000000

Root relaxation: objective 1.270383e+03, 208 iterations, 0.01 seconds (0.01 work units)

    Nodes    |    Current Node    |     Objective Bounds      |     Work
 Expl Unexpl |  Obj  Depth IntInf | Incumbent    BestBd   Gap | It/Node Time

     0     0 1270.38321    0   36 3414.00000 1270.38321  62.8%     -    0s
H    0     0                    1481.0000000 1270.38321  14.2%     -    0s
H    0     0                    1392.0000000 1270.38321  8.74%     -    0s
H    0     0                    1384.0000000 1270.38321  8.21%     -    0s
H    0     0                    1374.0000000 1281.34647  6.74%     -    0s
     0     0 1281.34647    0   52 1374.00000 1281.34647  6.74%     -    0s
H    0     0                    1370.0000000 1281.34647  6.47%     -    0s
     0     0 1285.24176    0   51 1370.00000 1285.24176  6.19%     -    0s
     0     0 1285.32222    0   56 1370.00000 1285.32222  6.18%     -    0s
     0     0 1291.93377    0   44 1370.00000 1291.93377  5.70%     -    0s
H    0     0                    1368.0000000 1291.93377  5.56%     -    0s
     0     0 1292.23715    0   50 1368.00000 1292.23715  5.54%     -    0s
     0     0 1292.23715    0   47 1368.00000 1292.23715  5.54%     -    0s
     0     0 1293.72615    0   48 1368.00000 1293.72615  5.43%     -    0s
H    0     0                    1315.0000000 1293.72615  1.62%     -    0s
     0     0 1293.85492    0   46 1315.00000 1293.85492  1.61%     -    0s
     0     0 1293.87692    0   45 1315.00000 1293.87692  1.61%     -    0s
     0     0 1293.87692    0   45 1315.00000 1293.87692  1.61%     -    0s
     0     0 1293.87692    0   45 1315.00000 1293.87692  1.61%     -    0s
     0     0 1294.06154    0   45 1315.00000 1294.06154  1.59%     -    0s
     0     0 1294.06154    0   45 1315.00000 1294.06154  1.59%     -    0s
     0     0 1294.06154    0   40 1315.00000 1294.06154  1.59%     -    1s
     0     2 1294.06154    0   40 1315.00000 1294.06154  1.59%     -    1s
H    3     6                    1306.0000000 1295.45161  0.81%   9.0    1s

Cutting planes:
  Gomory: 5
  Cover: 23
  Clique: 7
  MIR: 23
  Knapsack: 1
  StrongCG: 9
  GUB cover: 4
  Zero half: 18
  RLT: 16
  Relax-and-lift: 32
  BQP: 1

Explored 53 nodes (1099 simplex iterations) in 1.23 seconds (0.80 work units)
Thread count was 22 (of 22 available processors)

Solution count 9: 1306 1315 1368 ... 3414

Optimal solution found (tolerance 1.00e-04)
Best objective 1.306000000000e+03, best bound 1.306000000000e+03, gap 0.0000%

User-callback calls 1115, time in user-callback 0.00 sec
