FIXINGS_START
(0, 0, 0)
(0, 8, 0)
(1, 2, 0)
(2, 0, 0)
(3, 0, 0)
(3, 4, 0)
(4, 0, 0)
(5, 7, 0)
(5, 8, 0)
(6, 0, 0)
(7, 0, 0)
(7, 1, 0)
(8, 0, 0)
(8, 9, 0)
(9, 0, 0)
(10, 0, 0)
(11, 0, 0)
(11, 4, 0)
(12, 0, 0)
(12, 4, 0)
(13, 0, 0)
(14, 0, 0)
(15, 0, 0)
(16, 0, 0)
(17, 0, 0)
(17, 6, 0)
(18, 0, 0)
(18, 7, 0)
(19, 0, 0)
(20, 0, 0)
(21, 0, 0)
(21, 7, 0)
(22, 0, 0)
(22, 4, 0)
(24, 0, 0)
(24, 8, 0)
(25, 0, 0)
(25, 8, 0)
(27, 3, 0)
(28, 0, 0)
(12, 5, 0)
(2, 1, 28)
(18, 5, 0)
(25, 4, 0)
(3, 3, 0)
(3, 7, 0)
(17, 3, 0)
(8, 2, 0)
(26, 0, 22)
(11, 2, 0)
(27, 0, 0)
(11, 6, 18)
(0, 7, 0)
(17, 4, 0)
(7, 4, 0)
(11, 8, 0)
(14, 1, 7)
(7, 6, 0)
(22, 1, 0)
(19, 1, 0)
(8, 3, 0)
(6, 1, 0)
(16, 3, 0)
(8, 4, 0)
(10, 2, 24)
(19, 3, 0)
(15, 1, 0)
(15, 4, 0)
(22, 5, 0)
(8, 6, 0)
(28, 3, 0)
(26, 2, 0)
(28, 4, 0)
(6, 2, 0)
(16, 4, 0)
(22, 7, 0)
(15, 7, 0)
(6, 4, 0)
(15, 8, 0)
(23, 0, 0)
(17, 5, 0)
(23, 1, 0)
(22, 8, 0)
(16, 5, 0)
(3, 8, 0)
(8, 8, 8)
(23, 2, 0)
(9, 1, 26)
(14, 2, 40)
(27, 1, 0)
(17, 7, 0)
(26, 3, 0)
(9, 2, 0)
(9, 3, 0)
(14, 3, 0)
(26, 4, 0)
(9, 4, 0)
(27, 2, 0)
(14, 4, 0)
(26, 5, 0)
FIXINGS_END
time 25.837
GUROBI
Status INFEASIBLE
Runtime 25.8366641998291
NodeCount 1.0
IterCount 28918.0
NumVars 11280
NumConstrs 71166
ObjBound inf
ObjBoundC inf
ObjVal None
MIPGap inf
