
Gurobi 13.0.0 (linux64) logging started Sun Jan  4 00:09:40 2026

Set parameter LogFile to value "../experiments/network-n_60_s_1_rp_0-app_set-id_69_28_apps/compact_model_gurobi.log"
Set parameter TimeLimit to value 900
Gurobi Optimizer version 13.0.0 build v13.0.0rc1 (linux64 - "Ubuntu 24.04.3 LTS")

CPU model: Intel(R) Core(TM) Ultra 7 165H, instruction set [SSE2|AVX|AVX2]
Thread count: 22 physical cores, 22 logical processors, using up to 22 threads

Non-default parameters:
TimeLimit  900
LogToConsole  0

Academic license 2539022 - for non-commercial use only - registered to al___@studenti.unimi.it
Optimize a model with 84486 rows, 10920 columns and 184705 nonzeros (Min)
Model fingerprint: 0x41d7f08f
Model has 10920 linear objective coefficients
Model has 206 quadratic constraints
Variable types: 0 continuous, 10920 integer (10920 binary)
Coefficient statistics:
  Matrix range     [1e+00, 9e+02]
  QMatrix range    [5e+01, 2e+02]
  Objective range  [1e+01, 2e+02]
  Bounds range     [1e+00, 1e+00]
  RHS range        [1e+00, 1e+09]
  QRHS range       [1e+02, 6e+02]
Presolve removed 81463 rows and 6132 columns
Presolve time: 0.18s
Presolved: 62788 rows, 64348 columns, 397951 nonzeros
Variable types: 0 continuous, 64348 integer (64348 binary)
Performing another presolve...
Presolve removed 2954 rows and 3136 columns
Presolve time: 1.07s
Deterministic concurrent LP optimizer: primal and dual simplex
Showing primal log only...

Concurrent spin time: 1.26s (can be avoided by choosing Method=3)

Solved with dual simplex

Root relaxation: objective 6.828836e+03, 6052 iterations, 2.42 seconds (2.10 work units)

    Nodes    |    Current Node    |     Objective Bounds      |     Work
 Expl Unexpl |  Obj  Depth IntInf | Incumbent    BestBd   Gap | It/Node Time

     0     0 6828.83576    0  447          - 6828.83576      -     -    4s
     0     0 6828.94456    0  448          - 6828.94456      -     -    4s
     0     0 6996.32231    0  493          - 6996.32231      -     -    7s
     0     0 7402.75196    0  514          - 7402.75196      -     -    9s
     0     0 7441.70162    0  530          - 7441.70162      -     -   10s
     0     0 7509.15636    0  601          - 7509.15636      -     -   11s
     0     0 7511.72921    0  617          - 7511.72921      -     -   12s
     0     0 7511.96014    0  616          - 7511.96014      -     -   13s
     0     0 7705.32654    0  605          - 7705.32654      -     -   17s
     0     0 7967.20353    0  590          - 7967.20353      -     -   19s
     0     0 8137.33714    0  597          - 8137.33714      -     -   22s
     0     0 8267.71437    0  619          - 8267.71437      -     -   24s
     0     0 8309.67867    0  708          - 8309.67867      -     -   25s
     0     0 8329.88243    0  715          - 8329.88243      -     -   26s
     0     0 8342.55426    0  760          - 8342.55426      -     -   27s
     0     0 8345.03309    0  784          - 8345.03309      -     -   27s
     0     0 8719.04767    0  666          - 8719.04767      -     -   34s
     0     0 9103.60432    0  657          - 9103.60432      -     -   39s
     0     0 9231.64817    0  716          - 9231.64817      -     -   42s
     0     0 9290.92976    0  723          - 9290.92976      -     -   44s
     0     0 9348.81595    0  812          - 9348.81595      -     -   46s
     0     0 9386.50416    0  843          - 9386.50416      -     -   48s
     0     0 9393.46104    0  937          - 9393.46104      -     -   49s
     0     0 9496.39509    0  880          - 9496.39509      -     -   53s
     0     0 9699.40137    0  809          - 9699.40137      -     -   57s
     0     0 9807.35947    0  873          - 9807.35947      -     -   59s
     0     0 9831.51530    0  851          - 9831.51530      -     -   60s
     0     0 9860.25309    0  807          - 9860.25309      -     -   62s
     0     0 9967.09833    0  834          - 9967.09833      -     -   64s
     0     0 10039.7455    0  831          - 10039.7455      -     -   66s
     0     0 10059.7203    0  854          - 10059.7203      -     -   67s
     0     0 10100.7403    0  793          - 10100.7403      -     -   69s
     0     0 10101.4818    0  773          - 10101.4818      -     -   69s
     0     0 10101.4818    0  762          - 10101.4818      -     -   70s
     0     2 10101.4869    0  756          - 10101.4869      -     -   76s
     7    16 10166.7539    3  761          - 10160.2789      -   857   82s
    15    30 10169.1261    4  761          - 10166.8805      -   747   85s
    31    52 10174.6733    5  761          - 10169.4217      -   845   93s
    53   110 10196.5670    6  757          - 10174.7059      -  1049   99s
   115   150 10217.0996    8  731          - 10174.7059      -   770  103s
   155   169 10239.9380    9  750          - 10174.7059      -   698  110s
   186   196 10360.8958   10  740          - 10174.7059      -   731  117s
   217   214 10335.6477   10  724          - 10174.7059      -   727  123s
   243   235 10336.6155   11  733          - 10174.7059      -   724  129s
   268   249 10342.8103   12  730          - 10174.7059      -   734  135s
   294   263 10351.5236   13  768          - 10174.7059      -   740  142s
   320   284 10360.9988   14  750          - 10192.4997      -   769  148s
   343   298 10442.2689   15  708          - 10192.4997      -   791  154s
   365   314 10445.5595   16  707          - 10192.4997      -   813  158s
   389   335 infeasible   17               - 10192.4997      -   824  163s
   412   352 11452.1385   17  709          - 10192.4997      -   820  168s
   434   371 11587.6132   18  730          - 10192.4997      -   817  173s
   456   389 infeasible   18               - 10192.4997      -   808  180s
   503   423 11802.5546   21  707          - 10192.4997      -   798  190s
   527   437 infeasible   21               - 10196.5826      -   796  195s
   553   458 10537.2961    7  671          - 10196.5826      -   791  200s
   576   477 10619.3937    8  668          - 10196.5826      -   785  205s
   599   493 10754.8520    8  664          - 10196.5826      -   784  210s
   625   506 10639.6344    9  668          - 10197.0541      -   775  215s
   650   524 10678.0205   10  699          - 10197.0541      -   770  220s
   676   541 10711.4141   10  703          - 10217.0996      -   767  225s
   703   559 10724.3773   11  699          - 10217.0996      -   758  230s
   727   567 11090.6640    9  653          - 10217.0996      -   754  236s
   765   591 10746.5643   11  712          - 10217.0996      -   750  242s
   789   610 10828.8143   12  696          - 10217.0996      -   744  248s
   814   623 10785.8633   12  691          - 10217.0996      -   737  255s
   844   642 10836.8311   13  688          - 10217.0996      -   740  262s
   881   652 infeasible   12               - 10217.0996      -   737  270s
   915   664 infeasible   15               - 10217.0996      -   742  278s
   956   677 infeasible   15               - 10217.0996      -   740  286s
   995   686 infeasible   15               - 10217.0996      -   739  295s
  1042   699 10380.2997   10  698          - 10225.5968      -   730  304s
  1089   722 10399.7140   10  692          - 10225.5968      -   725  314s
  1132   728 10478.6638   11  669          - 10246.1169      -   724  323s
  1184   736 10449.5542   11  697          - 10246.1169      -   732  333s
  1216   756 10573.2531   12  677          - 10247.3132      -   740  343s
  1254   777 10636.0391   12  687          - 10247.3132      -   744  353s
  1297   803 10612.5646   12  687          - 10247.3132      -   749  363s
  1351   840 10621.9914   13  681          - 10247.3132      -   750  373s
  1426   875 10649.6177   14  682          - 10248.7834      -   742  384s
  1497   883 10697.6043   15  682          - 10248.7834      -   736  395s
  1575   898 infeasible   16               - 10248.7834      -   736  409s
  1644   899 infeasible   16               - 10248.7834      -   746  423s
  1735   958 10496.9606   11  648          - 10352.2206      -   750  436s
  1828  1001 infeasible   14               - 10352.2206      -   749  453s
  1939  1040 10977.9698   19  666          - 10374.5077      -   748  467s
  2048  1102 10953.6361   21  615          - 10383.9515      -   752  482s
  2203  1201 11116.8178   31  614          - 10383.9515      -   748  498s
  2418  1260 11338.9919   42  594          - 10385.8752      -   726  515s
  2607  1277 11037.1255   13  692          - 10385.8752      -   718  532s
  2797  1346 infeasible   15               - 10403.6381      -   714  549s
  2976  1396 10777.2025   11  636          - 10409.7435      -   712  568s
  3164  1450 10981.1579   13  646          - 10452.2255      -   711  588s
  3346  1507 11342.4586   17  641          - 10466.2526      -   713  609s
  3541  1579 infeasible   21               - 10481.6909      -   716  632s
  3762  1709 infeasible   13               - 10498.7404      -   713  654s
  4012  1768 11445.8424   21  649          - 10515.6081      -   706  675s
  4291  1832 infeasible   16               - 10526.7356      -   698  696s
  4558  1875 infeasible   14               - 10539.0617      -   693  718s
  4779  1940 11224.3265   13  616          - 10553.9978      -   696  740s
  5030  2002 infeasible   11               - 10563.7222      -   697  765s
  5272  2031 infeasible   14               - 10571.9703      -   700  789s
  5533  2037 11557.9434   13  644          - 10590.3142      -   703  815s
  5771  2034 11086.0230   22  613          - 10614.6854      -   709  847s
  5818  2039 11006.4580   23  622          - 10628.3854      -   712  880s
  5855  2043 11038.4751   24  617          - 10628.3854      -   713  900s

Cutting planes:
  Gomory: 7
  Lift-and-project: 1
  Cover: 104
  Implied bound: 1
  Clique: 113
  MIR: 103
  Knapsack: 25
  StrongCG: 52
  GUB cover: 15
  Zero half: 29
  RLT: 372
  Relax-and-lift: 53
  BQP: 83
  PSD: 1

Explored 5895 nodes (4265596 simplex iterations) in 900.04 seconds (994.55 work units)
Thread count was 22 (of 22 available processors)

Solution count 0

Time limit reached
Best objective -, best bound 1.063300000000e+04, gap -

User-callback calls 109210, time in user-callback 0.67 sec
