
Gurobi 13.0.0 (linux64) logging started Sun Jan  4 02:44:14 2026

Set parameter LogFile to value "../experiments/network-n_60_s_2_rp_0-app_set-id_40_18_apps/compact_model_gurobi.log"
Set parameter TimeLimit to value 900
Gurobi Optimizer version 13.0.0 build v13.0.0rc1 (linux64 - "Ubuntu 24.04.3 LTS")

CPU model: Intel(R) Core(TM) Ultra 7 165H, instruction set [SSE2|AVX|AVX2]
Thread count: 22 physical cores, 22 logical processors, using up to 22 threads

Non-default parameters:
TimeLimit  900
LogToConsole  0

Academic license 2539022 - for non-commercial use only - registered to al___@studenti.unimi.it
Optimize a model with 36834 rows, 7020 columns and 83436 nonzeros (Min)
Model fingerprint: 0xffd2e6c4
Model has 7020 linear objective coefficients
Model has 190 quadratic constraints
Variable types: 0 continuous, 7020 integer (7020 binary)
Coefficient statistics:
  Matrix range     [1e+00, 9e+02]
  QMatrix range    [5e+01, 2e+02]
  Objective range  [1e+01, 2e+02]
  Bounds range     [1e+00, 1e+00]
  RHS range        [1e+00, 1e+09]
  QRHS range       [1e+02, 6e+02]
Presolve removed 35311 rows and 4156 columns
Presolve time: 0.46s
Presolved: 38424 rows, 39579 columns, 242681 nonzeros
Variable types: 0 continuous, 39579 integer (39579 binary)
Deterministic concurrent LP optimizer: primal and dual simplex
Showing primal log only...

Concurrent spin time: 0.07s

Solved with dual simplex

Root relaxation: objective 4.288117e+03, 3002 iterations, 0.48 seconds (0.78 work units)

    Nodes    |    Current Node    |     Objective Bounds      |     Work
 Expl Unexpl |  Obj  Depth IntInf | Incumbent    BestBd   Gap | It/Node Time

     0     0 4288.11736    0  284          - 4288.11736      -     -    2s
     0     0 4336.04172    0  288          - 4336.04172      -     -    5s
     0     0 4343.74249    0  265          - 4343.74249      -     -    6s
     0     0 4343.77755    0  269          - 4343.77755      -     -    6s
     0     0 4356.22442    0  336          - 4356.22442      -     -    7s
     0     0 4363.26929    0  309          - 4363.26929      -     -    8s
     0     0 4365.70100    0  357          - 4365.70100      -     -    8s
     0     0 4366.66277    0  361          - 4366.66277      -     -    8s
     0     0 4366.79148    0  346          - 4366.79148      -     -    8s
     0     0 4377.78477    0  337          - 4377.78477      -     -   10s
     0     0 4380.43852    0  367          - 4380.43852      -     -   10s
     0     0 4382.41465    0  338          - 4382.41465      -     -   10s
     0     0 4383.08163    0  326          - 4383.08163      -     -   11s
     0     0 4388.57812    0  347          - 4388.57812      -     -   12s
     0     0 4389.80848    0  327          - 4389.80848      -     -   12s
     0     0 4391.19797    0  305          - 4391.19797      -     -   12s
     0     0 4391.21527    0  305          - 4391.21527      -     -   13s
     0     0 4391.21527    0  293          - 4391.21527      -     -   13s
     0     2 4391.21527    0  285          - 4391.21527      -     -   16s
    96   135 4402.24668    7  284          - 4393.76805      -   210   21s
   262   302 4404.93610   10  263          - 4393.76805      -   210   26s
   471   510 4417.68532   14  314          - 4393.76805      -   219   31s
   632   653 4420.76501   20  285          - 4393.76805      -   215   35s
   773   793 4424.95216   26  300          - 4393.76805      -   207   40s
   868   884 4425.96736   29  293          - 4393.76805      -   203   46s
   942   957 4428.15599   31  267          - 4393.76805      -   204   50s
  1018  1039 4431.57116   36  287          - 4393.76805      -   202   55s
  1108  1126 4435.24492   45  326          - 4393.76805      -   199   61s
H 1178  1179                    4702.0000000 4393.76805  6.56%   199   64s
H 1179  1179                    4569.0000000 4393.76805  3.84%   199   64s
  1190  1284 4437.06731   53  247 4569.00000 4393.76805  3.84%   199   66s
H 1204  1284                    4568.0000000 4393.76805  3.81%   200   66s
H 1402  1481                    4564.0000000 4393.76805  3.73%   193   69s
  1492  1589 4439.33521   64  288 4564.00000 4393.76805  3.73%   191   70s
H 1559  1589                    4554.0000000 4393.76805  3.52%   189   70s
  1882  2050 4444.21813   85  272 4554.00000 4393.76805  3.52%   181   75s
  2485  2694 4451.62908   98  279 4554.00000 4393.76805  3.52%   165   81s
  2759  2766 4460.08505  109  257 4554.00000 4393.76805  3.52%   159   86s
  2979  3003 4466.36180  112  274 4554.00000 4393.76805  3.52%   158   91s
  3263  3284 4475.52837  126  198 4554.00000 4394.31441  3.51%   161   96s
  3438  3358 4481.98831  135  192 4554.00000 4394.31441  3.51%   160  100s
H 3481  3357                    4550.0000000 4394.31441  3.42%   160  100s
  3725  3678 4498.54313  144  178 4550.00000 4396.80290  3.37%   163  105s
  4150  4023 4409.36285    7  424 4550.00000 4396.80290  3.37%   164  113s
  4311  4238 4418.80024   11  384 4550.00000 4396.80290  3.37%   166  117s
  4551  4416 4423.34100   15  392 4550.00000 4396.80290  3.37%   164  120s
  4989  4622 4459.89218   25  290 4550.00000 4396.88217  3.37%   167  128s
  5043  4780 4460.36174   26  267 4550.00000 4396.88217  3.37%   167  133s
  5229  4955 4474.38535   37  281 4550.00000 4396.88217  3.37%   168  137s
  5439  4956 4432.26831   46 18115 4550.00000 4396.88217  3.37%   169  153s
  5441  4957 4412.82754   13  289 4550.00000 4396.88217  3.37%   169  159s
  5442  4958 4442.22226   93  326 4550.00000 4396.88217  3.37%   169  160s
  5446  4961 4451.75236  113  308 4550.00000 4396.88217  3.37%   169  166s
  5453  4965 4410.00429   32  350 4550.00000 4396.88217  3.37%   169  170s
  5465  4973 4454.09109  104  393 4550.00000 4396.88217  3.37%   168  175s
  5478  4982 4458.33439  111  404 4550.00000 4397.90341  3.34%   168  180s
  5494  4993 4460.98593   91  421 4550.00000 4398.58282  3.33%   167  185s
  5507  5001 4434.09453   82  413 4550.00000 4398.90226  3.32%   167  190s
  5518  5009 4450.90626   65  415 4550.00000 4399.96052  3.30%   167  195s
  5530  5017 4417.77205   58  408 4550.00000 4400.10534  3.29%   166  200s
  5541  5024 4412.82754   13  400 4550.00000 4400.69790  3.28%   166  205s
  5553  5032 4410.00429   32  418 4550.00000 4401.05165  3.27%   166  210s
  5566  5041 4434.28688   40  418 4550.00000 4401.78938  3.26%   165  216s
  5575  5047 4432.12175   51  423 4550.00000 4401.88578  3.26%   165  220s
  5585  5053 4437.29441   55  425 4550.00000 4401.94421  3.25%   165  225s
  5589  5056 4452.35872   30  412 4550.00000 4402.12497  3.25%   164  234s
  5590  5060 4402.15926   11  420 4550.00000 4402.13835  3.25%   171  237s
  5596  5070 4402.38732   13  410 4550.00000 4402.35730  3.24%   171  243s
  5604  5083 4403.32727   14  419 4550.00000 4402.42186  3.24%   172  247s
  5620  5100 4403.51448   15  420 4550.00000 4403.33571  3.22%   175  253s
  5642  5133 4404.96973   16  487 4550.00000 4403.51757  3.22%   178  260s
  5683  5163 4407.47779   17  359 4550.00000 4403.51757  3.22%   182  267s
  5726  5189 4409.27062   18  356 4550.00000 4403.51757  3.22%   185  272s
  5767  5203 4412.98827   18  290 4550.00000 4403.51757  3.22%   187  278s
H 5774  4944                    4542.0000000 4403.51757  3.05%   187  278s
  5794  4980 4409.74282   19  395 4542.00000 4403.51757  3.05%   188  285s
  5836  5006 4413.88256   20  403 4542.00000 4403.51757  3.05%   191  290s
H 5876  4790                    4526.0000000 4403.51757  2.71%   193  296s
  5916  4819 4413.38953   21  433 4526.00000 4403.51757  2.71%   196  302s
  5958  4848 4411.12881   22  419 4526.00000 4403.51757  2.71%   198  310s
  6046  4909 4412.81126   23  285 4526.00000 4403.51757  2.71%   201  319s
H 6097  4688                    4500.0000000 4403.51757  2.14%   203  324s
H 6109  4465                    4485.0000000 4403.51757  1.82%   203  324s
  6124  4501 4416.11298   24  370 4485.00000 4403.51757  1.82%   204  330s
  6220  4556 4415.29863   25  356 4485.00000 4403.51757  1.82%   207  339s
  6268  4585 4416.87871   26  339 4485.00000 4403.51757  1.82%   208  344s
  6317  4615 4421.17948   27  398 4485.00000 4403.51757  1.82%   210  349s
  6368  4647 4422.28585   28  289 4485.00000 4403.51757  1.82%   211  354s
  6424  4683 4422.47286   29  333 4485.00000 4403.51757  1.82%   212  359s
  6493  4713 4423.05996   30  231 4485.00000 4403.51757  1.82%   213  365s
  6558  4745 4422.77097   32  253 4485.00000 4403.51757  1.82%   213  370s
  6629  4786 4422.90848   33  280 4485.00000 4403.51757  1.82%   214  376s
  6709  4777 4423.56705   34  254 4485.00000 4403.51757  1.82%   214  382s
  6734  4825 4424.21434   34  249 4485.00000 4403.51757  1.82%   215  389s
  6822  4860 4423.95221   36  250 4485.00000 4403.51757  1.82%   215  398s
  6907  4919 4431.33064   36  213 4485.00000 4403.51757  1.82%   216  407s
  7055  4925 4424.54072   38  249 4485.00000 4403.51757  1.82%   217  414s
  7144  4999 4424.87062   39  252 4485.00000 4403.51757  1.82%   217  425s
  7290  5073 4426.84231   41  363 4485.00000 4403.51757  1.82%   218  432s
  7442  5164 4426.94816   42  291 4485.00000 4403.51757  1.82%   219  440s
  7636  5225 4427.69082   44  277 4485.00000 4403.51757  1.82%   219  450s
  7836  5295 4429.37793   45  281 4485.00000 4406.58906  1.75%   220  459s
  8065  5350 4430.53966   47  362 4485.00000 4407.02884  1.74%   220  468s
  8241  5422 4436.60412   49  360 4485.00000 4407.02884  1.74%   221  478s
  8409  5510 4440.15024   52  297 4485.00000 4407.02884  1.74%   224  488s
  8587  5634 4439.88361   55  308 4485.00000 4407.02884  1.74%   225  499s
  8815  5736 4456.57321   56  285 4485.00000 4407.02884  1.74%   226  512s
  9096  5772 4446.33263   59  211 4485.00000 4407.02884  1.74%   226  523s
  9329  5808     cutoff   62      4485.00000 4407.02884  1.74%   227  535s
  9504  5894 4473.42160   71  116 4485.00000 4407.72589  1.72%   229  546s
  9703  6039 4415.63291   22  355 4485.00000 4407.99534  1.72%   231  558s
  9946  6180 4421.58739   32  254 4485.00000 4407.99534  1.72%   233  572s
 10221  6201 4438.91350   43  270 4485.00000 4407.99534  1.72%   235  586s
 10349  6438 4466.26069   48  251 4485.00000 4407.99534  1.72%   236  600s
 10706  6603 4433.92132   17  268 4485.00000 4409.33519  1.69%   236  615s
 11093  6590 4448.26694   25  343 4485.00000 4409.33519  1.69%   236  630s
 11252  6878 4450.43883   30  262 4485.00000 4409.33519  1.69%   236  646s
 11703  6779 4456.66425   49  302 4485.00000 4409.67609  1.68%   235  661s
 11778  6882 4456.81460   50  301 4485.00000 4409.67609  1.68%   236  676s
 11921  7204 4456.81732   51  301 4485.00000 4409.67609  1.68%   236  692s
 12365  7300 4458.01671   52  275 4485.00000 4409.67609  1.68%   236  710s
 12730  7419 4458.24831   53  304 4485.00000 4409.67609  1.68%   236  729s
 13099  7607 4465.77998   69  234 4485.00000 4409.67609  1.68%   237  746s
 13453  7871 4426.61257   24  469 4485.00000 4409.67609  1.68%   238  764s
 13995  8066 4444.53398   34  289 4485.00000 4409.67609  1.68%   238  782s
 14455  8408 4461.47006   52  142 4485.00000 4409.67609  1.68%   238  799s
 14992  8768 4430.79906   25  354 4485.00000 4409.67609  1.68%   237  820s
 15679  8791 4443.79027   35  295 4485.00000 4409.67609  1.68%   236  842s
 16076  8893 4464.62808   55  313 4485.00000 4409.67609  1.68%   238  862s
 16489  9140 4429.40734   29  252 4485.00000 4410.03315  1.67%   241  884s
 16895  9350 4450.83867   49  260 4485.00000 4412.02895  1.63%   243  900s

Cutting planes:
  Gomory: 8
  Lift-and-project: 1
  Cover: 459
  Clique: 57
  MIR: 417
  Knapsack: 21
  StrongCG: 333
  Flow cover: 834
  GUB cover: 14
  Zero half: 96
  RLT: 265
  Relax-and-lift: 988
  BQP: 70
  PSD: 1

Explored 17327 nodes (4224194 simplex iterations) in 900.03 seconds (891.48 work units)
Thread count was 22 (of 22 available processors)

Solution count 10: 4485 4500 4526 ... 4702

Time limit reached
Best objective 4.485000000000e+03, best bound 4.413000000000e+03, gap 1.6054%

User-callback calls 157959, time in user-callback 0.97 sec
