
Gurobi 13.0.0 (linux64) logging started Sun Jan 18 07:54:14 2026

Set parameter LogFile to value "../experiments/network-n_60_s_2_rp_0-app_set-id_40_18_apps/submip_40_epr1_model_gurobi.log"
Set parameter TimeLimit to value 8.4418132599101227e+02
Gurobi Optimizer version 13.0.0 build v13.0.0rc1 (linux64 - "Ubuntu 24.04.3 LTS")

CPU model: Intel(R) Core(TM) Ultra 7 165H, instruction set [SSE2|AVX|AVX2]
Thread count: 22 physical cores, 22 logical processors, using up to 22 threads

Non-default parameters:
TimeLimit  8.4418132599101227e+02
LogToConsole  0

Academic license 2539022 - for non-commercial use only - registered to al___@studenti.unimi.it
Optimize a model with 36898 rows, 7020 columns and 83500 nonzeros (Min)
Model fingerprint: 0xd57cced0
Model has 7020 linear objective coefficients
Model has 190 quadratic constraints
Variable types: 0 continuous, 7020 integer (7020 binary)
Coefficient statistics:
  Matrix range     [1e+00, 9e+02]
  QMatrix range    [5e+01, 2e+02]
  Objective range  [1e+01, 2e+02]
  Bounds range     [1e+00, 1e+00]
  RHS range        [1e+00, 1e+09]
  QRHS range       [1e+02, 6e+02]

MIP start from previous solve did not produce a new incumbent solution
MIP start from previous solve violates constraint fixed_app_8_microservice_3 by 1.000000000

Presolve removed 36461 rows and 5801 columns
Presolve time: 0.10s
Presolved: 8080 rows, 8698 columns, 50979 nonzeros
Variable types: 1 continuous, 8697 integer (8697 binary)

Root relaxation: objective 4.366026e+03, 1089 iterations, 0.08 seconds (0.10 work units)

    Nodes    |    Current Node    |     Objective Bounds      |     Work
 Expl Unexpl |  Obj  Depth IntInf | Incumbent    BestBd   Gap | It/Node Time

     0     0 4366.02601    0  130          - 4366.02601      -     -    0s
     0     0 4405.77340    0  146          - 4405.77340      -     -    0s
     0     0 4416.61238    0  162          - 4416.61238      -     -    0s
     0     0 4417.84259    0  191          - 4417.84259      -     -    0s
     0     0 4418.24772    0  185          - 4418.24772      -     -    1s
     0     0 4418.28126    0  182          - 4418.28126      -     -    1s
H    0     0                    5427.0000000 4430.13869  18.4%     -    1s
     0     0 4436.51886    0  194 5427.00000 4436.51886  18.3%     -    1s
H    0     0                    5338.0000000 4436.51886  16.9%     -    1s
     0     0 4442.45672    0  192 5338.00000 4442.45672  16.8%     -    1s
     0     0 4444.48930    0  214 5338.00000 4444.48930  16.7%     -    1s
     0     0 4444.84981    0  194 5338.00000 4444.84981  16.7%     -    1s
     0     0 4457.42373    0  200 5338.00000 4457.42373  16.5%     -    2s
H    0     0                    5292.0000000 4457.42373  15.8%     -    2s
H    0     0                    4902.0000000 4460.50458  9.01%     -    2s
H    0     0                    4885.0000000 4460.50458  8.69%     -    2s
     0     0 4460.50458    0  220 4885.00000 4460.50458  8.69%     -    2s
H    0     0                    4862.0000000 4462.76383  8.21%     -    2s
     0     0 4462.76383    0  250 4862.00000 4462.76383  8.21%     -    2s
     0     0 4463.53533    0  254 4862.00000 4463.53533  8.20%     -    2s
     0     0 4473.88247    0  234 4862.00000 4473.88247  7.98%     -    2s
     0     0 4474.45738    0  255 4862.00000 4474.45738  7.97%     -    2s
H    0     0                    4855.0000000 4474.45738  7.84%     -    2s
     0     0 4476.57759    0  269 4855.00000 4476.57759  7.79%     -    2s
     0     0 4476.63966    0  265 4855.00000 4476.63966  7.79%     -    2s
     0     0 4476.63966    0  253 4855.00000 4476.63966  7.79%     -    2s
H    0     0                    4853.0000000 4476.64143  7.76%     -    2s
     0     2 4476.64143    0  248 4853.00000 4476.64143  7.76%     -    3s
H   73    88                    4839.0000000 4487.92667  7.26%   396    4s
H   87   167                    4822.0000000 4487.92667  6.93%   378    5s
H  167   218                    4722.0000000 4487.92667  4.96%   266    5s
H  187   218                    4717.0000000 4487.92667  4.86%   254    5s
H  311   354                    4709.0000000 4487.92667  4.69%   218    6s
H  317   354                    4702.0000000 4487.92667  4.55%   217    6s
H  408   435                    4694.0000000 4487.92667  4.39%   197    7s
H  489   513                    4693.0000000 4487.92667  4.37%   189    7s
H  768   713                    4648.0000000 4489.26196  3.42%   170    9s
   853   798 4549.43228   23  144 4648.00000 4489.26196  3.42%   164   10s
H  978   889                    4646.0000000 4489.26196  3.37%   159   10s
H  984   889                    4637.0000000 4489.26196  3.19%   158   10s
H 1030   966                    4634.0000000 4489.26196  3.12%   155   11s
H 1314  1186                    4632.0000000 4492.52347  3.01%   140   12s
  2019  1692 4612.60266   74  128 4632.00000 4494.07638  2.98%   122   15s
H 2487  1758                    4605.0000000 4495.24921  2.38%   120   17s
  3036  2132 4577.40147   12 3248 4605.00000 4495.24921  2.38%   115   20s
  3074  2157 4533.52400   12  250 4605.00000 4495.24921  2.38%   113   25s
  3120  2188 4539.20270   33  292 4605.00000 4495.24921  2.38%   112   30s
  3144  2207 4498.85367   10  226 4605.00000 4496.46653  2.36%   116   35s
  3196  2296 4507.37842   15  264 4605.00000 4506.45353  2.14%   123   40s
  3384  2396 4523.16479   19  222 4605.00000 4506.45353  2.14%   131   45s
  3625  2518 4539.19571   23  175 4605.00000 4506.45353  2.14%   138   50s
H 3834  2472                    4596.0000000 4510.28536  1.86%   140   54s
  3844  2493 infeasible   26      4596.00000 4510.28536  1.86%   140   55s
H 4062  2393                    4587.0000000 4512.63681  1.62%   141   58s
  4153  2423 4541.79510   20  163 4587.00000 4513.35074  1.61%   141   60s
  4409  2492 4557.98648   22  151 4587.00000 4515.50001  1.56%   143   65s
  4879  2515 4585.96552   29  125 4587.00000 4517.62314  1.51%   146   70s
  5099  2594 4572.11414   29  124 4587.00000 4517.67641  1.51%   146   75s
  5490  2620 4560.37774   23  178 4587.00000 4517.67641  1.51%   145   80s
  5960  2716 4559.91246   28  177 4587.00000 4520.19710  1.46%   145   85s
  6429  2829     cutoff   38      4587.00000 4521.27410  1.43%   144   90s
  7243  2932 4582.54164   21  115 4587.00000 4527.18851  1.30%   143   96s
  7804  2988 4539.33259   21  192 4587.00000 4528.64284  1.27%   143  100s
  8366  3056 4555.90592   22  170 4587.00000 4530.12960  1.24%   143  105s
  8951  3133 4544.52608   25  143 4587.00000 4530.44849  1.23%   143  111s
  9698  3472 4545.51574   24  182 4587.00000 4533.00554  1.18%   142  116s
 10611  3784 4579.71827   31   49 4587.00000 4534.12618  1.15%   140  122s
 11067  3976     cutoff   28      4587.00000 4534.44018  1.15%   139  125s
 12073  4293     cutoff   19      4587.00000 4536.72806  1.10%   138  132s
 12670  4447     cutoff   32      4587.00000 4537.08370  1.09%   137  135s
 13599  4774 4565.13214   19  154 4587.00000 4538.12098  1.07%   136  142s
 14184  4921 4558.69510   25  188 4587.00000 4539.15100  1.04%   136  146s
H14473  4894                    4585.0000000 4539.24759  1.00%   137  146s
 14715  5081 4568.64754   28  171 4585.00000 4539.24759  1.00%   137  150s
 16029  5223 4559.86696   25  136 4585.00000 4540.92432  0.96%   135  157s
H16034  5154                    4583.0000000 4540.92432  0.92%   135  157s
 16061  5300 4562.62633   26  137 4583.00000 4540.92432  0.92%   135  161s
 16770  5498 4568.59270   19  174 4583.00000 4541.61013  0.90%   135  165s
 17573  5681 4553.57274   29  175 4583.00000 4542.27131  0.89%   135  170s
 19002  6135 4563.05239   30  152 4583.00000 4543.67178  0.86%   135  179s
 19876  6236 4578.16570   21  146 4583.00000 4544.27302  0.85%   134  183s
 20442  6436     cutoff   27      4583.00000 4545.08271  0.83%   135  188s
 21346  6673     cutoff   36      4583.00000 4545.66357  0.81%   134  193s
 22331  6870 4554.63437   22  179 4583.00000 4546.48750  0.80%   134  198s
 23262  7086 4575.28707   31  120 4583.00000 4547.41460  0.78%   134  203s
 24293  7298     cutoff   25      4583.00000 4548.18011  0.76%   133  210s
*24565  7119              47    4581.0000000 4548.18011  0.72%   133  210s
 26529  7342 4573.54904   23  169 4581.00000 4549.60550  0.69%   132  219s
*26568  7076              29    4579.0000000 4549.87426  0.64%   132  219s
 27097  7118 infeasible   30      4579.00000 4550.45912  0.62%   132  225s
 27924  7212     cutoff   25      4579.00000 4550.98224  0.61%   132  230s
 29140  7294     cutoff   25      4579.00000 4552.44751  0.58%   131  236s
 30036  7344 4576.78757   34  145 4579.00000 4552.99270  0.57%   131  242s
 31371  7418 4569.78463   29  163 4579.00000 4554.27778  0.54%   130  248s
*32449  7248              43    4578.0000000 4554.57916  0.51%   130  248s
 32755  7316     cutoff   27      4578.00000 4555.23839  0.50%   129  255s
*33925  6589              42    4575.0000000 4555.36090  0.43%   129  255s
 34263  6345     cutoff   29      4575.00000 4556.32230  0.41%   129  261s
 35739  6074     cutoff   33      4575.00000 4557.31232  0.39%   128  268s
 37250  5760     cutoff   23      4575.00000 4558.74703  0.36%   128  274s
 38682  5195 4569.53934   25  173 4575.00000 4559.86678  0.33%   127  281s
 40501  4340     cutoff   25      4575.00000 4561.83913  0.29%   126  289s
 42575  3147     cutoff   21      4575.00000 4563.75342  0.25%   125  296s
 44715  1652     cutoff   32      4575.00000 4565.97865  0.20%   123  300s

Cutting planes:
  Gomory: 3
  Lift-and-project: 3
  Cover: 541
  Implied bound: 2
  Clique: 64
  MIR: 256
  Knapsack: 8
  StrongCG: 142
  Flow cover: 184
  GUB cover: 27
  Inf proof: 1
  Zero half: 43
  Mod-K: 3
  RLT: 209
  Relax-and-lift: 109
  BQP: 37

Explored 48287 nodes (5697102 simplex iterations) in 303.58 seconds (186.04 work units)
Thread count was 22 (of 22 available processors)

Solution count 10: 4575 4578 4579 ... 4632

Optimal solution found (tolerance 1.00e-04)
Best objective 4.575000000000e+03, best bound 4.575000000000e+03, gap 0.0000%

User-callback calls 118324, time in user-callback 0.22 sec
