
Gurobi 13.0.0 (linux64) logging started Sun Jan  4 19:25:58 2026

Set parameter LogFile to value "../experiments/network-n_30_s_1_rp_0-app_set-id_20_11_apps/compact_model_gurobi.log"
Set parameter TimeLimit to value 900
Gurobi Optimizer version 13.0.0 build v13.0.0rc1 (linux64 - "Ubuntu 24.04.3 LTS")

CPU model: Intel(R) Core(TM) Ultra 7 165H, instruction set [SSE2|AVX|AVX2]
Thread count: 22 physical cores, 22 logical processors, using up to 22 threads

Non-default parameters:
TimeLimit  900
LogToConsole  0

Academic license 2539022 - for non-commercial use only - registered to al___@studenti.unimi.it
Optimize a model with 6110 rows, 2160 columns and 15146 nonzeros (Min)
Model fingerprint: 0x131e2a64
Model has 2160 linear objective coefficients
Model has 100 quadratic constraints
Variable types: 0 continuous, 2160 integer (2160 binary)
Coefficient statistics:
  Matrix range     [1e+00, 9e+02]
  QMatrix range    [5e+01, 2e+02]
  Objective range  [1e+01, 2e+02]
  Bounds range     [1e+00, 1e+00]
  RHS range        [1e+00, 1e+09]
  QRHS range       [1e+02, 6e+02]
Presolve removed 5605 rows and 1260 columns
Presolve time: 0.05s
Presolved: 8414 rows, 8713 columns, 47932 nonzeros
Variable types: 0 continuous, 8713 integer (8713 binary)

Root relaxation: objective 2.601504e+03, 729 iterations, 0.05 seconds (0.08 work units)

    Nodes    |    Current Node    |     Objective Bounds      |     Work
 Expl Unexpl |  Obj  Depth IntInf | Incumbent    BestBd   Gap | It/Node Time

     0     0 2601.50383    0  132          - 2601.50383      -     -    0s
     0     0 2633.35766    0  160          - 2633.35766      -     -    1s
     0     0 2637.81958    0  174          - 2637.81958      -     -    1s
     0     0 2638.04625    0  181          - 2638.04625      -     -    1s
     0     0 2656.50652    0  159          - 2656.50652      -     -    1s
     0     0 2657.97883    0  181          - 2657.97883      -     -    1s
     0     0 2658.05882    0  174          - 2658.05882      -     -    1s
     0     0 2667.23122    0  215          - 2667.23122      -     -    1s
     0     0 2669.57353    0  220          - 2669.57353      -     -    2s
     0     0 2669.81942    0  218          - 2669.81942      -     -    2s
     0     0 2675.20824    0  236          - 2675.20824      -     -    2s
     0     0 2677.24960    0  255          - 2677.24960      -     -    2s
     0     0 2677.42726    0  254          - 2677.42726      -     -    2s
     0     0 2678.80833    0  256          - 2678.80833      -     -    2s
     0     0 2678.83267    0  253          - 2678.83267      -     -    2s
     0     0 2678.83267    0  253          - 2678.83267      -     -    2s
     0     2 2678.83286    0  253          - 2678.83286      -     -    3s
   209   255 2785.41065    9  181          - 2682.29273      -   150    5s
   839   848 2798.18514   29  101          - 2683.14252      -   109   10s
H  870   848                    3504.0000000 2683.28943  23.4%   108   10s
H  889   906                    3492.0000000 2683.28943  23.2%   107   10s
H  889   906                    3480.0000000 2683.28943  22.9%   107   10s
H  895   906                    3452.0000000 2683.28943  22.3%   107   10s
H  900   906                    3126.0000000 2683.28943  14.2%   107   10s
H 1028  1007                    3103.0000000 2683.28943  13.5%   105   11s
H 1028  1007                    3077.0000000 2683.28943  12.8%   105   11s
H 1031  1007                    3035.0000000 2683.28943  11.6%   105   11s
H 1060  1007                    2887.0000000 2683.28943  7.06%   106   11s
H 1216  1059                    2835.0000000 2685.50309  5.27%   106   11s
H 1220  1059                    2821.0000000 2685.50309  4.80%   106   11s
H 1309  1082                    2809.0000000 2685.50693  4.40%   107   12s
H 1341  1082                    2803.0000000 2685.50693  4.19%   108   12s
  1675  1226     cutoff   18      2803.00000 2686.94528  4.14%   113   15s
  2354  1180     cutoff   17      2803.00000 2690.77789  4.00%   115   20s
  2550  1220 2793.83539   19  147 2803.00000 2696.94391  3.78%   116   25s
  2881  1286 2801.08571   24  142 2803.00000 2701.41356  3.62%   113   31s
H 3122  1309                    2796.0000000 2702.56143  3.34%   113   34s
  3229  1301 2784.73948   19  134 2796.00000 2702.56143  3.34%   112   35s
H 3287  1182                    2788.0000000 2703.27922  3.04%   112   35s
  4040  1071     cutoff   24      2788.00000 2713.71962  2.66%   115   40s
  4844   998 2781.39776   18  134 2788.00000 2737.38955  1.82%   117   45s
  5073  1048 2784.27064   20  116 2788.00000 2753.55234  1.24%   116   50s
  5681  1100     cutoff   12      2788.00000 2760.35191  0.99%   114   55s
  6989   983     cutoff   19      2788.00000 2766.65570  0.77%   107   60s
  8878    86 2784.00056   13  109 2788.00000 2773.10660  0.53%  99.4   66s

Cutting planes:
  Lift-and-project: 12
  Cover: 343
  Implied bound: 3
  Clique: 25
  MIR: 185
  Knapsack: 13
  StrongCG: 99
  GUB cover: 15
  Inf proof: 3
  Zero half: 9
  RLT: 233
  Relax-and-lift: 220
  BQP: 122

Explored 9942 nodes (930861 simplex iterations) in 66.88 seconds (32.55 work units)
Thread count was 22 (of 22 available processors)

Solution count 10: 2788 2796 2803 ... 3103

Optimal solution found (tolerance 1.00e-04)
Best objective 2.788000000000e+03, best bound 2.788000000000e+03, gap 0.0000%

User-callback calls 25988, time in user-callback 0.08 sec
