
Gurobi 13.0.0 (linux64) logging started Sat Jan  3 07:53:37 2026

Set parameter LogFile to value "../experiments/network-n_60_s_0_rp_0-app_set-id_51_22_apps/compact_model_gurobi.log"
Set parameter TimeLimit to value 900
Gurobi Optimizer version 13.0.0 build v13.0.0rc1 (linux64 - "Ubuntu 24.04.3 LTS")

CPU model: Intel(R) Core(TM) Ultra 7 165H, instruction set [SSE2|AVX|AVX2]
Thread count: 22 physical cores, 22 logical processors, using up to 22 threads

Non-default parameters:
TimeLimit  900
LogToConsole  0

Academic license 2539022 - for non-commercial use only - registered to al___@studenti.unimi.it
Optimize a model with 58386 rows, 8580 columns and 129084 nonzeros (Min)
Model fingerprint: 0xac0cdd94
Model has 8580 linear objective coefficients
Model has 200 quadratic constraints
Variable types: 0 continuous, 8580 integer (8580 binary)
Coefficient statistics:
  Matrix range     [1e+00, 9e+02]
  QMatrix range    [5e+01, 2e+02]
  Objective range  [1e+01, 2e+02]
  Bounds range     [1e+00, 1e+00]
  RHS range        [1e+00, 1e+09]
  QRHS range       [1e+02, 6e+02]
Presolve removed 55931 rows and 4692 columns
Presolve time: 0.79s
Presolved: 71634 rows, 72814 columns, 446998 nonzeros
Variable types: 0 continuous, 72814 integer (72814 binary)
Deterministic concurrent LP optimizer: primal and dual simplex
Showing primal log only...

Concurrent spin time: 0.00s

Solved with dual simplex

Root relaxation: objective 4.439764e+03, 3645 iterations, 1.66 seconds (2.15 work units)

    Nodes    |    Current Node    |     Objective Bounds      |     Work
 Expl Unexpl |  Obj  Depth IntInf | Incumbent    BestBd   Gap | It/Node Time

     0     0 4439.76432    0  336          - 4439.76432      -     -    4s
     0     0 4441.85183    0  345          - 4441.85183      -     -    4s
     0     0 4462.17513    0  400          - 4462.17513      -     -    8s
     0     0 4491.72775    0  348          - 4491.72775      -     -   10s
     0     0 4518.14402    0  385          - 4518.14402      -     -   11s
     0     0 4519.27655    0  391          - 4519.27655      -     -   12s
     0     0 4519.42894    0  417          - 4519.42894      -     -   12s
     0     0 4519.44130    0  396          - 4519.44130      -     -   12s
     0     0 4530.07058    0  436          - 4530.07058      -     -   16s
     0     0 4553.55667    0  529          - 4553.55667      -     -   18s
     0     0 4563.28656    0  419          - 4563.28656      -     -   21s
     0     0 4566.10588    0  470          - 4566.10588      -     -   23s
     0     0 4566.44265    0  436          - 4566.44265      -     -   23s
H    0     0                    7224.0000000 4566.44265  36.8%     -   25s
     0     0 4588.75945    0  431 7224.00000 4588.75945  36.5%     -   27s
H    0     0                    7149.0000000 4588.75945  35.8%     -   27s
H    0     0                    6888.0000000 4588.75945  33.4%     -   27s
     0     0 4594.68550    0  396 6888.00000 4594.68550  33.3%     -   29s
     0     0 4597.28842    0  554 6888.00000 4597.28842  33.3%     -   29s
     0     0 4597.64300    0  477 6888.00000 4597.64300  33.3%     -   30s
     0     0 4606.41685    0  548 6888.00000 4606.41685  33.1%     -   32s
H    0     0                    6867.0000000 4606.41685  32.9%     -   32s
     0     0 4607.54606    0  440 6867.00000 4607.54606  32.9%     -   33s
     0     0 4609.75172    0  499 6867.00000 4609.75172  32.9%     -   35s
     0     0 4609.75531    0  483 6867.00000 4609.75531  32.9%     -   35s
     0     0 4609.78038    0  476 6867.00000 4609.78038  32.9%     -   35s
     0     0 4609.78038    0  476 6867.00000 4609.78038  32.9%     -   35s
H    0     0                    6787.0000000 4609.78038  32.1%     -   37s
H    0     0                    6784.0000000 4609.78038  32.0%     -   37s
H    0     0                    6714.0000000 4609.78038  31.3%     -   38s
H    0     0                    6619.0000000 4609.79693  30.4%     -   39s
H    0     2                    6613.0000000 4609.79693  30.3%     -   40s
     0     2 4609.79693    0  476 6613.00000 4609.79693  30.3%     -   40s
     7    16 4614.29225    3  521 6613.00000 4613.90867  30.2%   932   46s
H   10    16                    5991.0000000 4613.90867  23.0%   803   46s
    15    32 4614.65128    4  471 5991.00000 4614.30789  23.0%   955   50s
H   30    32                    5989.0000000 4614.65521  22.9%  1092   51s
H   36    52                    5983.0000000 4614.70053  22.9%   992   54s
H   49    52                    5889.0000000 4615.21827  21.6%   908   54s
    53    92 4618.68990    6  480 5889.00000 4615.49862  21.6%   920   59s
H   61    92                    5811.0000000 4615.49862  20.6%   848   59s
    93   144 4619.53421    7  445 5811.00000 4617.80154  20.5%   720   64s
H  100   144                    5804.0000000 4617.80154  20.4%   692   64s
H  100   144                    5648.0000000 4617.80154  18.2%   692   64s
   149   180 4620.59875    8  424 5648.00000 4617.83328  18.2%   615   67s
   192   218 4627.84763    9  393 5648.00000 4617.83328  18.2%   575   71s
   276   301 4627.35163   12  398 5648.00000 4617.83328  18.2%   525   78s
H  317   301                    5610.0000000 4617.83328  17.7%   507   78s
   325   338 4625.60026   12  440 5610.00000 4617.83328  17.7%   504   82s
H  327   338                    5590.0000000 4617.83328  17.4%   505   82s
H  332   338                    5563.0000000 4617.83328  17.0%   504   82s
H  340   338                    5491.0000000 4617.83328  15.9%   505   82s
   362   374 4645.72109   13  412 5491.00000 4617.83328  15.9%   497   85s
H  368   374                    5457.0000000 4617.83328  15.4%   496   85s
   442   461 4649.51964   15  403 5457.00000 4617.83328  15.4%   485   91s
H  448   461                    5437.0000000 4617.83328  15.1%   485   92s
H  455   461                    5435.0000000 4617.83328  15.0%   480   92s
H  472   461                    5428.0000000 4617.83328  14.9%   478   92s
H  493   496                    5394.0000000 4617.83328  14.4%   464   95s
H  501   496                    5275.0000000 4617.83328  12.5%   463   95s
H  530   540                    5273.0000000 4617.83328  12.4%   457   98s
H  564   540                    5271.0000000 4617.83328  12.4%   450   98s
   580   585 4665.46711   21  343 5271.00000 4617.83328  12.4%   444  101s
H  583   585                    5256.0000000 4617.83328  12.1%   444  101s
H  590   585                    5246.0000000 4617.83328  12.0%   442  101s
H  602   585                    5241.0000000 4617.83328  11.9%   442  101s
H  621   585                    5228.0000000 4617.83328  11.7%   438  101s
   625   636 4693.26811   21  399 5228.00000 4617.83328  11.7%   439  105s
H  626   636                    5199.0000000 4617.83328  11.2%   438  105s
H  650   636                    5077.0000000 4617.83328  9.04%   430  105s
H  682   673                    5060.0000000 4617.83328  8.74%   423  108s
H  686   673                    5056.0000000 4617.83328  8.67%   423  108s
H  709   673                    5039.0000000 4617.83328  8.36%   422  108s
   731   708 4666.29397   22  347 5039.00000 4618.70316  8.34%   419  112s
H  765   708                    5033.0000000 4618.70316  8.23%   422  112s
   770   747 4696.51435   23  341 5033.00000 4618.70316  8.23%   423  116s
   822   786 4670.49473   24  337 5033.00000 4618.70316  8.23%   419  121s
H  844   786                    5001.0000000 4618.70316  7.64%   423  121s
   869   833 4675.96171   27  394 5001.00000 4618.70316  7.64%   425  125s
H  878   833                    4996.0000000 4618.70316  7.55%   425  125s
H  929   888                    4986.0000000 4618.70316  7.37%   424  129s
   971   935 4680.48110   33  359 4986.00000 4618.70316  7.37%   418  133s
H  993   935                    4985.0000000 4618.70316  7.35%   417  133s
H 1021   935                    4978.0000000 4618.70316  7.22%   414  133s
  1022   991 4683.53418   35  323 4978.00000 4618.70316  7.22%   415  139s
H 1035   991                    4973.0000000 4618.70316  7.12%   412  139s
H 1072   991                    4966.0000000 4618.70316  6.99%   409  139s
H 1088  1043                    4964.0000000 4618.70316  6.96%   409  143s
H 1149  1043                    4960.0000000 4618.70316  6.88%   401  143s
  1160  1099 4686.79439   41  316 4960.00000 4618.70316  6.88%   400  148s
H 1191  1099                    4820.0000000 4618.70316  4.18%   399  148s
  1225  1129 4688.31412   46  313 4820.00000 4618.70316  4.18%   395  154s
H 1274  1129                    4819.0000000 4618.70316  4.16%   388  154s
H 1311  1129                    4811.0000000 4618.70316  4.00%   385  154s
  1312  1174 4693.18514   50  293 4811.00000 4618.70316  4.00%   385  159s
H 1313  1174                    4764.0000000 4618.70316  3.05%   385  159s
  1376  1210 4697.75027   51  288 4764.00000 4618.70316  3.05%   381  164s
  1448  1266 4700.56513   52  326 4764.00000 4618.70316  3.05%   378  170s
H 1499  1266                    4755.0000000 4618.70316  2.87%   375  170s
  1514  1300 4701.56513   53  325 4755.00000 4618.70316  2.87%   375  175s
H 1539  1300                    4754.0000000 4618.70316  2.85%   374  175s
  1613  1262 4704.77383   57  306 4754.00000 4618.70316  2.85%   368  181s
  1690  1271 4704.77642   58  309 4754.00000 4620.60981  2.81%   363  188s
  1789  1297 4712.11759   61  270 4754.00000 4620.60981  2.81%   358  193s
  1902  1318 4718.13670   69  252 4754.00000 4620.90813  2.80%   353  200s
  2031  1445 4656.61137   19  353 4754.00000 4620.90813  2.80%   348  206s
  2163  1556 4662.30539   23  427 4754.00000 4620.90813  2.80%   341  213s
  2305  1697 4667.22647   30  355 4754.00000 4620.90813  2.80%   334  220s
  2504  1832 4680.30871   35  310 4754.00000 4620.90813  2.80%   323  228s
  2706  1940 4704.65304   45  200 4754.00000 4620.90813  2.80%   313  236s
  2895  2002 4719.89072   59  164 4754.00000 4620.90813  2.80%   306  244s
H 2971  1986                    4750.0000000 4620.90813  2.72%   305  244s
  2983  2077 4745.13205   66  185 4750.00000 4620.90813  2.72%   306  251s
  3118  2078 4647.53122   20 28534 4750.00000 4620.90813  2.72%   304  280s
  3120  2079 4706.14026   58  335 4750.00000 4620.90813  2.72%   304  292s
  3122  2081 4712.22540   26  438 4750.00000 4620.90813  2.72%   304  295s
  3124  2082 4697.73251   54  452 4750.00000 4620.90813  2.72%   304  301s
  3125  2083 4673.33682   27  433 4750.00000 4620.90813  2.72%   304  305s
  3127  2084 4722.97921   30  463 4750.00000 4620.90813  2.72%   304  310s
  3134  2089 4668.62138   19  475 4750.00000 4621.09031  2.71%   303  316s
  3136  2090 4682.23953   32  468 4750.00000 4627.35614  2.58%   303  320s
  3142  2094 4644.19826   16  458 4750.00000 4631.51685  2.49%   302  325s
  3149  2099 4681.88063   30  499 4750.00000 4633.13939  2.46%   301  331s
  3152  2101 4653.52995   12  451 4750.00000 4636.04393  2.40%   301  335s
  3163  2108 4722.07729   14  485 4750.00000 4636.70042  2.39%   300  341s
  3168  2111 4725.65664   34  441 4750.00000 4639.28888  2.33%   300  345s
  3169  2112 4675.67818   33  445 4750.00000 4639.28928  2.33%   300  350s
  3174  2115 4643.05550   13  480 4750.00000 4643.05550  2.25%   299  356s
  3180  2119 4692.87558   42  513 4750.00000 4643.21416  2.25%   298  360s
  3185  2123 4665.06462   29  508 4750.00000 4644.18981  2.23%   298  365s
  3193  2128 4711.23652   60  534 4750.00000 4645.18554  2.21%   297  370s
  3197  2131 4698.80489   13  501 4750.00000 4646.43569  2.18%   297  375s
  3202  2134 4700.81124   34  499 4750.00000 4647.20678  2.16%   296  380s
  3209  2139 4696.68928   17  536 4750.00000 4649.00745  2.13%   296  385s
  3212  2141 4650.38379   19  524 4750.00000 4650.38379  2.10%   296  390s
H 3216  2034                    4746.0000000 4650.99243  2.00%   295  393s
  3220  2037 4706.14026   58  528 4746.00000 4650.99762  2.00%   295  396s
H 3221  1934                    4743.0000000 4651.73105  1.92%   295  399s
  3223  1935 4676.56273    6  527 4743.00000 4651.78846  1.92%   294  400s
  3229  1939 4686.47453   17  502 4743.00000 4652.97707  1.90%   294  405s
H 3232  1842                    4742.0000000 4653.53470  1.87%   294  408s
  3235  1844 4653.79407   22  496 4742.00000 4653.79407  1.86%   293  410s
  3240  1847 4709.98342   56  555 4742.00000 4654.13831  1.85%   293  416s
H 3244  1755                    4741.0000000 4654.55587  1.82%   293  421s
  3249  1758 4681.88063   30  517 4741.00000 4654.90925  1.82%   292  425s
  3255  1762 4685.94115   39  551 4741.00000 4655.36100  1.81%   292  430s
  3263  1768 4722.07729   14  483 4741.00000 4655.68419  1.80%   291  436s
  3267  1770 4680.03684   26  489 4741.00000 4656.81984  1.78%   291  440s
  3271  1773 4733.07758   23  504 4741.00000 4657.23073  1.77%   290  445s
  3277  1777 4688.28248   46  513 4741.00000 4657.41073  1.76%   290  450s
  3283  1781 4666.02466   12  569 4741.00000 4657.63610  1.76%   289  455s
  3292  1787 4741.00000   85  520 4741.00000 4657.89190  1.75%   288  460s
H 3293  1696                    4740.0000000 4657.89481  1.73%   288  461s
  3297  1698 4698.80489   13  493 4740.00000 4658.75823  1.71%   288  465s
  3305  1704 4718.04996   52  505 4740.00000 4659.28302  1.70%   287  470s
  3314  1710 4665.38863   12  491 4740.00000 4659.58291  1.70%   286  475s
  3318  1712 4659.60537   20  503 4740.00000 4659.60537  1.70%   286  481s
  3322  1715 4712.22540   26  497 4740.00000 4659.84817  1.69%   286  485s
H 3327  1629                    4730.0000000 4659.90633  1.48%   285  488s
  3328  1630 4730.00000   24  561 4730.00000 4659.90633  1.48%   285  490s
  3334  1634 4668.62138   19  543 4730.00000 4659.96293  1.48%   285  495s
  3338  1637 4729.14659   35  570 4730.00000 4659.97055  1.48%   284  501s
  3341  1639 4703.55348   38  558 4730.00000 4660.10473  1.48%   284  510s
  3342  1642 4667.16232   13  361 4730.00000 4660.10473  1.48%   303  515s
  3344  1646 4667.72646   14  312 4730.00000 4660.14938  1.48%   303  520s
  3348  1651 4670.74564   15  317 4730.00000 4661.57476  1.45%   303  527s
H 3350  1565                    4728.0000000 4661.57476  1.40%   304  527s
  3356  1576 4670.82557   16  296 4728.00000 4663.95848  1.35%   307  535s
  3371  1593 4680.07971   17  263 4728.00000 4665.34051  1.33%   309  545s
  3393  1630 4684.23111   18  309 4728.00000 4667.49085  1.28%   313  557s
  3438  1650 4700.22247   19  309 4728.00000 4667.49085  1.28%   317  568s
  3477  1673 4687.36426   20  295 4728.00000 4667.49085  1.28%   319  577s
H 3510  1581                    4725.0000000 4667.49085  1.22%   321  577s
  3520  1606 4689.34205   21  273 4725.00000 4667.49085  1.22%   321  587s
  3562  1618 4694.83980   22  374 4725.00000 4667.49085  1.22%   325  597s
  3599  1619 4696.16431   23  329 4725.00000 4667.49085  1.22%   328  606s
  3635  1627 4699.56863   23  325 4725.00000 4667.91089  1.21%   330  614s
  3681  1633 4720.05733   24  222 4725.00000 4668.25333  1.20%   331  624s
  3733  1639 4697.37845   25  293 4725.00000 4669.38540  1.18%   333  633s
  3784  1650 4697.54620   26  346 4725.00000 4670.05232  1.16%   336  641s
  3836  1667 4699.09607   27  320 4725.00000 4670.05232  1.16%   337  650s
  3880  1681 4699.32753   28  295 4725.00000 4670.05232  1.16%   339  657s
  3915  1694 4705.94273   29  348 4725.00000 4670.05232  1.16%   341  666s
  3961  1704 4701.21721   29  288 4725.00000 4670.41949  1.16%   342  674s
  4006  1714 4707.65192   30  305 4725.00000 4670.57508  1.15%   344  683s
  4057  1729 4708.76716   31  287 4725.00000 4671.37942  1.13%   344  691s
  4101  1746     cutoff   32      4725.00000 4671.37942  1.13%   346  700s
  4163  1753 4713.89254   34  308 4725.00000 4671.37942  1.13%   347  710s
  4217  1772     cutoff   35      4725.00000 4671.37942  1.13%   348  720s
  4280  1788 4721.50598   38  156 4725.00000 4672.09088  1.12%   349  730s
  4357  1778 4703.88753   25  328 4725.00000 4673.41765  1.09%   348  741s
  4413  1784 4707.31824   27  361 4725.00000 4673.41765  1.09%   348  753s
  4493  1785 4722.29011   29  368 4725.00000 4674.58952  1.07%   348  766s
  4568  1802 4710.23737   28  339 4725.00000 4674.58952  1.07%   349  779s
  4647  1821 4713.70906   30  354 4725.00000 4674.58952  1.07%   350  790s
  4741  1853 infeasible   32      4725.00000 4674.71587  1.06%   350  802s
  4863  1905 4713.26423   34  256 4725.00000 4676.07329  1.04%   348  814s
  5015  1938 4719.48471   40  302 4725.00000 4677.20678  1.01%   344  828s
  5198  1978 4708.66227   20  320 4725.00000 4677.20678  1.01%   344  840s
  5355  2027 4717.67285   23  390 4725.00000 4677.20678  1.01%   342  853s
  5534  2087 4719.83148   23  280 4725.00000 4677.20678  1.01%   343  866s
  5732  2112 4723.02621   29  306 4725.00000 4677.20678  1.01%   340  879s
  5995  2086 4692.45480   23  253 4725.00000 4680.19412  0.95%   337  895s
  6101  2114 4698.67685   25  276 4725.00000 4680.19412  0.95%   338  900s

Cutting planes:
  Gomory: 18
  Lift-and-project: 10
  Cover: 271
  Implied bound: 5
  Clique: 47
  MIR: 317
  Knapsack: 9
  StrongCG: 197
  Flow cover: 459
  GUB cover: 30
  Zero half: 146
  RLT: 329
  Relax-and-lift: 214
  BQP: 163

Explored 6185 nodes (2102802 simplex iterations) in 900.10 seconds (845.95 work units)
Thread count was 22 (of 22 available processors)

Solution count 10: 4725 4728 4730 ... 4754

Time limit reached
Best objective 4.725000000000e+03, best bound 4.681000000000e+03, gap 0.9312%

User-callback calls 109849, time in user-callback 0.69 sec
