
Gurobi 13.0.0 (linux64) logging started Fri Jan 16 07:53:43 2026

Set parameter LogFile to value "../experiments/network-n_60_s_0_rp_0-app_set-id_51_22_apps/submip_40_epr1_model_gurobi.log"
Set parameter TimeLimit to value 8.1128037716500694e+02
Gurobi Optimizer version 13.0.0 build v13.0.0rc1 (linux64 - "Ubuntu 24.04.3 LTS")

CPU model: Intel(R) Core(TM) Ultra 7 165H, instruction set [SSE2|AVX|AVX2]
Thread count: 22 physical cores, 22 logical processors, using up to 22 threads

Non-default parameters:
TimeLimit  8.1128037716500694e+02
LogToConsole  0

Academic license 2539022 - for non-commercial use only - registered to al___@studenti.unimi.it
Optimize a model with 58460 rows, 8580 columns and 129158 nonzeros (Min)
Model fingerprint: 0x112e69d8
Model has 8580 linear objective coefficients
Model has 200 quadratic constraints
Variable types: 0 continuous, 8580 integer (8580 binary)
Coefficient statistics:
  Matrix range     [1e+00, 9e+02]
  QMatrix range    [5e+01, 2e+02]
  Objective range  [1e+01, 2e+02]
  Bounds range     [1e+00, 1e+00]
  RHS range        [1e+00, 1e+09]
  QRHS range       [1e+02, 6e+02]

Loaded MIP start from previous solve with objective 4726

Presolve removed 57796 rows and 6609 columns
Presolve time: 0.11s
Presolved: 15448 rows, 16560 columns, 98321 nonzeros
Variable types: 0 continuous, 16560 integer (16560 binary)
Performing another presolve...
Presolve removed 2542 rows and 3260 columns
Presolve time: 1.07s

Root relaxation: objective 4.520403e+03, 987 iterations, 0.14 seconds (0.13 work units)

    Nodes    |    Current Node    |     Objective Bounds      |     Work
 Expl Unexpl |  Obj  Depth IntInf | Incumbent    BestBd   Gap | It/Node Time

     0     0 4520.40301    0  193 4726.00000 4520.40301  4.35%     -    1s
     0     0 4581.96845    0  200 4726.00000 4581.96845  3.05%     -    2s
     0     0 4592.45668    0  210 4726.00000 4592.45668  2.83%     -    2s
     0     0 4593.00816    0  196 4726.00000 4593.00816  2.81%     -    2s
     0     0 4593.16459    0  194 4726.00000 4593.16459  2.81%     -    2s
     0     0 4620.08888    0  208 4726.00000 4620.08888  2.24%     -    3s
     0     0 4632.81637    0  235 4726.00000 4632.81637  1.97%     -    3s
     0     0 4634.95204    0  204 4726.00000 4634.95204  1.93%     -    3s
     0     0 4635.28573    0  200 4726.00000 4635.28573  1.92%     -    3s
     0     0 4644.79736    0  218 4726.00000 4644.79736  1.72%     -    4s
     0     0 4644.80423    0  217 4726.00000 4644.80423  1.72%     -    4s
     0     0 4644.80423    0  217 4726.00000 4644.80423  1.72%     -    4s
     0     0 4644.80423    0  209 4726.00000 4644.80423  1.72%     -    4s
     0     2 4644.81418    0  209 4726.00000 4644.81418  1.72%     -    4s
     3     8 4651.25752    2  226 4726.00000 4646.07228  1.69%   440    5s
   220   269 4695.81025   11  173 4726.00000 4658.04582  1.44%   290   10s
   509   481 4683.64434   17  230 4726.00000 4658.25702  1.43%   239   15s
   900   744 4700.07503   24  206 4726.00000 4662.74412  1.34%   206   20s
  1304   970 4701.39088   29  204 4726.00000 4664.04602  1.31%   203   25s
  1926  1328     cutoff   46      4726.00000 4666.54884  1.26%   190   30s
  2453  1527     cutoff   21      4726.00000 4672.16162  1.14%   184   35s
  2927  1745 4698.80214   15  210 4726.00000 4674.43551  1.09%   181   40s
  3433  1967 4716.20068   20  160 4726.00000 4676.46685  1.05%   181   45s
  3723  2027 4703.28851   15  135 4726.00000 4676.97894  1.04%   180   50s
  4002  2212 4709.31799   13  147 4726.00000 4678.48090  1.01%   178   56s
  4158  2214 4700.83701   25  208 4726.00000 4678.48090  1.01%   176   60s
  4192  2237 4704.10623   22  327 4726.00000 4678.48090  1.01%   175   65s
  4227  2260 4697.68366    9  320 4726.00000 4678.48090  1.01%   173   70s
  4249  2292 4679.95839   19  276 4726.00000 4678.48090  1.01%   177   75s
  4411  2409 4690.05801   23  268 4726.00000 4682.52912  0.92%   180   80s
  4651  2460 4699.01875   26  210 4726.00000 4682.52912  0.92%   179   85s
  4923  2480 4701.78737   29  247 4726.00000 4687.43371  0.82%   177   90s
  5066  2497 4721.63639   31  187 4726.00000 4688.49866  0.79%   177   95s
  5355  2521 4720.85482   29  144 4726.00000 4691.80065  0.72%   175  100s
  5693  2521 4722.98034   25  194 4726.00000 4692.45697  0.71%   173  106s
  5925  2496 4719.59875   27  175 4726.00000 4695.46168  0.65%   171  110s
  6404  2471 4702.33992   26  147 4726.00000 4696.66538  0.62%   167  115s
  6962  2405 4719.84232   27  152 4726.00000 4700.75927  0.53%   164  120s
  7667  2365 4713.86961   30  154 4726.00000 4702.93340  0.49%   160  125s
  8414  2287 4713.50810   33  145 4726.00000 4704.89676  0.45%   157  131s
  8945  2214 4718.11087   32  174 4726.00000 4706.35596  0.42%   155  136s
  9638  2102 4724.38318   37  142 4726.00000 4708.45992  0.37%   152  140s
 10363  1969 4721.97607   32  190 4726.00000 4709.34449  0.35%   149  145s
 11200  1830     cutoff   24      4726.00000 4710.50859  0.33%   146  150s
 12119  1821 4719.75353   24  128 4726.00000 4712.05826  0.30%   143  156s
 12957  1834     cutoff   35      4726.00000 4713.17508  0.27%   140  161s
 13118  1806     cutoff   32      4726.00000 4713.31687  0.27%   140  167s
 13932  1700 4721.79413   25  179 4726.00000 4713.65747  0.26%   138  172s
 14649  1549     cutoff   35      4726.00000 4714.88572  0.24%   136  176s
 16177   899     cutoff   38      4726.00000 4717.34599  0.18%   132  182s
 17105    61 infeasible   27      4726.00000 4718.73782  0.15%   129  186s

Cutting planes:
  Gomory: 4
  Lift-and-project: 5
  Cover: 188
  Clique: 30
  MIR: 174
  Knapsack: 7
  StrongCG: 100
  Flow cover: 133
  GUB cover: 12
  Inf proof: 1
  Zero half: 48
  RLT: 118
  Relax-and-lift: 42
  BQP: 33
  PSD: 1

Explored 18508 nodes (2296382 simplex iterations) in 186.90 seconds (109.96 work units)
Thread count was 22 (of 22 available processors)

Solution count 1: 4726 

Optimal solution found (tolerance 1.00e-04)
Best objective 4.726000000000e+03, best bound 4.726000000000e+03, gap 0.0000%

User-callback calls 48724, time in user-callback 0.13 sec
