
Gurobi 13.0.0 (linux64) logging started Sun Jan  4 19:07:52 2026

Set parameter LogFile to value "../experiments/network-n_30_s_0_rp_0-app_set-id_37_17_apps/compact_model_gurobi.log"
Set parameter TimeLimit to value 900
Gurobi Optimizer version 13.0.0 build v13.0.0rc1 (linux64 - "Ubuntu 24.04.3 LTS")

CPU model: Intel(R) Core(TM) Ultra 7 165H, instruction set [SSE2|AVX|AVX2]
Thread count: 22 physical cores, 22 logical processors, using up to 22 threads

Non-default parameters:
TimeLimit  900
LogToConsole  0

Academic license 2539022 - for non-commercial use only - registered to al___@studenti.unimi.it
Optimize a model with 10321 rows, 3300 columns and 25214 nonzeros (Min)
Model fingerprint: 0x4de53e23
Model has 3300 linear objective coefficients
Model has 98 quadratic constraints
Variable types: 0 continuous, 3300 integer (3300 binary)
Coefficient statistics:
  Matrix range     [1e+00, 9e+02]
  QMatrix range    [5e+01, 2e+02]
  Objective range  [1e+01, 2e+02]
  Bounds range     [1e+00, 1e+00]
  RHS range        [1e+00, 1e+09]
  QRHS range       [1e+02, 6e+02]
Presolve removed 9482 rows and 1962 columns
Presolve time: 0.08s
Presolved: 12231 rows, 12632 columns, 71549 nonzeros
Variable types: 0 continuous, 12632 integer (12632 binary)

Root relaxation: objective 3.851048e+03, 1505 iterations, 0.14 seconds (0.21 work units)

    Nodes    |    Current Node    |     Objective Bounds      |     Work
 Expl Unexpl |  Obj  Depth IntInf | Incumbent    BestBd   Gap | It/Node Time

     0     0 3851.04815    0  239          - 3851.04815      -     -    0s
     0     0 4470.49023    0  323          - 4470.49023      -     -    1s
     0     0 4526.52285    0  365          - 4526.52285      -     -    1s
     0     0 4535.63348    0  375          - 4535.63348      -     -    2s
     0     0 4538.54413    0  369          - 4538.54413      -     -    2s
     0     0 infeasible    0               - infeasible      -     -    3s

Cutting planes:
  Gomory: 13
  Lift-and-project: 14
  Cover: 37
  Clique: 28
  MIR: 54
  Knapsack: 6
  StrongCG: 26
  GUB cover: 6
  Zero half: 57
  RLT: 180
  Relax-and-lift: 32
  BQP: 99

Explored 1 nodes (7568 simplex iterations) in 3.47 seconds (2.89 work units)
Thread count was 22 (of 22 available processors)

Solution count 0

Model is infeasible
Best objective -, best bound -, gap -

User-callback calls 982, time in user-callback 0.00 sec
