
Gurobi 13.0.0 (linux64) logging started Sat Jan  3 14:18:24 2026

Set parameter LogFile to value "../experiments/network-n_60_s_1_rp_0-app_set-id_21_12_apps/compact_model_gurobi.log"
Set parameter TimeLimit to value 900
Gurobi Optimizer version 13.0.0 build v13.0.0rc1 (linux64 - "Ubuntu 24.04.3 LTS")

CPU model: Intel(R) Core(TM) Ultra 7 165H, instruction set [SSE2|AVX|AVX2]
Thread count: 22 physical cores, 22 logical processors, using up to 22 threads

Non-default parameters:
TimeLimit  900
LogToConsole  0

Academic license 2539022 - for non-commercial use only - registered to al___@studenti.unimi.it
Optimize a model with 31263 rows, 4680 columns and 69255 nonzeros (Min)
Model fingerprint: 0xe26b13e3
Model has 4680 linear objective coefficients
Model has 206 quadratic constraints
Variable types: 0 continuous, 4680 integer (4680 binary)
Coefficient statistics:
  Matrix range     [1e+00, 9e+02]
  QMatrix range    [5e+01, 2e+02]
  Objective range  [1e+01, 2e+02]
  Bounds range     [1e+00, 1e+00]
  RHS range        [1e+00, 1e+09]
  QRHS range       [1e+02, 6e+02]
Presolve removed 30216 rows and 2621 columns
Presolve time: 0.36s
Presolved: 29971 rows, 30781 columns, 185376 nonzeros
Variable types: 0 continuous, 30781 integer (30781 binary)
Deterministic concurrent LP optimizer: primal and dual simplex
Showing primal log only...

Concurrent spin time: 0.00s

Solved with dual simplex

Root relaxation: objective 2.313361e+03, 699 iterations, 0.26 seconds (0.23 work units)

    Nodes    |    Current Node    |     Objective Bounds      |     Work
 Expl Unexpl |  Obj  Depth IntInf | Incumbent    BestBd   Gap | It/Node Time

     0     0 2313.36080    0  174          - 2313.36080      -     -    1s
H    0     0                    4755.0000000 2313.36080  51.3%     -    1s
H    0     0                    3552.0000000 2313.36080  34.9%     -    1s
H    0     0                    3407.0000000 2313.36080  32.1%     -    1s
H    0     0                    3307.0000000 2313.36080  30.0%     -    1s
H    0     0                    3306.0000000 2313.36080  30.0%     -    1s
H    0     0                    3292.0000000 2313.36080  29.7%     -    2s
     0     0 2356.17867    0  154 3292.00000 2356.17867  28.4%     -    2s
H    0     0                    2982.0000000 2356.17867  21.0%     -    2s
H    0     0                    2980.0000000 2356.17867  20.9%     -    2s
     0     0 2370.59733    0  178 2980.00000 2370.59733  20.4%     -    2s
     0     0 2373.13594    0  173 2980.00000 2373.13594  20.4%     -    2s
     0     0 2373.42118    0  168 2980.00000 2373.42118  20.4%     -    2s
     0     0 2387.58728    0  147 2980.00000 2387.58728  19.9%     -    3s
H    0     0                    2836.0000000 2387.58728  15.8%     -    3s
H    0     0                    2802.0000000 2387.58728  14.8%     -    3s
H    0     0                    2800.0000000 2387.58728  14.7%     -    3s
     0     0 2392.19037    0  181 2800.00000 2392.19037  14.6%     -    3s
     0     0 2393.40619    0  167 2800.00000 2393.40619  14.5%     -    3s
     0     0 2394.03320    0  181 2800.00000 2394.03320  14.5%     -    3s
     0     0 2401.22991    0  202 2800.00000 2401.22991  14.2%     -    4s
H    0     0                    2661.0000000 2401.22991  9.76%     -    4s
H    0     0                    2660.0000000 2401.22991  9.73%     -    4s
H    0     0                    2573.0000000 2401.22991  6.68%     -    4s
H    0     0                    2536.0000000 2401.22991  5.31%     -    4s
H    0     0                    2535.0000000 2401.22991  5.28%     -    4s
     0     0 2402.97073    0  168 2535.00000 2402.97073  5.21%     -    4s
     0     0 2403.17508    0  185 2535.00000 2403.17508  5.20%     -    4s
     0     0 2404.69778    0  195 2535.00000 2404.69778  5.14%     -    4s
     0     0 2404.75449    0  198 2535.00000 2404.75449  5.14%     -    5s
H    0     0                    2531.0000000 2404.75449  4.99%     -    5s
H    0     0                    2524.0000000 2404.75449  4.72%     -    5s
     0     0 2404.80062    0  195 2524.00000 2404.80062  4.72%     -    5s
     0     0 2404.80062    0  194 2524.00000 2404.80062  4.72%     -    5s
     0     0 2404.80062    0  189 2524.00000 2404.80062  4.72%     -    5s
H    0     0                    2493.0000000 2404.90009  3.53%     -    5s
     0     2 2404.90009    0  185 2493.00000 2404.90009  3.53%     -    5s
H   58    87                    2492.0000000 2422.48896  2.79%   170    8s
H   70    87                    2490.0000000 2422.48896  2.71%   155    8s
H   79    87                    2487.0000000 2422.48896  2.59%   146    8s
H   83    87                    2483.0000000 2422.60893  2.43%   149    8s
H  192   210                    2481.0000000 2422.60893  2.35%   130    9s
   221   253 2456.95280   10  159 2481.00000 2422.60893  2.35%   127   10s
H  321   320                    2479.0000000 2422.60893  2.27%   119   11s
H  329   320                    2478.0000000 2422.60893  2.24%   119   11s
H  405   374                    2476.0000000 2425.83654  2.03%   112   12s
   648   526 2469.36196   15   45 2476.00000 2425.91221  2.02%  98.9   15s
  1194   779 2456.93029    9  161 2476.00000 2432.59189  1.75%  84.1   20s
  1471   863     cutoff   20      2476.00000 2434.32443  1.68%  83.8   25s
  1606   916 2465.47091   12  138 2476.00000 2434.87718  1.66%  83.4   30s
  1841   952 2471.89881   16  119 2476.00000 2434.89021  1.66%  82.3   35s
  2180  1056 2470.62627   16   97 2476.00000 2437.55186  1.55%  80.6   40s
  2607  1143     cutoff   19      2476.00000 2440.56136  1.43%  80.8   45s
  3193  1263 2458.57652   17  135 2476.00000 2441.54917  1.39%  79.3   51s
  3887  1395 2457.64301   13  149 2476.00000 2446.42135  1.19%  78.2   56s
  4511  1488 2459.03490   15  119 2476.00000 2447.74128  1.14%  77.8   60s
  5545  1509     cutoff   16      2476.00000 2451.16337  1.00%  76.2   65s
  6344  1453     cutoff   23      2476.00000 2453.67747  0.90%  75.7   70s
  7735  1249 2472.02515   17  119 2476.00000 2457.84821  0.73%  74.9   77s
  8774   838 2469.82464   13  118 2476.00000 2460.62875  0.62%  73.9   81s
 10250     0     cutoff   18      2476.00000 2465.93317  0.41%  71.1   86s

Cutting planes:
  Gomory: 3
  Lift-and-project: 12
  Cover: 160
  Implied bound: 1
  Clique: 32
  MIR: 77
  Knapsack: 17
  StrongCG: 64
  GUB cover: 13
  Zero half: 14
  RLT: 218
  Relax-and-lift: 49
  BQP: 77

Explored 10814 nodes (750484 simplex iterations) in 86.17 seconds (40.44 work units)
Thread count was 22 (of 22 available processors)

Solution count 10: 2476 2478 2479 ... 2524

Optimal solution found (tolerance 1.00e-04)
Best objective 2.476000000000e+03, best bound 2.476000000000e+03, gap 0.0000%

User-callback calls 28151, time in user-callback 0.09 sec
