
Gurobi 13.0.0 (linux64) logging started Sun Jan 18 08:41:57 2026

Set parameter LogFile to value "../experiments/network-n_60_s_2_rp_0-app_set-id_43_19_apps/submip_30_epr1_model_gurobi.log"
Set parameter TimeLimit to value 849.277691108
Gurobi Optimizer version 13.0.0 build v13.0.0rc1 (linux64 - "Ubuntu 24.04.3 LTS")

CPU model: Intel(R) Core(TM) Ultra 7 165H, instruction set [SSE2|AVX|AVX2]
Thread count: 22 physical cores, 22 logical processors, using up to 22 threads

Non-default parameters:
TimeLimit  849.277691108
LogToConsole  0

Academic license 2539022 - for non-commercial use only - registered to al___@studenti.unimi.it
Optimize a model with 41715 rows, 7440 columns and 94035 nonzeros (Min)
Model fingerprint: 0xbac4302d
Model has 7440 linear objective coefficients
Model has 190 quadratic constraints
Variable types: 0 continuous, 7440 integer (7440 binary)
Coefficient statistics:
  Matrix range     [1e+00, 9e+02]
  QMatrix range    [5e+01, 2e+02]
  Objective range  [1e+01, 2e+02]
  Bounds range     [1e+00, 1e+00]
  RHS range        [1e+00, 1e+09]
  QRHS range       [1e+02, 6e+02]
Presolve removed 40943 rows and 5530 columns
Presolve time: 0.22s
Presolved: 18765 rows, 19718 columns, 120975 nonzeros
Variable types: 0 continuous, 19718 integer (19718 binary)
Deterministic concurrent LP optimizer: primal and dual simplex
Showing primal log only...

Concurrent spin time: 0.01s

Solved with dual simplex

Root relaxation: objective 4.356342e+03, 2032 iterations, 0.38 seconds (0.31 work units)

    Nodes    |    Current Node    |     Objective Bounds      |     Work
 Expl Unexpl |  Obj  Depth IntInf | Incumbent    BestBd   Gap | It/Node Time

     0     0 4356.34173    0  184          - 4356.34173      -     -    1s
     0     0 4387.92250    0  189          - 4387.92250      -     -    2s
     0     0 4402.47311    0  185          - 4402.47311      -     -    2s
     0     0 4405.36816    0  178          - 4405.36816      -     -    2s
     0     0 4405.37507    0  188          - 4405.37507      -     -    2s
     0     0 4405.56658    0  190          - 4405.56658      -     -    2s
     0     0 4420.46425    0  192          - 4420.46425      -     -    3s
     0     0 4422.63147    0  200          - 4422.63147      -     -    3s
     0     0 4426.64283    0  197          - 4426.64283      -     -    3s
     0     0 4427.41649    0  218          - 4427.41649      -     -    4s
H    0     0                    5304.0000000 4427.41649  16.5%     -    4s
     0     0 4436.14007    0  221 5304.00000 4436.14007  16.4%     -    4s
     0     0 4438.92205    0  268 5304.00000 4438.92205  16.3%     -    5s
     0     0 4440.43860    0  244 5304.00000 4440.43860  16.3%     -    5s
H    0     0                    5128.0000000 4440.43860  13.4%     -    5s
H    0     0                    5099.0000000 4440.43860  12.9%     -    5s
     0     0 4443.94984    0  223 5099.00000 4443.94984  12.8%     -    5s
H    0     0                    5077.0000000 4444.51135  12.5%     -    5s
     0     0 4444.51135    0  270 5077.00000 4444.51135  12.5%     -    6s
H    0     0                    4937.0000000 4444.51135  10.0%     -    6s
     0     0 4445.32819    0  273 4937.00000 4445.32819  10.0%     -    6s
     0     0 4445.34656    0  270 4937.00000 4445.34656  10.0%     -    6s
     0     0 4445.34656    0  259 4937.00000 4445.34656  10.0%     -    6s
H    0     0                    4854.0000000 4445.34826  8.42%     -    6s
H    0     0                    4809.0000000 4445.34826  7.56%     -    6s
H    0     0                    4753.0000000 4445.34826  6.47%     -    6s
H    0     0                    4741.0000000 4445.34826  6.24%     -    6s
H    0     0                    4689.0000000 4445.34826  5.20%     -    6s
H    0     0                    4666.0000000 4445.34826  4.73%     -    6s
     0     2 4445.34826    0  256 4666.00000 4445.34826  4.73%     -    6s
    53    97 4449.45179    6  319 4666.00000 4449.21672  4.65%   398   11s
H   63    97                    4665.0000000 4449.21672  4.63%   365   11s
H   65    97                    4662.0000000 4449.21672  4.56%   360   11s
H   67    97                    4649.0000000 4449.21672  4.30%   351   11s
H  108   147                    4631.0000000 4449.21672  3.93%   303   12s
   284   328 4454.29078   11  320 4631.00000 4449.21672  3.93%   228   15s
   594   615 4460.62557   17  257 4631.00000 4449.21672  3.93%   205   20s
   808   833 4467.12680   23  249 4631.00000 4449.21672  3.93%   193   25s
H  823   833                    4533.0000000 4449.21672  1.85%   193   25s
  1233  1273 4473.53567   29  247 4533.00000 4450.04496  1.83%   183   30s
  1799  1742 4483.45065   38  192 4533.00000 4450.36647  1.82%   167   35s
  2350  2152 4500.68971   53  210 4533.00000 4451.00463  1.81%   157   40s
  2761  2439 4459.49437   10  218 4533.00000 4451.00463  1.81%   151   45s
  2891  2441 4488.67008   35  163 4533.00000 4451.00463  1.81%   149   50s
  2909  2453 4472.43956   17  306 4533.00000 4451.00463  1.81%   148   55s
  2935  2471 4461.20521   15  357 4533.00000 4454.22045  1.74%   147   60s
  2965  2491 4477.68408   40  326 4533.00000 4455.18941  1.72%   145   65s
H 2965  2365                    4525.0000000 4455.28836  1.54%   145   65s
H 2965  2245                    4524.0000000 4455.28836  1.52%   145   65s
  2986  2259 4472.34916   20  339 4524.00000 4455.92155  1.50%   144   70s
H 3007  2158                    4521.0000000 4457.19634  1.41%   143   75s
  3019  2169 4458.05070   10  282 4521.00000 4457.36428  1.41%   149   80s
  3033  2192 4460.68134   13  299 4521.00000 4459.16095  1.37%   151   85s
  3071  2257 4462.68535   15  323 4521.00000 4460.82154  1.33%   158   90s
  3170  2311 4466.75650   17  277 4521.00000 4460.82154  1.33%   163   95s
  3298  2400 4466.78002   19  219 4521.00000 4460.82154  1.33%   168  101s
H 3359  2293                    4507.0000000 4460.82154  1.02%   169  103s
  3373  2317 4469.94764   20  222 4507.00000 4460.82154  1.02%   169  106s
  3471  2361 4474.06123   21  234 4507.00000 4462.13724  1.00%   172  110s
  3602  2431 4473.76576   22  217 4507.00000 4462.13724  1.00%   173  115s
  3759  2484 4477.21254   25  204 4507.00000 4462.14820  1.00%   174  121s
  3876  2500 4480.01005   27  191 4507.00000 4462.14820  1.00%   175  126s
  3976  2520 4482.81982   29  183 4507.00000 4462.14820  1.00%   176  130s
  4099  2522 4485.22484   31  162 4507.00000 4463.80302  0.96%   177  135s
  4174  2569 4488.14546   32  167 4507.00000 4463.96260  0.95%   177  140s
  4329  2628     cutoff   34      4507.00000 4463.96260  0.95%   178  145s
  4544  2683 4472.97837   21  215 4507.00000 4465.50426  0.92%   177  151s
  4808  2752 4498.39493   37  141 4507.00000 4465.50426  0.92%   177  157s
  4956  2791 4470.90110   17  283 4507.00000 4466.73053  0.89%   177  161s
  5276  2867 4491.37720   22  161 4507.00000 4466.73053  0.89%   176  167s
  5433  2901 infeasible   29      4507.00000 4467.31077  0.88%   177  171s
  5768  3034 4488.21160   35  162 4507.00000 4467.50556  0.88%   178  178s
  5995  3064 4484.76188   21  235 4507.00000 4468.25151  0.86%   177  181s
  6153  3114 4495.49388   26  179 4507.00000 4468.60602  0.85%   179  185s
  6442  3192 4500.02362   33  156 4507.00000 4469.14865  0.84%   180  192s
  6578  3286     cutoff   40      4507.00000 4469.14865  0.84%   180  196s
  6838  3366 4495.89555   27  148 4507.00000 4469.28134  0.84%   180  200s
  7113  3445 4488.38105   17  248 4507.00000 4469.28134  0.84%   180  205s
  7667  3594     cutoff   22      4507.00000 4469.97563  0.82%   179  214s
  8049  3602 4474.97375   24  256 4507.00000 4470.85188  0.80%   178  218s
  8331  3678 4488.43298   32  193 4507.00000 4471.03251  0.80%   178  223s
  8637  3755 4486.34285   20  242 4507.00000 4471.11301  0.80%   178  228s
  8969  3796 4478.09359   25  251 4507.00000 4471.32318  0.79%   178  233s
  9249  3923 4493.84812   36  117 4507.00000 4471.74269  0.78%   178  239s
  9661  4092 4483.24794   22  262 4507.00000 4472.11690  0.77%   178  245s
 10027  4232 4478.44645   18  251 4507.00000 4472.49809  0.77%   178  250s
 10387  4520 4496.88497   22  267 4507.00000 4473.06253  0.75%   179  256s
 10863  4637     cutoff   26      4507.00000 4473.54621  0.74%   178  262s
 11181  4824 4478.12258   24  251 4507.00000 4473.54621  0.74%   178  269s
 11668  5067 4491.13124   23  220 4507.00000 4474.00047  0.73%   177  275s
 12150  5307 4494.05918   25  178 4507.00000 4474.66264  0.72%   177  282s
 12571  5527 4488.72655   23  252 4507.00000 4474.75107  0.72%   177  289s
 13003  5742 4492.22917   26  200 4507.00000 4474.75107  0.72%   177  296s
 13456  5962 4503.04341   30  226 4507.00000 4475.34320  0.70%   177  304s
 13990  6250 4504.77752   30  202 4507.00000 4475.55300  0.70%   178  311s
 14596  6603 4505.04149   35  172 4507.00000 4476.06017  0.69%   177  319s
 15274  6915 4501.36130   32  153 4507.00000 4476.29392  0.68%   177  328s
 15984  7253 4486.46043   24  172 4507.00000 4476.63585  0.67%   177  336s
 16741  7382     cutoff   31      4507.00000 4477.02012  0.67%   176  346s
 17079  7660 4497.95126   25  207 4507.00000 4477.02012  0.67%   176  355s
 18048  7808 4494.82746   29  237 4507.00000 4477.09381  0.66%   174  364s
 18555  8162 4488.14839   25  233 4507.00000 4477.57576  0.65%   174  374s
 19352  8541     cutoff   25      4507.00000 4477.78759  0.65%   174  384s
 20246  8888 4491.91175   33  197 4507.00000 4478.15708  0.64%   174  394s
 21024  9238 4483.99688   24  282 4507.00000 4478.49829  0.63%   174  404s
 21919  9534 4490.05405   30  193 4507.00000 4478.98523  0.62%   173  416s
 22737  9881 4500.86323   30  210 4507.00000 4479.22715  0.62%   174  426s
 23711 10257 4495.64731   28  251 4507.00000 4479.67678  0.61%   174  438s
 24791 10258 4503.27250   25 4011 4507.00000 4480.06952  0.60%   174  448s
 24795 10261 4484.34016   20  176 4507.00000 4480.06952  0.60%   174  450s
 24825 10281 4496.89580   24  305 4507.00000 4480.06952  0.60%   173  455s
 24856 10301 4496.26481   32  312 4507.00000 4480.06952  0.60%   173  460s
 24892 10325 4500.64777   33  364 4507.00000 4480.06952  0.60%   173  465s
 24910 10340 4480.06952   23  290 4507.00000 4480.06952  0.60%   173  471s
 24924 10364 4480.06952   26  299 4507.00000 4480.06952  0.60%   173  475s
 25011 10430 4480.06952   29  315 4507.00000 4480.06952  0.60%   174  481s
 25084 10491 4480.06952   31  283 4507.00000 4480.06952  0.60%   175  485s
 25211 10564 4481.51339   33  232 4507.00000 4480.06952  0.60%   175  491s
 25319 10597 4480.06952   35  291 4507.00000 4480.06952  0.60%   176  495s
 25452 10635 4481.40703   36  235 4507.00000 4480.06952  0.60%   176  500s
 25578 10686 4484.01867   38  195 4507.00000 4480.06952  0.60%   176  505s
 25736 10738 4488.55106   39  217 4507.00000 4480.06952  0.60%   176  511s
 25852 10768 4504.17030   40  206 4507.00000 4480.06952  0.60%   176  515s
 26048 10819 4499.30216   45  164 4507.00000 4480.06952  0.60%   177  521s
 26206 10868 4501.98290   51  142 4507.00000 4480.06952  0.60%   176  526s
 26405 10879 4485.38308   46  163 4507.00000 4480.06952  0.60%   176  530s
 26629 10931 4500.93153   58  136 4507.00000 4480.06952  0.60%   176  535s
 26897 10983 4482.41337   34  185 4507.00000 4480.06952  0.60%   176  541s
 27142 11032 4500.26496   38  194 4507.00000 4480.06952  0.60%   176  547s
 27542 11098 4481.58138   32  170 4507.00000 4480.06952  0.60%   176  552s
 27757 11122 4486.96986   38  160 4507.00000 4480.06952  0.60%   175  555s
 28304 11137 4505.92544   61  127 4507.00000 4480.06952  0.60%   175  561s
 28557 11196 4484.91732   32  293 4507.00000 4480.06952  0.60%   175  565s
 29166 11257 4501.59780   31  237 4507.00000 4480.06952  0.60%   175  571s
 29499 11214 4502.91472   32  230 4507.00000 4480.06952  0.60%   176  575s
 30082 11351 4493.91238   37  215 4507.00000 4480.06952  0.60%   175  582s
 30491 11451 4487.97931   34  216 4507.00000 4480.06952  0.60%   175  586s
 30934 11503 4488.79960   39  197 4507.00000 4480.06952  0.60%   175  590s
 31933 11615 4502.50924   42  204 4507.00000 4480.30197  0.59%   175  598s
 32509 11641 4502.61405   34  224 4507.00000 4481.05034  0.58%   174  602s
 33046 11577 4503.79582   39  231 4507.00000 4481.13377  0.57%   174  606s
 33464 11630 4495.17521   41  190 4507.00000 4481.59408  0.56%   174  611s
 33984 11684 4487.10438   37  151 4507.00000 4482.11928  0.55%   174  615s
 34813 11692 4486.97361   34  230 4507.00000 4482.28675  0.55%   174  620s
 35797 11872 4501.32157   43  225 4507.00000 4482.74462  0.54%   174  629s
 36510 11888 4497.93698   49  150 4507.00000 4483.55305  0.52%   173  634s
 37219 11943 4502.04275   59  129 4507.00000 4484.01825  0.51%   173  639s
 37939 12009     cutoff   49      4507.00000 4484.39060  0.50%   173  644s
 38804 11995 4501.64195   42  160 4507.00000 4484.75676  0.49%   173  650s
 39711 11955 4498.26645   48  165 4507.00000 4485.35524  0.48%   172  655s
 40597 11892 4493.49891   41  212 4507.00000 4485.73572  0.47%   172  661s
 41456 11872 4498.05324   56  163 4507.00000 4486.26183  0.46%   172  667s
 42392 11742     cutoff   54      4507.00000 4486.55972  0.45%   172  673s
 43360 11613 4495.23331   35  232 4507.00000 4487.04891  0.44%   172  679s
 44105 11586 4505.77442   40  133 4507.00000 4487.21666  0.44%   172  685s
 45182 11368 4498.70355   36  159 4507.00000 4487.76060  0.43%   172  692s
 46106 11225     cutoff   35      4507.00000 4488.15385  0.42%   172  698s
 47062 10934     cutoff   46      4507.00000 4488.61730  0.41%   172  705s
 47420 10909 4501.17131   40  217 4507.00000 4488.69062  0.41%   172  712s
 48567 10757 4504.41745   44   93 4507.00000 4489.13202  0.40%   172  720s
 49891 10502     cutoff   35      4507.00000 4489.56037  0.39%   172  730s
 51393 10155 4497.18390   41  207 4507.00000 4490.05373  0.38%   171  737s
 52539  9910 4503.68210   38  215 4507.00000 4490.52008  0.37%   171  743s
 53814  9594     cutoff   41      4507.00000 4490.92752  0.36%   171  750s
 54961  9262     cutoff   37      4507.00000 4491.33580  0.35%   171  757s
 55916  8975 4502.22769   46  143 4507.00000 4491.66468  0.34%   170  764s
 56257  9069 4498.13829   51  112 4507.00000 4491.76918  0.34%   171  773s
 57597  9177     cutoff   37      4507.00000 4491.94627  0.33%   170  781s
 59121  9107     cutoff   38      4507.00000 4492.27395  0.33%   170  789s
 60790  9065 4497.03146   42  222 4507.00000 4493.33087  0.30%   170  798s
 62470  8900 4505.01524   38  174 4507.00000 4493.89771  0.29%   170  807s
 64288  8687     cutoff   41      4507.00000 4494.50887  0.28%   169  817s
 66171  8347 4502.94773   38  176 4507.00000 4495.17542  0.26%   169  826s
 68272  7816 4505.57489   37  213 4507.00000 4495.93907  0.25%   169  836s
 70455  7401     cutoff   32      4507.00000 4496.96267  0.22%   168  846s

Cutting planes:
  Gomory: 2
  Lift-and-project: 4
  Cover: 296
  Implied bound: 1
  Clique: 60
  MIR: 329
  Knapsack: 7
  StrongCG: 210
  Flow cover: 291
  GUB cover: 25
  Zero half: 62
  RLT: 154
  Relax-and-lift: 43
  BQP: 30

Explored 72991 nodes (12236997 simplex iterations) in 849.33 seconds (571.88 work units)
Thread count was 22 (of 22 available processors)

Solution count 10: 4507 4521 4524 ... 4666

Time limit reached
Best objective 4.507000000000e+03, best bound 4.498000000000e+03, gap 0.1997%

User-callback calls 217962, time in user-callback 0.62 sec
Set parameter LogToConsole to value 0
