FIXINGS_START
(0, 0, 0)
(1, 0, 0)
(1, 6, 0)
(2, 0, 0)
(2, 6, 0)
(3, 0, 0)
(4, 0, 0)
(5, 0, 0)
(6, 0, 0)
(6, 6, 0)
(7, 0, 0)
(8, 0, 0)
(9, 0, 0)
(10, 0, 0)
(11, 7, 0)
(12, 0, 0)
(13, 0, 0)
(13, 9, 0)
(14, 0, 0)
(14, 7, 0)
(15, 0, 0)
(15, 4, 0)
(16, 0, 0)
(16, 9, 0)
(17, 0, 0)
(17, 4, 0)
(18, 0, 0)
(7, 2, 37)
(12, 1, 4)
(10, 2, 0)
(15, 1, 0)
(16, 2, 0)
(14, 1, 0)
(18, 1, 13)
(0, 1, 0)
(6, 2, 29)
(14, 3, 0)
(2, 3, 0)
(16, 3, 0)
(11, 0, 0)
(6, 3, 38)
(3, 1, 5)
(10, 3, 0)
(9, 1, 28)
(0, 2, 0)
(11, 1, 25)
(16, 4, 0)
(18, 2, 0)
(13, 6, 0)
(1, 2, 0)
(6, 4, 0)
(1, 3, 0)
(13, 7, 33)
(11, 2, 0)
(10, 4, 0)
(1, 4, 0)
(18, 3, 0)
(6, 5, 34)
(3, 2, 33)
(1, 7, 0)
(11, 3, 6)
(3, 3, 0)
(17, 5, 0)
(15, 3, 0)
(15, 6, 33)
(9, 3, 28)
FIXINGS_END
found_sol 4668.0 time 10.144
found_sol 4665.0 time 11.361
found_sol 4628.0 time 12.081
found_sol 4626.0 time 15.070
found_sol 4617.0 time 19.427
found_sol 4617.0 time 26.434
found_sol 4626.0 time 26.436
found_sol 4628.0 time 26.438
found_sol 4610.0 time 33.277
found_sol 4592.0 time 49.977
found_sol 4586.0 time 77.478
found_sol 4543.0 time 77.480
found_sol 4532.0 time 104.351
found_sol 4531.0 time 110.491
time 218.220
GUROBI
Status OPTIMAL
Runtime 218.22003293037415
NodeCount 17952.0
IterCount 1988515.0
NumVars 7440
NumConstrs 41724
ObjBound 4531.0
ObjBoundC 4531.0
ObjVal 4531.0
MIPGap 0.0
