FIXINGS_START
(0, 0, 0)
(1, 0, 0)
(1, 6, 0)
(2, 0, 0)
(2, 6, 0)
(3, 0, 0)
(4, 0, 0)
(5, 0, 0)
(6, 0, 0)
(6, 6, 0)
(7, 0, 0)
(8, 0, 0)
(9, 0, 0)
(10, 0, 0)
(11, 7, 0)
(12, 0, 0)
(13, 0, 0)
(13, 9, 0)
(14, 0, 0)
(14, 7, 0)
(15, 0, 0)
(15, 4, 0)
(16, 0, 0)
(16, 9, 0)
(17, 0, 0)
(17, 4, 0)
(18, 0, 0)
(7, 2, 37)
(12, 1, 4)
(10, 2, 0)
(15, 1, 0)
(16, 2, 0)
(14, 1, 0)
(18, 1, 13)
(0, 1, 0)
(6, 2, 29)
(14, 3, 0)
(2, 3, 0)
(16, 3, 0)
(11, 0, 0)
(6, 3, 38)
(3, 1, 5)
(10, 3, 0)
(9, 1, 28)
(0, 2, 0)
(11, 1, 25)
(16, 4, 0)
(18, 2, 0)
(13, 6, 0)
(1, 2, 0)
(6, 4, 0)
(1, 3, 0)
(13, 7, 33)
(11, 2, 0)
(10, 4, 0)
(1, 4, 0)
(18, 3, 0)
FIXINGS_END
found_sol 5304.0 time 4.523
found_sol 5128.0 time 5.608
found_sol 5099.0 time 5.609
found_sol 5077.0 time 5.949
found_sol 4937.0 time 6.171
found_sol 4854.0 time 6.712
found_sol 4809.0 time 6.713
found_sol 4753.0 time 6.719
found_sol 4741.0 time 6.723
found_sol 4689.0 time 6.733
found_sol 4666.0 time 6.735
found_sol 4665.0 time 11.287
found_sol 4662.0 time 11.289
found_sol 4649.0 time 11.291
found_sol 4631.0 time 12.326
found_sol 4533.0 time 25.335
found_sol 4533.0 time 49.785
found_sol 4631.0 time 49.787
found_sol 4649.0 time 49.788
found_sol 4525.0 time 65.726
found_sol 4524.0 time 65.745
found_sol 4521.0 time 75.302
found_sol 4507.0 time 103.979
found_sol 4507.0 time 448.876
found_sol 4521.0 time 448.877
found_sol 4524.0 time 448.878
found_sol 4507.0 time 849.330
time 849.342
GUROBI
Status TIME_LIMIT
Runtime 849.3415479660034
NodeCount 72991.0
IterCount 12236997.0
NumVars 7440
NumConstrs 41715
ObjBound 4498.0
ObjBoundC 4497.7566123907245
ObjVal 4507.0
MIPGap 0.0019968937208786333
