found_sol 3951.0 time 36.616
found_sol 3951.0 time 42.724
found_sol 3887.0 time 49.165
found_sol 3819.0 time 58.166
found_sol 3807.0 time 66.882
found_sol 3805.0 time 66.910
found_sol 3784.0 time 66.931
found_sol 3754.0 time 74.750
found_sol 3753.0 time 108.738
found_sol 3734.0 time 130.163
found_sol 3692.0 time 141.382
found_sol 3678.0 time 149.900
found_sol 3673.0 time 670.901
found_sol 3673.0 time 728.741
time 728.764
GUROBI
Status OPTIMAL
Runtime 728.7633538246155
NodeCount 52389.0
IterCount 11695658.0
NumVars 3920
NumConstrs 12166
ObjBound 3673.0
ObjBoundC 3673.0
ObjVal 3673.0
MIPGap 0.0
