
Gurobi 13.0.0 (linux64) logging started Thu Jan 15 06:54:44 2026

Set parameter LogFile to value "../experiments/network-n_50_s_0_rp_0-app_set-id_51_22_apps/submip_40_epr0_model_gurobi.log"
Set parameter TimeLimit to value 8.9549970093100274e+02
Gurobi Optimizer version 13.0.0 build v13.0.0rc1 (linux64 - "Ubuntu 24.04.3 LTS")

CPU model: Intel(R) Core(TM) Ultra 7 165H, instruction set [SSE2|AVX|AVX2]
Thread count: 22 physical cores, 22 logical processors, using up to 22 threads

Non-default parameters:
TimeLimit  8.9549970093100274e+02
LogToConsole  0

Academic license 2539022 - for non-commercial use only - registered to al___@studenti.unimi.it
Optimize a model with 40090 rows, 7150 columns and 90108 nonzeros (Min)
Model fingerprint: 0x68f12c2b
Model has 7150 linear objective coefficients
Model has 166 quadratic constraints
Variable types: 0 continuous, 7150 integer (7150 binary)
Coefficient statistics:
  Matrix range     [1e+00, 9e+02]
  QMatrix range    [5e+01, 2e+02]
  Objective range  [1e+01, 2e+02]
  Bounds range     [1e+00, 1e+00]
  RHS range        [1e+00, 1e+09]
  QRHS range       [1e+02, 6e+02]

MIP start from previous solve did not produce a new incumbent solution
MIP start from previous solve violates constraint fixed_app_9_microservice_6 by 1.000000000

Presolve removed 39644 rows and 5922 columns
Presolve time: 0.09s
Presolved: 7991 rows, 8618 columns, 48682 nonzeros
Variable types: 0 continuous, 8618 integer (8618 binary)

Root relaxation: objective 4.512219e+03, 887 iterations, 0.05 seconds (0.07 work units)

    Nodes    |    Current Node    |     Objective Bounds      |     Work
 Expl Unexpl |  Obj  Depth IntInf | Incumbent    BestBd   Gap | It/Node Time

     0     0 4512.21880    0  126          - 4512.21880      -     -    0s
     0     0 4585.28261    0  169          - 4585.28261      -     -    0s
     0     0 4592.57800    0  161          - 4592.57800      -     -    0s
     0     0 4592.85788    0  188          - 4592.85788      -     -    0s
     0     0 4623.87240    0  204          - 4623.87240      -     -    1s
     0     0 4634.81433    0  184          - 4634.81433      -     -    1s
     0     0 4635.11982    0  186          - 4635.11982      -     -    1s
     0     0 4649.97200    0  186          - 4649.97200      -     -    1s
     0     0 4649.99000    0  186          - 4649.99000      -     -    1s
     0     0 4649.99000    0  183          - 4649.99000      -     -    1s
     0     2 4650.12169    0  183          - 4650.12169      -     -    2s
H  595   612                    5286.0000000 4655.95930  11.9%  90.7    4s
H  619   633                    5271.0000000 4655.95930  11.7%  91.3    4s
H  622   633                    5236.0000000 4655.95930  11.1%  91.2    4s
   943   959 4701.24513   32  138 5236.00000 4655.95930  11.1%  89.7    5s
H  999   984                    4925.0000000 4655.95930  5.46%  89.1    5s
H 2075  1816                    4903.0000000 4658.59113  4.98%  93.8    7s
H 2087  1815                    4894.0000000 4658.59113  4.81%  94.1    7s
H 2314  1967                    4880.0000000 4659.54218  4.52%  96.4    8s
H 2321  1952                    4868.0000000 4659.54218  4.28%  96.6    8s
H 2693  2194                    4864.0000000 4659.62450  4.20%  96.7    9s
H 2814  2276                    4858.0000000 4659.62450  4.08%  97.0    9s
H 2841  2263                    4853.0000000 4659.62450  3.98%  96.9    9s
  2923  2288 4743.28433   16  153 4853.00000 4659.62450  3.98%  97.2   10s
  3036  2347 4724.94118   38  228 4853.00000 4670.86243  3.75%  96.3   15s
  3116  2454 4684.03978   16  235 4853.00000 4678.46142  3.60%   101   20s
  3426  2640 4701.14503   24  213 4853.00000 4678.59136  3.59%   110   25s
  3765  2838 4710.15715   29  212 4853.00000 4679.49784  3.58%   118   30s
H 3956  2766                    4846.0000000 4681.36352  3.40%   120   31s
  4431  2982 4795.50996   39  135 4846.00000 4683.81499  3.35%   122   35s
  5288  3200 4842.47229   33  136 4846.00000 4685.73651  3.31%   125   40s
  5972  3436 4750.24137   37  180 4846.00000 4686.01484  3.30%   127   45s
  6946  3782 4740.59769   21  168 4846.00000 4686.01484  3.30%   127   50s
  7815  4093 4770.55213   23  153 4846.00000 4688.54950  3.25%   130   55s
  8946  4465 4740.34148   39  171 4846.00000 4688.54950  3.25%   130   60s
 10150  4855 4781.26646   21  133 4846.00000 4688.54950  3.25%   129   65s
 11309  5633 4737.54207   24  155 4846.00000 4688.54950  3.25%   129   71s
 12057  5989 4780.90340   24  236 4846.00000 4688.54950  3.25%   128   76s
 12743  6644 4749.34430   21  166 4846.00000 4700.01247  3.01%   127   80s
 13734  7357 infeasible   29      4846.00000 4703.68720  2.94%   126   85s
 14828  7890 4818.74132   30  152 4846.00000 4704.57017  2.92%   127   90s
 16005  8658 4734.93742   22  118 4846.00000 4707.84941  2.85%   127   95s
 17452  9195 4809.55612   58   84 4846.00000 4709.45163  2.82%   126  102s
 17643  9537     cutoff   71      4846.00000 4709.46115  2.82%   127  105s
 18887 10318 4781.01328   27  224 4846.00000 4710.70698  2.79%   128  111s
 19660 10531 4732.83785   21  232 4846.00000 4712.32928  2.76%   128  115s
H20216  9654                    4821.0000000 4712.34982  2.25%   128  121s
 20445 10003 4802.01895   29  136 4821.00000 4712.34982  2.25%   128  125s
H20580  7667                    4796.0000000 4712.34982  1.74%   128  125s
 22197  8160 4760.02691   26  157 4796.00000 4716.12263  1.67%   129  133s
 23084  8471 4762.34139   26  199 4796.00000 4717.50157  1.64%   130  137s
 23753  9008 4769.22609   25  209 4796.00000 4718.46425  1.62%   130  141s
 24944  9478     cutoff   32      4796.00000 4719.83556  1.59%   129  146s
 26139  9900 4772.56238   33  201 4796.00000 4720.92549  1.57%   129  150s
 28235 10736 4759.91468   39  194 4796.00000 4722.78139  1.53%   129  158s
 29168 11209 infeasible   22      4796.00000 4724.53972  1.49%   129  162s
 30379 11639 4762.89036   29  176 4796.00000 4725.25307  1.48%   129  166s
 31549 12047 4771.12434   20  190 4796.00000 4726.41128  1.45%   128  170s
 32702 12379     cutoff   25      4796.00000 4727.85987  1.42%   129  175s
 35290 13224 4773.68664   30  160 4796.00000 4730.20357  1.37%   129  184s
 36445 13765 4748.59772   32  139 4796.00000 4731.16606  1.35%   129  189s
 38040 14263 4757.20525   23  200 4796.00000 4732.49639  1.32%   129  194s
 39682 14767     cutoff   37      4796.00000 4733.71303  1.30%   129  200s
 41256 15262 4751.21012   28  126 4796.00000 4735.11680  1.27%   129  205s
 43023 15775 4765.01739   33  136 4796.00000 4736.21760  1.25%   129  211s
 44975 16330     cutoff   22      4796.00000 4737.20241  1.23%   128  216s
 46814 16861 4759.54825   27  177 4796.00000 4738.46495  1.20%   128  222s
 48843 17328 4761.00157   31  156 4796.00000 4739.55175  1.18%   128  229s
 50977 17964 4754.76692   26  134 4796.00000 4740.91765  1.15%   128  252s
 53674 18404 4758.07909   26  162 4796.00000 4742.37795  1.12%   127  258s
 55651 18740     cutoff   35      4796.00000 4743.30766  1.10%   128  265s
 57722 19119 4792.05087   32  134 4796.00000 4744.37672  1.08%   128  272s
 59787 19510 4765.08375   28  163 4796.00000 4745.38392  1.06%   128  279s
 61888 19862 4791.94511   29  135 4796.00000 4746.44287  1.03%   128  286s
 64151 20265     cutoff   33      4796.00000 4747.52287  1.01%   129  293s
 66377 20576 4764.28252   29  146 4796.00000 4748.53067  0.99%   129  300s
 68816 20998 4763.06431   25  189 4796.00000 4749.51031  0.97%   129  307s
 71150 21316 4777.28070   34  178 4796.00000 4750.51843  0.95%   129  314s
 73351 21524 4788.64699   24  177 4796.00000 4751.46092  0.93%   129  321s
 75821 21840 4793.32987   42  118 4796.00000 4752.25672  0.91%   129  330s
 78790 22082 4782.43289   29  185 4796.00000 4753.24423  0.89%   129  336s
 80949 22256     cutoff   21      4796.00000 4754.22504  0.87%   129  343s
 83160 22307 4783.94878   37  163 4796.00000 4754.97908  0.86%   129  349s
H83931 22154                    4795.0000000 4755.08665  0.83%   129  349s
 83972 22344     cutoff   32      4795.00000 4755.08665  0.83%   129  357s
 86366 22420     cutoff   27      4795.00000 4756.30746  0.81%   130  364s
 88674 22418 4785.06277   28  192 4795.00000 4757.15539  0.79%   130  371s
 90767 22390 4770.98303   27  174 4795.00000 4758.00370  0.77%   130  378s
 93255 22403     cutoff   27      4795.00000 4759.13129  0.75%   130  386s
 95790 22324 4779.46401   36  137 4795.00000 4759.94845  0.73%   130  393s
 98287 22325 4790.78654   38  117 4795.00000 4760.99699  0.71%   130  400s
 100128 22296 4771.44145   37  193 4795.00000 4761.44805  0.70%   130  407s
 102010 22195 4783.06588   29  203 4795.00000 4762.11770  0.69%   130  415s
 104659 21884 4785.31624   33  125 4795.00000 4763.01011  0.67%   130  422s
 107212 21669 4777.85120   31  146 4795.00000 4764.05582  0.65%   130  429s
 109680 21440 4779.78704   41  153 4795.00000 4764.93539  0.63%   131  435s
 112302 21147 4788.81545   35  130 4795.00000 4765.79817  0.61%   130  442s
 114789 20736 4789.95854   30  179 4795.00000 4766.62252  0.59%   131  449s
 117424 20335 4792.66958   34  200 4795.00000 4767.42498  0.58%   130  455s
 119800 19923 4786.86073   28  164 4795.00000 4768.53827  0.55%   130  462s
*121351 17963              44    4789.0000000 4768.54196  0.43%   130  462s
 122273 16900     cutoff   29      4789.00000 4769.33771  0.41%   130  467s
 124656 15786     cutoff   39      4789.00000 4770.40056  0.39%   130  473s
 127043 14466 infeasible   28      4789.00000 4771.80362  0.36%   130  479s
 129356 13009     cutoff   26      4789.00000 4773.40862  0.33%   130  484s
 131698 11470     cutoff   31      4789.00000 4774.83328  0.30%   129  489s
 133759  9675     cutoff   43      4789.00000 4775.38035  0.28%   129  494s
 136138  7705     cutoff   34      4789.00000 4777.98058  0.23%   128  498s
 138526  5540     cutoff   38      4789.00000 4779.77202  0.19%   127  501s
 143408   546     cutoff   30      4789.00000 4784.05229  0.10%   125  506s

Cutting planes:
  Gomory: 3
  Lift-and-project: 1
  Cover: 535
  Clique: 23
  MIR: 232
  Knapsack: 13
  StrongCG: 129
  Flow cover: 173
  GUB cover: 19
  Inf proof: 1
  Zero half: 69
  Mod-K: 2
  RLT: 125
  Relax-and-lift: 167
  BQP: 51

Explored 146581 nodes (17945192 simplex iterations) in 507.01 seconds (437.53 work units)
Thread count was 22 (of 22 available processors)

Solution count 10: 4789 4795 4796 ... 4880

Optimal solution found (tolerance 1.00e-04)
Best objective 4.789000000000e+03, best bound 4.789000000000e+03, gap 0.0000%

User-callback calls 329972, time in user-callback 0.41 sec
Set parameter LogToConsole to value 0
