
Gurobi 13.0.0 (linux64) logging started Thu Jan 15 07:08:19 2026

Set parameter LogFile to value "../experiments/network-n_50_s_0_rp_0-app_set-id_51_22_apps/submip_40_epr1_model_gurobi.log"
Set parameter TimeLimit to value 8.4387185429298552e+02
Gurobi Optimizer version 13.0.0 build v13.0.0rc1 (linux64 - "Ubuntu 24.04.3 LTS")

CPU model: Intel(R) Core(TM) Ultra 7 165H, instruction set [SSE2|AVX|AVX2]
Thread count: 22 physical cores, 22 logical processors, using up to 22 threads

Non-default parameters:
TimeLimit  8.4387185429298552e+02
LogToConsole  0

Academic license 2539022 - for non-commercial use only - registered to al___@studenti.unimi.it
Optimize a model with 40090 rows, 7150 columns and 90108 nonzeros (Min)
Model fingerprint: 0x1e120227
Model has 7150 linear objective coefficients
Model has 166 quadratic constraints
Variable types: 0 continuous, 7150 integer (7150 binary)
Coefficient statistics:
  Matrix range     [1e+00, 9e+02]
  QMatrix range    [5e+01, 2e+02]
  Objective range  [1e+01, 2e+02]
  Bounds range     [1e+00, 1e+00]
  RHS range        [1e+00, 1e+09]
  QRHS range       [1e+02, 6e+02]

MIP start from previous solve did not produce a new incumbent solution
MIP start from previous solve violates constraint fixed_app_2_microservice_2 by 1.000000000

Presolve removed 39596 rows and 5910 columns
Presolve time: 0.10s
Presolved: 8861 rows, 9442 columns, 53291 nonzeros
Variable types: 0 continuous, 9442 integer (9442 binary)

Root relaxation: objective 4.501347e+03, 1026 iterations, 0.05 seconds (0.10 work units)

    Nodes    |    Current Node    |     Objective Bounds      |     Work
 Expl Unexpl |  Obj  Depth IntInf | Incumbent    BestBd   Gap | It/Node Time

     0     0 4501.34696    0  148          - 4501.34696      -     -    0s
     0     0 4576.13594    0  196          - 4576.13594      -     -    0s
     0     0 4592.73982    0  187          - 4592.73982      -     -    0s
     0     0 4593.46287    0  195          - 4593.46287      -     -    0s
     0     0 4613.99946    0  180          - 4613.99946      -     -    1s
H    0     0                    5391.0000000 4624.06090  14.2%     -    1s
     0     0 4624.06090    0  170 5391.00000 4624.06090  14.2%     -    1s
     0     0 4626.32998    0  190 5391.00000 4626.32998  14.2%     -    1s
     0     0 4626.38441    0  191 5391.00000 4626.38441  14.2%     -    1s
H    0     0                    5345.0000000 4626.38441  13.4%     -    1s
H    0     0                    5341.0000000 4626.38441  13.4%     -    1s
H    0     0                    5290.0000000 4639.19876  12.3%     -    1s
H    0     0                    5281.0000000 4639.19876  12.2%     -    1s
     0     0 4640.66064    0  190 5281.00000 4640.66064  12.1%     -    1s
     0     0 4640.66064    0  186 5281.00000 4640.66064  12.1%     -    1s
     0     0 4640.66064    0  186 5281.00000 4640.66064  12.1%     -    1s
     0     2 4640.66986    0  185 5281.00000 4640.66986  12.1%     -    2s
H   95   145                    5161.0000000 4653.12922  9.84%   249    3s
H  172   182                    5132.0000000 4653.12922  9.33%   207    3s
H  232   268                    5060.0000000 4653.12922  8.04%   198    4s
   360   384 4675.19128   10  207 5060.00000 4653.12922  8.04%   186    5s
H  366   384                    5051.0000000 4653.12922  7.88%   185    5s
H  373   384                    5021.0000000 4653.12922  7.33%   185    5s
H  384   384                    5015.0000000 4653.12922  7.22%   183    5s
H  481   483                    4933.0000000 4653.12922  5.67%   173    5s
H  542   563                    4922.0000000 4653.12922  5.46%   167    6s
H  557   563                    4921.0000000 4653.12922  5.44%   167    6s
H  721   726                    4910.0000000 4653.12922  5.23%   157    7s
  1393  1257 4864.75580   35  193 4910.00000 4654.60072  5.20%   148   10s
  2629  2115 4822.06751   25  152 4910.00000 4656.39582  5.17%   135   15s
H 3203  2265                    4872.0000000 4660.16213  4.35%   128   19s
  3216  2274 4725.64915   13  292 4872.00000 4660.16213  4.35%   128   20s
  3269  2309 4708.45786   16  289 4872.00000 4665.22147  4.24%   126   25s
  3327  2357 4684.74178   13  181 4872.00000 4672.60484  4.09%   127   30s
  3515  2482 4756.61660   18  268 4872.00000 4686.52988  3.81%   138   35s
  3830  2568 4866.80019   22  213 4872.00000 4693.20277  3.67%   145   40s
H 4139  2489                    4849.0000000 4701.50811  3.04%   148   43s
  4202  2535 4784.84593   21  150 4849.00000 4705.27269  2.96%   149   45s
H 4551  2487                    4839.0000000 4706.30539  2.74%   152   49s
H 4563  2376                    4837.0000000 4706.30539  2.70%   152   49s
  4586  2400     cutoff   28      4837.00000 4707.52217  2.68%   152   50s
  5177  2560 4766.19543   29  140 4837.00000 4710.98664  2.61%   151   55s
H 5475  2438                    4818.0000000 4713.03922  2.18%   152   57s
H 5478  2340                    4808.0000000 4713.03922  1.98%   152   57s
H 5542  2227                    4802.0000000 4713.03922  1.85%   152   57s
  5889  2077 4786.07740   32  161 4802.00000 4713.03922  1.85%   151   60s
H 5904  1974                    4798.0000000 4713.03922  1.77%   151   60s
H 5913  1888                    4778.0000000 4713.03922  1.36%   151   60s
  6922  1575 4756.19800   24  212 4778.00000 4719.64919  1.22%   152   66s
  7918  1442 infeasible   30      4778.00000 4726.34713  1.08%   153   71s
  8674  1556     cutoff   26      4778.00000 4730.79350  0.99%   153   76s
H 9059  1306                    4767.0000000 4731.69110  0.74%   154   77s
  9535  1246 4760.44075   37   89 4767.00000 4735.49019  0.66%   153   81s
 10340  1141     cutoff   22      4767.00000 4740.14940  0.56%   152   85s
 12033     8 4760.59394   32  135 4767.00000 4752.00110  0.31%   149   90s

Cutting planes:
  Gomory: 4
  Lift-and-project: 1
  Cover: 302
  Implied bound: 1
  Clique: 23
  MIR: 177
  Knapsack: 8
  StrongCG: 103
  Flow cover: 133
  GUB cover: 13
  Inf proof: 1
  Zero half: 48
  Mod-K: 3
  RLT: 123
  Relax-and-lift: 171
  BQP: 45

Explored 12802 nodes (1845038 simplex iterations) in 90.86 seconds (82.27 work units)
Thread count was 22 (of 22 available processors)

Solution count 10: 4767 4778 4798 ... 4872

Optimal solution found (tolerance 1.00e-04)
Best objective 4.767000000000e+03, best bound 4.767000000000e+03, gap 0.0000%

User-callback calls 35510, time in user-callback 0.08 sec
