FIXINGS_START
(0, 0, 0)
(0, 9, 0)
(1, 5, 0)
(1, 6, 0)
(2, 0, 0)
(3, 0, 0)
(5, 0, 0)
(5, 6, 0)
(6, 0, 0)
(7, 0, 0)
(8, 0, 0)
(9, 0, 0)
(9, 4, 0)
(10, 8, 0)
(11, 0, 0)
(12, 0, 0)
(12, 1, 0)
(13, 0, 0)
(14, 0, 0)
(15, 7, 0)
(16, 0, 0)
(17, 0, 0)
(17, 7, 0)
(18, 6, 0)
(18, 7, 0)
(19, 0, 0)
(19, 7, 0)
(20, 5, 0)
(21, 0, 0)
(1, 0, 26)
(5, 1, 0)
(19, 1, 8)
(4, 0, 0)
(7, 1, 0)
(0, 3, 0)
(20, 1, 0)
(7, 2, 0)
(9, 1, 0)
(17, 1, 0)
(0, 4, 0)
(5, 2, 13)
(14, 1, 0)
(18, 0, 0)
(7, 5, 0)
(5, 3, 0)
(21, 1, 0)
(17, 3, 0)
(13, 1, 0)
(6, 3, 0)
(8, 1, 0)
(11, 1, 25)
(3, 2, 0)
(10, 0, 0)
(20, 3, 0)
(11, 4, 0)
(2, 1, 0)
(10, 1, 0)
(5, 4, 0)
(11, 5, 25)
(19, 2, 22)
(19, 3, 1)
(19, 5, 0)
(2, 2, 22)
(21, 2, 0)
FIXINGS_END
found_sol 4957.0 time 6.999
found_sol 4912.0 time 7.891
found_sol 4895.0 time 8.475
found_sol 4893.0 time 9.154
found_sol 4892.0 time 9.156
found_sol 4889.0 time 12.948
found_sol 4877.0 time 15.169
found_sol 4876.0 time 18.728
found_sol 4864.0 time 31.449
found_sol 4845.0 time 34.035
found_sol 4839.0 time 35.120
found_sol 4836.0 time 40.808
found_sol 4833.0 time 41.978
found_sol 4808.0 time 44.921
found_sol 4803.0 time 48.915
found_sol 4795.0 time 51.455
found_sol 4782.0 time 72.827
found_sol 4763.0 time 85.489
found_sol 4752.0 time 85.491
found_sol 4751.0 time 105.101
found_sol 4751.0 time 580.909
time 580.959
GUROBI
Status OPTIMAL
Runtime 580.9589848518372
NodeCount 93296.0
IterCount 14384435.0
NumVars 7150
NumConstrs 40079
ObjBound 4751.0
ObjBoundC 4751.0
ObjVal 4751.0
MIPGap 0.0
