FIXINGS_START
(0, 0, 0)
(0, 9, 0)
(1, 5, 0)
(1, 6, 0)
(2, 0, 0)
(3, 0, 0)
(5, 0, 0)
(5, 6, 0)
(6, 0, 0)
(7, 0, 0)
(8, 0, 0)
(9, 0, 0)
(9, 4, 0)
(10, 8, 0)
(11, 0, 0)
(12, 0, 0)
(12, 1, 0)
(13, 0, 0)
(14, 0, 0)
(15, 7, 0)
(16, 0, 0)
(17, 0, 0)
(17, 7, 0)
(18, 6, 0)
(18, 7, 0)
(19, 0, 0)
(19, 7, 0)
(20, 5, 0)
(21, 0, 0)
(14, 1, 0)
(14, 4, 0)
(17, 1, 0)
(10, 0, 0)
(9, 1, 0)
(7, 1, 0)
(7, 2, 0)
(7, 5, 0)
(4, 0, 0)
(8, 1, 0)
(11, 4, 0)
(10, 1, 0)
(17, 3, 0)
(19, 1, 14)
(21, 1, 0)
(6, 3, 0)
(17, 5, 0)
(16, 1, 33)
(17, 6, 7)
(1, 0, 26)
(12, 3, 23)
(16, 2, 17)
(4, 1, 0)
(0, 3, 0)
(5, 1, 0)
(19, 2, 26)
(19, 4, 1)
(20, 1, 0)
(3, 1, 0)
(3, 2, 0)
(8, 2, 0)
(20, 3, 0)
(4, 2, 0)
(2, 1, 0)
(12, 4, 0)
FIXINGS_END
found_sol 4889.0 time 7.170
found_sol 4877.0 time 7.336
found_sol 4871.0 time 7.757
found_sol 4868.0 time 8.125
found_sol 4856.0 time 8.128
found_sol 4781.0 time 8.587
found_sol 4769.0 time 15.667
found_sol 4755.0 time 17.760
found_sol 4746.0 time 24.941
found_sol 4746.0 time 27.378
found_sol 4743.0 time 41.558
found_sol 4740.0 time 49.452
found_sol 4733.0 time 53.865
found_sol 4725.0 time 138.108
found_sol 4721.0 time 179.476
found_sol 4720.0 time 231.783
found_sol 4719.0 time 242.107
found_sol 4719.0 time 307.844
time 307.855
GUROBI
Status OPTIMAL
Runtime 307.8545470237732
NodeCount 47609.0
IterCount 7064221.0
NumVars 7150
NumConstrs 40079
ObjBound 4719.0
ObjBoundC 4719.0
ObjVal 4719.0
MIPGap 0.0
