
Gurobi 13.0.0 (linux64) logging started Thu Jan 15 07:03:11 2026

Set parameter LogFile to value "../experiments/network-n_50_s_0_rp_0-app_set-id_51_22_apps/submip_30_epr1_model_gurobi.log"
Set parameter TimeLimit to value 852.011041574995
Gurobi Optimizer version 13.0.0 build v13.0.0rc1 (linux64 - "Ubuntu 24.04.3 LTS")

CPU model: Intel(R) Core(TM) Ultra 7 165H, instruction set [SSE2|AVX|AVX2]
Thread count: 22 physical cores, 22 logical processors, using up to 22 threads

Non-default parameters:
TimeLimit  852.011041574995
LogToConsole  0

Academic license 2539022 - for non-commercial use only - registered to al___@studenti.unimi.it
Optimize a model with 40079 rows, 7150 columns and 90097 nonzeros (Min)
Model fingerprint: 0xfb486af5
Model has 7150 linear objective coefficients
Model has 166 quadratic constraints
Variable types: 0 continuous, 7150 integer (7150 binary)
Coefficient statistics:
  Matrix range     [1e+00, 9e+02]
  QMatrix range    [5e+01, 2e+02]
  Objective range  [1e+01, 2e+02]
  Bounds range     [1e+00, 1e+00]
  RHS range        [1e+00, 1e+09]
  QRHS range       [1e+02, 6e+02]

MIP start from previous solve did not produce a new incumbent solution
MIP start from previous solve violates constraint fixed_app_19_microservice_1 by 1.000000000

Presolve removed 39460 rows and 5569 columns
Presolve time: 0.12s
Presolved: 11548 rows, 12359 columns, 70392 nonzeros
Variable types: 0 continuous, 12359 integer (12359 binary)

Root relaxation: objective 4.470318e+03, 1379 iterations, 0.08 seconds (0.16 work units)

    Nodes    |    Current Node    |     Objective Bounds      |     Work
 Expl Unexpl |  Obj  Depth IntInf | Incumbent    BestBd   Gap | It/Node Time

     0     0 4470.31787    0  195          - 4470.31787      -     -    0s
     0     0 4533.06007    0  187          - 4533.06007      -     -    1s
     0     0 4545.27487    0  210          - 4545.27487      -     -    1s
     0     0 4546.04572    0  193          - 4546.04572      -     -    1s
     0     0 4546.10606    0  199          - 4546.10606      -     -    1s
     0     0 4578.15816    0  242          - 4578.15816      -     -    1s
     0     0 4580.34276    0  259          - 4580.34276      -     -    1s
     0     0 4581.97808    0  273          - 4581.97808      -     -    1s
     0     0 4582.10743    0  272          - 4582.10743      -     -    1s
     0     0 4592.94857    0  235          - 4592.94857      -     -    2s
     0     0 4592.99731    0  232          - 4592.99731      -     -    2s
     0     0 4592.99731    0  230          - 4592.99731      -     -    2s
     0     2 4593.02235    0  229          - 4593.02235      -     -    3s
   320   352 4643.72476   15  174          - 4601.39021      -   128    5s
H  529   535                    4889.0000000 4601.39021  5.88%   146    7s
H  547   579                    4877.0000000 4601.39021  5.65%   146    7s
H  648   681                    4871.0000000 4601.39021  5.53%   144    7s
H  756   789                    4868.0000000 4601.39021  5.48%   141    8s
H  797   789                    4856.0000000 4601.39021  5.24%   139    8s
H  874   880                    4781.0000000 4601.39021  3.76%   136    8s
  1163  1033 4659.12035   12  173 4781.00000 4602.95618  3.72%   139   10s
  1967  1498 infeasible   25      4781.00000 4608.01671  3.62%   146   15s
H 2007  1469                    4769.0000000 4608.98099  3.36%   147   15s
H 2429  1664                    4755.0000000 4608.98099  3.07%   145   17s
  2958  1970 4688.70108   11  147 4755.00000 4612.46677  3.00%   144   20s
H 3245  2029                    4746.0000000 4613.27482  2.80%   142   24s
  3268  2026 4696.87963   13 4781 4746.00000 4613.27482  2.80%   143   27s
  3286  2038 4676.26280   24  256 4746.00000 4613.27482  2.80%   142   30s
  3348  2079 4723.75237   42  317 4746.00000 4621.89980  2.61%   139   35s
  3386  2105 4676.26280   24  301 4746.00000 4623.66222  2.58%   138   40s
H 3397  2004                    4743.0000000 4623.99707  2.51%   137   41s
  3432  2050 4630.57389   18  324 4743.00000 4628.26834  2.42%   144   45s
H 3550  2012                    4740.0000000 4628.98462  2.34%   149   49s
  3567  2044 4648.67550   21  246 4740.00000 4628.98462  2.34%   150   50s
H 3707  2007                    4733.0000000 4628.98462  2.20%   154   53s
  3792  2038 4639.10454   25  263 4733.00000 4630.57864  2.16%   156   55s
  4031  2116 4670.13730   28  175 4733.00000 4633.12684  2.11%   161   60s
  4258  2156 4682.27033   31  186 4733.00000 4638.80662  1.99%   166   65s
  4630  2214 4701.71216   37  139 4733.00000 4641.02676  1.94%   167   71s
  4808  2202 4705.72741   43   92 4733.00000 4641.46103  1.93%   168   75s
  5023  2233     cutoff   46      4733.00000 4644.68347  1.87%   169   80s
  5310  2306 4654.21080   31  267 4733.00000 4646.97084  1.82%   172   85s
  5768  2423 4658.40667   34  234 4733.00000 4647.48730  1.81%   172   90s
  6196  2358 4710.09352   45  135 4733.00000 4649.48165  1.76%   173   95s
  6389  2458     cutoff   26      4733.00000 4651.10412  1.73%   173  101s
  6692  2576 4668.53681   27  181 4733.00000 4652.85738  1.69%   174  105s
  7251  2713 4715.48721   46  141 4733.00000 4655.84276  1.63%   172  110s
  7867  2792 4692.93408   31  172 4733.00000 4657.34322  1.60%   172  115s
  8553  2850 4690.68127   20  187 4733.00000 4657.36229  1.60%   170  121s
  9271  3100 4721.20901   34  153 4733.00000 4658.80769  1.57%   170  126s
 10032  3401 4720.04333   32  154 4733.00000 4661.83222  1.50%   168  131s
 10997  3793 infeasible   33      4733.00000 4663.62742  1.47%   166  138s
*11112  3613              52    4725.0000000 4663.62742  1.30%   166  138s
 11517  3784 4706.76411   37  178 4725.00000 4665.37687  1.26%   166  141s
 12523  4077 4690.38301   27  172 4725.00000 4667.03193  1.23%   167  147s
 13122  4307 4718.50213   30  184 4725.00000 4668.72580  1.19%   167  151s
 14338  4622 infeasible   28      4725.00000 4670.99820  1.14%   166  158s
 14670  4812 4720.63436   29  203 4725.00000 4671.68041  1.13%   167  162s
 15418  4948 4711.42223   37  148 4725.00000 4673.01271  1.10%   166  166s
 16292  5138 4713.49366   42  133 4725.00000 4674.02966  1.08%   165  170s
 17670  5530 4717.08142   43  103 4725.00000 4676.30310  1.03%   165  179s
H17703  5306                    4721.0000000 4676.30310  0.95%   165  179s
 18423  5488 4700.70537   32  160 4721.00000 4677.52374  0.92%   164  184s
 19272  5612 4705.92541   37  180 4721.00000 4679.05131  0.89%   164  188s
 20203  5779 4715.05364   36  149 4721.00000 4680.37977  0.86%   164  193s
 21183  5921     cutoff   31      4721.00000 4681.50936  0.84%   164  198s
 21819  6122 4715.07739   49   89 4721.00000 4682.58393  0.81%   164  203s
 22842  6241 4711.09048   35  160 4721.00000 4684.09170  0.78%   163  208s
 23842  6379     cutoff   39      4721.00000 4685.01408  0.76%   164  214s
 24890  6511     cutoff   33      4721.00000 4686.33482  0.73%   163  221s
 26139  6596     cutoff   41      4721.00000 4687.62001  0.71%   163  226s
 27247  6743     cutoff   35      4721.00000 4689.05989  0.68%   163  231s
H27601  6645                    4720.0000000 4689.16489  0.65%   162  231s
 28387  6662     cutoff   34      4720.00000 4690.15226  0.63%   162  236s
 29126  6641     cutoff   48      4720.00000 4691.00183  0.61%   162  242s
*29787  6548              50    4719.0000000 4691.03438  0.59%   162  242s
 30243  6554 4707.26983   47  108 4719.00000 4692.05262  0.57%   162  247s
 31298  6462     cutoff   36      4719.00000 4692.95151  0.55%   162  253s
 32463  6328     cutoff   33      4719.00000 4694.39339  0.52%   161  259s
 33905  6185 4716.31304   38   90 4719.00000 4695.77466  0.49%   161  265s
 35410  5862     cutoff   39      4719.00000 4697.40819  0.46%   161  271s
 36996  5584 4702.20939   30  168 4719.00000 4699.16953  0.42%   160  278s
 38334  5107 4709.09534   36  153 4719.00000 4700.91740  0.38%   159  285s
 40148  4203     cutoff   31      4719.00000 4702.34503  0.35%   158  292s
 42232  3028     cutoff   28      4719.00000 4705.28395  0.29%   157  298s
 44166  1822     cutoff   40      4719.00000 4707.95550  0.23%   155  304s
 45674   329     cutoff   57      4719.00000 4708.80233  0.22%   153  307s

Cutting planes:
  Gomory: 6
  Lift-and-project: 4
  Cover: 407
  Clique: 23
  MIR: 206
  Knapsack: 10
  StrongCG: 161
  Flow cover: 191
  GUB cover: 28
  Inf proof: 2
  Zero half: 64
  RLT: 140
  Relax-and-lift: 254
  BQP: 48

Explored 47609 nodes (7064221 simplex iterations) in 307.84 seconds (256.21 work units)
Thread count was 22 (of 22 available processors)

Solution count 10: 4719 4720 4721 ... 4769

Optimal solution found (tolerance 1.00e-04)
Best objective 4.719000000000e+03, best bound 4.719000000000e+03, gap 0.0000%

User-callback calls 127845, time in user-callback 0.37 sec
Set parameter LogToConsole to value 0
