
Gurobi 13.0.0 (linux64) logging started Wed Jan 14 19:24:13 2026

Set parameter LogFile to value "../experiments/network-n_60_s_1_rp_0-app_set-id_100_38_apps/compact_model_gurobi.log"
Set parameter TimeLimit to value 900
Gurobi Optimizer version 13.0.0 build v13.0.0rc1 (linux64 - "Ubuntu 24.04.3 LTS")

CPU model: Intel(R) Core(TM) Ultra 7 165H, instruction set [SSE2|AVX|AVX2]
Thread count: 22 physical cores, 22 logical processors, using up to 22 threads

Non-default parameters:
TimeLimit  900
LogToConsole  0

Academic license 2539022 - for non-commercial use only - registered to al___@studenti.unimi.it
Optimize a model with 97250 rows, 14820 columns and 215555 nonzeros (Min)
Model fingerprint: 0x9bb49a1c
Model has 14820 linear objective coefficients
Model has 206 quadratic constraints
Variable types: 0 continuous, 14820 integer (14820 binary)
Coefficient statistics:
  Matrix range     [1e+00, 9e+02]
  QMatrix range    [5e+01, 2e+02]
  Objective range  [1e+01, 2e+02]
  Bounds range     [1e+00, 1e+00]
  RHS range        [1e+00, 1e+09]
  QRHS range       [1e+02, 6e+02]
Presolve removed 93368 rows and 8704 columns
Presolve time: 0.20s
Presolved: 79029 rows, 81058 columns, 501454 nonzeros
Variable types: 0 continuous, 81058 integer (81058 binary)
Performing another presolve...
Presolve removed 6335 rows and 6415 columns
Presolve time: 0.97s
Deterministic concurrent LP optimizer: primal and dual simplex
Showing primal log only...

Concurrent spin time: 0.00s

Solved with dual simplex

Root relaxation: infeasible, 20769 iterations, 2.69 seconds (5.04 work units)

    Nodes    |    Current Node    |     Objective Bounds      |     Work
 Expl Unexpl |  Obj  Depth IntInf | Incumbent    BestBd   Gap | It/Node Time

     0     0 infeasible    0               - infeasible      -     -    4s

Explored 1 nodes (20769 simplex iterations) in 4.22 seconds (6.98 work units)
Thread count was 22 (of 22 available processors)

Solution count 0

Model is infeasible
Best objective -, best bound -, gap -

User-callback calls 369, time in user-callback 0.00 sec
