FIXINGS_START
(0, 0, 0)
(0, 8, 0)
(1, 0, 0)
(2, 0, 0)
(2, 1, 0)
(3, 0, 0)
(4, 7, 0)
(4, 8, 0)
(5, 0, 0)
(5, 8, 0)
(6, 0, 0)
(7, 0, 0)
(8, 0, 0)
(9, 0, 0)
(9, 6, 0)
(10, 0, 0)
(9, 8, 0)
(7, 2, 0)
(1, 1, 13)
(2, 2, 3)
(3, 2, 0)
(4, 0, 1)
(6, 1, 0)
(2, 4, 0)
(6, 2, 0)
(10, 1, 0)
(3, 3, 0)
(4, 1, 1)
(4, 2, 0)
(1, 2, 1)
(10, 4, 0)
(4, 4, 12)
(6, 4, 0)
(0, 4, 0)
(0, 7, 0)
(7, 4, 12)
(4, 5, 11)
(6, 5, 9)
(5, 1, 0)
FIXINGS_END
time 0.101
GUROBI
Status INFEASIBLE
Runtime 0.10071301460266113
NodeCount 1.0
IterCount 990.0
NumVars 2160
NumConstrs 4451
ObjBound inf
ObjBoundC inf
ObjVal None
MIPGap inf
