
Gurobi 13.0.0 (linux64) logging started Sat Jan  3 08:53:44 2026

Set parameter LogFile to value "../experiments/network-n_60_s_0_rp_0-app_set-id_55_23_apps/compact_model_gurobi.log"
Set parameter TimeLimit to value 900
Gurobi Optimizer version 13.0.0 build v13.0.0rc1 (linux64 - "Ubuntu 24.04.3 LTS")

CPU model: Intel(R) Core(TM) Ultra 7 165H, instruction set [SSE2|AVX|AVX2]
Thread count: 22 physical cores, 22 logical processors, using up to 22 threads

Non-default parameters:
TimeLimit  900
LogToConsole  0

Academic license 2539022 - for non-commercial use only - registered to al___@studenti.unimi.it
Optimize a model with 49736 rows, 9000 columns and 112171 nonzeros (Min)
Model fingerprint: 0x2998e2a6
Model has 9000 linear objective coefficients
Model has 200 quadratic constraints
Variable types: 0 continuous, 9000 integer (9000 binary)
Coefficient statistics:
  Matrix range     [1e+00, 9e+02]
  QMatrix range    [5e+01, 2e+02]
  Objective range  [1e+01, 2e+02]
  Bounds range     [1e+00, 1e+00]
  RHS range        [1e+00, 1e+09]
  QRHS range       [1e+02, 6e+02]
Presolve removed 47637 rows and 5087 columns
Presolve time: 0.53s
Presolved: 61409 rows, 62971 columns, 380161 nonzeros
Variable types: 0 continuous, 62971 integer (62971 binary)
Deterministic concurrent LP optimizer: primal and dual simplex
Showing primal log only...

Concurrent spin time: 0.00s

Solved with dual simplex

Root relaxation: objective 5.411180e+03, 4844 iterations, 1.40 seconds (1.71 work units)

    Nodes    |    Current Node    |     Objective Bounds      |     Work
 Expl Unexpl |  Obj  Depth IntInf | Incumbent    BestBd   Gap | It/Node Time

     0     0 5411.17953    0  289          - 5411.17953      -     -    4s
     0     0 5430.68536    0  316          - 5430.68536      -     -    7s
     0     0 5452.84092    0  353          - 5452.84092      -     -    9s
     0     0 5463.96785    0  332          - 5463.96785      -     -    9s
     0     0 5464.19491    0  342          - 5464.19491      -     -   10s
     0     0 5464.20859    0  336          - 5464.20859      -     -   10s
     0     0 5464.20874    0  337          - 5464.20874      -     -   10s
     0     0 5474.75662    0  373          - 5474.75662      -     -   13s
     0     0 5484.08513    0  366          - 5484.08513      -     -   14s
     0     0 5492.28763    0  447          - 5492.28763      -     -   16s
     0     0 5493.91728    0  458          - 5493.91728      -     -   17s
     0     0 5494.27512    0  487          - 5494.27512      -     -   18s
     0     0 5505.29990    0  412          - 5505.29990      -     -   20s
     0     0 5513.41492    0  424          - 5513.41492      -     -   22s
     0     0 5517.30366    0  433          - 5517.30366      -     -   22s
     0     0 5519.80441    0  466          - 5519.80441      -     -   23s
     0     0 5519.90037    0  495          - 5519.90037      -     -   23s
     0     0 5532.02940    0  492          - 5532.02940      -     -   27s
     0     0 5535.05400    0  543          - 5535.05400      -     -   28s
     0     0 5535.06377    0  489          - 5535.06377      -     -   28s
     0     0 5537.60279    0  530          - 5537.60279      -     -   29s
     0     0 5538.50533    0  582          - 5538.50533      -     -   30s
     0     0 5540.74619    0  528          - 5540.74619      -     -   31s
     0     0 5542.39002    0  638          - 5542.39002      -     -   32s
     0     0 5544.01642    0  570          - 5544.01642      -     -   33s
     0     0 5544.03466    0  556          - 5544.03466      -     -   34s
     0     0 5544.03466    0  544          - 5544.03466      -     -   34s
     0     2 5544.04434    0  532          - 5544.04434      -     -   39s
     3     8 5544.89307    2  568          - 5544.68412      -   283   40s
    31    54 5546.11720    5  530          - 5546.05168      -   390   46s
    85   115 5560.87379    7  452          - 5546.11720      -   354   52s
   114   143 5575.08918    7  491          - 5546.11720      -   394   56s
   193   221 5574.93465    9  510          - 5546.11720      -   406   62s
   232   267 5562.10028    9  435          - 5546.11720      -   424   65s
   282   289 5563.07890   11  397          - 5546.11720      -   401   72s
H  303   289                    6956.0000000 5546.11720  20.3%   390   72s
H  304   331                    6952.0000000 5546.11720  20.2%   389   75s
H  304   331                    6815.0000000 5546.11720  18.6%   389   75s
H  307   331                    6733.0000000 5546.11720  17.6%   388   75s
H  346   373                    6731.0000000 5546.11720  17.6%   382   78s
   388   418 5564.86659   15  424 6731.00000 5546.11720  17.6%   381   81s
H  433   468                    6724.0000000 5546.11720  17.5%   380   84s
H  438   468                    6696.0000000 5546.11720  17.2%   377   84s
H  451   468                    6591.0000000 5546.11720  15.9%   371   84s
H  460   468                    6584.0000000 5546.11720  15.8%   369   84s
   483   514 5565.84913   17  399 6584.00000 5546.11720  15.8%   367   88s
   529   563 5566.33882   19  419 6584.00000 5546.11720  15.8%   367   91s
H  591   600                    6415.0000000 5546.11720  13.5%   355   94s
   615   658 5576.38842   22  451 6415.00000 5546.11720  13.5%   350   97s
   673   680 5570.80656   23  424 6415.00000 5546.11720  13.5%   341  100s
H  683   680                    6313.0000000 5546.11720  12.1%   339  100s
H  696   720                    6196.0000000 5546.11720  10.5%   336  103s
H  732   720                    6166.0000000 5546.11720  10.1%   337  103s
   737   773 5577.43426   24  416 6166.00000 5546.11720  10.1%   338  106s
H  790   797                    6113.0000000 5546.11720  9.27%   332  109s
H  796   797                    6109.0000000 5546.11720  9.21%   331  109s
H  797   797                    6056.0000000 5546.11720  8.42%   331  109s
H  800   797                    6012.0000000 5546.11720  7.75%   330  109s
H  801   797                    5962.0000000 5546.11720  6.98%   330  109s
   814   859 5573.47446   25  403 5962.00000 5546.11720  6.98%   328  112s
   876   906 5575.13863   26  380 5962.00000 5546.11720  6.98%   322  116s
H  938   967                    5959.0000000 5546.11720  6.93%   319  119s
   984  1024 5578.39903   28  381 5959.00000 5546.11720  6.93%   313  123s
H 1001  1024                    5950.0000000 5546.11720  6.79%   313  123s
  1041  1096 5580.90562   30  342 5950.00000 5546.11720  6.79%   312  126s
H 1055  1096                    5949.0000000 5546.11720  6.77%   311  126s
  1117  1170 5583.03009   32  336 5949.00000 5546.11720  6.77%   306  130s
H 1199  1222                    5941.0000000 5546.11720  6.65%   300  134s
  1245  1296 5588.03190   42  351 5941.00000 5546.11720  6.65%   301  137s
H 1310  1296                    5902.0000000 5546.11720  6.03%   298  137s
  1319  1374 5596.26989   46  371 5902.00000 5546.11720  6.03%   298  141s
  1400  1431 5593.30636   48  367 5902.00000 5546.11720  6.03%   292  146s
  1465  1487 5593.99925   52  354 5902.00000 5546.11720  6.03%   287  150s
  1529  1527 5606.84889   54  346 5902.00000 5547.39484  6.01%   283  156s
  1581  1569 5613.17789   55  343 5902.00000 5547.39484  6.01%   289  161s
  1625  1606 5615.77779   56  328 5902.00000 5547.39484  6.01%   300  166s
H 1659  1606                    5900.0000000 5547.39484  5.98%   303  166s
  1668  1646 5616.10998   57  336 5900.00000 5547.39484  5.98%   304  171s
  1728  1676 5632.94403   60  362 5900.00000 5547.67710  5.97%   306  177s
  1758  1723 5625.44131   61  342 5900.00000 5547.67710  5.97%   316  183s
H 1784  1720                    5896.0000000 5547.67710  5.91%   319  183s
  1805  1815 5631.51450   64  325 5896.00000 5547.67710  5.91%   324  189s
H 1810  1814                    5892.0000000 5547.67710  5.84%   324  189s
H 1826  1812                    5882.0000000 5547.67710  5.68%   322  189s
  1900  1910 5636.46850   74  359 5882.00000 5547.67710  5.68%   325  194s
  1998  2014 5641.70720   77  369 5882.00000 5547.67710  5.68%   323  200s
  2102  2135 5662.95020   83  354 5882.00000 5547.67710  5.68%   322  206s
  2225  2264 5664.20374   85  351 5882.00000 5547.67710  5.68%   320  212s
  2354  2405 5698.17548   88  359 5882.00000 5547.67710  5.68%   319  219s
  2507  2578 5665.52946   91  347 5882.00000 5547.67710  5.68%   312  226s
  2684  2710 5680.62650  100  303 5882.00000 5547.67710  5.68%   307  233s
  2820  2891 5685.15192  105  308 5882.00000 5547.67710  5.68%   301  240s
  3025  3061 5754.49483  119  305 5882.00000 5547.67710  5.68%   295  247s
  3207  3179 5716.91924  125  316 5882.00000 5547.67710  5.68%   292  255s
  3349  3353 5857.76515  127  277 5882.00000 5548.15002  5.68%   293  263s
  3523  3560 5737.75590  139  303 5882.00000 5548.15002  5.68%   293  270s
  3740  3825 5750.58367  153  306 5882.00000 5548.15002  5.68%   290  279s
  4013  3952 5770.96504  168  236 5882.00000 5548.15002  5.68%   282  288s
H 4145  3933                    5859.0000000 5548.15002  5.31%   277  288s
  4146  4219 5778.26544  182  270 5859.00000 5548.15002  5.31%   277  297s
  4475  4478 5825.67248  210  212 5859.00000 5548.15002  5.31%   271  306s
  4783  4622 5567.31263    9  529 5859.00000 5548.15002  5.31%   266  318s
H 4838  4590                    5848.0000000 5548.15002  5.13%   265  318s
H 4916  4584                    5846.0000000 5548.15002  5.09%   265  318s
  4983  4738 5573.88788   14  450 5846.00000 5548.15002  5.09%   264  330s
  5191  4959 5579.63338   17  437 5846.00000 5548.15002  5.09%   263  341s
  5434  5238 5609.40912   24  451 5846.00000 5548.15002  5.09%   263  352s
H 5721  5309                    5824.0000000 5548.15002  4.74%   262  364s
  5910  5612 5641.05957   41  397 5824.00000 5548.15002  4.74%   260  376s
  6295  5916 5698.14798   47  356 5824.00000 5548.22630  4.74%   257  389s
  6678  5917 5567.25934   36 29449 5824.00000 5548.22630  4.74%   254  415s
  6680  5918 5646.35788   76  337 5824.00000 5548.22630  4.74%   254  428s
  6681  5919 5679.51674   59  371 5824.00000 5548.22630  4.74%   254  431s
  6682  5920 5591.19434   26  468 5824.00000 5548.22630  4.74%   254  435s
  6683  5920 5790.37264   82  525 5824.00000 5548.22630  4.74%   254  441s
  6685  5922 5560.28863   27  492 5824.00000 5548.22630  4.74%   254  448s
  6686  5922 5601.91563   21  543 5824.00000 5548.22630  4.74%   254  452s
  6688  5924 5701.70956  114  540 5824.00000 5548.65548  4.73%   254  455s
  6694  5928 5625.43207   38  625 5824.00000 5551.43194  4.68%   253  461s
  6695  5928 5714.43929  164  580 5824.00000 5555.72846  4.61%   253  465s
  6700  5932 5772.67911  114  598 5824.00000 5560.60292  4.52%   253  470s
  6707  5936 5726.74318   75  592 5824.00000 5561.61388  4.51%   253  476s
  6708  5937 5691.04283   94  629 5824.00000 5565.48494  4.44%   253  480s
  6712  5940 5644.50361   22  633 5824.00000 5569.15257  4.38%   253  485s
  6723  5947 5778.66661  132  681 5824.00000 5569.84856  4.36%   252  492s
  6724  5948 5743.81883  158  685 5824.00000 5572.63494  4.32%   252  495s
  6731  5952 5676.90201   84  686 5824.00000 5575.08685  4.27%   252  500s
  6735  5955 5797.60362  122  667 5824.00000 5577.07576  4.24%   252  506s
  6739  5958 5728.11221   82  671 5824.00000 5578.69718  4.21%   252  510s
  6746  5962 5753.78726   67  658 5824.00000 5579.42178  4.20%   252  515s
  6754  5968 5612.17603   37  677 5824.00000 5580.44346  4.18%   251  520s
  6760  5972 5593.56001   19  719 5824.00000 5581.40367  4.17%   251  526s
  6766  5976 5680.34637   65  688 5824.00000 5582.53368  4.15%   251  530s
  6771  5979 5748.49626   59  619 5824.00000 5584.40729  4.11%   251  536s
  6780  5985 5646.35788   76  651 5824.00000 5584.91115  4.11%   250  540s
  6785  5988 5585.30431   27  677 5824.00000 5585.30431  4.10%   250  545s
  6793  5994 5660.77692   27  691 5824.00000 5585.62477  4.09%   250  550s
  6798  5997 5658.32011   90  706 5824.00000 5586.06013  4.09%   250  556s
H 6800  5696                    5822.0000000 5586.11529  4.05%   250  557s
  6802  5698 5611.76241   39  701 5822.00000 5586.74096  4.04%   249  561s
  6810  5703 5606.92284   60  723 5822.00000 5587.11386  4.03%   249  565s
  6814  5706 5627.35775   60  675 5822.00000 5587.34265  4.03%   249  570s
  6822  5711 5746.87624   56  734 5822.00000 5587.52726  4.03%   249  575s
  6827  5714 5608.91167   33  698 5822.00000 5587.74743  4.02%   249  580s
  6833  5718 5628.32071   46  710 5822.00000 5587.85560  4.02%   248  585s
  6837  5721 5622.30379   56  708 5822.00000 5589.34186  4.00%   248  590s
  6842  5724 5590.00928   24  669 5822.00000 5590.00928  3.98%   248  596s
  6850  5730 5682.10857   38  717 5822.00000 5590.39487  3.98%   248  600s
  6856  5734 5620.62148   30  681 5822.00000 5590.66341  3.97%   247  605s
  6864  5739 5639.26806   15  650 5822.00000 5591.15863  3.96%   247  610s
  6872  5744 5777.56086   81  725 5822.00000 5591.55472  3.96%   247  617s
  6876  5747 5786.05097  154  759 5822.00000 5591.90001  3.95%   247  621s
  6879  5749 5723.46285   31  748 5822.00000 5592.24371  3.95%   247  625s
  6885  5753 5592.46209   27  754 5822.00000 5592.46209  3.94%   246  630s
  6891  5757 5676.86166   79  761 5822.00000 5592.77075  3.94%   246  635s
  6896  5760 5748.22089   59  696 5822.00000 5593.05762  3.93%   246  644s
  6897  5761 5641.08364   42  690 5822.00000 5593.13131  3.93%   246  645s
  6905  5766 5653.73433   40  710 5822.00000 5593.24017  3.93%   246  650s
  6910  5770 5606.92284   60  728 5822.00000 5594.09824  3.91%   246  655s
  6918  5775 5594.54655   48  742 5822.00000 5594.54655  3.91%   245  660s
  6925  5780 5695.38165   89  760 5822.00000 5594.90773  3.90%   245  666s
  6932  5784 5595.11981   20  749 5822.00000 5595.11981  3.90%   245  670s
  6940  5790 5799.21950  178  737 5822.00000 5595.29330  3.89%   244  676s
  6944  5792 5684.51403  111  729 5822.00000 5595.72663  3.89%   244  680s
  6947  5794 5642.27480   72  675 5822.00000 5595.96623  3.88%   244  688s
  6950  5796 5682.10857   38  690 5822.00000 5596.07390  3.88%   244  690s
  6959  5802 5596.31201   13  697 5822.00000 5596.31201  3.88%   244  696s
  6966  5807 5680.34637   65  716 5822.00000 5596.50833  3.87%   244  700s
  6974  5812 5710.28151  143  770 5822.00000 5596.67621  3.87%   243  705s
  6979  5816 5723.46285   31  740 5822.00000 5596.81155  3.87%   243  712s
  6983  5818 5790.37264   82  738 5822.00000 5597.41018  3.86%   243  715s
  6990  5823 5780.52229  137  738 5822.00000 5597.74162  3.85%   243  720s
  6997  5828 5641.08364   42  711 5822.00000 5597.97593  3.85%   242  728s
  7000  5830 5772.67911  114  790 5822.00000 5598.12424  3.85%   242  730s
  7005  5833 5653.73433   40  788 5822.00000 5598.13137  3.85%   242  736s
  7008  5835 5691.04283   94  764 5822.00000 5598.13137  3.85%   242  742s
  7010  5836 5606.92284   60  756 5822.00000 5598.13137  3.85%   242  746s
  7013  5840 5598.13137   25 29424 5822.00000 5598.13137  3.85%   255  761s
  7015  5841 5598.13137   19  328 5822.00000 5598.13137  3.85%   255  773s
  7016  5842 5760.71877  215  381 5822.00000 5598.13137  3.85%   255  776s
  7017  5843 5659.71664   97  416 5822.00000 5598.13137  3.85%   255  780s
  7019  5844 5743.80446   44  534 5822.00000 5598.13137  3.85%   254  789s
  7020  5845 5690.98188   97  495 5822.00000 5598.13137  3.85%   254  795s
  7021  5845 5637.36084   36  517 5822.00000 5598.58289  3.84%   254  800s
  7023  5847 5778.66661  132  589 5822.00000 5598.58289  3.84%   254  807s
  7024  5847 5743.81883  158  644 5822.00000 5598.58289  3.84%   254  810s
  7029  5851 5598.58289   32  714 5822.00000 5598.58289  3.84%   254  815s
  7033  5853 5628.32071   46  723 5822.00000 5598.58289  3.84%   254  820s
  7040  5858 5799.21950  178  704 5822.00000 5598.75343  3.83%   254  826s
  7048  5863 5686.08001  130  717 5822.00000 5598.83818  3.83%   253  831s
  7054  5867 5612.17603   37  702 5822.00000 5599.18320  3.83%   253  836s
  7059  5871 5599.47511   13  682 5822.00000 5599.47511  3.82%   253  841s
  7064  5874 5639.26806   15  680 5822.00000 5599.62251  3.82%   253  846s
  7069  5877 5599.72166   27  657 5822.00000 5599.72166  3.82%   253  851s
  7073  5880 5784.98570   78  688 5822.00000 5599.73351  3.82%   253  855s
  7079  5884 5723.46285   31  674 5822.00000 5599.88200  3.82%   252  860s
  7083  5887 5790.37264   82  692 5822.00000 5599.95505  3.81%   252  865s
  7090  5891 5780.52229  137  711 5822.00000 5600.05110  3.81%   252  872s
  7095  5895 5714.43929  164  715 5822.00000 5600.08027  3.81%   252  877s
  7098  5897 5658.32011   90  708 5822.00000 5600.09325  3.81%   252  880s
  7105  5901 5653.73433   40  730 5822.00000 5600.15364  3.81%   251  885s
  7108  5903 5691.04283   94  719 5822.00000 5600.47823  3.80%   251  890s
  7113  5907 5600.58848   25  726 5822.00000 5600.58848  3.80%   251  896s

Cutting planes:
  Gomory: 4
  Cover: 91
  Clique: 24
  MIR: 139
  Knapsack: 4
  StrongCG: 79
  Flow cover: 667
  GUB cover: 17
  Zero half: 56
  Mod-K: 3
  RLT: 171
  Relax-and-lift: 174
  BQP: 48

Explored 7115 nodes (1849230 simplex iterations) in 900.07 seconds (913.67 work units)
Thread count was 22 (of 22 available processors)

Solution count 10: 5822 5824 5846 ... 5902

Time limit reached
Best objective 5.822000000000e+03, best bound 5.601000000000e+03, gap 3.7959%

User-callback calls 121291, time in user-callback 0.75 sec
