
Gurobi 13.0.0 (linux64) logging started Sat Jan 17 15:20:28 2026

Set parameter LogFile to value "../experiments/network-n_60_s_0_rp_0-app_set-id_55_23_apps/submip_30_epr1_model_gurobi.log"
Set parameter TimeLimit to value 8.1548777579099988e+02
Gurobi Optimizer version 13.0.0 build v13.0.0rc1 (linux64 - "Ubuntu 24.04.3 LTS")

CPU model: Intel(R) Core(TM) Ultra 7 165H, instruction set [SSE2|AVX|AVX2]
Thread count: 22 physical cores, 22 logical processors, using up to 22 threads

Non-default parameters:
TimeLimit  8.1548777579099988e+02
LogToConsole  0

Academic license 2539022 - for non-commercial use only - registered to al___@studenti.unimi.it
Optimize a model with 49803 rows, 9000 columns and 112238 nonzeros (Min)
Model fingerprint: 0xd033c867
Model has 9000 linear objective coefficients
Model has 200 quadratic constraints
Variable types: 0 continuous, 9000 integer (9000 binary)
Coefficient statistics:
  Matrix range     [1e+00, 9e+02]
  QMatrix range    [5e+01, 2e+02]
  Objective range  [1e+01, 2e+02]
  Bounds range     [1e+00, 1e+00]
  RHS range        [1e+00, 1e+09]
  QRHS range       [1e+02, 6e+02]
Presolve removed 48926 rows and 6705 columns
Presolve time: 0.22s
Presolved: 20078 rows, 21302 columns, 126060 nonzeros
Variable types: 0 continuous, 21302 integer (21302 binary)
Deterministic concurrent LP optimizer: primal and dual simplex
Showing primal log only...

Concurrent spin time: 0.09s

Solved with dual simplex

Root relaxation: objective 5.450194e+03, 2247 iterations, 0.67 seconds (0.39 work units)

    Nodes    |    Current Node    |     Objective Bounds      |     Work
 Expl Unexpl |  Obj  Depth IntInf | Incumbent    BestBd   Gap | It/Node Time

     0     0 5450.19410    0  156          - 5450.19410      -     -    1s
     0     0 5451.05138    0  168          - 5451.05138      -     -    1s
     0     0 5507.30491    0  191          - 5507.30491      -     -    2s
     0     0 5525.30836    0  194          - 5525.30836      -     -    3s
     0     0 5525.30869    0  193          - 5525.30869      -     -    3s
     0     0 5527.04206    0  204          - 5527.04206      -     -    3s
     0     0 5527.38589    0  214          - 5527.38589      -     -    3s
     0     0 5545.77171    0  219          - 5545.77171      -     -    3s
     0     0 5556.69104    0  264          - 5556.69104      -     -    4s
     0     0 5556.69742    0  260          - 5556.69742      -     -    4s
     0     0 5563.78522    0  283          - 5563.78522      -     -    4s
     0     0 5564.38387    0  300          - 5564.38387      -     -    4s
     0     0 5580.82128    0  278          - 5580.82128      -     -    5s
     0     0 5596.64839    0  317          - 5596.64839      -     -    6s
     0     0 5599.32745    0  321          - 5599.32745      -     -    6s
     0     0 5607.01720    0  284          - 5607.01720      -     -    7s
     0     0 5607.04578    0  279          - 5607.04578      -     -    7s
     0     0 5607.04578    0  279          - 5607.04578      -     -    7s
     0     0 5607.04578    0  167          - 5607.04578      -     -    9s
     0     0 5607.04578    0  180          - 5607.04578      -     -   10s
     0     0 5607.04578    0  209          - 5607.04578      -     -   11s
     0     0 5607.04578    0  246          - 5607.04578      -     -   11s
     0     0 5607.04578    0  276          - 5607.04578      -     -   12s
     0     0 5607.04578    0  278          - 5607.04578      -     -   12s
     0     0 5607.04578    0  250          - 5607.04578      -     -   12s
     0     0 5607.04578    0  269          - 5607.04578      -     -   12s
     0     0 5607.04578    0  285          - 5607.04578      -     -   13s
     0     0 5607.04578    0  296          - 5607.04578      -     -   14s
     0     0 5607.04578    0  306          - 5607.04578      -     -   14s
     0     0 5615.93176    0  273          - 5615.93176      -     -   15s
     0     0 5615.93661    0  269          - 5615.93661      -     -   15s
     0     0 5615.93661    0  264          - 5615.93661      -     -   15s
     0     2 5615.94128    0  263          - 5615.94128      -     -   16s
    53   126 5623.94372    6  261          - 5622.41651      -   294   20s
   476   484 5634.28379   21  262          - 5623.46866      -   169   25s
   819   832 5645.95946   29  215          - 5623.46866      -   157   30s
H  932   957                    6177.0000000 5623.46866  8.96%   151   31s
H  944   957                    6013.0000000 5623.46866  6.48%   150   31s
H  971   957                    6012.0000000 5623.46866  6.46%   149   31s
H  979  1031                    6008.0000000 5623.46866  6.40%   149   31s
H 1053  1099                    5984.0000000 5623.46866  6.02%   148   32s
H 1073  1099                    5979.0000000 5623.46866  5.95%   149   32s
H 1218  1274                    5879.0000000 5623.46866  4.35%   146   33s
  1523  1603 5654.32545   44  168 5879.00000 5623.46866  4.35%   137   35s
H 1811  1804                    5845.0000000 5623.46866  3.79%   129   36s
H 1842  1804                    5843.0000000 5623.46866  3.76%   130   36s
H 2042  1983                    5841.0000000 5623.75990  3.72%   128   38s
  2185  2158 5698.05895   59  214 5841.00000 5623.75990  3.72%   130   40s
H 2187  2155                    5837.0000000 5623.75990  3.65%   130   40s
H 2271  2155                    5834.0000000 5623.75990  3.60%   130   40s
  2716  2584 5716.22304   72  150 5834.00000 5623.75990  3.60%   129   45s
H 2870  2635                    5822.0000000 5623.75990  3.41%   130   46s
H 3069  2658                    5819.0000000 5624.02374  3.35%   137   49s
H 3082  2576                    5803.0000000 5624.02374  3.08%   138   49s
  3109  2642 5646.88189   16  273 5803.00000 5624.02374  3.08%   140   50s
  3211  2641 5708.31602   66 7542 5803.00000 5624.02374  3.08%   141   56s
  3216  2644 5639.36147   28  305 5803.00000 5624.02374  3.08%   141   60s
  3232  2655 5762.20564   32  379 5803.00000 5629.89424  2.98%   141   65s
H 3232  2521                    5797.0000000 5632.45475  2.84%   141   65s
  3262  2541 5664.16195   17  362 5797.00000 5634.83511  2.80%   139   70s
  3288  2558 5677.39605   27  394 5797.00000 5638.17865  2.74%   138   75s
H 3288  2429                    5796.0000000 5638.48015  2.72%   138   75s
  3306  2441 5758.54020   71  390 5796.00000 5639.88648  2.69%   137   80s
H 3316  2324                    5792.0000000 5640.16451  2.62%   137   82s
  3329  2333 5773.71842   93  374 5792.00000 5641.25142  2.60%   136   85s
  3352  2348 5695.52697   22  399 5792.00000 5642.17418  2.59%   136   90s
  3359  2353 5714.25182   19  413 5792.00000 5642.47366  2.58%   135   95s
  3374  2363 5769.01084   63  373 5792.00000 5642.79718  2.58%   135  100s
  3381  2376 5644.37080   14  364 5792.00000 5643.87840  2.56%   143  106s
  3405  2406 5648.57436   16  342 5792.00000 5645.08292  2.54%   146  111s
  3478  2457 5685.25698   18  349 5792.00000 5648.67396  2.47%   152  117s
  3502  2483 5660.81575   18  329 5792.00000 5648.67396  2.47%   153  120s
  3579  2542 5698.47081   19  308 5792.00000 5648.67396  2.47%   156  126s
  3671  2582 5784.49203   20  235 5792.00000 5648.67396  2.47%   161  131s
  3750  2623 5702.23478   22  324 5792.00000 5648.67396  2.47%   164  136s
  3839  2664 5766.56906   24  266 5792.00000 5648.67396  2.47%   167  141s
  3931  2707 5714.82426   26  315 5792.00000 5650.50013  2.44%   170  146s
  4027  2755 5762.25367   27  315 5792.00000 5650.50013  2.44%   172  150s
  4147  2810 infeasible   29      5792.00000 5653.71094  2.39%   173  155s
  4313  2895 5747.21203   32  212 5792.00000 5654.13414  2.38%   174  160s
  4533  2959 5755.76056   35  196 5792.00000 5656.35181  2.34%   174  165s
  4780  3004 5762.22512   38  208 5792.00000 5657.06553  2.33%   174  172s
  4891  3019     cutoff   42      5792.00000 5657.09356  2.33%   175  175s
H 5055  2892                    5790.0000000 5658.36467  2.27%   177  178s
  5085  2955 5784.32892   51  172 5790.00000 5658.36467  2.27%   177  182s
  5193  2975 5673.40281   21  293 5790.00000 5658.85460  2.27%   179  185s
  5403  3153 5683.86682   26  266 5790.00000 5658.85460  2.27%   180  191s
  5549  3241 5723.48831   33  216 5790.00000 5658.85460  2.27%   181  195s
  5892  3353 5753.60628   42  233 5790.00000 5658.85460  2.27%   182  201s
  6053  3407 5783.02555   51  191 5790.00000 5660.65045  2.23%   183  205s
  6280  3448 5705.71314   21  258 5790.00000 5660.65045  2.23%   185  212s
  6419  3558 5696.78856   21  266 5790.00000 5661.53223  2.22%   186  216s
  6658  3595 5705.85853   22  255 5790.00000 5661.53223  2.22%   185  220s
  6878  3589 5756.74444   26  208 5790.00000 5661.53223  2.22%   186  225s
  7168  3835 5776.35915   32  139 5790.00000 5661.53223  2.22%   189  234s
  7423  3837 5725.43228   32  172 5790.00000 5661.53223  2.22%   190  238s
  7563  3940 5735.98020   41  144 5790.00000 5661.53223  2.22%   190  243s
  7828  3995 5784.54034   76   94 5790.00000 5661.53223  2.22%   191  248s
  8043  4036 5705.27505   25  236 5790.00000 5661.53223  2.22%   192  253s
H 8057  3515                    5772.0000000 5661.53223  1.91%   192  253s
  8213  3620 5718.51776   30  211 5772.00000 5661.53223  1.91%   193  259s
H 8267  3222                    5765.0000000 5661.53223  1.79%   193  259s
  8519  3238     cutoff   47      5765.00000 5661.53223  1.79%   194  264s
  8766  3335 5711.17512   27  215 5765.00000 5661.53223  1.79%   195  269s
  9058  3352 5754.02059   50  128 5765.00000 5661.53223  1.79%   197  275s
  9353  3360     cutoff   26      5765.00000 5668.64231  1.67%   197  282s
  9637  3412 5733.54251   22  256 5765.00000 5668.83745  1.67%   199  289s
  9778  3621 5749.98290   30  218 5765.00000 5668.83745  1.67%   200  295s
 10133  3938 5722.50576   29  266 5765.00000 5671.63390  1.62%   202  302s
 10605  4216 5747.72159   40  213 5765.00000 5673.27078  1.59%   202  308s
 11114  4456 5690.40642   26  289 5765.00000 5673.60296  1.59%   201  315s
 11606  4757 infeasible   36      5765.00000 5673.87934  1.58%   202  323s
 12143  5019 5717.13651   46   94 5765.00000 5678.99665  1.49%   201  330s
 12643  5358 5726.80698   28  221 5765.00000 5678.99665  1.49%   201  338s
 13210  5428 5723.14676   25  238 5765.00000 5681.78849  1.44%   201  346s
 13450  5625 5735.38193   34  221 5765.00000 5681.79062  1.44%   202  354s
 13982  5916 5749.80822   32  171 5765.00000 5681.99758  1.44%   202  363s
 14572  6272     cutoff   43      5765.00000 5683.37383  1.42%   203  371s
 15345  6465 5717.44342   29  270 5765.00000 5683.37383  1.42%   202  380s
 15752  6706 infeasible   35      5765.00000 5685.73079  1.38%   203  390s
 16484  6937 5735.31486   32  296 5765.00000 5686.53738  1.36%   203  399s
 17089  7240     cutoff   24      5765.00000 5688.31520  1.33%   204  409s
 17752  7468 5740.87249   33  247 5765.00000 5688.46152  1.33%   205  419s
 18261  7889     cutoff   28      5765.00000 5688.98537  1.32%   204  430s
 19101  8487 5732.59374   25  277 5765.00000 5690.64368  1.29%   204  442s
 20266  8956 5752.59099   46  160 5765.00000 5690.71854  1.29%   201  453s
 21425  9404     cutoff   48      5765.00000 5691.33752  1.28%   199  465s
 22409  9717 5727.58547   46  119 5765.00000 5693.50168  1.24%   198  478s
 22983 10339 5727.89859   27  119 5765.00000 5694.03852  1.23%   198  491s
 24302 10589     cutoff   24      5765.00000 5695.18076  1.21%   195  510s
 24909 11753 5738.39768   28  218 5765.00000 5695.57349  1.20%   195  530s
H25173 11386                    5761.0000000 5695.69074  1.13%   195  530s
*25189 10969              51    5758.0000000 5695.69074  1.08%   195  530s
 27099 10912     cutoff   46      5758.00000 5697.29728  1.05%   191  541s
H27113  6359                    5739.0000000 5697.29728  0.73%   191  541s
H27115  5459                    5735.0000000 5697.29728  0.66%   191  541s
H27157  5248                    5734.0000000 5697.29728  0.64%   191  541s
H27207  4635                    5731.0000000 5697.54817  0.58%   191  541s
 27235  4977 5718.83658   24  295 5731.00000 5697.63154  0.58%   191  554s
 28900  5227 5707.25875   24  312 5731.00000 5699.97972  0.54%   189  567s
 30044  5500 5723.32917   27  266 5731.00000 5700.78759  0.53%   187  579s
 31604  5781 5727.22383   43  115 5731.00000 5702.60963  0.50%   185  591s
 33274  5987 5722.85073   33  287 5731.00000 5705.02047  0.45%   182  603s
 35041  6279 5720.05776   33  116 5731.00000 5706.79658  0.42%   180  615s
 36986  6467 5725.24637   33  159 5731.00000 5708.25553  0.40%   176  627s
 38966  6571 5728.34693   29  177 5731.00000 5709.87007  0.37%   173  639s
 40844  6603 5724.97158   31  193 5731.00000 5711.24062  0.34%   171  652s
 42046  6726     cutoff   38      5731.00000 5712.27198  0.33%   170  665s
 44369  6668 5717.73891   36  173 5731.00000 5713.63462  0.30%   167  678s
 46841  6390     cutoff   46      5731.00000 5715.03948  0.28%   164  692s
 49139  6070 5721.85725   40  156 5731.00000 5716.71274  0.25%   161  704s
 51143  5640 5722.53382   38  169 5731.00000 5716.88451  0.25%   159  717s
 53020  5022 5728.74068   30  299 5731.00000 5717.24255  0.24%   157  731s
 54736  4157     cutoff   35      5731.00000 5717.31515  0.24%   156  744s
 56829  2762 infeasible   38      5731.00000 5718.21804  0.22%   153  755s
 59428  1129     cutoff   33      5731.00000 5723.29495  0.13%   150  762s
 61506     0     cutoff   32      5731.00000 5726.51650  0.08%   147  766s

Cutting planes:
  Gomory: 3
  Lift-and-project: 8
  Cover: 538
  Implied bound: 12
  Clique: 70
  MIR: 449
  Knapsack: 16
  StrongCG: 256
  Flow cover: 335
  GUB cover: 32
  Inf proof: 2
  Zero half: 56
  RLT: 249
  Relax-and-lift: 117
  BQP: 17

Explored 62642 nodes (9119805 simplex iterations) in 766.21 seconds (563.13 work units)
Thread count was 22 (of 22 available processors)

Solution count 10: 5731 5734 5735 ... 5792

Optimal solution found (tolerance 1.00e-04)
Best objective 5.731000000000e+03, best bound 5.731000000000e+03, gap 0.0000%

User-callback calls 193484, time in user-callback 0.57 sec
Set parameter LogToConsole to value 0
