FIXINGS_START
(0, 0, 0)
(1, 0, 0)
(1, 9, 0)
(2, 0, 0)
(3, 0, 0)
(4, 0, 0)
(5, 0, 0)
(5, 4, 0)
(6, 0, 0)
(6, 9, 0)
(7, 4, 0)
(8, 3, 0)
(9, 0, 0)
(10, 0, 0)
(10, 1, 0)
(11, 0, 0)
(11, 6, 0)
(13, 0, 0)
(13, 4, 0)
(14, 0, 0)
(14, 4, 0)
(15, 0, 0)
(15, 4, 0)
(17, 0, 0)
(17, 6, 0)
(18, 0, 0)
(19, 0, 0)
(19, 7, 0)
(21, 0, 0)
(22, 0, 0)
(22, 9, 0)
(16, 0, 0)
(16, 4, 0)
(10, 2, 0)
(5, 1, 0)
(10, 6, 0)
(5, 5, 0)
(5, 7, 0)
(5, 8, 0)
(9, 1, 12)
(20, 0, 0)
(19, 5, 0)
(13, 1, 0)
(9, 2, 0)
(20, 1, 0)
(3, 1, 0)
(8, 0, 5)
(8, 1, 14)
(11, 4, 1)
(8, 2, 0)
(9, 3, 0)
(3, 2, 0)
(0, 1, 0)
(22, 4, 0)
(9, 5, 0)
(7, 0, 26)
(1, 1, 25)
(22, 5, 0)
(22, 6, 0)
(22, 7, 0)
(11, 5, 0)
(1, 2, 32)
(18, 1, 0)
(13, 3, 0)
(12, 1, 0)
(13, 6, 0)
(14, 1, 9)
FIXINGS_END
found_sol 6177.0 time 31.221
found_sol 6013.0 time 31.223
found_sol 6012.0 time 31.225
found_sol 6008.0 time 31.695
found_sol 5984.0 time 32.364
found_sol 5979.0 time 32.367
found_sol 5879.0 time 33.591
found_sol 5845.0 time 36.979
found_sol 5843.0 time 36.982
found_sol 5841.0 time 38.819
found_sol 5837.0 time 40.755
found_sol 5834.0 time 40.758
found_sol 5822.0 time 46.670
found_sol 5819.0 time 49.551
found_sol 5803.0 time 49.592
found_sol 5797.0 time 65.637
found_sol 5796.0 time 75.852
found_sol 5792.0 time 82.506
found_sol 5790.0 time 178.994
found_sol 5772.0 time 253.553
found_sol 5765.0 time 259.195
found_sol 5761.0 time 530.735
found_sol 5758.0 time 530.738
found_sol 5739.0 time 541.664
found_sol 5735.0 time 541.674
found_sol 5734.0 time 541.686
found_sol 5731.0 time 541.688
found_sol 5731.0 time 766.209
time 766.245
GUROBI
Status OPTIMAL
Runtime 766.2442870140076
NodeCount 62642.0
IterCount 9119805.0
NumVars 9000
NumConstrs 49803
ObjBound 5731.0
ObjBoundC 5731.0
ObjVal 5731.0
MIPGap 0.0
