
Gurobi 13.0.0 (linux64) logging started Thu Jan 15 03:27:15 2026

Set parameter LogFile to value "../experiments/network-n_50_s_0_rp_0-app_set-id_38_17_apps/submip_30_epr0_model_gurobi.log"
Set parameter TimeLimit to value 8.9666593621799257e+02
Gurobi Optimizer version 13.0.0 build v13.0.0rc1 (linux64 - "Ubuntu 24.04.3 LTS")

CPU model: Intel(R) Core(TM) Ultra 7 165H, instruction set [SSE2|AVX|AVX2]
Thread count: 22 physical cores, 22 logical processors, using up to 22 threads

Non-default parameters:
TimeLimit  8.9666593621799257e+02
LogToConsole  0

Academic license 2539022 - for non-commercial use only - registered to al___@studenti.unimi.it
Optimize a model with 27914 rows, 5500 columns and 63289 nonzeros (Min)
Model fingerprint: 0x19cecd88
Model has 5500 linear objective coefficients
Model has 166 quadratic constraints
Variable types: 0 continuous, 5500 integer (5500 binary)
Coefficient statistics:
  Matrix range     [1e+00, 9e+02]
  QMatrix range    [5e+01, 2e+02]
  Objective range  [1e+01, 2e+02]
  Bounds range     [1e+00, 1e+00]
  RHS range        [1e+00, 1e+09]
  QRHS range       [1e+02, 6e+02]
Presolve removed 27444 rows and 4414 columns
Presolve time: 0.09s
Presolved: 7321 rows, 7786 columns, 45935 nonzeros
Variable types: 0 continuous, 7786 integer (7786 binary)

Root relaxation: objective 4.000621e+03, 842 iterations, 0.04 seconds (0.06 work units)

    Nodes    |    Current Node    |     Objective Bounds      |     Work
 Expl Unexpl |  Obj  Depth IntInf | Incumbent    BestBd   Gap | It/Node Time

     0     0 4000.62054    0  130          - 4000.62054      -     -    0s
     0     0 4064.06576    0  153          - 4064.06576      -     -    0s
     0     0 4067.30153    0  127          - 4067.30153      -     -    0s
     0     0 4068.18123    0  151          - 4068.18123      -     -    0s
     0     0 4068.21244    0  157          - 4068.21244      -     -    0s
H    0     0                    4553.0000000 4090.93187  10.1%     -    1s
H    0     0                    4545.0000000 4090.93187  10.0%     -    1s
     0     0 4090.93187    0  164 4545.00000 4090.93187  10.0%     -    1s
     0     0 4094.12358    0  161 4545.00000 4094.12358  9.92%     -    1s
     0     0 4094.35962    0  150 4545.00000 4094.35962  9.92%     -    1s
     0     0 4102.71171    0  181 4545.00000 4102.71171  9.73%     -    1s
H    0     0                    4370.0000000 4102.71171  6.12%     -    1s
H    0     0                    4365.0000000 4102.71171  6.01%     -    1s
H    0     0                    4313.0000000 4102.71171  4.88%     -    1s
H    0     0                    4287.0000000 4102.71171  4.30%     -    1s
     0     0 4104.69295    0  170 4287.00000 4104.69295  4.25%     -    1s
     0     0 4105.07772    0  172 4287.00000 4105.07772  4.24%     -    1s
H    0     0                    4255.0000000 4109.79371  3.41%     -    1s
     0     0 4109.79371    0  181 4255.00000 4109.79371  3.41%     -    1s
     0     0 4109.79876    0  181 4255.00000 4109.79876  3.41%     -    1s
     0     0 4109.79876    0  181 4255.00000 4109.79876  3.41%     -    1s
     0     0 4109.79876    0  178 4255.00000 4109.79876  3.41%     -    1s
     0     2 4109.79917    0  177 4255.00000 4109.79917  3.41%     -    2s
H  201   229                    4241.0000000 4116.53339  2.93%   138    3s
H  228   278                    4222.0000000 4116.53339  2.50%   132    3s
H  571   585                    4209.0000000 4116.53339  2.20%   114    4s
H  581   585                    4208.0000000 4116.53339  2.17%   114    4s
H  589   585                    4205.0000000 4116.53339  2.10%   113    4s
   809   783 4156.14974   25  111 4205.00000 4117.17933  2.09%   110    5s
H 1002   924                    4203.0000000 4117.17933  2.04%   103    6s
H 1161  1051                    4197.0000000 4117.28748  1.90%  97.1    7s
H 1304  1186                    4194.0000000 4117.28748  1.83%  93.0    7s
H 1354  1186                    4187.0000000 4117.28748  1.66%  92.0    7s
  2658  2091 4128.03161   14  109 4187.00000 4121.48043  1.56%  79.4   10s
  3242  2355 4149.43006   34  224 4187.00000 4121.65556  1.56%  75.5   15s
  3720  2628 4184.90652   30  114 4187.00000 4123.34375  1.52%  87.7   20s
  5300  3002 4142.30577   30   90 4187.00000 4129.65949  1.37%  86.1   25s
  7516  3656 4175.11287   63   62 4187.00000 4132.76713  1.30%  81.7   30s
H 8622  3461                    4179.0000000 4134.37327  1.07%  79.8   31s
 10312  4104 4151.69197   28  135 4179.00000 4136.76898  1.01%  77.5   35s
 13190  5449 4148.66693   35   87 4179.00000 4138.99171  0.96%  75.5   40s
 16056  7041 4163.92922   35  106 4179.00000 4140.18472  0.93%  73.9   45s
 18612  8148 4146.04740   21  129 4179.00000 4141.59361  0.90%  73.0   50s
 21411  9363 4173.89090   32   86 4179.00000 4142.78414  0.87%  72.9   56s
 23105 10138 4165.01867   43   91 4179.00000 4143.54835  0.85%  72.7   61s
 25162 10879 4154.19130   37   45 4179.00000 4144.15269  0.83%  72.5   65s
 29290 12303 4175.37699   37   84 4179.00000 4145.52435  0.80%  71.7   71s
 31316 13262     cutoff   30      4179.00000 4145.95301  0.79%  71.5   75s
 35250 14703     cutoff   50      4179.00000 4147.12451  0.76%  70.9   81s
 38149 15612 4166.17153   34  129 4179.00000 4147.88679  0.74%  70.6   86s
 41000 16618 4171.29204   29   83 4179.00000 4148.72037  0.72%  70.3   91s
 44185 17587 4173.38078   37   61 4179.00000 4149.06373  0.72%  70.1   97s
 45614 18002 infeasible   36      4179.00000 4149.77589  0.70%  70.0  100s
 48315 18946 4168.57170   41  119 4179.00000 4150.38459  0.68%  69.8  117s
 50467 19490 4168.53480   39  115 4179.00000 4150.72585  0.68%  69.7  120s
 54639 20610 4157.23910   36   94 4179.00000 4151.56884  0.66%  69.4  127s
 56767 21111 4170.15719   31  149 4179.00000 4151.69818  0.65%  69.3  130s
 61505 22218 infeasible   36      4179.00000 4152.71640  0.63%  68.9  137s
 63901 22728     cutoff   46      4179.00000 4153.12901  0.62%  68.8  141s
 68383 23595     cutoff   42      4179.00000 4153.81929  0.60%  68.7  148s
 70690 23993     cutoff   40      4179.00000 4154.04771  0.60%  68.6  152s
 72815 24447 4164.09761   41   99 4179.00000 4154.44216  0.59%  68.5  156s
 75136 24924     cutoff   38      4179.00000 4154.74856  0.58%  68.3  160s
 79995 25462 4169.62848   32  115 4179.00000 4155.53644  0.56%  68.2  167s
 82579 25641 4175.18056   43   92 4179.00000 4155.77840  0.56%  68.1  171s
 84301 25838 4177.80617   50   49 4179.00000 4155.91630  0.55%  68.0  178s
 85178 26042 4165.66947   35  101 4179.00000 4155.95534  0.55%  67.9  181s
 86864 26433 4175.70205   40   45 4179.00000 4156.24031  0.54%  67.8  186s
 89670 26844 4161.85686   31  165 4179.00000 4156.69224  0.53%  67.7  190s
 95532 27529 4174.02522   34   89 4179.00000 4157.36222  0.52%  67.5  198s
 98306 27795 4167.51587   42   81 4179.00000 4157.77352  0.51%  67.4  203s
H99643 23972                    4173.0000000 4157.79787  0.36%  67.4  203s
 101113 23714     cutoff   47      4173.00000 4158.07280  0.36%  67.3  206s
H101119 10570                    4166.0000000 4158.07280  0.19%  67.3  206s
 104498  8081     cutoff   39      4166.00000 4159.36889  0.16%  67.2  211s
 107624  5242     cutoff   38      4166.00000 4161.30413  0.11%  66.7  215s

Cutting planes:
  Gomory: 5
  Lift-and-project: 3
  Cover: 466
  Implied bound: 2
  Clique: 28
  MIR: 196
  Knapsack: 13
  StrongCG: 157
  Flow cover: 130
  GUB cover: 18
  Inf proof: 1
  Zero half: 65
  RLT: 98
  Relax-and-lift: 201
  BQP: 38

Explored 114468 nodes (7330093 simplex iterations) in 218.46 seconds (179.74 work units)
Thread count was 22 (of 22 available processors)

Solution count 10: 4166 4173 4179 ... 4209

Optimal solution found (tolerance 1.00e-04)
Best objective 4.166000000000e+03, best bound 4.166000000000e+03, gap 0.0000%

User-callback calls 250820, time in user-callback 0.29 sec
Set parameter LogToConsole to value 0
