FIXINGS_START
(0, 6, 0)
(1, 0, 0)
(2, 5, 0)
(3, 0, 0)
(3, 1, 0)
(4, 0, 0)
(5, 0, 0)
(5, 4, 0)
(6, 0, 0)
(6, 4, 0)
(7, 0, 0)
(8, 0, 0)
(8, 4, 0)
(9, 0, 0)
(9, 8, 0)
(10, 0, 0)
(10, 4, 0)
(11, 0, 0)
(11, 7, 0)
(12, 0, 0)
(13, 0, 0)
(13, 1, 0)
(14, 0, 0)
(15, 0, 0)
(16, 0, 0)
(8, 1, 2)
(7, 1, 26)
(8, 5, 0)
(2, 1, 0)
(3, 2, 0)
(10, 1, 0)
(10, 2, 0)
(2, 3, 0)
(15, 1, 2)
(12, 1, 10)
(10, 5, 8)
(0, 0, 0)
(16, 2, 22)
(8, 6, 0)
(5, 2, 0)
(11, 2, 33)
(4, 1, 0)
(1, 1, 17)
(11, 3, 0)
(8, 7, 3)
(14, 2, 0)
(1, 2, 33)
(9, 1, 14)
(1, 4, 0)
(4, 2, 0)
(11, 4, 0)
FIXINGS_END
found_sol 5045.0 time 0.412
found_sol 4906.0 time 0.413
found_sol 4831.0 time 0.419
found_sol 4656.0 time 0.892
found_sol 4534.0 time 2.018
found_sol 4417.0 time 2.852
found_sol 4398.0 time 2.853
found_sol 4394.0 time 3.619
found_sol 4202.0 time 4.179
found_sol 4200.0 time 6.219
found_sol 4191.0 time 8.335
found_sol 4187.0 time 10.975
found_sol 4187.0 time 11.993
found_sol 4191.0 time 11.994
found_sol 4200.0 time 11.994
time 58.672
GUROBI
Status OPTIMAL
Runtime 58.67188000679016
NodeCount 29593.0
IterCount 2375475.0
NumVars 5500
NumConstrs 27914
ObjBound 4187.0
ObjBoundC 4187.0
ObjVal 4187.0
MIPGap 0.0
