FIXINGS_START
(0, 6, 0)
(1, 0, 0)
(2, 5, 0)
(3, 0, 0)
(3, 1, 0)
(4, 0, 0)
(5, 0, 0)
(5, 4, 0)
(6, 0, 0)
(6, 4, 0)
(7, 0, 0)
(8, 0, 0)
(8, 4, 0)
(9, 0, 0)
(9, 8, 0)
(10, 0, 0)
(10, 4, 0)
(11, 0, 0)
(11, 7, 0)
(12, 0, 0)
(13, 0, 0)
(13, 1, 0)
(14, 0, 0)
(15, 0, 0)
(16, 0, 0)
(8, 1, 2)
(7, 1, 26)
(8, 5, 0)
(2, 1, 0)
(3, 2, 0)
(10, 1, 0)
(10, 2, 0)
(2, 3, 0)
(15, 1, 2)
(12, 1, 10)
(10, 5, 8)
(0, 0, 0)
(16, 2, 22)
(8, 6, 0)
(5, 2, 0)
(11, 2, 33)
(4, 1, 0)
(1, 1, 17)
(11, 3, 0)
(8, 7, 3)
(14, 2, 0)
(1, 2, 33)
(9, 1, 14)
(1, 4, 0)
(4, 2, 0)
(11, 4, 0)
(13, 4, 0)
(15, 2, 13)
(9, 2, 26)
(4, 3, 29)
(15, 3, 0)
(6, 1, 0)
(12, 2, 0)
(13, 6, 0)
FIXINGS_END
found_sol 4615.0 time 0.604
found_sol 4313.0 time 0.892
found_sol 4298.0 time 0.900
found_sol 4295.0 time 4.730
found_sol 4259.0 time 5.463
found_sol 4249.0 time 6.234
found_sol 4249.0 time 8.289
time 8.295
GUROBI
Status OPTIMAL
Runtime 8.294787883758545
NodeCount 6717.0
IterCount 412815.0
NumVars 5500
NumConstrs 27922
ObjBound 4249.0
ObjBoundC 4249.0
ObjVal 4249.0
MIPGap 0.0
