FIXINGS_START
(0, 6, 0)
(1, 0, 0)
(2, 5, 0)
(3, 0, 0)
(3, 1, 0)
(4, 0, 0)
(5, 0, 0)
(5, 4, 0)
(6, 0, 0)
(6, 4, 0)
(7, 0, 0)
(8, 0, 0)
(8, 4, 0)
(9, 0, 0)
(9, 8, 0)
(10, 0, 0)
(10, 4, 0)
(11, 0, 0)
(11, 7, 0)
(12, 0, 0)
(13, 0, 0)
(13, 1, 0)
(14, 0, 0)
(15, 0, 0)
(16, 0, 0)
(13, 4, 0)
(7, 1, 26)
(0, 0, 0)
(4, 1, 0)
(9, 1, 14)
(1, 1, 17)
(14, 2, 0)
(0, 2, 0)
(5, 2, 0)
(3, 2, 0)
(4, 2, 0)
(10, 1, 0)
(8, 1, 2)
(1, 2, 33)
(16, 2, 22)
(15, 1, 2)
(15, 2, 13)
(11, 2, 33)
(8, 5, 0)
(3, 3, 0)
(12, 1, 10)
(8, 6, 0)
(15, 3, 0)
(12, 2, 0)
(6, 1, 0)
(11, 3, 0)
FIXINGS_END
found_sol 4553.0 time 1.024
found_sol 4545.0 time 1.025
found_sol 4370.0 time 1.245
found_sol 4365.0 time 1.246
found_sol 4313.0 time 1.246
found_sol 4287.0 time 1.254
found_sol 4255.0 time 1.656
found_sol 4241.0 time 3.281
found_sol 4222.0 time 3.391
found_sol 4209.0 time 4.209
found_sol 4208.0 time 4.211
found_sol 4205.0 time 4.212
found_sol 4203.0 time 6.647
found_sol 4197.0 time 7.118
found_sol 4194.0 time 7.472
found_sol 4187.0 time 7.475
found_sol 4197.0 time 11.684
found_sol 4179.0 time 31.673
found_sol 4173.0 time 203.257
found_sol 4166.0 time 206.803
found_sol 4166.0 time 218.461
time 218.471
GUROBI
Status OPTIMAL
Runtime 218.4709689617157
NodeCount 114468.0
IterCount 7330093.0
NumVars 5500
NumConstrs 27914
ObjBound 4166.0
ObjBoundC 4166.0
ObjVal 4166.0
MIPGap 0.0
