
Gurobi 13.0.0 (linux64) logging started Mon Jan  5 06:02:24 2026

Set parameter LogFile to value "../experiments/network-n_40_s_2_rp_0-app_set-id_33_16_apps/compact_model_gurobi.log"
Set parameter TimeLimit to value 900
Gurobi Optimizer version 13.0.0 build v13.0.0rc1 (linux64 - "Ubuntu 24.04.3 LTS")

CPU model: Intel(R) Core(TM) Ultra 7 165H, instruction set [SSE2|AVX|AVX2]
Thread count: 22 physical cores, 22 logical processors, using up to 22 threads

Non-default parameters:
TimeLimit  900
LogToConsole  0

Academic license 2539022 - for non-commercial use only - registered to al___@studenti.unimi.it
Optimize a model with 23253 rows, 4160 columns and 52353 nonzeros (Min)
Model fingerprint: 0xd22df25f
Model has 4160 linear objective coefficients
Model has 126 quadratic constraints
Variable types: 0 continuous, 4160 integer (4160 binary)
Coefficient statistics:
  Matrix range     [1e+00, 9e+02]
  QMatrix range    [5e+01, 2e+02]
  Objective range  [1e+01, 2e+02]
  Bounds range     [1e+00, 1e+00]
  RHS range        [1e+00, 1e+09]
  QRHS range       [1e+02, 6e+02]
Presolve removed 22129 rows and 2399 columns
Presolve time: 0.15s
Presolved: 16923 rows, 17434 columns, 109138 nonzeros
Variable types: 0 continuous, 17434 integer (17434 binary)

Root relaxation: objective 3.228897e+03, 1616 iterations, 0.17 seconds (0.25 work units)

    Nodes    |    Current Node    |     Objective Bounds      |     Work
 Expl Unexpl |  Obj  Depth IntInf | Incumbent    BestBd   Gap | It/Node Time

     0     0 3228.89700    0  247          - 3228.89700      -     -    0s
     0     0 3328.59701    0  330          - 3328.59701      -     -    1s
     0     0 3397.60077    0  355          - 3397.60077      -     -    2s
     0     0 3405.95899    0  397          - 3405.95899      -     -    2s
     0     0 3406.48075    0  375          - 3406.48075      -     -    2s
     0     0 3516.53069    0  375          - 3516.53069      -     -    3s
     0     0 3571.22011    0  357          - 3571.22011      -     -    4s
     0     0 3592.86406    0  421          - 3592.86406      -     -    4s
     0     0 3600.01595    0  430          - 3600.01595      -     -    5s
     0     0 3601.37845    0  439          - 3601.37845      -     -    5s
     0     0 3643.30959    0  403          - 3643.30959      -     -    6s
     0     0 3670.44507    0  449          - 3670.44507      -     -    7s
     0     0 3681.75963    0  425          - 3681.75963      -     -    7s
     0     0 3685.22052    0  466          - 3685.22052      -     -    7s
     0     0 3698.25731    0  413          - 3698.25731      -     -    8s
     0     0 3699.68715    0  407          - 3699.68715      -     -    8s
     0     0 3699.68715    0  394          - 3699.68715      -     -    8s
     0     2 3699.73212    0  373          - 3699.73212      -     -   10s
    95   124 3746.59574    7  376          - 3723.87416      -   352   15s
   362   391 3813.95824   15  306          - 3723.87416      -   328   20s
   523   524 3834.44335   20  372          - 3723.87416      -   335   25s
   618   616 3842.17349   23  331          - 3723.87416      -   342   30s
   740   726 3852.95584   26  306          - 3723.87416      -   334   35s
   850   803 3900.10537   29  296          - 3723.87416      -   328   40s
  1027   919 3927.92348   39  234          - 3729.13909      -   319   45s
  1206  1102 3941.44586   46  239          - 3729.13909      -   303   50s
  1529  1274 3790.66126    6  329          - 3739.08377      -   287   55s
  1793  1468 3894.50936   15  302          - 3739.08377      -   287   60s
  1956  1628 3898.31373   18  290          - 3739.08377      -   288   66s
  2213  1809 3914.25008   19  275          - 3742.29944      -   279   70s
  2785  2273 3928.22779   11  273          - 3748.93951      -   269   77s
  2986  2274 4151.20187   30 6650          - 3748.93951      -   268   81s
  2991  2277 3785.57027   14  394          - 3748.93951      -   268   85s
  3004  2286 3879.22031   19  457          - 3748.93951      -   266   90s
  3025  2300 3814.77932   10  572          - 3766.53536      -   264   95s
  3041  2311 3889.37497   27  510          - 3781.35981      -   263  100s
  3064  2326 3892.50869   18  581          - 3790.40042      -   261  105s
  3086  2341 4151.20187   30  603          - 3792.56963      -   259  110s
  3105  2353 4106.36609   34  600          - 3799.68938      -   258  115s
  3133  2372 3883.36295   28  648          - 3802.42321      -   255  120s
  3149  2383 3853.14128   22  633          - 3805.32179      -   254  134s
  3153  2385 3832.17735   17  626          - 3805.47389      -   254  135s
  3174  2399 3807.53753   10  698          - 3807.53753      -   252  140s
  3192  2411 3994.99445   37  666          - 3811.90453      -   251  145s
  3216  2427 3831.07359   11  683          - 3814.11289      -   249  150s
  3233  2439 3883.36295   28  662          - 3814.52322      -   247  155s
  3237  2444 3816.15076   13  606          - 3814.83676      -   265  160s
  3243  2454 3823.09232   15  579          - 3818.67527      -   266  165s
  3267  2484 3844.73340   17  503          - 3826.37076      -   272  171s
  3289  2515 3850.67606   18  535          - 3828.32117      -   281  175s
  3351  2540 3854.12555   19  454          - 3828.36225      -   288  182s
  3385  2552 3866.22353   20  414          - 3828.36225      -   291  185s
  3441  2582 3872.08451   21  387          - 3828.36225      -   296  191s
  3507  2607 3884.73056   22  377          - 3828.36225      -   302  197s
  3538  2622 3879.66443   22  361          - 3828.36225      -   305  200s
  3608  2663 3960.04441   24  366          - 3828.36225      -   315  207s
  3641  2689 3911.06536   25  335          - 3828.36225      -   319  210s
  3723  2720 3966.90283   27  279          - 3828.36225      -   328  216s
  3784  2747 4015.04353   28  281          - 3828.36225      -   334  221s
  3873  2780 3943.15750   29  314          - 3838.47649      -   342  227s
  3917  2819 3944.72971   30  301          - 3838.47649      -   346  230s
  4040  2883 3954.11511   31  288          - 3840.75680      -   350  237s
  4101  2917 4007.71941   31  303          - 3840.75680      -   354  240s
  4256  2989 3962.51445   35  292          - 3840.75680      -   360  247s
  4330  2981 4113.14252   36  285          - 3840.75680      -   364  250s
  4429  3017 3998.04765   39  239          - 3840.75680      -   367  257s
  4480  3045 4011.64918   42  277          - 3842.02213      -   369  261s
  4545  3074 4026.66952   44  281          - 3842.02213      -   372  265s
  4699  3164 infeasible   48               - 3842.60997      -   378  273s
  4799  3202 4103.32547   51  221          - 3842.60997      -   380  278s
  4892  3245 infeasible   53               - 3842.60997      -   384  282s
  5002  3287 infeasible   56               - 3855.00056      -   389  287s
  5119  3335 3914.10138   24  287          - 3855.60771      -   392  292s
  5234  3388 3942.11578   25  256          - 3855.60771      -   394  297s
  5363  3436 3969.94351   29  265          - 3855.60771      -   397  302s
  5486  3511 3986.80863   31  227          - 3855.60771      -   400  308s
  5634  3485 infeasible   39               - 3855.60771      -   402  313s
H 5647  3351                    4613.0000000 3855.60771  16.4%   402  313s
  5683  3458 3903.56449   23  298 4613.00000 3855.60771  16.4%   403  319s
  5875  3481 3970.82872   29  326 4613.00000 3855.60771  16.4%   402  326s
  6045  3497 4077.28792   35  361 4613.00000 3855.60771  16.4%   404  334s
  6184  3546 4331.06437   38  336 4613.00000 3855.60771  16.4%   411  340s
  6322  3605 3973.76935   24  386 4613.00000 3860.89002  16.3%   416  348s
  6487  3658 3989.17112   26  380 4613.00000 3860.89002  16.3%   420  356s
  6667  3714 4052.99635   29  366 4613.00000 3860.89002  16.3%   424  365s
  6840  3786 4092.41826   31  287 4613.00000 3860.89002  16.3%   430  372s
  7002  3847 4054.76681   33  346 4613.00000 3860.89002  16.3%   435  380s
  7167  3890 4104.63998   35  330 4613.00000 3860.89002  16.3%   441  389s
  7339  3928 4150.19995   38  251 4613.00000 3860.89002  16.3%   446  398s
  7563  3986 4280.62989   42  222 4613.00000 3868.76902  16.1%   451  407s
  7806  4028 3986.39854   22  413 4613.00000 3868.76902  16.1%   454  417s
  8000  4077 4041.47357   28  391 4613.00000 3869.81374  16.1%   460  428s
  8193  4118 4132.93405   40  310 4613.00000 3869.81374  16.1%   468  438s
  8415  4166     cutoff   48      4613.00000 3869.81374  16.1%   475  448s
  8628  4249 3965.85697   25  415 4613.00000 3869.81374  16.1%   481  460s
  8869  4370 4018.45549   33  365 4613.00000 3869.81374  16.1%   487  472s
  9176  4382 4158.72078   40  348 4613.00000 3869.81374  16.1%   488  484s
  9474  4468 3968.82922   25  412 4613.00000 3869.81374  16.1%   494  496s
H 9577  4312                    4590.0000000 3869.81374  15.7%   493  496s
  9770  4401 4260.13719   32  262 4590.00000 3869.81374  15.7%   499  510s
 10113  4599 4187.04593   25  325 4590.00000 3869.81374  15.7%   503  523s
 10452  4784     cutoff   37      4590.00000 3869.81374  15.7%   505  537s
 10820  4874 4046.40226   32  418 4590.00000 3869.81374  15.7%   508  551s
H10822  4722                    4448.0000000 3869.81374  13.0%   508  551s
 10982  4918 4051.61389   33  426 4448.00000 3869.81374  13.0%   510  565s
 11309  5113 4243.72384   40  319 4448.00000 3869.81374  13.0%   516  580s
 11742  5350 4128.52808   41  253 4448.00000 3869.81374  13.0%   518  595s
 12281  5482 4224.59388   24  434 4448.00000 3869.81374  13.0%   515  612s
H12331  5468                    4442.0000000 3869.81374  12.9%   516  612s
 12697  5690 4040.63340   32  424 4442.00000 3904.06639  12.1%   518  629s
 13173  5894 4112.77416   26  302 4442.00000 3906.59861  12.1%   520  645s
 13639  5915 4051.37577   30  331 4442.00000 3907.40998  12.0%   523  662s
 13662  6018 4088.37494   31  338 4442.00000 3908.58284  12.0%   524  681s
 13779  6191 4102.07858   33  340 4442.00000 3908.58284  12.0%   524  699s
 14147  6460 infeasible   53      4442.00000 3908.58284  12.0%   524  719s
 14662  6558 4407.09094   42  386 4442.00000 3910.58155  12.0%   526  739s
 14916  6792 4132.84721   21  421 4442.00000 3912.96141  11.9%   526  760s
 15404  7098 4102.13854   37  351 4442.00000 3912.96141  11.9%   529  781s
 16044  7394 infeasible   30      4442.00000 3912.96141  11.9%   530  805s
 16728  7750 infeasible   43      4442.00000 3922.54291  11.7%   532  828s
 17415  8053 3995.32571   36  408 4442.00000 3925.53293  11.6%   534  853s
 18046  8404 4392.73805   27  325 4442.00000 3926.00120  11.6%   536  878s
 18717  8727 4152.08269   45  338 4442.00000 3929.04639  11.5%   539  900s

Cutting planes:
  Gomory: 8
  Lift-and-project: 2
  Cover: 616
  Implied bound: 4
  Clique: 84
  MIR: 530
  Knapsack: 19
  StrongCG: 443
  Flow cover: 1275
  GUB cover: 33
  Zero half: 215
  Mod-K: 5
  RLT: 268
  Relax-and-lift: 228
  BQP: 84

Explored 19377 nodes (10470847 simplex iterations) in 900.10 seconds (749.38 work units)
Thread count was 22 (of 22 available processors)

Solution count 4: 4442 4448 4590 4613 

Time limit reached
Best objective 4.442000000000e+03, best bound 3.933000000000e+03, gap 11.4588%

User-callback calls 162362, time in user-callback 0.84 sec
