FIXINGS_START
(0, 0, 0)
(2, 0, 0)
(2, 1, 0)
(3, 0, 0)
(4, 0, 0)
(4, 7, 0)
(6, 0, 0)
(7, 4, 0)
(8, 0, 0)
(9, 0, 0)
(9, 6, 0)
(10, 0, 0)
(10, 4, 0)
(11, 9, 0)
(12, 0, 0)
(13, 0, 0)
(13, 6, 0)
(14, 0, 0)
(14, 4, 0)
(15, 0, 0)
(3, 1, 0)
(8, 2, 0)
(2, 2, 0)
(2, 3, 0)
(14, 1, 0)
(3, 3, 0)
(15, 1, 0)
(5, 0, 0)
(5, 1, 0)
(15, 5, 0)
(1, 0, 0)
(8, 3, 0)
(10, 2, 0)
(8, 4, 11)
(11, 0, 0)
(5, 2, 0)
(10, 5, 0)
(12, 4, 0)
(14, 2, 0)
(1, 1, 0)
(11, 3, 0)
(6, 1, 2)
(1, 2, 0)
(14, 3, 0)
(13, 2, 0)
(7, 1, 0)
FIXINGS_END
found_sol 4549.0 time 52.832
found_sol 4422.0 time 53.898
found_sol 4422.0 time 65.280
time 65.286
GUROBI
Status OPTIMAL
Runtime 65.28556704521179
NodeCount 8780.0
IterCount 1802614.0
NumVars 4160
NumConstrs 23299
ObjBound 4422.0
ObjBoundC 4422.0
ObjVal 4422.0
MIPGap 0.0
