
Gurobi 13.0.0 (linux64) logging started Thu Jan 15 02:41:47 2026

Set parameter LogFile to value "../experiments/network-n_40_s_2_rp_0-app_set-id_33_16_apps/submip_40_epr0_model_gurobi.log"
Set parameter TimeLimit to value 8.9765678782999748e+02
Gurobi Optimizer version 13.0.0 build v13.0.0rc1 (linux64 - "Ubuntu 24.04.3 LTS")

CPU model: Intel(R) Core(TM) Ultra 7 165H, instruction set [SSE2|AVX|AVX2]
Thread count: 22 physical cores, 22 logical processors, using up to 22 threads

Non-default parameters:
TimeLimit  8.9765678782999748e+02
LogToConsole  0

Academic license 2539022 - for non-commercial use only - registered to al___@studenti.unimi.it
Optimize a model with 23307 rows, 4160 columns and 52407 nonzeros (Min)
Model fingerprint: 0x6e028059
Model has 4160 linear objective coefficients
Model has 126 quadratic constraints
Variable types: 0 continuous, 4160 integer (4160 binary)
Coefficient statistics:
  Matrix range     [1e+00, 9e+02]
  QMatrix range    [5e+01, 2e+02]
  Objective range  [1e+01, 2e+02]
  Bounds range     [1e+00, 1e+00]
  RHS range        [1e+00, 1e+09]
  QRHS range       [1e+02, 6e+02]
Presolve removed 22919 rows and 3354 columns
Presolve time: 0.06s
Presolved: 4701 rows, 5006 columns, 29732 nonzeros
Variable types: 0 continuous, 5006 integer (5006 binary)

Root relaxation: objective 3.569498e+03, 612 iterations, 0.05 seconds (0.04 work units)

    Nodes    |    Current Node    |     Objective Bounds      |     Work
 Expl Unexpl |  Obj  Depth IntInf | Incumbent    BestBd   Gap | It/Node Time

     0     0 3569.49783    0  120          - 3569.49783      -     -    0s
     0     0 3919.42925    0  158          - 3919.42925      -     -    0s
     0     0 3979.93681    0  164          - 3979.93681      -     -    0s
     0     0 3991.77954    0  180          - 3991.77954      -     -    0s
     0     0 3992.29108    0  176          - 3992.29108      -     -    0s

Cutting planes:
  Gomory: 11
  Lift-and-project: 22
  Cover: 33
  Implied bound: 9
  Clique: 35
  MIR: 26
  Knapsack: 3
  StrongCG: 16
  GUB cover: 4
  Zero half: 26
  RLT: 100
  Relax-and-lift: 41
  BQP: 29
  PSD: 1

Explored 1 nodes (1558 simplex iterations) in 1.12 seconds (0.63 work units)
Thread count was 22 (of 22 available processors)

Solution count 0

Model is infeasible
Best objective -, best bound -, gap -

User-callback calls 861, time in user-callback 0.00 sec
Set parameter LogToConsole to value 0
