
Gurobi 13.0.0 (linux64) logging started Thu Jan 15 02:41:46 2026

Set parameter LogFile to value "../experiments/network-n_40_s_2_rp_0-app_set-id_33_16_apps/submip_30_epr0_model_gurobi.log"
Set parameter TimeLimit to value 8.9768243781599449e+02
Gurobi Optimizer version 13.0.0 build v13.0.0rc1 (linux64 - "Ubuntu 24.04.3 LTS")

CPU model: Intel(R) Core(TM) Ultra 7 165H, instruction set [SSE2|AVX|AVX2]
Thread count: 22 physical cores, 22 logical processors, using up to 22 threads

Non-default parameters:
TimeLimit  8.9768243781599449e+02
LogToConsole  0

Academic license 2539022 - for non-commercial use only - registered to al___@studenti.unimi.it
Optimize a model with 23299 rows, 4160 columns and 52399 nonzeros (Min)
Model fingerprint: 0x58050f7f
Model has 4160 linear objective coefficients
Model has 126 quadratic constraints
Variable types: 0 continuous, 4160 integer (4160 binary)
Coefficient statistics:
  Matrix range     [1e+00, 9e+02]
  QMatrix range    [5e+01, 2e+02]
  Objective range  [1e+01, 2e+02]
  Bounds range     [1e+00, 1e+00]
  RHS range        [1e+00, 1e+09]
  QRHS range       [1e+02, 6e+02]
Presolve removed 22800 rows and 3146 columns
Presolve time: 0.07s
Presolved: 6779 rows, 7171 columns, 44424 nonzeros
Variable types: 0 continuous, 7171 integer (7171 binary)

Root relaxation: objective 3.539372e+03, 616 iterations, 0.02 seconds (0.04 work units)

    Nodes    |    Current Node    |     Objective Bounds      |     Work
 Expl Unexpl |  Obj  Depth IntInf | Incumbent    BestBd   Gap | It/Node Time

     0     0 3539.37217    0  130          - 3539.37217      -     -    0s
     0     0 3845.44091    0  171          - 3845.44091      -     -    0s
     0     0 3889.67231    0  179          - 3889.67231      -     -    0s
     0     0 3893.11618    0  182          - 3893.11618      -     -    0s
     0     0 3893.19543    0  180          - 3893.19543      -     -    0s
     0     0 infeasible    0               - infeasible      -     -    0s

Cutting planes:
  Gomory: 4
  Lift-and-project: 11
  Cover: 43
  Implied bound: 7
  Clique: 28
  MIR: 23
  Knapsack: 6
  StrongCG: 16
  GUB cover: 6
  Zero half: 46
  RLT: 93
  Relax-and-lift: 36
  BQP: 41

Explored 1 nodes (1822 simplex iterations) in 0.98 seconds (0.79 work units)
Thread count was 22 (of 22 available processors)

Solution count 0

Model is infeasible
Best objective -, best bound -, gap -

User-callback calls 815, time in user-callback 0.00 sec
Set parameter LogToConsole to value 0
