FIXINGS_START
(0, 0, 0)
(2, 0, 0)
(2, 1, 0)
(3, 0, 0)
(4, 0, 0)
(4, 7, 0)
(5, 0, 0)
(6, 0, 0)
(7, 4, 0)
(8, 0, 0)
(9, 0, 0)
(9, 6, 0)
(10, 0, 0)
(10, 4, 0)
(11, 9, 0)
(12, 0, 0)
(13, 0, 0)
(13, 6, 0)
(14, 0, 0)
(14, 4, 0)
(15, 0, 0)
(3, 1, 0)
(14, 1, 0)
(9, 2, 0)
(5, 1, 0)
(8, 2, 0)
(2, 2, 0)
(0, 2, 15)
(4, 2, 0)
(4, 5, 0)
(8, 3, 0)
(13, 1, 3)
(15, 1, 0)
(15, 2, 0)
(13, 2, 0)
(7, 1, 0)
(7, 2, 0)
(6, 2, 0)
(13, 3, 0)
(5, 2, 0)
(6, 4, 16)
(0, 3, 0)
(15, 3, 9)
(9, 4, 0)
(10, 2, 0)
(12, 2, 16)
FIXINGS_END
found_sol 3496.0 time 4.989
found_sol 3496.0 time 9.628
time 49.082
GUROBI
Status OPTIMAL
Runtime 49.08161497116089
NodeCount 26953.0
IterCount 2112025.0
NumVars 3120
NumConstrs 9467
ObjBound 3496.0
ObjBoundC 3496.0
ObjVal 3496.0
MIPGap 0.0
