
Gurobi 13.0.0 (linux64) logging started Fri Jan  2 02:47:13 2026

Set parameter LogFile to value "../experiments/network-n_50_s_0_rp_0-app_set-id_30_15_apps/compact_model_gurobi.log"
Set parameter TimeLimit to value 900
Gurobi Optimizer version 13.0.0 build v13.0.0rc1 (linux64 - "Ubuntu 24.04.3 LTS")

CPU model: Intel(R) Core(TM) Ultra 7 165H, instruction set [SSE2|AVX|AVX2]
Thread count: 22 physical cores, 22 logical processors, using up to 22 threads

Non-default parameters:
TimeLimit  900
LogToConsole  0

Academic license 2539022 - for non-commercial use only - registered to al___@studenti.unimi.it
Optimize a model with 22936 rows, 4900 columns and 52600 nonzeros (Min)
Model fingerprint: 0xbdbfb8a2
Model has 4900 linear objective coefficients
Model has 166 quadratic constraints
Variable types: 0 continuous, 4900 integer (4900 binary)
Coefficient statistics:
  Matrix range     [1e+00, 9e+02]
  QMatrix range    [5e+01, 2e+02]
  Objective range  [1e+01, 2e+02]
  Bounds range     [1e+00, 1e+00]
  RHS range        [1e+00, 1e+09]
  QRHS range       [1e+02, 6e+02]
Presolve removed 21690 rows and 3023 columns
Presolve time: 0.26s
Presolved: 25073 rows, 25547 columns, 151537 nonzeros
Variable types: 0 continuous, 25547 integer (25547 binary)
Deterministic concurrent LP optimizer: primal and dual simplex
Showing primal log only...

Concurrent spin time: 0.00s

Solved with dual simplex

Root relaxation: objective 3.114272e+03, 1574 iterations, 0.36 seconds (0.33 work units)

    Nodes    |    Current Node    |     Objective Bounds      |     Work
 Expl Unexpl |  Obj  Depth IntInf | Incumbent    BestBd   Gap | It/Node Time

     0     0 3114.27199    0  173          - 3114.27199      -     -    1s
     0     0 3114.30329    0  169          - 3114.30329      -     -    1s
H    0     0                    3863.0000000 3114.30329  19.4%     -    2s
H    0     0                    3797.0000000 3151.56182  17.0%     -    2s
     0     0 3151.56182    0  195 3797.00000 3151.56182  17.0%     -    2s
H    0     0                    3618.0000000 3151.56182  12.9%     -    2s
H    0     0                    3602.0000000 3151.56182  12.5%     -    2s
     0     0 3161.92971    0  220 3602.00000 3161.92971  12.2%     -    2s
     0     0 3162.35127    0  225 3602.00000 3162.35127  12.2%     -    2s
     0     0 3162.41442    0  231 3602.00000 3162.41442  12.2%     -    2s
     0     0 3176.70891    0  270 3602.00000 3176.70891  11.8%     -    3s
     0     0 3179.16365    0  236 3602.00000 3179.16365  11.7%     -    3s
     0     0 3179.73590    0  228 3602.00000 3179.73590  11.7%     -    3s
     0     0 3179.83860    0  231 3602.00000 3179.83860  11.7%     -    3s
     0     0 3187.78949    0  248 3602.00000 3187.78949  11.5%     -    4s
H    0     0                    3596.0000000 3187.78949  11.4%     -    4s
H    0     0                    3590.0000000 3187.78949  11.2%     -    4s
H    0     0                    3500.0000000 3187.78949  8.92%     -    4s
     0     0 3189.73513    0  245 3500.00000 3189.73513  8.86%     -    5s
     0     0 3190.93076    0  240 3500.00000 3190.93076  8.83%     -    5s
     0     0 3192.66319    0  239 3500.00000 3192.66319  8.78%     -    5s
     0     0 3193.23906    0  255 3500.00000 3193.23906  8.76%     -    6s
     0     0 3194.59416    0  243 3500.00000 3194.59416  8.73%     -    6s
     0     0 3194.60461    0  237 3500.00000 3194.60461  8.73%     -    6s
     0     0 3194.60461    0  225 3500.00000 3194.60461  8.73%     -    6s
     0     2 3194.69606    0  220 3500.00000 3194.69606  8.72%     -    7s
    51    74 3212.04537    6  254 3500.00000 3202.59768  8.50%   419   10s
H   78   120                    3300.0000000 3203.34558  2.93%   395   12s
H   83   120                    3297.0000000 3203.34558  2.84%   384   12s
H   86   120                    3280.0000000 3203.34558  2.34%   382   12s
   224   261 3218.09459    9  239 3280.00000 3203.34558  2.34%   292   15s
H  286   300                    3276.0000000 3205.11811  2.16%   262   16s
H  374   380                    3275.0000000 3205.11811  2.13%   242   18s
   464   431 3235.46383   15  175 3275.00000 3205.11811  2.13%   226   20s
H  487   431                    3269.0000000 3205.11811  1.95%   226   20s
H  595   498                    3265.0000000 3210.30858  1.68%   218   22s
H  603   498                    3264.0000000 3210.30858  1.64%   218   22s
H  635   510                    3263.0000000 3210.30858  1.61%   216   23s
   734   552 3258.51314   21  188 3263.00000 3210.30858  1.61%   212   25s
H  961   645                    3261.0000000 3211.49313  1.52%   201   28s
  1034   699 3231.92018   11  213 3261.00000 3214.46227  1.43%   198   31s
H 1275   791                    3260.0000000 3215.63492  1.36%   188   34s
  1301   824 3254.10974   19  170 3260.00000 3215.63492  1.36%   188   36s
  1630   935 3248.29393   12  119 3260.00000 3217.09804  1.32%   177   40s
  1889  1008 3230.43217   12  197 3260.00000 3219.54104  1.24%   174   46s
  2092  1034 3256.65337   19  216 3260.00000 3220.07217  1.22%   172   50s
  2476  1071     cutoff   16      3260.00000 3222.47497  1.15%   171   55s
  2999  1162 3258.86504   19  201 3260.00000 3226.50396  1.03%   167   61s
  3384  1236 3235.36169   14  159 3260.00000 3227.81616  0.99%   164   66s
  3900  1263 3257.37500   26   29 3260.00000 3230.16935  0.92%   157   70s
  4376  1421 infeasible   13      3260.00000 3232.54002  0.84%   155   75s
  5024  1504 3253.73834   11  171 3260.00000 3234.38960  0.79%   149   80s
  5656  1615 3257.70545   30  185 3260.00000 3235.55011  0.75%   145   85s
  6347  1715 3249.03489   36 4343 3260.00000 3237.31031  0.70%   141   92s
  6361  1724 3249.60939   17  298 3260.00000 3237.31031  0.70%   141   95s
  6389  1743 3252.27053   26  306 3260.00000 3237.31031  0.70%   140  100s
  6443  1810 3237.31031   15  217 3260.00000 3237.31031  0.70%   144  105s
  6683  1830     cutoff   20      3260.00000 3237.31031  0.70%   145  110s
  6899  1820 3253.27483   21  171 3260.00000 3237.31031  0.70%   146  115s
  7088  1811 3237.31031   20  173 3260.00000 3237.31031  0.70%   147  121s
  7253  1799 3250.07050   24   99 3260.00000 3237.31031  0.70%   147  125s
  7504  1793 3244.37980   26  215 3260.00000 3237.31031  0.70%   146  130s
  7913  1769 3256.21427   18  151 3260.00000 3237.31031  0.70%   144  136s
  8263  1778     cutoff   29      3260.00000 3237.31031  0.70%   142  140s
  8755  1786 3247.24274   30   82 3260.00000 3237.31031  0.70%   140  145s
  9456  1803 3251.37537   27   59 3260.00000 3239.22427  0.64%   136  151s
 10357  1740 3252.59439   18  153 3260.00000 3242.24467  0.54%   132  156s
 11092  1681     cutoff   29      3260.00000 3243.62249  0.50%   128  160s
 12078  1652     cutoff   27      3260.00000 3244.63523  0.47%   125  167s
H12270  1592                    3258.0000000 3245.06846  0.40%   124  167s
 12802  1619 3256.51482   25  121 3258.00000 3245.74907  0.38%   122  171s
 13934  1575     cutoff   31      3258.00000 3246.90651  0.34%   118  175s
 14981  1528 3255.42415   30  121 3258.00000 3248.12121  0.30%   115  180s
 16285  1298 3254.49731   27  106 3258.00000 3249.75663  0.25%   111  185s
 17788   760     cutoff   35      3258.00000 3251.61213  0.20%   108  191s

Cutting planes:
  Gomory: 3
  Cover: 245
  Clique: 32
  MIR: 125
  Knapsack: 11
  StrongCG: 121
  Flow cover: 70
  GUB cover: 16
  Inf proof: 1
  Zero half: 120
  RLT: 179
  Relax-and-lift: 56
  BQP: 43

Explored 19534 nodes (2009987 simplex iterations) in 193.54 seconds (102.77 work units)
Thread count was 22 (of 22 available processors)

Solution count 10: 3258 3260 3261 ... 3280

Optimal solution found (tolerance 1.00e-04)
Best objective 3.258000000000e+03, best bound 3.258000000000e+03, gap 0.0000%

User-callback calls 53515, time in user-callback 0.16 sec
