
Gurobi 13.0.0 (linux64) logging started Mon Jan  5 01:25:12 2026

Set parameter LogFile to value "../experiments/network-n_40_s_0_rp_0-app_set-id_36_17_apps/compact_model_gurobi.log"
Set parameter TimeLimit to value 900
Gurobi Optimizer version 13.0.0 build v13.0.0rc1 (linux64 - "Ubuntu 24.04.3 LTS")

CPU model: Intel(R) Core(TM) Ultra 7 165H, instruction set [SSE2|AVX|AVX2]
Thread count: 22 physical cores, 22 logical processors, using up to 22 threads

Non-default parameters:
TimeLimit  900
LogToConsole  0

Academic license 2539022 - for non-commercial use only - registered to al___@studenti.unimi.it
Optimize a model with 12865 rows, 4400 columns and 31576 nonzeros (Min)
Model fingerprint: 0x03cb2892
Model has 4400 linear objective coefficients
Model has 128 quadratic constraints
Variable types: 0 continuous, 4400 integer (4400 binary)
Coefficient statistics:
  Matrix range     [1e+00, 9e+02]
  QMatrix range    [5e+01, 2e+02]
  Objective range  [1e+01, 2e+02]
  Bounds range     [1e+00, 1e+00]
  RHS range        [1e+00, 1e+09]
  QRHS range       [1e+02, 6e+02]
Presolve removed 11990 rows and 2831 columns
Presolve time: 0.12s
Presolved: 13549 rows, 14116 columns, 81533 nonzeros
Variable types: 0 continuous, 14116 integer (14116 binary)

Root relaxation: objective 4.592319e+03, 2091 iterations, 0.19 seconds (0.29 work units)

    Nodes    |    Current Node    |     Objective Bounds      |     Work
 Expl Unexpl |  Obj  Depth IntInf | Incumbent    BestBd   Gap | It/Node Time

     0     0 4592.31887    0  244          - 4592.31887      -     -    0s
     0     0 infeasible    0               - infeasible      -     -    2s

Cutting planes:
  Gomory: 9
  Cover: 20
  Clique: 10
  MIR: 16
  Knapsack: 7
  StrongCG: 13
  GUB cover: 6
  Zero half: 30
  RLT: 52
  Relax-and-lift: 36
  BQP: 27

Explored 1 nodes (4999 simplex iterations) in 2.32 seconds (1.91 work units)
Thread count was 22 (of 22 available processors)

Solution count 0

Model is infeasible
Best objective -, best bound -, gap -

User-callback calls 956, time in user-callback 0.00 sec
