
Gurobi 13.0.0 (linux64) logging started Sun Jan  4 04:14:26 2026

Set parameter LogFile to value "../experiments/network-n_60_s_2_rp_0-app_set-id_46_20_apps/compact_model_gurobi.log"
Set parameter TimeLimit to value 900
Gurobi Optimizer version 13.0.0 build v13.0.0rc1 (linux64 - "Ubuntu 24.04.3 LTS")

CPU model: Intel(R) Core(TM) Ultra 7 165H, instruction set [SSE2|AVX|AVX2]
Thread count: 22 physical cores, 22 logical processors, using up to 22 threads

Non-default parameters:
TimeLimit  900
LogToConsole  0

Academic license 2539022 - for non-commercial use only - registered to al___@studenti.unimi.it
Optimize a model with 50443 rows, 7800 columns and 111888 nonzeros (Min)
Model fingerprint: 0xfe7a2470
Model has 7800 linear objective coefficients
Model has 190 quadratic constraints
Variable types: 0 continuous, 7800 integer (7800 binary)
Coefficient statistics:
  Matrix range     [1e+00, 9e+02]
  QMatrix range    [5e+01, 2e+02]
  Objective range  [1e+01, 2e+02]
  Bounds range     [1e+00, 1e+00]
  RHS range        [1e+00, 1e+09]
  QRHS range       [1e+02, 6e+02]
Presolve removed 48477 rows and 4504 columns
Presolve time: 0.72s
Presolved: 46931 rows, 48073 columns, 302273 nonzeros
Variable types: 0 continuous, 48073 integer (48073 binary)
Deterministic concurrent LP optimizer: primal and dual simplex
Showing primal log only...

Concurrent spin time: 0.17s (can be avoided by choosing Method=3)

Solved with dual simplex

Root relaxation: objective 5.185879e+03, 5209 iterations, 0.87 seconds (1.34 work units)

    Nodes    |    Current Node    |     Objective Bounds      |     Work
 Expl Unexpl |  Obj  Depth IntInf | Incumbent    BestBd   Gap | It/Node Time

     0     0 5185.87850    0  291          - 5185.87850      -     -    3s
     0     0 5207.63251    0  306          - 5207.63251      -     -    6s
     0     0 5207.89402    0  306          - 5207.89402      -     -    6s
     0     0 5240.36273    0  356          - 5240.36273      -     -    7s
     0     0 5241.21511    0  361          - 5241.21511      -     -    8s
     0     0 5241.23717    0  368          - 5241.23717      -     -    8s
     0     0 5255.11746    0  423          - 5255.11746      -     -   10s
     0     0 5261.83206    0  434          - 5261.83206      -     -   11s
     0     0 5263.93592    0  449          - 5263.93592      -     -   11s
     0     0 5264.07739    0  479          - 5264.07739      -     -   11s
     0     0 5278.70122    0  473          - 5278.70122      -     -   14s
     0     0 5284.60476    0  496          - 5284.60476      -     -   15s
     0     0 5285.41390    0  494          - 5285.41390      -     -   16s
     0     0 5294.65427    0  501          - 5294.65427      -     -   18s
     0     0 5296.30247    0  556          - 5296.30247      -     -   19s
     0     0 5297.29165    0  518          - 5297.29165      -     -   20s
     0     0 5297.29170    0  506          - 5297.29170      -     -   20s
     0     0 5297.29170    0  496          - 5297.29170      -     -   20s
     0     2 5297.29239    0  489          - 5297.29239      -     -   25s
    15    32 5301.05190    4  451          - 5299.01496      -   930   31s
    53   109 5306.66310    6  462          - 5299.66991      -   692   35s
   153   190 5308.44114    8  474          - 5299.76524      -   488   40s
   244   264 5406.47757   10  376          - 5299.76524      -   473   45s
   362   364 5311.50282   12  454          - 5299.76524      -   497   51s
   428   420 5348.70733   14  387          - 5299.76524      -   522   56s
   498   490 5349.51106   17  384          - 5299.76524      -   516   60s
   613   588 5355.05657   21  374          - 5299.76524      -   499   66s
   665   646 5378.21465   23  400          - 5299.76524      -   491   70s
   764   755 5360.67620   26  358          - 5299.76524      -   464   77s
   858   828 5361.96249   31  316          - 5299.76524      -   437   81s
   921   892 5365.07656   33  342          - 5299.76524      -   425   86s
   992   979 5363.43091   34  337          - 5299.76524      -   413   91s
  1107  1128 5369.09652   39  306          - 5299.76524      -   397   96s
  1268  1271 5367.51738   45  308          - 5299.76524      -   374  101s
  1416  1411 5368.87992   48  282          - 5299.76524      -   357  107s
  1491  1460 5370.84149   49  287          - 5299.76524      -   353  110s
  1584  1558 5375.02434   50  313          - 5299.76524      -   355  116s
H 1707  1632                    6095.0000000 5299.76524  13.0%   354  119s
  1730  1748 5393.17043   51  341 6095.00000 5299.76524  13.0%   356  122s
  1864  1892 5388.50557   55  290 6095.00000 5299.76524  13.0%   352  126s
H 2022  2068                    6085.0000000 5299.76524  12.9%   346  129s
H 2027  2068                    6073.0000000 5299.76524  12.7%   346  129s
  2200  2217 5431.25095   61  333 6073.00000 5299.76524  12.7%   334  133s
  2379  2375 5438.86497   66  301 6073.00000 5299.76524  12.7%   325  136s
  2561  2430 5467.64666   77  263 6073.00000 5301.43171  12.7%   320  140s
H 2564  2430                    5866.0000000 5301.43171  9.62%   320  140s
  2853  2779 5495.59272   82  263 5866.00000 5301.43171  9.62%   308  148s
  3038  2891 infeasible   89      5866.00000 5301.43171  9.62%   307  153s
  3189  3001 5309.81368   12  539 5866.00000 5301.43171  9.62%   311  158s
  3339  3023 5347.71029   14  479 5866.00000 5301.43171  9.62%   317  163s
  3365  3040 5348.31126   15  466 5866.00000 5301.43171  9.62%   318  167s
  3392  3063 5350.04436   16  473 5866.00000 5301.43171  9.62%   319  172s
H 3408  3060                    5825.0000000 5301.43171  8.99%   320  172s
H 3425  3113                    5738.0000000 5301.43171  7.61%   321  178s
H 3426  3105                    5732.0000000 5301.43171  7.51%   321  178s
H 3432  3104                    5730.0000000 5301.43171  7.48%   321  178s
H 3446  3065                    5685.0000000 5301.43171  6.75%   321  178s
  3503  3270 5351.52296   18  421 5685.00000 5301.43171  6.75%   322  183s
  3712  3477 5357.74882   26  393 5685.00000 5301.43171  6.75%   319  188s
  3933  3667 5367.98660   34  355 5685.00000 5301.58755  6.74%   317  194s
H 3948  3663                    5683.0000000 5301.58755  6.71%   317  194s
  4142  3965 5385.78769   41  342 5683.00000 5301.58755  6.71%   314  199s
  4484  4149 5436.23141   54  374 5683.00000 5301.58755  6.71%   307  205s
  4740  4309 5469.85411   61  389 5683.00000 5301.81390  6.71%   308  213s
  4968  4442 5556.52853   67  358 5683.00000 5301.81390  6.71%   312  220s
  5130  4443 5667.27191   90 21575 5683.00000 5301.81390  6.71%   314  243s
  5132  4444 5305.54335   17  334 5683.00000 5301.81390  6.71%   314  252s
  5133  4445 5372.91456   21  449 5683.00000 5301.81390  6.71%   314  256s
  5135  4446 5337.81997   12  537 5683.00000 5301.81390  6.71%   314  261s
  5137  4448 5492.61552  132  554 5683.00000 5303.18282  6.68%   314  267s
  5139  4449 5490.52774   55  669 5683.00000 5307.89340  6.60%   313  270s
  5144  4452 5378.80727   53  672 5683.00000 5312.67046  6.52%   313  275s
  5151  4457 5451.79465   60  686 5683.00000 5316.07647  6.46%   313  280s
  5158  4462 5566.89975  100  649 5683.00000 5320.56802  6.38%   312  287s
  5161  4464 5350.70022   19  701 5683.00000 5323.20910  6.33%   312  291s
  5169  4469 5506.39007   75  731 5683.00000 5323.80503  6.32%   312  295s
  5172  4471 5373.42950   56  686 5683.00000 5328.65840  6.24%   311  300s
  5180  4476 5480.11962   60  717 5683.00000 5329.92133  6.21%   311  305s
  5189  4482 5605.29704   86  782 5683.00000 5330.92622  6.20%   310  310s
  5201  4490 5591.36576   74  720 5683.00000 5332.12090  6.17%   310  315s
  5210  4496 5574.42176  129  691 5683.00000 5332.87116  6.16%   309  320s
H 5211  4270                    5676.0000000 5333.56121  6.03%   309  321s
  5220  4276 5554.42840   53  712 5676.00000 5333.85944  6.03%   309  326s
  5230  4283 5667.27191   90  750 5676.00000 5334.24729  6.02%   308  331s
  5238  4288 5528.62226   40  748 5676.00000 5334.69166  6.01%   308  335s
  5251  4297 5451.79465   60  772 5676.00000 5334.89703  6.01%   307  340s
  5262  4304 5420.80878   24  715 5676.00000 5335.06275  6.01%   306  345s
  5273  4311 5361.81958   32  766 5676.00000 5335.23211  6.00%   305  350s
  5276  4313 5636.39392  101  753 5676.00000 5337.58854  5.96%   305  355s
H 5280  4098                    5675.0000000 5337.83905  5.94%   305  358s
H 5280  3891                    5655.0000000 5337.83905  5.61%   305  358s
  5282  3892 5591.15830   77  781 5655.00000 5338.14469  5.60%   305  360s
  5294  3900 5385.56117   13  756 5655.00000 5338.56542  5.60%   304  365s
  5305  3908 5422.59424   26  775 5655.00000 5338.68986  5.59%   304  370s
  5313  3913 5499.88327   41  778 5655.00000 5338.88105  5.59%   303  375s
  5322  3919 5502.68572   65  796 5655.00000 5338.93140  5.59%   303  381s
  5330  3926 5655.00000   90 21540 5655.00000 5338.94391  5.59%   317  392s
  5332  3927 5338.94391   17  343 5655.00000 5338.94391  5.59%   317  401s
  5333  3928 5372.91456   21  439 5655.00000 5338.94391  5.59%   317  407s
  5334  3929 5470.83990   19  518 5655.00000 5338.94391  5.59%   317  413s
  5335  3929 5338.94920   12  496 5655.00000 5338.94920  5.59%   317  417s
  5336  3930 5370.36037   27  498 5655.00000 5339.23224  5.58%   317  420s
  5338  3931 5528.62226   40  636 5655.00000 5339.23224  5.58%   316  426s
  5340  3933 5472.96653   21  692 5655.00000 5339.23224  5.58%   316  431s
  5346  3937 5461.74911  111  756 5655.00000 5339.23224  5.58%   316  435s
  5358  3945 5566.89975  100  726 5655.00000 5339.26297  5.58%   315  441s
  5363  3948 5372.11542   36  699 5655.00000 5339.34018  5.58%   315  445s
  5369  3952 5506.39007   75  709 5655.00000 5339.37149  5.58%   315  451s
  5375  3956 5600.62723  103  764 5655.00000 5339.39408  5.58%   314  455s
H 5377  3758                    5654.0000000 5339.41272  5.56%   314  456s
  5383  3762 5362.58833   48  725 5654.00000 5339.48506  5.56%   314  460s
  5391  3768 5387.51145   38  717 5654.00000 5340.06506  5.55%   313  465s
  5400  3774 5366.76208   43  733 5654.00000 5340.13273  5.55%   313  470s
  5406  3778 5374.55934   53  763 5654.00000 5340.16336  5.55%   312  475s
  5413  3782 5499.88327   41  757 5654.00000 5341.02683  5.54%   312  480s
  5422  3788 5502.68572   65  712 5654.00000 5341.43456  5.53%   311  485s
H 5423  3598                    5649.0000000 5341.45728  5.44%   311  486s
H 5424  3417                    5638.0000000 5341.50876  5.26%   311  487s
  5430  3421 5638.00000   90  740 5638.00000 5341.63232  5.26%   311  490s
  5442  3429 5479.74826   97  715 5638.00000 5341.74726  5.25%   310  495s
  5451  3435 5451.79465   60  741 5638.00000 5341.84184  5.25%   310  501s
H 5451  3262                    5615.0000000 5341.84246  4.86%   310  503s
  5453  3263 5444.25150   69  745 5615.00000 5341.84246  4.86%   310  506s
  5456  3265 5463.99837   74  716 5615.00000 5342.01884  4.86%   310  518s
  5457  3269 5347.16141   27  573 5615.00000 5342.04399  4.86%   322  531s
  5459  3272 5351.78369   28  581 5615.00000 5347.66553  4.76%   323  541s
  5463  3279 5352.02926   29  609 5615.00000 5351.78409  4.69%   325  551s
  5471  3292 5353.61123   30  634 5615.00000 5352.03181  4.68%   328  561s
  5487  3309 5354.88514   31  632 5615.00000 5353.62062  4.66%   335  574s
  5509  3361 5355.15327   32  634 5615.00000 5354.88514  4.63%   344  593s
  5569  3368 5355.98493   34  646 5615.00000 5354.88514  4.63%   351  610s
  5596  3403 5375.19239   34  634 5615.00000 5354.88514  4.63%   355  625s
  5640  3432 5356.58934   35  632 5615.00000 5354.88514  4.63%   361  639s
  5683  3461 5358.96393   36  575 5615.00000 5354.88514  4.63%   365  652s
  5727  3491 5360.57273   37  588 5615.00000 5354.88514  4.63%   369  665s
  5771  3498 5360.20269   38  546 5615.00000 5354.88514  4.63%   376  676s
H 5774  3331                    5607.0000000 5354.88514  4.50%   376  676s
  5793  3367 5370.99577   38  507 5607.00000 5354.88514  4.50%   379  689s
  5835  3399 5360.28185   39  515 5607.00000 5354.88514  4.50%   385  700s
  5881  3405 5364.57158   40  506 5607.00000 5354.88514  4.50%   391  708s
  5903  3421 5366.25815   40  489 5607.00000 5354.88514  4.50%   395  718s
  5927  3435 5365.02743   41  527 5607.00000 5354.88514  4.50%   399  729s
  5954  3453 5377.66169   41  464 5607.00000 5354.88514  4.50%   402  739s
  5983  3467 5365.54301   42  506 5607.00000 5356.59358  4.47%   406  750s
  6007  3488 5377.95485   42  601 5607.00000 5356.59358  4.47%   411  759s
  6040  3518 5366.35472   43  502 5607.00000 5356.59358  4.47%   414  770s
  6081  3555 5374.27570   43  566 5607.00000 5356.59358  4.47%   419  780s
  6133  3598 5367.65269   44  474 5607.00000 5356.59358  4.47%   423  792s
  6194  3641 5367.84301   45  447 5607.00000 5356.59358  4.47%   429  803s
  6263  3685 5368.51698   46  444 5607.00000 5356.59358  4.47%   433  814s
  6333  3725 5378.18559   47  410 5607.00000 5356.59358  4.47%   438  827s
  6396  3773 5369.96641   48  402 5607.00000 5356.59358  4.47%   443  841s
  6465  3822 5370.77210   50  434 5607.00000 5356.59358  4.47%   449  854s
  6539  3867 5372.92068   51  469 5607.00000 5356.59358  4.47%   454  867s
  6610  3920 5385.91540   52  487 5607.00000 5356.59358  4.47%   459  882s
  6691  3969 5374.78092   53  431 5607.00000 5356.59358  4.47%   464  900s

Cutting planes:
  Gomory: 1
  Cover: 250
  Clique: 67
  MIR: 366
  Knapsack: 17
  StrongCG: 234
  Flow cover: 334
  GUB cover: 26
  Zero half: 51
  Mod-K: 2
  RLT: 167
  Relax-and-lift: 500
  BQP: 29

Explored 6774 nodes (3197309 simplex iterations) in 900.05 seconds (1187.24 work units)
Thread count was 22 (of 22 available processors)

Solution count 10: 5607 5615 5638 ... 5685

Time limit reached
Best objective 5.607000000000e+03, best bound 5.357000000000e+03, gap 4.4587%

User-callback calls 146363, time in user-callback 0.86 sec
