FIXINGS_START
(0, 0, 0)
(1, 0, 0)
(1, 6, 0)
(2, 0, 0)
(2, 4, 0)
(3, 0, 0)
(4, 0, 0)
(5, 0, 0)
(6, 0, 0)
(6, 6, 0)
(7, 0, 0)
(7, 6, 0)
(8, 0, 0)
(8, 9, 0)
(9, 0, 0)
(10, 0, 0)
(10, 7, 0)
(11, 2, 0)
(12, 0, 0)
(12, 7, 0)
(13, 0, 0)
(14, 0, 0)
(14, 6, 0)
(16, 0, 0)
(17, 0, 0)
(18, 0, 0)
(18, 9, 0)
(19, 0, 0)
(17, 3, 0)
(4, 1, 0)
(9, 1, 37)
(6, 5, 0)
(11, 1, 0)
(16, 2, 34)
(10, 5, 0)
(3, 3, 0)
(16, 3, 0)
(10, 6, 0)
(19, 1, 28)
(0, 1, 0)
(19, 2, 28)
(8, 2, 33)
(5, 5, 8)
(15, 0, 0)
(8, 3, 33)
(13, 1, 22)
(13, 2, 0)
(8, 4, 0)
(17, 4, 0)
(16, 4, 0)
(8, 6, 5)
(18, 4, 0)
(5, 6, 0)
(15, 2, 0)
(16, 5, 0)
(0, 2, 0)
(12, 5, 0)
(18, 5, 0)
(18, 6, 0)
(18, 7, 0)
(14, 1, 0)
(1, 2, 1)
(1, 4, 0)
(1, 5, 0)
(7, 7, 0)
(14, 3, 0)
(14, 8, 0)
(14, 9, 0)
(2, 2, 0)
FIXINGS_END
found_sol 5803.0 time 43.162
found_sol 5801.0 time 44.651
found_sol 5727.0 time 89.266
found_sol 5603.0 time 110.717
found_sol 5600.0 time 127.017
found_sol 5591.0 time 127.018
found_sol 5576.0 time 168.306
found_sol 5564.0 time 172.670
found_sol 5547.0 time 299.325
found_sol 5546.0 time 307.340
time 818.201
GUROBI
Status TIME_LIMIT
Runtime 818.2007210254669
NodeCount 17248.0
IterCount 6504910.0
NumVars 7800
NumConstrs 50512
ObjBound 5414.0
ObjBoundC 5413.927130344442
ObjVal 5546.0
MIPGap 0.023800937612693834
