FIXINGS_START
(0, 0, 0)
(1, 0, 0)
(1, 6, 0)
(2, 0, 0)
(2, 4, 0)
(3, 0, 0)
(4, 0, 0)
(5, 0, 0)
(6, 0, 0)
(6, 6, 0)
(7, 0, 0)
(7, 6, 0)
(8, 0, 0)
(8, 9, 0)
(9, 0, 0)
(10, 0, 0)
(10, 7, 0)
(11, 2, 0)
(12, 0, 0)
(12, 7, 0)
(13, 0, 0)
(14, 0, 0)
(14, 6, 0)
(16, 0, 0)
(17, 0, 0)
(18, 0, 0)
(18, 9, 0)
(19, 0, 0)
(17, 3, 0)
(0, 1, 0)
(3, 3, 0)
(5, 5, 8)
(15, 0, 0)
(4, 1, 0)
(17, 4, 0)
(18, 4, 0)
(12, 1, 7)
(5, 6, 0)
(19, 1, 28)
(0, 2, 0)
(7, 7, 0)
(13, 1, 22)
(14, 1, 0)
(1, 2, 1)
(0, 4, 18)
(11, 0, 25)
(16, 2, 34)
(8, 1, 5)
(13, 2, 0)
(18, 5, 0)
(19, 2, 28)
(9, 1, 34)
(18, 6, 0)
(11, 1, 0)
(8, 2, 33)
(8, 4, 0)
(8, 5, 33)
(2, 1, 19)
(14, 3, 0)
(2, 2, 0)
(2, 3, 16)
(2, 5, 37)
(1, 4, 0)
(1, 5, 0)
(16, 3, 0)
(18, 7, 0)
(14, 8, 0)
(16, 4, 0)
(14, 9, 0)
FIXINGS_END
found_sol 5643.0 time 0.002
found_sol 5643.0 time 0.619
found_sol 5643.0 time 42.391
found_sol 5643.0 time 892.027
time 892.043
GUROBI
Status TIME_LIMIT
Runtime 892.04261302948
NodeCount 48964.0
IterCount 11536901.0
NumVars 7800
NumConstrs 50512
ObjBound 5569.0
ObjBoundC 5568.893917038368
ObjVal 5643.0
MIPGap 0.013113592060960482
