FIXINGS_START
(0, 0, 0)
(1, 0, 0)
(1, 6, 0)
(2, 0, 0)
(2, 4, 0)
(3, 0, 0)
(4, 0, 0)
(5, 0, 0)
(6, 0, 0)
(6, 6, 0)
(7, 0, 0)
(7, 6, 0)
(8, 0, 0)
(8, 9, 0)
(9, 0, 0)
(10, 0, 0)
(10, 7, 0)
(11, 2, 0)
(12, 0, 0)
(12, 7, 0)
(13, 0, 0)
(14, 0, 0)
(14, 6, 0)
(16, 0, 0)
(17, 0, 0)
(18, 0, 0)
(18, 9, 0)
(19, 0, 0)
(17, 3, 0)
(0, 1, 0)
(3, 3, 0)
(5, 5, 8)
(15, 0, 0)
(4, 1, 0)
(17, 4, 0)
(18, 4, 0)
(12, 1, 7)
(5, 6, 0)
(19, 1, 28)
(0, 2, 0)
(7, 7, 0)
(13, 1, 22)
(14, 1, 0)
(1, 2, 1)
(0, 4, 18)
(11, 0, 25)
(16, 2, 34)
(8, 1, 5)
(13, 2, 0)
(18, 5, 0)
(19, 2, 28)
(9, 1, 34)
(18, 6, 0)
(11, 1, 0)
(8, 2, 33)
(8, 4, 0)
(8, 5, 33)
(2, 1, 19)
(14, 3, 0)
FIXINGS_END
found_sol 6462.0 time 48.878
found_sol 6457.0 time 64.870
found_sol 6462.0 time 69.421
found_sol 6421.0 time 71.237
found_sol 6370.0 time 71.362
found_sol 6344.0 time 75.498
found_sol 6280.0 time 87.600
found_sol 6277.0 time 88.356
found_sol 6177.0 time 89.240
found_sol 6155.0 time 91.000
found_sol 6142.0 time 91.001
found_sol 6077.0 time 91.003
found_sol 6068.0 time 91.004
found_sol 6006.0 time 96.218
found_sol 5994.0 time 98.463
found_sol 5958.0 time 106.348
found_sol 5896.0 time 106.350
found_sol 5782.0 time 141.750
found_sol 5772.0 time 189.536
found_sol 5752.0 time 189.538
found_sol 5748.0 time 197.314
found_sol 5743.0 time 197.317
found_sol 5731.0 time 215.776
found_sol 5684.0 time 277.101
found_sol 5672.0 time 277.103
found_sol 5669.0 time 282.804
found_sol 5660.0 time 327.147
found_sol 5643.0 time 433.856
time 892.007
GUROBI
Status TIME_LIMIT
Runtime 892.0066900253296
NodeCount 23426.0
IterCount 7161003.0
NumVars 7800
NumConstrs 50502
ObjBound 5545.0
ObjBoundC 5544.266289291616
ObjVal 5643.0
MIPGap 0.017366648945596315
