
Gurobi 13.0.0 (linux64) logging started Sun Jan 18 10:27:02 2026

Set parameter LogFile to value "../experiments/network-n_60_s_2_rp_0-app_set-id_46_20_apps/submip_30_epr1_model_gurobi.log"
Set parameter TimeLimit to value 8.2208743201900506e+02
Gurobi Optimizer version 13.0.0 build v13.0.0rc1 (linux64 - "Ubuntu 24.04.3 LTS")

CPU model: Intel(R) Core(TM) Ultra 7 165H, instruction set [SSE2|AVX|AVX2]
Thread count: 22 physical cores, 22 logical processors, using up to 22 threads

Non-default parameters:
TimeLimit  8.2208743201900506e+02
LogToConsole  0

Academic license 2539022 - for non-commercial use only - registered to al___@studenti.unimi.it
Optimize a model with 50502 rows, 7800 columns and 111947 nonzeros (Min)
Model fingerprint: 0x311d20d2
Model has 7800 linear objective coefficients
Model has 190 quadratic constraints
Variable types: 0 continuous, 7800 integer (7800 binary)
Coefficient statistics:
  Matrix range     [1e+00, 9e+02]
  QMatrix range    [5e+01, 2e+02]
  Objective range  [1e+01, 2e+02]
  Bounds range     [1e+00, 1e+00]
  RHS range        [1e+00, 1e+09]
  QRHS range       [1e+02, 6e+02]

MIP start from previous solve did not produce a new incumbent solution
MIP start from previous solve violates constraint fixed_app_9_microservice_1 by 1.000000000

Presolve removed 49526 rows and 5860 columns
Presolve time: 0.28s
Presolved: 21288 rows, 22045 columns, 133089 nonzeros
Variable types: 0 continuous, 22045 integer (22045 binary)
Deterministic concurrent LP optimizer: primal and dual simplex
Showing primal log only...

Concurrent spin time: 0.13s (can be avoided by choosing Method=3)

Solved with dual simplex

Root relaxation: objective 5.236241e+03, 3630 iterations, 0.79 seconds (0.70 work units)

    Nodes    |    Current Node    |     Objective Bounds      |     Work
 Expl Unexpl |  Obj  Depth IntInf | Incumbent    BestBd   Gap | It/Node Time

     0     0 5236.24101    0  204          - 5236.24101      -     -    1s
     0     0 5236.82234    0  196          - 5236.82234      -     -    1s
     0     0 5269.03385    0  205          - 5269.03385      -     -    3s
     0     0 5269.05133    0  201          - 5269.05133      -     -    3s
     0     0 5278.71445    0  222          - 5278.71445      -     -    3s
     0     0 5278.87315    0  222          - 5278.87315      -     -    3s
     0     0 5293.58423    0  247          - 5293.58423      -     -    5s
     0     0 5299.96118    0  297          - 5299.96118      -     -    5s
     0     0 5301.80987    0  297          - 5301.80987      -     -    6s
     0     0 5304.70934    0  296          - 5304.70934      -     -    6s
     0     0 5304.78994    0  311          - 5304.78994      -     -    6s
     0     0 5327.84111    0  286          - 5327.84111      -     -    8s
     0     0 5331.15731    0  323          - 5331.15731      -     -    9s
     0     0 5332.79045    0  344          - 5332.79045      -     -    9s
     0     0 5339.74590    0  342          - 5339.74590      -     -   10s
     0     0 5341.25894    0  354          - 5341.25894      -     -   10s
     0     0 5343.15075    0  393          - 5343.15075      -     -   11s
     0     0 5343.15399    0  383          - 5343.15399      -     -   11s
     0     0 5343.15399    0  376          - 5343.15399      -     -   11s
     0     2 5343.15424    0  367          - 5343.15424      -     -   13s
     3     7 5343.92032    2  355          - 5343.56132      -   379   15s
   119   150 5347.28933    9  340          - 5345.15950      -   291   20s
   290   306 5353.85682   16  304          - 5345.15950      -   300   25s
   395   402 5377.70310   18  336          - 5345.15950      -   367   30s
   517   523 infeasible   21               - 5345.15950      -   416   36s
   600   596 5420.15711   26  244          - 5345.15950      -   417   40s
   682   682 5420.29033   30  241          - 5345.15950      -   412   45s
   820   823 5426.46115   42  263          - 5345.15950      -   387   51s
   958   970 5439.58715   56  225          - 5345.15950      -   367   55s
  1140  1192 5449.95026   41  234          - 5345.15950      -   343   60s
  1408  1422 5477.71663   48  209          - 5345.15950      -   317   65s
  1623  1620 5484.45653   57  178          - 5345.15950      -   298   72s
H 1686  1620                    5997.0000000 5345.15950  10.9%   295   72s
H 1876  1840                    5985.0000000 5345.94995  10.7%   283   76s
H 1897  1840                    5925.0000000 5345.94995  9.77%   283   76s
  2096  2108 5382.78482    8  320 5925.00000 5345.94995  9.77%   281   81s
  2432  2323 5385.44630   10  316 5925.00000 5345.94995  9.77%   276   86s
H 2559  2355                    5911.0000000 5345.94995  9.56%   280   89s
  2612  2468 5409.69759   18  335 5911.00000 5345.94995  9.56%   286   91s
  2947  2721 5423.97819   30  297 5911.00000 5346.29998  9.55%   285   98s
  3097  2777 5423.58104   28  308 5911.00000 5346.46387  9.55%   288  101s
H 3152  2777                    5883.0000000 5346.46387  9.12%   288  101s
H 3163  2936                    5815.0000000 5346.46387  8.06%   289  104s
  3355  3056 5456.66719   41  231 5815.00000 5346.46387  8.06%   287  108s
  3535  3057 5596.19100   56 9483 5815.00000 5346.46387  8.06%   290  115s
  3538  3059 5612.75543   75  317 5815.00000 5346.46387  8.06%   290  120s
  3542  3062 5548.07780   97  393 5815.00000 5346.46387  8.06%   290  126s
  3546  3064 5531.30921   94  485 5815.00000 5350.84608  7.98%   289  130s
  3556  3071 5425.67361   17  516 5815.00000 5360.99767  7.81%   288  135s
  3569  3080 5543.90094   83  507 5815.00000 5363.39916  7.77%   287  140s
  3584  3090 5446.21419   53  501 5815.00000 5366.09769  7.72%   286  145s
H 3587  2936                    5806.0000000 5367.10002  7.56%   286  146s
H 3596  2794                    5704.0000000 5367.88012  5.89%   285  150s
  3613  2805 5385.91010   17  495 5704.00000 5368.95358  5.87%   284  155s
  3632  2818 5400.22602   16  547 5704.00000 5370.13644  5.85%   282  160s
  3646  2827 5531.30921   94  558 5704.00000 5370.65159  5.84%   281  165s
  3661  2837 5438.79193   46  552 5704.00000 5371.09091  5.84%   280  170s
  3670  2844 5417.36831   33 9483 5704.00000 5371.09335  5.84%   292  176s
  3672  2845 5557.27481   56  210 5704.00000 5371.09335  5.84%   291  180s
  3675  2847 5704.00000  100  364 5704.00000 5371.09335  5.84%   291  185s
  3678  2849 5419.34866   30  440 5704.00000 5372.10283  5.82%   291  190s
  3691  2858 5436.12934   65  504 5704.00000 5372.10283  5.82%   290  195s
  3704  2867 5411.37592   49  502 5704.00000 5372.10283  5.82%   289  200s
  3710  2871 5448.63162   33  496 5704.00000 5372.10283  5.82%   288  205s
  3714  2873 5411.65541   16  500 5704.00000 5372.11465  5.82%   288  211s
  3717  2880 5377.85798   20  457 5704.00000 5372.16823  5.82%   296  217s
  3721  2887 5381.16801   21  440 5704.00000 5381.16801  5.66%   297  222s
H 3729  2755                    5701.0000000 5381.16822  5.61%   299  230s
  3745  2772 5387.19425   23  485 5701.00000 5383.81239  5.56%   307  238s
  3767  2799 5388.99760   24  504 5701.00000 5387.20899  5.50%   314  246s
  3801  2822 5389.68416   25  474 5701.00000 5387.20899  5.50%   319  254s
  3836  2841 5450.75883   25  397 5701.00000 5387.20899  5.50%   325  263s
  3867  2863 5397.66399   26  450 5701.00000 5387.20899  5.50%   335  271s
  3900  2890 5441.11333   26  430 5701.00000 5387.20899  5.50%   340  280s
  3938  2921 5397.95808   27  456 5701.00000 5387.20899  5.50%   350  289s
  3982  2945 5403.92500   27  439 5701.00000 5387.20899  5.50%   357  297s
  4023  2980 5399.00939   28  426 5701.00000 5387.20899  5.50%   363  305s
  4072  3005 5409.51091   28  473 5701.00000 5387.20899  5.50%   372  312s
  4117  3042 5400.44496   29  482 5701.00000 5387.20899  5.50%   379  319s
  4169  3080 5401.24425   30  487 5701.00000 5387.20899  5.50%   386  326s
  4225  3112 5409.29510   31  371 5701.00000 5387.20899  5.50%   391  331s
  4283  3147 5411.53082   32  402 5701.00000 5387.20899  5.50%   395  337s
  4346  3182 5431.96456   33  405 5701.00000 5387.20899  5.50%   399  343s
  4409  3221 5414.76275   33  376 5701.00000 5388.62205  5.48%   403  349s
  4481  3249 5414.96622   35  373 5701.00000 5391.34583  5.43%   408  355s
  4541  3285 5434.44149   36  369 5701.00000 5391.45229  5.43%   414  362s
  4600  3329 5420.62595   37  322 5701.00000 5391.45229  5.43%   420  369s
  4672  3368 5424.48827   38  325 5701.00000 5391.45229  5.43%   424  376s
  4735  3412 5428.59908   39  323 5701.00000 5391.45229  5.43%   430  383s
  4802  3468 5428.73646   40  361 5701.00000 5391.45229  5.43%   433  390s
  4886  3523 5463.52671   41  333 5701.00000 5391.45229  5.43%   436  398s
  4986  3553 5438.91902   43  290 5701.00000 5393.09800  5.40%   437  406s
  5060  3612 5445.46965   44  299 5701.00000 5393.09800  5.40%   441  414s
  5148  3663 5453.60871   45  294 5701.00000 5393.09800  5.40%   443  422s
  5254  3721 5455.44436   47  304 5701.00000 5393.09800  5.40%   443  431s
  5357  3794 5485.06630   48  304 5701.00000 5393.09800  5.40%   446  440s
  5476  3861 5506.48822   50  293 5701.00000 5393.09800  5.40%   446  450s
  5594  3930 5459.98696   53  220 5701.00000 5394.54569  5.38%   447  459s
  5704  4021 5575.55457   55  205 5701.00000 5394.54569  5.38%   450  469s
  5843  4116 5477.38046   59  189 5701.00000 5394.54569  5.38%   449  479s
  6016  4250 5482.74466   64  165 5701.00000 5394.54569  5.38%   448  488s
  6271  4379 5498.08185   70  215 5701.00000 5394.54569  5.38%   442  499s
  6576  4489 5557.19212   80  137 5701.00000 5394.54569  5.38%   435  510s
H 6897  4181                    5631.0000000 5394.54569  4.20%   428  520s
  6994  4319 5421.08246   30  364 5631.00000 5394.54569  4.20%   429  530s
  7244  4461 5461.03549   40  232 5631.00000 5394.82069  4.19%   428  542s
  7507  4620 5505.66760   58  273 5631.00000 5394.82069  4.19%   425  555s
  7783  4866 5404.72807   35  340 5631.00000 5394.82069  4.19%   422  567s
  8196  4880 5419.53388   42  264 5631.00000 5394.82069  4.19%   415  580s
  8415  4879 5455.74451   48  206 5631.00000 5394.82069  4.19%   414  591s
  8516  5109 5539.05045   63  170 5631.00000 5394.82069  4.19%   414  604s
H 8661  4828                    5607.0000000 5394.82069  3.78%   412  604s
  8804  5019 5426.83376   33  228 5607.00000 5394.82069  3.78%   412  618s
  9087  5158 5442.29379   40  295 5607.00000 5396.74932  3.75%   409  632s
  9372  5358 5504.53729   46  243 5607.00000 5396.74932  3.75%   407  646s
  9752  5494 5539.02815   76  208 5607.00000 5396.74932  3.75%   406  662s
 10087  5665 5528.26734   29  410 5607.00000 5399.50365  3.70%   404  678s
 10437  5745 5562.11293   36  314 5607.00000 5399.50365  3.70%   404  695s
 10691  5960 5583.84299   39  318 5607.00000 5399.50365  3.70%   401  712s
 11046  6220 5433.39253   28  410 5607.00000 5399.50365  3.70%   401  728s
 11548  6532 5464.86753   34  409 5607.00000 5399.50365  3.70%   398  747s
 11972  6827 5491.49372   40  339 5607.00000 5399.50365  3.70%   398  766s
 12308  7264 5560.81252   52  224 5607.00000 5399.50365  3.70%   400  785s
 12833  7720 5439.52077   29  338 5607.00000 5399.50365  3.70%   398  805s
 13375  8141 5452.72831   39  357 5607.00000 5399.50365  3.70%   398  822s

Cutting planes:
  Gomory: 4
  Cover: 722
  Implied bound: 5
  Clique: 101
  MIR: 505
  Mixing: 1
  Knapsack: 15
  StrongCG: 434
  Flow cover: 349
  GUB cover: 19
  Zero half: 54
  RLT: 125
  Relax-and-lift: 400
  BQP: 10

Explored 13866 nodes (5523062 simplex iterations) in 822.17 seconds (724.03 work units)
Thread count was 22 (of 22 available processors)

Solution count 10: 5607 5631 5701 ... 5985

Time limit reached
Best objective 5.607000000000e+03, best bound 5.400000000000e+03, gap 3.6918%

User-callback calls 118887, time in user-callback 0.74 sec
Set parameter LogToConsole to value 0
