
Gurobi 13.0.0 (linux64) logging started Wed Jan 14 19:49:37 2026

Set parameter LogFile to value "../experiments/network-n_60_s_2_rp_0-app_set-id_96_37_apps/compact_model_gurobi.log"
Set parameter TimeLimit to value 900
Gurobi Optimizer version 13.0.0 build v13.0.0rc1 (linux64 - "Ubuntu 24.04.3 LTS")

CPU model: Intel(R) Core(TM) Ultra 7 165H, instruction set [SSE2|AVX|AVX2]
Thread count: 22 physical cores, 22 logical processors, using up to 22 threads

Non-default parameters:
TimeLimit  900
LogToConsole  0

Academic license 2539022 - for non-commercial use only - registered to al___@studenti.unimi.it
Optimize a model with 91569 rows, 14400 columns and 203786 nonzeros (Min)
Model fingerprint: 0xb98a4542
Model has 14400 linear objective coefficients
Model has 190 quadratic constraints
Variable types: 0 continuous, 14400 integer (14400 binary)
Coefficient statistics:
  Matrix range     [1e+00, 9e+02]
  QMatrix range    [5e+01, 2e+02]
  Objective range  [1e+01, 2e+02]
  Bounds range     [1e+00, 1e+00]
  RHS range        [1e+00, 1e+09]
  QRHS range       [1e+02, 6e+02]
Presolve removed 86869 rows and 7775 columns
Presolve time: 0.24s
Presolved: 107689 rows, 109424 columns, 673190 nonzeros
Variable types: 0 continuous, 109424 integer (109424 binary)
Performing another presolve...
Presolve removed 3103 rows and 3028 columns
Presolve time: 1.10s
Deterministic concurrent LP optimizer: primal simplex, dual simplex, and barrier
Showing barrier log only...

Root barrier log...

Ordering time: 6.03s
Elapsed ordering time = 6s
Ordering time: 6.64s

Barrier performed 0 iterations in 9.66 seconds (5.93 work units)
Barrier solve interrupted - model solved by another algorithm

Concurrent spin time: 5.82s (can be avoided by choosing Method=3)

Solved with dual simplex

Root relaxation: infeasible, 14045 iterations, 7.92 seconds (3.55 work units)

    Nodes    |    Current Node    |     Objective Bounds      |     Work
 Expl Unexpl |  Obj  Depth IntInf | Incumbent    BestBd   Gap | It/Node Time

     0     0 infeasible    0               - infeasible      -     -    9s

Explored 1 nodes (14045 simplex iterations) in 9.67 seconds (5.93 work units)
Thread count was 22 (of 22 available processors)

Solution count 0

Model is infeasible
Best objective -, best bound -, gap -

User-callback calls 1325, time in user-callback 0.00 sec
