found_sol 5281.0 time 0.293
found_sol 5258.0 time 1.273
found_sol 4792.0 time 1.367
found_sol 4772.0 time 1.373
found_sol 4766.0 time 1.892
found_sol 4416.0 time 1.999
found_sol 4231.0 time 2.295
found_sol 4152.0 time 2.298
found_sol 4149.0 time 2.302
found_sol 3785.0 time 2.460
found_sol 3768.0 time 2.462
found_sol 3717.0 time 4.046
found_sol 3716.0 time 4.048
found_sol 3694.0 time 4.166
found_sol 3690.0 time 4.169
found_sol 3686.0 time 4.172
found_sol 3626.0 time 4.178
found_sol 3620.0 time 4.623
found_sol 3608.0 time 4.625
found_sol 3582.0 time 4.736
found_sol 3577.0 time 9.019
found_sol 3576.0 time 9.022
found_sol 3575.0 time 9.785
found_sol 3572.0 time 9.788
found_sol 3567.0 time 10.351
found_sol 3562.0 time 41.985
found_sol 3562.0 time 48.580
found_sol 3567.0 time 48.582
found_sol 3572.0 time 48.584
found_sol 3560.0 time 85.668
found_sol 3560.0 time 137.204
time 137.212
GUROBI
Status OPTIMAL
Runtime 137.21184301376343
NodeCount 33275.0
IterCount 2512918.0
NumVars 5200
NumConstrs 21479
ObjBound 3560.0
ObjBoundC 3560.0
ObjVal 3560.0
MIPGap 0.0
