
Gurobi 13.0.0 (linux64) logging started Fri Jan  2 03:11:45 2026

Set parameter LogFile to value "../experiments/network-n_50_s_0_rp_0-app_set-id_34_16_apps/compact_model_gurobi.log"
Set parameter TimeLimit to value 900
Gurobi Optimizer version 13.0.0 build v13.0.0rc1 (linux64 - "Ubuntu 24.04.3 LTS")

CPU model: Intel(R) Core(TM) Ultra 7 165H, instruction set [SSE2|AVX|AVX2]
Thread count: 22 physical cores, 22 logical processors, using up to 22 threads

Non-default parameters:
TimeLimit  900
LogToConsole  0

Academic license 2539022 - for non-commercial use only - registered to al___@studenti.unimi.it
Optimize a model with 21479 rows, 5200 columns and 50108 nonzeros (Min)
Model fingerprint: 0x23516160
Model has 5200 linear objective coefficients
Model has 166 quadratic constraints
Variable types: 0 continuous, 5200 integer (5200 binary)
Coefficient statistics:
  Matrix range     [1e+00, 9e+02]
  QMatrix range    [5e+01, 2e+02]
  Objective range  [1e+01, 2e+02]
  Bounds range     [1e+00, 1e+00]
  RHS range        [1e+00, 1e+09]
  QRHS range       [1e+02, 6e+02]
Presolve removed 20315 rows and 3134 columns
Presolve time: 0.26s
Presolved: 25593 rows, 26332 columns, 154081 nonzeros
Variable types: 0 continuous, 26332 integer (26332 binary)
Found heuristic solution: objective 5281.0000000
Deterministic concurrent LP optimizer: primal and dual simplex
Showing primal log only...

Concurrent spin time: 0.00s

Solved with dual simplex

Root relaxation: objective 3.462504e+03, 1477 iterations, 0.36 seconds (0.31 work units)

    Nodes    |    Current Node    |     Objective Bounds      |     Work
 Expl Unexpl |  Obj  Depth IntInf | Incumbent    BestBd   Gap | It/Node Time

     0     0 3462.50437    0  147 5281.00000 3462.50437  34.4%     -    1s
H    0     0                    5258.0000000 3462.50437  34.1%     -    1s
H    0     0                    4792.0000000 3462.50437  27.7%     -    1s
H    0     0                    4772.0000000 3462.50437  27.4%     -    1s
H    0     0                    4766.0000000 3462.50437  27.3%     -    1s
H    0     0                    4416.0000000 3463.35819  21.6%     -    1s
     0     0 3484.69876    0  172 4416.00000 3484.69876  21.1%     -    2s
H    0     0                    4231.0000000 3484.69876  17.6%     -    2s
H    0     0                    4152.0000000 3484.69876  16.1%     -    2s
H    0     0                    4149.0000000 3484.69876  16.0%     -    2s
H    0     0                    3785.0000000 3498.36449  7.57%     -    2s
H    0     0                    3768.0000000 3498.36449  7.16%     -    2s
     0     0 3498.36449    0  163 3768.00000 3498.36449  7.16%     -    2s
     0     0 3499.17172    0  156 3768.00000 3499.17172  7.13%     -    2s
     0     0 3499.27431    0  152 3768.00000 3499.27431  7.13%     -    2s
     0     0 3505.30701    0  215 3768.00000 3505.30701  6.97%     -    3s
     0     0 3507.23114    0  216 3768.00000 3507.23114  6.92%     -    3s
     0     0 3508.21862    0  217 3768.00000 3508.21862  6.89%     -    3s
     0     0 3508.31427    0  224 3768.00000 3508.31427  6.89%     -    3s
H    0     0                    3717.0000000 3515.51704  5.42%     -    4s
H    0     0                    3716.0000000 3515.51704  5.40%     -    4s
     0     0 3515.51704    0  235 3716.00000 3515.51704  5.40%     -    4s
H    0     0                    3694.0000000 3515.51704  4.83%     -    4s
H    0     0                    3690.0000000 3515.51704  4.73%     -    4s
H    0     0                    3686.0000000 3515.51704  4.63%     -    4s
H    0     0                    3626.0000000 3515.51704  3.05%     -    4s
     0     0 3516.10492    0  222 3626.00000 3516.10492  3.03%     -    4s
H    0     0                    3620.0000000 3516.10492  2.87%     -    4s
H    0     0                    3608.0000000 3516.10492  2.55%     -    4s
H    0     0                    3582.0000000 3517.12877  1.81%     -    4s
     0     0 3517.12877    0  228 3582.00000 3517.12877  1.81%     -    4s
     0     0 3517.67989    0  229 3582.00000 3517.67989  1.80%     -    4s
     0     0 3518.71696    0  225 3582.00000 3518.71696  1.77%     -    5s
     0     0 3518.77486    0  223 3582.00000 3518.77486  1.77%     -    5s
     0     0 3518.77486    0  223 3582.00000 3518.77486  1.77%     -    5s
     0     2 3518.77486    0  222 3582.00000 3518.77486  1.77%     -    5s
H   59    92                    3577.0000000 3524.15676  1.48%   240    9s
H   65    92                    3576.0000000 3524.15676  1.45%   229    9s
H   92   143                    3575.0000000 3524.15676  1.42%   211    9s
H  104   143                    3572.0000000 3524.15676  1.34%   201    9s
H  142   190                    3567.0000000 3524.15676  1.20%   177   10s
   457   464 3534.06168   13  197 3567.00000 3524.34627  1.20%   150   15s
   796   742 3544.89066   19  164 3567.00000 3525.40773  1.17%   132   20s
  1258  1095 3561.31544   34   92 3567.00000 3526.07960  1.15%   117   25s
  1678  1342 3553.77414   19  171 3567.00000 3526.07960  1.15%   112   30s
  2172  1699 3537.95130   12  195 3567.00000 3528.10524  1.09%   109   35s
  2691  1999 3565.79712   30  192 3567.00000 3528.83671  1.07%   107   40s
H 2826  1877                    3562.0000000 3530.07209  0.90%   107   41s
  3088  1960 3539.30650   13  184 3562.00000 3530.15141  0.89%   107   45s
  3410  2115 3535.51211   20  212 3562.00000 3530.15141  0.89%   104   50s
  3578  2258 3538.43325   23  200 3562.00000 3531.26252  0.86%   108   55s
  4034  2344 3550.30799   29  156 3562.00000 3535.96642  0.73%   108   60s
  4785  2502 3556.58873   30  155 3562.00000 3538.92601  0.65%   105   65s
  5895  2672 3546.48275   28  109 3562.00000 3539.37719  0.64%   100   70s
  7110  2737 3551.15116   24  151 3562.00000 3542.89043  0.54%  97.1   75s
  8072  2800 3558.49539   37  127 3562.00000 3543.70542  0.51%  94.5   80s
  9660  2855 3553.46499   24  153 3562.00000 3544.80544  0.48%  91.5   85s
H 9999  2696                    3560.0000000 3545.26270  0.41%  91.0   85s
 11306  3017     cutoff   33      3560.00000 3546.20860  0.39%  89.7   90s
 12588  3358 3557.26244   39  145 3560.00000 3547.12557  0.36%  88.7   95s
 14654  3689     cutoff   33      3560.00000 3548.32511  0.33%  87.2  101s
 16666  3867     cutoff   28      3560.00000 3549.42566  0.30%  86.4  106s
 18181  3952     cutoff   36      3560.00000 3550.06010  0.28%  85.3  110s
 20855  4001 3556.04391   35  168 3560.00000 3551.19918  0.25%  83.6  115s
 22469  3859 3554.85451   34   73 3560.00000 3551.91500  0.23%  82.7  120s
 25088  3438 3555.17444   37  204 3560.00000 3552.84945  0.20%  81.3  127s
 27722  2628     cutoff   32      3560.00000 3554.01693  0.17%  79.8  131s
 30752   735 3556.85451   33   91 3560.00000 3555.30658  0.13%  78.1  136s

Cutting planes:
  Gomory: 9
  Lift-and-project: 2
  Cover: 258
  Clique: 19
  MIR: 135
  Knapsack: 8
  StrongCG: 96
  Flow cover: 64
  GUB cover: 6
  Inf proof: 2
  Zero half: 54
  RLT: 111
  Relax-and-lift: 47
  BQP: 51

Explored 33275 nodes (2512918 simplex iterations) in 137.21 seconds (64.56 work units)
Thread count was 22 (of 22 available processors)

Solution count 10: 3560 3562 3567 ... 3620

Optimal solution found (tolerance 1.00e-04)
Best objective 3.560000000000e+03, best bound 3.560000000000e+03, gap 0.0000%

User-callback calls 77328, time in user-callback 0.16 sec
