
Gurobi 13.0.0 (linux64) logging started Sat Jan  3 04:38:14 2026

Set parameter LogFile to value "../experiments/network-n_60_s_0_rp_0-app_set-id_38_17_apps/compact_model_gurobi.log"
Set parameter TimeLimit to value 900
Gurobi Optimizer version 13.0.0 build v13.0.0rc1 (linux64 - "Ubuntu 24.04.3 LTS")

CPU model: Intel(R) Core(TM) Ultra 7 165H, instruction set [SSE2|AVX|AVX2]
Thread count: 22 physical cores, 22 logical processors, using up to 22 threads

Non-default parameters:
TimeLimit  900
LogToConsole  0

Academic license 2539022 - for non-commercial use only - registered to al___@studenti.unimi.it
Optimize a model with 39696 rows, 6600 columns and 88622 nonzeros (Min)
Model fingerprint: 0x0524bcd8
Model has 6600 linear objective coefficients
Model has 200 quadratic constraints
Variable types: 0 continuous, 6600 integer (6600 binary)
Coefficient statistics:
  Matrix range     [1e+00, 9e+02]
  QMatrix range    [5e+01, 2e+02]
  Objective range  [1e+01, 2e+02]
  Bounds range     [1e+00, 1e+00]
  RHS range        [1e+00, 1e+09]
  QRHS range       [1e+02, 6e+02]
Presolve removed 38073 rows and 3811 columns
Presolve time: 0.52s
Presolved: 43058 rows, 43998 columns, 270585 nonzeros
Variable types: 0 continuous, 43998 integer (43998 binary)
Deterministic concurrent LP optimizer: primal and dual simplex
Showing primal log only...

Concurrent spin time: 0.00s

Solved with dual simplex

Root relaxation: objective 3.943765e+03, 2929 iterations, 0.88 seconds (0.94 work units)

    Nodes    |    Current Node    |     Objective Bounds      |     Work
 Expl Unexpl |  Obj  Depth IntInf | Incumbent    BestBd   Gap | It/Node Time

     0     0 3943.76462    0  315          - 3943.76462      -     -    2s
     0     0 4014.11436    0  314          - 4014.11436      -     -    5s
     0     0 4014.39835    0  315          - 4014.39835      -     -    5s
     0     0 4035.49713    0  315          - 4035.49713      -     -    6s
     0     0 4041.82222    0  341          - 4041.82222      -     -    6s
     0     0 4041.96560    0  341          - 4041.96560      -     -    7s
H    0     0                    7008.0000000 4041.96560  42.3%     -    8s
     0     0 4062.61166    0  393 7008.00000 4062.61166  42.0%     -    8s
H    0     0                    6993.0000000 4062.61166  41.9%     -    8s
H    0     0                    6968.0000000 4062.61166  41.7%     -    9s
     0     0 4070.51555    0  339 6968.00000 4070.51555  41.6%     -   10s
     0     0 4076.01327    0  376 6968.00000 4076.01327  41.5%     -   11s
     0     0 4079.00519    0  356 6968.00000 4079.00519  41.5%     -   12s
     0     0 4079.35173    0  350 6968.00000 4079.35173  41.5%     -   12s
     0     0 4092.03225    0  344 6968.00000 4092.03225  41.3%     -   14s
H    0     0                    5390.0000000 4092.03225  24.1%     -   14s
H    0     0                    5339.0000000 4092.03225  23.4%     -   14s
H    0     0                    5103.0000000 4096.50814  19.7%     -   15s
H    0     0                    5088.0000000 4096.50814  19.5%     -   15s
H    0     0                    5085.0000000 4096.50814  19.4%     -   15s
H    0     0                    5060.0000000 4096.50814  19.0%     -   15s
H    0     0                    5047.0000000 4096.50814  18.8%     -   15s
     0     0 4096.50814    0  351 5047.00000 4096.50814  18.8%     -   15s
     0     0 4097.64115    0  345 5047.00000 4097.64115  18.8%     -   15s
H    0     0                    4959.0000000 4097.64115  17.4%     -   16s
H    0     0                    4898.0000000 4097.64115  16.3%     -   16s
H    0     0                    4882.0000000 4097.64115  16.1%     -   16s
H    0     0                    4880.0000000 4097.64115  16.0%     -   16s
H    0     0                    4879.0000000 4103.92933  15.9%     -   17s
H    0     0                    4877.0000000 4103.92933  15.9%     -   17s
     0     0 4103.92933    0  379 4877.00000 4103.92933  15.9%     -   17s
H    0     0                    4853.0000000 4105.29620  15.4%     -   17s
H    0     0                    4834.0000000 4105.29620  15.1%     -   17s
H    0     0                    4830.0000000 4105.29620  15.0%     -   17s
H    0     0                    4828.0000000 4105.29620  15.0%     -   17s
H    0     0                    4807.0000000 4105.29620  14.6%     -   17s
     0     0 4105.29620    0  449 4807.00000 4105.29620  14.6%     -   17s
H    0     0                    4798.0000000 4107.18330  14.4%     -   18s
     0     0 4107.18330    0  420 4798.00000 4107.18330  14.4%     -   19s
     0     0 4107.18645    0  413 4798.00000 4107.18645  14.4%     -   19s
     0     0 4107.18645    0  397 4798.00000 4107.18645  14.4%     -   19s
H    0     0                    4739.0000000 4107.19174  13.3%     -   21s
     0     2 4107.19174    0  394 4739.00000 4107.19174  13.3%     -   21s
    15    32 4116.75434    4  404 4739.00000 4111.48502  13.2%   621   26s
H   18    32                    4717.0000000 4111.48502  12.8%   592   26s
    53   108 4125.09863    6  326 4717.00000 4116.49736  12.7%   617   31s
H   66   108                    4612.0000000 4116.49736  10.7%   559   31s
   154   194 4128.62256    9  287 4612.00000 4116.51760  10.7%   424   36s
H  162   194                    4594.0000000 4116.51760  10.4%   419   36s
H  164   194                    4527.0000000 4116.51760  9.07%   416   36s
   236   282 4133.32825   11  276 4527.00000 4116.51760  9.07%   381   40s
H  284   323                    4509.0000000 4116.51760  8.70%   362   43s
H  286   323                    4506.0000000 4116.51760  8.64%   360   43s
H  300   323                    4448.0000000 4116.51760  7.45%   361   43s
   324   369 4138.06447   12  267 4448.00000 4116.51760  7.45%   356   45s
H  415   453                    4438.0000000 4116.51760  7.24%   331   49s
H  415   453                    4401.0000000 4116.51760  6.46%   331   49s
H  416   453                    4384.0000000 4116.51760  6.10%   330   49s
H  419   453                    4367.0000000 4116.51760  5.74%   330   49s
H  434   453                    4336.0000000 4116.51760  5.06%   328   49s
   454   493 4136.19170   15  279 4336.00000 4116.51760  5.06%   323   50s
   516   539 4138.54473   16  292 4336.00000 4116.51760  5.06%   320   55s
   564   592 4138.64580   17  290 4336.00000 4116.51760  5.06%   315   60s
   645   671 4146.48842   22  235 4336.00000 4116.51760  5.06%   304   66s
   697   729 4144.85793   23  238 4336.00000 4116.51760  5.06%   301   71s
H  754   756                    4335.0000000 4116.51760  5.04%   297   73s
   757   822 4147.82198   25  235 4335.00000 4116.51760  5.04%   297   75s
   901   942 4156.32859   27  207 4335.00000 4116.51760  5.04%   281   80s
H  945   942                    4283.0000000 4116.51760  3.89%   281   80s
H  966  1000                    4279.0000000 4116.51760  3.80%   281   83s
H  971  1000                    4274.0000000 4116.51760  3.68%   282   83s
  1019  1061 4149.45934   28  252 4274.00000 4116.51760  3.68%   278   86s
H 1091  1103                    4272.0000000 4116.51760  3.64%   277   89s
H 1102  1103                    4220.0000000 4116.51760  2.45%   276   89s
  1137  1128 4152.04952   30  248 4220.00000 4116.51760  2.45%   275   92s
  1234  1190 4154.55062   32  234 4220.00000 4116.56637  2.45%   270   95s
H 1276  1190                    4212.0000000 4116.56637  2.27%   265   95s
H 1310  1244                    4211.0000000 4116.56637  2.24%   267   98s
H 1362  1244                    4203.0000000 4116.56637  2.06%   266   98s
  1389  1276 4158.19492   39  206 4203.00000 4116.56637  2.06%   266  102s
H 1460  1270                    4200.0000000 4116.56637  1.99%   267  105s
H 1535  1254                    4198.0000000 4116.56637  1.94%   266  109s
H 1538  1254                    4195.0000000 4116.56637  1.87%   267  109s
  1605  1289 4165.53812   48  167 4195.00000 4119.28073  1.80%   266  113s
  1700  1275 4179.73720   50  131 4195.00000 4119.28073  1.80%   263  117s
  1782  1264 4171.99700   52  147 4195.00000 4119.28073  1.80%   258  121s
  1887  1320 4187.10599   55  169 4195.00000 4120.69683  1.77%   258  125s
  2194  1482 4149.74476   10  286 4195.00000 4120.70406  1.77%   247  133s
  2339  1592 4156.86995   15  270 4195.00000 4121.25587  1.76%   243  137s
  2510  1693 4171.94211   21  239 4195.00000 4121.28023  1.76%   240  141s
  2676  1792 4186.97446   30  200 4195.00000 4121.28023  1.76%   237  146s
  2847  1869 infeasible    6      4195.00000 4121.28023  1.76%   235  151s
  2944  2021 4138.89058    7  340 4195.00000 4121.28023  1.76%   235  156s
  3147  2022 4152.94480   15 16252 4195.00000 4121.28023  1.76%   232  168s
  3149  2023 4173.79813   29  304 4195.00000 4121.28023  1.76%   232  173s
  3151  2025 4186.91154   29  299 4195.00000 4121.28023  1.76%   232  175s
  3155  2027 4126.29032   11  343 4195.00000 4121.28023  1.76%   231  180s
  3165  2034 4184.16418    6  362 4195.00000 4121.28023  1.76%   231  185s
  3176  2041 4144.03414   10  456 4195.00000 4121.28023  1.76%   230  190s
  3187  2049 4144.68852   19  432 4195.00000 4121.80568  1.74%   229  195s
  3200  2057 4148.68554   54  415 4195.00000 4123.01336  1.72%   228  200s
  3210  2064 4191.21228   45  422 4195.00000 4124.97404  1.67%   227  205s
  3222  2072 4184.80310   18  448 4195.00000 4125.65827  1.65%   227  210s
  3233  2079 4161.57612   25  443 4195.00000 4126.27599  1.64%   226  215s
  3247  2089 4152.94480   15  529 4195.00000 4126.64098  1.63%   225  220s
  3257  2095 4139.35658   24  479 4195.00000 4127.22529  1.62%   224  225s
  3271  2105 4129.19976   16  426 4195.00000 4129.19976  1.57%   223  230s
  3282  2112 4187.34004   27  481 4195.00000 4130.12971  1.55%   222  235s
  3293  2119 4187.76827   42  521 4195.00000 4131.06934  1.52%   222  240s
  3305  2127 4133.55186   19  411 4195.00000 4131.42855  1.52%   221  245s
  3322  2139 4184.80310   18  470 4195.00000 4131.67267  1.51%   220  250s
H 3326  2030                    4192.0000000 4131.88044  1.43%   220  257s
  3327  2031 4136.11605   34  463 4192.00000 4131.88044  1.43%   219  261s
H 3327  1929                    4191.0000000 4131.88044  1.41%   230  262s
  3330  1934 4133.20834   14  357 4191.00000 4132.28643  1.40%   230  266s
H 3334  1841                    4190.0000000 4133.20834  1.36%   231  271s
H 3339  1745                    4188.0000000 4133.53029  1.30%   232  271s
  3342  1760 4146.32566   16  340 4188.00000 4134.28672  1.28%   233  278s
  3358  1775 4153.73833   17  318 4188.00000 4136.43391  1.23%   236  285s
  3380  1819 4161.42479   18  310 4188.00000 4136.96702  1.22%   240  294s
  3437  1842 infeasible   19      4188.00000 4138.04434  1.19%   242  300s
  3489  1862 4151.13977   19  297 4188.00000 4138.04434  1.19%   245  306s
  3540  1887 4160.56625   21  247 4188.00000 4138.04434  1.19%   247  311s
  3591  1903 4165.45688   22  258 4188.00000 4138.04434  1.19%   249  316s
  3642  1925 4166.87106   24  234 4188.00000 4138.04434  1.19%   249  321s
  3693  1946 4167.83435   27  203 4188.00000 4138.12055  1.19%   250  325s
  3742  1965 4171.82513   29  197 4188.00000 4138.12055  1.19%   251  330s
  3848  1985 4179.16799   35  118 4188.00000 4139.84343  1.15%   254  339s
  3899  1998 4181.23704   38  111 4188.00000 4139.84343  1.15%   254  343s
  3952  2001 4181.59288   32  216 4188.00000 4139.84343  1.15%   254  348s
  3998  2007 4182.75869   33  190 4188.00000 4139.84343  1.15%   255  352s
  4049  2019 4184.84969   36  160 4188.00000 4140.63270  1.13%   256  357s
  4099  2028 4148.43980   19  290 4188.00000 4140.68434  1.13%   258  362s
  4150  2041 4149.62165   20  280 4188.00000 4141.71611  1.11%   258  367s
  4207  2058 4181.51785   22  243 4188.00000 4142.09926  1.10%   258  372s
  4260  2063 4175.32144   21  254 4188.00000 4142.09926  1.10%   258  377s
  4334  2070     cutoff   23      4188.00000 4142.27079  1.09%   258  384s
  4408  2086 4184.51444   25  272 4188.00000 4142.27079  1.09%   257  389s
  4479  2106     cutoff   30      4188.00000 4142.43853  1.09%   258  395s
  4564  2134 4149.08851   24  335 4188.00000 4142.43853  1.09%   258  402s
  4665  2169 4152.04443   27  301 4188.00000 4142.43853  1.09%   258  408s
  4772  2195 4160.71261   31  213 4188.00000 4142.43853  1.09%   258  414s
  4872  2247 4163.53921   40  229 4188.00000 4143.49115  1.06%   259  420s
  4994  2301 4176.07186   48  205 4188.00000 4143.49115  1.06%   259  426s
  5147  2335 4168.41621   41  298 4188.00000 4143.53204  1.06%   258  433s
  5287  2394 4186.15213   45  212 4188.00000 4143.53204  1.06%   259  440s
  5456  2441 4184.31672   51  194 4188.00000 4143.53204  1.06%   259  447s
  5652  2456 4172.09800   23  335 4188.00000 4143.53204  1.06%   259  454s
  5801  2529 4172.75999   24  328 4188.00000 4143.53204  1.06%   257  462s
  6039  2507 4180.89449   32  270 4188.00000 4144.06710  1.05%   255  470s
  6131  2613 4185.97829   36  264 4188.00000 4144.57760  1.04%   255  477s
  6362  2595 4159.88466   21  241 4188.00000 4145.07912  1.02%   254  485s
  6472  2659 4167.15439   25  293 4188.00000 4146.28831  1.00%   254  493s
  6643  2789 4170.48908   30  292 4188.00000 4146.28831  1.00%   253  502s
  6935  2831 4184.62736   48  204 4188.00000 4146.67478  0.99%   251  511s
  7177  2895 4162.36126   26  332 4188.00000 4146.67478  0.99%   250  521s
  7425  2989 4171.25607   34  249 4188.00000 4146.67478  0.99%   249  530s
  7681  3069 4179.43886   44  290 4188.00000 4146.67478  0.99%   247  540s
  8009  3085 4156.37542   27  234 4188.00000 4147.02197  0.98%   245  550s
  8316  3098 4161.74150   31  232 4188.00000 4147.87105  0.96%   245  561s
  8549  3199 4172.40655   37  213 4188.00000 4147.87105  0.96%   247  571s
  8900  3400 4177.11302   45  223 4188.00000 4147.87105  0.96%   247  582s
  9225  3602 4161.93913   44  174 4188.00000 4149.71898  0.91%   247  593s
  9623  3782 4179.61513   59  170 4188.00000 4149.92526  0.91%   247  605s
 10029  3969 4166.14381   26  217 4188.00000 4149.92526  0.91%   246  619s
 10406  4232 4173.46970   32  184 4188.00000 4150.18715  0.90%   245  632s
 10822  4278 4164.48139   33  218 4188.00000 4150.18715  0.90%   244  645s
 10899  4326 4165.88918   34  202 4188.00000 4150.18715  0.90%   243  657s
 10980  4581 4166.63079   35  206 4188.00000 4150.18715  0.90%   243  671s
 11426  4899 4166.15348   35  179 4188.00000 4150.48409  0.90%   241  685s
 11902  5001 4177.49985   52  192 4188.00000 4151.35005  0.88%   240  700s
 12092  5318 4169.06130   24  277 4188.00000 4151.90732  0.86%   239  717s
 12662  5486 4160.12796   21  247 4188.00000 4152.16642  0.86%   238  733s
 13009  5773 4168.59257   31  269 4188.00000 4152.16642  0.86%   237  749s
 13568  6010 4172.57451   30  203 4188.00000 4152.16642  0.86%   236  765s
 14053  6334 4161.99382   40  319 4188.00000 4152.74326  0.84%   235  782s
 14682  6548 4179.69408   69  167 4188.00000 4153.38448  0.83%   234  800s
 15121  6885 infeasible   34      4188.00000 4153.38448  0.83%   234  820s
 15779  7197 4162.72966   33  232 4188.00000 4154.32143  0.80%   232  840s
 16429  7426 4177.75192   45  213 4188.00000 4154.84024  0.79%   231  864s
 16864  7797 4169.13503   35  299 4188.00000 4154.84024  0.79%   230  887s
 17618  8075     cutoff   37      4188.00000 4155.06899  0.79%   228  900s

Cutting planes:
  Gomory: 13
  Lift-and-project: 2
  Cover: 429
  Implied bound: 4
  Clique: 33
  MIR: 418
  Knapsack: 5
  StrongCG: 308
  Flow cover: 679
  GUB cover: 23
  Inf proof: 2
  Zero half: 131
  Mod-K: 1
  RLT: 354
  Relax-and-lift: 88
  BQP: 139

Explored 18185 nodes (4143086 simplex iterations) in 900.11 seconds (709.40 work units)
Thread count was 22 (of 22 available processors)

Solution count 10: 4188 4190 4191 ... 4212

Time limit reached
Best objective 4.188000000000e+03, best bound 4.156000000000e+03, gap 0.7641%

User-callback calls 173766, time in user-callback 1.14 sec
