FIXINGS_START
(1, 0, 0)
(2, 5, 0)
(3, 0, 0)
(3, 1, 0)
(4, 0, 0)
(5, 0, 0)
(5, 4, 0)
(6, 0, 0)
(6, 4, 0)
(7, 0, 0)
(8, 0, 0)
(8, 4, 0)
(9, 0, 0)
(9, 8, 0)
(10, 0, 0)
(10, 4, 0)
(11, 0, 0)
(11, 7, 0)
(12, 0, 0)
(13, 0, 0)
(13, 1, 0)
(14, 0, 0)
(15, 0, 0)
(16, 0, 0)
(0, 0, 0)
(1, 4, 0)
(0, 2, 0)
(0, 3, 15)
(8, 5, 0)
(12, 1, 24)
(6, 1, 0)
(13, 4, 0)
(12, 2, 0)
(8, 6, 0)
(5, 2, 0)
(5, 3, 12)
(14, 2, 0)
(2, 1, 0)
(3, 2, 0)
(12, 3, 0)
(10, 1, 0)
(6, 2, 40)
(13, 6, 0)
(2, 3, 0)
(15, 3, 0)
(4, 1, 0)
(12, 4, 0)
(11, 3, 0)
(12, 5, 0)
(16, 1, 23)
(10, 2, 0)
(9, 3, 0)
(9, 4, 5)
(16, 3, 0)
(11, 4, 0)
(15, 4, 0)
(9, 6, 0)
(4, 2, 0)
(0, 4, 0)
FIXINGS_END
found_sol 4196.0 time 0.002
found_sol 4196.0 time 0.313
found_sol 4196.0 time 12.769
time 21.650
GUROBI
Status OPTIMAL
Runtime 21.650044918060303
NodeCount 8896.0
IterCount 403227.0
NumVars 6600
NumConstrs 39755
ObjBound 4196.0
ObjBoundC 4196.0
ObjVal 4196.0
MIPGap 0.0
