
Gurobi 13.0.0 (linux64) logging started Fri Jan 16 04:13:19 2026

Set parameter LogFile to value "../experiments/network-n_60_s_0_rp_0-app_set-id_38_17_apps/submip_30_epr0_model_gurobi.log"
Set parameter TimeLimit to value 8.9326409061699815e+02
Gurobi Optimizer version 13.0.0 build v13.0.0rc1 (linux64 - "Ubuntu 24.04.3 LTS")

CPU model: Intel(R) Core(TM) Ultra 7 165H, instruction set [SSE2|AVX|AVX2]
Thread count: 22 physical cores, 22 logical processors, using up to 22 threads

Non-default parameters:
TimeLimit  8.9326409061699815e+02
LogToConsole  0

Academic license 2539022 - for non-commercial use only - registered to al___@studenti.unimi.it
Optimize a model with 39746 rows, 6600 columns and 88672 nonzeros (Min)
Model fingerprint: 0x021dfe40
Model has 6600 linear objective coefficients
Model has 200 quadratic constraints
Variable types: 0 continuous, 6600 integer (6600 binary)
Coefficient statistics:
  Matrix range     [1e+00, 9e+02]
  QMatrix range    [5e+01, 2e+02]
  Objective range  [1e+01, 2e+02]
  Bounds range     [1e+00, 1e+00]
  RHS range        [1e+00, 1e+09]
  QRHS range       [1e+02, 6e+02]
Presolve removed 39238 rows and 5110 columns
Presolve time: 0.15s
Presolved: 11242 rows, 12004 columns, 72972 nonzeros
Variable types: 0 continuous, 12004 integer (12004 binary)

Root relaxation: objective 4.056122e+03, 1038 iterations, 0.08 seconds (0.12 work units)

    Nodes    |    Current Node    |     Objective Bounds      |     Work
 Expl Unexpl |  Obj  Depth IntInf | Incumbent    BestBd   Gap | It/Node Time

     0     0 4056.12208    0  147          - 4056.12208      -     -    0s
     0     0 4057.15778    0  130          - 4057.15778      -     -    0s
     0     0 4094.90944    0  166          - 4094.90944      -     -    1s
     0     0 4095.02512    0  162          - 4095.02512      -     -    1s
     0     0 4108.85025    0  161          - 4108.85025      -     -    1s
     0     0 4109.27240    0  192          - 4109.27240      -     -    1s
     0     0 4109.42382    0  185          - 4109.42382      -     -    1s
H    0     0                    5743.0000000 4109.42382  28.4%     -    1s
     0     0 4118.26271    0  192 5743.00000 4118.26271  28.3%     -    2s
H    0     0                    5355.0000000 4118.26271  23.1%     -    2s
H    0     0                    5321.0000000 4118.26271  22.6%     -    2s
H    0     0                    5280.0000000 4118.26271  22.0%     -    2s
     0     0 4126.46546    0  190 5280.00000 4126.46546  21.8%     -    2s
     0     0 4128.45921    0  186 5280.00000 4128.45921  21.8%     -    2s
     0     0 4129.23417    0  190 5280.00000 4129.23417  21.8%     -    2s
H    0     0                    4518.0000000 4129.23417  8.60%     -    2s
H    0     0                    4514.0000000 4129.23417  8.52%     -    2s
H    0     0                    4510.0000000 4129.23417  8.44%     -    2s
H    0     0                    4494.0000000 4129.23417  8.12%     -    2s
H    0     0                    4493.0000000 4129.23417  8.10%     -    2s
H    0     0                    4299.0000000 4139.49248  3.71%     -    2s
H    0     0                    4297.0000000 4139.49248  3.67%     -    2s
H    0     0                    4291.0000000 4139.49248  3.53%     -    2s
H    0     0                    4280.0000000 4139.49248  3.28%     -    2s
H    0     0                    4279.0000000 4139.49248  3.26%     -    2s
     0     0 4139.49248    0  180 4279.00000 4139.49248  3.26%     -    2s
     0     0 4139.53166    0  180 4279.00000 4139.53166  3.26%     -    2s
     0     0 4139.53166    0  180 4279.00000 4139.53166  3.26%     -    2s
     0     0 4139.53166    0  180 4279.00000 4139.53166  3.26%     -    2s
H    0     0                    4260.0000000 4139.54538  2.83%     -    2s
     0     2 4139.54538    0  177 4260.00000 4139.54538  2.83%     -    2s
H   53    86                    4249.0000000 4147.87253  2.38%   188    4s
H   87   117                    4236.0000000 4147.87253  2.08%   160    4s
   136   151 4152.07164   10  202 4236.00000 4147.87253  2.08%   133    5s
H  322   276                    4233.0000000 4147.87253  2.01%  99.4    5s
H  373   322                    4230.0000000 4148.89970  1.92%  96.1    6s
H  727   556                    4228.0000000 4150.58602  1.83%  85.2    8s
H  845   653                    4226.0000000 4150.69844  1.78%  85.4    9s
   900   697 4173.71194   26  185 4226.00000 4150.69844  1.78%  85.0   10s
H 1215   946                    4223.0000000 4151.31580  1.70%  80.7   11s
H 1226   946                    4219.0000000 4151.31580  1.60%  80.5   11s
H 1808  1256                    4218.0000000 4152.32401  1.56%  76.9   14s
  1975  1265 4213.68866   54   71 4218.00000 4152.32401  1.56%  76.2   15s
  2173  1411 4162.53664   21  158 4218.00000 4153.05534  1.54%  76.1   20s
H 2197  1392                    4216.0000000 4153.05534  1.49%  75.8   20s
H 2326  1473                    4212.0000000 4153.05534  1.40%  74.7   22s
H 2417  1419                    4210.0000000 4153.05534  1.35%  73.8   22s
H 2526  1275                    4203.0000000 4153.97901  1.17%  73.3   23s
H 2569  1246                    4197.0000000 4153.97901  1.03%  73.1   23s
  2779  1245 4168.51237   20  118 4197.00000 4154.58664  1.01%  74.1   25s
  3187  1422 4187.22158   28  173 4197.00000 4154.66009  1.01%  73.3   30s
  3259  1470 4193.33033   16  229 4197.00000 4160.41666  0.87%  71.7   35s
  3389  1573 4174.33154   20  192 4197.00000 4165.27466  0.76%  76.6   40s
  3753  1677 4181.14230   27  190 4197.00000 4166.70104  0.72%  80.2   45s
  3949  1698 4186.28587   30  137 4197.00000 4168.00941  0.69%  81.1   50s
H 4076  1632                    4196.0000000 4168.85425  0.65%  80.9   51s
  4827  1745     cutoff   39      4196.00000 4170.77582  0.60%  80.4   55s
  5947  1782 4192.07847   34  100 4196.00000 4174.23002  0.52%  77.8   60s
  7330  1788     cutoff   30      4196.00000 4178.58194  0.42%  75.4   65s
  8755  2129 4194.83429   33  141 4196.00000 4180.48341  0.37%  73.4   70s
 10302  2339 4188.70627   29  117 4196.00000 4182.04790  0.33%  71.5   75s
 12031  2657 4189.29577   26  177 4196.00000 4183.54680  0.30%  69.4   80s
 13694  2834     cutoff   33      4196.00000 4184.78291  0.27%  68.2   85s
 15467  2931 4189.92236   31  114 4196.00000 4185.70698  0.25%  66.5   90s
 17915  2911 4192.68750   31   85 4196.00000 4186.97974  0.21%  64.9   96s
 18183  2908     cutoff   31      4196.00000 4187.04529  0.21%  64.8  100s
 20606  2685     cutoff   40      4196.00000 4187.87853  0.19%  63.0  106s
 22250  2270 4194.30608   29  128 4196.00000 4189.06305  0.17%  62.2  110s
 24664  1210     cutoff   36      4196.00000 4190.38258  0.13%  61.0  115s

Cutting planes:
  Gomory: 2
  Cover: 214
  Clique: 29
  MIR: 172
  Knapsack: 1
  StrongCG: 79
  Flow cover: 110
  GUB cover: 15
  Zero half: 101
  RLT: 81
  Relax-and-lift: 43
  BQP: 18

Explored 27691 nodes (1622209 simplex iterations) in 117.82 seconds (58.12 work units)
Thread count was 22 (of 22 available processors)

Solution count 10: 4196 4197 4203 ... 4226

Optimal solution found (tolerance 1.00e-04)
Best objective 4.196000000000e+03, best bound 4.196000000000e+03, gap 0.0000%

User-callback calls 65968, time in user-callback 0.11 sec
Set parameter LogToConsole to value 0
