
Gurobi 13.0.0 (linux64) logging started Fri Jan  2 18:27:44 2026

Set parameter LogFile to value "../experiments/network-n_50_s_1_rp_0-app_set-id_6_7_apps/compact_model_gurobi.log"
Set parameter TimeLimit to value 900
Gurobi Optimizer version 13.0.0 build v13.0.0rc1 (linux64 - "Ubuntu 24.04.3 LTS")

CPU model: Intel(R) Core(TM) Ultra 7 165H, instruction set [SSE2|AVX|AVX2]
Thread count: 22 physical cores, 22 logical processors, using up to 22 threads

Non-default parameters:
TimeLimit  900
LogToConsole  0

Academic license 2539022 - for non-commercial use only - registered to al___@studenti.unimi.it
Optimize a model with 7725 rows, 2300 columns and 18525 nonzeros (Min)
Model fingerprint: 0x44251b58
Model has 2300 linear objective coefficients
Model has 164 quadratic constraints
Variable types: 0 continuous, 2300 integer (2300 binary)
Coefficient statistics:
  Matrix range     [1e+00, 9e+02]
  QMatrix range    [5e+01, 2e+02]
  Objective range  [1e+01, 2e+02]
  Bounds range     [1e+00, 1e+00]
  RHS range        [1e+00, 1e+09]
  QRHS range       [1e+02, 6e+02]
Presolve removed 7324 rows and 1430 columns
Presolve time: 0.08s
Presolved: 10260 rows, 10575 columns, 61916 nonzeros
Variable types: 0 continuous, 10575 integer (10575 binary)
Found heuristic solution: objective 3156.0000000

Root relaxation: objective 1.758425e+03, 424 iterations, 0.02 seconds (0.03 work units)

    Nodes    |    Current Node    |     Objective Bounds      |     Work
 Expl Unexpl |  Obj  Depth IntInf | Incumbent    BestBd   Gap | It/Node Time

     0     0 1758.42526    0   59 3156.00000 1758.42526  44.3%     -    0s
H    0     0                    2924.0000000 1758.42526  39.9%     -    0s
H    0     0                    2393.0000000 1758.42526  26.5%     -    0s
H    0     0                    2366.0000000 1758.42526  25.7%     -    0s
     0     0 1769.06203    0   92 2366.00000 1769.06203  25.2%     -    0s
H    0     0                    2094.0000000 1769.31856  15.5%     -    1s
H    0     0                    1932.0000000 1769.31856  8.42%     -    1s
H    0     0                    1915.0000000 1769.31856  7.61%     -    1s
     0     0 1769.31856    0   84 1915.00000 1769.31856  7.61%     -    1s
     0     0 1769.31856    0   83 1915.00000 1769.31856  7.61%     -    1s
     0     0 1772.32310    0  105 1915.00000 1772.32310  7.45%     -    1s
     0     0 1772.42761    0  108 1915.00000 1772.42761  7.45%     -    1s
     0     0 1772.68345    0  106 1915.00000 1772.68345  7.43%     -    1s
     0     0 1772.68345    0  111 1915.00000 1772.68345  7.43%     -    1s
     0     0 1776.90329    0  105 1915.00000 1776.90329  7.21%     -    1s
H    0     0                    1911.0000000 1776.90329  7.02%     -    1s
     0     0 1777.04954    0  112 1911.00000 1777.04954  7.01%     -    1s
H    0     0                    1910.0000000 1777.74863  6.92%     -    1s
H    0     0                    1895.0000000 1777.74863  6.19%     -    1s
H    0     0                    1892.0000000 1777.74863  6.04%     -    1s
     0     0 1777.74863    0  101 1892.00000 1777.74863  6.04%     -    1s
     0     0 1777.78166    0  102 1892.00000 1777.78166  6.04%     -    1s
H    0     0                    1879.0000000 1777.78166  5.39%     -    1s
     0     0 1777.90769    0  105 1879.00000 1777.90769  5.38%     -    1s
     0     0 1778.13905    0  105 1879.00000 1778.13905  5.37%     -    2s
     0     0 1778.13905    0  101 1879.00000 1778.13905  5.37%     -    2s
     0     2 1778.13905    0   94 1879.00000 1778.13905  5.37%     -    2s
H   72    76                    1875.0000000 1782.19265  4.95%   104    2s
H  104   111                    1819.0000000 1782.19265  2.02%  94.5    2s
H 1057   304                    1816.0000000 1794.15182  1.20%  40.7    4s
  1298   209 1811.53728   15   65 1816.00000 1794.15182  1.20%  39.4    5s

Cutting planes:
  Lift-and-project: 6
  Cover: 127
  Clique: 20
  MIR: 66
  Knapsack: 9
  StrongCG: 47
  GUB cover: 4
  Inf proof: 1
  Zero half: 14
  RLT: 102
  Relax-and-lift: 63
  BQP: 28

Explored 1707 nodes (62020 simplex iterations) in 5.43 seconds (2.66 work units)
Thread count was 22 (of 22 available processors)

Solution count 10: 1816 1819 1875 ... 1932

Optimal solution found (tolerance 1.00e-04)
Best objective 1.816000000000e+03, best bound 1.816000000000e+03, gap 0.0000%

User-callback calls 4829, time in user-callback 0.01 sec
