
Gurobi 13.0.0 (linux64) logging started Sun Jan  4 00:41:10 2026

Set parameter LogFile to value "../experiments/network-n_60_s_2_rp_0-app_set-id_19_11_apps/compact_model_gurobi.log"
Set parameter TimeLimit to value 900
Gurobi Optimizer version 13.0.0 build v13.0.0rc1 (linux64 - "Ubuntu 24.04.3 LTS")

CPU model: Intel(R) Core(TM) Ultra 7 165H, instruction set [SSE2|AVX|AVX2]
Thread count: 22 physical cores, 22 logical processors, using up to 22 threads

Non-default parameters:
TimeLimit  900
LogToConsole  0

Academic license 2539022 - for non-commercial use only - registered to al___@studenti.unimi.it
Optimize a model with 25250 rows, 4320 columns and 56615 nonzeros (Min)
Model fingerprint: 0xb7582a67
Model has 4320 linear objective coefficients
Model has 190 quadratic constraints
Variable types: 0 continuous, 4320 integer (4320 binary)
Coefficient statistics:
  Matrix range     [1e+00, 8e+02]
  QMatrix range    [5e+01, 2e+02]
  Objective range  [1e+01, 2e+02]
  Bounds range     [1e+00, 1e+00]
  RHS range        [1e+00, 1e+09]
  QRHS range       [1e+02, 6e+02]
Presolve removed 24174 rows and 2400 columns
Presolve time: 0.40s
Presolved: 29534 rows, 30197 columns, 186911 nonzeros
Variable types: 0 continuous, 30197 integer (30197 binary)
Deterministic concurrent LP optimizer: primal and dual simplex
Showing primal log only...

Concurrent spin time: 0.00s

Solved with dual simplex

Root relaxation: objective 2.317263e+03, 877 iterations, 0.19 seconds (0.23 work units)

    Nodes    |    Current Node    |     Objective Bounds      |     Work
 Expl Unexpl |  Obj  Depth IntInf | Incumbent    BestBd   Gap | It/Node Time

     0     0 2317.26334    0  119          - 2317.26334      -     -    1s
H    0     0                    3664.0000000 2317.26334  36.8%     -    1s
H    0     0                    3530.0000000 2317.26334  34.4%     -    1s
H    0     0                    3502.0000000 2317.26334  33.8%     -    1s
H    0     0                    3272.0000000 2317.26334  29.2%     -    1s
H    0     0                    3181.0000000 2317.26334  27.2%     -    1s
     0     0 2332.82475    0  147 3181.00000 2332.82475  26.7%     -    2s
H    0     0                    3082.0000000 2332.82475  24.3%     -    2s
H    0     0                    2762.0000000 2332.82475  15.5%     -    2s
H    0     0                    2688.0000000 2332.82475  13.2%     -    2s
H    0     0                    2670.0000000 2337.70436  12.4%     -    2s
H    0     0                    2603.0000000 2337.70436  10.2%     -    2s
H    0     0                    2599.0000000 2337.70436  10.1%     -    2s
     0     0 2337.70436    0  168 2599.00000 2337.70436  10.1%     -    2s
     0     0 2337.81640    0  170 2599.00000 2337.81640  10.0%     -    2s
     0     0 2337.81640    0  171 2599.00000 2337.81640  10.0%     -    2s
H    0     0                    2590.0000000 2342.20335  9.57%     -    3s
H    0     0                    2585.0000000 2342.20335  9.39%     -    3s
     0     0 2342.36441    0  179 2585.00000 2342.36441  9.39%     -    3s
     0     0 2344.91844    0  169 2585.00000 2344.91844  9.29%     -    3s
     0     0 2345.41990    0  191 2585.00000 2345.41990  9.27%     -    4s
     0     0 2345.66361    0  196 2585.00000 2345.66361  9.26%     -    4s
     0     0 2345.66924    0  199 2585.00000 2345.66924  9.26%     -    4s
     0     0 2350.37081    0  186 2585.00000 2350.37081  9.08%     -    4s
H    0     0                    2547.0000000 2350.37081  7.72%     -    5s
H    0     0                    2534.0000000 2350.37081  7.25%     -    5s
H    0     0                    2524.0000000 2350.37081  6.88%     -    5s
H    0     0                    2517.0000000 2350.37081  6.62%     -    5s
H    0     0                    2516.0000000 2350.37081  6.58%     -    5s
H    0     0                    2515.0000000 2350.37081  6.55%     -    5s
H    0     0                    2509.0000000 2350.37081  6.32%     -    5s
H    0     0                    2508.0000000 2350.37081  6.29%     -    5s
H    0     0                    2487.0000000 2350.37081  5.49%     -    5s
     0     0 2355.05023    0  172 2487.00000 2355.05023  5.31%     -    5s
     0     0 2355.39964    0  176 2487.00000 2355.39964  5.29%     -    6s
     0     0 2357.06655    0  185 2487.00000 2357.06655  5.22%     -    7s
     0     0 2357.47299    0  179 2487.00000 2357.47299  5.21%     -    7s
     0     0 2357.52109    0  174 2487.00000 2357.52109  5.21%     -    7s
H    0     0                    2469.0000000 2357.52109  4.52%     -    7s
     0     0 2357.54645    0  171 2469.00000 2357.54645  4.51%     -    7s
     0     0 2357.86715    0  175 2469.00000 2357.86715  4.50%     -    7s
     0     0 2357.87675    0  175 2469.00000 2357.87675  4.50%     -    7s
     0     0 2357.87675    0  166 2469.00000 2357.87675  4.50%     -    7s
H    0     0                    2465.0000000 2357.87769  4.35%     -    8s
H    0     0                    2464.0000000 2357.87769  4.31%     -    8s
     0     2 2357.87769    0  165 2464.00000 2357.87769  4.31%     -    8s
    53    90 2359.54288    6  170 2464.00000 2359.54288  4.24%   141   10s
H   58    90                    2397.0000000 2359.59395  1.56%   132   10s
H  146   152                    2393.0000000 2359.59395  1.40%   101   10s
H  298   245                    2387.0000000 2360.24967  1.12%  88.6   11s
H  369   294                    2386.0000000 2361.29267  1.04%  82.6   11s
H  888   573                    2385.0000000 2361.99311  0.96%  74.7   13s
  1155   713 2383.00672   33  109 2385.00000 2363.24748  0.91%  73.3   15s
  2463  1240 2372.18129   13  128 2385.00000 2366.57374  0.77%  65.8   20s
H 3153  1317                    2384.0000000 2368.03915  0.67%  63.9   22s
  3963  1482 2381.81628   41   87 2384.00000 2369.30610  0.62%  62.4   25s
H 4240  1249                    2381.0000000 2369.55524  0.48%  62.5   26s
  5126  1206 2376.24294   15  108 2381.00000 2371.13688  0.41%  62.2   30s
  6571   791 2377.81363   27  133 2381.00000 2374.43804  0.28%  62.1   35s

Cutting planes:
  Lift-and-project: 1
  Cover: 250
  Implied bound: 1
  Clique: 40
  MIR: 125
  Knapsack: 14
  StrongCG: 80
  GUB cover: 17
  Zero half: 8
  RLT: 87
  Relax-and-lift: 157
  BQP: 17

Explored 8040 nodes (467414 simplex iterations) in 37.35 seconds (27.63 work units)
Thread count was 22 (of 22 available processors)

Solution count 10: 2381 2384 2385 ... 2469

Optimal solution found (tolerance 1.00e-04)
Best objective 2.381000000000e+03, best bound 2.381000000000e+03, gap 0.0000%

User-callback calls 19131, time in user-callback 0.03 sec
