FIXINGS_START
(0, 0, 0)
(1, 0, 0)
(2, 0, 0)
(2, 6, 0)
(3, 0, 0)
(3, 8, 0)
(4, 0, 0)
(5, 0, 0)
(5, 6, 0)
(6, 0, 0)
(7, 0, 0)
(8, 0, 0)
(10, 0, 0)
(11, 8, 0)
(11, 9, 0)
(12, 0, 0)
(12, 4, 0)
(13, 8, 0)
(13, 9, 0)
(2, 7, 0)
(0, 1, 0)
(12, 1, 0)
(0, 3, 0)
(10, 1, 0)
(12, 2, 0)
(1, 1, 0)
(10, 3, 0)
(9, 0, 0)
(10, 4, 0)
(6, 2, 0)
(6, 4, 0)
(3, 1, 5)
(3, 2, 26)
(9, 1, 0)
(9, 2, 0)
(4, 3, 0)
(4, 4, 0)
(3, 3, 21)
(13, 2, 0)
(1, 2, 0)
(11, 1, 0)
(12, 7, 17)
(13, 4, 0)
(11, 2, 22)
(11, 3, 0)
(3, 4, 0)
(11, 4, 0)
(11, 5, 2)
FIXINGS_END
time 8.456
GUROBI
Status INFEASIBLE
Runtime 8.455543994903564
NodeCount 6536.0
IterCount 523771.0
NumVars 3640
NumConstrs 14012
ObjBound inf
ObjBoundC inf
ObjVal None
MIPGap inf
