FIXINGS_START
(0, 0, 0)
(1, 0, 0)
(2, 0, 0)
(2, 6, 0)
(3, 0, 0)
(3, 8, 0)
(4, 0, 0)
(5, 0, 0)
(5, 6, 0)
(6, 0, 0)
(7, 0, 0)
(8, 0, 0)
(10, 0, 0)
(11, 8, 0)
(11, 9, 0)
(12, 0, 0)
(12, 4, 0)
(13, 8, 0)
(13, 9, 0)
(0, 1, 0)
(0, 3, 0)
(8, 1, 0)
(8, 2, 0)
(1, 1, 0)
(11, 1, 0)
(7, 1, 20)
(7, 2, 17)
(10, 1, 0)
(11, 2, 22)
(9, 0, 0)
(5, 1, 0)
(5, 3, 18)
(12, 1, 0)
(2, 7, 0)
(13, 0, 19)
(12, 2, 0)
(5, 5, 0)
(5, 7, 0)
(13, 1, 4)
(13, 2, 0)
(1, 2, 0)
(9, 1, 0)
(5, 8, 9)
(3, 1, 5)
(13, 4, 0)
(3, 2, 26)
(5, 9, 26)
(13, 5, 25)
FIXINGS_END
time 0.434
GUROBI
Status INFEASIBLE
Runtime 0.4342629909515381
NodeCount 1.0
IterCount 1036.0
NumVars 3640
NumConstrs 14012
ObjBound inf
ObjBoundC inf
ObjVal None
MIPGap inf
