FIXINGS_START
(0, 0, 0)
(1, 0, 0)
(2, 0, 0)
(2, 6, 0)
(3, 0, 0)
(3, 8, 0)
(4, 0, 0)
(5, 0, 0)
(5, 6, 0)
(6, 0, 0)
(7, 0, 0)
(8, 0, 0)
(10, 0, 0)
(11, 8, 0)
(11, 9, 0)
(12, 0, 0)
(12, 4, 0)
(13, 8, 0)
(13, 9, 0)
(0, 1, 0)
(0, 3, 0)
(8, 1, 0)
(8, 2, 0)
(1, 1, 0)
(11, 1, 0)
(7, 1, 20)
(7, 2, 17)
(10, 1, 0)
(11, 2, 22)
(9, 0, 0)
(5, 1, 0)
(5, 3, 18)
(12, 1, 0)
(2, 7, 0)
(13, 0, 19)
(12, 2, 0)
(5, 5, 0)
(5, 7, 0)
(13, 1, 4)
(13, 2, 0)
(1, 2, 0)
FIXINGS_END
found_sol 4198.0 time 25.347
found_sol 4195.0 time 25.644
found_sol 4191.0 time 26.413
time 34.615
GUROBI
Status OPTIMAL
Runtime 34.61480903625488
NodeCount 9226.0
IterCount 1057510.0
NumVars 3640
NumConstrs 14005
ObjBound 4191.0
ObjBoundC 4191.0
ObjVal 4191.0
MIPGap 0.0
