
Gurobi 13.0.0 (linux64) logging started Sun Jan  4 17:52:56 2026

Set parameter LogFile to value "../experiments/network-n_30_s_0_rp_0-app_set-id_4_6_apps/compact_model_gurobi.log"
Set parameter TimeLimit to value 900
Gurobi Optimizer version 13.0.0 build v13.0.0rc1 (linux64 - "Ubuntu 24.04.3 LTS")

CPU model: Intel(R) Core(TM) Ultra 7 165H, instruction set [SSE2|AVX|AVX2]
Thread count: 22 physical cores, 22 logical processors, using up to 22 threads

Non-default parameters:
TimeLimit  900
LogToConsole  0

Academic license 2539022 - for non-commercial use only - registered to al___@studenti.unimi.it
Optimize a model with 3114 rows, 1170 columns and 7763 nonzeros (Min)
Model fingerprint: 0xc4346dbc
Model has 1170 linear objective coefficients
Model has 98 quadratic constraints
Variable types: 0 continuous, 1170 integer (1170 binary)
Coefficient statistics:
  Matrix range     [1e+00, 8e+02]
  QMatrix range    [5e+01, 2e+02]
  Objective range  [1e+01, 2e+02]
  Bounds range     [1e+00, 1e+00]
  RHS range        [1e+00, 1e+09]
  QRHS range       [1e+02, 6e+02]
Presolve removed 2897 rows and 760 columns
Presolve time: 0.02s
Presolved: 2689 rows, 2787 columns, 15156 nonzeros
Variable types: 0 continuous, 2787 integer (2787 binary)
Found heuristic solution: objective 2094.0000000

Root relaxation: objective 1.410875e+03, 131 iterations, 0.00 seconds (0.00 work units)

    Nodes    |    Current Node    |     Objective Bounds      |     Work
 Expl Unexpl |  Obj  Depth IntInf | Incumbent    BestBd   Gap | It/Node Time

     0     0 1410.87487    0   52 2094.00000 1410.87487  32.6%     -    0s
H    0     0                    2059.0000000 1410.87487  31.5%     -    0s
H    0     0                    1921.0000000 1410.87487  26.6%     -    0s
H    0     0                    1890.0000000 1410.87487  25.4%     -    0s
H    0     0                    1870.0000000 1410.87487  24.6%     -    0s
H    0     0                    1825.0000000 1414.77756  22.5%     -    0s
     0     0 1442.03336    0   78 1825.00000 1442.03336  21.0%     -    0s
H    0     0                    1812.0000000 1442.03336  20.4%     -    0s
H    0     0                    1756.0000000 1442.03336  17.9%     -    0s
H    0     0                    1709.0000000 1442.03336  15.6%     -    0s
H    0     0                    1632.0000000 1442.03336  11.6%     -    0s
     0     0 1459.18757    0   90 1632.00000 1459.18757  10.6%     -    0s
     0     0 1461.03551    0   93 1632.00000 1461.03551  10.5%     -    0s
     0     0 1461.03561    0   94 1632.00000 1461.03561  10.5%     -    0s
     0     0 1473.54944    0  110 1632.00000 1473.54944  9.71%     -    0s
H    0     0                    1560.0000000 1473.54944  5.54%     -    0s
     0     0 1475.68779    0  111 1560.00000 1475.68779  5.40%     -    0s
     0     0 1475.95451    0  111 1560.00000 1475.95451  5.39%     -    0s
     0     0 1499.30906    0   88 1560.00000 1499.30906  3.89%     -    0s
     0     0 1500.01282    0   88 1560.00000 1500.01282  3.85%     -    0s
     0     0 1500.70051    0  103 1560.00000 1500.70051  3.80%     -    0s
     0     0 1501.51643    0  109 1560.00000 1501.51643  3.75%     -    0s
     0     0 1502.04027    0  110 1560.00000 1502.04027  3.72%     -    0s
     0     0 1502.67576    0  109 1560.00000 1502.67576  3.67%     -    0s
     0     0 1502.67576    0  109 1560.00000 1502.67576  3.67%     -    0s
     0     0 1502.67576    0  104 1560.00000 1502.67576  3.67%     -    0s
     0     2 1502.67576    0  102 1560.00000 1502.67576  3.67%     -    0s
*   91    42              11    1559.0000000 1523.81417  2.26%  30.0    0s
*  106    50              10    1536.0000000 1523.81417  0.79%  29.2    0s
*  192     0              11    1532.0000000 1532.00000  0.00%  22.2    0s

Cutting planes:
  Gomory: 3
  Cover: 49
  Implied bound: 1
  Clique: 12
  MIR: 134
  Knapsack: 3
  StrongCG: 31
  Zero half: 6
  RLT: 29
  Relax-and-lift: 40
  BQP: 9

Explored 202 nodes (5343 simplex iterations) in 0.79 seconds (0.45 work units)
Thread count was 22 (of 22 available processors)

Solution count 10: 1532 1536 1559 ... 1870

Optimal solution found (tolerance 1.00e-04)
Best objective 1.532000000000e+03, best bound 1.532000000000e+03, gap 0.0000%

User-callback calls 1112, time in user-callback 0.00 sec
