
Gurobi 13.0.0 (linux64) logging started Fri Jan 16 03:51:08 2026

Set parameter LogFile to value "../experiments/network-n_50_s_2_rp_0-app_set-id_48_21_apps/submip_30_epr1_model_gurobi.log"
Set parameter TimeLimit to value 7.9907993904400792e+02
Gurobi Optimizer version 13.0.0 build v13.0.0rc1 (linux64 - "Ubuntu 24.04.3 LTS")

CPU model: Intel(R) Core(TM) Ultra 7 165H, instruction set [SSE2|AVX|AVX2]
Thread count: 22 physical cores, 22 logical processors, using up to 22 threads

Non-default parameters:
TimeLimit  7.9907993904400792e+02
LogToConsole  0

Academic license 2539022 - for non-commercial use only - registered to al___@studenti.unimi.it
Optimize a model with 38532 rows, 6800 columns and 86466 nonzeros (Min)
Model fingerprint: 0x55fec659
Model has 6800 linear objective coefficients
Model has 162 quadratic constraints
Variable types: 0 continuous, 6800 integer (6800 binary)
Coefficient statistics:
  Matrix range     [1e+00, 9e+02]
  QMatrix range    [5e+01, 2e+02]
  Objective range  [1e+01, 2e+02]
  Bounds range     [1e+00, 1e+00]
  RHS range        [1e+00, 1e+09]
  QRHS range       [1e+02, 6e+02]
Presolve removed 37585 rows and 5330 columns
Presolve time: 0.20s
Presolved: 14557 rows, 14917 columns, 90041 nonzeros
Variable types: 0 continuous, 14917 integer (14917 binary)

Root relaxation: objective 4.552029e+03, 1915 iterations, 0.25 seconds (0.41 work units)

    Nodes    |    Current Node    |     Objective Bounds      |     Work
 Expl Unexpl |  Obj  Depth IntInf | Incumbent    BestBd   Gap | It/Node Time

     0     0 4552.02897    0  307          - 4552.02897      -     -    1s
     0     0 4552.75858    0  312          - 4552.75858      -     -    1s
     0     0 5002.56652    0  309          - 5002.56652      -     -    2s
     0     0 5202.58523    0  330          - 5202.58523      -     -    2s
     0     0 5312.16387    0  354          - 5312.16387      -     -    3s
     0     0 5317.58485    0  378          - 5317.58485      -     -    3s
     0     0 5318.28977    0  381          - 5318.28977      -     -    3s
     0     0 5662.66499    0  365          - 5662.66499      -     -    5s
     0     0 5884.16700    0  392          - 5884.16700      -     -    6s
     0     0 6046.29874    0  391          - 6046.29874      -     -    6s
     0     0 6150.06105    0  409          - 6150.06105      -     -    7s
     0     0 6240.53231    0  438          - 6240.53231      -     -    8s
     0     0 6255.57564    0  448          - 6255.57564      -     -    8s
     0     0 infeasible    0               - infeasible      -     -    9s

Cutting planes:
  Gomory: 2
  Lift-and-project: 3
  Cover: 82
  Implied bound: 1
  Clique: 38
  MIR: 95
  Knapsack: 36
  StrongCG: 47
  GUB cover: 9
  Zero half: 9
  RLT: 274
  Relax-and-lift: 19
  BQP: 49

Explored 1 nodes (14671 simplex iterations) in 9.25 seconds (8.83 work units)
Thread count was 22 (of 22 available processors)

Solution count 0

Model is infeasible
Best objective -, best bound -, gap -

User-callback calls 1366, time in user-callback 0.00 sec
Set parameter LogToConsole to value 0
