
Gurobi 13.0.0 (linux64) logging started Sat Jan  3 13:58:34 2026

Set parameter LogFile to value "../experiments/network-n_60_s_1_rp_0-app_set-id_8_7_apps/compact_model_gurobi.log"
Set parameter TimeLimit to value 900
Gurobi Optimizer version 13.0.0 build v13.0.0rc1 (linux64 - "Ubuntu 24.04.3 LTS")

CPU model: Intel(R) Core(TM) Ultra 7 165H, instruction set [SSE2|AVX|AVX2]
Thread count: 22 physical cores, 22 logical processors, using up to 22 threads

Non-default parameters:
TimeLimit  900
LogToConsole  0

Academic license 2539022 - for non-commercial use only - registered to al___@studenti.unimi.it
Optimize a model with 22494 rows, 2760 columns and 48797 nonzeros (Min)
Model fingerprint: 0x0da433c8
Model has 2760 linear objective coefficients
Model has 206 quadratic constraints
Variable types: 0 continuous, 2760 integer (2760 binary)
Coefficient statistics:
  Matrix range     [1e+00, 8e+02]
  QMatrix range    [6e+01, 2e+02]
  Objective range  [1e+01, 2e+02]
  Bounds range     [1e+00, 1e+00]
  RHS range        [1e+00, 1e+09]
  QRHS range       [1e+02, 6e+02]
Presolve removed 21794 rows and 1694 columns
Presolve time: 0.17s
Presolved: 18826 rows, 18989 columns, 119326 nonzeros
Variable types: 0 continuous, 18989 integer (18989 binary)
Found heuristic solution: objective 2390.0000000
Deterministic concurrent LP optimizer: primal and dual simplex
Showing primal log only...

Concurrent spin time: 0.00s

Solved with dual simplex

Root relaxation: objective 1.359327e+03, 270 iterations, 0.09 seconds (0.07 work units)

    Nodes    |    Current Node    |     Objective Bounds      |     Work
 Expl Unexpl |  Obj  Depth IntInf | Incumbent    BestBd   Gap | It/Node Time

     0     0 1359.32692    0   37 2390.00000 1359.32692  43.1%     -    0s
     0     0 1379.66593    0   47 2390.00000 1379.66593  42.3%     -    0s
     0     0 1379.66593    0   45 2390.00000 1379.66593  42.3%     -    0s
H    0     0                    1734.0000000 1379.66593  20.4%     -    0s
H    0     0                    1481.0000000 1379.66593  6.84%     -    0s
H    0     0                    1478.0000000 1379.66593  6.65%     -    0s
H    0     0                    1444.0000000 1379.66593  4.46%     -    0s
H    0     0                    1442.0000000 1379.66593  4.32%     -    0s
     0     0 1393.62539    0   77 1442.00000 1393.62539  3.35%     -    1s
H    0     0                    1436.0000000 1393.62539  2.95%     -    1s
     0     0 1398.49182    0   68 1436.00000 1398.49182  2.61%     -    1s
     0     0 1398.95481    0   84 1436.00000 1398.95481  2.58%     -    1s
     0     0 1406.11014    0   30 1436.00000 1406.11014  2.08%     -    1s
     0     0 1409.30776    0   41 1436.00000 1409.30776  1.86%     -    1s
     0     0 1409.50754    0   61 1436.00000 1409.50754  1.84%     -    1s
     0     0 1409.68314    0   85 1436.00000 1409.68314  1.83%     -    1s
H    0     0                    1435.0000000 1409.68314  1.76%     -    1s
     0     0 1409.79689    0   70 1435.00000 1409.79689  1.76%     -    1s
     0     0 1409.80824    0   69 1435.00000 1409.80824  1.76%     -    1s
     0     0 1412.00000    0   64 1435.00000 1412.00000  1.60%     -    2s
     0     0 1412.00000    0   68 1435.00000 1412.00000  1.60%     -    2s
H    0     0                    1431.0000000 1412.00000  1.33%     -    2s
     0     0 1412.25783    0   70 1431.00000 1412.25783  1.31%     -    2s
     0     0 1412.25783    0   67 1431.00000 1412.25783  1.31%     -    2s
     0     0 1421.83746    0   65 1431.00000 1421.83746  0.64%     -    2s
     0     0 1421.83746    0   66 1431.00000 1421.83746  0.64%     -    2s
     0     0 1421.83746    0   66 1431.00000 1421.83746  0.64%     -    2s
     0     0 1421.83746    0   66 1431.00000 1421.83746  0.64%     -    2s
     0     0 1421.83746    0   66 1431.00000 1421.83746  0.64%     -    2s
     0     2 1421.83746    0   66 1431.00000 1421.83746  0.64%     -    2s

Cutting planes:
  Gomory: 4
  Cover: 27
  Implied bound: 12
  Clique: 18
  MIR: 14
  StrongCG: 5
  GUB cover: 6
  Zero half: 6
  RLT: 65
  Relax-and-lift: 44
  BQP: 25

Explored 35 nodes (1869 simplex iterations) in 2.65 seconds (1.93 work units)
Thread count was 22 (of 22 available processors)

Solution count 9: 1431 1435 1436 ... 2390

Optimal solution found (tolerance 1.00e-04)
Best objective 1.431000000000e+03, best bound 1.431000000000e+03, gap 0.0000%

User-callback calls 1142, time in user-callback 0.00 sec
