
Gurobi 13.0.0 (linux64) logging started Sun Jan  4 04:44:30 2026

Set parameter LogFile to value "../experiments/network-n_60_s_2_rp_0-app_set-id_48_21_apps/compact_model_gurobi.log"
Set parameter TimeLimit to value 900
Gurobi Optimizer version 13.0.0 build v13.0.0rc1 (linux64 - "Ubuntu 24.04.3 LTS")

CPU model: Intel(R) Core(TM) Ultra 7 165H, instruction set [SSE2|AVX|AVX2]
Thread count: 22 physical cores, 22 logical processors, using up to 22 threads

Non-default parameters:
TimeLimit  900
LogToConsole  0

Academic license 2539022 - for non-commercial use only - registered to al___@studenti.unimi.it
Optimize a model with 58563 rows, 8160 columns and 128803 nonzeros (Min)
Model fingerprint: 0x274fed9f
Model has 8160 linear objective coefficients
Model has 190 quadratic constraints
Variable types: 0 continuous, 8160 integer (8160 binary)
Coefficient statistics:
  Matrix range     [1e+00, 9e+02]
  QMatrix range    [5e+01, 2e+02]
  Objective range  [1e+01, 2e+02]
  Bounds range     [1e+00, 1e+00]
  RHS range        [1e+00, 1e+09]
  QRHS range       [1e+02, 6e+02]
Presolve removed 56277 rows and 4544 columns
Presolve time: 0.77s
Presolved: 59389 rows, 60532 columns, 385074 nonzeros
Variable types: 0 continuous, 60532 integer (60532 binary)
Deterministic concurrent LP optimizer: primal and dual simplex
Showing primal log only...

Concurrent spin time: 0.03s

Solved with dual simplex

Root relaxation: objective 4.119014e+03, 2933 iterations, 0.79 seconds (1.22 work units)

    Nodes    |    Current Node    |     Objective Bounds      |     Work
 Expl Unexpl |  Obj  Depth IntInf | Incumbent    BestBd   Gap | It/Node Time

     0     0 4119.01436    0  329          - 4119.01436      -     -    3s
     0     0 4119.05060    0  327          - 4119.05060      -     -    3s
     0     0 4164.41938    0  440          - 4164.41938      -     -    5s
     0     0 4164.45721    0  438          - 4164.45721      -     -    5s
     0     0 4200.87202    0  417          - 4200.87202      -     -    7s
     0     0 4201.53196    0  418          - 4201.53196      -     -    7s
     0     0 4201.63950    0  421          - 4201.63950      -     -    7s
     0     0 4221.60416    0  429          - 4221.60416      -     -    9s
     0     0 4221.65221    0  423          - 4221.65221      -     -    9s
     0     0 4233.25589    0  394          - 4233.25589      -     -   10s
     0     0 4237.18792    0  430          - 4237.18792      -     -   11s
     0     0 4237.68864    0  391          - 4237.68864      -     -   11s
     0     0 4256.81835    0  442          - 4256.81835      -     -   14s
     0     0 4260.24901    0  430          - 4260.24901      -     -   15s
     0     0 4263.11817    0  554          - 4263.11817      -     -   15s
     0     0 4265.09413    0  436          - 4265.09413      -     -   16s
     0     0 4265.26342    0  446          - 4265.26342      -     -   16s
     0     0 4274.92177    0  484          - 4274.92177      -     -   19s
     0     0 4275.93965    0  437          - 4275.93965      -     -   19s
     0     0 4276.95237    0  426          - 4276.95237      -     -   20s
     0     0 4276.96204    0  425          - 4276.96204      -     -   20s
     0     0 4276.96204    0  421          - 4276.96204      -     -   20s
     0     2 4276.96362    0  417          - 4276.96362      -     -   25s
    31    54 4278.08555    5  417          - 4277.99851      -   348   31s
   143   173 4281.25509   11  367          - 4278.08555      -   255   36s
   248   283 4283.56832   14  380          - 4278.08555      -   295   40s
   344   379 4283.82548   17  354          - 4278.08555      -   300   46s
   427   453 4285.20701   20  353          - 4278.08555      -   292   50s
   502   520 4286.33535   22  311          - 4278.08555      -   288   56s
   570   587 4286.97695   24  315          - 4278.08555      -   287   61s
   642   661 4291.81761   26  271          - 4278.08555      -   278   66s
   696   725 4288.62905   28  317          - 4278.08555      -   273   70s
   832   896 4290.11623   30  328          - 4278.08555      -   268   76s
   970  1027 4292.47715   34  286          - 4278.08555      -   261   81s
  1100  1168 4300.63495   37  337          - 4278.08555      -   259   85s
  1246  1314 4298.48971   40  261          - 4278.08555      -   258   90s
  1415  1500 4301.23294   51  302          - 4278.08555      -   251   95s
H 1541  1537                    4940.0000000 4278.08555  13.4%   245   99s
  1552  1601 4303.15188   54  286 4940.00000 4278.08555  13.4%   245  101s
H 1574  1601                    4883.0000000 4278.08555  12.4%   245  101s
H 1623  1689                    4849.0000000 4278.08555  11.8%   244  104s
H 1630  1689                    4776.0000000 4278.08555  10.4%   244  104s
H 1710  1716                    4751.0000000 4278.08555  10.0%   245  108s
H 1711  1716                    4668.0000000 4278.08555  8.35%   245  108s
H 1714  1716                    4662.0000000 4278.08555  8.23%   245  108s
H 1730  1716                    4646.0000000 4278.08555  7.92%   244  108s
H 1731  1716                    4568.0000000 4278.08555  6.35%   244  108s
H 1739  1823                    4560.0000000 4278.08555  6.18%   244  111s
H 1749  1823                    4559.0000000 4278.08555  6.16%   244  111s
H 1805  1823                    4546.0000000 4278.08555  5.89%   243  111s
  1848  1950 4318.53560   62  234 4546.00000 4278.08555  5.89%   241  115s
H 1851  1950                    4545.0000000 4278.08555  5.87%   241  115s
  2120  2204 4322.33045   70  256 4545.00000 4278.08555  5.87%   232  122s
H 2234  2204                    4541.0000000 4278.14043  5.79%   230  122s
  2264  2226 4324.24462   71  278 4541.00000 4278.14043  5.79%   229  125s
H 2265  2226                    4538.0000000 4278.14043  5.73%   229  125s
H 2266  2215                    4503.0000000 4278.14043  4.99%   229  125s
H 2286  2215                    4501.0000000 4278.17595  4.95%   232  125s
H 2288  2266                    4496.0000000 4278.17595  4.84%   232  128s
H 2313  2262                    4488.0000000 4278.17595  4.68%   235  128s
  2350  2353 4330.66692   75  260 4488.00000 4278.17595  4.68%   238  131s
H 2358  2351                    4485.0000000 4278.17595  4.61%   238  131s
H 2467  2468                    4477.0000000 4278.17595  4.44%   239  135s
H 2613  2497                    4471.0000000 4278.17595  4.31%   236  139s
  2652  2642 4338.09427   82  276 4471.00000 4278.17595  4.31%   239  142s
  2803  2766 4339.49064   85  291 4471.00000 4278.17595  4.31%   236  146s
H 2955  2830                    4468.0000000 4278.17595  4.25%   237  150s
  3033  2942 4346.72427   99  264 4468.00000 4278.17595  4.25%   237  155s
H 3035  2941                    4467.0000000 4278.17595  4.23%   237  155s
H 3040  2940                    4466.0000000 4278.17595  4.21%   237  155s
H 3073  2929                    4463.0000000 4278.17595  4.14%   236  155s
  3180  3048 4361.57117  101  258 4463.00000 4278.86036  4.13%   237  161s
  3339  3177 4377.79656  107  249 4463.00000 4278.86036  4.13%   240  166s
  3493  3353 4370.83479  109  296 4463.00000 4278.86036  4.13%   243  171s
  3669  3580 4373.74875  120  290 4463.00000 4278.86036  4.13%   242  175s
  3913  3799 4381.49117  134  297 4463.00000 4278.86036  4.13%   237  181s
  4150  4013 4387.97403  142  213 4463.00000 4278.86036  4.13%   235  187s
H 4294  4006                    4460.0000000 4278.86036  4.06%   233  187s
  4395  4193 4410.87355  158  221 4460.00000 4278.86036  4.06%   232  194s
  4672  4419 4318.94758   12  363 4460.00000 4278.86036  4.06%   231  201s
  4924  4458 4328.83890   17  358 4460.00000 4278.86036  4.06%   230  209s
  4974  4505 4328.88873   18  355 4460.00000 4278.86036  4.06%   230  216s
  5039  4561 4330.52012   19  377 4460.00000 4278.86036  4.06%   230  223s
  5101  4590 4330.72636   20  377 4460.00000 4278.86036  4.06%   229  231s
  5152  4630 4330.90229   21  384 4460.00000 4278.86036  4.06%   229  246s
  5195  4631 4312.16186   61 24888 4460.00000 4278.86036  4.06%   228  271s
  5197  4632 4316.57549   13  381 4460.00000 4278.86036  4.06%   228  280s
  5200  4634 4371.65400  126  333 4460.00000 4278.86036  4.06%   228  285s
  5203  4636 4312.57404   53  486 4460.00000 4278.86036  4.06%   228  292s
  5206  4638 4299.89208   44  479 4460.00000 4280.72072  4.02%   228  295s
  5213  4643 4401.42813  109  469 4460.00000 4284.38402  3.94%   228  300s
  5224  4650 4454.66383  169  468 4460.00000 4286.67246  3.89%   227  305s
  5230  4654 4406.44676   72  578 4460.00000 4288.83401  3.84%   227  310s
  5236  4658 4395.01880   48  581 4460.00000 4289.81874  3.82%   227  315s
  5246  4665 4290.74746   11  638 4460.00000 4290.74746  3.79%   226  321s
  5255  4671 4447.71893   13  658 4460.00000 4291.09383  3.79%   226  325s
  5266  4678 4350.99906  116  652 4460.00000 4291.35063  3.78%   225  330s
  5277  4686 4336.72768   76  614 4460.00000 4291.87792  3.77%   225  335s
  5288  4693 4435.60364   83  608 4460.00000 4293.13469  3.74%   224  341s
  5296  4698 4431.23105   83  696 4460.00000 4293.71915  3.73%   224  345s
  5305  4704 4308.45830   39  605 4460.00000 4294.15998  3.72%   224  350s
  5312  4709 4380.03559   85  602 4460.00000 4294.40799  3.71%   223  355s
  5319  4714 4334.51206   18  607 4460.00000 4295.41782  3.69%   223  360s
  5328  4720 4301.76778    9  684 4460.00000 4295.96159  3.68%   223  365s
  5333  4723 4296.13904   13  704 4460.00000 4296.13904  3.67%   222  370s
  5345  4731 4346.52074   45  665 4460.00000 4296.40416  3.67%   222  375s
  5354  4737 4339.32087   48  628 4460.00000 4297.12996  3.65%   222  380s
  5366  4745 4350.99906  116  664 4460.00000 4297.32643  3.65%   221  385s
  5376  4752 4304.26982   41  653 4460.00000 4298.41514  3.62%   221  390s
  5387  4759 4373.43359  159  683 4460.00000 4298.47518  3.62%   220  396s
  5396  4765 4431.23105   83  693 4460.00000 4298.63009  3.62%   220  400s
  5406  4772 4299.89208   44  534 4460.00000 4298.94545  3.61%   219  406s
  5414  4777 4336.75308   25  683 4460.00000 4299.33855  3.60%   219  410s
  5419  4780 4334.51206   18  509 4460.00000 4299.55262  3.60%   219  415s
  5428  4786 4301.76778    9  508 4460.00000 4299.66526  3.59%   219  421s
  5438  4793 4337.46112   45  483 4460.00000 4299.77839  3.59%   218  425s
  5447  4799 4353.45478   86  540 4460.00000 4299.86809  3.59%   218  430s
  5455  4804 4447.71893   13  572 4460.00000 4299.98463  3.59%   217  435s
  5464  4810 4413.63610  155  520 4460.00000 4300.07224  3.59%   217  440s
  5475  4818 4398.92931   61  519 4460.00000 4300.25897  3.58%   217  445s
  5482  4822 4403.37557  133  508 4460.00000 4300.52480  3.58%   216  451s
  5488  4826 4435.60364   83  603 4460.00000 4300.74474  3.57%   216  455s
  5501  4835 4334.74768   61  709 4460.00000 4301.18570  3.56%   216  460s
  5509  4840 4405.02473  132  676 4460.00000 4301.23714  3.56%   215  465s
  5513  4843 4401.42813  109  678 4460.00000 4301.23714  3.56%   215  471s
  5515  4844 4317.84116   64  667 4460.00000 4301.23714  3.56%   215  475s
  5519  4848 4334.51206   18 24659 4460.00000 4301.23828  3.56%   228  491s
  5521  4849 4301.23828    9  384 4460.00000 4301.23828  3.56%   228  499s
  5522  4850 4301.23828   29  363 4460.00000 4301.23828  3.56%   228  503s
  5523  4851 4411.50729   83  341 4460.00000 4301.23828  3.56%   228  506s
  5525  4852 4301.23828   35  355 4460.00000 4301.23828  3.56%   228  510s
  5527  4853 4369.58711  105  484 4460.00000 4301.23888  3.56%   228  515s
  5529  4855 4387.41484   16  456 4460.00000 4301.38278  3.56%   228  520s
  5532  4857 4337.25992   26  609 4460.00000 4301.38278  3.56%   227  525s
  5537  4860 4359.23441    8  614 4460.00000 4301.38278  3.56%   227  530s
  5545  4865 4346.52074   45  684 4460.00000 4301.38278  3.56%   227  535s
  5554  4871 4339.32087   48  685 4460.00000 4301.54775  3.55%   226  542s
  5558  4874 4375.35378   47  719 4460.00000 4301.57510  3.55%   226  545s
  5566  4879 4350.99906  116  523 4460.00000 4301.79322  3.55%   226  550s
  5573  4884 4325.25454   39  604 4460.00000 4301.81969  3.55%   226  555s
  5580  4889 4375.03030   70  659 4460.00000 4301.88953  3.55%   225  560s
  5587  4893 4373.43359  159  713 4460.00000 4301.91414  3.54%   225  565s
  5594  4898 4383.23474   30  719 4460.00000 4301.94727  3.54%   225  570s
  5600  4902 4371.65400  126  678 4460.00000 4301.96852  3.54%   225  575s
  5605  4905 4308.45830   39  743 4460.00000 4301.99516  3.54%   224  580s
  5612  4910 4380.03559   85  522 4460.00000 4302.08741  3.54%   224  585s
  5619  4915 4334.51206   18  602 4460.00000 4302.78044  3.53%   224  592s
  5625  4919 4303.03829   35  709 4460.00000 4303.03829  3.52%   224  596s
  5631  4923 4319.56620   31  727 4460.00000 4303.09284  3.52%   223  600s
  5639  4928 4303.34225   15  664 4460.00000 4303.12284  3.52%   223  606s
  5647  4933 4353.45478   86  696 4460.00000 4303.14237  3.52%   223  610s
  5651  4936 4393.61290   87  700 4460.00000 4303.14247  3.52%   223  622s
  5653  4937 4323.49154   48  685 4460.00000 4303.15427  3.52%   223  626s
  5657  4940 4387.16153   89  702 4460.00000 4303.15643  3.52%   222  630s
  5660  4942 4447.91258  142  692 4460.00000 4303.23486  3.51%   222  635s
  5661  4943 4343.79058   96  692 4460.00000 4303.23486  3.51%   222  640s
  5662  4946 4304.26363   25  619 4460.00000 4303.29921  3.51%   230  645s
  5664  4950 4304.71562   26  584 4460.00000 4304.38873  3.49%   230  652s
  5668  4956 4305.48447   27  450 4460.00000 4304.71658  3.48%   231  658s
  5676  4970 4306.49503   28  461 4460.00000 4305.29803  3.47%   232  667s
  5692  4986 4307.30907   29  478 4460.00000 4306.51065  3.44%   236  679s
  5714  5033 4307.45314   30  637 4460.00000 4307.30943  3.42%   239  693s
  5768  5055 4308.10429   31  531 4460.00000 4307.30943  3.42%   243  707s
  5808  5081 4307.93313   32  494 4460.00000 4307.30943  3.42%   245  718s
  5847  5097 4308.36485   33  494 4460.00000 4307.30943  3.42%   248  726s
  5876  5124 4308.76352   33  596 4460.00000 4307.30943  3.42%   251  737s
  5914  5151 4309.16550   34  585 4460.00000 4307.30943  3.42%   254  748s
  5954  5161 4309.04651   34  449 4460.00000 4307.30943  3.42%   256  756s
  5977  5190 4309.79174   35  468 4460.00000 4307.30943  3.42%   257  770s
  6014  5222 4310.13765   36  575 4460.00000 4307.30943  3.42%   259  787s
  6060  5247 4311.52574   37  418 4460.00000 4307.30943  3.42%   262  799s
  6101  5270 4311.73736   38  422 4460.00000 4307.30943  3.42%   267  812s
  6143  5298 4312.28650   39  425 4460.00000 4307.30943  3.42%   269  827s
  6187  5324 4313.03009   40  405 4460.00000 4307.30943  3.42%   272  840s
  6230  5355 4312.61830   41  416 4460.00000 4307.30943  3.42%   274  851s
  6276  5385 4312.69420   42  440 4460.00000 4307.30943  3.42%   276  864s
  6322  5413 4312.86226   43  436 4460.00000 4307.30943  3.42%   278  875s
  6368  5451 4314.68834   43  501 4460.00000 4307.30943  3.42%   279  889s
  6422  5471 4313.43851   44  435 4460.00000 4307.30943  3.42%   282  900s

Cutting planes:
  Gomory: 7
  Lift-and-project: 2
  Cover: 154
  Implied bound: 2
  Clique: 29
  MIR: 218
  Mixing: 1
  Knapsack: 12
  StrongCG: 145
  Flow cover: 670
  GUB cover: 25
  Zero half: 67
  RLT: 171
  Relax-and-lift: 311
  BQP: 45

Explored 6460 nodes (1840376 simplex iterations) in 900.05 seconds (1141.28 work units)
Thread count was 22 (of 22 available processors)

Solution count 10: 4460 4463 4466 ... 4496

Time limit reached
Best objective 4.460000000000e+03, best bound 4.308000000000e+03, gap 3.4081%

User-callback calls 163026, time in user-callback 0.91 sec
