FIXINGS_START
(0, 0, 0)
(0, 4, 0)
(1, 0, 0)
(2, 0, 0)
(2, 4, 0)
(4, 4, 0)
(5, 0, 0)
(6, 6, 0)
(6, 7, 0)
(7, 0, 0)
(7, 6, 0)
(8, 0, 0)
(8, 9, 0)
(9, 9, 0)
(10, 0, 0)
(10, 6, 0)
(11, 0, 0)
(12, 0, 0)
(12, 4, 0)
(13, 0, 0)
(14, 2, 0)
(15, 0, 0)
(15, 6, 0)
(16, 0, 0)
(17, 0, 0)
(18, 0, 0)
(18, 6, 0)
(19, 0, 0)
(20, 0, 0)
(6, 0, 0)
(6, 1, 0)
(6, 4, 0)
(15, 1, 18)
(9, 0, 0)
(9, 1, 0)
(11, 2, 0)
(9, 2, 34)
(9, 3, 0)
(9, 4, 34)
(9, 7, 0)
(8, 1, 20)
(12, 2, 0)
(13, 1, 23)
(7, 1, 0)
(15, 3, 0)
(15, 4, 34)
(17, 1, 0)
(1, 2, 0)
(17, 2, 0)
(0, 1, 0)
(4, 2, 0)
(20, 1, 0)
(16, 1, 1)
(2, 2, 0)
(14, 0, 6)
(14, 1, 35)
(15, 5, 0)
(2, 5, 33)
(7, 3, 0)
(0, 2, 0)
(12, 5, 0)
(13, 2, 0)
FIXINGS_END
found_sol 4619.0 time 24.491
found_sol 4596.0 time 25.269
found_sol 4594.0 time 27.011
found_sol 4475.0 time 28.834
found_sol 4474.0 time 32.014
found_sol 4458.0 time 44.119
found_sol 4458.0 time 55.479
found_sol 4474.0 time 55.482
found_sol 4475.0 time 55.484
found_sol 4453.0 time 74.765
found_sol 4453.0 time 111.413
found_sol 4458.0 time 111.415
found_sol 4474.0 time 111.417
found_sol 4431.0 time 269.742
found_sol 4430.0 time 459.357
found_sol 4426.999999999999 time 546.010
found_sol 4427.0 time 553.128
time 553.138
GUROBI
Status OPTIMAL
Runtime 553.1377010345459
NodeCount 34882.0
IterCount 6778841.0
NumVars 8160
NumConstrs 58625
ObjBound 4427.0
ObjBoundC 4426.999999999999
ObjVal 4427.0
MIPGap 0.0
