
Gurobi 13.0.0 (linux64) logging started Fri Jan  2 02:50:27 2026

Set parameter LogFile to value "../experiments/network-n_50_s_0_rp_0-app_set-id_31_15_apps/compact_model_gurobi.log"
Set parameter TimeLimit to value 900
Gurobi Optimizer version 13.0.0 build v13.0.0rc1 (linux64 - "Ubuntu 24.04.3 LTS")

CPU model: Intel(R) Core(TM) Ultra 7 165H, instruction set [SSE2|AVX|AVX2]
Thread count: 22 physical cores, 22 logical processors, using up to 22 threads

Non-default parameters:
TimeLimit  900
LogToConsole  0

Academic license 2539022 - for non-commercial use only - registered to al___@studenti.unimi.it
Optimize a model with 20689 rows, 4900 columns and 48009 nonzeros (Min)
Model fingerprint: 0xfc43936d
Model has 4900 linear objective coefficients
Model has 166 quadratic constraints
Variable types: 0 continuous, 4900 integer (4900 binary)
Coefficient statistics:
  Matrix range     [1e+00, 9e+02]
  QMatrix range    [5e+01, 2e+02]
  Objective range  [1e+01, 2e+02]
  Bounds range     [1e+00, 1e+00]
  RHS range        [1e+00, 1e+09]
  QRHS range       [1e+02, 6e+02]
Presolve removed 19596 rows and 3109 columns
Presolve time: 0.19s
Presolved: 19997 rows, 20533 columns, 123062 nonzeros
Variable types: 0 continuous, 20533 integer (20533 binary)
Deterministic concurrent LP optimizer: primal and dual simplex
Showing primal log only...

Concurrent spin time: 0.00s

Solved with dual simplex

Root relaxation: objective 3.588777e+03, 1800 iterations, 0.29 seconds (0.31 work units)

    Nodes    |    Current Node    |     Objective Bounds      |     Work
 Expl Unexpl |  Obj  Depth IntInf | Incumbent    BestBd   Gap | It/Node Time

     0     0 3588.77672    0  173          - 3588.77672      -     -    1s
H    0     0                    5413.0000000 3588.77672  33.7%     -    1s
H    0     0                    5282.0000000 3588.77672  32.1%     -    1s
H    0     0                    5100.0000000 3588.77672  29.6%     -    1s
     0     0 3624.21969    0  216 5100.00000 3624.21969  28.9%     -    2s
     0     0 3640.12996    0  198 5100.00000 3640.12996  28.6%     -    2s
     0     0 3640.33743    0  206 5100.00000 3640.33743  28.6%     -    2s
     0     0 3657.75035    0  283 5100.00000 3657.75035  28.3%     -    3s
     0     0 3668.09665    0  264 5100.00000 3668.09665  28.1%     -    3s
     0     0 3669.60403    0  285 5100.00000 3669.60403  28.0%     -    3s
     0     0 3669.72650    0  277 5100.00000 3669.72650  28.0%     -    3s
     0     0 3680.18191    0  262 5100.00000 3680.18191  27.8%     -    4s
H    0     0                    5061.0000000 3680.18191  27.3%     -    4s
H    0     0                    5017.0000000 3680.18191  26.6%     -    4s
H    0     0                    4901.0000000 3680.18191  24.9%     -    4s
H    0     0                    4766.0000000 3680.18191  22.8%     -    4s
H    0     0                    4712.0000000 3680.18191  21.9%     -    4s
H    0     0                    4663.0000000 3680.18191  21.1%     -    4s
     0     0 3681.72585    0  278 4663.00000 3681.72585  21.0%     -    4s
     0     0 3684.06095    0  281 4663.00000 3684.06095  21.0%     -    5s
     0     0 3686.05756    0  326 4663.00000 3686.05756  21.0%     -    5s
H    0     0                    4329.0000000 3686.05756  14.9%     -    5s
     0     0 3686.77599    0  332 4329.00000 3686.77599  14.8%     -    6s
     0     0 3686.84263    0  329 4329.00000 3686.84263  14.8%     -    6s
     0     0 3686.84263    0  319 4329.00000 3686.84263  14.8%     -    6s
H    0     0                    4130.0000000 3686.84263  10.7%     -    6s
     0     2 3686.84263    0  316 4130.00000 3686.84263  10.7%     -    6s
    53    98 3691.24619    6  351 4130.00000 3691.03675  10.6%   556   11s
H   55    98                    3996.0000000 3691.03675  7.63%   542   11s
H  146   186                    3984.0000000 3691.03675  7.35%   365   14s
H  151   186                    3945.0000000 3691.03675  6.44%   367   14s
H  154   186                    3868.0000000 3691.03675  4.58%   369   14s
H  179   186                    3848.0000000 3691.03675  4.08%   362   14s
H  181   186                    3843.0000000 3691.03675  3.95%   361   14s
H  185   234                    3835.0000000 3691.03675  3.75%   358   15s
H  267   278                    3785.0000000 3691.03675  2.48%   315   16s
H  271   278                    3783.0000000 3691.03675  2.43%   313   16s
H  343   366                    3765.0000000 3691.03675  1.96%   287   18s
   371   397 3701.43525   13  248 3765.00000 3691.03675  1.96%   275   20s
   650   635 3707.18871   22  244 3765.00000 3694.33856  1.88%   230   25s
   899   810 3709.15453   33  217 3765.00000 3696.89984  1.81%   205   30s
  1091   979 3714.35284   39  248 3765.00000 3697.60535  1.79%   196   35s
  1337  1184 3719.98275   46  186 3765.00000 3697.74866  1.79%   189   40s
  1442  1241 3723.12922   50  182 3765.00000 3697.74866  1.79%   184   45s
  1588  1336 3724.44674   54  180 3765.00000 3698.25957  1.77%   178   51s
H 1721  1432                    3764.0000000 3698.48162  1.74%   175   54s
  1745  1552 3734.63696   59  138 3764.00000 3698.48162  1.74%   175   56s
H 1751  1501                    3761.0000000 3698.48162  1.66%   175   56s
  2031  1724 3743.93079   67  220 3761.00000 3698.48162  1.66%   168   60s
  2447  2006 3727.16028   15  144 3761.00000 3698.48162  1.66%   165   65s
  2743  2218 3709.22046   14  233 3761.00000 3699.39842  1.64%   164   70s
  2893  2220 3723.18046    9  207 3761.00000 3699.39842  1.64%   165   75s
  2921  2239 3753.56941   15  331 3761.00000 3699.39842  1.64%   163   80s
  2954  2261 3733.76637   41  310 3761.00000 3699.39842  1.64%   161   85s
  2972  2276 3699.82151   14  244 3761.00000 3699.39842  1.64%   165   90s
  3002  2316 3703.32192   18  234 3761.00000 3699.63675  1.63%   169   96s
  3079  2383 3705.65524   20  237 3761.00000 3701.72626  1.58%   173  100s
  3208  2453 3707.10464   23  251 3761.00000 3701.72626  1.58%   179  105s
  3348  2523 3708.95759   26  237 3761.00000 3702.18061  1.56%   183  110s
  3531  2600 3723.83185   30  120 3761.00000 3702.18061  1.56%   186  115s
  3661  2671 3727.43419   33   96 3761.00000 3704.63617  1.50%   188  120s
  3829  2755 3736.60475   37   71 3761.00000 3704.70928  1.50%   189  125s
  4056  2821 3746.81731   44  112 3761.00000 3705.67572  1.47%   187  130s
  4365  2900 3711.27036   22  305 3761.00000 3705.67572  1.47%   184  135s
  4578  2945 3716.80207   24  232 3761.00000 3706.61806  1.45%   182  140s
  4825  3008 3719.90247   27  215 3761.00000 3707.03022  1.43%   182  146s
  5063  3078 3721.28055   28  198 3761.00000 3707.03022  1.43%   183  151s
  5310  3160 3727.11140   30  201 3761.00000 3707.29380  1.43%   183  156s
  5592  3306 3730.20056   34  204 3761.00000 3707.29380  1.43%   185  161s
  6003  3364 3744.53995   41  124 3761.00000 3707.90919  1.41%   183  166s
  6396  3565     cutoff   59      3761.00000 3709.10271  1.38%   181  172s
  6625  3687 3713.58785   25  245 3761.00000 3709.15581  1.38%   180  175s
  7118  3867 3732.60494   38  224 3761.00000 3709.15581  1.38%   177  180s
  7635  3872 3716.14053   23  227 3761.00000 3709.78345  1.36%   176  187s
  7697  4076 3716.67508   25  212 3761.00000 3710.18412  1.35%   176  190s
  8099  4275 3734.09594   41  117 3761.00000 3710.18412  1.35%   176  197s
  8477  4313 3756.16715   73   82 3761.00000 3710.18412  1.35%   175  201s
  8758  4532 3735.62204   31  222 3761.00000 3710.18412  1.35%   174  205s
  9374  4589 3743.01869   31  181 3761.00000 3710.18412  1.35%   172  212s
  9647  4680 infeasible   27      3761.00000 3711.35227  1.32%   171  216s
 10031  4809 3754.44276   23  228 3761.00000 3713.06082  1.27%   171  220s
 10996  5328 3736.56451   40  162 3761.00000 3713.60574  1.26%   168  229s
 11458  5586 3722.74422   22  221 3761.00000 3713.85337  1.25%   168  233s
 11853  5895 3756.01457   32  107 3761.00000 3713.85337  1.25%   170  237s
 12458  6166 3732.05487   25  177 3761.00000 3713.85337  1.25%   169  242s
 12968  6340 3751.48660   44  140 3761.00000 3714.54890  1.24%   168  247s
 13244  6699 3724.40441   29  229 3761.00000 3714.70654  1.23%   168  252s
 13860  7080 3720.27919   28  261 3761.00000 3714.70654  1.23%   166  257s
 14471  7443 3743.49471   57  144 3761.00000 3714.94492  1.22%   166  262s
 15057  7641 3732.10546   40  223 3761.00000 3715.26236  1.22%   165  268s
 15334  8076 3737.92562   49  174 3761.00000 3715.26236  1.22%   165  274s
 15966  8459 3728.37541   35  179 3761.00000 3715.26236  1.22%   164  280s
 16575  8805 3731.60140   32  231 3761.00000 3716.38533  1.19%   163  286s
 17370  9226 3725.13696   35  172 3761.00000 3716.95916  1.17%   162  292s
 18046  9736 3721.42355   35  195 3761.00000 3717.01444  1.17%   162  298s
 18779 10184 3743.15657   71  194 3761.00000 3717.01444  1.17%   162  305s
 19526 10760 3759.97005   57   74 3761.00000 3717.73570  1.15%   161  311s
 20380 11291 3757.25166   42  224 3761.00000 3717.73627  1.15%   161  318s
 21329 11600 3756.75661   48  126 3761.00000 3718.41868  1.13%   160  325s
 21794 12197 3728.94493   30  178 3761.00000 3718.47955  1.13%   160  332s
 22757 12779     cutoff   36      3761.00000 3718.50726  1.13%   159  340s
 23652 13473 3745.73907   50  130 3761.00000 3719.07828  1.11%   159  347s
 24690 14040 3744.42905   31  155 3761.00000 3719.37882  1.11%   159  358s
 25672 14571 3740.04751   57  153 3761.00000 3719.37882  1.11%   159  366s
 26619 15086 3735.82530   39  151 3761.00000 3719.87250  1.09%   159  375s
 27626 15593 3730.15578   31  314 3761.00000 3720.24804  1.08%   159  384s
 28688 16234 3738.12618   28  227 3761.00000 3720.51312  1.08%   160  393s
 29758 16951 3732.26534   37  226 3761.00000 3720.85588  1.07%   160  402s
 30944 17506 3753.73448   38  204 3761.00000 3721.12765  1.06%   160  412s
 31851 18258 3748.07620   40  207 3761.00000 3721.12765  1.06%   160  422s
 33115 19082 3738.22202   39  176 3761.00000 3721.49286  1.05%   159  433s
 34440 19937 3741.56024   40  174 3761.00000 3721.72717  1.04%   159  445s
 35774 20703 3734.80376   33  131 3761.00000 3722.07883  1.03%   159  456s
 37249 21621 3745.44943   46  229 3761.00000 3722.44011  1.03%   159  468s
 38692 22627 3735.20001   44  182 3761.00000 3722.75738  1.02%   158  480s
 40379 23616 3731.60326   36  133 3761.00000 3723.03865  1.01%   158  492s
H40427 19136                    3752.0000000 3723.03865  0.77%   158  492s
 42132 19698 3736.66108   41  148 3752.00000 3723.29952  0.76%   158  505s
 43645 20211 3732.57462   34  195 3752.00000 3723.36334  0.76%   158  518s
 44858 21041 3746.73310   31  175 3752.00000 3723.79122  0.75%   158  532s
 46493 21931 3741.63273   28  146 3752.00000 3724.04539  0.75%   158  547s
 48438 22961 3739.25803   34  235 3752.00000 3724.58504  0.73%   159  562s
 50562 22962 3743.28373   34 4914 3752.00000 3724.96546  0.72%   158  616s
 50582 22975 3736.32662   29  312 3752.00000 3724.96546  0.72%   158  620s
 50600 22987 3731.03658   38  322 3752.00000 3724.96546  0.72%   158  625s
 50615 22997 3743.16061   33  320 3752.00000 3724.96546  0.72%   158  630s
 50623 23003 3742.39410   34  324 3752.00000 3724.96546  0.72%   158  635s
 50635 23011 3743.11863   35  330 3752.00000 3724.96546  0.72%   158  640s
 50650 23021 3731.75565   28  339 3752.00000 3724.96546  0.72%   158  645s
 50659 23027 3748.47192   41  332 3752.00000 3724.96546  0.72%   158  650s
 50664 23030 3736.76836   44  336 3752.00000 3724.96546  0.72%   158  655s
 50681 23058 3724.96546   28  261 3752.00000 3724.96546  0.72%   158  660s
 50719 23091 3724.96546   30  255 3752.00000 3724.96546  0.72%   159  665s
 50817 23158 3724.96546   32  228 3752.00000 3724.96546  0.72%   159  672s
 50897 23204 3724.96546   34  218 3752.00000 3724.96546  0.72%   159  676s
 50987 23260 3724.96546   36  232 3752.00000 3724.96546  0.72%   159  680s
 51151 23295 3740.59920   39  117 3752.00000 3724.96546  0.72%   160  685s
 51290 23314     cutoff   44      3752.00000 3724.96546  0.72%   160  690s
 51421 23322 3724.96546   35  231 3752.00000 3724.96546  0.72%   160  696s
 51527 23324 3724.96546   39  212 3752.00000 3724.96546  0.72%   160  700s
 51686 23345 3724.96546   44  148 3752.00000 3724.96546  0.72%   160  707s
 51814 23380 3726.84719   50  199 3752.00000 3724.96546  0.72%   161  712s
 51957 23428 3728.49806   54  185 3752.00000 3724.96546  0.72%   161  717s
 52027 23452 3729.37737   57  139 3752.00000 3724.96546  0.72%   161  720s
 52167 23507 3732.39342   63  158 3752.00000 3724.96546  0.72%   161  725s
 52362 23562 3743.41660   72  164 3752.00000 3724.96546  0.72%   161  731s
 52543 23618 3724.96546   34  256 3752.00000 3724.96546  0.72%   161  737s
 52633 23645 3724.96546   37  303 3752.00000 3724.96546  0.72%   161  740s
 52830 23705 3729.28055   45  229 3752.00000 3724.96546  0.72%   161  747s
 52933 23725 3733.17462   48  223 3752.00000 3724.96546  0.72%   162  750s
 53144 23839 3740.22822   58  160 3752.00000 3724.96546  0.72%   162  757s
 53318 23875 3748.68160   63  125 3752.00000 3724.96546  0.72%   162  761s
 53541 23885 3734.02459   36  190 3752.00000 3724.96546  0.72%   162  765s
 53878 24026 3727.58770   36  221 3752.00000 3724.96546  0.72%   162  772s
 54112 24101     cutoff   45      3752.00000 3724.96546  0.72%   163  777s
 54408 24216 3738.01795   37  157 3752.00000 3724.96546  0.72%   163  781s
 54701 24296 3728.39767   41  212 3752.00000 3724.96546  0.72%   163  785s
 55331 24490 3742.63623   65  145 3752.00000 3724.96546  0.72%   163  794s
 55723 24593 3747.66362   77   76 3752.00000 3724.96546  0.72%   163  799s
 56118 24674 3731.89914   43  230 3752.00000 3724.96546  0.72%   164  803s
 56500 24809     cutoff   61      3752.00000 3724.96546  0.72%   164  808s
 56922 24822 3726.37120   35  191 3752.00000 3724.96546  0.72%   164  813s
 57237 24964 3746.89614   39  188 3752.00000 3724.96546  0.72%   164  818s
 57722 25081 3733.33471   37  240 3752.00000 3724.96546  0.72%   164  824s
 58185 25231     cutoff   57      3752.00000 3724.96546  0.72%   165  829s
 58713 25238 3743.85003   49  192 3752.00000 3724.96546  0.72%   165  835s
 59102 25430 3742.65786   51  185 3752.00000 3724.96546  0.72%   165  841s
 59659 25618 3730.21924   39  205 3752.00000 3724.96546  0.72%   166  847s
 60329 25750 3750.20086   49  118 3752.00000 3724.96546  0.72%   166  853s
 60994 25884 3724.96546   35  236 3752.00000 3724.96546  0.72%   166  859s
 61652 25870     cutoff   47      3752.00000 3724.96546  0.72%   166  865s
 62372 25973 infeasible   40      3752.00000 3724.96546  0.72%   167  871s
 63164 26073 3726.13039   35  256 3752.00000 3724.96546  0.72%   167  878s
 63942 26233 3746.31660   45  116 3752.00000 3724.96546  0.72%   167  885s
 64723 26391 3740.33009   46  217 3752.00000 3724.96546  0.72%   167  892s
 65508 26435 3737.65469   54  183 3752.00000 3724.96546  0.72%   167  900s

Cutting planes:
  Gomory: 16
  Lift-and-project: 2
  Cover: 633
  Clique: 26
  MIR: 372
  Knapsack: 14
  StrongCG: 291
  Flow cover: 355
  GUB cover: 25
  Zero half: 246
  Mod-K: 1
  RLT: 245
  Relax-and-lift: 191
  BQP: 56
  PSD: 1

Explored 66314 nodes (11129541 simplex iterations) in 900.07 seconds (581.72 work units)
Thread count was 22 (of 22 available processors)

Solution count 10: 3752 3761 3764 ... 3868

Time limit reached
Best objective 3.752000000000e+03, best bound 3.725000000000e+03, gap 0.7196%

User-callback calls 238680, time in user-callback 0.83 sec
