
Gurobi 13.0.0 (linux64) logging started Thu Jan 15 03:13:34 2026

Set parameter LogFile to value "../experiments/network-n_50_s_0_rp_0-app_set-id_31_15_apps/submip_40_epr0_model_gurobi.log"
Set parameter TimeLimit to value 8.9727239077599370e+02
Gurobi Optimizer version 13.0.0 build v13.0.0rc1 (linux64 - "Ubuntu 24.04.3 LTS")

CPU model: Intel(R) Core(TM) Ultra 7 165H, instruction set [SSE2|AVX|AVX2]
Thread count: 22 physical cores, 22 logical processors, using up to 22 threads

Non-default parameters:
TimeLimit  8.9727239077599370e+02
LogToConsole  0

Academic license 2539022 - for non-commercial use only - registered to al___@studenti.unimi.it
Optimize a model with 20741 rows, 4900 columns and 48061 nonzeros (Min)
Model fingerprint: 0xa7d23eec
Model has 4900 linear objective coefficients
Model has 166 quadratic constraints
Variable types: 0 continuous, 4900 integer (4900 binary)
Coefficient statistics:
  Matrix range     [1e+00, 9e+02]
  QMatrix range    [5e+01, 2e+02]
  Objective range  [1e+01, 2e+02]
  Bounds range     [1e+00, 1e+00]
  RHS range        [1e+00, 1e+09]
  QRHS range       [1e+02, 6e+02]

MIP start from previous solve did not produce a new incumbent solution
MIP start from previous solve violates constraint fixed_app_1_microservice_4 by 1.000000000

Presolve removed 20516 rows and 4276 columns
Presolve time: 0.05s
Presolved: 3044 rows, 3284 columns, 18443 nonzeros
Variable types: 0 continuous, 3284 integer (3284 binary)

Root relaxation: objective 3.729256e+03, 299 iterations, 0.01 seconds (0.01 work units)

    Nodes    |    Current Node    |     Objective Bounds      |     Work
 Expl Unexpl |  Obj  Depth IntInf | Incumbent    BestBd   Gap | It/Node Time

     0     0 3729.25639    0   47          - 3729.25639      -     -    0s
H    0     0                    4305.0000000 3729.25639  13.4%     -    0s
H    0     0                    4075.0000000 3729.25639  8.48%     -    0s
H    0     0                    4052.0000000 3729.25639  7.97%     -    0s
     0     0 3771.61092    0   73 4052.00000 3771.61092  6.92%     -    0s
H    0     0                    4032.0000000 3771.61092  6.46%     -    0s
H    0     0                    3969.0000000 3771.61092  4.97%     -    0s
     0     0 3782.36403    0   68 3969.00000 3782.36403  4.70%     -    0s
     0     0 3783.85154    0   71 3969.00000 3783.85154  4.66%     -    0s
     0     0 3784.07737    0   71 3969.00000 3784.07737  4.66%     -    0s
     0     0 3788.86889    0   96 3969.00000 3788.86889  4.54%     -    0s
H    0     0                    3870.0000000 3788.86889  2.10%     -    0s
     0     0 3789.18770    0   94 3870.00000 3789.18770  2.09%     -    0s
     0     0 3791.55321    0   99 3870.00000 3791.55321  2.03%     -    0s
     0     0 3791.70881    0   99 3870.00000 3791.70881  2.02%     -    0s
     0     0 3791.70881    0   99 3870.00000 3791.70881  2.02%     -    0s
     0     0 3791.70881    0   99 3870.00000 3791.70881  2.02%     -    0s
H    0     2                    3868.0000000 3791.88033  1.97%     -    0s
     0     2 3791.88033    0   99 3868.00000 3791.88033  1.97%     -    0s
H   58    87                    3843.0000000 3800.20597  1.11%  78.3    0s
H   87    87                    3820.0000000 3800.20597  0.52%  68.1    0s
H   91    87                    3816.0000000 3800.20597  0.41%  67.0    0s

Cutting planes:
  Gomory: 2
  Lift-and-project: 2
  Cover: 89
  Implied bound: 4
  Clique: 16
  MIR: 72
  Knapsack: 9
  StrongCG: 43
  GUB cover: 11
  Zero half: 8
  RLT: 40
  Relax-and-lift: 58
  BQP: 15

Explored 272 nodes (10790 simplex iterations) in 0.72 seconds (0.61 work units)
Thread count was 22 (of 22 available processors)

Solution count 10: 3816 3820 3843 ... 4305

Optimal solution found (tolerance 1.00e-04)
Best objective 3.816000000000e+03, best bound 3.816000000000e+03, gap 0.0000%

User-callback calls 1528, time in user-callback 0.00 sec
Set parameter LogToConsole to value 0
