
Gurobi 13.0.0 (linux64) logging started Mon Jan 19 00:24:33 2026

Set parameter LogFile to value "../experiments/network-n_60_s_2_rp_0-app_set-id_62_25_apps/submip_40_epr1_model_gurobi.log"
Set parameter TimeLimit to value 7.5683475491499121e+02
Gurobi Optimizer version 13.0.0 build v13.0.0rc1 (linux64 - "Ubuntu 24.04.3 LTS")

CPU model: Intel(R) Core(TM) Ultra 7 165H, instruction set [SSE2|AVX|AVX2]
Thread count: 22 physical cores, 22 logical processors, using up to 22 threads

Non-default parameters:
TimeLimit  7.5683475491499121e+02
LogToConsole  0

Academic license 2539022 - for non-commercial use only - registered to al___@studenti.unimi.it
Optimize a model with 63531 rows, 9720 columns and 140889 nonzeros (Min)
Model fingerprint: 0xf4e1f1ea
Model has 9720 linear objective coefficients
Model has 190 quadratic constraints
Variable types: 0 continuous, 9720 integer (9720 binary)
Coefficient statistics:
  Matrix range     [1e+00, 9e+02]
  QMatrix range    [5e+01, 2e+02]
  Objective range  [1e+01, 2e+02]
  Bounds range     [1e+00, 1e+00]
  RHS range        [1e+00, 1e+09]
  QRHS range       [1e+02, 6e+02]
Presolve removed 62707 rows and 7586 columns
Presolve time: 0.07s
Presolved: 17858 rows, 18983 columns, 114185 nonzeros
Variable types: 0 continuous, 18983 integer (18983 binary)
Performing another presolve...
Presolve removed 3546 rows and 4078 columns
Presolve time: 0.36s

Root relaxation: objective 5.649121e+03, 2008 iterations, 0.18 seconds (0.27 work units)

    Nodes    |    Current Node    |     Objective Bounds      |     Work
 Expl Unexpl |  Obj  Depth IntInf | Incumbent    BestBd   Gap | It/Node Time

     0     0 5649.12059    0  208          - 5649.12059      -     -    0s
     0     0 5728.09350    0  263          - 5728.09350      -     -    1s
     0     0 5728.25739    0  264          - 5728.25739      -     -    1s
     0     0 5760.48014    0  273          - 5760.48014      -     -    2s
     0     0 5761.19604    0  270          - 5761.19604      -     -    2s
     0     0 5761.21573    0  271          - 5761.21573      -     -    2s
     0     0 5832.03898    0  279          - 5832.03898      -     -    3s
     0     0 5860.75703    0  299          - 5860.75703      -     -    3s
     0     0 5864.11646    0  262          - 5864.11646      -     -    4s
     0     0 5865.32466    0  276          - 5865.32466      -     -    4s
     0     0 5891.41441    0  257          - 5891.41441      -     -    5s
     0     0 5901.72576    0  305          - 5901.72576      -     -    5s
     0     0 5904.51960    0  311          - 5904.51960      -     -    5s
     0     0 5921.91311    0  291          - 5921.91311      -     -    6s
     0     0 5921.91497    0  290          - 5921.91497      -     -    7s
     0     0 5921.91497    0  286          - 5921.91497      -     -    7s
     0     2 5921.92188    0  285          - 5921.92188      -     -    8s
    31    54 5927.46025    5  272          - 5927.15566      -   264   10s
   249   277 5940.83863   12  245          - 5927.52631      -   281   15s
   404   409 5946.14886   18  235          - 5927.52631      -   268   20s
   569   553 5957.22241   25  253          - 5927.52631      -   266   25s
   785   750 5965.08601   30  224          - 5927.52631      -   233   34s
   808   775 5965.81141   31  222          - 5927.52631      -   230   35s
   924   864 5977.75235   38  202          - 5930.22364      -   221   40s
  1045   958 5993.32679   48  202          - 5930.22364      -   223   45s
  1237  1114 6015.49568   55  162          - 5930.22364      -   214   50s
  1419  1183 infeasible   57               - 5930.22364      -   209   55s
  1649  1335 6092.48481   63  162          - 5931.14807      -   206   60s
  1967  1589 6119.39686   66  158          - 5931.16954      -   199   65s
  2409  1942 infeasible   69               - 5931.16954      -   192   71s
  3111  2326 5989.40515   32 6918          - 5938.88854      -   182   79s
  3113  2327 6118.96952   13  212          - 5938.88854      -   182   81s
  3118  2331 6096.59804   52  260          - 5938.88854      -   182   85s
  3144  2348 6006.09446   27  390          - 5944.56425      -   180   90s
  3175  2369 6268.47075   77  398          - 5958.67560      -   178   95s
  3201  2386 6102.40689   34  416          - 5966.27482      -   177  100s
  3221  2399 5969.10876   16  427          - 5969.10876      -   176  105s
  3247  2417 5971.70221    9  443          - 5971.70221      -   174  110s
  3264  2428 6003.14028    9  425          - 5979.12937      -   174  115s
  3286  2443 5983.01115   10  420          - 5983.01115      -   172  120s
  3309  2458 6116.97337   70  440          - 5986.07677      -   171  125s
  3325  2469 6043.17938   14  442          - 5987.18443      -   170  130s
  3346  2483 6020.53177   14  443          - 5987.60480      -   169  135s
  3363  2494 6152.64225   30  458          - 5988.26458      -   168  140s
  3376  2503 5995.15776   24  436          - 5988.64950      -   168  147s
  3379  2510 5989.29333   15  412          - 5989.17317      -   180  150s
  3407  2546 5997.39585   18  400          - 5994.43844      -   183  155s
  3474  2609 6001.07090   20  373          - 5996.31762      -   185  160s
  3548  2641 6009.06181   22  301          - 5996.31762      -   192  165s
  3596  2676 6012.71826   23  322          - 5996.31762      -   208  171s
  3650  2716 6016.19345   24  298          - 5996.31762      -   221  178s
  3682  2734 6017.14650   25  297          - 5996.31762      -   230  181s
  3732  2762 6118.12371   26  297          - 5996.31762      -   236  185s
  3785  2790 6140.81479   27  284          - 5996.31762      -   241  191s
  3809  2804 6037.37930   28  303          - 5996.31762      -   244  196s
  3855  2825 6043.41290   29  303          - 5996.31762      -   248  203s
  3881  2840 6179.69912   29  272          - 5996.31762      -   250  206s
  3934  2887 6048.45130   30  297          - 5996.31762      -   251  212s
  3969  2907 6051.17231   31  282          - 5996.31762      -   252  215s
  4042  2962 6054.23684   33  268          - 5996.31762      -   254  221s
  4090  2988 6088.05267   34  242          - 5996.31762      -   256  225s
  4192  3042 6074.27538   37  276          - 5996.31762      -   262  232s
  4260  3053 6088.14046   38  262          - 5997.64860      -   264  236s
  4326  3077 6115.97876   40  270          - 5997.64860      -   269  240s
  4492  3139 6200.86665   43  250          - 5997.64860      -   276  248s
  4586  3160 6212.99722   45  241          - 5997.64860      -   280  252s
  4682  3190 6286.63246   47  233          - 5997.64860      -   284  256s
  4780  3229 6016.73096   20  273          - 5999.47105      -   288  261s
  4885  3267 6028.92810   24  283          - 5999.47105      -   290  265s
  4997  3306 6051.93512   25  255          - 5999.47105      -   292  270s
  5104  3367 6077.27754   28  230          - 5999.62879      -   293  275s
  5232  3346 6089.51187   33  220          - 5999.62879      -   293  280s
  5290  3375 6133.01686   32  196          - 5999.62879      -   294  289s
  5320  3395 infeasible   34               - 5999.62879      -   295  294s
  5362  3439 6140.23426   34  183          - 5999.62879      -   295  299s
  5436  3455 infeasible   35               - 5999.62879      -   295  306s
  5505  3482 6183.92879   36  187          - 6001.66161      -   294  311s
  5581  3533 6206.17399   39  196          - 6001.66161      -   294  317s
  5683  3556 infeasible   44               - 6002.58197      -   293  322s
  5798  3648 6073.56381   24  267          - 6002.58197      -   294  329s
  5951  3751 6099.99097   38  259          - 6002.58197      -   294  338s
  6144  3818 6122.43600   49  184          - 6002.58197      -   295  345s
  6325  3922 6138.37338   57  207          - 6003.04759      -   297  353s
  6547  4007 6168.38287   67  152          - 6003.04759      -   299  359s
  6782  4100 6204.32760   75  150          - 6003.04759      -   299  366s
  6986  4249 6351.62058   82  112          - 6005.75662      -   301  373s
  7236  4418 6118.97966   28  198          - 6005.75662      -   302  381s
  7592  4516 6127.48022   39  218          - 6005.75662      -   301  389s
  7884  4691 6196.54081   47  245          - 6006.91980      -   301  396s
  8240  4592 6197.23753   56  224          - 6009.50414      -   301  404s
  8264  4606 6216.28335   56  233          - 6009.50414      -   301  414s
  8286  4654 6254.68173   56  211          - 6009.50414      -   301  423s
  8349  4872 6229.59626   56  231          - 6009.50414      -   302  431s
  8678  4971 6232.16585   57  191          - 6009.96341      -   303  440s
  8994  5218 6153.22283   26  256          - 6009.96341      -   303  449s
  9450  5402 6283.29001   36  227          - 6009.96341      -   304  458s
  9957  5477 6065.07704   27  240          - 6009.96341      -   304  467s
 10341  5721 6151.88606   36  257          - 6011.03874      -   304  476s
 10843  5995 infeasible   50               - 6014.53236      -   305  486s
 11416  6409 6129.78517   31  207          - 6014.53236      -   304  496s
 12027  6873 6239.56435   47  171          - 6018.88360      -   304  506s
 12746  7377 6091.36536   34  204          - 6018.88360      -   304  516s
 13430  7661 6259.69689   52  178          - 6018.88360      -   304  526s
 13824  8055 6087.00373   29  249          - 6020.39235      -   304  537s
 14489  8641 6179.96869   45  230          - 6024.84852      -   305  548s
 15402  8817 6069.54715   30  250          - 6026.49494      -   304  560s
 15673  8885 6141.24861   37  254          - 6026.96127      -   304  573s
 15773  8977 6150.55461   36  249          - 6026.96127      -   304  587s
 15944  9108 6144.05465   38  250          - 6028.51845      -   304  602s
 16170  9276 6147.46494   39  243          - 6028.51845      -   304  617s
 16500  9440 6154.77708   40  261          - 6030.22124      -   304  632s
 16807  9647 6229.29569   39  247          - 6031.55325      -   305  647s
 17132  9863 infeasible   40               - 6031.55325      -   306  662s
 17518 10093 infeasible   41               - 6031.55325      -   306  687s
 17936 10266 6255.89165   41  208          - 6033.65837      -   306  704s
 18202 10562 infeasible   41               - 6035.95599      -   305  729s
 18678 10771 6227.73324   43  239          - 6036.16092      -   305  747s
 19047 10931 6245.17104   44  248          - 6036.16092      -   305  756s

Cutting planes:
  Gomory: 1
  Cover: 78
  Implied bound: 1
  Clique: 50
  MIR: 124
  Knapsack: 7
  StrongCG: 58
  Flow cover: 209
  GUB cover: 7
  Zero half: 14
  RLT: 61
  Relax-and-lift: 92
  BQP: 15

Explored 19315 nodes (5904694 simplex iterations) in 756.88 seconds (657.89 work units)
Thread count was 22 (of 22 available processors)

Solution count 0

Time limit reached
Best objective -, best bound 6.040000000000e+03, gap -

User-callback calls 171444, time in user-callback 1.08 sec
