FIXINGS_START
(0, 0, 0)
(0, 6, 0)
(2, 0, 0)
(3, 0, 0)
(3, 8, 0)
(4, 0, 0)
(5, 0, 0)
(5, 6, 0)
(6, 0, 0)
(6, 6, 0)
(7, 0, 0)
(8, 0, 0)
(9, 0, 0)
(9, 8, 0)
(10, 0, 0)
(11, 0, 0)
(11, 7, 0)
(12, 0, 0)
(13, 0, 0)
(13, 6, 0)
(15, 0, 0)
(15, 4, 0)
(16, 0, 0)
(16, 4, 0)
(17, 9, 0)
(18, 0, 0)
(19, 0, 0)
(21, 0, 0)
(21, 1, 0)
(22, 0, 0)
(22, 8, 0)
(23, 0, 0)
(24, 0, 0)
(24, 4, 0)
(23, 1, 0)
(18, 1, 0)
(20, 0, 0)
(13, 1, 0)
(19, 1, 7)
(13, 2, 20)
(2, 1, 0)
(20, 1, 0)
(11, 1, 19)
(19, 2, 40)
(2, 2, 12)
(14, 0, 0)
(16, 1, 3)
(7, 1, 22)
(3, 4, 0)
(4, 1, 28)
(14, 1, 40)
(13, 3, 0)
(11, 2, 37)
(18, 2, 0)
(18, 3, 0)
(9, 1, 5)
(11, 3, 0)
(10, 3, 0)
(24, 1, 0)
(13, 8, 0)
(21, 2, 0)
(17, 0, 0)
(9, 2, 33)
(14, 2, 0)
(17, 1, 0)
(20, 2, 0)
(14, 3, 39)
(2, 3, 34)
(20, 4, 0)
(16, 2, 0)
(6, 2, 0)
(7, 2, 0)
(24, 3, 0)
FIXINGS_END
time 779.176
GUROBI
Status TIME_LIMIT
Runtime 779.1759359836578
NodeCount 12070.0
IterCount 2695500.0
NumVars 9720
NumConstrs 63518
ObjBound 5929.0
ObjBoundC 5928.496826956473
ObjVal inf
MIPGap inf
