
Gurobi 13.0.0 (linux64) logging started Mon Jan 19 00:11:34 2026

Set parameter LogFile to value "../experiments/network-n_60_s_2_rp_0-app_set-id_62_25_apps/submip_30_epr1_model_gurobi.log"
Set parameter TimeLimit to value 7.7911276873298630e+02
Gurobi Optimizer version 13.0.0 build v13.0.0rc1 (linux64 - "Ubuntu 24.04.3 LTS")

CPU model: Intel(R) Core(TM) Ultra 7 165H, instruction set [SSE2|AVX|AVX2]
Thread count: 22 physical cores, 22 logical processors, using up to 22 threads

Non-default parameters:
TimeLimit  7.7911276873298630e+02
LogToConsole  0

Academic license 2539022 - for non-commercial use only - registered to al___@studenti.unimi.it
Optimize a model with 63518 rows, 9720 columns and 140876 nonzeros (Min)
Model fingerprint: 0x59c60948
Model has 9720 linear objective coefficients
Model has 190 quadratic constraints
Variable types: 0 continuous, 9720 integer (9720 binary)
Coefficient statistics:
  Matrix range     [1e+00, 9e+02]
  QMatrix range    [5e+01, 2e+02]
  Objective range  [1e+01, 2e+02]
  Bounds range     [1e+00, 1e+00]
  RHS range        [1e+00, 1e+09]
  QRHS range       [1e+02, 6e+02]
Presolve removed 62397 rows and 7153 columns
Presolve time: 0.12s
Presolved: 25689 rows, 26950 columns, 168294 nonzeros
Variable types: 0 continuous, 26950 integer (26950 binary)
Performing another presolve...
Presolve removed 2503 rows and 3035 columns
Presolve time: 0.51s
Deterministic concurrent LP optimizer: primal and dual simplex
Showing primal log only...

Concurrent spin time: 0.00s

Solved with dual simplex

Root relaxation: objective 5.620624e+03, 2510 iterations, 0.57 seconds (0.42 work units)

    Nodes    |    Current Node    |     Objective Bounds      |     Work
 Expl Unexpl |  Obj  Depth IntInf | Incumbent    BestBd   Gap | It/Node Time

     0     0 5620.62396    0  211          - 5620.62396      -     -    1s
     0     0 5622.44184    0  207          - 5622.44184      -     -    1s
     0     0 5648.15472    0  222          - 5648.15472      -     -    2s
     0     0 5711.09732    0  253          - 5711.09732      -     -    3s
     0     0 5723.63223    0  321          - 5723.63223      -     -    3s
     0     0 5724.24861    0  330          - 5724.24861      -     -    4s
     0     0 5724.26258    0  334          - 5724.26258      -     -    4s
     0     0 5762.70139    0  326          - 5762.70139      -     -    5s
     0     0 5804.81966    0  306          - 5804.81966      -     -    6s
     0     0 5818.70303    0  271          - 5818.70303      -     -    7s
     0     0 5821.66189    0  316          - 5821.66189      -     -    7s
     0     0 5822.04713    0  266          - 5822.04713      -     -    7s
     0     0 5845.36010    0  344          - 5845.36010      -     -    8s
     0     0 5851.11726    0  353          - 5851.11726      -     -    9s
     0     0 5853.42911    0  395          - 5853.42911      -     -    9s
     0     0 5869.71291    0  405          - 5869.71291      -     -   12s
     0     0 5869.72710    0  403          - 5869.72710      -     -   12s
     0     0 5869.72710    0  391          - 5869.72710      -     -   12s
     0     2 5869.73068    0  390          - 5869.73068      -     -   14s
     7    16 5870.61416    3  380          - 5870.25088      -   158   15s
   125   160 5877.88290    8  371          - 5871.95452      -   195   20s
   319   359 5879.80923   13  342          - 5871.95452      -   198   25s
   423   450 5880.76471   15  349          - 5871.95452      -   194   30s
   559   567 5888.43255   23  330          - 5871.95452      -   182   35s
   699   699 5892.81684   27  285          - 5871.95452      -   180   40s
   836   836 infeasible   37               - 5871.95452      -   177   45s
   955   947 5920.25672   40  264          - 5871.95452      -   181   50s
  1075  1083 5920.02232   54  280          - 5871.95452      -   181   55s
  1198  1202 5926.77654   70  251          - 5871.95452      -   177   60s
  1392  1395 5933.99454   90  258          - 5871.95452      -   166   66s
  1522  1571 5934.01796   92  260          - 5871.95452      -   162   71s
  1725  1769 5934.08756   94  252          - 5871.95452      -   154   75s
  2031  2144 5936.39070   96  247          - 5871.95452      -   151   81s
  2411  2469 5942.00467   97  233          - 5871.95452      -   138   86s
  2716  2797 5954.46661  118  236          - 5871.95452      -   136   92s
  3041  3115 6008.88914  132  239          - 5871.95452      -   138   99s
  3240  3273 6116.68986  136  225          - 5871.95452      -   139  103s
  3448  3419 6106.90018  145  218          - 5871.95452      -   139  106s
  3909  3867 5901.31570   16  289          - 5872.77636      -   141  112s
  4212  4030 5903.57682   18  242          - 5872.77636      -   141  115s
  4708  4325 5910.67181   26  227          - 5873.07150      -   144  123s
  4800  4346 5917.83702   28  212          - 5873.38447      -   144  126s
  4823  4367 5929.46352   28  210          - 5873.38447      -   144  130s
  4890  4518 5920.86851   29  211          - 5873.38447      -   144  137s
  5003  4668 5931.23929   31  215          - 5873.38447      -   145  140s
  5463  5168 5973.86006   53  154          - 5873.38447      -   144  148s
  5825  5459 5991.70344   64  156          - 5877.39968      -   144  152s
  6175  5731 6007.50860   90  141          - 5877.39968      -   144  156s
  6493  6050 6050.88518   96  166          - 5877.39968      -   146  160s
  6859  6396 6189.64029  118  146          - 5877.67202      -   147  165s
  7704  6717 5911.77840   33 10971          - 5877.67202      -   149  177s
  7706  6718 5960.00722   90  248          - 5877.67202      -   149  180s
  7711  6722 5925.01617   43  312          - 5877.67202      -   148  186s
  7717  6726 5978.66959   59  372          - 5877.67202      -   148  190s
  7729  6734 5961.71988  109  353          - 5890.08151      -   148  195s
  7744  6744 5953.82727  154  415          - 5899.25722      -   148  200s
  7764  6757 5908.37908   24  459          - 5902.89798      -   147  205s
  7776  6765 5936.89902   40  461          - 5906.35154      -   147  210s
  7791  6775 6018.52661  105  480          - 5909.66445      -   147  215s
  7807  6786 5998.42863   73  452          - 5912.05295      -   147  220s
  7821  6795 6042.61793   66  486          - 5913.26147      -   146  225s
  7838  6806 6064.48851  191  524          - 5914.04400      -   146  230s
  7851  6815 5916.68261    9  454          - 5916.68261      -   146  235s
  7870  6828 5918.63548   48  513          - 5918.63548      -   145  240s
  7875  6831 5952.78942   44  509          - 5919.40121      -   145  245s
  7888  6840 5953.03015  107  494          - 5920.68883      -   145  250s
  7894  6844 5960.34415   51  533          - 5921.12919      -   145  266s
  7898  6846 5921.98977   26  539          - 5921.98977      -   145  270s
  7916  6858 5923.10199   27  565          - 5923.10199      -   145  275s
  7925  6864 5952.11102   74  552          - 5924.22629      -   144  280s
  7935  6871 5924.89894   36  538          - 5924.89894      -   144  285s
  7951  6882 5925.82635    9  551          - 5925.82635      -   144  290s
  7965  6891 5985.18406   47  574          - 5926.07957      -   144  295s
  7974  6898 5991.73037  131 10971          - 5926.08463      -   150  302s
  7976  6899 5936.89902   40  245          - 5926.08463      -   150  305s
  7980  6902 5926.08463   18  352          - 5926.08463      -   150  311s
  7984  6905 6091.24085  128  361          - 5926.13345      -   150  315s
  7988  6907 5953.03015  107  470          - 5926.13345      -   150  320s
  8005  6919 5929.16799   63  537          - 5926.70658      -   150  325s
  8017  6927 5978.66959   59  544          - 5927.05152      -   150  330s
  8028  6934 5927.12703    8  531          - 5927.12703      -   149  336s
  8032  6937 5990.88174   80  518          - 5927.32080      -   149  340s
  8033  6937 6109.81907   93  518          - 5927.32214      -   149  345s
  8034  6941 5927.50097   29  482          - 5927.50097      -   153  351s
  8040  6951 5927.99274   31  459          - 5927.86602      -   153  355s
  8064  6981 5928.32883   33  450          - 5928.22083      -   154  362s
  8086  7019 5930.69497   34  381          - 5928.33244      -   155  367s
  8131  7041 5938.68872   35  404          - 5928.33244      -   156  372s
  8168  7064 5931.38646   36  441          - 5928.33244      -   158  377s
  8204  7084 5932.13886   37  469          - 5928.33244      -   160  383s
  8236  7106 5946.39064   37  442          - 5928.33244      -   162  388s
  8268  7139 5932.30577   38  441          - 5928.33244      -   164  393s
  8312  7146 5932.81213   39  466          - 5928.33244      -   166  398s
  8334  7165 5947.87934   39  426          - 5928.33244      -   167  404s
  8360  7181 5933.69799   40  400          - 5928.33244      -   169  409s
  8385  7204 5986.41064   40  305          - 5928.33244      -   171  414s
  8416  7216 5937.73301   41  412          - 5928.33244      -   173  419s
  8438  7235 5934.68854   41  400          - 5928.33244      -   174  425s
  8465  7254 5935.57574   42  400          - 5928.33244      -   176  430s
  8493  7267 5938.54028   43  406          - 5928.33244      -   177  435s
  8515  7285 5938.10207   43  367          - 5928.33244      -   177  440s
  8540  7302 5939.36333   44  302          - 5928.33244      -   177  445s
  8566  7316 5948.30377   44  373          - 5928.33244      -   179  452s
  8588  7330 5942.42386   45  387          - 5928.33244      -   179  457s
  8610  7345 5951.97470   45  346          - 5928.33244      -   180  463s
  8632  7360 5946.38305   46  376          - 5928.33244      -   180  468s
  8654  7376 5950.66750   46  350          - 5928.33244      -   181  474s
  8678  7404 5947.33182   47  372          - 5928.33244      -   182  480s
  8714  7430 5966.00037   47  383          - 5928.33244      -   183  486s
  8752  7463 5947.91141   48  367          - 5928.33244      -   184  492s
  8797  7491 5966.63200   48  356          - 5928.33244      -   186  499s
  8840  7531 5948.80923   49  368          - 5928.33244      -   189  506s
  8895  7581 5959.95905   49  371          - 5928.33244      -   191  513s
  8963  7627 5950.15333   50  363          - 5928.33244      -   192  520s
  9034  7684 5951.62914   51  313          - 5928.33244      -   193  527s
  9114  7736 5953.55581   52  305          - 5928.33244      -   195  534s
  9193  7799 5983.35588   53  338          - 5928.33244      -   197  541s
  9284  7863 5956.57753   55  307          - 5928.33244      -   198  549s
  9381  7929 5968.01153   56  319          - 5928.33244      -   201  558s
  9481  7967 5963.55618   58  332          - 5928.33244      -   204  567s
  9554  8084 5968.97354   58  293          - 5928.33244      -   205  576s
  9698  8200 5971.73230   61  280          - 5928.33244      -   207  584s
  9866  8310 5972.59565   64  268          - 5928.33244      -   209  593s
 10040  8481 5975.36180   67  246          - 5928.33244      -   212  602s
 10286  8503 5979.16356   72  232          - 5928.33244      -   214  611s
 10440  8705 5994.84332   74  214          - 5928.33244      -   215  620s
 10744  8850 6001.35761   81  212          - 5928.33244      -   216  630s
 11060  8872 6003.01169   84  187          - 5928.33244      -   217  641s
 11257  8829 infeasible   85               - 5928.33244      -   220  651s
 11283  8843 6633.95577   86  204          - 5928.33244      -   221  660s
 11331  8837 infeasible   86               - 5928.48986      -   221  670s
 11367  8860 5928.71744   35  410          - 5928.49683      -   221  682s
 11417  8888 5935.42843   36  370          - 5928.49683      -   221  692s
 11485  8929 5936.40325   37  356          - 5928.49683      -   221  707s
 11562  8925 5939.19697   38  328          - 5928.49683      -   221  720s
 11584  8951 5939.64226   39  332          - 5928.49683      -   221  733s
 11621  8991 5941.49255   40  333          - 5928.49683      -   222  744s
 11698  9064 5942.80557   41  326          - 5928.49683      -   222  756s
 11831  9118 5942.93652   42  340          - 5928.49683      -   221  770s
 11962  9174 5943.51137   43  346          - 5928.49683      -   222  779s

Cutting planes:
  Gomory: 1
  Cover: 81
  Clique: 43
  MIR: 110
  Knapsack: 3
  StrongCG: 60
  Flow cover: 170
  GUB cover: 18
  Zero half: 17
  Mod-K: 1
  RLT: 59
  Relax-and-lift: 97
  BQP: 2

Explored 12070 nodes (2695500 simplex iterations) in 779.17 seconds (713.75 work units)
Thread count was 22 (of 22 available processors)

Solution count 0

Time limit reached
Best objective -, best bound 5.929000000000e+03, gap -

User-callback calls 141003, time in user-callback 0.92 sec
Set parameter LogToConsole to value 0
