
Gurobi 13.0.0 (linux64) logging started Sun Jan  4 03:44:22 2026

Set parameter LogFile to value "../experiments/network-n_60_s_2_rp_0-app_set-id_44_19_apps/compact_model_gurobi.log"
Set parameter TimeLimit to value 900
Gurobi Optimizer version 13.0.0 build v13.0.0rc1 (linux64 - "Ubuntu 24.04.3 LTS")

CPU model: Intel(R) Core(TM) Ultra 7 165H, instruction set [SSE2|AVX|AVX2]
Thread count: 22 physical cores, 22 logical processors, using up to 22 threads

Non-default parameters:
TimeLimit  900
LogToConsole  0

Academic license 2539022 - for non-commercial use only - registered to al___@studenti.unimi.it
Optimize a model with 50962 rows, 7440 columns and 112478 nonzeros (Min)
Model fingerprint: 0x18c8392d
Model has 7440 linear objective coefficients
Model has 190 quadratic constraints
Variable types: 0 continuous, 7440 integer (7440 binary)
Coefficient statistics:
  Matrix range     [1e+00, 9e+02]
  QMatrix range    [5e+01, 2e+02]
  Objective range  [1e+01, 2e+02]
  Bounds range     [1e+00, 1e+00]
  RHS range        [1e+00, 1e+09]
  QRHS range       [1e+02, 6e+02]
Presolve removed 49124 rows and 4259 columns
Presolve time: 0.54s
Presolved: 41944 rows, 43101 columns, 273901 nonzeros
Variable types: 0 continuous, 43101 integer (43101 binary)
Deterministic concurrent LP optimizer: primal and dual simplex
Showing primal log only...

Concurrent spin time: 0.00s

Solved with dual simplex

Root relaxation: objective 4.612642e+03, 3997 iterations, 0.88 seconds (1.21 work units)

    Nodes    |    Current Node    |     Objective Bounds      |     Work
 Expl Unexpl |  Obj  Depth IntInf | Incumbent    BestBd   Gap | It/Node Time

     0     0 4612.64169    0  332          - 4612.64169      -     -    2s
     0     0 4612.66535    0  327          - 4612.66535      -     -    2s
     0     0 4640.57482    0  388          - 4640.57482      -     -    5s
     0     0 4667.02003    0  370          - 4667.02003      -     -    6s
     0     0 4667.05718    0  368          - 4667.05718      -     -    6s
     0     0 4669.80474    0  352          - 4669.80474      -     -    6s
     0     0 4670.15027    0  359          - 4670.15027      -     -    7s
     0     0 4670.15727    0  374          - 4670.15727      -     -    7s
     0     0 4684.91591    0  382          - 4684.91591      -     -   10s
     0     0 4684.91591    0  380          - 4684.91591      -     -   10s
     0     0 4695.33233    0  413          - 4695.33233      -     -   10s
     0     0 4703.28658    0  467          - 4703.28658      -     -   11s
     0     0 4707.20299    0  454          - 4707.20299      -     -   11s
     0     0 4707.83647    0  450          - 4707.83647      -     -   11s
     0     0 4741.60794    0  498          - 4741.60794      -     -   14s
     0     0 4756.82395    0  525          - 4756.82395      -     -   15s
     0     0 4764.13556    0  547          - 4764.13556      -     -   15s
     0     0 4767.59709    0  563          - 4767.59709      -     -   16s
     0     0 4768.29249    0  561          - 4768.29249      -     -   16s
     0     0 4792.01582    0  489          - 4792.01582      -     -   20s
     0     0 4800.91796    0  505          - 4800.91796      -     -   21s
     0     0 4806.03195    0  641          - 4806.03195      -     -   22s
     0     0 4808.94389    0  590          - 4808.94389      -     -   23s
     0     0 4810.83407    0  568          - 4810.83407      -     -   24s
     0     0 4813.61387    0  551          - 4813.61387      -     -   25s
     0     0 4814.74239    0  530          - 4814.74239      -     -   26s
     0     0 4814.74578    0  520          - 4814.74578      -     -   26s
     0     0 4814.74578    0  520          - 4814.74578      -     -   26s
     0     2 4814.74987    0  519          - 4814.74987      -     -   31s
    15    32 4816.47806    4  510          - 4815.19838      -   570   35s
   130   170 4818.20369   10  493          - 4816.75069      -   374   40s
   243   277 4822.14794   16  487          - 4816.75069      -   388   46s
   352   402 4823.74657   21  475          - 4816.75069      -   400   50s
   471   509 4827.79572   26  490          - 4816.75069      -   374   55s
   563   583 4827.97087   28  476          - 4816.75069      -   347   60s
   655   670 4829.26196   31  489          - 4816.75069      -   334   65s
   734   758 4829.67038   33  482          - 4816.75069      -   319   70s
   837   885 4831.58154   35  447          - 4816.75069      -   306   76s
   944   980 4831.83910   36  452          - 4816.75069      -   297   81s
  1051  1107 4832.69303   38  482          - 4816.75069      -   286   86s
  1173  1237 4832.87477   40  482          - 4816.75069      -   281   91s
  1319  1351 4835.21488   46  433          - 4816.75069      -   277   96s
  1411  1439 4838.02013   49  440          - 4816.75069      -   273  101s
  1534  1620 4841.49643   56  432          - 4816.75069      -   268  107s
  1639  1728 4845.46801   60  426          - 4816.75069      -   263  110s
  1850  1939 4850.07714   71  425          - 4816.75069      -   256  118s
  1963  2054 4852.65770   78  419          - 4816.75069      -   253  122s
  2091  2135 4859.80291   87  420          - 4816.75069      -   250  127s
  2178  2227 4866.62744   95  368          - 4816.75069      -   251  131s
  2277  2332 4869.73168  103  392          - 4816.75069      -   251  135s
  2385  2458 4871.79652  109  369          - 4816.75069      -   253  141s
  2511  2592 4874.84973  115  363          - 4816.75069      -   251  147s
  2648  2743 4886.77181  125  311          - 4816.75069      -   249  152s
  2800  2890 4893.02167  133  307          - 4816.75069      -   246  159s
  2955  2950 4907.13263  142  337          - 4816.75069      -   243  170s
  3019  2990 4916.81049  144  312          - 4816.75069      -   244  180s
  3062  3040 4916.38661  145  295          - 4816.75069      -   243  186s
  3115  3118 4917.41203  146  313          - 4816.75069      -   243  191s
  3198  3244 4917.42575  147  307          - 4816.75069      -   241  196s
  3326  3354 4922.05301  149  303          - 4816.75069      -   241  201s
  3482  3429 5104.47820  153  312          - 4816.75069      -   238  206s
  3596  3560 4953.95428  154  303          - 4816.75069      -   236  212s
  3730  3799 4957.84857  159  258          - 4816.75069      -   235  219s
  3986  4066 4974.48482  178  291          - 4816.75069      -   232  226s
  4266  4421 5047.96504  201  306          - 4816.75069      -   232  233s
  4625  4832 5044.81241  225  276          - 4816.75069      -   230  240s
  5092  5175 5287.36963  256  212          - 4816.75069      -   225  246s
  5514  5464 5361.35870  271  211          - 4816.75069      -   223  252s
  5891  5787 4850.79858   15  481          - 4817.19332      -   223  258s
  6288  6076 4857.42290   25  447          - 4817.19332      -   222  265s
  6669  6365 4875.03795   28  455          - 4817.19332      -   223  271s
  6979  6706 4871.03658   30  431          - 4817.19332      -   226  279s
  7342  6991 4883.27322   38  399          - 4817.19332      -   227  288s
  7675  7177 4913.64089   43  333          - 4817.31396      -   228  297s
  7881  7322 4925.05939   47  330          - 4817.31396      -   229  307s
  8066  7652 4943.22057   57  277          - 4817.31396      -   230  316s
  8483  8059 4973.29504   70  294          - 4817.31396      -   228  324s
  8938  8577 4995.39247   82  247          - 4817.31396      -   229  333s
  9534  9146 5025.35553   96  276          - 4817.31396      -   228  342s
 10184  9147 4882.13939   26 19532          - 4817.31396      -   226  364s
 10186  9148 4876.41380   19  337          - 4817.31396      -   226  371s
 10188  9150 4861.93222   14  391          - 4817.31396      -   226  376s
 10190  9151 4982.22698  138  514          - 4817.31396      -   226  384s
 10191  9152 5143.05340  174  458          - 4817.31396      -   226  388s
 10192  9152 4874.01386   24  537          - 4817.31396      -   226  392s
 10195  9154 4877.28034   21  629          - 4820.01763      -   226  395s
 10200  9158 5489.97876  154  556          - 4825.25060      -   226  400s
 10206  9162 4942.20192   70  642          - 4833.09956      -   225  405s
 10216  9168 4965.02033   92  643          - 4836.84236      -   225  410s
 10221  9172 5034.84092  176  621          - 4843.60750      -   225  415s
 10230  9178 4845.00946   16  606          - 4845.00946      -   225  420s
 10239  9184 4869.52310   29  593          - 4849.41658      -   225  425s
 10248  9190 4918.09615   67  565          - 4851.90584      -   225  430s
 10260  9198 4915.40526   62  605          - 4854.09367      -   224  436s
 10264  9200 5022.12705  147  637          - 4855.51832      -   224  440s
 10276  9208 4918.10636   56  668          - 4857.11068      -   224  446s
 10284  9214 4882.13939   26  724          - 4859.92105      -   224  450s
 10297  9222 5301.63336  145  690          - 4860.60214      -   223  455s
 10311  9232 4919.13191   50  619          - 4861.95878      -   223  460s
 10318  9236 4973.06204   87  647          - 4862.84644      -   223  465s
 10330  9244 4863.50093   16  651          - 4863.50093      -   223  471s
 10333  9246 4927.54692  101  661          - 4864.83483      -   223  475s
 10341  9252 4941.19006  138  718          - 4866.21148      -   223  481s
 10343  9253 4886.66062   41  708          - 4866.56791      -   222  485s
 10352  9259 4946.51126   45  691          - 4868.33835      -   222  490s
 10364  9267 5022.12705  147  639          - 4868.93033      -   222  495s
 10371  9272 4887.27378  126  632          - 4870.90949      -   222  500s
 10382  9279 4983.70273   88  667          - 4871.48946      -   222  506s
 10385  9281 4951.37532   84  662          - 4872.77570      -   222  510s
 10391  9285 5143.05340  174  706          - 4873.67031      -   221  515s
 10403  9293 4892.54651   38  728          - 4874.32654      -   221  520s
 10409  9297 5027.23796  121  738          - 4874.53465      -   221  525s
 10417  9302 4958.86415   89  710          - 4875.25153      -   221  530s
 10426  9308 4975.66922  117  716          - 4875.86120      -   221  535s
 10438  9316 5233.37476  190  823          - 4876.18213      -   220  541s
 10439  9317 4876.18213   29  814          - 4876.18213      -   220  568s
 10440  9318 4995.69853   80  800          - 4876.19560      -   220  570s
 10446  9322 4920.33179   80  790          - 4876.22839      -   220  576s
 10452  9326 4946.51126   45  771          - 4876.63778      -   220  580s
 10459  9330 4946.49874  117  717          - 4876.74813      -   220  586s
 10465  9334 4876.95272   24  766          - 4876.95272      -   220  590s
 10473  9340 4891.69248   74  779          - 4877.45227      -   220  595s
 10486  9348 4877.83086   19  734          - 4877.83086      -   219  600s
 10495  9354 4878.04197   21  771          - 4878.04197      -   219  605s
 10500  9358 5489.97876  154  772          - 4878.12696      -   219  610s
 10511  9365 4919.13191   50  711          - 4878.35511      -   219  615s
 10519  9370 4878.60833   16  716          - 4878.60833      -   219  621s
 10525  9374 4931.49246   75  727          - 4878.69712      -   219  625s
 10532  9380 5208.39102  173 19500          - 4878.69758      -   229  638s
 10534  9381 5141.10879  192  337          - 4878.69758      -   229  645s
 10536  9383 4993.49930   74  419          - 4878.69758      -   229  651s
 10538  9384 5233.37476  190  527          - 4878.69758      -   229  657s
 10539  9385 4878.72933   29  511          - 4878.72933      -   229  662s
 10540  9385 4995.69853   80  531          - 4878.72933      -   229  666s
 10541  9386 4941.19006  138  556          - 4879.67298      -   229  670s
 10543  9387 4886.66062   41  620          - 4879.67946      -   229  675s
 10545  9389 4882.36486   25  649          - 4879.67946      -   229  681s
 10548  9391 4918.09615   67  756          - 4881.95186      -   229  685s
 10556  9396 5222.55722  205  714          - 4882.44887      -   229  690s
 10563  9401 4901.32653   82  724          - 4882.44887      -   229  695s
 10566  9403 4882.44887   28  677          - 4882.44887      -   229  700s
 10574  9408 4961.35145   92  769          - 4882.44887      -   229  705s
 10583  9414 5118.80171  203  747          - 4882.44887      -   228  710s
 10591  9419 5143.05340  174  736          - 4882.44887      -   228  715s
 10600  9425 5489.97876  154  733          - 4882.44887      -   228  720s
 10611  9433 4919.13191   50  737          - 4882.44887      -   228  726s
 10618  9437 4973.06204   87  791          - 4882.44887      -   228  731s
 10622  9440 4916.81290  145  747          - 4882.44887      -   228  735s
 10626  9443 4975.66922  117  755          - 4882.44887      -   227  741s
 10633  9447 4927.54692  101  789          - 4882.44887      -   227  745s
 10644  9455 4964.04040  156  788          - 4882.44887      -   227  750s
 10654  9461 4888.27235   69  822          - 4882.44887      -   227  755s
 10663  9467 4901.32653   82  780          - 4882.44887      -   227  760s
 10664  9468 5022.12705  147  726          - 4882.44887      -   227  777s
 10666  9469 4882.44887   28  739          - 4882.44887      -   227  781s
 10674  9475 4961.35145   92  729          - 4882.44887      -   226  785s
 10681  9479 4947.67578   31  792          - 4882.44887      -   226  790s
 10692  9487 4882.44887   24  737          - 4882.44887      -   226  795s
 10702  9493 4882.53913   26  740          - 4882.53913      -   226  800s
 10712  9500 5017.49954   94  746          - 4882.93060      -   226  805s
 10719  9505 4883.18911   16  761          - 4883.18911      -   225  810s
 10727  9510 5122.09852  113  773          - 4883.38585      -   225  816s
 10733  9514 4927.54692  101  758          - 4883.58747      -   225  820s
 10741  9519 4941.19006  138  787          - 4883.67425      -   225  827s
 10743  9521 4886.66062   41  795          - 4883.67468      -   225  830s
 10746  9523 4920.33179   80  766          - 4883.81722      -   225  835s
 10748  9524 4918.09615   67  740          - 4883.81935      -   225  854s
 10749  9528 4884.16806   28  654          - 4883.81935      -   232  858s
 10751  9531 4891.10676   29  660          - 4884.16852      -   232  861s
 10755  9538 4891.27082   30  625          - 4884.95557      -   232  866s
 10763  9551 4892.24380   31  638          - 4885.67688      -   233  873s
 10779  9568 4894.91438   32  573          - 4887.34314      -   235  881s
 10801  9604 4895.40067   33  594          - 4888.42332      -   236  893s

Cutting planes:
  Gomory: 3
  Lift-and-project: 1
  Cover: 76
  Clique: 36
  MIR: 160
  Knapsack: 5
  StrongCG: 84
  Flow cover: 326
  GUB cover: 11
  Zero half: 68
  Mod-K: 4
  RLT: 86
  Relax-and-lift: 467
  BQP: 16

Explored 10845 nodes (2607310 simplex iterations) in 900.03 seconds (1203.55 work units)
Thread count was 22 (of 22 available processors)

Solution count 0

Time limit reached
Best objective -, best bound 4.889000000000e+03, gap -

User-callback calls 167417, time in user-callback 0.71 sec
