FIXINGS_START
(0, 0, 0)
(0, 9, 0)
(1, 0, 0)
(2, 3, 0)
(3, 0, 0)
(4, 0, 0)
(4, 4, 0)
(5, 0, 0)
(5, 1, 0)
(6, 0, 0)
(7, 0, 0)
(8, 0, 0)
(8, 4, 0)
(9, 0, 0)
(11, 0, 0)
(12, 0, 0)
(12, 6, 0)
(13, 4, 0)
(14, 3, 0)
(15, 0, 0)
(15, 9, 0)
(16, 0, 0)
(16, 1, 0)
(17, 0, 0)
(17, 7, 0)
(18, 0, 0)
(18, 4, 0)
(15, 1, 0)
(10, 1, 0)
(10, 2, 0)
(10, 4, 0)
(10, 5, 0)
(12, 3, 0)
(9, 1, 0)
(14, 1, 0)
(5, 2, 0)
(7, 2, 0)
(13, 2, 0)
(11, 2, 0)
(8, 1, 0)
(11, 3, 0)
(9, 3, 34)
(3, 2, 0)
(12, 4, 0)
(7, 3, 0)
(4, 1, 0)
(17, 5, 0)
(4, 3, 0)
(7, 4, 0)
(5, 6, 0)
(8, 2, 0)
(8, 3, 25)
(12, 5, 0)
(2, 0, 33)
(2, 2, 0)
(9, 4, 0)
(4, 5, 0)
FIXINGS_END
found_sol 5233.0 time 428.374
found_sol 5231.0 time 485.884
found_sol 5227.0 time 485.886
found_sol 5217.0 time 485.889
found_sol 5205.0 time 506.212
found_sol 5203.0 time 521.129
time 792.536
GUROBI
Status TIME_LIMIT
Runtime 792.5357248783112
NodeCount 13136.0
IterCount 4064203.0
NumVars 7440
NumConstrs 51019
ObjBound 4966.0
ObjBoundC 4965.848242675935
ObjVal 5203.0
MIPGap 0.045550643859311936
