FIXINGS_START
(0, 0, 0)
(0, 9, 0)
(1, 0, 0)
(2, 3, 0)
(3, 0, 0)
(4, 0, 0)
(4, 4, 0)
(5, 0, 0)
(5, 1, 0)
(6, 0, 0)
(7, 0, 0)
(8, 0, 0)
(8, 4, 0)
(9, 0, 0)
(11, 0, 0)
(12, 0, 0)
(12, 6, 0)
(13, 4, 0)
(14, 3, 0)
(15, 0, 0)
(15, 9, 0)
(16, 0, 0)
(16, 1, 0)
(17, 0, 0)
(17, 7, 0)
(18, 0, 0)
(18, 4, 0)
(15, 1, 0)
(10, 1, 0)
(10, 2, 0)
(10, 4, 0)
(10, 5, 0)
(12, 3, 0)
(9, 1, 0)
(14, 1, 0)
(5, 2, 0)
(7, 2, 0)
(13, 2, 0)
(11, 2, 0)
(8, 1, 0)
(11, 3, 0)
(9, 3, 34)
(3, 2, 0)
(12, 4, 0)
(7, 3, 0)
(4, 1, 0)
(17, 5, 0)
(4, 3, 0)
(7, 4, 0)
(5, 6, 0)
(8, 2, 0)
(8, 3, 25)
(12, 5, 0)
(2, 0, 33)
(2, 2, 0)
(9, 4, 0)
(4, 5, 0)
(8, 6, 22)
(12, 7, 0)
(15, 4, 0)
(4, 7, 0)
(16, 3, 8)
(16, 4, 0)
(16, 5, 0)
(18, 6, 0)
(0, 2, 33)
FIXINGS_END
found_sol 5416.0 time 134.875
found_sol 5399.0 time 134.907
found_sol 5394.0 time 137.115
found_sol 5393.0 time 140.264
found_sol 5343.0 time 140.492
found_sol 5341.0 time 184.872
found_sol 5304.0 time 211.151
found_sol 5302.0 time 222.029
found_sol 5282.0 time 236.481
found_sol 5278.0 time 270.430
found_sol 5266.0 time 270.432
found_sol 5211.0 time 709.455
found_sol 5194.0 time 709.513
found_sol 5194.0 time 776.752
time 776.760
GUROBI
Status TIME_LIMIT
Runtime 776.760036945343
NodeCount 19866.0
IterCount 6897890.0
NumVars 7440
NumConstrs 51028
ObjBound 5025.0
ObjBoundC 5024.291948528108
ObjVal 5194.0
MIPGap 0.032537543319214476
