FIXINGS_START
(0, 0, 0)
(1, 0, 0)
(1, 9, 0)
(2, 0, 0)
(2, 4, 0)
(3, 0, 0)
(4, 0, 0)
(4, 1, 0)
(5, 0, 0)
(6, 0, 0)
(7, 4, 0)
(8, 0, 0)
(9, 0, 0)
(9, 7, 0)
(12, 0, 0)
(12, 9, 0)
(13, 7, 0)
(13, 8, 0)
(14, 0, 0)
(14, 6, 0)
(15, 0, 0)
(15, 4, 0)
(16, 0, 0)
(17, 0, 0)
(18, 0, 0)
(18, 6, 0)
(10, 1, 0)
(16, 1, 0)
(8, 2, 28)
(5, 2, 30)
(6, 1, 0)
(6, 2, 0)
(13, 0, 28)
(10, 2, 0)
(9, 5, 0)
(2, 1, 0)
(2, 2, 0)
(1, 1, 32)
(15, 3, 0)
(18, 2, 0)
(11, 0, 0)
(8, 3, 4)
(2, 5, 5)
(1, 2, 14)
(15, 5, 0)
(13, 2, 0)
(1, 3, 0)
(3, 1, 0)
(14, 4, 0)
(0, 1, 0)
(1, 5, 40)
(18, 3, 0)
(1, 6, 0)
(3, 2, 0)
(0, 3, 0)
(13, 5, 37)
(13, 6, 27)
(10, 4, 0)
(4, 4, 0)
(14, 5, 0)
(10, 5, 0)
(2, 7, 10)
(4, 5, 0)
(18, 4, 0)
(3, 4, 38)
(11, 1, 31)
FIXINGS_END
found_sol 6086.0 time 0.863
found_sol 5872.0 time 1.547
found_sol 5814.0 time 1.957
found_sol 5697.0 time 1.957
found_sol 5692.0 time 1.958
found_sol 5649.0 time 3.082
found_sol 5619.0 time 3.869
found_sol 5470.0 time 3.871
found_sol 5422.0 time 4.312
found_sol 5412.0 time 4.575
found_sol 5384.0 time 4.582
found_sol 5382.0 time 5.064
found_sol 5348.0 time 5.106
found_sol 5304.0 time 5.108
found_sol 5299.0 time 5.340
found_sol 5293.0 time 6.106
found_sol 5292.0 time 6.994
found_sol 5277.0 time 12.080
found_sol 5272.0 time 12.487
found_sol 5264.0 time 12.490
found_sol 5261.0 time 18.886
found_sol 5261.0 time 30.990
found_sol 5264.0 time 30.992
found_sol 5272.0 time 30.993
found_sol 5254.0 time 55.867
found_sol 5249.0 time 63.626
found_sol 5249.0 time 65.460
time 65.467
GUROBI
Status OPTIMAL
Runtime 65.46660685539246
NodeCount 10325.0
IterCount 1186199.0
NumVars 7440
NumConstrs 55552
ObjBound 5249.0
ObjBoundC 5249.0
ObjVal 5249.0
MIPGap 0.0
