FIXINGS_START
(0, 0, 0)
(1, 0, 0)
(1, 9, 0)
(2, 0, 0)
(2, 4, 0)
(3, 0, 0)
(4, 0, 0)
(4, 1, 0)
(5, 0, 0)
(6, 0, 0)
(7, 4, 0)
(8, 0, 0)
(9, 0, 0)
(9, 7, 0)
(12, 0, 0)
(12, 9, 0)
(13, 7, 0)
(13, 8, 0)
(14, 0, 0)
(14, 6, 0)
(15, 0, 0)
(15, 4, 0)
(16, 0, 0)
(17, 0, 0)
(18, 0, 0)
(18, 6, 0)
(12, 2, 0)
(12, 3, 0)
(12, 4, 0)
(12, 5, 0)
(12, 6, 0)
(3, 1, 0)
(0, 1, 0)
(4, 4, 0)
(16, 1, 0)
(0, 2, 30)
(0, 3, 0)
(2, 1, 0)
(13, 2, 0)
(8, 2, 28)
(2, 2, 0)
(14, 4, 0)
(3, 2, 0)
(18, 1, 23)
(1, 2, 14)
(15, 1, 0)
(3, 3, 38)
(4, 5, 0)
(10, 1, 0)
(7, 1, 0)
(16, 2, 1)
(14, 5, 0)
(18, 2, 0)
(10, 2, 0)
(15, 2, 5)
(2, 7, 10)
FIXINGS_END
found_sol 5604.0 time 2.355
found_sol 5601.0 time 2.365
found_sol 5599.0 time 3.137
found_sol 5594.0 time 3.162
found_sol 5572.0 time 3.966
found_sol 5543.0 time 3.967
found_sol 5533.0 time 4.009
found_sol 5499.0 time 4.316
found_sol 5477.0 time 5.489
found_sol 5393.0 time 5.531
found_sol 5387.0 time 7.930
found_sol 5381.0 time 7.932
found_sol 5365.0 time 7.934
found_sol 5362.0 time 8.642
found_sol 5358.0 time 8.645
found_sol 5253.0 time 9.247
found_sol 5248.0 time 9.856
found_sol 5206.0 time 9.857
found_sol 5162.0 time 9.859
found_sol 5157.0 time 10.854
found_sol 5152.0 time 11.771
found_sol 5150.0 time 12.774
found_sol 5150.0 time 43.779
found_sol 5152.0 time 43.783
found_sol 5157.0 time 43.786
found_sol 5140.000000000001 time 123.852
found_sol 5140.0 time 125.269
time 125.276
GUROBI
Status OPTIMAL
Runtime 125.27628302574158
NodeCount 10116.0
IterCount 1347819.0
NumVars 7440
NumConstrs 55542
ObjBound 5140.0
ObjBoundC 5140.000000000001
ObjVal 5140.0
MIPGap 0.0
