FIXINGS_START
(0, 0, 0)
(1, 0, 0)
(1, 9, 0)
(2, 0, 0)
(2, 4, 0)
(3, 0, 0)
(4, 0, 0)
(4, 1, 0)
(5, 0, 0)
(6, 0, 0)
(7, 4, 0)
(8, 0, 0)
(9, 0, 0)
(9, 7, 0)
(12, 0, 0)
(12, 9, 0)
(13, 7, 0)
(13, 8, 0)
(14, 0, 0)
(14, 6, 0)
(15, 0, 0)
(15, 4, 0)
(16, 0, 0)
(17, 0, 0)
(18, 0, 0)
(18, 6, 0)
(10, 1, 0)
(16, 1, 0)
(8, 2, 28)
(5, 2, 30)
(6, 1, 0)
(6, 2, 0)
(13, 0, 28)
(10, 2, 0)
(9, 5, 0)
(2, 1, 0)
(2, 2, 0)
(1, 1, 32)
(15, 3, 0)
(18, 2, 0)
(11, 0, 0)
(8, 3, 4)
(2, 5, 5)
(1, 2, 14)
(15, 5, 0)
(13, 2, 0)
(1, 3, 0)
(3, 1, 0)
(14, 4, 0)
(0, 1, 0)
(1, 5, 40)
(18, 3, 0)
(1, 6, 0)
(3, 2, 0)
(0, 3, 0)
(13, 5, 37)
FIXINGS_END
found_sol 6075.0 time 1.306
found_sol 6036.0 time 1.441
found_sol 6007.0 time 1.442
found_sol 5970.0 time 2.375
found_sol 5962.0 time 2.376
found_sol 5946.0 time 2.475
found_sol 5839.0 time 2.476
found_sol 5804.0 time 2.792
found_sol 5801.0 time 2.793
found_sol 5744.0 time 3.055
found_sol 5741.0 time 3.057
found_sol 5661.0 time 3.421
found_sol 5551.0 time 7.069
found_sol 5508.0 time 7.071
found_sol 5505.0 time 8.983
found_sol 5503.0 time 8.984
found_sol 5474.0 time 8.986
found_sol 5472.0 time 10.340
found_sol 5469.0 time 10.341
found_sol 5419.0 time 11.193
found_sol 5334.0 time 11.195
found_sol 5276.0 time 11.937
found_sol 5275.0 time 12.687
found_sol 5270.0 time 14.492
found_sol 5270.0 time 31.646
found_sol 5275.0 time 31.650
found_sol 5276.0 time 31.653
found_sol 5267.0 time 194.433
found_sol 5265.0 time 280.654
found_sol 5256.0 time 287.825
found_sol 5248.0 time 295.422
found_sol 5240.0 time 358.192
found_sol 5231.0 time 375.225
found_sol 5219.0 time 448.262
found_sol 5219.0 time 512.579
time 512.597
GUROBI
Status OPTIMAL
Runtime 512.5969400405884
NodeCount 44289.0
IterCount 9285894.0
NumVars 7440
NumConstrs 55542
ObjBound 5219.0
ObjBoundC 5219.0
ObjVal 5219.0
MIPGap 0.0
