
Gurobi 13.0.0 (linux64) logging started Mon Jan  5 00:13:15 2026

Set parameter LogFile to value "../experiments/network-n_30_s_2_rp_0-app_set-id_23_12_apps/compact_model_gurobi.log"
Set parameter TimeLimit to value 900
Gurobi Optimizer version 13.0.0 build v13.0.0rc1 (linux64 - "Ubuntu 24.04.3 LTS")

CPU model: Intel(R) Core(TM) Ultra 7 165H, instruction set [SSE2|AVX|AVX2]
Thread count: 22 physical cores, 22 logical processors, using up to 22 threads

Non-default parameters:
TimeLimit  900
LogToConsole  0

Academic license 2539022 - for non-commercial use only - registered to al___@studenti.unimi.it
Optimize a model with 4126 rows, 2340 columns and 11298 nonzeros (Min)
Model fingerprint: 0x15a14598
Model has 2340 linear objective coefficients
Model has 100 quadratic constraints
Variable types: 0 continuous, 2340 integer (2340 binary)
Coefficient statistics:
  Matrix range     [1e+00, 9e+02]
  QMatrix range    [6e+01, 2e+02]
  Objective range  [1e+01, 2e+02]
  Bounds range     [1e+00, 1e+00]
  RHS range        [1e+00, 1e+09]
  QRHS range       [1e+02, 6e+02]
Presolve removed 3726 rows and 1477 columns
Presolve time: 0.04s
Presolved: 5749 rows, 6115 columns, 32458 nonzeros
Variable types: 0 continuous, 6115 integer (6115 binary)

Root relaxation: objective 3.025603e+03, 763 iterations, 0.05 seconds (0.06 work units)

    Nodes    |    Current Node    |     Objective Bounds      |     Work
 Expl Unexpl |  Obj  Depth IntInf | Incumbent    BestBd   Gap | It/Node Time

     0     0 3025.60287    0  123          - 3025.60287      -     -    0s
     0     0 3073.23513    0  169          - 3073.23513      -     -    0s
     0     0 3078.07896    0  192          - 3078.07896      -     -    0s
     0     0 3078.83640    0  182          - 3078.83640      -     -    1s
     0     0 3078.94394    0  186          - 3078.94394      -     -    1s
     0     0 3126.49516    0  197          - 3126.49516      -     -    1s
     0     0 3128.78671    0  194          - 3128.78671      -     -    1s
     0     0 3130.84962    0  193          - 3130.84962      -     -    1s
     0     0 3130.91967    0  204          - 3130.91967      -     -    1s
     0     0 3161.03309    0  251          - 3161.03309      -     -    1s
     0     0 3167.45858    0  244          - 3167.45858      -     -    2s
     0     0 3168.72780    0  239          - 3168.72780      -     -    2s
     0     0 3182.04471    0  244          - 3182.04471      -     -    2s
     0     0 3182.06621    0  244          - 3182.06621      -     -    2s
     0     0 3182.06621    0  233          - 3182.06621      -     -    2s
     0     2 3182.06668    0  231          - 3182.06668      -     -    2s
   417   434 3214.32393   19  143          - 3185.64379      -   130    5s
H  579   561                    3942.0000000 3187.19218  19.1%   130    5s
H  598   585                    3930.0000000 3187.19218  18.9%   130    6s
H  624   585                    3900.0000000 3187.96435  18.3%   129    6s
H  663   636                    3721.0000000 3187.96435  14.3%   134    6s
H  785   747                    3642.0000000 3187.96435  12.5%   139    7s
H 1293  1119                    3563.0000000 3189.91680  10.5%   140    9s
  1533  1279 3511.37102   34   76 3563.00000 3189.91680  10.5%   139   10s
H 1768  1344                    3512.0000000 3193.08963  9.08%   140   11s
H 1966  1459                    3508.0000000 3193.08963  8.98%   138   11s
H 2104  1469                    3469.0000000 3195.88882  7.87%   139   12s
  2470  1683 3345.66956   18  161 3469.00000 3196.31416  7.86%   139   15s
  3050  1993 3344.65686   24  175 3469.00000 3201.11568  7.72%   138   20s
  3361  2182 3334.57363   17  116 3469.00000 3202.93832  7.67%   138   25s
H 3423  2066                    3437.0000000 3202.95657  6.81%   138   25s
  3516  2092 3224.62239    9  307 3437.00000 3216.70658  6.41%   136   30s
H 3521  1990                    3432.0000000 3218.92312  6.21%   136   30s
H 3533  1897                    3418.0000000 3221.87735  5.74%   135   30s
H 3558  1816                    3406.0000000 3229.56961  5.18%   135   33s
H 3558  1723                    3396.0000000 3229.56961  4.90%   135   33s
H 3559  1637                    3393.0000000 3229.77109  4.81%   134   33s
H 3569  1560                    3389.0000000 3230.22678  4.68%   134   34s
  3579  1566 3235.40142   10  354 3389.00000 3235.40142  4.53%   134   35s
  3639  1606 3339.72654   18  330 3389.00000 3239.88729  4.40%   132   40s
  3765  1730 3285.14970   18  324 3389.00000 3250.01314  4.10%   145   45s
  4142  1834 3329.79084   24  188 3389.00000 3259.21949  3.83%   152   50s
  4490  1921 3338.51411   31   89 3389.00000 3261.46737  3.76%   153   55s
  4859  1990 infeasible   42      3389.00000 3267.34515  3.59%   154   60s
  5310  2100 3316.88231   24  159 3389.00000 3269.30012  3.53%   153   65s
  6030  2217 3316.27630   25  226 3389.00000 3275.65994  3.34%   152   71s
  6501  2375 3373.42044   34  146 3389.00000 3276.69411  3.31%   152   75s
  7219  2425 3373.17521   43   35 3389.00000 3276.90228  3.31%   151   81s
  7820  2601 3357.08100   33  194 3389.00000 3282.79506  3.13%   151   86s
  8571  2713 3357.76991   24  185 3389.00000 3285.37043  3.06%   152   91s
  9098  2945 3362.19830   30  188 3389.00000 3287.29622  3.00%   153   96s
  9699  3267 3374.41337   36  145 3389.00000 3290.39490  2.91%   153  100s
 10375  3597 3308.53331   20  267 3389.00000 3293.69853  2.81%   153  105s
 11570  4133 3367.32828   31  171 3389.00000 3296.88715  2.72%   153  112s
 12030  4278 3376.55147   32  163 3389.00000 3297.90068  2.69%   153  115s
 12881  4735 3313.35243   20  255 3389.00000 3300.88364  2.60%   153  120s
 13891  5127 3366.57567   27  186 3389.00000 3302.70280  2.55%   152  125s
 14965  5550     cutoff   32      3389.00000 3304.62173  2.49%   152  131s
 15562  5714 3380.91989   28  118 3389.00000 3305.56411  2.46%   152  135s
 16627  6065 3344.71370   22  243 3389.00000 3306.38400  2.44%   152  141s
 16861  6302 3377.31542   26  158 3389.00000 3306.38400  2.44%   152  145s
 18235  6870 3340.11624   25  142 3389.00000 3308.86631  2.36%   152  152s
 19012  7036 3323.08190   21  145 3389.00000 3310.17795  2.33%   151  156s
 19803  7286     cutoff   27      3389.00000 3310.95852  2.30%   151  160s
 21369  7842 3341.01984   23  211 3389.00000 3312.70378  2.25%   151  168s
 22279  8127 3377.90300   25  183 3389.00000 3313.67986  2.22%   150  172s
 23157  8414 3354.54913   39  139 3389.00000 3314.77204  2.19%   150  176s
 24115  8723 infeasible   32      3389.00000 3315.93948  2.16%   150  181s
 25194  9038 3335.00169   22  256 3389.00000 3316.95355  2.13%   150  185s
 26109  9308 3356.50751   30  143 3389.00000 3317.79895  2.10%   150  190s
 27974  9779 3360.88259   36  188 3389.00000 3319.54485  2.05%   150  199s
 29004 10050 3339.75810   27  201 3389.00000 3320.41969  2.02%   150  203s
 30002 10285 infeasible   26      3389.00000 3321.35711  2.00%   150  208s
 31128 10582     cutoff   26      3389.00000 3322.36452  1.97%   150  213s
 32372 10780     cutoff   28      3389.00000 3323.25268  1.94%   149  218s
 33614 10989 3380.18375   28  147 3389.00000 3324.23380  1.91%   149  223s
 34881 11162 3377.93594   27  207 3389.00000 3324.65632  1.90%   149  229s
 36212 11172 3382.52871   34   61 3389.00000 3325.44570  1.88%   148  234s
 36269 11207 3374.21386   29  154 3389.00000 3325.87268  1.86%   148  239s
 36442 11301     cutoff   32      3389.00000 3326.03223  1.86%   148  245s
 36830 11374 3360.61397   35  134 3389.00000 3326.03223  1.86%   148  250s
H37080  7459                    3361.0000000 3326.08749  1.04%   148  250s
 37259  7136 3355.71632   25  241 3361.00000 3326.18387  1.04%   148  257s
 38803  6778 3354.71738   23  193 3361.00000 3329.13051  0.95%   148  264s
 40344  6336     cutoff   39      3361.00000 3332.05837  0.86%   149  271s
 41896  5641     cutoff   32      3361.00000 3334.54731  0.79%   149  278s
 43674  4575     cutoff   25      3361.00000 3338.22047  0.68%   149  285s
 45538  3339     cutoff   26      3361.00000 3342.91796  0.54%   148  291s
 47156  1986     cutoff   24      3361.00000 3348.17727  0.38%   147  295s

Cutting planes:
  Gomory: 6
  Lift-and-project: 1
  Cover: 485
  Implied bound: 2
  Clique: 13
  MIR: 275
  Knapsack: 7
  StrongCG: 175
  Flow cover: 219
  GUB cover: 12
  Inf proof: 3
  Zero half: 91
  Mod-K: 3
  RLT: 255
  Relax-and-lift: 49
  BQP: 84

Explored 50579 nodes (7131283 simplex iterations) in 298.48 seconds (190.09 work units)
Thread count was 22 (of 22 available processors)

Solution count 10: 3361 3389 3393 ... 3508

Optimal solution found (tolerance 1.00e-04)
Best objective 3.361000000000e+03, best bound 3.361000000000e+03, gap 0.0000%

User-callback calls 123628, time in user-callback 0.19 sec
