
Gurobi 13.0.0 (linux64) logging started Fri Jan 16 04:38:14 2026

Set parameter LogFile to value "../experiments/network-n_60_s_0_rp_0-app_set-id_43_19_apps/submip_30_epr0_model_gurobi.log"
Set parameter TimeLimit to value 8.9207294106097834e+02
Gurobi Optimizer version 13.0.0 build v13.0.0rc1 (linux64 - "Ubuntu 24.04.3 LTS")

CPU model: Intel(R) Core(TM) Ultra 7 165H, instruction set [SSE2|AVX|AVX2]
Thread count: 22 physical cores, 22 logical processors, using up to 22 threads

Non-default parameters:
TimeLimit  8.9207294106097834e+02
LogToConsole  0

Academic license 2539022 - for non-commercial use only - registered to al___@studenti.unimi.it
Optimize a model with 34455 rows, 7440 columns and 79352 nonzeros (Min)
Model fingerprint: 0x0901bef6
Model has 7440 linear objective coefficients
Model has 200 quadratic constraints
Variable types: 0 continuous, 7440 integer (7440 binary)
Coefficient statistics:
  Matrix range     [1e+00, 9e+02]
  QMatrix range    [5e+01, 2e+02]
  Objective range  [1e+01, 2e+02]
  Bounds range     [1e+00, 1e+00]
  RHS range        [1e+00, 1e+09]
  QRHS range       [1e+02, 6e+02]
Presolve removed 33943 rows and 5803 columns
Presolve time: 0.11s
Presolved: 13502 rows, 14439 columns, 82089 nonzeros
Variable types: 0 continuous, 14439 integer (14439 binary)

Root relaxation: objective 4.574939e+03, 1509 iterations, 0.15 seconds (0.23 work units)

    Nodes    |    Current Node    |     Objective Bounds      |     Work
 Expl Unexpl |  Obj  Depth IntInf | Incumbent    BestBd   Gap | It/Node Time

     0     0 4574.93874    0  184          - 4574.93874      -     -    0s
     0     0 4616.95710    0  182          - 4616.95710      -     -    1s
     0     0 4642.86328    0  203          - 4642.86328      -     -    1s
     0     0 4644.94687    0  207          - 4644.94687      -     -    1s
     0     0 4644.98787    0  213          - 4644.98787      -     -    2s
H    0     0                    6730.0000000 4644.98787  31.0%     -    2s
     0     0 4665.91644    0  208 6730.00000 4665.91644  30.7%     -    2s
H    0     0                    6382.0000000 4665.91644  26.9%     -    2s
     0     0 4680.53885    0  205 6382.00000 4680.53885  26.7%     -    2s
     0     0 4682.20565    0  246 6382.00000 4682.20565  26.6%     -    2s
     0     0 4682.68977    0  213 6382.00000 4682.68977  26.6%     -    2s
     0     0 4691.27353    0  233 6382.00000 4691.27353  26.5%     -    3s
H    0     0                    6193.0000000 4691.27353  24.2%     -    3s
H    0     0                    6178.0000000 4691.27353  24.1%     -    3s
H    0     0                    6024.0000000 4691.27353  22.1%     -    3s
H    0     0                    5944.0000000 4691.27353  21.1%     -    3s
H    0     0                    5851.0000000 4691.27353  19.8%     -    3s
H    0     0                    5668.0000000 4695.29103  17.2%     -    3s
H    0     0                    5639.0000000 4695.29103  16.7%     -    3s
H    0     0                    5626.0000000 4695.29103  16.5%     -    3s
H    0     0                    5621.0000000 4695.29103  16.5%     -    3s
     0     0 4695.29103    0  231 5621.00000 4695.29103  16.5%     -    3s
H    0     0                    5594.0000000 4698.95338  16.0%     -    3s
     0     0 4698.95338    0  250 5594.00000 4698.95338  16.0%     -    4s
H    0     0                    5500.0000000 4699.41022  14.6%     -    4s
H    0     0                    5400.0000000 4699.41022  13.0%     -    4s
     0     0 4699.41022    0  251 5400.00000 4699.41022  13.0%     -    4s
H    0     0                    5365.0000000 4699.41022  12.4%     -    4s
H    0     0                    5363.0000000 4699.41022  12.4%     -    4s
H    0     0                    5323.0000000 4699.41022  11.7%     -    4s
     0     0 4701.33613    0  241 5323.00000 4701.33613  11.7%     -    4s
     0     0 4701.44301    0  241 5323.00000 4701.44301  11.7%     -    4s
     0     0 4701.44301    0  232 5323.00000 4701.44301  11.7%     -    4s
H    0     0                    5256.0000000 4701.44301  10.6%     -    4s
H    0     0                    5235.0000000 4701.44301  10.2%     -    4s
H    0     2                    5186.0000000 4701.73562  9.34%     -    4s
     0     2 4701.73562    0  221 5186.00000 4701.73562  9.34%     -    4s
     2     4 4721.16159    1  191 5186.00000 4701.73562  9.34%   245    5s
H   65    92                    5109.0000000 4710.38214  7.80%   347    8s
H   79    92                    5098.0000000 4710.38214  7.60%   315    8s
   138   181 4717.73695    8  242 5098.00000 4710.38214  7.60%   282   10s
H  139   181                    5074.0000000 4710.38214  7.17%   280   10s
H  211   225                    4997.0000000 4710.38214  5.74%   259   11s
H  241   269                    4931.0000000 4710.38214  4.47%   250   12s
H  261   269                    4907.0000000 4710.38214  4.01%   249   12s
H  335   367                    4898.0000000 4710.38214  3.83%   244   13s
H  378   399                    4842.0000000 4710.38214  2.72%   236   14s
H  379   399                    4839.0000000 4710.38214  2.66%   236   14s
   462   490 4724.11279   14  235 4839.00000 4710.38214  2.66%   226   15s
   924   924 4738.57080   27  198 4839.00000 4711.45092  2.64%   172   20s
H 1130  1031                    4821.0000000 4711.45092  2.27%   163   21s
  1584  1387 4751.96249   37  183 4821.00000 4714.69378  2.21%   141   25s
H 1603  1267                    4801.0000000 4714.69378  1.80%   140   25s
H 1924  1333                    4797.0000000 4717.03930  1.67%   132   28s
  2186  1625 4785.08726   58  183 4797.00000 4717.90097  1.65%   130   30s
  2797  2082 4781.83707   82  136 4797.00000 4717.90097  1.65%   123   35s
  2967  2086 4741.35887   14  202 4797.00000 4721.36434  1.58%   122   40s
  2997  2106 4773.15312   61  320 4797.00000 4721.36434  1.58%   121   45s
  3034  2130 4780.82596   39  313 4797.00000 4722.02227  1.56%   119   50s
  3064  2150 4770.15194   37  294 4797.00000 4724.35484  1.51%   118   55s
  3091  2171 4725.90759   10  263 4797.00000 4725.85597  1.48%   123   60s
  3121  2207 4732.70382   14  263 4797.00000 4729.85621  1.40%   127   65s
  3184  2267 4737.42250   16  278 4797.00000 4732.48961  1.34%   131   70s
  3282  2304 4737.73001   17  288 4797.00000 4732.48961  1.34%   135   75s
  3418  2358     cutoff   18      4797.00000 4732.48961  1.34%   139   80s
  3553  2390 4741.87043   20  280 4797.00000 4732.70382  1.34%   141   86s
  3690  2425 4743.27153   22  260 4797.00000 4733.64487  1.32%   143   91s
  3804  2466 4744.09759   24  216 4797.00000 4734.15567  1.31%   144   95s
H 3945  2390                    4793.0000000 4734.23889  1.23%   146   98s
H 3950  2283                    4789.0000000 4734.23889  1.14%   146   98s
  3967  2355 4750.18663   26  194 4789.00000 4734.23889  1.14%   146  100s
  4333  2450 4764.25239   30  204 4789.00000 4734.23889  1.14%   146  105s
  4732  2481 4754.63945   33  196 4789.00000 4736.69439  1.09%   145  111s
  5008  2536 4759.14326   35  197 4789.00000 4736.69439  1.09%   143  115s
  5448  2667     cutoff   43      4789.00000 4736.69439  1.09%   143  121s
  5628  2681 4766.97536   19  176 4789.00000 4739.21380  1.04%   143  126s
  5954  2719 infeasible   30      4789.00000 4740.30428  1.02%   144  130s
  6301  2813 4749.41022   21  149 4789.00000 4741.14268  1.00%   144  135s
  6729  2806     cutoff   30      4789.00000 4741.74955  0.99%   144  141s
  7059  3002 4784.08320   23  232 4789.00000 4741.74955  0.99%   145  147s
  7316  2995 4761.76511   26  195 4789.00000 4741.77724  0.99%   145  150s
  7814  3032 4772.78884   20  203 4789.00000 4743.13541  0.96%   144  155s
  8344  3208 4773.22118   25  168 4789.00000 4744.80014  0.92%   144  162s
  8685  3304 4769.30937   20  219 4789.00000 4745.53380  0.91%   144  165s
  9461  3616 4768.47708   25  178 4789.00000 4746.17389  0.89%   142  172s
  9828  3752 4758.79640   29  230 4789.00000 4747.24799  0.87%   142  175s
 10449  4071     cutoff   46      4789.00000 4748.07636  0.85%   142  183s
 10865  4269 4766.48755   33  219 4789.00000 4748.07636  0.85%   142  187s
 11288  4468 4778.51785   47  269 4789.00000 4748.07636  0.85%   142  191s
 11765  4694 4769.86948   30  213 4789.00000 4749.99537  0.81%   142  195s
 12387  5007 4770.39381   36  223 4789.00000 4750.46444  0.80%   143  204s
 12966  5240 4779.35756   29  252 4789.00000 4751.00112  0.79%   143  208s
 13488  5481     cutoff   34      4789.00000 4751.16915  0.79%   143  213s
 14100  5597     cutoff   28      4789.00000 4751.94834  0.77%   142  218s
 14444  5842 4773.87737   36  121 4789.00000 4751.94834  0.77%   142  223s
 15069  6061 4784.33235   28  189 4789.00000 4752.11941  0.77%   142  228s
 15722  6239 4786.49213   25  249 4789.00000 4752.63546  0.76%   143  233s
 16151  6499 4775.09644   28  218 4789.00000 4753.60848  0.74%   143  239s
 16811  6742 4783.05299   28  169 4789.00000 4753.92066  0.73%   143  244s
 17471  6871 4768.05580   21  214 4789.00000 4754.33201  0.72%   144  251s
 17887  7105 4778.17251   34  169 4789.00000 4754.78021  0.71%   144  257s
 18754  7352     cutoff   22      4789.00000 4755.47112  0.70%   144  263s
 19631  7646     cutoff   30      4789.00000 4756.10992  0.69%   144  269s
 20455  7995     cutoff   36      4789.00000 4756.86716  0.67%   144  276s
H21178  7790                    4786.0000000 4756.96794  0.61%   144  276s
 21452  7841 4781.17804   24  199 4786.00000 4757.24860  0.60%   143  282s
 21784  8095 4777.26742   37  186 4786.00000 4757.24860  0.60%   143  289s
 22710  8330 4778.54722   44  190 4786.00000 4758.27688  0.58%   144  297s
 23680  8527 4773.01587   19  241 4786.00000 4759.10641  0.56%   144  304s
 24572  8525 4779.16522   49  190 4786.00000 4759.60346  0.55%   144  314s
 24835  9178 4768.22955   22  276 4786.00000 4759.60346  0.55%   144  339s
 28124  9415 4777.60434   34  195 4786.00000 4760.68499  0.53%   145  348s
 29499  9523     cutoff   24      4786.00000 4762.90941  0.48%   145  357s
 30836  9649     cutoff   30      4786.00000 4763.51025  0.47%   145  367s
 32318  9624 4775.99712   30  208 4786.00000 4764.62541  0.45%   146  376s
 33195  9774 4778.48223   24  166 4786.00000 4764.99402  0.44%   145  386s
 34919  9825 4782.29659   40  221 4786.00000 4765.74503  0.42%   145  396s
 36553  9891 4779.53145   22  164 4786.00000 4766.76765  0.40%   146  406s
 38359  9858 4782.43375   23  245 4786.00000 4767.46507  0.39%   146  416s
 40100  9777     cutoff   37      4786.00000 4768.23445  0.37%   146  427s
 41963  9610 4779.36955   32  198 4786.00000 4769.09593  0.35%   146  437s
 43931  9198 4781.20290   32  200 4786.00000 4770.23574  0.33%   146  448s
 45914  8892 4781.67454   37  244 4786.00000 4771.41454  0.30%   147  459s
 47309  8237 4783.48180   37  154 4786.00000 4772.14700  0.29%   146  470s
 49678  7244     cutoff   50      4786.00000 4773.18511  0.27%   146  481s
 52141  6032     cutoff   40      4786.00000 4774.93561  0.23%   145  492s
 54600  4538 4783.94106   35  191 4786.00000 4776.48521  0.20%   144  501s
 57051  2906     cutoff   37      4786.00000 4778.24821  0.16%   142  508s
 59160  1113 4784.98475   35  134 4786.00000 4779.83735  0.13%   140  512s

Cutting planes:
  Gomory: 3
  Lift-and-project: 2
  Cover: 438
  Clique: 45
  MIR: 220
  Knapsack: 19
  StrongCG: 187
  Flow cover: 192
  GUB cover: 17
  Inf proof: 1
  Zero half: 83
  Mod-K: 4
  RLT: 168
  Relax-and-lift: 227
  BQP: 62

Explored 62199 nodes (8424216 simplex iterations) in 514.62 seconds (330.96 work units)
Thread count was 22 (of 22 available processors)

Solution count 10: 4786 4789 4793 ... 4907

Optimal solution found (tolerance 1.00e-04)
Best objective 4.786000000000e+03, best bound 4.786000000000e+03, gap 0.0000%

User-callback calls 172502, time in user-callback 0.45 sec
Set parameter LogToConsole to value 0
