
Gurobi 13.0.0 (linux64) logging started Fri Jan 16 04:51:40 2026

Set parameter LogFile to value "../experiments/network-n_60_s_0_rp_0-app_set-id_43_19_apps/submip_30_epr1_model_gurobi.log"
Set parameter TimeLimit to value 8.4524887053998827e+02
Gurobi Optimizer version 13.0.0 build v13.0.0rc1 (linux64 - "Ubuntu 24.04.3 LTS")

CPU model: Intel(R) Core(TM) Ultra 7 165H, instruction set [SSE2|AVX|AVX2]
Thread count: 22 physical cores, 22 logical processors, using up to 22 threads

Non-default parameters:
TimeLimit  8.4524887053998827e+02
LogToConsole  0

Academic license 2539022 - for non-commercial use only - registered to al___@studenti.unimi.it
Optimize a model with 34455 rows, 7440 columns and 79352 nonzeros (Min)
Model fingerprint: 0xe770e3c7
Model has 7440 linear objective coefficients
Model has 200 quadratic constraints
Variable types: 0 continuous, 7440 integer (7440 binary)
Coefficient statistics:
  Matrix range     [1e+00, 9e+02]
  QMatrix range    [5e+01, 2e+02]
  Objective range  [1e+01, 2e+02]
  Bounds range     [1e+00, 1e+00]
  RHS range        [1e+00, 1e+09]
  QRHS range       [1e+02, 6e+02]

MIP start from previous solve did not produce a new incumbent solution
MIP start from previous solve violates constraint fixed_app_17_microservice_7 by 1.000000000

Presolve removed 33871 rows and 5680 columns
Presolve time: 0.16s
Presolved: 19092 rows, 20077 columns, 114869 nonzeros
Variable types: 0 continuous, 20077 integer (20077 binary)
Deterministic concurrent LP optimizer: primal and dual simplex
Showing primal log only...

Concurrent spin time: 0.01s

Solved with dual simplex

Root relaxation: objective 4.559144e+03, 1801 iterations, 0.33 seconds (0.33 work units)

    Nodes    |    Current Node    |     Objective Bounds      |     Work
 Expl Unexpl |  Obj  Depth IntInf | Incumbent    BestBd   Gap | It/Node Time

     0     0 4559.14391    0  207          - 4559.14391      -     -    1s
     0     0 4581.69241    0  215          - 4581.69241      -     -    2s
     0     0 4605.36188    0  211          - 4605.36188      -     -    2s
     0     0 4622.65631    0  242          - 4622.65631      -     -    2s
     0     0 4626.08507    0  233          - 4626.08507      -     -    2s
     0     0 4626.26863    0  236          - 4626.26863      -     -    2s
     0     0 4626.37267    0  237          - 4626.37267      -     -    2s
     0     0 4646.67608    0  238          - 4646.67608      -     -    3s
     0     0 4660.80484    0  259          - 4660.80484      -     -    4s
     0     0 4664.70257    0  264          - 4664.70257      -     -    4s
     0     0 4665.26269    0  261          - 4665.26269      -     -    4s
H    0     0                    6450.0000000 4665.26269  27.7%     -    4s
H    0     0                    5426.0000000 4679.37475  13.8%     -    5s
H    0     0                    5332.0000000 4679.37475  12.2%     -    5s
H    0     0                    5330.0000000 4679.37475  12.2%     -    5s
     0     0 4679.37475    0  277 5330.00000 4679.37475  12.2%     -    5s
     0     0 4683.77201    0  264 5330.00000 4683.77201  12.1%     -    5s
     0     0 4684.58054    0  287 5330.00000 4684.58054  12.1%     -    5s
H    0     0                    5242.0000000 4689.60206  10.5%     -    6s
H    0     0                    5234.0000000 4689.60206  10.4%     -    6s
     0     0 4689.60206    0  274 5234.00000 4689.60206  10.4%     -    6s
     0     0 4689.61348    0  274 5234.00000 4689.61348  10.4%     -    6s
     0     0 4689.61348    0  261 5234.00000 4689.61348  10.4%     -    6s
H    0     0                    5210.0000000 4689.61697  10.0%     -    6s
     0     2 4689.61697    0  258 5210.00000 4689.61697  10.0%     -    7s
    31    54 4700.44337    5  368 5210.00000 4696.98938  9.85%   504   10s
H  117   139                    5187.0000000 4700.44337  9.38%   354   13s
   191   220 4706.72448   10  371 5187.00000 4700.44337  9.38%   322   15s
H  192   220                    5183.0000000 4700.44337  9.31%   320   15s
H  194   220                    5157.0000000 4700.44337  8.85%   320   15s
H  217   220                    5153.0000000 4700.44337  8.78%   308   15s
   414   456 4714.29654   14  268 5153.00000 4700.44337  8.78%   275   20s
H  521   549                    5129.0000000 4700.44337  8.36%   258   22s
   623   637 4731.27566   22  219 5129.00000 4700.44337  8.36%   247   25s
H  634   637                    4934.0000000 4700.44337  4.73%   246   25s
H  712   739                    4929.0000000 4700.44337  4.64%   238   26s
H  840   847                    4926.0000000 4700.44337  4.58%   225   29s
H  847   847                    4919.0000000 4700.44337  4.44%   224   29s
   862   926 4730.71596   28  260 4919.00000 4700.44337  4.44%   222   30s
  1072  1080 4734.59912   34  235 4919.00000 4700.86257  4.43%   207   35s
H 1131  1112                    4916.0000000 4700.86257  4.38%   202   36s
  1476  1562 4740.05729   46  218 4916.00000 4700.86257  4.38%   183   40s
  2066  2152 4755.52932   55  195 4916.00000 4700.86257  4.38%   160   45s
  2599  2651 4766.19039   61  210 4916.00000 4700.86257  4.38%   146   51s
  3302  3232 4773.31711   64  171 4916.00000 4701.67405  4.36%   132   56s
  3904  3637 4889.34736   87  134 4916.00000 4701.96245  4.35%   128   61s
  4077  3638 4853.41832   42 8530 4916.00000 4701.96245  4.35%   128   66s
  4083  3642 4780.20820   23  276 4916.00000 4701.96245  4.35%   128   70s
  4105  3657 4746.36928   34  307 4916.00000 4701.96245  4.35%   127   75s
  4130  3673 4716.83574   16  381 4916.00000 4704.78633  4.30%   126   80s
  4153  3689 4835.37578   74  364 4916.00000 4706.61772  4.26%   126   85s
  4172  3701 4762.91039   21  367 4916.00000 4708.46655  4.22%   125   90s
  4186  3711 4903.45746   93  353 4916.00000 4711.93837  4.15%   125   95s
  4201  3721 4780.63158   21  346 4916.00000 4713.03554  4.13%   124  100s
  4204  3726 4714.15022   16  334 4916.00000 4713.49948  4.12%   130  106s
H 4216  3545                    4896.0000000 4717.41771  3.65%   131  109s
  4218  3560 4718.35788   19  238 4896.00000 4717.41771  3.65%   131  112s
  4256  3619 4720.42490   21  261 4896.00000 4719.03725  3.61%   135  118s
  4306  3643 4723.54035   22  272 4896.00000 4719.06145  3.61%   137  121s
  4388  3696 4724.43820   23  260 4896.00000 4719.06145  3.61%   139  127s
  4429  3721 4726.10852   24  345 4896.00000 4719.06145  3.61%   140  130s
  4503  3766 4731.68129   25  263 4896.00000 4719.06145  3.61%   143  136s
  4596  3835 4729.70655   26  337 4896.00000 4719.06145  3.61%   145  141s
  4690  3891 4739.58189   28  208 4896.00000 4719.06145  3.61%   146  146s
H 4722  3702                    4848.0000000 4719.06145  2.66%   146  146s
  4772  3762 4769.08594   29  225 4848.00000 4719.06145  2.66%   147  151s
  4846  3799 4785.93000   30  202 4848.00000 4719.06145  2.66%   147  156s
  4958  3873 4751.16628   31  174 4848.00000 4720.18430  2.64%   148  162s
  5156  3938 4753.93572   34  265 4848.00000 4721.60654  2.61%   147  167s
  5251  3973 4755.29370   35  170 4848.00000 4721.60654  2.61%   147  170s
  5381  3992 4841.99761   37  141 4848.00000 4723.78355  2.56%   148  175s
  5521  4102 4760.28502   39  162 4848.00000 4723.78355  2.56%   149  180s
  5800  4148 4772.95863   42  223 4848.00000 4725.18168  2.53%   147  186s
H 5915  3913                    4830.0000000 4725.18168  2.17%   146  186s
  6138  3950 4772.99588   46  105 4830.00000 4725.89666  2.16%   146  192s
  6291  4018 4792.87407   50  121 4830.00000 4725.89666  2.16%   147  195s
  6648  4165 4817.71383   35  221 4830.00000 4725.89666  2.16%   147  202s
  6820  4292     cutoff   39      4830.00000 4726.32197  2.15%   147  205s
  7256  4470 4748.06547   36  215 4830.00000 4726.32197  2.15%   146  212s
  7485  4529 4753.80430   40  291 4830.00000 4726.32197  2.15%   146  217s
  7705  4575 4777.27279   43  252 4830.00000 4726.32197  2.15%   147  221s
  7858  4573 4786.12839   49  244 4830.00000 4726.32197  2.15%   148  225s
  8133  4783 4818.19274   62  189 4830.00000 4726.38744  2.15%   149  233s
  8401  4717 4751.29446   28  221 4830.00000 4726.38744  2.15%   149  237s
  8436  4764 4751.92631   29  231 4830.00000 4726.38744  2.15%   149  242s
  8514  4806 4758.02342   30  235 4830.00000 4726.38744  2.15%   149  246s
  8612  4902 4765.08880   35  179 4830.00000 4729.46676  2.08%   150  251s
  8777  4883 4789.30130   53  159 4830.00000 4729.46676  2.08%   150  255s
H 8830  4597                    4824.0000000 4729.46676  1.96%   150  255s
  8839  4787 4789.51349   55  151 4824.00000 4729.46676  1.96%   150  260s
  9124  4814 4753.51290   29  240 4824.00000 4734.11944  1.86%   151  265s
H 9210  4602                    4823.0000000 4734.11944  1.84%   151  265s
  9272  4800 4774.78739   31  239 4823.00000 4734.11944  1.84%   151  271s
  9609  4856 4785.65233   43  203 4823.00000 4734.11944  1.84%   151  276s
  9822  5051     cutoff   58      4823.00000 4734.11944  1.84%   151  281s
 10142  5147 4746.51980   31  300 4823.00000 4734.11944  1.84%   152  287s
 10417  5270 4772.10445   33  202 4823.00000 4734.11944  1.84%   152  293s
 10827  5272 4812.88241   36  258 4823.00000 4734.31838  1.84%   152  299s
 11233  5278 4813.34378   37  194 4823.00000 4735.09995  1.82%   153  306s
 11475  5438 4805.20251   28  185 4823.00000 4735.98473  1.80%   154  313s
 11852  5691 4747.64991   27  275 4823.00000 4735.98473  1.80%   155  319s
 12295  5860 4769.01239   43  245 4823.00000 4735.98473  1.80%   155  326s
 12789  6089 4744.65811   25  338 4823.00000 4735.98473  1.80%   155  333s
 13309  6426 4766.75356   44  245 4823.00000 4735.98473  1.80%   155  340s
 13768  6671 4794.02886   66  209 4823.00000 4737.74887  1.77%   155  348s
 14142  7031 4752.61127   25  235 4823.00000 4737.74887  1.77%   156  356s
 14645  7152     cutoff   37      4823.00000 4737.74887  1.77%   156  364s
 14817  7620 infeasible   26      4823.00000 4737.74887  1.77%   156  373s
 15461  7958     cutoff   32      4823.00000 4737.74887  1.77%   156  381s
 16017  8301 4768.67367   37  188 4823.00000 4739.36897  1.73%   157  391s
 16454  8549 4807.86740   29  233 4823.00000 4740.82258  1.70%   157  400s
 16778  9039 4802.98149   32  159 4823.00000 4740.87994  1.70%   158  410s
 17426  9480 4782.64575   38  149 4823.00000 4740.87994  1.70%   158  420s
 18128  9949 4771.13685   35  196 4823.00000 4741.97163  1.68%   158  430s
 18808 10382 4785.02526   34  222 4823.00000 4741.97163  1.68%   159  440s
 19410 10836 4771.89787   33  158 4823.00000 4742.10784  1.68%   159  453s
 20117 11358 4755.26206   26  244 4823.00000 4742.66383  1.67%   158  464s
 20890 11896 4819.13008   47  194 4823.00000 4742.66383  1.67%   159  477s
 21771 12447     cutoff   39      4823.00000 4743.84347  1.64%   159  489s
 22678 12935 4796.95200   29  207 4823.00000 4744.24800  1.63%   160  504s
 23416 13579 4769.06331   33  311 4823.00000 4744.44314  1.63%   160  517s
 24300 13580 4806.84003   84 7419 4823.00000 4744.60151  1.63%   159  531s
 24306 13584 4756.14332   34  270 4823.00000 4744.60151  1.63%   159  535s
 24328 13599 4771.83542   41  372 4823.00000 4744.60151  1.63%   159  540s
 24352 13615 4758.91846   37  440 4823.00000 4744.60151  1.63%   159  545s
 24377 13631 4796.60823   46  442 4823.00000 4744.60151  1.63%   159  550s
 24392 13641 4784.76643   62  432 4823.00000 4744.60151  1.63%   159  555s
 24398 13650 4744.60151   31  363 4823.00000 4744.60151  1.63%   159  560s
 24426 13687 4744.60151   34  384 4823.00000 4744.60151  1.63%   160  566s
 24498 13751 4744.60151   36  323 4823.00000 4744.60151  1.63%   161  572s
 24536 13775 4744.60151   37  406 4823.00000 4744.60151  1.63%   161  576s
 24596 13799 4744.60151   38  397 4823.00000 4744.60151  1.63%   161  582s
 24620 13817 4744.60151   38  341 4823.00000 4744.60151  1.63%   161  585s
 24679 13855 4744.60151   40  337 4823.00000 4744.60151  1.63%   162  590s
 24743 13905 4744.60151   41  328 4823.00000 4744.60151  1.63%   162  596s
 24829 13945 4744.60151   42  296 4823.00000 4744.60151  1.63%   162  602s
 24885 13975 4744.60151   43  335 4823.00000 4744.60151  1.63%   163  607s
 24916 13993 4757.16481   43  331 4823.00000 4744.60151  1.63%   163  610s
 25001 14028 4744.97679   44  258 4823.00000 4744.60151  1.63%   163  616s
 25103 14076 4748.58610   46  310 4823.00000 4744.60151  1.63%   163  622s
 25162 14093 4752.47648   47  266 4823.00000 4744.60151  1.63%   163  625s
 25250 14133 4765.96390   48  247 4823.00000 4744.60151  1.63%   164  631s
 25366 14176 4763.50147   50  269 4823.00000 4744.60151  1.63%   164  638s
 25432 14195 4770.75170   51  262 4823.00000 4744.60151  1.63%   164  641s
 25495 14212 4794.22828   52  285 4823.00000 4744.60151  1.63%   164  645s
 25621 14247 4768.24042   54  260 4823.00000 4744.60151  1.63%   165  653s
 25689 14270 4774.08554   56  260 4823.00000 4744.60151  1.63%   165  657s
 25751 14304 4778.64659   58  256 4823.00000 4744.60151  1.63%   165  661s
 25830 14329     cutoff   59      4823.00000 4744.60151  1.63%   166  666s
 25902 14364 4780.02216   61  292 4823.00000 4744.60151  1.63%   166  670s
 25992 14417 4795.94239   62  248 4823.00000 4744.60151  1.63%   166  675s
 26093 14455 4787.12638   64  301 4823.00000 4744.60151  1.63%   166  680s
 26326 14528 4789.69955   67  291 4823.00000 4744.60151  1.63%   166  690s
 26460 14556 4790.89137   69  275 4823.00000 4744.60151  1.63%   166  695s
 26612 14592 4804.49237   70  287 4823.00000 4744.60151  1.63%   167  701s
 26770 14659 4796.23008   73  288 4823.00000 4744.60151  1.63%   167  706s
 26982 14718 4805.30949   75  264 4823.00000 4744.60151  1.63%   166  712s
 27193 14878 4805.88820   80  239 4823.00000 4744.60151  1.63%   167  717s
 27496 15050 4812.08937   83  265 4823.00000 4744.60151  1.63%   167  723s
 27845 15175 4762.17878   44  269 4823.00000 4744.60151  1.63%   166  729s
 28219 15292 4780.23649   50  333 4823.00000 4744.60151  1.63%   166  735s
 28618 15363 4794.00906   58  332 4823.00000 4744.60151  1.63%   166  741s
 28883 15471 4803.13230   65  284 4823.00000 4744.60151  1.63%   166  747s
 29230 15601 4744.60151   42  329 4823.00000 4744.60151  1.63%   166  753s
 29590 15772 4782.44540   52  218 4823.00000 4744.60151  1.63%   166  760s
 30012 16009 4819.94573   64  189 4823.00000 4744.60151  1.63%   166  766s
 30491 16210 4759.42079   46  312 4823.00000 4744.60151  1.63%   166  773s
 30973 16460 4777.28172   57  152 4823.00000 4744.60151  1.63%   166  779s
 31542 16568 4747.73548   38  267 4823.00000 4744.60151  1.63%   165  787s
 32014 16674 4757.88937   40  239 4823.00000 4744.60151  1.63%   165  793s
 32579 16710     cutoff   54      4823.00000 4744.60151  1.63%   165  801s
 32962 16882 4760.61114   42  248 4823.00000 4744.60151  1.63%   165  809s
 33500 16985     cutoff   60      4823.00000 4744.60151  1.63%   165  817s
 34017 17243 4773.37012   45  269 4823.00000 4744.60151  1.63%   165  825s
 34554 17514 infeasible   81      4823.00000 4744.60151  1.63%   165  834s
 35225 17814 4785.38944   46  277 4823.00000 4744.60151  1.63%   165  842s
 35937 17730     cutoff   76      4823.00000 4745.10995  1.61%   165  845s

Cutting planes:
  Gomory: 3
  Cover: 507
  Clique: 59
  MIR: 285
  Knapsack: 14
  StrongCG: 178
  Flow cover: 360
  GUB cover: 26
  Inf proof: 1
  Zero half: 97
  Mod-K: 5
  RLT: 189
  Relax-and-lift: 56
  BQP: 45

Explored 36160 nodes (5958582 simplex iterations) in 845.29 seconds (611.84 work units)
Thread count was 22 (of 22 available processors)

Solution count 10: 4823 4824 4830 ... 4934

Time limit reached
Best objective 4.823000000000e+03, best bound 4.746000000000e+03, gap 1.5965%

User-callback calls 158510, time in user-callback 0.81 sec
Set parameter LogToConsole to value 0
