
Gurobi 13.0.0 (linux64) logging started Fri Jan 16 05:05:46 2026

Set parameter LogFile to value "../experiments/network-n_60_s_0_rp_0-app_set-id_43_19_apps/submip_40_epr1_model_gurobi.log"
Set parameter TimeLimit to value 8.4524354599698563e+02
Gurobi Optimizer version 13.0.0 build v13.0.0rc1 (linux64 - "Ubuntu 24.04.3 LTS")

CPU model: Intel(R) Core(TM) Ultra 7 165H, instruction set [SSE2|AVX|AVX2]
Thread count: 22 physical cores, 22 logical processors, using up to 22 threads

Non-default parameters:
TimeLimit  8.4524354599698563e+02
LogToConsole  0

Academic license 2539022 - for non-commercial use only - registered to al___@studenti.unimi.it
Optimize a model with 34464 rows, 7440 columns and 79361 nonzeros (Min)
Model fingerprint: 0xfb5cf826
Model has 7440 linear objective coefficients
Model has 200 quadratic constraints
Variable types: 0 continuous, 7440 integer (7440 binary)
Coefficient statistics:
  Matrix range     [1e+00, 9e+02]
  QMatrix range    [5e+01, 2e+02]
  Objective range  [1e+01, 2e+02]
  Bounds range     [1e+00, 1e+00]
  RHS range        [1e+00, 1e+09]
  QRHS range       [1e+02, 6e+02]

Loaded MIP start from previous solve with objective 4823

Presolve removed 34041 rows and 5999 columns
Presolve time: 0.09s
Presolved: 13670 rows, 14501 columns, 81888 nonzeros
Variable types: 0 continuous, 14501 integer (14501 binary)

Root relaxation: objective 4.564445e+03, 1632 iterations, 0.15 seconds (0.24 work units)

    Nodes    |    Current Node    |     Objective Bounds      |     Work
 Expl Unexpl |  Obj  Depth IntInf | Incumbent    BestBd   Gap | It/Node Time

     0     0 4564.44543    0  171 4823.00000 4564.44543  5.36%     -    0s
     0     0 4613.66095    0  192 4823.00000 4613.66095  4.34%     -    1s
     0     0 4633.63383    0  204 4823.00000 4633.63383  3.93%     -    1s
     0     0 4635.05175    0  207 4823.00000 4635.05175  3.90%     -    1s
     0     0 4635.17614    0  207 4823.00000 4635.17614  3.89%     -    1s
     0     0 4657.36472    0  247 4823.00000 4657.36472  3.43%     -    2s
     0     0 4662.82761    0  233 4823.00000 4662.82761  3.32%     -    2s
     0     0 4666.27300    0  250 4823.00000 4666.27300  3.25%     -    2s
     0     0 4666.99280    0  248 4823.00000 4666.99280  3.23%     -    2s
     0     0 4678.34481    0  246 4823.00000 4678.34481  3.00%     -    3s
     0     0 4678.35916    0  243 4823.00000 4678.35916  3.00%     -    3s
     0     0 4678.35916    0  243 4823.00000 4678.35916  3.00%     -    3s
     0     2 4678.37597    0  243 4823.00000 4678.37597  3.00%     -    3s
    15    32 4688.62294    4  368 4823.00000 4684.20560  2.88%   577    5s
   246   279 4697.65179   10  320 4823.00000 4689.19110  2.77%   283   10s
   540   558 4702.43140   18  265 4823.00000 4689.19110  2.77%   234   15s
   810   794 4706.54036   23  270 4823.00000 4689.19110  2.77%   204   20s
  1072  1066 4714.44524   28  206 4823.00000 4695.25063  2.65%   192   25s
  1494  1447 4734.30379   43  196 4823.00000 4695.25063  2.65%   171   30s
  2080  1955 4748.46281   58  223 4823.00000 4695.99399  2.63%   156   35s
H 2477  2237                    4821.0000000 4697.18773  2.57%   149   39s
  2569  2319 4766.90048   71  178 4821.00000 4697.18773  2.57%   146   40s
  2885  2474 4754.47314   50 5528 4821.00000 4697.18773  2.57%   145   45s
  2898  2483 4765.16072   24  329 4821.00000 4697.18773  2.57%   144   50s
  2929  2503 4757.04862   24  331 4821.00000 4699.06933  2.53%   142   55s
  2961  2525 4728.44681   28  316 4821.00000 4702.47298  2.46%   141   60s
  2984  2540 4764.36129   42  319 4821.00000 4707.97089  2.34%   140   65s
  3012  2559 4753.79221   11  350 4821.00000 4709.15589  2.32%   139   70s
  3014  2560 4764.91699   13  341 4821.00000 4709.23038  2.32%   138   75s
  3045  2602 4716.40886   15  351 4821.00000 4715.30392  2.19%   149   81s
  3108  2663 4723.26313   17  254 4821.00000 4716.44320  2.17%   154   86s
  3190  2714 4721.12106   18  330 4821.00000 4716.44320  2.17%   157   90s
  3322  2791 4725.64617   20  202 4821.00000 4716.44320  2.17%   159   96s
  3458  2846 4727.86049   23  210 4821.00000 4718.89966  2.12%   161  100s
  3572  2908 4737.39025   25  197 4821.00000 4718.89966  2.12%   162  106s
  3713  2945 4734.94102   28  199 4821.00000 4719.24582  2.11%   163  111s
  3780  2981 4734.53142   29  187 4821.00000 4719.24582  2.11%   163  115s
  3937  3039 4738.25246   33  210 4821.00000 4719.24582  2.11%   164  122s
  4047  3130 4744.11618   35  185 4821.00000 4719.24582  2.11%   164  126s
  4285  3242 4742.07220   38  182 4821.00000 4719.24582  2.11%   162  130s
  4497  3263 4748.50860   40  153 4821.00000 4721.37224  2.07%   162  137s
  4583  3278 4765.81677   40  163 4821.00000 4721.37224  2.07%   161  140s
  4768  3399 4758.09978   44  179 4821.00000 4723.46874  2.02%   162  145s
  5046  3522 4774.54610   52  150 4821.00000 4723.46874  2.02%   163  150s
  5439  3747 4795.43081   69  101 4821.00000 4723.48043  2.02%   161  155s
  5953  3906     cutoff   24      4821.00000 4723.48043  2.02%   157  161s
  6412  4099 4810.33796   27  149 4821.00000 4724.32347  2.01%   156  167s
  6689  4239 4805.16948   21  161 4821.00000 4724.32347  2.01%   155  170s
  7274  4271 4736.46398   23  241 4821.00000 4724.32347  2.01%   153  176s
  7337  4427 4741.18628   25  219 4821.00000 4724.32347  2.01%   153  182s
  7501  4463 4743.74808   25  162 4821.00000 4724.32347  2.01%   151  186s
H 7504  3704                    4800.0000000 4724.32347  1.58%   151  186s
  7922  3876 4758.50315   34  171 4800.00000 4725.22101  1.56%   151  193s
  8105  4044 4762.24090   36  145 4800.00000 4725.22101  1.56%   150  197s
  8420  4206 4763.62071   39  142 4800.00000 4725.22101  1.56%   150  201s
  8828  4340 4779.63504   46  143 4800.00000 4730.21690  1.45%   149  205s
H 9278  4025                    4796.0000000 4730.22199  1.37%   147  209s
  9514  4214 4747.21893   27  174 4796.00000 4730.22199  1.37%   148  213s
  9973  4211     cutoff   42      4796.00000 4730.67720  1.36%   147  218s
 10198  4389     cutoff   24      4796.00000 4730.67720  1.36%   148  222s
 10517  4591 4788.89677   29  225 4796.00000 4730.67720  1.36%   148  227s
 10909  4731 4783.36756   23  179 4796.00000 4732.33835  1.33%   149  232s
 11205  4922 4770.45383   27  190 4796.00000 4732.33835  1.33%   149  237s
 11600  5123     cutoff   36      4796.00000 4732.94603  1.31%   151  242s
H11655  4176                    4785.0000000 4732.94603  1.09%   151  242s
 12026  4359 4762.95938   27  305 4785.00000 4733.31019  1.08%   151  248s
 12457  4562 4765.23914   32  233 4785.00000 4733.97477  1.07%   152  253s
 12861  4805 4752.11983   31  203 4785.00000 4734.71994  1.05%   152  259s
 13320  4996 4777.57524   40  202 4785.00000 4734.71994  1.05%   152  265s
 13708  5080 4752.00437   26  195 4785.00000 4736.36430  1.02%   153  271s
 13858  5331 4757.74345   30  208 4785.00000 4736.36430  1.02%   153  277s
 14470  5539 4765.16092   26  237 4785.00000 4736.36430  1.02%   153  283s
 14941  5766 4764.40416   23  187 4785.00000 4737.39887  0.99%   154  290s
 15445  5989     cutoff   41      4785.00000 4737.96567  0.98%   155  297s
 16047  6270 4778.03544   37  140 4785.00000 4738.97956  0.96%   155  304s
 16769  6613 4782.31834   56  124 4785.00000 4739.77592  0.95%   155  311s
 17512  6929 4769.72645   30  187 4785.00000 4740.55029  0.93%   155  319s
 18222  7163 4758.44597   28  244 4785.00000 4741.14768  0.92%   155  326s
 18761  7381 4776.35885   32  163 4785.00000 4741.14768  0.92%   155  335s
 19651  7596 4768.77050   27  252 4785.00000 4742.17999  0.89%   155  344s
 20352  7954 4752.80472   25  253 4785.00000 4743.11358  0.88%   155  352s
 21155  8198 4772.80003   30  190 4785.00000 4743.90555  0.86%   155  361s
 21831  8600 4754.69064   25  220 4785.00000 4744.70577  0.84%   156  370s
 22806  8982 4778.84489   32  218 4785.00000 4745.40197  0.83%   156  380s
 23763  9427 4775.79213   29  299 4785.00000 4746.17240  0.81%   156  390s
 24845  9863 4774.56658   53  204 4785.00000 4746.80648  0.80%   156  403s
 26024  9959 4781.76624   27  182 4785.00000 4747.58078  0.78%   157  413s
 26273 10524 4780.62871   32  222 4785.00000 4747.63139  0.78%   157  424s
 27587 11043 4760.30172   31  180 4785.00000 4748.32946  0.77%   156  435s
 28766 11446     cutoff   43      4785.00000 4749.08150  0.75%   156  445s
 29800 11920 4770.72226   25  254 4785.00000 4749.84026  0.73%   156  457s
 31048 12313 4770.64837   23  209 4785.00000 4750.29779  0.73%   155  468s
 32333 12684 4783.02963   44  239 4785.00000 4750.91692  0.71%   155  480s
 33675 13082 4767.46395   34  197 4785.00000 4751.40164  0.70%   155  492s
 34952 13369     cutoff   30      4785.00000 4752.28340  0.68%   156  504s
 35978 13948     cutoff   43      4785.00000 4752.74400  0.67%   155  517s
 37553 14267 4777.04645   43  148 4785.00000 4753.32234  0.66%   155  531s
 39240 14675     cutoff   42      4785.00000 4753.68570  0.65%   155  545s
 40844 15106 4769.65058   30  188 4785.00000 4754.35915  0.64%   155  559s
 41968 15106 4757.12965   36  249 4785.00000 4754.43319  0.64%   155  560s
 42453 15526 4773.96171   31  202 4785.00000 4755.02196  0.63%   155  574s
 44169 15842 4763.40958   27  171 4785.00000 4755.83743  0.61%   155  590s
 45853 16075 4768.01392   30  298 4785.00000 4756.36295  0.60%   155  605s
 46857 16486 4773.78974   28  260 4785.00000 4756.53308  0.59%   155  621s
 48664 16914 4772.09225   37  107 4785.00000 4757.37351  0.58%   155  639s
 50876 17378 4769.39451   29  246 4785.00000 4757.94614  0.57%   155  712s
 53265 17773     cutoff   26      4785.00000 4758.78530  0.55%   155  730s
 55564 18150 4768.48659   31  161 4785.00000 4759.42834  0.53%   155  747s
 57754 18401 4779.75733   35  176 4785.00000 4759.99925  0.52%   155  766s
 59582 18652 4776.26162   32  233 4785.00000 4760.54504  0.51%   155  785s
 61933 18771 4776.74306   34  182 4785.00000 4761.17778  0.50%   155  804s
 63095 19019     cutoff   32      4785.00000 4761.51678  0.49%   155  824s
 65524 19400 4778.50276   28  166 4785.00000 4762.12048  0.48%   156  845s

Cutting planes:
  Gomory: 2
  Lift-and-project: 1
  Cover: 505
  Implied bound: 1
  Clique: 68
  MIR: 269
  Knapsack: 18
  StrongCG: 181
  Flow cover: 305
  GUB cover: 31
  Inf proof: 1
  Zero half: 80
  Mod-K: 1
  RLT: 192
  Relax-and-lift: 97
  BQP: 72

Explored 68251 nodes (10604178 simplex iterations) in 845.28 seconds (603.05 work units)
Thread count was 22 (of 22 available processors)

Solution count 5: 4785 4796 4800 ... 4823

Time limit reached
Best objective 4.785000000000e+03, best bound 4.763000000000e+03, gap 0.4598%

User-callback calls 244735, time in user-callback 0.82 sec
