
Gurobi 13.0.0 (linux64) logging started Mon Jan  5 04:31:51 2026

Set parameter LogFile to value "../experiments/network-n_40_s_2_rp_0-app_set-id_26_13_apps/compact_model_gurobi.log"
Set parameter TimeLimit to value 900
Gurobi Optimizer version 13.0.0 build v13.0.0rc1 (linux64 - "Ubuntu 24.04.3 LTS")

CPU model: Intel(R) Core(TM) Ultra 7 165H, instruction set [SSE2|AVX|AVX2]
Thread count: 22 physical cores, 22 logical processors, using up to 22 threads

Non-default parameters:
TimeLimit  900
LogToConsole  0

Academic license 2539022 - for non-commercial use only - registered to al___@studenti.unimi.it
Optimize a model with 15527 rows, 3360 columns and 35725 nonzeros (Min)
Model fingerprint: 0xc7e164a9
Model has 3360 linear objective coefficients
Model has 126 quadratic constraints
Variable types: 0 continuous, 3360 integer (3360 binary)
Coefficient statistics:
  Matrix range     [1e+00, 9e+02]
  QMatrix range    [5e+01, 2e+02]
  Objective range  [1e+01, 2e+02]
  Bounds range     [1e+00, 1e+00]
  RHS range        [1e+00, 1e+09]
  QRHS range       [1e+02, 6e+02]
Presolve removed 14737 rows and 2011 columns
Presolve time: 0.11s
Presolved: 12059 rows, 12494 columns, 75386 nonzeros
Variable types: 0 continuous, 12494 integer (12494 binary)

Root relaxation: objective 2.870586e+03, 1121 iterations, 0.11 seconds (0.16 work units)

    Nodes    |    Current Node    |     Objective Bounds      |     Work
 Expl Unexpl |  Obj  Depth IntInf | Incumbent    BestBd   Gap | It/Node Time

     0     0 2870.58552    0  160          - 2870.58552      -     -    0s
     0     0 2916.31304    0  235          - 2916.31304      -     -    1s
     0     0 2937.15229    0  252          - 2937.15229      -     -    1s
     0     0 2937.32105    0  280          - 2937.32105      -     -    1s
     0     0 2958.52225    0  224          - 2958.52225      -     -    2s
H    0     0                    3837.0000000 2958.52225  22.9%     -    2s
H    0     0                    3812.0000000 2958.52225  22.4%     -    2s
     0     0 2968.07379    0  244 3812.00000 2968.07379  22.1%     -    2s
     0     0 2969.57936    0  249 3812.00000 2969.57936  22.1%     -    2s
     0     0 2970.15557    0  249 3812.00000 2970.15557  22.1%     -    2s
     0     0 3001.29414    0  261 3812.00000 3001.29414  21.3%     -    2s
     0     0 3009.94256    0  298 3812.00000 3009.94256  21.0%     -    2s
     0     0 3012.93931    0  313 3812.00000 3012.93931  21.0%     -    3s
     0     0 3013.64500    0  318 3812.00000 3013.64500  20.9%     -    3s
     0     0 3021.99430    0  293 3812.00000 3021.99430  20.7%     -    3s
     0     0 3026.67268    0  285 3812.00000 3026.67268  20.6%     -    3s
     0     0 3027.35609    0  289 3812.00000 3027.35609  20.6%     -    3s
     0     0 3028.82995    0  327 3812.00000 3028.82995  20.5%     -    3s
     0     0 3028.93225    0  319 3812.00000 3028.93225  20.5%     -    3s
     0     0 3028.93225    0  315 3812.00000 3028.93225  20.5%     -    4s
H    0     0                    3793.0000000 3028.94936  20.1%     -    4s
     0     2 3028.94936    0  310 3793.00000 3028.94936  20.1%     -    4s
    15    32 3034.05107    4  388 3793.00000 3032.81179  20.0%   414    5s
H   55    92                    3559.0000000 3040.14396  14.6%   417    7s
H  208   211                    3296.0000000 3040.14396  7.76%   299    9s
   210   269 3052.24069   10  350 3296.00000 3040.14396  7.76%   298   10s
H  285   311                    3288.0000000 3040.14396  7.54%   273   11s
H  548   552                    3229.0000000 3040.14396  5.85%   236   14s
   604   615 3068.37116   19  324 3229.00000 3040.14396  5.85%   232   15s
   932   935 3083.04752   28  303 3229.00000 3045.45041  5.68%   216   20s
  1403  1412 3096.40531   33  267 3229.00000 3045.45041  5.68%   192   25s
  1752  1603 3106.94942   38  256 3229.00000 3045.45041  5.68%   177   30s
  1927  1765 3181.45173   41  227 3229.00000 3048.33600  5.60%   176   35s
  2271  2043 3122.70312   49  221 3229.00000 3050.53019  5.53%   171   40s
  2591  2211 3148.29654   57  232 3229.00000 3050.53019  5.53%   169   45s
H 2737  2263                    3217.0000000 3050.53019  5.17%   169   48s
  2958  2411 3075.95119   15 5513 3217.00000 3052.87029  5.10%   167   52s
  2964  2415 3143.40103   38  289 3217.00000 3052.87029  5.10%   167   55s
  3002  2440 3110.68778   21  360 3217.00000 3052.87029  5.10%   165   60s
  3029  2458 3199.28805   77  327 3217.00000 3052.87029  5.10%   163   65s
  3054  2475 3083.79644   28  377 3217.00000 3052.87029  5.10%   162   70s
  3069  2502 3068.41229   19  340 3217.00000 3052.87029  5.10%   168   76s
  3107  2575 3077.20456   21  295 3217.00000 3057.43890  4.96%   174   80s
  3293  2671 3097.70857   26  259 3217.00000 3057.44310  4.96%   179   85s
  3448  2773 3120.47886   29  199 3217.00000 3060.61822  4.86%   184   90s
  3629  2871 3129.98802   32  210 3217.00000 3060.61822  4.86%   184   95s
  3805  2983 3142.97725   35  211 3217.00000 3060.62763  4.86%   183  100s
  4014  3054 3152.68918   38  174 3217.00000 3061.99792  4.82%   182  106s
  4148  3137 3158.05659   40  204 3217.00000 3061.99792  4.82%   182  111s
H 4231  3006                    3168.0000000 3066.29176  3.21%   182  112s
  4364  3007     cutoff   44      3168.00000 3067.01725  3.19%   180  116s
  4525  3093 3098.10374   29  238 3168.00000 3069.63334  3.11%   180  120s
  4721  3074 3111.71012   35  197 3168.00000 3069.65092  3.10%   179  126s
  4981  3092 3165.10144   47  170 3168.00000 3070.35254  3.08%   178  130s
  5309  3179 3112.12833   36  168 3168.00000 3073.48003  2.98%   175  135s
  5518  3215 3161.38901   53  126 3168.00000 3074.56440  2.95%   175  140s
  5807  3305 3107.28791   31  212 3168.00000 3074.56440  2.95%   175  145s
  6175  3454 3129.82563   38  144 3168.00000 3074.56440  2.95%   175  150s
  6607  3561 3096.45903   24  205 3168.00000 3074.56440  2.95%   174  156s
  7135  3643 3120.30329   21  279 3168.00000 3080.71518  2.76%   173  162s
  7390  3707 3128.10234   23  235 3168.00000 3081.36687  2.73%   173  165s
  7889  3811 3126.86896   42  199 3168.00000 3081.36687  2.73%   172  172s
  8141  3861 3112.23550   23  236 3168.00000 3081.66369  2.73%   172  175s
  8585  3961     cutoff   26      3168.00000 3084.67354  2.63%   174  182s
  8841  4088 3152.78678   30  181 3168.00000 3084.67354  2.63%   175  186s
  9154  4091 3147.82190   30  219 3168.00000 3084.67354  2.63%   174  190s
  9548  4120 3127.10547   24  247 3168.00000 3084.67354  2.63%   173  198s
  9778  4210     cutoff   31      3168.00000 3088.87504  2.50%   173  202s
 10056  4301 3152.67788   46  156 3168.00000 3088.87504  2.50%   173  206s
 10426  4505 3141.31729   32  142 3168.00000 3088.95801  2.50%   172  211s
 10903  4771 3116.07530   34  257 3168.00000 3090.19277  2.46%   172  216s
 11412  4985 3105.10492   24  234 3168.00000 3091.50958  2.41%   171  221s
 11759  5234 3123.34173   36  217 3168.00000 3092.57622  2.38%   170  226s
 12264  5486 3105.90588   30  213 3168.00000 3092.86837  2.37%   170  231s
 12833  5685     cutoff   51      3168.00000 3094.00629  2.34%   169  236s
 13320  5885 3153.44492   44  177 3168.00000 3094.45697  2.32%   169  242s
 13821  6208     cutoff   30      3168.00000 3095.20165  2.30%   169  248s
 14429  6525 3146.05198   34  160 3168.00000 3095.51792  2.29%   169  254s
 15006  6842 3158.73437   38  176 3168.00000 3096.16868  2.27%   169  260s
 15652  7119 3116.74027   32  191 3168.00000 3096.74107  2.25%   169  266s
 16278  7444 3138.05467   30  203 3168.00000 3097.62429  2.22%   169  272s
 16896  7707 3105.95337   30  252 3168.00000 3098.35745  2.20%   169  279s
 17452  7848 3145.64360   48  143 3168.00000 3098.35745  2.20%   169  287s
 17782  8217 3143.89595   29  234 3168.00000 3098.35745  2.20%   169  294s
 18526  8659 infeasible   37      3168.00000 3099.53371  2.16%   168  302s
 19448  8980 3127.15189   28  191 3168.00000 3099.99502  2.15%   167  309s
 20152  9387 3149.17199   44  183 3168.00000 3100.81263  2.12%   168  317s
 21133  9852 3129.85348   36  225 3168.00000 3101.39374  2.10%   167  325s
 22074 10314 3161.66534   49  159 3168.00000 3101.96502  2.08%   166  333s
 23073 10680     cutoff   48      3168.00000 3102.66273  2.06%   166  342s
 23997 11110 3129.95930   32  207 3168.00000 3103.24529  2.04%   166  353s
 24902 11568 3154.31675   52  151 3168.00000 3103.81151  2.03%   166  363s
 25977 11947 3123.51153   31  285 3168.00000 3104.53573  2.00%   165  372s
 27041 12301 3149.01876   33  265 3168.00000 3105.06642  1.99%   165  382s
 28120 12640     cutoff   46      3168.00000 3105.70330  1.97%   165  391s
 29171 13141 3144.69871   45  123 3168.00000 3106.06307  1.96%   165  401s
 30307 13667 3140.72242   46  219 3168.00000 3106.28504  1.95%   165  411s
 31613 14024 3140.16955   45  208 3168.00000 3107.28328  1.92%   164  422s
 32652 14473 3134.30333   35  233 3168.00000 3107.75014  1.90%   164  433s
 33932 15116 3135.92783   33  223 3168.00000 3108.35056  1.88%   164  444s
 35397 15446 3129.93170   33  280 3168.00000 3109.02370  1.86%   163  455s
 36368 15913 3147.42682   39  209 3168.00000 3109.47167  1.85%   163  467s
 37712 16498 3118.32037   30  205 3168.00000 3109.94143  1.83%   164  480s
 39123 17187 3117.50314   43  203 3168.00000 3110.61125  1.81%   163  492s
 40900 17804 3145.78490   38  242 3168.00000 3111.01766  1.80%   163  506s
 42308 18564 3131.36662   27  279 3168.00000 3111.67564  1.78%   162  520s
 44189 19233 3157.41614   45  105 3168.00000 3112.36563  1.76%   162  534s
 45920 19831 3151.17963   51  133 3168.00000 3112.87671  1.74%   161  549s
 47795 20426 3132.07800   34  197 3168.00000 3113.83877  1.71%   161  564s
 49653 21181     cutoff   34      3168.00000 3114.35873  1.69%   161  626s
 51892 21851 3134.88168   39  216 3168.00000 3115.15208  1.67%   161  642s
 53865 22487     cutoff   51      3168.00000 3115.76917  1.65%   161  657s
 55943 23122 3137.07088   35  157 3168.00000 3116.40005  1.63%   161  675s
 58103 23793 3133.66924   40  230 3168.00000 3117.03361  1.61%   161  693s
 60213 24518 3153.09341   48  174 3168.00000 3117.64945  1.59%   161  711s
 62390 25230 3140.98050   29  193 3168.00000 3118.19560  1.57%   161  729s
 64626 25495 3163.42853   49  109 3168.00000 3118.81131  1.55%   162  747s
 65761 26197 3150.13208   39  208 3168.00000 3118.97105  1.55%   162  766s
 68041 26655 3160.82035   53   86 3168.00000 3119.78489  1.52%   162  785s
 70027 27233     cutoff   54      3168.00000 3119.98232  1.52%   162  805s
 72087 27860 3126.49996   36  167 3168.00000 3120.60096  1.50%   162  824s
 74564 28463 3149.24832   34  259 3168.00000 3121.48584  1.47%   163  846s
 76975 29056 3159.90358   40  111 3168.00000 3122.05299  1.45%   163  865s
 79340 29553 3141.60685   37  258 3168.00000 3122.56045  1.43%   163  883s
 81588 30086 3153.52897   31  130 3168.00000 3123.13442  1.42%   163  900s

Cutting planes:
  Gomory: 4
  Lift-and-project: 6
  Cover: 801
  Clique: 40
  MIR: 249
  Knapsack: 15
  StrongCG: 168
  Flow cover: 226
  GUB cover: 13
  Inf proof: 1
  Zero half: 148
  Mod-K: 2
  RLT: 387
  Relax-and-lift: 109
  BQP: 114

Explored 83964 nodes (13725368 simplex iterations) in 900.06 seconds (643.47 work units)
Thread count was 22 (of 22 available processors)

Solution count 9: 3168 3217 3229 ... 3837

Time limit reached
Best objective 3.168000000000e+03, best bound 3.124000000000e+03, gap 1.3889%

User-callback calls 306727, time in user-callback 1.09 sec
