FIXINGS_START
(0, 6, 0)
(0, 7, 0)
(2, 0, 0)
(2, 6, 0)
(3, 0, 0)
(4, 0, 0)
(5, 0, 0)
(6, 0, 0)
(7, 0, 0)
(7, 6, 0)
(8, 0, 0)
(9, 8, 0)
(9, 9, 0)
(11, 0, 0)
(11, 1, 0)
(12, 0, 0)
(12, 6, 0)
(5, 1, 0)
(5, 2, 0)
(5, 4, 0)
(8, 4, 0)
(12, 2, 0)
(12, 4, 0)
(3, 2, 0)
(6, 1, 0)
(4, 2, 0)
(2, 1, 11)
(7, 1, 0)
(4, 3, 0)
(10, 0, 0)
(4, 4, 0)
(4, 5, 0)
(2, 2, 18)
(2, 3, 0)
(6, 2, 0)
(6, 3, 20)
(1, 0, 0)
(10, 2, 0)
(2, 4, 20)
(6, 4, 20)
(2, 5, 0)
(1, 1, 0)
(1, 2, 11)
(1, 3, 0)
FIXINGS_END
found_sol 3524.0 time 3.228
found_sol 3493.0 time 4.765
found_sol 3396.0 time 5.121
found_sol 3333.0 time 5.163
found_sol 3322.0 time 7.130
found_sol 3317.0 time 8.725
found_sol 3305.0 time 9.329
found_sol 3292.0 time 14.506
found_sol 3279.0 time 14.876
found_sol 3252.0 time 18.127
found_sol 3241.0 time 18.743
found_sol 3237.0 time 18.979
found_sol 3237.0 time 28.140
time 28.146
GUROBI
Status OPTIMAL
Runtime 28.146257877349854
NodeCount 7875.0
IterCount 944840.0
NumVars 3360
NumConstrs 15571
ObjBound 3237.0
ObjBoundC 3237.0000000000005
ObjVal 3237.0
MIPGap 0.0
