
Gurobi 13.0.0 (linux64) logging started Thu Jan 15 02:22:19 2026

Set parameter LogFile to value "../experiments/network-n_40_s_2_rp_0-app_set-id_26_13_apps/submip_30_epr1_model_gurobi.log"
Set parameter TimeLimit to value 8.8515018444298767e+02
Gurobi Optimizer version 13.0.0 build v13.0.0rc1 (linux64 - "Ubuntu 24.04.3 LTS")

CPU model: Intel(R) Core(TM) Ultra 7 165H, instruction set [SSE2|AVX|AVX2]
Thread count: 22 physical cores, 22 logical processors, using up to 22 threads

Non-default parameters:
TimeLimit  8.8515018444298767e+02
LogToConsole  0

Academic license 2539022 - for non-commercial use only - registered to al___@studenti.unimi.it
Optimize a model with 15565 rows, 3360 columns and 35763 nonzeros (Min)
Model fingerprint: 0x9ccbad6e
Model has 3360 linear objective coefficients
Model has 126 quadratic constraints
Variable types: 0 continuous, 3360 integer (3360 binary)
Coefficient statistics:
  Matrix range     [1e+00, 9e+02]
  QMatrix range    [5e+01, 2e+02]
  Objective range  [1e+01, 2e+02]
  Bounds range     [1e+00, 1e+00]
  RHS range        [1e+00, 1e+09]
  QRHS range       [1e+02, 6e+02]

MIP start from previous solve did not produce a new incumbent solution
MIP start from previous solve violates constraint fixed_app_8_microservice_4 by 1.000000000

Presolve removed 15150 rows and 2595 columns
Presolve time: 0.06s
Presolved: 6026 rows, 6256 columns, 37330 nonzeros
Variable types: 0 continuous, 6256 integer (6256 binary)

Root relaxation: objective 2.892739e+03, 762 iterations, 0.04 seconds (0.07 work units)

    Nodes    |    Current Node    |     Objective Bounds      |     Work
 Expl Unexpl |  Obj  Depth IntInf | Incumbent    BestBd   Gap | It/Node Time

     0     0 2892.73895    0  160          - 2892.73895      -     -    0s
     0     0 2947.43849    0  184          - 2947.43849      -     -    0s
     0     0 2979.81298    0  217          - 2979.81298      -     -    0s
     0     0 2984.70715    0  210          - 2984.70715      -     -    0s
     0     0 2984.70715    0  210          - 2984.70715      -     -    0s
H    0     0                    4451.0000000 2984.70715  32.9%     -    1s
     0     0 3019.10628    0  169 4451.00000 3019.10628  32.2%     -    1s
H    0     0                    4220.0000000 3019.10628  28.5%     -    1s
H    0     0                    3838.0000000 3019.10628  21.3%     -    1s
     0     0 3025.58453    0  227 3838.00000 3025.58453  21.2%     -    1s
     0     0 3026.91264    0  252 3838.00000 3026.91264  21.1%     -    1s
     0     0 3037.81170    0  255 3838.00000 3037.81170  20.8%     -    1s
     0     0 3037.81597    0  252 3838.00000 3037.81597  20.8%     -    1s
     0     0 3037.81597    0  243 3838.00000 3037.81597  20.8%     -    1s
H    0     0                    3755.0000000 3037.81597  19.1%     -    1s
     0     2 3037.81597    0  237 3755.00000 3037.81597  19.1%     -    1s
H   82    98                    3713.0000000 3053.28649  17.8%   306    2s
H  115   140                    3438.0000000 3053.28649  11.2%   273    2s
H  207   246                    3412.0000000 3053.28649  10.5%   236    3s
H  258   303                    3387.0000000 3053.28649  9.85%   223    3s
H  268   303                    3314.0000000 3053.28649  7.87%   220    3s
H  483   483                    3309.0000000 3053.28649  7.73%   176    3s
H  614   576                    3284.0000000 3059.31468  6.84%   177    4s
   793   769 3132.67845   19  188 3284.00000 3059.31468  6.84%   170    5s
H 1195   987                    3269.0000000 3065.30107  6.23%   160    6s
H 1558  1189                    3260.0000000 3070.99162  5.80%   154    7s
H 1576  1189                    3255.0000000 3070.99162  5.65%   153    7s
  2511  1733 3104.16158   12  192 3255.00000 3072.31909  5.61%   145   10s
H 2685  1826                    3252.0000000 3074.36078  5.46%   146   11s
H 2997  2008                    3247.0000000 3079.85591  5.15%   144   12s
H 3315  2049                    3229.0000000 3081.39315  4.57%   143   12s
  3352  2069 3112.22675    8  166 3229.00000 3081.39315  4.57%   143   15s
  3406  2114 3081.39315   13  262 3229.00000 3081.39315  4.57%   144   20s
  3805  2375 3140.47477   22  159 3229.00000 3084.14328  4.49%   154   25s
  4294  2510 3177.89854   29  135 3229.00000 3098.32333  4.05%   157   30s
  4853  2643 3192.45052   25  115 3229.00000 3103.21444  3.90%   159   35s
  5676  2921 3157.64921   28  164 3229.00000 3105.49972  3.82%   160   40s
  6526  3178 3161.43070   35  198 3229.00000 3106.00771  3.81%   162   45s
  6875  3171 3205.81731   47  153 3229.00000 3110.55286  3.67%   162   50s
H 6898  2897                    3205.0000000 3110.55286  2.95%   162   50s
  7383  3034 3192.79458   29  157 3205.00000 3114.34928  2.83%   163   55s
  8122  3152 3184.27211   34  191 3205.00000 3115.37580  2.80%   164   60s
  8887  3232 3179.33623   27  188 3205.00000 3115.44875  2.79%   164   65s
 10235  3610 3130.06745   28  209 3205.00000 3117.81407  2.72%   165   71s
 10931  3971 3192.93752   37  155 3205.00000 3123.11490  2.55%   166   75s
 12211  4451     cutoff   23      3205.00000 3124.39198  2.52%   169   81s
 13024  4729     cutoff   34      3205.00000 3125.31493  2.49%   170   85s
 14123  5077 3159.77253   25  239 3205.00000 3127.82080  2.41%   170   90s
 15254  5621 3173.25864   25  246 3205.00000 3129.27392  2.36%   172   95s
 16383  6015 3168.79266   29  146 3205.00000 3129.99490  2.34%   172  101s
 17790  6446 3201.94634   25  205 3205.00000 3131.22992  2.30%   173  107s
 18487  6672     cutoff   30      3205.00000 3132.30626  2.27%   172  111s
 20026  6949 infeasible   31      3205.00000 3134.05933  2.21%   172  118s
 20101  7070 3177.70113   31  149 3205.00000 3134.05933  2.21%   173  121s
 20604  7228 3194.08673   29  171 3205.00000 3134.78948  2.19%   173  125s
 22118  7673 3158.76464   25  230 3205.00000 3136.50284  2.14%   173  133s
 23069  7855 3198.45081   30  156 3205.00000 3137.45804  2.11%   174  137s
 24078  8100 3174.86068   24  196 3205.00000 3138.21692  2.08%   174  142s
 25139  8242 3167.82994   27  186 3205.00000 3139.40078  2.05%   175  145s
 27181  8604 3191.57597   32  153 3205.00000 3140.83538  2.00%   174  153s
 28121  8802 3199.80029   26  220 3205.00000 3141.44785  1.98%   174  157s
 29054  9011 3197.17764   35  173 3205.00000 3142.43798  1.95%   175  161s
 30143  9153 3184.98498   35  173 3205.00000 3143.24117  1.93%   175  166s
 31251  9351 3167.14665   32  212 3205.00000 3144.21490  1.90%   175  170s
 32480  9517 3172.49270   27  184 3205.00000 3145.00499  1.87%   175  175s
 33737  9643 3188.94196   26  207 3205.00000 3145.79372  1.85%   175  180s
 35022  9893 3177.51092   32  192 3205.00000 3146.98802  1.81%   175  185s
H35695  9780                    3202.0000000 3147.01110  1.72%   175  185s
 36355  9910 3188.46864   31  180 3202.00000 3147.79246  1.69%   175  190s
 37439 10071 infeasible   28      3202.00000 3148.68500  1.67%   175  196s
 38869 10151 3199.11605   27  181 3202.00000 3150.00240  1.62%   176  202s
 40100 10247 3197.01618   30  193 3202.00000 3151.18218  1.59%   176  208s
 41812 10339 3198.48995   29   83 3202.00000 3152.20572  1.56%   176  214s
 43489 10431     cutoff   30      3202.00000 3153.41136  1.52%   176  220s
 45226 10482     cutoff   38      3202.00000 3154.71622  1.48%   177  227s
 46813 10547     cutoff   31      3202.00000 3155.71652  1.45%   177  234s
 48682 10573     cutoff   32      3202.00000 3157.39394  1.39%   178  258s
 51092 10525 3177.59423   29  179 3202.00000 3158.54336  1.36%   178  265s
 52870 10405 3198.35361   41  175 3202.00000 3159.91003  1.31%   178  272s
 55075 10226 3179.43787   36  215 3202.00000 3161.70517  1.26%   178  280s
 57277 10003     cutoff   31      3202.00000 3163.20854  1.21%   178  287s
H58206  9678                    3198.0000000 3163.20854  1.09%   178  287s
 59615  9192     cutoff   26      3198.00000 3164.96643  1.03%   178  295s
 61984  8688     cutoff   31      3198.00000 3166.51487  0.98%   178  302s
*63713  8593              30    3197.0000000 3166.77947  0.95%   178  302s
 64400  7820 3190.98177   29  139 3197.00000 3168.60409  0.89%   178  310s
 66802  6881     cutoff   33      3197.00000 3171.10697  0.81%   178  318s
 68958  5555 3192.17140   30  155 3197.00000 3173.75063  0.73%   179  325s
 71321  4067     cutoff   28      3197.00000 3177.67917  0.60%   178  331s
H72424  3449                    3193.0000000 3178.07331  0.47%   178  331s
*73192  3255              33    3192.0000000 3178.13761  0.43%   178  331s
 73399  1623     cutoff   34      3192.00000 3181.58852  0.33%   177  335s

Cutting planes:
  Gomory: 4
  Lift-and-project: 4
  Cover: 558
  Implied bound: 1
  Clique: 41
  MIR: 199
  Knapsack: 11
  StrongCG: 118
  Flow cover: 342
  GUB cover: 14
  Inf proof: 2
  Zero half: 91
  Mod-K: 1
  RLT: 279
  Relax-and-lift: 60
  BQP: 104

Explored 76686 nodes (13185211 simplex iterations) in 336.54 seconds (293.17 work units)
Thread count was 22 (of 22 available processors)

Solution count 10: 3192 3193 3197 ... 3255

Optimal solution found (tolerance 1.00e-04)
Best objective 3.192000000000e+03, best bound 3.192000000000e+03, gap 0.0000%

User-callback calls 187680, time in user-callback 0.29 sec
Set parameter LogToConsole to value 0
