FIXINGS_START
(0, 6, 0)
(0, 7, 0)
(2, 0, 0)
(2, 6, 0)
(3, 0, 0)
(4, 0, 0)
(5, 0, 0)
(6, 0, 0)
(7, 0, 0)
(7, 6, 0)
(8, 0, 0)
(9, 8, 0)
(9, 9, 0)
(11, 0, 0)
(11, 1, 0)
(12, 0, 0)
(12, 6, 0)
(7, 1, 0)
(3, 2, 0)
(1, 0, 0)
(1, 1, 0)
(9, 0, 0)
(0, 0, 0)
(11, 2, 0)
(1, 2, 11)
(10, 0, 0)
(10, 2, 0)
(6, 1, 0)
(1, 3, 0)
(6, 2, 0)
(4, 2, 0)
(9, 2, 0)
(5, 1, 0)
(2, 1, 11)
(9, 3, 0)
(5, 2, 0)
(1, 5, 0)
(9, 4, 14)
(5, 4, 0)
(1, 6, 0)
(2, 2, 18)
(2, 3, 0)
(9, 5, 0)
(9, 7, 0)
FIXINGS_END
found_sol 3478.0 time 3.041
found_sol 3476.0 time 3.102
found_sol 3458.0 time 3.103
found_sol 3456.0 time 3.104
found_sol 3454.0 time 3.149
found_sol 3453.0 time 3.201
found_sol 3447.0 time 3.339
found_sol 3445.0 time 3.340
found_sol 3422.0 time 3.341
found_sol 3414.0 time 3.341
found_sol 3402.0 time 3.528
found_sol 3315.0 time 3.530
found_sol 3308.0 time 3.693
found_sol 3293.0 time 4.367
found_sol 3293.0 time 5.876
found_sol 3308.0 time 5.877
found_sol 3315.0 time 5.878
found_sol 3277.0 time 13.106
found_sol 3266.0 time 13.268
found_sol 3262.0 time 52.740
found_sol 3238.0 time 70.180
found_sol 3231.0 time 74.693
found_sol 3222.0 time 79.520
found_sol 3212.0 time 168.467
found_sol 3204.0 time 175.373
found_sol 3204.0 time 223.793
time 223.798
GUROBI
Status OPTIMAL
Runtime 223.79751801490784
NodeCount 124126.0
IterCount 9848436.0
NumVars 3360
NumConstrs 15571
ObjBound 3204.0
ObjBoundC 3204.0
ObjVal 3204.0
MIPGap 0.0
