
Gurobi 13.0.0 (linux64) logging started Sun Jan  4 18:20:59 2026

Set parameter LogFile to value "../experiments/network-n_30_s_0_rp_0-app_set-id_24_13_apps/compact_model_gurobi.log"
Set parameter TimeLimit to value 900
Gurobi Optimizer version 13.0.0 build v13.0.0rc1 (linux64 - "Ubuntu 24.04.3 LTS")

CPU model: Intel(R) Core(TM) Ultra 7 165H, instruction set [SSE2|AVX|AVX2]
Thread count: 22 physical cores, 22 logical processors, using up to 22 threads

Non-default parameters:
TimeLimit  900
LogToConsole  0

Academic license 2539022 - for non-commercial use only - registered to al___@studenti.unimi.it
Optimize a model with 6942 rows, 2520 columns and 17336 nonzeros (Min)
Model fingerprint: 0x0cc6bdf8
Model has 2520 linear objective coefficients
Model has 98 quadratic constraints
Variable types: 0 continuous, 2520 integer (2520 binary)
Coefficient statistics:
  Matrix range     [1e+00, 9e+02]
  QMatrix range    [5e+01, 2e+02]
  Objective range  [1e+01, 2e+02]
  Bounds range     [1e+00, 1e+00]
  RHS range        [1e+00, 1e+09]
  QRHS range       [1e+02, 6e+02]
Presolve removed 6382 rows and 1467 columns
Presolve time: 0.05s
Presolved: 8224 rows, 8620 columns, 48086 nonzeros
Variable types: 0 continuous, 8620 integer (8620 binary)

Root relaxation: objective 2.958086e+03, 811 iterations, 0.05 seconds (0.08 work units)

    Nodes    |    Current Node    |     Objective Bounds      |     Work
 Expl Unexpl |  Obj  Depth IntInf | Incumbent    BestBd   Gap | It/Node Time

     0     0 2958.08628    0  134          - 2958.08628      -     -    0s
     0     0 3015.80809    0  202          - 3015.80809      -     -    1s
     0     0 3029.18242    0  181          - 3029.18242      -     -    1s
     0     0 3029.67047    0  187          - 3029.67047      -     -    1s
     0     0 3081.45983    0  197          - 3081.45983      -     -    1s
     0     0 3086.62202    0  234          - 3086.62202      -     -    1s
     0     0 3090.17253    0  233          - 3090.17253      -     -    1s
     0     0 3091.33863    0  255          - 3091.33863      -     -    1s
     0     0 3128.96552    0  242          - 3128.96552      -     -    2s
     0     0 3140.56003    0  297          - 3140.56003      -     -    2s
     0     0 3143.74128    0  267          - 3143.74128      -     -    2s
     0     0 3156.74118    0  288          - 3156.74118      -     -    2s
     0     0 3156.74360    0  286          - 3156.74360      -     -    2s
     0     0 3156.74360    0  286          - 3156.74360      -     -    2s
     0     2 3156.75666    0  279          - 3156.75666      -     -    3s
   162   189 3170.43328    9  232          - 3165.01240      -   141    5s
   675   706 3213.80116   23  192          - 3165.01240      -   144   10s
  1480  1568 3363.09149   50  111          - 3165.01240      -   121   15s
  2572  2373 3228.60186   18  171          - 3166.60330      -   111   20s
H 2730  2450                    4340.0000000 3166.60330  27.0%   111   21s
H 3111  2730                    4244.0000000 3166.60330  25.4%   110   23s
  3337  2955 3206.03817   11  263 4244.00000 3166.60330  25.4%   112   25s
  3523  2969 3345.24013   31  389 4244.00000 3187.23750  24.9%   113   30s
H 3548  2835                    4242.0000000 3204.83211  24.4%   112   32s
  3577  2854 3221.98719   12  362 4242.00000 3221.98719  24.0%   112   35s
H 3584  2715                    4239.0000000 3223.90731  23.9%   111   35s
H 3585  2579                    4230.0000000 3223.90731  23.8%   111   35s
H 3619  2469                    3978.0000000 3230.37218  18.8%   110   39s
H 3619  2343                    3960.0000000 3230.37218  18.4%   110   39s
H 3624  2228                    3942.0000000 3230.65314  18.0%   110   40s
H 3657  2135                    3901.0000000 3234.44454  17.1%   109   44s
H 3657  2026                    3866.0000000 3234.44454  16.3%   109   45s
H 3658  1922                    3753.0000000 3234.47979  13.8%   109   46s
H 3658  1823                    3736.0000000 3234.47979  13.4%   109   46s
H 3663  1733                    3717.0000000 3234.50946  13.0%   109   46s
H 3664  1644                    3699.0000000 3234.50946  12.6%   109   46s
H 3666  1561                    3698.0000000 3234.51345  12.5%   109   47s
  3695  1580 3342.86414   29  397 3698.00000 3235.81180  12.5%   108   50s
  3727  1603 3571.44842   64  272 3698.00000 3236.13784  12.5%   113   55s
H 3757  1541                    3684.0000000 3238.38412  12.1%   112   58s
  3767  1547 3271.42137   19  384 3684.00000 3238.97236  12.1%   112   60s
  3804  1572 3369.79018   53  345 3684.00000 3240.52020  12.0%   111   65s
H 3815  1498                    3680.0000000 3240.63834  11.9%   110   66s
  3834  1528 3245.64809   24  274 3680.00000 3244.03923  11.8%   114   71s
H 3864  1464                    3652.0000000 3245.65802  11.1%   119   73s
  3872  1522 3254.52393   26  302 3652.00000 3253.13280  10.9%   120   75s
H 3909  1437                    3598.0000000 3253.13280  9.58%   123   75s
H 3978  1421                    3571.0000000 3253.13280  8.90%   128   79s
  4009  1464 3271.20065   29  258 3571.00000 3253.13280  8.90%   131   81s
  4154  1545 3325.38520   31  234 3571.00000 3253.13280  8.90%   137   85s
H 4230  1489                    3534.0000000 3253.13280  7.95%   141   86s
  4343  1585 3285.93854   35  312 3534.00000 3253.13280  7.95%   145   90s
H 4344  1522                    3530.0000000 3253.13280  7.84%   145   90s
  4576  1681 3298.39517   39  256 3530.00000 3257.24711  7.73%   151   96s
  4744  1772 3308.03189   42  245 3530.00000 3259.10031  7.67%   159  100s
  5007  1953 3352.16399   47  204 3530.00000 3259.10031  7.67%   167  106s
  5297  2076 3341.03704   52  205 3530.00000 3264.47963  7.52%   170  111s
  5503  2138 3366.35330   55  180 3530.00000 3266.73365  7.46%   172  115s
  5864  2251     cutoff   61      3530.00000 3268.78371  7.40%   175  121s
  6113  2381 3441.04153   68  178 3530.00000 3268.78371  7.40%   178  125s
  6508  2412 3294.68715   31  271 3530.00000 3270.23987  7.36%   179  132s
  6612  2471 3297.33933   33  272 3530.00000 3270.23987  7.36%   180  136s
  6767  2536 3306.07142   35  267 3530.00000 3275.75304  7.20%   180  141s
  6939  2630 3311.30591   37  259 3530.00000 3275.75304  7.20%   181  146s
H 7015  2504                    3513.0000000 3275.75304  6.75%   180  146s
  7246  2882 3319.09799   41  243 3513.00000 3275.95638  6.75%   179  151s
  7852  3288 3459.10077   87  167 3513.00000 3276.80322  6.72%   178  157s
  8131  3382 infeasible   35      3513.00000 3276.80322  6.72%   179  160s
H 8288  3196                    3481.0000000 3276.80322  5.87%   180  160s
  8545  3543 3451.92255   41  198 3481.00000 3280.18390  5.77%   181  166s
  9205  4001 3384.18714   40  233 3481.00000 3280.18390  5.77%   182  173s
  9565  4202 3318.54196   27  273 3481.00000 3280.18390  5.77%   182  176s
 10220  4711 3337.38848   32  253 3481.00000 3280.18390  5.77%   185  183s
 10637  4994 3394.10747   49  198 3481.00000 3280.18390  5.77%   186  187s
 11048  5231 3322.38260   39  217 3481.00000 3291.70951  5.44%   188  190s
H11094  5217                    3479.0000000 3291.70951  5.38%   188  190s
 11962  5780 3343.17295   38  238 3479.00000 3293.64538  5.33%   187  198s
 12290  6015 3439.63033   58  146 3479.00000 3300.50960  5.13%   187  203s
 12720  6361 3385.40547   43  146 3479.00000 3300.50960  5.13%   188  207s
 13285  6652 3343.82109   40  160 3479.00000 3300.50960  5.13%   188  211s
 13820  6988 3321.79929   32  246 3479.00000 3301.01928  5.12%   189  216s
 14363  7287 3429.68185   50  164 3479.00000 3301.01928  5.12%   189  220s
 14876  7645 3359.17441   50  201 3479.00000 3306.87075  4.95%   190  225s
 15378  7889 3328.14456   35  256 3479.00000 3306.87075  4.95%   189  230s
 15811  8262 3355.99359   36  214 3479.00000 3308.19702  4.91%   190  235s
 16452  8559 3362.33140   40  282 3479.00000 3309.90502  4.86%   191  241s
 17122  8991     cutoff   47      3479.00000 3309.99595  4.86%   193  246s
 17794  9582 3342.80811   54  185 3479.00000 3310.09839  4.85%   193  251s
 18640  9905 3367.67104   58  219 3479.00000 3310.09839  4.85%   193  257s
 19437 10286 3362.96428   29  244 3479.00000 3312.58691  4.78%   194  263s
 20149 10497 3375.02160   44  244 3479.00000 3312.58691  4.78%   195  269s
 20497 10957 3429.62518   56  238 3479.00000 3312.58691  4.78%   195  275s
 21345 11521 3344.92799   31  250 3479.00000 3314.19302  4.74%   195  282s
 22115 12088 3351.54448   52  249 3479.00000 3314.89260  4.72%   195  288s
 23007 12558 3414.14949   51  222 3479.00000 3315.50566  4.70%   195  295s
 23883 13075 3365.70721   39  237 3479.00000 3315.65486  4.70%   195  302s
 24858 13131 3410.46303   45  225 3479.00000 3316.61030  4.67%   195  312s
H24866 12989                    3473.0000000 3316.61030  4.50%   195  312s
H24901 12248                    3456.0000000 3316.61030  4.03%   195  312s
 24936 14551 3421.68328   49  173 3456.00000 3316.61030  4.03%   195  340s
 29160 14943 3341.29172   28  280 3456.00000 3320.16443  3.93%   199  348s
 29919 15496 3352.77096   41  212 3456.00000 3321.07912  3.90%   199  357s
 30975 16130 3358.08829   45  198 3456.00000 3322.13456  3.87%   199  367s
 32173 16836 3451.24884   51  128 3456.00000 3322.77890  3.85%   200  376s
 33435 17489 3361.53653   43  208 3456.00000 3323.91786  3.82%   201  386s
 34772 18097 3386.74834   34  247 3456.00000 3324.72930  3.80%   201  395s
 35980 18731 3422.10104   36  220 3456.00000 3325.73528  3.77%   202  406s
 37351 19023 3448.92465   52  155 3456.00000 3326.71712  3.74%   202  416s
 37958 19305 3394.13348   31  244 3456.00000 3326.72283  3.74%   203  427s
 38516 19533 3389.17998   33  235 3456.00000 3327.15921  3.73%   203  438s
 39074 19785 3370.63959   50  249 3456.00000 3327.15921  3.73%   203  449s
 39722 20016 3398.23221   52  217 3456.00000 3327.15921  3.73%   203  462s
 40327 20335 infeasible   45      3456.00000 3327.19539  3.73%   203  475s
H40533 19885                    3450.0000000 3327.54092  3.55%   203  475s
 41015 21045 3369.96819   36  243 3450.00000 3327.68454  3.55%   204  491s
H41108 20858                    3448.0000000 3327.68454  3.49%   204  491s
H41410 18493                    3430.0000000 3327.68454  2.98%   204  491s
 43242 19127 3371.77419   32  199 3430.00000 3330.10131  2.91%   204  506s
 45369 19833     cutoff   38      3430.00000 3331.40617  2.87%   205  522s
 47652 20610     cutoff   47      3430.00000 3333.69648  2.81%   206  537s
 49680 20611 3377.38083   44 3989 3430.00000 3335.03846  2.77%   207  581s
 49698 20623 3381.31318   51  347 3430.00000 3335.03846  2.77%   207  585s
 49722 20639 3383.07269   47  380 3430.00000 3335.03846  2.77%   207  590s
 49743 20653 3336.83345   42  366 3430.00000 3335.03846  2.77%   207  595s
 49760 20664 3378.16284   36  359 3430.00000 3335.03846  2.77%   207  600s
 49775 20674 3389.60714   63  368 3430.00000 3335.03846  2.77%   207  605s
 49787 20682 3345.94499   35  369 3430.00000 3335.03846  2.77%   207  612s
 49792 20686 3377.05078   54  375 3430.00000 3335.03846  2.77%   207  615s
 49811 20698 3352.43868   44  377 3430.00000 3335.03846  2.77%   207  620s
 49826 20708 3379.03048   32  362 3430.00000 3335.03846  2.77%   206  625s
 49838 20716 3411.95854   43  368 3430.00000 3335.03846  2.77%   206  630s
 49843 20720 3336.83345   42  367 3430.00000 3335.03846  2.77%   206  635s
 49874 20763 3335.03846   35  323 3430.00000 3335.03846  2.77%   207  640s
 49936 20823 3335.03846   37  285 3430.00000 3335.03846  2.77%   207  645s
 50056 20891 3335.03846   39  288 3430.00000 3335.03846  2.77%   208  651s
 50140 20924 3335.03846   41  269 3430.00000 3335.03846  2.77%   208  656s
H50141 19884                    3407.0000000 3335.03846  2.11%   208  656s
 50258 19905 3335.03846   42  235 3407.00000 3335.03846  2.11%   208  661s
H50302 18912                    3403.0000000 3335.03846  2.00%   209  663s
 50375 18904 3339.72593   44  229 3403.00000 3335.03846  2.00%   209  666s
 50469 18927 3339.41547   46  195 3403.00000 3335.03846  2.00%   209  670s
 50579 18953 3342.70424   47  189 3403.00000 3335.03846  2.00%   209  677s
 50654 18993 3358.43649   49  193 3403.00000 3335.03846  2.00%   209  681s
 50763 19027     cutoff   51      3403.00000 3335.03846  2.00%   209  686s
 50899 19020 3386.70120   56  105 3403.00000 3335.03846  2.00%   209  691s
 51035 19044 3363.00989   42  302 3403.00000 3335.03846  2.00%   209  696s
 51170 19093 3387.48728   47  296 3403.00000 3335.03846  2.00%   210  702s
 51341 19123 3335.03846   41  253 3403.00000 3335.03846  2.00%   210  707s
 51425 19145 3365.03621   44  249 3403.00000 3335.03846  2.00%   210  710s
 51607 19186 3398.22470   50  236 3403.00000 3335.03846  2.00%   210  717s
 51711 19207 3335.03846   40  283 3403.00000 3335.03846  2.00%   210  720s
 51949 19233 3385.69083   50  266 3403.00000 3335.03846  2.00%   210  727s
 52076 19259 3349.25611   38  234 3403.00000 3335.03846  2.00%   210  730s
 52365 19288 3398.96818   52   99 3403.00000 3335.03846  2.00%   210  737s
 52516 19291 3335.03846   43  252 3403.00000 3335.03846  2.00%   210  741s
 52695 19248 3383.85913   46  272 3403.00000 3335.03846  2.00%   210  745s
 52820 19339 3390.25461   50  226 3403.00000 3335.03846  2.00%   210  753s
 53021 19361 3369.61366   41  205 3403.00000 3335.03846  2.00%   210  757s
 53265 19398 3340.36705   39  203 3403.00000 3335.03846  2.00%   210  761s
 53518 19411 3336.17940   40  226 3403.00000 3335.03846  2.00%   210  765s
 53799 19416 3379.38706   51  227 3403.00000 3335.03846  2.00%   210  770s
 54492 19547 3355.47152   46  220 3403.00000 3335.03846  2.00%   210  779s
 54886 19585     cutoff   53      3403.00000 3335.03846  2.00%   210  784s
 55293 19627 3363.56483   45  258 3403.00000 3335.03846  2.00%   210  789s
 55733 19599 3360.64960   44  227 3403.00000 3335.03846  2.00%   210  794s
 56077 19634 3341.67371   47  233 3403.00000 3335.03846  2.00%   210  799s
 56533 19634 3385.10563   43  241 3403.00000 3335.03846  2.00%   210  804s
 57029 19642 3398.26573   44  144 3403.00000 3335.03846  2.00%   210  809s
 57257 19566 infeasible   50      3403.00000 3335.03846  2.00%   210  810s
 57634 19600     cutoff   46      3403.00000 3335.03846  2.00%   210  815s
 58242 19488 3350.27157   49  212 3403.00000 3335.03846  2.00%   210  821s
 58797 19549 3352.04337   46  289 3403.00000 3335.03846  2.00%   210  826s
 59415 19593 3360.40473   46  269 3403.00000 3335.03846  2.00%   210  832s
 60052 19561 3392.63611   49  138 3403.00000 3335.03846  2.00%   210  838s
 60727 19532 3363.84015   41  267 3403.00000 3335.03846  2.00%   210  844s
 61479 19495 3347.18360   44  254 3403.00000 3335.03846  2.00%   210  851s
 62185 19454 3388.75184   55  248 3403.00000 3335.03846  2.00%   210  858s
 62933 19426 3344.38373   47  246 3403.00000 3335.03846  2.00%   210  865s
 63731 19281 3360.39218   47  259 3403.00000 3335.03846  2.00%   210  873s
 64351 19293 3380.90956   44  214 3403.00000 3335.03846  2.00%   209  880s
 65255 19298 3385.62842   50  155 3403.00000 3335.03846  2.00%   209  888s
 66163 19300 3381.29119   41  226 3403.00000 3336.09735  1.97%   209  895s
 67077 19114     cutoff   48      3403.00000 3337.24907  1.93%   209  900s

Cutting planes:
  Gomory: 24
  Lift-and-project: 3
  Cover: 713
  Clique: 40
  MIR: 461
  Knapsack: 7
  StrongCG: 393
  Flow cover: 658
  GUB cover: 21
  Inf proof: 2
  Zero half: 134
  Mod-K: 4
  RLT: 107
  Relax-and-lift: 149
  BQP: 15

Explored 67667 nodes (14119380 simplex iterations) in 900.07 seconds (625.63 work units)
Thread count was 22 (of 22 available processors)

Solution count 10: 3403 3407 3430 ... 3513

Time limit reached
Best objective 3.403000000000e+03, best bound 3.338000000000e+03, gap 1.9101%

User-callback calls 247395, time in user-callback 0.67 sec
