FIXINGS_START
(0, 0, 0)
(0, 4, 0)
(1, 0, 0)
(1, 1, 0)
(2, 5, 0)
(2, 6, 0)
(3, 0, 0)
(4, 0, 0)
(4, 4, 0)
(5, 5, 0)
(6, 0, 0)
(7, 0, 0)
(8, 4, 0)
(9, 0, 0)
(10, 0, 0)
(10, 9, 0)
(11, 0, 0)
(12, 7, 0)
(12, 8, 0)
(1, 4, 0)
(1, 5, 0)
(10, 4, 0)
(10, 6, 0)
(4, 1, 16)
(6, 1, 0)
(2, 0, 2)
(6, 3, 1)
(12, 2, 20)
(7, 2, 0)
(0, 3, 0)
(0, 5, 0)
(11, 1, 0)
(9, 1, 0)
(8, 0, 4)
(9, 2, 6)
(3, 1, 0)
(9, 3, 3)
(9, 4, 0)
(6, 5, 0)
(2, 1, 2)
(2, 2, 0)
(5, 3, 0)
(3, 3, 0)
(8, 1, 15)
(8, 2, 0)
FIXINGS_END
found_sol 3690.0 time 1.639
found_sol 3632.0 time 4.018
found_sol 3613.0 time 5.333
found_sol 3602.0 time 5.695
found_sol 3572.0 time 8.052
found_sol 3572.0 time 8.353
time 8.360
GUROBI
Status OPTIMAL
Runtime 8.359425067901611
NodeCount 7032.0
IterCount 650383.0
NumVars 2520
NumConstrs 6987
ObjBound 3572.0
ObjBoundC 3572.0
ObjVal 3572.0
MIPGap 0.0
