
Gurobi 13.0.0 (linux64) logging started Sun Jan  4 23:55:39 2026

Set parameter LogFile to value "../experiments/network-n_30_s_1_rp_0-app_set-id_37_17_apps/compact_model_gurobi.log"
Set parameter TimeLimit to value 900
Gurobi Optimizer version 13.0.0 build v13.0.0rc1 (linux64 - "Ubuntu 24.04.3 LTS")

CPU model: Intel(R) Core(TM) Ultra 7 165H, instruction set [SSE2|AVX|AVX2]
Thread count: 22 physical cores, 22 logical processors, using up to 22 threads

Non-default parameters:
TimeLimit  900
LogToConsole  0

Academic license 2539022 - for non-commercial use only - registered to al___@studenti.unimi.it
Optimize a model with 11042 rows, 3300 columns and 26790 nonzeros (Min)
Model fingerprint: 0xf7993549
Model has 3300 linear objective coefficients
Model has 100 quadratic constraints
Variable types: 0 continuous, 3300 integer (3300 binary)
Coefficient statistics:
  Matrix range     [1e+00, 9e+02]
  QMatrix range    [5e+01, 2e+02]
  Objective range  [1e+01, 2e+02]
  Bounds range     [1e+00, 1e+00]
  RHS range        [1e+00, 1e+09]
  QRHS range       [1e+02, 6e+02]
Presolve removed 10164 rows and 1753 columns
Presolve time: 0.08s
Presolved: 16077 rows, 16646 columns, 91880 nonzeros
Variable types: 0 continuous, 16646 integer (16646 binary)

Root relaxation: objective 3.464307e+03, 1556 iterations, 0.14 seconds (0.20 work units)

    Nodes    |    Current Node    |     Objective Bounds      |     Work
 Expl Unexpl |  Obj  Depth IntInf | Incumbent    BestBd   Gap | It/Node Time

     0     0 3464.30696    0  191          - 3464.30696      -     -    0s
     0     0 3480.90446    0  209          - 3480.90446      -     -    1s
     0     0 3497.16183    0  233          - 3497.16183      -     -    1s
     0     0 3498.33331    0  225          - 3498.33331      -     -    1s
     0     0 3498.41940    0  234          - 3498.41940      -     -    1s
     0     0 3538.45926    0  319          - 3538.45926      -     -    2s
     0     0 3557.75587    0  286          - 3557.75587      -     -    2s
     0     0 3560.34342    0  330          - 3560.34342      -     -    2s
     0     0 3560.54222    0  335          - 3560.54222      -     -    2s
     0     0 3621.08441    0  306          - 3621.08441      -     -    3s
     0     0 3664.75384    0  259          - 3664.75384      -     -    4s
     0     0 3673.41999    0  289          - 3673.41999      -     -    4s
     0     0 3674.85395    0  315          - 3674.85395      -     -    4s
     0     0 3691.10912    0  308          - 3691.10912      -     -    6s
     0     0 3704.07390    0  339          - 3704.07390      -     -    6s
     0     0 3708.03909    0  339          - 3708.03909      -     -    6s
     0     0 3712.39234    0  326          - 3712.39234      -     -    7s
     0     0 3716.19844    0  334          - 3716.19844      -     -    7s
     0     0 3718.54463    0  348          - 3718.54463      -     -    7s
     0     0 3718.56272    0  335          - 3718.56272      -     -    7s
     0     0 3718.56272    0  321          - 3718.56272      -     -    7s
     0     0 3718.56608    0  191          - 3718.56608      -     -    9s
     0     0 3718.56608    0  216          - 3718.56608      -     -   10s
     0     0 3718.56608    0  332          - 3718.56608      -     -   10s
     0     0 3718.56608    0  229          - 3718.56608      -     -   11s
     0     0 3718.56608    0  242          - 3718.56608      -     -   11s
     0     0 3718.56608    0  319          - 3718.56608      -     -   12s
     0     0 3718.56608    0  322          - 3718.56608      -     -   12s
     0     0 3718.56608    0  390          - 3718.56608      -     -   12s
     0     0 3718.66302    0  384          - 3718.66302      -     -   12s
     0     0 3719.17943    0  351          - 3719.17943      -     -   13s
     0     0 3720.46942    0  404          - 3720.46942      -     -   14s
     0     0 3725.85277    0  393          - 3725.85277      -     -   15s
     0     0 3725.89934    0  386          - 3725.89934      -     -   15s
     0     0 3725.89934    0  378          - 3725.89934      -     -   15s
     0     2 3725.90778    0  375          - 3725.90778      -     -   16s
   138   179 3740.19239    9  317          - 3730.47991      -   263   20s
   433   467 3744.16599   15  307          - 3730.47991      -   223   26s
   629   668 3756.52685   23  269          - 3730.47991      -   228   30s
   854   898 3775.23029   36  244          - 3730.47991      -   231   35s
  1194  1244 3836.81460   58  209          - 3730.47991      -   217   40s
  1489  1583 3833.05750   88  190          - 3730.47991      -   204   45s
  1804  1848 3877.90633  107  165          - 3730.47991      -   190   50s
  2056  2071 3932.09095  116  167          - 3730.98913      -   186   55s
  2367  2496 3932.63937  119  170          - 3730.99512      -   178   60s
  3036  3112 4116.66096  139  155          - 3730.99512      -   163   65s
  3654  3549 3816.56706    9  248          - 3730.99512      -   161   71s
  4174  3937 3758.60313   21  185          - 3732.09413      -   159   75s
  4461  4067 3768.70815   30  245          - 3734.79354      -   159   80s
  4918  4497 3786.92765   35  180          - 3735.70732      -   157   86s
  5251  4998 3809.84614   44  177          - 3735.70732      -   156   91s
  6051  5684 3868.35326   73  125          - 3735.70732      -   153   96s
  6419  5686 3790.55594   30  147          - 3735.70732      -   153  100s
  6429  5693 3835.38916   41  381          - 3735.70732      -   153  105s
  6459  5713 3792.32092   21  499          - 3738.60385      -   152  110s
  6490  5734 3939.10932   79  511          - 3740.84571      -   151  115s
  6519  5753 3790.55594   30  562          - 3742.31907      -   151  120s
  6538  5766 3785.63002   41  545          - 3742.49651      -   150  125s
  6559  5780 3792.32092   21  587          - 3746.30743      -   150  130s
  6584  5796 3759.03585   14  620          - 3746.64882      -   149  135s
  6593  5802 3832.43719   51  566          - 3746.73775      -   149  142s
  6596  5809 3747.73952   11  542          - 3747.43486      -   154  145s
  6624  5846 3765.62845   14  424          - 3747.88932      -   157  150s
  6698  5912 3777.98574   16  379          - 3750.70863      -   161  155s
  6773  5959 3775.48687   18  367          - 3750.70863      -   166  160s
  6851  6019 3778.03182   19  381          - 3750.70863      -   170  165s
  6939  6056 3786.16491   22  341          - 3750.70863      -   176  171s
  6984  6086 3791.21892   23  318          - 3750.70863      -   178  175s
  7055  6134 3796.91805   24  278          - 3750.70863      -   182  180s
  7137  6198 3795.21211   26  320          - 3750.70863      -   185  186s
  7207  6250 3800.28336   27  330          - 3750.70863      -   187  190s
  7295  6332 3805.69877   29  307          - 3750.70863      -   190  195s
  7418  6395 3811.62932   31  283          - 3750.70863      -   193  202s
  7510  6480 3818.89828   32  292          - 3750.70863      -   196  207s
  7648  6588 3817.82496   33  274          - 3750.70863      -   200  212s
  7729  6663 3842.49196   33  267          - 3750.70863      -   203  215s
  7938  6814 3831.11649   37  270          - 3750.70863      -   207  221s
  8178  6989 3834.72840   41  250          - 3750.70863      -   211  227s
  8311  6990 3855.43121   43  217          - 3750.70863      -   214  230s
  8421  7059 3956.73408   44  236          - 3750.70863      -   215  237s
  8488  7137 3872.14145   44  241          - 3751.18903      -   216  240s
  8739  7272 3926.90741   45  230          - 3751.46562      -   221  247s
  8905  7354 3893.85372   46  254          - 3751.46562      -   223  251s
  9074  7441 3889.59616   50  267          - 3751.46562      -   226  255s
  9416  7483 4095.61219   56  183          - 3751.46562      -   231  263s
  9440  7508 3976.56307   57  214          - 3751.46562      -   232  267s
  9483  7591 3969.94375   57  212          - 3751.46562      -   232  271s
  9610  7652 4072.23013   60  197          - 3752.30827      -   234  276s
  9803  7676 4129.31753   63  163          - 3753.91228      -   236  280s
 10000  7704 4249.28504   71  155          - 3754.46481      -   238  285s
 10204  7686 3767.94059   16  378          - 3754.74239      -   241  294s
 10232  7751 3796.06608   20  333          - 3754.74239      -   242  299s
 10307  7881 3801.87382   21  332          - 3754.74239      -   244  305s
 10640  8145 3811.16976   24  322          - 3754.74239      -   251  315s
 10849  8336 3823.81941   26  295          - 3754.74239      -   255  320s
 11137  8518 3839.97152   32  260          - 3754.74239      -   258  326s
 11457  8677 3863.88880   41  242          - 3755.09573      -   260  332s
 11833  8777 3883.56580   48  216          - 3755.09573      -   263  338s
 12162  8910 4138.91518   55  213          - 3755.09573      -   265  344s
 12508  9072 infeasible   67               - 3755.09573      -   267  350s
 12837  9259 3763.81527   22  352          - 3756.41880      -   270  357s
 13158  9236 3779.81337   27  337          - 3756.41880      -   273  364s
 13284  9423 3785.70936   28  339          - 3756.41880      -   273  371s
 13551  9611 3815.34248   30  329          - 3756.41880      -   274  379s
 13914  9776 3823.86273   41  260          - 3756.98021      -   278  386s
 14296  9962 3889.06586   48  226          - 3756.98021      -   281  394s
 14729 10099 3911.71334   58  196          - 3756.98021      -   284  402s
 15124 10301 3981.22933   73  123          - 3756.98021      -   286  410s
 15523 10560 3859.03226   22  308          - 3756.98021      -   289  418s
 15967 10859 3891.53047   28  268          - 3756.98021      -   290  427s
 16492 10701 3916.93808   40  253          - 3758.82659      -   292  436s
 16519 10707 3917.29952   41  245          - 3758.82659      -   292  445s
 16548 10717 3918.34882   42  234          - 3758.82659      -   292  455s
 16572 10730 3925.86904   43  248          - 3761.18674      -   292  466s
 16595 10772 3944.38405   43  234          - 3761.18674      -   292  479s
 16679 10784 3929.86300   44  234          - 3761.18674      -   292  488s
 16731 10804 3953.46907   45  246          - 3761.18674      -   292  503s
 16770 10837 3985.52893   44  221          - 3761.18674      -   292  518s
 16834 10951 4035.08558   45  207          - 3761.18674      -   292  532s
 17069 11010 3946.86037   44  261          - 3761.18674      -   293  548s
 17256 11345 3950.43830   45  251          - 3761.18674      -   293  560s
 17711 11708 3952.65618   46  265          - 3761.18674      -   293  571s
 18361 11881 3973.54684   44  182          - 3761.18674      -   294  583s
 18844 12021 3955.69579   47  252          - 3761.18674      -   296  596s
 19222 12530 4103.98223   49  249          - 3761.18674      -   297  608s
 20074 12796 4159.22832   65  165          - 3761.18674      -   299  621s
 20778 13313 3785.83177   27  345          - 3761.18674      -   302  634s
 21606 13293 3875.66207   46  203          - 3761.18674      -   304  648s
 21932 13709 3896.43748   54  156          - 3761.18674      -   304  663s
 22748 14349 4080.20481   77  125          - 3761.18674      -   303  677s
 23824 14774 3821.66784   37  301          - 3761.18674      -   304  692s
 24869 15932 3902.48509   52  197          - 3761.18674      -   303  713s
 26386 16344 3781.87928   24  325          - 3761.18674      -   304  723s
 26902 16902 3839.26040   35  202          - 3766.26044      -   305  736s
 27604 16967 3933.49048   46  228          - 3766.26044      -   305  750s
 27683 17582 3955.44041   46  223          - 3766.26044      -   306  765s
 28500 17832 3797.58395   23  288          - 3766.26044      -   306  784s
 28806 18450 3879.89576   32  254          - 3766.26044      -   307  808s
 29539 19349 4034.47614   47  192          - 3766.26044      -   307  826s
 30691 19993 3825.07298   27  253          - 3767.39048      -   307  848s
 31510 21052 3911.59938   47  257          - 3768.21695      -   308  871s
 32791 22081 4236.70612   69  184          - 3768.21695      -   308  890s
 33977 22582 3907.52156   44  209          - 3768.21695      -   308  900s

Cutting planes:
  Gomory: 1
  Lift-and-project: 2
  Cover: 57
  Clique: 20
  MIR: 119
  Knapsack: 5
  StrongCG: 78
  Flow cover: 249
  GUB cover: 10
  Zero half: 28
  Mod-K: 1
  RLT: 110
  Relax-and-lift: 67
  BQP: 51

Explored 34666 nodes (10730576 simplex iterations) in 900.04 seconds (768.03 work units)
Thread count was 22 (of 22 available processors)

Solution count 0

Time limit reached
Best objective -, best bound 3.769000000000e+03, gap -

User-callback calls 241212, time in user-callback 1.30 sec
