
Gurobi 13.0.0 (linux64) logging started Sat Jan  3 03:14:32 2026

Set parameter LogFile to value "../experiments/network-n_60_s_0_rp_0-app_set-id_17_10_apps/compact_model_gurobi.log"
Set parameter TimeLimit to value 900
Gurobi Optimizer version 13.0.0 build v13.0.0rc1 (linux64 - "Ubuntu 24.04.3 LTS")

CPU model: Intel(R) Core(TM) Ultra 7 165H, instruction set [SSE2|AVX|AVX2]
Thread count: 22 physical cores, 22 logical processors, using up to 22 threads

Non-default parameters:
TimeLimit  900
LogToConsole  0

Academic license 2539022 - for non-commercial use only - registered to al___@studenti.unimi.it
Optimize a model with 21040 rows, 3900 columns and 47639 nonzeros (Min)
Model fingerprint: 0x87be8de2
Model has 3900 linear objective coefficients
Model has 200 quadratic constraints
Variable types: 0 continuous, 3900 integer (3900 binary)
Coefficient statistics:
  Matrix range     [1e+00, 8e+02]
  QMatrix range    [5e+01, 2e+02]
  Objective range  [1e+01, 2e+02]
  Bounds range     [1e+00, 1e+00]
  RHS range        [1e+00, 1e+09]
  QRHS range       [1e+02, 6e+02]
Presolve removed 20137 rows and 2080 columns
Presolve time: 0.24s
Presolved: 33232 rows, 33955 columns, 206009 nonzeros
Variable types: 0 continuous, 33955 integer (33955 binary)
Deterministic concurrent LP optimizer: primal and dual simplex
Showing primal log only...

Concurrent spin time: 0.05s

Solved with dual simplex

Root relaxation: objective 1.967074e+03, 809 iterations, 0.35 seconds (0.29 work units)

    Nodes    |    Current Node    |     Objective Bounds      |     Work
 Expl Unexpl |  Obj  Depth IntInf | Incumbent    BestBd   Gap | It/Node Time

     0     0 1967.07351    0  145          - 1967.07351      -     -    1s
H    0     0                    2827.0000000 1967.07351  30.4%     -    1s
H    0     0                    2702.0000000 1967.07351  27.2%     -    1s
H    0     0                    2627.0000000 1967.07351  25.1%     -    1s
H    0     0                    2459.0000000 1967.07351  20.0%     -    1s
H    0     0                    2458.0000000 1967.07351  20.0%     -    1s
H    0     0                    2372.0000000 1968.25808  17.0%     -    2s
H    0     0                    2344.0000000 1968.25808  16.0%     -    2s
     0     0 1980.25651    0  193 2344.00000 1980.25651  15.5%     -    2s
H    0     0                    2306.0000000 1980.25651  14.1%     -    2s
H    0     0                    2242.0000000 1989.88341  11.2%     -    3s
     0     0 1989.88341    0  230 2242.00000 1989.88341  11.2%     -    3s
     0     0 1992.26330    0  234 2242.00000 1992.26330  11.1%     -    3s
     0     0 1992.26657    0  231 2242.00000 1992.26657  11.1%     -    3s
     0     0 1992.45807    0  232 2242.00000 1992.45807  11.1%     -    3s
     0     0 1992.45922    0  234 2242.00000 1992.45922  11.1%     -    3s
     0     0 2008.85318    0  201 2242.00000 2008.85318  10.4%     -    4s
     0     0 2011.38639    0  193 2242.00000 2011.38639  10.3%     -    4s
     0     0 2011.80391    0  205 2242.00000 2011.80391  10.3%     -    4s
     0     0 2022.05416    0  175 2242.00000 2022.05416  9.81%     -    5s
H    0     0                    2238.0000000 2022.05416  9.65%     -    5s
H    0     0                    2237.0000000 2022.05416  9.61%     -    5s
     0     0 2022.44249    0  136 2237.00000 2022.44249  9.59%     -    5s
     0     0 2024.17454    0  142 2237.00000 2024.17454  9.51%     -    5s
     0     0 2025.28990    0  167 2237.00000 2025.28990  9.46%     -    6s
     0     0 2026.43666    0  156 2237.00000 2026.43666  9.41%     -    6s
     0     0 2026.54635    0  148 2237.00000 2026.54635  9.41%     -    6s
     0     0 2030.53987    0  144 2237.00000 2030.53987  9.23%     -    6s
H    0     0                    2217.0000000 2030.53987  8.41%     -    6s
     0     0 2030.64613    0  146 2217.00000 2030.64613  8.41%     -    6s
H    0     0                    2210.0000000 2030.64613  8.12%     -    6s
     0     0 2031.54515    0  180 2210.00000 2031.54515  8.07%     -    6s
     0     0 2031.67310    0  179 2210.00000 2031.67310  8.07%     -    7s
     0     0 2031.67310    0  175 2210.00000 2031.67310  8.07%     -    7s
H    0     0                    2205.0000000 2031.67310  7.86%     -    7s
H    0     0                    2113.0000000 2031.67310  3.85%     -    7s
H    0     0                    2103.0000000 2031.67310  3.39%     -    7s
     0     2 2031.67310    0  175 2103.00000 2031.67310  3.39%     -    7s
    51    73 2042.39322    6  153 2103.00000 2038.53407  3.07%   220   10s
H   82   119                    2101.0000000 2038.71365  2.96%   199   11s
H  115   119                    2097.0000000 2038.71365  2.78%   175   11s
H  220   237                    2090.0000000 2038.71365  2.45%   152   13s
H  329   291                    2086.0000000 2039.25652  2.24%   137   14s
   344   314 infeasible   10      2086.00000 2039.25652  2.24%   137   15s
H  367   314                    2083.0000000 2039.25652  2.10%   136   15s
H  412   322                    2075.0000000 2039.25652  1.72%   130   16s
H  419   322                    2073.0000000 2039.25652  1.63%   129   16s
   649   416 2051.50553   10  136 2073.00000 2045.06560  1.35%   116   20s
  1104   554 2062.16409   12  150 2073.00000 2049.00364  1.16%   102   25s
H 1435   599                    2062.0000000 2049.73687  0.59%  94.9   29s
  1716    50 infeasible   15      2062.00000 2049.73687  0.59%  84.7   30s

Cutting planes:
  Lift-and-project: 12
  Cover: 121
  Implied bound: 2
  Clique: 31
  MIR: 88
  Knapsack: 10
  StrongCG: 54
  GUB cover: 4
  Inf proof: 1
  Zero half: 6
  RLT: 255
  Relax-and-lift: 111
  BQP: 160

Explored 2109 nodes (151462 simplex iterations) in 30.90 seconds (19.37 work units)
Thread count was 22 (of 22 available processors)

Solution count 10: 2062 2073 2075 ... 2113

Optimal solution found (tolerance 1.00e-04)
Best objective 2.062000000000e+03, best bound 2.062000000000e+03, gap 0.0000%

User-callback calls 6689, time in user-callback 0.02 sec
