
Gurobi 13.0.0 (linux64) logging started Sun Jan  4 05:44:40 2026

Set parameter LogFile to value "../experiments/network-n_60_s_2_rp_0-app_set-id_52_22_apps/compact_model_gurobi.log"
Set parameter TimeLimit to value 900
Gurobi Optimizer version 13.0.0 build v13.0.0rc1 (linux64 - "Ubuntu 24.04.3 LTS")

CPU model: Intel(R) Core(TM) Ultra 7 165H, instruction set [SSE2|AVX|AVX2]
Thread count: 22 physical cores, 22 logical processors, using up to 22 threads

Non-default parameters:
TimeLimit  900
LogToConsole  0

Academic license 2539022 - for non-commercial use only - registered to al___@studenti.unimi.it
Optimize a model with 46229 rows, 8580 columns and 104558 nonzeros (Min)
Model fingerprint: 0x86a1ff98
Model has 8580 linear objective coefficients
Model has 190 quadratic constraints
Variable types: 0 continuous, 8580 integer (8580 binary)
Coefficient statistics:
  Matrix range     [1e+00, 9e+02]
  QMatrix range    [5e+01, 2e+02]
  Objective range  [1e+01, 2e+02]
  Bounds range     [1e+00, 1e+00]
  RHS range        [1e+00, 1e+09]
  QRHS range       [1e+02, 6e+02]
Presolve removed 44300 rows and 4916 columns
Presolve time: 0.52s
Presolved: 50289 rows, 51834 columns, 319358 nonzeros
Variable types: 0 continuous, 51834 integer (51834 binary)
Deterministic concurrent LP optimizer: primal and dual simplex
Showing primal log only...

Concurrent spin time: 0.19s (can be avoided by choosing Method=3)

Solved with dual simplex

Root relaxation: objective 5.698176e+03, 6963 iterations, 1.22 seconds (1.77 work units)

    Nodes    |    Current Node    |     Objective Bounds      |     Work
 Expl Unexpl |  Obj  Depth IntInf | Incumbent    BestBd   Gap | It/Node Time

     0     0 5698.17598    0  328          - 5698.17598      -     -    3s
     0     0 5718.87711    0  370          - 5718.87711      -     -    5s
     0     0 5747.89512    0  409          - 5747.89512      -     -    6s
     0     0 5754.09877    0  414          - 5754.09877      -     -    7s
     0     0 5754.58983    0  436          - 5754.58983      -     -    8s
     0     0 5754.61622    0  433          - 5754.61622      -     -    8s
     0     0 5772.20585    0  395          - 5772.20585      -     -   10s
     0     0 5784.73622    0  436          - 5784.73622      -     -   11s
     0     0 5787.89115    0  520          - 5787.89115      -     -   12s
     0     0 5788.26335    0  510          - 5788.26335      -     -   12s
     0     0 5802.80456    0  500          - 5802.80456      -     -   16s
     0     0 5809.39983    0  506          - 5809.39983      -     -   16s
     0     0 5812.37061    0  521          - 5812.37061      -     -   17s
     0     0 5812.89347    0  587          - 5812.89347      -     -   18s
     0     0 5825.73783    0  550          - 5825.73783      -     -   22s
     0     0 5828.14057    0  542          - 5828.14057      -     -   23s
     0     0 5829.27320    0  569          - 5829.27320      -     -   23s
     0     0 5829.90219    0  568          - 5829.90219      -     -   25s
     0     0 5829.90377    0  558          - 5829.90377      -     -   25s
     0     0 5829.90377    0  547          - 5829.90377      -     -   25s
     0     2 5829.92341    0  529          - 5829.92341      -     -   30s
    15    32 5830.86511    4  495          - 5830.61706      -   465   35s
    99   143 5833.83665    7  484          - 5832.10601      -   386   40s
   226   270 5835.87942   16  462          - 5832.10601      -   351   45s
   341   369 5839.09708   20  416          - 5832.10601      -   340   51s
   376   391 5838.17026   21  514          - 5832.10601      -   344   55s
   447   469 5838.67612   24  495          - 5832.10601      -   343   61s
   522   538 5839.51047   26  482          - 5832.10601      -   337   66s
   593   606 5843.09638   28  481          - 5832.10601      -   332   70s
   682   694 5841.24458   32  501          - 5832.10601      -   336   76s
   748   760 5842.76991   35  516          - 5832.10601      -   330   80s
   822   833 5843.10388   36  512          - 5832.10601      -   327   86s
   872   898 5843.77243   39  495          - 5832.10601      -   330   91s
   952   997 5844.41224   42  553          - 5832.10601      -   335   96s
  1086  1130 5846.35294   46  489          - 5832.10601      -   330  103s
  1147  1204 5846.12589   50  525          - 5832.10601      -   329  107s
  1221  1276 5847.19829   57  528          - 5832.10601      -   326  110s
  1372  1447 5848.10597   62  506          - 5832.10601      -   327  118s
  1465  1559 5849.60428   68  505          - 5832.10601      -   323  123s
  1578  1660 5849.79397   71  481          - 5832.10601      -   320  126s
  1682  1774 5851.20146   74  464          - 5832.10601      -   318  130s
  1896  1947 5853.23132   77  432          - 5832.10601      -   312  139s
  1972  2003 5855.55858   80  417          - 5832.10601      -   316  144s
  2032  2068 5861.19508   81  370          - 5832.10601      -   324  149s
  2103  2134 5857.21098   86  425          - 5832.10601      -   324  153s
  2171  2195 5860.51822   91  453          - 5832.10601      -   324  159s
  2236  2271 5863.25664   96  413          - 5832.10601      -   322  164s
  2312  2332 5865.86992  101  417          - 5832.10601      -   322  169s
  2373  2389 5866.61746  102  425          - 5832.10601      -   320  174s
  2430  2519 5869.36655  103  415          - 5832.10601      -   319  179s
  2560  2743 5869.85324  109  396          - 5832.10601      -   315  184s
  2784  3001 5873.66519  126  373          - 5832.10601      -   307  188s
  3044  3270 5876.51896  131  367          - 5832.10601      -   298  193s
  3317  3534 5880.43488  140  361          - 5832.10601      -   290  198s
  3587  3829 5888.97354  143  378          - 5832.10601      -   286  204s
  3886  3851 5905.26947  149  302          - 5832.10601      -   280  211s
  3908  3914 6091.80904  149  304          - 5832.10601      -   280  217s
  3981  4018 5905.65474  150  330          - 5832.10601      -   280  224s
  4104  4099 infeasible  153               - 5832.10601      -   282  232s
  4187  4206 5962.37736  154  343          - 5832.10601      -   281  239s
  4298  4343 5963.01861  155  336          - 5832.10601      -   280  247s
  4464  4505 5996.18397  155  322          - 5832.10601      -   276  254s
  4635  4663 infeasible  156               - 5832.10601      -   272  261s
  4811  4814 6008.82848  155  312          - 5832.10601      -   269  269s
  4983  4928 infeasible  156               - 5832.10601      -   268  280s
  5106  5106 infeasible  156               - 5832.29660      -   266  288s
  5309  5291 5895.94432    7  456          - 5832.29660      -   264  299s
  5514  5531 5837.55242    7  477          - 5832.29660      -   262  307s
  5792  5714 5884.05920    8  431          - 5832.29660      -   258  319s
  6052  5970 5837.93278    8  466          - 5832.29660      -   257  332s
  6310  6252 5838.91905    9  454          - 5832.29660      -   257  342s
  6604  6626 5840.59091    9  445          - 5832.29660      -   257  350s
  7012  6919 5849.79646   22  405          - 5832.29660      -   255  359s
  7370  7399 5850.43721   30  376          - 5832.29660      -   257  369s
  7908  7811 5853.99219   39  439          - 5832.29660      -   255  379s
  8405  8256 5861.52863   45  453          - 5832.29660      -   254  391s
  8920  8722 5857.52082   49  440          - 5832.29660      -   254  403s
  9458  8861 5863.77857   59  414          - 5832.29660      -   254  418s
  9603  9272 5875.30956   79  431          - 5832.29660      -   255  431s
 10084  9675 5886.21216   86  419          - 5832.29660      -   255  445s
 10580 10161 5900.10984   91  377          - 5832.29660      -   257  460s
 11083 10162 5966.51593  115 24527          - 5832.29660      -   259  489s
 11085 10163 6188.74357  156  368          - 5832.29660      -   259  504s
 11086 10164 5839.88537   22  414          - 5832.29660      -   259  507s
 11087 10165 5945.86154  125  516          - 5832.29660      -   259  510s
 11088 10165 5890.30664   87  640          - 5832.29660      -   259  517s
 11089 10166 5863.02937   41  640          - 5832.29660      -   259  522s
 11090 10167 5976.25062   30  593          - 5832.29660      -   259  528s
 11091 10167 5892.08681   90  551          - 5832.29660      -   259  533s
 11093 10169 6074.24247  169  544          - 5832.29660      -   259  535s
 11100 10173 6022.02625  119  606          - 5836.68559      -   259  542s
 11103 10175 6431.85633  335  592          - 5838.92347      -   259  545s
 11107 10178 5923.97263   74  652          - 5842.14610      -   258  550s
 11115 10183 5844.77924   21  718          - 5843.07666      -   258  555s
 11119 10186 5883.09122  131  685          - 5847.13787      -   258  562s
 11123 10189 5869.83582   61  685          - 5848.99925      -   258  566s
 11130 10193 5850.41391   16  689          - 5850.41391      -   258  571s
 11134 10196 5852.31893   16  660          - 5852.31893      -   258  575s
 11141 10201 6182.41998  111  668          - 5854.58909      -   258  581s
 11147 10205 5872.80403   96  725          - 5855.06248      -   257  586s
 11152 10208 5860.10584   50  787          - 5856.22352      -   257  590s
 11160 10213 6106.98581  156  765          - 5857.24341      -   257  596s
 11168 10219 6018.39039  120  851          - 5858.36208      -   257  600s
 11177 10225 5946.84531   81  815          - 5858.80875      -   257  606s
 11181 10227 6408.69167  183  822          - 5859.19352      -   257  610s
 11188 10232 5890.30664   87  919          - 5860.52400      -   257  615s
 11199 10239 5909.07310  134  850          - 5860.88385      -   256  620s
 11204 10243 5861.59375   29  912          - 5861.59375      -   256  625s
 11213 10249 5861.91772   46  949          - 5861.91772      -   256  630s
 11217 10251 6010.19743  153  830          - 5862.76204      -   256  635s
 11225 10257 5933.44072   87  885          - 5863.34722      -   256  640s
 11232 10261 6154.52327  188  823          - 5863.98126      -   256  646s
 11237 10265 5864.42697   13  915          - 5864.42697      -   255  650s
 11246 10271 5864.92563    9  942          - 5864.92563      -   255  655s
 11256 10277 5869.05627   41  799          - 5865.36110      -   255  660s
 11261 10281 5913.13541  124  786          - 5866.05628      -   255  665s
 11269 10286 5997.73165  180  836          - 5866.18904      -   255  670s
 11278 10292 5951.29334  193  807          - 5866.94497      -   255  675s
 11284 10296 6133.61741  198  744          - 5867.44407      -   254  681s
 11285 10297 6188.74357  156  738          - 5867.44407      -   254  685s
 11288 10299 5890.30664   87  801          - 5869.22384      -   254  690s
 11290 10300 5976.25062   30  793          - 5870.91019      -   254  699s
 11292 10301 5938.80521  141  793          - 5870.94463      -   254  700s
 11299 10306 5909.07310  134  802          - 5871.40507      -   254  705s
 11307 10311 5923.97263   74  715          - 5871.83171      -   254  710s
 11319 10319 5883.09122  131  780          - 5872.02336      -   254  715s
 11325 10323 5933.44072   87  820          - 5872.18019      -   253  720s
 11333 10329 5872.39947   74  892          - 5872.39947      -   253  725s
 11341 10334 6182.41998  111  896          - 5872.62748      -   253  731s
 11345 10337 5888.95394   44  815          - 5872.81951      -   253  735s
 11350 10340 5964.81072  163  882          - 5872.94770      -   253  740s
 11359 10346 6174.49765  215  722          - 5873.20711      -   253  745s
 11365 10350 5873.33323   64  812          - 5873.33323      -   253  750s
 11366 10351 5888.95238   19  750          - 5873.40876      -   253  768s
 11367 10351 5924.99205   51  836          - 5873.45642      -   253  773s
 11370 10353 5954.84173  127  824          - 5873.55485      -   252  775s
 11375 10357 6470.20283  204  836          - 5873.66675      -   252  780s
 11381 10361 6408.69167  183  876          - 5873.81663      -   252  785s
 11391 10367 5892.08681   90  855          - 5874.17558      -   252  791s
 11396 10371 5905.27458  113  846          - 5874.41924      -   252  795s
 11405 10377 6045.02023  142  864          - 5874.47630      -   252  800s
 11414 10383 6048.41972  155  914          - 5874.78005      -   251  807s
 11418 10385 5930.72368   69  854          - 5874.98124      -   251  811s
 11422 10388 5875.24968   20  927          - 5875.24968      -   251  815s
 11429 10393 6437.72432  209  846          - 5875.51291      -   251  820s
 11436 10397 5895.52824  131  936          - 5875.71551      -   251  825s
 11439 10399 5875.73321   34  953          - 5875.73321      -   251  830s
 11445 10403 5888.95394   44  864          - 5875.76059      -   251  835s
 11451 10407 5875.79155   22  847          - 5875.79155      -   251  840s
 11452 10408 5875.79216   50  841          - 5875.79216      -   251  847s
 11454 10409 5876.31009   78  844          - 5875.80187      -   251  850s
 11463 10415 5875.84768   40  846          - 5875.84768      -   250  855s
 11465 10417 5875.87633   64  916          - 5875.87633      -   250  860s
 11471 10421 6070.69299  176  930          - 5876.00894      -   250  865s
 11478 10427 5951.29334  193 24527          - 5876.01310      -   264  879s
 11480 10428 5901.63573   48  367          - 5876.01310      -   264  896s

Cutting planes:
  Gomory: 3
  Cover: 34
  Clique: 18
  MIR: 14
  Knapsack: 11
  StrongCG: 18
  Flow cover: 15
  GUB cover: 5
  Zero half: 43
  RLT: 8
  Relax-and-lift: 252

Explored 11481 nodes (3074268 simplex iterations) in 900.02 seconds (1117.31 work units)
Thread count was 22 (of 22 available processors)

Solution count 0

Time limit reached
Best objective -, best bound 5.877000000000e+03, gap -

User-callback calls 153569, time in user-callback 0.81 sec
