
Gurobi 13.0.0 (linux64) logging started Sun Jan 18 13:11:00 2026

Set parameter LogFile to value "../experiments/network-n_60_s_2_rp_0-app_set-id_52_22_apps/submip_30_epr1_model_gurobi.log"
Set parameter TimeLimit to value 8.2010611131798942e+02
Gurobi Optimizer version 13.0.0 build v13.0.0rc1 (linux64 - "Ubuntu 24.04.3 LTS")

CPU model: Intel(R) Core(TM) Ultra 7 165H, instruction set [SSE2|AVX|AVX2]
Thread count: 22 physical cores, 22 logical processors, using up to 22 threads

Non-default parameters:
TimeLimit  8.2010611131798942e+02
LogToConsole  0

Academic license 2539022 - for non-commercial use only - registered to al___@studenti.unimi.it
Optimize a model with 46294 rows, 8580 columns and 104623 nonzeros (Min)
Model fingerprint: 0x0c675213
Model has 8580 linear objective coefficients
Model has 190 quadratic constraints
Variable types: 0 continuous, 8580 integer (8580 binary)
Coefficient statistics:
  Matrix range     [1e+00, 9e+02]
  QMatrix range    [5e+01, 2e+02]
  Objective range  [1e+01, 2e+02]
  Bounds range     [1e+00, 1e+00]
  RHS range        [1e+00, 1e+09]
  QRHS range       [1e+02, 6e+02]
Presolve removed 45603 rows and 6529 columns
Presolve time: 0.20s
Presolved: 17782 rows, 18958 columns, 113170 nonzeros
Variable types: 0 continuous, 18958 integer (18958 binary)
Deterministic concurrent LP optimizer: primal and dual simplex
Showing primal log only...

Concurrent spin time: 0.04s

Solved with primal simplex

Root relaxation: objective 5.742134e+03, 4624 iterations, 0.55 seconds (0.60 work units)

    Nodes    |    Current Node    |     Objective Bounds      |     Work
 Expl Unexpl |  Obj  Depth IntInf | Incumbent    BestBd   Gap | It/Node Time

     0     0 5742.13440    0  206          - 5742.13440      -     -    1s
     0     0 5797.06625    0  250          - 5797.06625      -     -    2s
     0     0 5819.92365    0  270          - 5819.92365      -     -    3s
     0     0 5820.52768    0  275          - 5820.52768      -     -    3s
     0     0 5820.60572    0  277          - 5820.60572      -     -    3s
     0     0 5848.37444    0  271          - 5848.37444      -     -    4s
     0     0 5863.09011    0  307          - 5863.09011      -     -    5s
     0     0 5867.94914    0  331          - 5867.94914      -     -    5s
     0     0 5868.87600    0  332          - 5868.87600      -     -    5s
     0     0 5893.95762    0  353          - 5893.95762      -     -    7s
     0     0 5902.59536    0  402          - 5902.59536      -     -    7s
     0     0 5908.57198    0  391          - 5908.57198      -     -    8s
     0     0 5909.98484    0  385          - 5909.98484      -     -    8s
     0     0 5918.04962    0  377          - 5918.04962      -     -   10s
     0     0 5918.05687    0  372          - 5918.05687      -     -   10s
     0     0 5918.05687    0  372          - 5918.05687      -     -   10s
     0     0 5918.06644    0  211          - 5918.06644      -     -   13s
     0     0 5918.06644    0  238          - 5918.06644      -     -   14s
     0     0 5918.06644    0  261          - 5918.06644      -     -   14s
     0     0 5918.06644    0  275          - 5918.06644      -     -   15s
     0     0 5918.06644    0  317          - 5918.06644      -     -   16s
     0     0 5918.06644    0  343          - 5918.06644      -     -   16s
     0     0 5918.07789    0  376          - 5918.07789      -     -   16s
     0     0 5918.24110    0  356          - 5918.24110      -     -   16s
     0     0 5922.99390    0  423          - 5922.99390      -     -   18s
     0     0 5926.05398    0  446          - 5926.05398      -     -   18s
     0     0 5933.38660    0  437          - 5933.38660      -     -   20s
     0     0 5933.39499    0  431          - 5933.39499      -     -   20s
     0     0 5933.39499    0  415          - 5933.39499      -     -   20s
     0     2 5933.39503    0  408          - 5933.39503      -     -   22s
    15    32 5936.57065    4  359          - 5935.39171      -   430   25s
   201   230 5938.33117    9  369          - 5936.02941      -   283   30s
   333   366 5940.65106   15  357          - 5936.02941      -   276   35s
   394   424 5940.76181   17  346          - 5936.02941      -   264   41s
   423   452 5942.38817   18  320          - 5936.02941      -   267   45s
   484   519 5943.14805   19  335          - 5936.02941      -   270   52s
   518   552 5944.83338   20  317          - 5936.02941      -   270   56s
   551   585 5945.82929   20  366          - 5936.02941      -   269   60s
   709   776 5949.29029   28  333          - 5936.02941      -   272   65s
   940   970 5952.29967   40  305          - 5936.02941      -   274   70s
  1117  1221 5957.50503   47  293          - 5936.02941      -   269   75s
  1425  1519 5966.67672   54  259          - 5936.02941      -   261   81s
  1705  1722 5975.64847   64  262          - 5936.02941      -   257   85s
  1869  1850 5984.34689   66  251          - 5936.02941      -   253   90s
  2155  2280 5984.83754   68  260          - 5936.17808      -   248   96s
  2638  2758 6001.01668   83  260          - 5936.77426      -   231  101s
  3165  3279 6041.28283   96  237          - 5936.77426      -   219  106s
  3699  3701 6090.11119  118  228          - 5936.77426      -   213  111s
  4161  4050 6217.05880  162  192          - 5936.78943      -   209  117s
  4716  4540 5966.87572   14  306          - 5936.78943      -   206  122s
  5011  4752 5967.15707   13  299          - 5936.78943      -   204  125s
  5539  5213 5987.66127   21  257          - 5937.19264      -   205  131s
  6068  5455 5984.53088   26 6832          - 5937.47270      -   207  138s
  6070  5456 6046.39241   33  224          - 5937.47270      -   207  141s
  6073  5458 6050.34879   94  386          - 5937.47270      -   207  146s
  6077  5461 6019.34445   84  429          - 5937.62491      -   207  150s
  6093  5472 6041.55766   98  525          - 5948.84990      -   206  155s
  6106  5480 6023.84870   28  537          - 5958.16368      -   206  160s
  6120  5490 6105.35896   52  548          - 5966.19120      -   205  165s
  6139  5502 5988.91819   34  572          - 5972.32455      -   205  170s
  6156  5514 5976.92297   12  624          - 5976.92297      -   204  175s
  6172  5524 5981.06837   36  639          - 5979.12663      -   204  180s
  6185  5533 6216.43036  116  649          - 5983.09282      -   203  185s
  6204  5546 6171.33518   86  645          - 5987.07127      -   203  190s
  6224  5559 6096.50203  150  625          - 5990.61665      -   202  195s
  6245  5573 5992.33325   38  582          - 5992.33325      -   201  201s
  6255  5580 5996.83599   30  619          - 5996.83599      -   201  205s
  6281  5597 5998.33986   55  584          - 5998.33986      -   200  210s
  6303  5612 5999.04849   21  650          - 5999.04849      -   199  215s
  6324  5626 6096.50203  150  629          - 5999.75015      -   199  222s
  6338  5635 6112.83404  100  569          - 6000.09774      -   198  225s
  6357  5648 6016.88627   57  560          - 6001.15793      -   198  230s
  6381  5664 6002.10855   55  703          - 6002.10855      -   197  235s
  6407  5681 6003.16657   19  571          - 6003.16657      -   196  240s
  6423  5692 6295.74773  124  580          - 6003.56310      -   196  245s
  6425  5693 6003.56310   22  584          - 6003.56310      -   196  251s
  6428  5695 6213.12885  157  570          - 6003.56815      -   195  255s
  6434  5700 6113.41059   93  224          - 6003.56922      -   209  260s
  6438  5703 6112.83404  100  397          - 6004.03705      -   209  266s
  6440  5704 6029.97163   88  470          - 6005.24826      -   209  270s
  6449  5710 6005.24826    5  540          - 6005.24826      -   208  275s
  6462  5719 6005.24826   30  633          - 6005.24826      -   208  280s
  6479  5730 6099.46314  106  625          - 6005.24826      -   207  285s
  6492  5739 6007.46955   41  653          - 6005.24826      -   207  290s
  6495  5741 6005.24826   29  641          - 6005.24826      -   207  296s
  6498  5748 6014.83101   26  490          - 6006.65331      -   212  300s
  6510  5768 6021.91658   28  478          - 6008.33559      -   213  305s
  6548  5827 6042.93818   30  482          - 6010.62727      -   217  313s
  6598  5843 6047.55915   31  438          - 6010.63961      -   218  317s
  6630  5868 6059.93153   32  410          - 6010.63961      -   222  322s
  6666  5880 6051.01318   32  468          - 6010.63961      -   227  326s
  6690  5898 6053.41917   33  452          - 6010.63961      -   228  330s
  6745  5931 6053.55955   34  443          - 6010.63961      -   233  337s
  6767  5947 6060.13204   34  456          - 6010.63961      -   234  342s
  6791  5965 6059.71052   35  436          - 6010.63961      -   236  346s
  6845  5997 6060.37978   36  457          - 6010.63961      -   240  353s
  6867  6015 6061.92794   36  419          - 6010.63961      -   242  357s
  6892  6029 6060.79831   37  439          - 6010.63961      -   244  361s
  6914  6043 6111.85564   37  435          - 6010.63961      -   247  365s
  6959  6077 6129.45055   38  384          - 6010.63961      -   251  372s
  6985  6095 6062.16636   39  447          - 6010.63961      -   253  377s
  7011  6108 6065.17123   40  430          - 6010.63961      -   254  381s
  7033  6126 6066.93318   40  452          - 6010.63961      -   256  385s
  7086  6170 6066.98171   41  413          - 6010.63961      -   258  394s
  7120  6205 6067.39348   42  412          - 6010.63961      -   260  398s
  7166  6234 6107.71418   42  416          - 6010.63961      -   262  403s
  7211  6265 6068.21145   43  433          - 6010.63961      -   264  408s
  7257  6306 6099.92622   43  411          - 6010.63961      -   267  413s
  7313  6351 6072.34761   44  424          - 6010.63961      -   270  418s
  7377  6358 6071.69588   45  426          - 6010.63961      -   272  423s
  7405  6400 6125.89690   45  395          - 6010.63961      -   274  429s
  7456  6455 6072.48050   47  407          - 6010.63961      -   278  434s
  7528  6502 6121.78107   48  391          - 6010.63961      -   281  440s
  7599  6556 6076.06379   50  400          - 6010.63961      -   286  446s
  7677  6611 6126.58640   51  362          - 6010.63961      -   290  452s
  7758  6671 6079.60563   53  391          - 6010.63961      -   295  459s
  7845  6732 6081.91453   54  403          - 6010.63961      -   299  466s
  7935  6808 6106.08178   55  347          - 6010.63961      -   303  472s
  8041  6810 6092.30403   57  387          - 6010.63961      -   307  479s
  8078  6852 6092.81906   57  383          - 6010.63961      -   308  486s
  8133  6926 6093.59949   58  382          - 6010.63961      -   311  493s
  8225  7026 6094.59822   59  367          - 6010.63961      -   314  501s
  8358  7003 6124.01041   61  389          - 6010.63961      -   318  508s
  8381  7038 6098.31299   62  376          - 6010.63961      -   318  515s
  8426  7115 6244.93545   62  385          - 6010.63961      -   320  523s
  8526  7206 6098.47731   63  370          - 6010.63961      -   323  532s
  8665  7298 6152.42545   63  358          - 6012.49885      -   327  541s
  8810  7400 6099.78534   64  371          - 6012.49885      -   331  550s
  8969  7388 6118.23847   66  392          - 6012.49885      -   336  559s
  9014  7431 6119.22635   66  392          - 6012.49885      -   336  568s
  9098  7559 6118.66519   67  376          - 6012.49885      -   338  579s
  9266  7681 6122.30144   69  353          - 6012.49885      -   340  589s
  9485  7807 6138.93451   72  316          - 6012.49885      -   344  599s
  9704  7913 6199.69471   75  275          - 6012.49885      -   348  610s
  9911  8065 6171.87033   80  321          - 6014.40315      -   353  621s
 10178  8191 6176.75056   84  354          - 6014.40315      -   356  633s
 10419  8418 6186.02016   89  315          - 6014.66896      -   359  645s
 10786  8512 6250.07188   95  273          - 6015.16802      -   360  657s
 11101  8651 6206.76244   99  257          - 6015.16802      -   362  669s
 11421  8597 6347.41684  108  233          - 6015.16802      -   365  681s
 11492  8768 6239.58957  111  228          - 6015.16802      -   365  694s
 11693  8969 6242.20902  120  226          - 6015.16802      -   369  708s
 11968  9179 6317.05500  132  207          - 6015.16802      -   372  722s
 12310  9397 6299.73174  147  188          - 6015.16802      -   375  736s
 12696  9526 6345.64631  160  212          - 6016.26933      -   379  751s
 13069  9815 6028.01920   40  435          - 6016.26933      -   379  766s
 13608  9674 6051.21723   47  324          - 6016.26933      -   379  781s
 13661  9973 6058.52273   48  295          - 6016.26933      -   379  797s
 14045 10082 6093.23240   61  257          - 6016.26933      -   382  814s
 14331 10124 6178.13048   75  254          - 6016.26933      -   383  820s

Cutting planes:
  Gomory: 1
  Lift-and-project: 2
  Cover: 98
  Implied bound: 2
  Clique: 25
  MIR: 196
  Knapsack: 6
  StrongCG: 93
  Flow cover: 195
  GUB cover: 7
  Zero half: 9
  Mod-K: 1
  RLT: 39
  Relax-and-lift: 43
  BQP: 2
  PSD: 2

Explored 14482 nodes (5600474 simplex iterations) in 820.13 seconds (712.85 work units)
Thread count was 22 (of 22 available processors)

Solution count 0

Time limit reached
Best objective -, best bound 6.017000000000e+03, gap -

User-callback calls 172521, time in user-callback 1.09 sec
Set parameter LogToConsole to value 0
