
Gurobi 13.0.0 (linux64) logging started Sun Jan 18 13:24:41 2026

Set parameter LogFile to value "../experiments/network-n_60_s_2_rp_0-app_set-id_52_22_apps/submip_40_epr1_model_gurobi.log"
Set parameter TimeLimit to value 8.1071716146299150e+02
Gurobi Optimizer version 13.0.0 build v13.0.0rc1 (linux64 - "Ubuntu 24.04.3 LTS")

CPU model: Intel(R) Core(TM) Ultra 7 165H, instruction set [SSE2|AVX|AVX2]
Thread count: 22 physical cores, 22 logical processors, using up to 22 threads

Non-default parameters:
TimeLimit  8.1071716146299150e+02
LogToConsole  0

Academic license 2539022 - for non-commercial use only - registered to al___@studenti.unimi.it
Optimize a model with 46305 rows, 8580 columns and 104634 nonzeros (Min)
Model fingerprint: 0xfe6fd57b
Model has 8580 linear objective coefficients
Model has 190 quadratic constraints
Variable types: 0 continuous, 8580 integer (8580 binary)
Coefficient statistics:
  Matrix range     [1e+00, 9e+02]
  QMatrix range    [5e+01, 2e+02]
  Objective range  [1e+01, 2e+02]
  Bounds range     [1e+00, 1e+00]
  RHS range        [1e+00, 1e+09]
  QRHS range       [1e+02, 6e+02]
Presolve removed 45813 rows and 6973 columns
Presolve time: 0.15s
Presolved: 10725 rows, 11665 columns, 68158 nonzeros
Variable types: 0 continuous, 11665 integer (11665 binary)

Root relaxation: objective 5.762166e+03, 3008 iterations, 0.26 seconds (0.36 work units)

    Nodes    |    Current Node    |     Objective Bounds      |     Work
 Expl Unexpl |  Obj  Depth IntInf | Incumbent    BestBd   Gap | It/Node Time

     0     0 5762.16552    0  170          - 5762.16552      -     -    0s
     0     0 5828.12623    0  216          - 5828.12623      -     -    1s
     0     0 5835.76352    0  225          - 5835.76352      -     -    2s
     0     0 5836.37133    0  230          - 5836.37133      -     -    2s
     0     0 5836.37532    0  228          - 5836.37532      -     -    2s
     0     0 5868.79117    0  244          - 5868.79117      -     -    2s
     0     0 5881.38230    0  283          - 5881.38230      -     -    3s
     0     0 5881.38330    0  272          - 5881.38330      -     -    3s
     0     0 5883.79542    0  300          - 5883.79542      -     -    3s
     0     0 5883.90597    0  309          - 5883.90597      -     -    3s
     0     0 5905.82688    0  289          - 5905.82688      -     -    4s
     0     0 5916.10053    0  323          - 5916.10053      -     -    4s
     0     0 5919.18148    0  362          - 5919.18148      -     -    4s
     0     0 5929.76763    0  357          - 5929.76763      -     -    6s
     0     0 5929.78012    0  348          - 5929.78012      -     -    6s
     0     0 5929.78012    0  334          - 5929.78012      -     -    6s
     0     2 5929.79045    0  331          - 5929.79045      -     -    7s
    15    26 5931.02186    4  315          - 5930.89643      -   710   10s
   317   351 5935.72501   14  314          - 5933.50683      -   280   15s
   473   483 5939.35439   19  308          - 5933.50683      -   266   20s
   652   665 5945.92920   25  285          - 5933.50683      -   262   25s
   856   874 5951.85448   30  283          - 5933.50683      -   254   30s
  1056  1067 5957.04689   36  265          - 5933.50683      -   249   36s
  1254  1321 5960.81732   39  258          - 5933.50683      -   238   40s
  1754  1892 infeasible   42               - 5933.50683      -   226   45s
  2421  2504 5984.23941   48  238          - 5933.50683      -   217   50s
  2889  2842 6016.31390   57  202          - 5933.84051      -   212   56s
  3091  2989 6123.03543   70  186          - 5933.84051      -   207   60s
  3305  3228 infeasible   92               - 5934.96083      -   205   65s
  3863  3601 5965.32680   21  206          - 5936.05326      -   198   72s
  4218  3950 5994.45949   37  201          - 5936.05326      -   197   76s
  4655  4152 5979.73564   60 4513          - 5936.10519      -   196   81s
  4660  4155 5969.36411   55  324          - 5936.10519      -   196   85s
  4675  4165 5989.56307   51  408          - 5948.29431      -   196   90s
  4697  4180 6033.18278   54  440          - 5972.86616      -   195   95s
  4719  4195 5984.86171   12  486          - 5984.86171      -   194  100s
  4747  4213 5991.24899   41  499          - 5991.24899      -   193  105s
  4776  4233 6112.96194   76  520          - 5994.63571      -   191  110s
  4804  4251 6073.13383   73  526          - 5997.92951      -   190  115s
  4826  4266 6015.71787   56  514          - 6002.97043      -   189  120s
  4862  4290 6003.87979   81  544          - 6003.87979      -   188  125s
  4876  4299 6112.96194   76  525          - 6005.35644      -   187  130s
  4903  4317 6191.41936  106  516          - 6006.10027      -   186  135s
  4920  4329 6028.67176   60  510          - 6007.20647      -   186  140s
  4946  4346 6080.04333   26  504          - 6008.42975      -   185  145s
  4960  4357 6008.44745   55  250          - 6008.44745      -   197  150s
  4965  4360 6010.65032   91  438          - 6008.46882      -   196  155s
  4984  4373 6011.61968   73  514          - 6011.61968      -   196  160s
  5009  4390 6076.29014  126  504          - 6012.41471      -   195  165s
  5033  4406 6012.41471   59  466          - 6012.41471      -   194  170s
  5058  4422 6247.80233   73  524          - 6013.67235      -   193  175s
  5083  4439 6108.93184   83  519          - 6014.44289      -   192  181s
  5102  4452 6376.51920   72  513          - 6014.72358      -   191  185s
  5127  4468 6015.04505   22  527          - 6015.04505      -   190  190s
  5131  4476 6019.21027   22  465          - 6016.44447      -   197  196s
  5159  4513 6024.68478   25  445          - 6022.77536      -   201  201s
  5181  4551 6029.71191   26  466          - 6024.32719      -   202  205s
  5262  4602 6030.24564   28  476          - 6024.47867      -   207  211s
  5327  4630 6043.32246   29  415          - 6024.47867      -   212  217s
  5384  4663 6037.76199   30  439          - 6024.47867      -   218  222s
  5406  4683 6033.58584   31  436          - 6024.47867      -   220  226s
  5469  4719 6035.68677   33  439          - 6024.47867      -   226  232s
  5491  4735 6038.23763   33  398          - 6024.47867      -   227  235s
  5540  4777 6048.30257   34  404          - 6024.47867      -   231  243s
  5572  4797 6035.95096   35  436          - 6024.47867      -   233  246s
  5603  4819 6056.56458   35  376          - 6024.47867      -   236  251s
  5635  4841 6037.77441   36  440          - 6024.47867      -   239  255s
  5701  4885 6038.11704   37  440          - 6024.47867      -   245  263s
  5734  4910 6085.90573   37  336          - 6024.47867      -   248  267s
  5770  4937 6038.37522   38  463          - 6024.47867      -   251  271s
  5809  4962 6045.25713   38  417          - 6024.47867      -   254  275s
  5889  5019 6038.84555   39  442          - 6024.47867      -   261  284s
  5931  5051 6041.63668   40  447          - 6024.47867      -   265  289s
  5977  5087 6088.54583   40  408          - 6024.47867      -   269  294s
  6028  5128 6043.02436   41  398          - 6024.47867      -   273  299s
  6086  5170 6046.54742   41  389          - 6024.47867      -   276  304s
  6147  5210 6043.68840   42  399          - 6024.47867      -   279  309s
  6208  5258 6064.53135   42  399          - 6024.47867      -   283  314s
  6276  5317 6044.85248   43  405          - 6024.47867      -   285  319s
  6358  5381 6051.04794   43  366          - 6024.47867      -   288  325s
  6449  5446 6052.88422   44  379          - 6024.47867      -   292  330s
  6546  5508 6046.57864   44  409          - 6024.47867      -   295  336s
  6643  5568 6054.06252   45  367          - 6024.47867      -   299  344s
  6747  5645 6054.26392   45  369          - 6024.47867      -   303  350s
  6872  5700 6055.68600   46  384          - 6024.47867      -   307  356s
  7015  5747 6075.62827   46  353          - 6024.56546      -   309  363s
  7136  5806 6061.13445   47  364          - 6024.56546      -   313  369s
  7269  5880 6059.66536   47  350          - 6024.56546      -   317  376s
  7433  5934 6061.03711   48  366          - 6024.56546      -   319  382s
  7602  6010 6073.63007   48  327          - 6027.56191      -   321  390s
  7767  6116 6070.40554   49  352          - 6027.56191      -   324  397s
  7954  6226 6061.96826   49  351          - 6027.56191      -   327  404s
  8168  6391 6070.54757   53  320          - 6027.56191      -   332  412s
  8436  6561 6073.94991   56  359          - 6027.56191      -   336  420s
  8739  6748 6082.10603   60  345          - 6027.56191      -   339  428s
  9060  6942 6111.77761   64  339          - 6027.94162      -   344  437s
  9395  6983 6177.42393   68  273          - 6027.94162      -   348  445s
  9594  7196 6152.51017   69  331          - 6027.94162      -   347  453s
  9970  7258 6181.02873   72  307          - 6027.94162      -   347  463s
 10285  7468 6246.65983   76  272          - 6027.94162      -   347  471s
 10640  7784 6247.40948   86  250          - 6027.94162      -   351  481s
 11096  8003 6286.97131   97  249          - 6027.94162      -   352  490s
 11531  8339 6288.92973  106  243          - 6028.21106      -   352  500s
 12129  8583 infeasible  121               - 6028.79838      -   350  510s
 12783  8516 6117.71950   37  324          - 6028.79838      -   347  520s
 13038  8713 6128.47024   38  340          - 6029.90984      -   348  531s
 13343  9174 6137.28337   40  334          - 6029.90984      -   349  541s
 14008  9477 6199.14691   54  249          - 6029.90984      -   349  553s
 14610  9907 6288.23368   70  206          - 6029.90984      -   348  565s
 15423  9980 6039.51792   34  391          - 6029.90984      -   346  576s
 15883 10167 6068.73354   43  309          - 6029.90984      -   344  588s
 16358 10528 6080.63317   44  299          - 6029.90984      -   343  601s
 16957 10775 6129.08670   54  256          - 6029.90984      -   344  614s
 17526 11251 6175.61159   67  239          - 6029.90984      -   345  627s
 18357 11590 6048.95525   34  302          - 6029.90984      -   345  642s
 19153 12197 6168.11965   53  230          - 6032.56910      -   347  656s
 20022 12536 6265.20282   71  222          - 6032.56910      -   346  670s
 20391 13193 6392.13603   95  196          - 6032.56910      -   345  685s
 21230 13966 6152.61753   55  223          - 6033.57436      -   347  701s
 22171 14576 6041.00230   30  393          - 6034.10786      -   347  716s
 23012 15380 6093.35775   41  306          - 6034.10786      -   347  733s
 23941 16029 6376.68426   55  174          - 6036.66446      -   347  756s
 24744 16992 infeasible   73               - 6036.66446      -   346  776s
 26008 17448 6169.15216   59  234          - 6037.49461      -   345  793s
 26514 17958 6241.05890   74  182          - 6037.49461      -   345  810s

Cutting planes:
  Cover: 82
  Implied bound: 4
  Clique: 28
  MIR: 258
  Knapsack: 9
  StrongCG: 80
  Flow cover: 212
  GUB cover: 11
  Zero half: 16
  RLT: 28
  Relax-and-lift: 61
  BQP: 1

Explored 27108 nodes (9330684 simplex iterations) in 810.74 seconds (708.99 work units)
Thread count was 22 (of 22 available processors)

Solution count 0

Time limit reached
Best objective -, best bound 6.038000000000e+03, gap -

User-callback calls 201177, time in user-callback 1.11 sec
