
Gurobi 13.0.0 (linux64) logging started Sat Jan  3 11:54:09 2026

Set parameter LogFile to value "../experiments/network-n_60_s_0_rp_0-app_set-id_67_27_apps/compact_model_gurobi.log"
Set parameter TimeLimit to value 900
Gurobi Optimizer version 13.0.0 build v13.0.0rc1 (linux64 - "Ubuntu 24.04.3 LTS")

CPU model: Intel(R) Core(TM) Ultra 7 165H, instruction set [SSE2|AVX|AVX2]
Thread count: 22 physical cores, 22 logical processors, using up to 22 threads

Non-default parameters:
TimeLimit  900
LogToConsole  0

Academic license 2539022 - for non-commercial use only - registered to al___@studenti.unimi.it
Optimize a model with 59879 rows, 10560 columns and 134748 nonzeros (Min)
Model fingerprint: 0x63c6c500
Model has 10560 linear objective coefficients
Model has 200 quadratic constraints
Variable types: 0 continuous, 10560 integer (10560 binary)
Coefficient statistics:
  Matrix range     [1e+00, 9e+02]
  QMatrix range    [5e+01, 2e+02]
  Objective range  [1e+01, 2e+02]
  Bounds range     [1e+00, 1e+00]
  RHS range        [1e+00, 1e+09]
  QRHS range       [1e+02, 6e+02]
Presolve removed 57386 rows and 5898 columns
Presolve time: 0.63s
Presolved: 75555 rows, 77507 columns, 462056 nonzeros
Variable types: 0 continuous, 77507 integer (77507 binary)
Deterministic concurrent LP optimizer: primal and dual simplex
Showing primal log only...


Root simplex log...

Iteration    Objective       Primal Inf.    Dual Inf.      Time
    8882    6.3995184e+03   0.000000e+00   6.483714e+03      5s
Concurrent spin time: 0.20s

Solved with dual simplex

Root simplex log...

Iteration    Objective       Primal Inf.    Dual Inf.      Time
    6139    6.3085923e+03   0.000000e+00   0.000000e+00      5s

Root relaxation: objective 6.308592e+03, 6139 iterations, 2.64 seconds (3.22 work units)
Total elapsed time = 5.04s (DegenMoves)

    Nodes    |    Current Node    |     Objective Bounds      |     Work
 Expl Unexpl |  Obj  Depth IntInf | Incumbent    BestBd   Gap | It/Node Time

     0     0 6308.59227    0  366          - 6308.59227      -     -    5s
     0     0 6309.10829    0  370          - 6309.10829      -     -    5s
     0     0 6341.00068    0  473          - 6341.00068      -     -   11s
     0     0 6375.24178    0  478          - 6375.24178      -     -   14s
     0     0 6380.77759    0  493          - 6380.77759      -     -   15s
     0     0 6382.08320    0  501          - 6382.08320      -     -   16s
     0     0 6382.26327    0  545          - 6382.26327      -     -   16s
     0     0 6405.10380    0  591          - 6405.10380      -     -   21s
     0     0 6421.64498    0  619          - 6421.64498      -     -   23s
     0     0 6427.04589    0  599          - 6427.04589      -     -   25s
     0     0 6427.87803    0  576          - 6427.87803      -     -   26s
     0     0 6441.68677    0  624          - 6441.68677      -     -   31s
     0     0 6448.58736    0  638          - 6448.58736      -     -   33s
     0     0 6451.59240    0  616          - 6451.59240      -     -   35s
     0     0 6452.25511    0  717          - 6452.25511      -     -   36s
     0     0 6456.98266    0  646          - 6456.98266      -     -   38s
     0     0 6465.96192    0  691          - 6465.96192      -     -   40s
     0     0 6467.64703    0  664          - 6467.64703      -     -   42s
     0     0 6470.73265    0  698          - 6470.73265      -     -   44s
     0     0 6470.74363    0  691          - 6470.74363      -     -   45s
     0     0 6470.74363    0  691          - 6470.74363      -     -   45s
     0     2 6470.75814    0  691          - 6470.75814      -     -   51s
     3     8 6472.02316    2  662          - 6471.76516      -   361   55s
    15    32 6474.07556    4  538          - 6473.27869      -   495   60s
    53    95 6477.84505    6  699          - 6473.76488      -   496   67s
    94   128 6477.91177    7  649          - 6473.76579      -   416   71s
   127   165 6480.95151    8  640          - 6473.76579      -   444   75s
   210   256 6484.81214   13  555          - 6473.76579      -   414   82s
   255   307 6481.35793   13  579          - 6473.76579      -   392   86s
   344   377 6481.87752   16  605          - 6473.76579      -   365   93s
   376   399 6487.66028   17  619          - 6473.76579      -   371  101s
   398   421 6482.94306   18  585          - 6473.76579      -   383  105s
   447   472 6485.54283   20  642          - 6473.76579      -   380  113s
   473   494 6536.78136   20  645          - 6473.76579      -   384  116s
   495   517 6485.56668   21  648          - 6473.76579      -   382  120s
   540   562 6486.31854   23  579          - 6473.76579      -   375  127s
   565   584 6503.57245   23  479          - 6473.76579      -   380  130s
   609   628 6487.24643   25  636          - 6473.76579      -   374  137s
   631   650 6487.73640   26  616          - 6473.76579      -   372  141s
   653   676 6491.58962   26  590          - 6473.76579      -   374  146s
   679   706 6487.84185   27  623          - 6473.76579      -   374  150s
   709   745 6488.06115   28  629          - 6473.76579      -   376  155s
   781   817 6489.38781   30  647          - 6473.76579      -   381  165s
   820   859 6497.43167   31  606          - 6473.76579      -   385  170s
   862   917 6489.42449   31  645          - 6473.76579      -   388  175s
   920   967 6493.60163   34  610          - 6473.76579      -   387  181s
   970  1021 6496.09767   35  617          - 6473.76579      -   395  187s
  1024  1068 6496.42133   36  607          - 6473.76579      -   399  193s
  1071  1106 6497.94029   37  549          - 6473.76579      -   406  199s
  1109  1140 6498.56739   38  553          - 6473.76579      -   409  205s
  1143  1167 6503.18261   40  552          - 6473.76579      -   409  211s
  1170  1205 6504.67020   41  566          - 6473.76579      -   410  217s
  1208  1264 6511.78047   42  622          - 6473.76579      -   408  224s
  1267  1314 6507.80781   42  517          - 6473.76579      -   404  231s
  1317  1372 6509.28429   43  517          - 6473.76579      -   405  238s
  1377  1420 6512.86308   43  544          - 6473.76579      -   403  246s
  1428  1483 6510.45469   44  527          - 6473.76579      -   405  255s
  1491  1543 6520.88575   44  600          - 6473.76579      -   407  265s
  1553  1603 6515.51328   45  509          - 6473.76579      -   405  273s
  1615  1666 6515.54191   46  503          - 6473.76579      -   403  283s
  1679  1728 6517.48684   47  503          - 6473.76579      -   406  292s
  1745  1777 6517.68726   47  567          - 6473.76579      -   405  301s
  1795  1825 6519.22622   48  526          - 6473.76579      -   408  311s
  1845  1911 6523.50137   48  515          - 6473.76579      -   411  321s
  1939  2010 6528.86711   49  520          - 6473.76579      -   413  332s
  2050  2157 6519.87131   49  484          - 6473.76579      -   410  342s
  2209  2303 6521.84269   50  505          - 6473.76579      -   402  357s
  2378  2464 6524.21401   56  457          - 6473.76579      -   394  368s
  2551  2660 6530.21963   62  497          - 6473.76579      -   388  380s
  2749  2855 6538.12646   70  480          - 6473.76579      -   381  393s
  2953  2929 6543.54240   78  440          - 6473.76579      -   374  405s
  3027  3089 6544.46066   81  449          - 6473.76579      -   371  419s
  3191  3283 6549.88200   86  471          - 6473.76579      -   366  432s
  3388  3534 6563.80473   93  446          - 6473.76579      -   362  445s
  3639  3759 6564.62990   99  422          - 6473.76579      -   356  459s
  3871  3834 6589.19886  110  396          - 6473.76579      -   355  474s
  3950  4041 6636.40734  111  359          - 6473.76579      -   355  489s
  4171  4325 6606.25544  123  407          - 6473.76579      -   354  504s
  4461  4404 6625.50375  135  426          - 6473.76579      -   351  521s
  4548  4753 6630.14552  139  344          - 6473.76579      -   351  537s
  4908  5055 6638.17271  152  404          - 6473.76579      -   341  554s
  5247  5271 6656.61689  164  378          - 6473.76579      -   338  572s
  5501  5396 6690.42041  176  382          - 6474.58329      -   335  591s
  5642  5843 6701.64364  188  334          - 6474.58329      -   331  609s
  6145  6306 6832.08307  213  316          - 6474.58329      -   322  628s
  6715  6637 7110.60248  249  255          - 6474.58329      -   313  647s
  7131  7057 7773.90526  272  194          - 6474.58329      -   309  666s
  7620  7295 6490.68653   20  559          - 6474.58329      -   304  688s
H 7944  7324                    7552.0000000 6474.58329  14.3%   301  713s
H 7949  7309                    7471.0000000 6474.58329  13.3%   301  713s
H 8002  7589                    7410.0000000 6474.58329  12.6%   301  734s
H 8010  7584                    7383.0000000 6474.58329  12.3%   301  734s
H 8042  7538                    7305.0000000 6474.58329  11.4%   302  734s
H 8145  7538                    7301.0000000 6474.58329  11.3%   302  734s
H 8171  7529                    7289.0000000 6474.58329  11.2%   302  734s
  8373  7747 6509.98042   28  634 7289.00000 6474.58329  11.2%   300  758s
H 8582  7745                    7287.0000000 6475.92284  11.1%   303  758s
  8647  7969 6533.30534   26  580 7287.00000 6475.92284  11.1%   305  783s
H 8895  7969                    7286.0000000 6475.92284  11.1%   309  783s
  8906  8251 6519.26027   29  647 7286.00000 6475.92284  11.1%   310  808s
  9207  8252 6676.23175  144 36547 7286.00000 6475.92284  11.1%   313  846s
  9209  8253 6492.04500   15  363 7286.00000 6475.92284  11.1%   313  864s
  9210  8254 6510.19795   29  481 7286.00000 6475.92284  11.1%   313  868s
  9211  8255 6649.84941   97  642 7286.00000 6475.92284  11.1%   313  878s
  9212  8255 6499.21142   17  621 7286.00000 6475.92284  11.1%   313  887s
  9213  8256 6923.84003   75  650 7286.00000 6475.92284  11.1%   313  893s
  9214  8257 6488.93397   18  738 7286.00000 6478.09553  11.1%   313  899s

Cutting planes:
  Gomory: 3
  Lift-and-project: 1
  Cover: 98
  Clique: 45
  MIR: 58
  Knapsack: 13
  StrongCG: 45
  Flow cover: 60
  GUB cover: 10
  Zero half: 35
  RLT: 445
  Relax-and-lift: 282
  BQP: 328

Explored 9214 nodes (2937678 simplex iterations) in 900.06 seconds (833.51 work units)
Thread count was 22 (of 22 available processors)

Solution count 9: 7286 7287 7289 ... 7552

Time limit reached
Best objective 7.286000000000e+03, best bound 6.479000000000e+03, gap 11.0760%

User-callback calls 144437, time in user-callback 1.05 sec
