FIXINGS_START
(0, 0, 0)
(0, 4, 0)
(1, 6, 0)
(1, 7, 0)
(2, 0, 0)
(3, 8, 0)
(3, 9, 0)
(4, 0, 0)
(4, 4, 0)
(6, 0, 0)
(7, 0, 0)
(7, 4, 0)
(8, 0, 0)
(9, 0, 0)
(11, 0, 0)
(12, 0, 0)
(12, 6, 0)
(13, 4, 0)
(15, 4, 0)
(16, 3, 0)
(17, 0, 0)
(18, 0, 0)
(19, 0, 0)
(19, 1, 0)
(20, 0, 0)
(21, 0, 0)
(21, 4, 0)
(22, 6, 0)
(23, 0, 0)
(23, 8, 0)
(24, 0, 0)
(24, 4, 0)
(25, 0, 0)
(26, 0, 0)
(1, 0, 0)
(2, 3, 0)
(2, 4, 0)
(9, 1, 0)
(22, 0, 0)
(11, 1, 36)
(26, 3, 0)
(12, 3, 0)
(3, 0, 40)
(13, 2, 0)
(3, 1, 40)
(14, 1, 0)
(14, 2, 0)
(16, 0, 29)
(26, 4, 0)
(21, 3, 0)
(21, 7, 0)
(10, 0, 0)
(15, 1, 0)
(8, 2, 0)
(3, 2, 0)
(12, 4, 0)
(0, 1, 0)
(22, 1, 0)
(8, 3, 0)
(6, 1, 0)
(16, 1, 9)
(21, 8, 0)
(6, 2, 0)
(5, 0, 0)
(22, 2, 0)
(14, 4, 0)
(11, 2, 0)
(14, 5, 0)
(12, 5, 0)
(15, 2, 0)
(4, 5, 0)
(20, 2, 0)
(19, 3, 27)
(0, 3, 0)
(22, 5, 0)
(10, 1, 0)
(5, 3, 0)
(10, 3, 0)
(0, 5, 0)
(0, 7, 0)
(7, 1, 0)
(19, 4, 0)
(7, 5, 0)
(3, 3, 24)
(10, 5, 0)
(19, 5, 0)
(11, 5, 0)
(7, 7, 0)
(26, 5, 0)
(16, 2, 0)
(7, 8, 0)
FIXINGS_END
found_sol 7492.0 time 619.954
found_sol 7490.0 time 632.193
found_sol 7414.0 time 632.217
found_sol 7387.0 time 632.219
found_sol 7385.0 time 643.785
found_sol 7128.0 time 643.788
found_sol 7127.0 time 669.356
found_sol 7125.0 time 669.369
found_sol 7124.0 time 669.372
found_sol 7116.0 time 669.384
found_sol 7113.0 time 682.226
found_sol 7106.0 time 696.057
found_sol 7073.0 time 696.072
found_sol 7050.0 time 756.260
time 776.025
GUROBI
Status TIME_LIMIT
Runtime 776.0243289470673
NodeCount 14789.0
IterCount 3789539.0
NumVars 10560
NumConstrs 59970
ObjBound 6602.0
ObjBoundC 6601.329209645991
ObjVal 7050.0
MIPGap 0.06354609929078014
