
Gurobi 13.0.0 (linux64) logging started Sat Jan 17 23:00:57 2026

Set parameter LogFile to value "../experiments/network-n_60_s_0_rp_0-app_set-id_67_27_apps/submip_30_epr1_model_gurobi.log"
Set parameter TimeLimit to value 7.8767282109500957e+02
Gurobi Optimizer version 13.0.0 build v13.0.0rc1 (linux64 - "Ubuntu 24.04.3 LTS")

CPU model: Intel(R) Core(TM) Ultra 7 165H, instruction set [SSE2|AVX|AVX2]
Thread count: 22 physical cores, 22 logical processors, using up to 22 threads

Non-default parameters:
TimeLimit  7.8767282109500957e+02
LogToConsole  0

Academic license 2539022 - for non-commercial use only - registered to al___@studenti.unimi.it
Optimize a model with 59956 rows, 10560 columns and 134825 nonzeros (Min)
Model fingerprint: 0x65f5de7b
Model has 10560 linear objective coefficients
Model has 200 quadratic constraints
Variable types: 0 continuous, 10560 integer (10560 binary)
Coefficient statistics:
  Matrix range     [1e+00, 9e+02]
  QMatrix range    [5e+01, 2e+02]
  Objective range  [1e+01, 2e+02]
  Bounds range     [1e+00, 1e+00]
  RHS range        [1e+00, 1e+09]
  QRHS range       [1e+02, 6e+02]

MIP start from previous solve did not produce a new incumbent solution
MIP start from previous solve violates constraint fixed_app_11_microservice_1 by 1.000000000

Presolve removed 58887 rows and 7755 columns
Presolve time: 0.11s
Presolved: 32245 rows, 33783 columns, 195469 nonzeros
Variable types: 0 continuous, 33783 integer (33783 binary)
Performing another presolve...
Presolve removed 791 rows and 1144 columns
Presolve time: 0.47s
Deterministic concurrent LP optimizer: primal and dual simplex
Showing primal log only...

Concurrent spin time: 0.03s

Solved with dual simplex

Root relaxation: objective 6.340192e+03, 4036 iterations, 1.15 seconds (1.15 work units)

    Nodes    |    Current Node    |     Objective Bounds      |     Work
 Expl Unexpl |  Obj  Depth IntInf | Incumbent    BestBd   Gap | It/Node Time

     0     0 6340.19213    0  262          - 6340.19213      -     -    2s
     0     0 6342.51449    0  246          - 6342.51449      -     -    2s
     0     0 6373.96527    0  309          - 6373.96527      -     -    4s
     0     0 6419.40321    0  382          - 6419.40321      -     -    5s
     0     0 6426.38684    0  389          - 6426.38684      -     -    5s
     0     0 6426.58839    0  392          - 6426.58839      -     -    6s
     0     0 6457.52966    0  445          - 6457.52966      -     -    8s
     0     0 6472.35893    0  417          - 6472.35893      -     -    9s
     0     0 6480.36294    0  494          - 6480.36294      -     -   10s
     0     0 6483.17919    0  473          - 6483.17919      -     -   10s
     0     0 6484.09462    0  472          - 6484.09462      -     -   11s
     0     0 6504.26765    0  415          - 6504.26765      -     -   13s
     0     0 6512.35604    0  447          - 6512.35604      -     -   14s
     0     0 6517.99620    0  452          - 6517.99620      -     -   16s
     0     0 6519.79704    0  461          - 6519.79704      -     -   17s
     0     0 6531.28387    0  445          - 6531.28387      -     -   19s
     0     0 6531.32844    0  444          - 6531.32844      -     -   19s
     0     0 6531.32844    0  431          - 6531.32844      -     -   19s
     0     2 6531.33806    0  431          - 6531.33806      -     -   22s
     7    16 6534.57813    3  435          - 6533.44974      -   316   25s
    53   111 6535.64262    6  446          - 6534.98938      -   355   30s
   189   230 6541.86754    9  382          - 6534.98938      -   299   37s
   283   319 6542.96873   12  392          - 6534.98938      -   282   40s
   393   412 6544.27520   16  368          - 6534.98938      -   280   45s
   490   506 6549.71010   20  357          - 6534.98938      -   263   50s
   600   616 6561.58648   23  339          - 6534.98938      -   249   55s
   667   691 6547.97720   26  364          - 6534.98938      -   244   60s
   763   792 6549.11355   29  350          - 6534.98938      -   238   65s
   876   930 6550.03682   31  348          - 6534.98938      -   235   71s
   994  1044 6555.65837   36  359          - 6534.98938      -   232   76s
  1110  1171 6559.92203   39  370          - 6534.98938      -   237   80s
  1253  1334 6595.67141   44  291          - 6534.98938      -   238   85s
  1425  1509 6568.29093   48  337          - 6534.98938      -   235   91s
  1613  1689 6652.14871   54  285          - 6534.98938      -   232   97s
  1699  1774 6579.72670   55  320          - 6534.98938      -   232  100s
  1857  1908 6591.82771   61  318          - 6534.98938      -   231  106s
  1980  2019 6588.33213   63  332          - 6534.98938      -   233  113s
  2031  2051 6592.14697   65  329          - 6534.98938      -   234  116s
  2109  2118 6595.39226   66  320          - 6534.98938      -   235  123s
  2132  2154 6594.19073   67  334          - 6534.98938      -   236  126s
  2168  2212 6594.20011   68  340          - 6534.98938      -   236  130s
  2301  2377 6594.44064   70  374          - 6534.98938      -   235  137s
  2395  2408 6594.57467   71  366          - 6534.98938      -   234  141s
  2426  2477 6595.22494   72  382          - 6534.98938      -   234  145s
  2597  2678 6600.05550   73  351          - 6534.98938      -   229  154s
  2716  2791 6604.31632   74  356          - 6534.98938      -   227  159s
  2831  2949 6605.38224   75  361          - 6534.98938      -   227  164s
  2989  3047 6609.92806   75  410          - 6534.98938      -   225  169s
  3101  3216 6606.49782   76  347          - 6534.98938      -   223  173s
  3278  3406 6615.58367   82  318          - 6536.77193      -   223  180s
  3470  3625 6626.88485   90  315          - 6536.77193      -   223  185s
  3703  3890 6643.77321   99  265          - 6536.77193      -   223  191s
  3984  4076 6726.46166  112  225          - 6536.89700      -   222  197s
  4237  4371 6578.23445    7  313          - 6536.89700      -   220  203s
  4585  4712 6613.36022   16  248          - 6536.89700      -   217  210s
  5013  5010 6617.36416   18  261          - 6536.89700      -   211  215s
  5425  5250 6645.57931   26  283          - 6536.89700      -   207  221s
  5720  5512 6663.33831   34  207          - 6538.17528      -   208  228s
  6006  5781 6686.53525   40  256          - 6538.17528      -   209  235s
  6300  6078 6715.25297   52  254          - 6538.17528      -   210  242s
  6661  6459 6741.43889   57  204          - 6538.17528      -   210  248s
  7049  6460 6593.59043   40 15483          - 6538.17528      -   209  256s
  7051  6461 6575.04155    7  265          - 6538.17528      -   209  263s
  7053  6463 6564.30385   46  428          - 6538.17528      -   209  267s
  7054  6463 6546.90539   29  432          - 6538.17528      -   209  270s
  7057  6465 6842.00644   63  440          - 6538.17528      -   209  275s
  7064  6470 6793.17909   94  465          - 6539.09826      -   209  280s
  7072  6475 6588.22323   39  602          - 6543.92108      -   209  285s
  7083  6483 6640.21544  117  557          - 6547.65924      -   208  290s
  7095  6491 6560.17789   44  476          - 6549.52399      -   208  295s
  7108  6499 6631.12349   12  548          - 6550.11567      -   208  300s
  7128  6513 6571.76410   13  539          - 6551.37288      -   207  306s
  7137  6519 6588.51756   37  643          - 6553.25414      -   207  310s
  7149  6527 6593.59043   40  539          - 6553.90581      -   206  315s
  7159  6533 6722.85060   60  525          - 6555.34357      -   206  320s
H 7169  6211                    7978.0000000 6555.58453  17.8%   206  325s
H 7169  5898                    7973.0000000 6555.58453  17.8%   206  325s
H 7169  5601                    7714.0000000 6555.58453  15.0%   206  325s
H 7169  5319                    7712.0000000 6555.58453  15.0%   206  325s
H 7170  5052                    7665.0000000 6556.35463  14.5%   206  326s
  7178  5057 6776.66213   67  597 7665.00000 6556.97458  14.5%   206  330s
H 7184  4806                    7628.0000000 6557.33008  14.0%   205  333s
  7188  4809 6595.67746   17  583 7628.00000 6557.41962  14.0%   205  335s
H 7193  4569                    7613.0000000 6557.54112  13.9%   205  337s
H 7194  4339                    7576.0000000 6557.59102  13.4%   205  337s
H 7194  4119                    7574.0000000 6557.59102  13.4%   205  337s
H 7194  3911                    7561.0000000 6557.59102  13.3%   205  337s
H 7197  3715                    7489.0000000 6557.64774  12.4%   205  341s
  7205  3720 6561.63379   24  560 7489.00000 6557.96733  12.4%   205  345s
  7212  3725 6598.77676   59  560 7489.00000 6558.66317  12.4%   205  356s
H 7219  3540                    7427.0000000 6558.99796  11.7%   204  359s
  7220  3541 6570.95532   59  645 7427.00000 6558.99796  11.7%   204  360s
  7235  3551 6586.81759   46  599 7427.00000 6559.24315  11.7%   204  365s
  7245  3558 7248.12126   89  688 7427.00000 6559.57150  11.7%   204  371s
  7254  3564 6559.67731   29  625 7427.00000 6559.67731  11.7%   203  375s
  7267  3572 6580.59412   75  628 7427.00000 6560.37486  11.7%   203  380s
  7282  3582 6602.90602   17  625 7427.00000 6560.59734  11.7%   203  386s
  7286  3585 6602.61280   20  632 7427.00000 6560.59799  11.7%   203  390s
  7289  3587 6855.14459   86  603 7427.00000 6560.75519  11.7%   202  398s
  7290  3591 6561.35284   13  526 7427.00000 6560.75519  11.7%   209  401s
  7296  3601 6562.84226   15  520 7427.00000 6561.68128  11.7%   209  411s
  7304  3614 6563.64678   16  571 7427.00000 6562.39139  11.6%   210  421s
  7320  3631 6564.36798   17  582 7427.00000 6563.01239  11.6%   214  433s
H 7342  3489                    7404.0000000 6564.36807  11.3%   217  445s
H 7346  3314                    7347.0000000 6564.37105  10.7%   217  445s
  7392  3321 6577.66980   19  626 7347.00000 6564.37105  10.7%   221  459s
  7414  3359 6570.64419   20  593 7347.00000 6564.37105  10.7%   224  471s
  7460  3368 6567.49565   20  575 7347.00000 6564.37105  10.7%   227  480s
H 7464  3201                    7309.0000000 6564.37105  10.2%   228  480s
  7484  3244 6570.79995   21  550 7309.00000 6564.37105  10.2%   229  490s
  7534  3267 6578.16264   22  495 7309.00000 6564.37105  10.2%   234  500s
H 7547  3106                    7302.0000000 6564.37105  10.1%   235  500s
H 7571  2949                    7205.0000000 6564.37105  8.89%   237  500s
  7574  2973 6582.45261   22  521 7205.00000 6564.37105  8.89%   237  509s
H 7587  2827                    7181.0000000 6564.37105  8.59%   238  509s
  7599  2867 6582.51395   23  547 7181.00000 6564.37105  8.59%   239  518s
  7643  2894 6590.76506   24  533 7181.00000 6564.37105  8.59%   241  527s
H 7646  2758                    7150.0000000 6564.37105  8.19%   242  527s
  7685  2777 6584.03823   24  569 7150.00000 6564.37105  8.19%   243  536s
H 7698  2645                    7133.0000000 6564.37105  7.97%   244  536s
  7717  2683 6584.94926   25  515 7133.00000 6564.37105  7.97%   244  546s
  7762  2716 6585.02806   26  505 7133.00000 6564.37105  7.97%   247  556s
H 7769  2593                    7065.0000000 6564.37105  7.09%   248  556s
H 7810  2504                    7032.0000000 6564.37105  6.65%   250  565s
H 7830  2388                    7009.0000000 6564.37105  6.34%   251  565s
  7851  2434 6603.12567   27  509 7009.00000 6564.37105  6.34%   252  573s
  7904  2459 6586.05410   28  521 7009.00000 6564.37105  6.34%   255  581s
H 7910  2353                    7006.0000000 6564.37105  6.30%   256  581s
  7947  2402 6590.03502   28  594 7006.00000 6564.37105  6.30%   257  589s
  8008  2431 6595.34218   29  455 7006.00000 6564.37105  6.30%   260  598s
H 8016  2330                    6923.0000000 6564.37105  5.18%   261  598s
  8058  2377 6588.50731   30  585 6923.00000 6564.37105  5.18%   262  607s
  8119  2402 6588.86054   31  581 6923.00000 6564.37105  5.18%   265  617s
  8172  2438 6599.92374   31  453 6923.00000 6564.37105  5.18%   267  627s
  8234  2444 6589.73057   32  561 6923.00000 6564.37105  5.18%   269  636s
  8266  2485 6592.73991   32  564 6923.00000 6564.37105  5.18%   270  647s
  8318  2513 6592.88824   33  559 6923.00000 6564.37105  5.18%   273  657s
  8363  2559 6611.70135   33  540 6923.00000 6564.37105  5.18%   276  669s
  8424  2604 6598.22255   34  557 6923.00000 6564.37105  5.18%   278  680s
  8501  2646 6608.90965   35  477 6923.00000 6564.37105  5.18%   281  693s
  8583  2693 6598.46842   36  509 6923.00000 6565.62672  5.16%   285  706s
  8658  2754 6606.16766   37  508 6923.00000 6565.62672  5.16%   290  719s
  8744  2828 6618.49975   38  424 6923.00000 6565.62672  5.16%   293  733s
  8849  2850 6614.19407   40  514 6923.00000 6565.62672  5.16%   297  746s
  8908  2925 6608.72973   40  515 6923.00000 6565.62672  5.16%   297  760s
  9007  3002 6612.83479   42  507 6923.00000 6565.62672  5.16%   301  774s
  9129  3063 6622.49648   43  373 6923.00000 6565.62672  5.16%   304  787s

Cutting planes:
  Lift-and-project: 3
  Cover: 209
  Clique: 44
  MIR: 287
  Mixing: 1
  Knapsack: 16
  StrongCG: 182
  Flow cover: 678
  GUB cover: 24
  Zero half: 85
  Mod-K: 3
  RLT: 207
  Relax-and-lift: 179
  BQP: 128

Explored 9249 nodes (2855033 simplex iterations) in 787.71 seconds (705.84 work units)
Thread count was 22 (of 22 available processors)

Solution count 10: 6923 7006 7009 ... 7302

Time limit reached
Best objective 6.923000000000e+03, best bound 6.566000000000e+03, gap 5.1567%

User-callback calls 143002, time in user-callback 1.01 sec
Set parameter LogToConsole to value 0
