FIXINGS_START
(0, 0, 0)
(0, 4, 0)
(1, 6, 0)
(1, 7, 0)
(2, 0, 0)
(3, 8, 0)
(3, 9, 0)
(4, 0, 0)
(4, 4, 0)
(6, 0, 0)
(7, 0, 0)
(7, 4, 0)
(8, 0, 0)
(9, 0, 0)
(11, 0, 0)
(12, 0, 0)
(12, 6, 0)
(13, 4, 0)
(15, 4, 0)
(16, 3, 0)
(17, 0, 0)
(18, 0, 0)
(19, 0, 0)
(19, 1, 0)
(20, 0, 0)
(21, 0, 0)
(21, 4, 0)
(22, 6, 0)
(23, 0, 0)
(23, 8, 0)
(24, 0, 0)
(24, 4, 0)
(25, 0, 0)
(26, 0, 0)
(1, 0, 0)
(2, 3, 0)
(2, 4, 0)
(9, 1, 0)
(22, 0, 0)
(11, 1, 36)
(26, 3, 0)
(12, 3, 0)
(3, 0, 40)
(13, 2, 0)
(3, 1, 40)
(14, 1, 0)
(14, 2, 0)
(16, 0, 29)
(26, 4, 0)
(21, 3, 0)
(21, 7, 0)
(10, 0, 0)
(15, 1, 0)
(8, 2, 0)
(3, 2, 0)
(12, 4, 0)
(0, 1, 0)
(22, 1, 0)
(8, 3, 0)
(6, 1, 0)
(16, 1, 9)
(21, 8, 0)
(6, 2, 0)
(5, 0, 0)
(22, 2, 0)
(14, 4, 0)
(11, 2, 0)
(14, 5, 0)
(12, 5, 0)
(15, 2, 0)
(4, 5, 0)
(20, 2, 0)
(19, 3, 27)
(0, 3, 0)
(22, 5, 0)
(10, 1, 0)
(5, 3, 0)
FIXINGS_END
found_sol 7978.0 time 325.391
found_sol 7973.0 time 325.394
found_sol 7714.0 time 325.397
found_sol 7712.0 time 325.400
found_sol 7665.0 time 326.416
found_sol 7628.0 time 333.978
found_sol 7613.0 time 337.077
found_sol 7576.0 time 337.697
found_sol 7574.0 time 337.724
found_sol 7561.0 time 337.796
found_sol 7489.0 time 341.666
found_sol 7427.0 time 359.901
found_sol 7404.0 time 445.460
found_sol 7347.0 time 445.463
found_sol 7309.0 time 480.397
found_sol 7302.0 time 500.111
found_sol 7205.0 time 500.117
found_sol 7181.0 time 509.141
found_sol 7150.0 time 527.226
found_sol 7133.0 time 536.447
found_sol 7065.0 time 556.127
found_sol 7032.0 time 565.389
found_sol 7009.0 time 565.393
found_sol 7006.0 time 581.623
found_sol 6923.0 time 598.422
time 787.719
GUROBI
Status TIME_LIMIT
Runtime 787.719190120697
NodeCount 9249.0
IterCount 2855033.0
NumVars 10560
NumConstrs 59956
ObjBound 6566.0
ObjBoundC 6565.626722315904
ObjVal 6923.0
MIPGap 0.05156723963599596
