
Gurobi 13.0.0 (linux64) logging started Sat Jan 17 22:46:07 2026

Set parameter LogFile to value "../experiments/network-n_60_s_0_rp_0-app_set-id_67_27_apps/submip_40_epr0_model_gurobi.log"
Set parameter TimeLimit to value 8.8977245640200272e+02
Gurobi Optimizer version 13.0.0 build v13.0.0rc1 (linux64 - "Ubuntu 24.04.3 LTS")

CPU model: Intel(R) Core(TM) Ultra 7 165H, instruction set [SSE2|AVX|AVX2]
Thread count: 22 physical cores, 22 logical processors, using up to 22 threads

Non-default parameters:
TimeLimit  8.8977245640200272e+02
LogToConsole  0

Academic license 2539022 - for non-commercial use only - registered to al___@studenti.unimi.it
Optimize a model with 59970 rows, 10560 columns and 134839 nonzeros (Min)
Model fingerprint: 0x58132f20
Model has 10560 linear objective coefficients
Model has 200 quadratic constraints
Variable types: 0 continuous, 10560 integer (10560 binary)
Coefficient statistics:
  Matrix range     [1e+00, 9e+02]
  QMatrix range    [5e+01, 2e+02]
  Objective range  [1e+01, 2e+02]
  Bounds range     [1e+00, 1e+00]
  RHS range        [1e+00, 1e+09]
  QRHS range       [1e+02, 6e+02]

MIP start from previous solve did not produce a new incumbent solution
MIP start from previous solve violates constraint fixed_app_23_microservice_4 by 1.000000000

Presolve removed 59002 rows and 8372 columns
Presolve time: 0.10s
Presolved: 19428 rows, 20454 columns, 117762 nonzeros
Variable types: 0 continuous, 20454 integer (20454 binary)
Performing another presolve...
Presolve removed 1887 rows and 2308 columns
Presolve time: 0.35s
Deterministic concurrent LP optimizer: primal and dual simplex
Showing primal log only...

Concurrent spin time: 0.05s

Solved with dual simplex

Root relaxation: objective 6.477422e+03, 2303 iterations, 0.47 seconds (0.41 work units)

    Nodes    |    Current Node    |     Objective Bounds      |     Work
 Expl Unexpl |  Obj  Depth IntInf | Incumbent    BestBd   Gap | It/Node Time

     0     0 6477.42227    0  237          - 6477.42227      -     -    1s
     0     0 6477.59827    0  238          - 6477.59827      -     -    1s
     0     0 6533.90314    0  280          - 6533.90314      -     -    2s
     0     0 6594.79029    0  282          - 6594.79029      -     -    3s
     0     0 6594.93468    0  279          - 6594.93468      -     -    3s
     0     0 6610.09584    0  307          - 6610.09584      -     -    3s
     0     0 6611.22813    0  304          - 6611.22813      -     -    3s
     0     0 6611.40621    0  311          - 6611.40621      -     -    3s
     0     0 6641.10187    0  347          - 6641.10187      -     -    5s
     0     0 6641.18689    0  332          - 6641.18689      -     -    5s
     0     0 6680.30567    0  370          - 6680.30567      -     -    5s
     0     0 6694.89604    0  358          - 6694.89604      -     -    6s
     0     0 6697.53847    0  389          - 6697.53847      -     -    6s
     0     0 6699.80100    0  402          - 6699.80100      -     -    6s
     0     0 6740.65463    0  358          - 6740.65463      -     -    7s
     0     0 6750.23687    0  357          - 6750.23687      -     -    8s
     0     0 6754.09731    0  423          - 6754.09731      -     -    9s
     0     0 6772.86816    0  387          - 6772.86816      -     -   10s
     0     0 6772.94379    0  380          - 6772.94379      -     -   10s
     0     0 6772.94379    0  368          - 6772.94379      -     -   10s
     0     2 6772.95221    0  361          - 6772.95221      -     -   12s
    31    54 6793.34082    5  331          - 6792.80817      -   414   15s
   246   278 6806.16526   12  338          - 6794.66614      -   256   20s
   473   471 6927.37578   20  270          - 6794.66614      -   235   26s
   655   638 6845.00735   25  285          - 6794.66614      -   241   30s
   853   799 7138.61540   30  257          - 6796.83603      -   234   35s
   997   932 6930.98558   34  282          - 6799.85781      -   235   40s
  1163  1077 6952.99655   36  251          - 6799.85781      -   229   45s
  1364  1212 infeasible   38               - 6800.78908      -   227   50s
  1502  1358 infeasible   41               - 6800.78908      -   229   55s
  1826  1604 6887.79405   13  248          - 6804.86589      -   227   60s
  2215  1871 6933.22981   18  234          - 6808.23022      -   230   66s
  2507  2061 6959.85106   22  239          - 6811.53132      -   232   71s
  2736  2235 infeasible   26               - 6813.83896      -   242   75s
  2995  2311 6892.64897   17 8099          - 6814.38082      -   247   83s
  2997  2312 6950.84470   14  236          - 6814.38082      -   247   86s
  3001  2315 7069.95722   49  393          - 6814.38082      -   247   90s
  3018  2326 7243.44241   19  415          - 6817.87578      -   245   95s
  3038  2340 6967.10639   10  468          - 6837.86720      -   244  100s
  3061  2355 6881.25936   11  496          - 6852.69076      -   242  105s
  3083  2370 6893.14362   15  554          - 6858.90313      -   240  110s
  3104  2384 7004.84859   31  531          - 6864.80550      -   239  115s
  3125  2398 7341.02144   53  578          - 6874.52858      -   237  120s
  3144  2410 6884.83623    9  589          - 6884.83623      -   236  125s
  3164  2424 6890.41223   13  602          - 6890.41223      -   234  130s
  3177  2432 7070.27825   43  591          - 6892.64510      -   233  135s
  3193  2443 7081.18636   44  630          - 6894.25327      -   232  140s
  3205  2451 6894.90937   14  638          - 6894.90937      -   231  145s
  3222  2462 6912.29344   17  645          - 6895.66409      -   230  150s
  3230  2468 7008.36881   28  613          - 6896.25720      -   229  159s
  3231  2471 6903.91100   14  520          - 6896.26273      -   243  161s
  3237  2481 6925.79020   16  440          - 6908.88809      -   245  165s
  3261  2511 6933.28367   18  426          - 6928.61229      -   248  170s
  3328  2556 6950.05987   20  439          - 6933.40044      -   254  180s
  3378  2594 6995.61098   21  376          - 6933.40044      -   261  187s
  3407  2615 6970.37102   21  415          - 6933.40044      -   267  190s
  3462  2642 7013.69095   22  353          - 6933.40044      -   273  197s
  3487  2655 6981.36297   23  407          - 6933.40044      -   279  201s
  3533  2685 7040.20305   24  339          - 6933.40044      -   288  208s
  3559  2700 7190.05842   24  368          - 6933.40044      -   292  211s
  3591  2714 7058.61881   25  332          - 6933.40044      -   296  215s
  3646  2738 7061.15337   26  339          - 6933.40044      -   304  222s
  3674  2755 infeasible   26               - 6933.40044      -   307  226s
  3762  2778 7107.71732   28  259          - 6933.40044      -   313  232s
  3812  2791 infeasible   28               - 6938.25174      -   316  235s
  3903  2826 7172.58128   30  292          - 6938.25174      -   321  243s
  3961  2851 7261.85226   30  219          - 6938.25174      -   323  246s
  4021  2867 7192.02720   31  296          - 6940.21036      -   326  250s
  4169  2866 7020.97866   20  333          - 6940.21036      -   332  258s
  4249  2863 7047.99755   24  311          - 6941.93401      -   334  263s
  4331  2881 7073.93745   26  260          - 6941.99975      -   337  267s
  4406  2904 7099.21676   29  277          - 6957.62547      -   340  271s
  4468  2929 7142.82980   31  257          - 6957.62547      -   342  276s
  4531  2936 7136.13087   32  244          - 6959.51438      -   345  281s
  4593  2920 7137.40632   33  238          - 6959.51438      -   346  285s
  4631  2929 7141.37864   34  232          - 6959.51438      -   349  290s
  4672  2940 7168.17287   35  214          - 6959.51438      -   349  296s
  4725  2955 7199.08395   35  205          - 6960.76426      -   350  301s
  4772  2983 7378.90756   34  169          - 6960.76426      -   351  306s
  4839  3009 7186.18061   36  225          - 6973.36986      -   354  313s
  4918  3031 7280.49792   36  201          - 6973.36986      -   356  319s
  4998  3079 7191.07040   37  218          - 6973.36986      -   358  325s
  5099  3077 7195.65696   38  219          - 6973.36986      -   358  331s
  5166  3116 7196.98545   39  218          - 6973.36986      -   360  338s
  5256  3146 7208.96980   40  218          - 6981.43854      -   362  345s
  5360  3167 7239.00332   40  229          - 6981.43854      -   364  351s
  5483  3184 7495.75822   38  241          - 6981.43854      -   365  358s
  5606  3221 7211.33839   41  212          - 6983.78713      -   368  366s
  5753  3294 7338.11191   42  229          - 6983.78713      -   370  373s
  5909  3314 7286.05785   41  219          - 6983.78713      -   370  381s
  6088  3341 7196.63844   27  323          - 6986.41192      -   372  389s
  6279  3388 7393.36344   32  273          - 6986.41192      -   375  398s
  6467  3442 infeasible   36               - 6986.41192      -   377  407s
  6689  3438 7214.86812   24  263          - 6992.74436      -   378  416s
  6913  3380 7146.89032   28  274          - 6992.74436      -   382  424s
  6940  3385 infeasible   28               - 6992.74436      -   383  434s
  6974  3389 7155.91684   29  262          - 6992.74436      -   383  444s
  7018  3399 7167.16402   30  262          - 6992.74436      -   383  453s
  7095  3398 7172.61482   31  276          - 6992.74436      -   383  462s
  7152  3433 7225.15392   30  273          - 6996.18667      -   384  473s
  7230  3442 7170.30543   29  252          - 6996.18667      -   385  483s
  7340  3472 7187.94589   30  258          - 6999.49245      -   386  493s
  7464  3478 7214.50537   30  235          - 6999.49245      -   388  505s
  7612  3525 infeasible   31               - 6999.49245      -   390  516s
  7744  3573 7198.46556   32  243          - 6999.49245      -   391  527s
  7927  3610 7217.22102   33  233          - 7004.77858      -   391  542s
  8136  3560 7103.03767   29  270          - 7005.70467      -   393  555s
  8184  3602 7131.82025   30  313          - 7005.70467      -   394  567s
  8321  3710 7173.90431   31  232          - 7007.16556      -   394  580s
  8622  3742 7528.76190   26  276          - 7007.16556      -   396  594s
  8998  3857 7269.12851   28  210          - 7009.54945      -   399  609s
  9412  3924 7514.76406   29  164          - 7009.54945      -   402  623s
  9871  3905 7185.02139   25  246          - 7009.54945      -   405  638s
 10319  3897 7073.86300   25  285          - 7015.02587      -   407  655s
 10721  4041 7143.04750   32  260          - 7019.30475      -   408  671s
 11275  4289 7099.61916   24  267          - 7022.30534      -   409  689s
 11804  4565 infeasible   30               - 7029.19097      -   411  706s
 12412  4832 7226.56911   38  220          - 7034.60434      -   413  724s
 12997  5075 7125.95164   29  248          - 7036.40513      -   412  742s
 13694  5248 infeasible   31               - 7040.87128      -   413  761s
 14124  5507 infeasible   37               - 7042.05698      -   416  781s
 14809  5783 infeasible   38               - 7045.24348      -   418  801s
 15338  6047 7220.92862   33  227          - 7045.98344      -   417  822s
 16046  6373 7258.01049   34  274          - 7046.93890      -   418  844s
 16831  6717 7352.45213   31  195          - 7053.24039      -   419  866s
 17670  6974 7443.67591   36  219          - 7056.67850      -   418  889s

Cutting planes:
  Gomory: 1
  Lift-and-project: 2
  Cover: 78
  Implied bound: 2
  Clique: 41
  MIR: 100
  Knapsack: 12
  StrongCG: 61
  Flow cover: 336
  GUB cover: 9
  Zero half: 59
  Mod-K: 6
  RLT: 73
  Relax-and-lift: 83
  BQP: 24

Explored 18467 nodes (7743799 simplex iterations) in 889.79 seconds (688.52 work units)
Thread count was 22 (of 22 available processors)

Solution count 0

Time limit reached
Best objective -, best bound 7.059000000000e+03, gap -

User-callback calls 197473, time in user-callback 1.58 sec
Set parameter LogToConsole to value 0
