
Gurobi 13.0.0 (linux64) logging started Sun Jan  4 17:52:53 2026

Set parameter LogFile to value "../experiments/network-n_30_s_0_rp_0-app_set-id_1_5_apps/compact_model_gurobi.log"
Set parameter TimeLimit to value 900
Gurobi Optimizer version 13.0.0 build v13.0.0rc1 (linux64 - "Ubuntu 24.04.3 LTS")

CPU model: Intel(R) Core(TM) Ultra 7 165H, instruction set [SSE2|AVX|AVX2]
Thread count: 22 physical cores, 22 logical processors, using up to 22 threads

Non-default parameters:
TimeLimit  900
LogToConsole  0

Academic license 2539022 - for non-commercial use only - registered to al___@studenti.unimi.it
Optimize a model with 2784 rows, 960 columns and 6828 nonzeros (Min)
Model fingerprint: 0x981e74c7
Model has 960 linear objective coefficients
Model has 98 quadratic constraints
Variable types: 0 continuous, 960 integer (960 binary)
Coefficient statistics:
  Matrix range     [1e+00, 9e+02]
  QMatrix range    [5e+01, 2e+02]
  Objective range  [1e+01, 2e+02]
  Bounds range     [1e+00, 1e+00]
  RHS range        [1e+00, 1e+09]
  QRHS range       [1e+02, 6e+02]
Presolve removed 2557 rows and 594 columns
Presolve time: 0.02s
Presolved: 3184 rows, 3231 columns, 17894 nonzeros
Variable types: 0 continuous, 3231 integer (3231 binary)

Root relaxation: objective 9.224993e+02, 91 iterations, 0.01 seconds (0.00 work units)

    Nodes    |    Current Node    |     Objective Bounds      |     Work
 Expl Unexpl |  Obj  Depth IntInf | Incumbent    BestBd   Gap | It/Node Time

     0     0  922.49929    0   35          -  922.49929      -     -    0s
H    0     0                    1769.0000000  922.49929  47.9%     -    0s
H    0     0                    1337.0000000  922.49929  31.0%     -    0s
H    0     0                    1087.0000000  922.49929  15.1%     -    0s
H    0     0                    1083.0000000  922.49929  14.8%     -    0s
H    0     0                    1078.0000000  922.49929  14.4%     -    0s
H    0     0                    1074.0000000  922.49929  14.1%     -    0s
     0     0  945.09795    0   35 1074.00000  945.09795  12.0%     -    0s
H    0     0                    1040.0000000  945.09795  9.13%     -    0s
     0     0  950.22537    0   39 1040.00000  950.22537  8.63%     -    0s
H    0     0                    1038.0000000  950.22537  8.46%     -    0s
     0     0  956.60000    0   40 1038.00000  956.60000  7.84%     -    0s
     0     0  957.74146    0   37 1038.00000  957.74146  7.73%     -    0s
     0     0  967.54066    0   39 1038.00000  967.54066  6.79%     -    0s
H    0     0                    1028.0000000  967.54066  5.88%     -    0s
H    0     0                    1016.0000000  968.32189  4.69%     -    0s
     0     0  968.32189    0   50 1016.00000  968.32189  4.69%     -    0s
     0     0  968.75466    0   39 1016.00000  968.75466  4.65%     -    0s
H    0     0                    1011.0000000  968.75466  4.18%     -    1s
     0     0  972.16928    0   47 1011.00000  972.16928  3.84%     -    1s
H    0     0                    1007.0000000  972.16928  3.46%     -    1s
     0     0  972.70000    0   38 1007.00000  972.70000  3.41%     -    1s
     0     0  973.82986    0   36 1007.00000  973.82986  3.29%     -    1s
     0     0  974.09161    0   36 1007.00000  974.09161  3.27%     -    1s
     0     0  975.50000    0   29 1007.00000  975.50000  3.13%     -    1s
     0     0  976.06311    0   35 1007.00000  976.06311  3.07%     -    1s
     0     0  976.07143    0   33 1007.00000  976.07143  3.07%     -    1s
     0     0  983.23016    0   33 1007.00000  983.23016  2.36%     -    1s
     0     0  983.23016    0   33 1007.00000  983.23016  2.36%     -    1s
     0     0  983.23016    0   31 1007.00000  983.23016  2.36%     -    1s
     0     2  983.23016    0   30 1007.00000  983.23016  2.36%     -    1s

Cutting planes:
  Gomory: 1
  Cover: 26
  Implied bound: 1
  Clique: 4
  MIR: 10
  Knapsack: 1
  StrongCG: 8
  GUB cover: 2
  Zero half: 3
  RLT: 28
  Relax-and-lift: 16
  BQP: 6

Explored 12 nodes (875 simplex iterations) in 1.41 seconds (0.33 work units)
Thread count was 22 (of 22 available processors)

Solution count 10: 1007 1011 1016 ... 1087

Optimal solution found (tolerance 1.00e-04)
Best objective 1.007000000000e+03, best bound 1.007000000000e+03, gap 0.0000%

User-callback calls 788, time in user-callback 0.00 sec
