
Gurobi 13.0.0 (linux64) logging started Fri Jan  2 16:20:37 2026

Set parameter LogFile to value "../experiments/network-n_50_s_1_rp_0-app_set-id_66_27_apps/compact_model_gurobi.log"
Set parameter TimeLimit to value 900
Gurobi Optimizer version 13.0.0 build v13.0.0rc1 (linux64 - "Ubuntu 24.04.3 LTS")

CPU model: Intel(R) Core(TM) Ultra 7 165H, instruction set [SSE2|AVX|AVX2]
Thread count: 22 physical cores, 22 logical processors, using up to 22 threads

Non-default parameters:
TimeLimit  900
LogToConsole  0

Academic license 2539022 - for non-commercial use only - registered to al___@studenti.unimi.it
Optimize a model with 45383 rows, 8800 columns and 103331 nonzeros (Min)
Model fingerprint: 0x17ca3a13
Model has 8800 linear objective coefficients
Model has 164 quadratic constraints
Variable types: 0 continuous, 8800 integer (8800 binary)
Coefficient statistics:
  Matrix range     [1e+00, 9e+02]
  QMatrix range    [5e+01, 2e+02]
  Objective range  [1e+01, 2e+02]
  Bounds range     [1e+00, 1e+00]
  RHS range        [1e+00, 1e+09]
  QRHS range       [1e+02, 6e+02]
Presolve removed 43482 rows and 5012 columns
Presolve time: 0.44s
Presolved: 43631 rows, 45357 columns, 272189 nonzeros
Variable types: 0 continuous, 45357 integer (45357 binary)
Deterministic concurrent LP optimizer: primal and dual simplex
Showing primal log only...

Concurrent spin time: 0.10s

Solved with dual simplex

Root relaxation: objective 8.938070e+03, 6189 iterations, 1.78 seconds (2.08 work units)

    Nodes    |    Current Node    |     Objective Bounds      |     Work
 Expl Unexpl |  Obj  Depth IntInf | Incumbent    BestBd   Gap | It/Node Time

     0     0 8938.06980    0  671          - 8938.06980      -     -    3s
     0     0 infeasible    0               - infeasible      -     -    7s

Cutting planes:
  Gomory: 3
  Cover: 18
  Clique: 17
  MIR: 11
  Knapsack: 5
  StrongCG: 9
  GUB cover: 2
  Zero half: 9
  RLT: 22
  Relax-and-lift: 28
  BQP: 19

Explored 1 nodes (9361 simplex iterations) in 7.37 seconds (6.94 work units)
Thread count was 22 (of 22 available processors)

Solution count 0

Model is infeasible
Best objective -, best bound -, gap -

User-callback calls 1246, time in user-callback 0.00 sec
