FIXINGS_START
(0, 0, 0)
(0, 4, 0)
(1, 0, 0)
(1, 1, 0)
(2, 5, 0)
(2, 6, 0)
(3, 0, 0)
(4, 0, 0)
(4, 4, 0)
(5, 5, 0)
(6, 0, 0)
(7, 0, 0)
(8, 4, 0)
(9, 0, 0)
(10, 0, 0)
(10, 9, 0)
(11, 0, 0)
(12, 7, 0)
(12, 8, 0)
(8, 2, 0)
(1, 4, 0)
(5, 0, 21)
(7, 2, 0)
(5, 1, 0)
(12, 4, 23)
(1, 5, 0)
(6, 1, 0)
(6, 3, 1)
(10, 1, 0)
(5, 2, 25)
(10, 2, 20)
(5, 3, 0)
(6, 5, 0)
(4, 2, 0)
(0, 1, 0)
(10, 3, 22)
(3, 1, 0)
(3, 3, 0)
(9, 1, 0)
(2, 2, 0)
(4, 3, 0)
(10, 4, 0)
(0, 3, 0)
(11, 1, 0)
(0, 5, 0)
FIXINGS_END
found_sol 3251.0 time 0.002
found_sol 3251.0 time 0.123
time 4.876
GUROBI
Status OPTIMAL
Runtime 4.876172065734863
NodeCount 10656.0
IterCount 339791.0
NumVars 3360
NumConstrs 17787
ObjBound 3251.0
ObjBoundC 3251.0
ObjVal 3251.0
MIPGap 0.0
