FIXINGS_START
(0, 0, 0)
(0, 4, 0)
(1, 0, 0)
(1, 1, 0)
(2, 5, 0)
(2, 6, 0)
(3, 0, 0)
(4, 0, 0)
(4, 4, 0)
(5, 5, 0)
(6, 0, 0)
(7, 0, 0)
(8, 4, 0)
(9, 0, 0)
(10, 0, 0)
(10, 9, 0)
(11, 0, 0)
(12, 7, 0)
(12, 8, 0)
(8, 2, 0)
(1, 4, 0)
(5, 0, 21)
(7, 2, 0)
(5, 1, 0)
(12, 4, 23)
(1, 5, 0)
(6, 1, 0)
(6, 3, 1)
(10, 1, 0)
(5, 2, 25)
(10, 2, 20)
(5, 3, 0)
(6, 5, 0)
(4, 2, 0)
(0, 1, 0)
(10, 3, 22)
(3, 1, 0)
(3, 3, 0)
(9, 1, 0)
FIXINGS_END
found_sol 3430.0 time 0.368
found_sol 3403.0 time 0.927
found_sol 3364.0 time 1.223
found_sol 3354.0 time 1.679
found_sol 3343.0 time 1.680
found_sol 3342.0 time 1.680
found_sol 3332.0 time 1.847
found_sol 3329.0 time 1.848
found_sol 3282.0 time 1.949
found_sol 3270.0 time 2.289
found_sol 3251.0 time 2.290
time 9.136
GUROBI
Status OPTIMAL
Runtime 9.135438919067383
NodeCount 9824.0
IterCount 523194.0
NumVars 3360
NumConstrs 17781
ObjBound 3251.0
ObjBoundC 3251.0
ObjVal 3251.0
MIPGap 0.0
