FIXINGS_START
(0, 0, 0)
(0, 4, 0)
(1, 0, 0)
(1, 1, 0)
(2, 5, 0)
(2, 6, 0)
(3, 0, 0)
(4, 0, 0)
(4, 4, 0)
(5, 5, 0)
(6, 0, 0)
(7, 0, 0)
(8, 4, 0)
(9, 0, 0)
(10, 0, 0)
(10, 9, 0)
(11, 0, 0)
(12, 7, 0)
(12, 8, 0)
(11, 1, 0)
(5, 1, 0)
(2, 0, 1)
(4, 2, 0)
(6, 1, 0)
(2, 1, 19)
(7, 2, 0)
(4, 3, 0)
(11, 2, 0)
(8, 2, 0)
(3, 1, 0)
(5, 3, 0)
(0, 1, 0)
(9, 1, 0)
(2, 2, 0)
(10, 4, 0)
(11, 3, 0)
(4, 5, 0)
(6, 2, 0)
(6, 3, 18)
(6, 5, 0)
(10, 6, 0)
(2, 4, 0)
(4, 6, 20)
(3, 3, 0)
(9, 3, 20)
FIXINGS_END
found_sol 3211.0 time 0.582
found_sol 3198.0 time 1.201
found_sol 3178.0 time 1.332
found_sol 3178.0 time 5.491
found_sol 3198.0 time 5.492
found_sol 3211.0 time 5.492
found_sol 3167.0 time 9.528
found_sol 3154.0 time 10.142
found_sol 3138.0 time 10.143
time 20.190
GUROBI
Status OPTIMAL
Runtime 20.189637899398804
NodeCount 12878.0
IterCount 930315.0
NumVars 3360
NumConstrs 17787
ObjBound 3138.0
ObjBoundC 3138.0
ObjVal 3138.0
MIPGap 0.0
