
Gurobi 13.0.0 (linux64) logging started Fri Jan  2 16:18:17 2026

Set parameter LogFile to value "../experiments/network-n_50_s_1_rp_0-app_set-id_55_23_apps/compact_model_gurobi.log"
Set parameter TimeLimit to value 900
Gurobi Optimizer version 13.0.0 build v13.0.0rc1 (linux64 - "Ubuntu 24.04.3 LTS")

CPU model: Intel(R) Core(TM) Ultra 7 165H, instruction set [SSE2|AVX|AVX2]
Thread count: 22 physical cores, 22 logical processors, using up to 22 threads

Non-default parameters:
TimeLimit  900
LogToConsole  0

Academic license 2539022 - for non-commercial use only - registered to al___@studenti.unimi.it
Optimize a model with 45402 rows, 7500 columns and 101516 nonzeros (Min)
Model fingerprint: 0xfb18189d
Model has 7500 linear objective coefficients
Model has 164 quadratic constraints
Variable types: 0 continuous, 7500 integer (7500 binary)
Coefficient statistics:
  Matrix range     [1e+00, 9e+02]
  QMatrix range    [5e+01, 2e+02]
  Objective range  [1e+01, 2e+02]
  Bounds range     [1e+00, 1e+00]
  RHS range        [1e+00, 1e+09]
  QRHS range       [1e+02, 6e+02]
Presolve removed 43609 rows and 4312 columns
Presolve time: 0.47s
Presolved: 37683 rows, 38915 columns, 235997 nonzeros
Variable types: 0 continuous, 38915 integer (38915 binary)
Deterministic concurrent LP optimizer: primal and dual simplex
Showing primal log only...

Concurrent spin time: 0.02s

Solved with dual simplex

Root relaxation: objective 5.635686e+03, 5464 iterations, 1.18 seconds (1.53 work units)

    Nodes    |    Current Node    |     Objective Bounds      |     Work
 Expl Unexpl |  Obj  Depth IntInf | Incumbent    BestBd   Gap | It/Node Time

     0     0 5635.68574    0  552          - 5635.68574      -     -    2s
     0     0 infeasible    0               - infeasible      -     -    9s

Cutting planes:
  Gomory: 8
  Cover: 18
  Clique: 9
  MIR: 12
  Knapsack: 6
  StrongCG: 12
  GUB cover: 4
  Zero half: 9
  RLT: 39
  Relax-and-lift: 39
  BQP: 15

Explored 1 nodes (13597 simplex iterations) in 9.84 seconds (11.14 work units)
Thread count was 22 (of 22 available processors)

Solution count 0

Model is infeasible
Best objective -, best bound -, gap -

User-callback calls 1236, time in user-callback 0.00 sec
