
Gurobi 13.0.0 (linux64) logging started Sun Jan 18 06:43:10 2026

Set parameter LogFile to value "../experiments/network-n_60_s_1_rp_0-app_set-id_67_27_apps/submip_40_epr1_model_gurobi.log"
Set parameter TimeLimit to value 6.7134513582500222e+02
Gurobi Optimizer version 13.0.0 build v13.0.0rc1 (linux64 - "Ubuntu 24.04.3 LTS")

CPU model: Intel(R) Core(TM) Ultra 7 165H, instruction set [SSE2|AVX|AVX2]
Thread count: 22 physical cores, 22 logical processors, using up to 22 threads

Non-default parameters:
TimeLimit  6.7134513582500222e+02
LogToConsole  0

Academic license 2539022 - for non-commercial use only - registered to al___@studenti.unimi.it
Optimize a model with 75555 rows, 10560 columns and 166155 nonzeros (Min)
Model fingerprint: 0xdde6a89d
Model has 10560 linear objective coefficients
Model has 206 quadratic constraints
Variable types: 0 continuous, 10560 integer (10560 binary)
Coefficient statistics:
  Matrix range     [1e+00, 9e+02]
  QMatrix range    [5e+01, 2e+02]
  Objective range  [1e+01, 2e+02]
  Bounds range     [1e+00, 1e+00]
  RHS range        [1e+00, 1e+09]
  QRHS range       [1e+02, 6e+02]
Presolve removed 74285 rows and 8334 columns
Presolve time: 0.08s
Presolved: 21340 rows, 22092 columns, 132819 nonzeros
Variable types: 0 continuous, 22092 integer (22092 binary)
Performing another presolve...
Presolve removed 2799 rows and 3232 columns
Presolve time: 0.38s
Deterministic concurrent LP optimizer: primal and dual simplex
Showing primal log only...

Concurrent spin time: 0.00s

Solved with dual simplex

Root relaxation: objective 6.548680e+03, 3553 iterations, 0.71 seconds (0.71 work units)

    Nodes    |    Current Node    |     Objective Bounds      |     Work
 Expl Unexpl |  Obj  Depth IntInf | Incumbent    BestBd   Gap | It/Node Time

     0     0 6548.67966    0  296          - 6548.67966      -     -    1s
     0     0 6553.97519    0  289          - 6553.97519      -     -    1s
     0     0 6556.18494    0  289          - 6556.18494      -     -    1s
     0     0 6556.27391    0  288          - 6556.27391      -     -    1s
     0     0 6927.54230    0  330          - 6927.54230      -     -    3s
     0     0 6927.54230    0  317          - 6927.54230      -     -    3s
     0     0 7076.86605    0  339          - 7076.86605      -     -    4s
     0     0 7092.24988    0  354          - 7092.24988      -     -    4s
     0     0 7093.03905    0  362          - 7093.03905      -     -    4s
     0     0 7267.50747    0  384          - 7267.50747      -     -    6s
     0     0 7373.09448    0  403          - 7373.09448      -     -    7s
     0     0 7458.43284    0  403          - 7458.43284      -     -    8s
     0     0 7492.41778    0  486          - 7492.41778      -     -    8s
     0     0 7499.16350    0  465          - 7499.16350      -     -    8s
     0     0 7631.58802    0  419          - 7631.58802      -     -   10s
     0     0 7700.21322    0  477          - 7700.21322      -     -   11s
     0     0 7747.81941    0  517          - 7747.81941      -     -   12s
     0     0 7763.27764    0  531          - 7763.27764      -     -   12s
     0     0 7868.72049    0  428          - 7868.72049      -     -   14s
     0     0 7868.72638    0  414          - 7868.72638      -     -   14s
     0     0 7868.72638    0  409          - 7868.72638      -     -   14s
     0     2 7868.77480    0  406          - 7868.77480      -     -   16s
    53   110 7925.50463    6  362          - 7920.57494      -   372   21s
   181   215 7951.43800   11  354          - 7920.57494      -   320   25s
   355   370 8013.93108   18  352          - 7920.57494      -   328   31s
   415   408 8032.09604   20  371          - 7920.57494      -   334   35s
   544   473 8115.20281   22  394          - 7926.26525      -   356   41s
   654   531 8197.61080   24  361          - 7927.43397      -   368   45s
   761   590 infeasible   26               - 7939.51440      -   375   50s
   840   639 8013.76245   14  355          - 7966.81285      -   377   55s
   972   726 8073.16522   15  352          - 7966.81285      -   373   61s
  1071   797 8104.85292   16  350          - 7975.53552      -   370   66s
  1119   829 8144.64569   17  326          - 7975.53552      -   371   70s
  1217   868 8095.59900   18  353          - 7975.53552      -   372   75s
  1289   903 8184.17679   18  302          - 7985.41506      -   374   80s
  1405   938 8181.52232   18  314          - 7985.41506      -   375   88s
  1437   945 8124.05301   19  332          - 7998.81443      -   375   90s
  1509   984 8202.00689   21  317          - 7998.81443      -   378   96s
  1586  1035 8211.42631   22  312          - 7998.81443      -   378  102s
  1624  1061 8229.87842   23  309          - 7998.81443      -   379  105s
  1719  1138 8269.53601   25  302          - 8010.79334      -   377  111s
  1785  1182 8246.23254   23  321          - 8010.79334      -   376  115s
  1958  1265 8253.82738   24  297          - 8010.79334      -   375  121s
  2070  1325 8332.75951   29  309          - 8025.79993      -   373  125s
  2300  1479 8992.14894   35  271          - 8029.71406      -   376  132s
  2446  1535 8156.63890   17  352          - 8031.99820      -   376  136s
  2584  1612 8226.16419   20  334          - 8031.99820      -   381  140s
  2761  1679 8532.93811   27  305          - 8047.54810      -   379  145s
  3106  1843 8226.28093   12  327          - 8048.52962      -   382  154s
  3282  1904 infeasible   14               - 8048.52962      -   384  158s
  3491  1968 8582.61223   17  302          - 8053.27844      -   383  163s
  3687  2061 8328.26249   15  271          - 8057.65735      -   385  168s
  3910  2156 infeasible   20               - 8062.32898      -   384  173s
  4146  2157 8675.48300   18 8796          - 8062.32898      -   385  178s
  4148  2158 8276.79073   24  348          - 8062.32898      -   385  182s
  4149  2159 8535.01954   28  427          - 8062.32898      -   385  185s
  4151  2160 8195.26082   10  529          - 8062.32898      -   385  193s
  4152  2161 8191.61688   14  517          - 8062.32898      -   385  196s
  4158  2165 8212.81445   14  582          - 8062.32898      -   384  200s
  4166  2170 8117.08205   19  593          - 8062.32898      -   383  205s
  4176  2177 8498.66595   34  615          - 8103.29455      -   382  210s
  4188  2185 8590.24264   21  641          - 8133.75968      -   381  215s
  4198  2192 8178.90267   15  691          - 8178.90267      -   380  220s
  4211  2200 8409.25436   25  698          - 8192.27660      -   379  225s
  4221  2207 8334.67289   29  713          - 8209.76307      -   378  230s
  4232  2214 8277.96228   23  703          - 8224.56397      -   377  235s
  4243  2222 8526.33494   16  736          - 8231.88383      -   376  240s
  4260  2233 8244.81932   11  723          - 8244.81932      -   375  246s
  4267  2238 8459.87748   12  763          - 8265.75197      -   374  250s
  4281  2247 8415.89020   23  735          - 8288.40895      -   373  255s
  4296  2257 8292.88229   11  735          - 8292.88229      -   372  261s
  4309  2266 8296.95110   16  731          - 8296.95110      -   371  265s
  4323  2275 8549.36086   43  777          - 8300.83083      -   369  270s
  4333  2282 8467.76096   13  753          - 8303.83314      -   368  275s
  4335  2283 8468.04275   21  719          - 8303.95642      -   368  282s
  4336  2287 8351.96192   15  646          - 8304.79167      -   384  305s
  4342  2295 8422.70186   17  616          - 8369.08510      -   386  312s
  4350  2302 8446.44254   18  584          - 8379.87816      -   388  317s
  4364  2319 8473.34517   19  630          - 8385.92308      -   390  325s
  4386  2321 8588.19024   20  548          - 8405.36259      -   397  334s
  4419  2305 8655.19136   21  540          - 8405.36259      -   402  343s
  4453  2294 8780.28701   22  520          - 8405.36259      -   407  352s
  4483  2293 infeasible   22               - 8405.36259      -   412  360s
  4522  2281 infeasible   24               - 8405.36259      -   419  367s
  4562  2255 8762.13154   24  478          - 8555.80360      -   421  372s
  4602  2252 8790.75935   25  466          - 8555.80360      -   424  380s
  4603  2252 8661.76412   24  522          - 8555.80360      -   424  380s
  4627  2245 8911.36462   26  468          - 8574.48427      -   427  385s
  4660  2240 infeasible   26               - 8615.57083      -   430  391s
  4694  2218 9129.99960   28  473          - 8615.75125      -   432  396s
  4735  2195 9184.05826   28  434          - 8615.75125      -   434  402s
  4772  2165 infeasible   29               - 8627.37669      -   438  406s
  4807  2147 8876.27078   27  493          - 8627.37669      -   440  410s
  4855  2116 infeasible   29               - 8744.00849      -   444  415s
  4875  2105 9103.12646   28  403          - 9077.87368      -   445  420s

Cutting planes:
  Gomory: 1
  Cover: 119
  Implied bound: 1
  Clique: 88
  MIR: 172
  Knapsack: 14
  StrongCG: 81
  Flow cover: 344
  GUB cover: 10
  Zero half: 51
  RLT: 64
  Relax-and-lift: 335
  BQP: 7
  PSD: 1

Explored 4881 nodes (2192083 simplex iterations) in 421.64 seconds (446.01 work units)
Thread count was 22 (of 22 available processors)

Solution count 0

Model is infeasible
Best objective -, best bound -, gap -

User-callback calls 73884, time in user-callback 0.41 sec
