
Gurobi 13.0.0 (linux64) logging started Sun Jan  4 17:52:55 2026

Set parameter LogFile to value "../experiments/network-n_30_s_0_rp_0-app_set-id_3_6_apps/compact_model_gurobi.log"
Set parameter TimeLimit to value 900
Gurobi Optimizer version 13.0.0 build v13.0.0rc1 (linux64 - "Ubuntu 24.04.3 LTS")

CPU model: Intel(R) Core(TM) Ultra 7 165H, instruction set [SSE2|AVX|AVX2]
Thread count: 22 physical cores, 22 logical processors, using up to 22 threads

Non-default parameters:
TimeLimit  900
LogToConsole  0

Academic license 2539022 - for non-commercial use only - registered to al___@studenti.unimi.it
Optimize a model with 2431 rows, 1170 columns and 6347 nonzeros (Min)
Model fingerprint: 0xe6caa86c
Model has 1170 linear objective coefficients
Model has 98 quadratic constraints
Variable types: 0 continuous, 1170 integer (1170 binary)
Coefficient statistics:
  Matrix range     [1e+00, 9e+02]
  QMatrix range    [5e+01, 2e+02]
  Objective range  [1e+01, 2e+02]
  Bounds range     [1e+00, 1e+00]
  RHS range        [1e+00, 1e+09]
  QRHS range       [1e+02, 6e+02]
Presolve removed 2170 rows and 746 columns
Presolve time: 0.01s
Presolved: 3146 rows, 3214 columns, 17863 nonzeros
Variable types: 0 continuous, 3214 integer (3214 binary)
Found heuristic solution: objective 3477.0000000

Root relaxation: objective 1.515623e+03, 176 iterations, 0.01 seconds (0.01 work units)

    Nodes    |    Current Node    |     Objective Bounds      |     Work
 Expl Unexpl |  Obj  Depth IntInf | Incumbent    BestBd   Gap | It/Node Time

     0     0 1515.62261    0   42 3477.00000 1515.62261  56.4%     -    0s
H    0     0                    1663.0000000 1515.62261  8.86%     -    0s
H    0     0                    1643.0000000 1515.62261  7.75%     -    0s
     0     0 1526.90977    0   58 1643.00000 1526.90977  7.07%     -    0s
H    0     0                    1571.0000000 1526.90977  2.81%     -    0s
     0     0 1529.91147    0   58 1571.00000 1529.91147  2.62%     -    0s
     0     0 1529.91147    0   59 1571.00000 1529.91147  2.62%     -    0s
     0     0 1532.05368    0   36 1571.00000 1532.05368  2.48%     -    0s
     0     0 1535.26704    0   59 1571.00000 1535.26704  2.27%     -    0s
     0     0 1535.49211    0   57 1571.00000 1535.49211  2.26%     -    0s
     0     0 1535.61261    0   59 1571.00000 1535.61261  2.25%     -    0s
     0     0 1537.11316    0   65 1571.00000 1537.11316  2.16%     -    0s
     0     0 1537.11316    0   62 1571.00000 1537.11316  2.16%     -    0s
     0     0 1537.25677    0   80 1571.00000 1537.25677  2.15%     -    0s
     0     0 1537.40160    0   84 1571.00000 1537.40160  2.14%     -    0s
H    0     0                    1566.0000000 1537.40160  1.83%     -    0s
     0     0 1537.60575    0   79 1566.00000 1537.60575  1.81%     -    0s
     0     0 1538.78947    0   78 1566.00000 1538.78947  1.74%     -    0s
     0     0 1538.78947    0   78 1566.00000 1538.78947  1.74%     -    0s
     0     0 1538.78947    0   78 1566.00000 1538.78947  1.74%     -    0s
H    0     0                    1561.0000000 1538.78947  1.42%     -    0s
     0     0 1538.78947    0   45 1561.00000 1538.78947  1.42%     -    1s
     0     0 1538.78947    0   54 1561.00000 1538.78947  1.42%     -    1s
H    0     0                    1544.0000000 1538.78947  0.34%     -    1s
     0     0 1538.78947    0   50 1544.00000 1538.78947  0.34%     -    1s
     0     0 1538.78947    0   48 1544.00000 1538.78947  0.34%     -    1s
     0     0 1538.78947    0   55 1544.00000 1538.78947  0.34%     -    1s
     0     0 1538.78947    0   53 1544.00000 1538.78947  0.34%     -    1s

Cutting planes:
  Lift-and-project: 9
  Cover: 16
  Clique: 5
  MIR: 16
  Knapsack: 3
  StrongCG: 8
  GUB cover: 1
  Zero half: 1
  Mod-K: 1
  RLT: 22
  Relax-and-lift: 6
  BQP: 6

Explored 1 nodes (1210 simplex iterations) in 1.15 seconds (0.31 work units)
Thread count was 22 (of 22 available processors)

Solution count 7: 1544 1561 1566 ... 3477

Optimal solution found (tolerance 1.00e-04)
Best objective 1.544000000000e+03, best bound 1.544000000000e+03, gap 0.0000%

User-callback calls 843, time in user-callback 0.01 sec
