
Gurobi 13.0.0 (linux64) logging started Thu Jan 15 00:18:04 2026

Set parameter LogFile to value "../experiments/network-n_30_s_0_rp_0-app_set-id_29_14_apps/submip_30_epr1_model_gurobi.log"
Set parameter TimeLimit to value 8.8999284397998417e+02
Gurobi Optimizer version 13.0.0 build v13.0.0rc1 (linux64 - "Ubuntu 24.04.3 LTS")

CPU model: Intel(R) Core(TM) Ultra 7 165H, instruction set [SSE2|AVX|AVX2]
Thread count: 22 physical cores, 22 logical processors, using up to 22 threads

Non-default parameters:
TimeLimit  8.8999284397998417e+02
LogToConsole  0

Academic license 2539022 - for non-commercial use only - registered to al___@studenti.unimi.it
Optimize a model with 7429 rows, 2730 columns and 18601 nonzeros (Min)
Model fingerprint: 0x786e28cd
Model has 2730 linear objective coefficients
Model has 98 quadratic constraints
Variable types: 0 continuous, 2730 integer (2730 binary)
Coefficient statistics:
  Matrix range     [1e+00, 9e+02]
  QMatrix range    [5e+01, 2e+02]
  Objective range  [1e+01, 2e+02]
  Bounds range     [1e+00, 1e+00]
  RHS range        [1e+00, 1e+09]
  QRHS range       [1e+02, 6e+02]
Presolve removed 7117 rows and 2053 columns
Presolve time: 0.03s
Presolved: 3804 rows, 4071 columns, 22301 nonzeros
Variable types: 0 continuous, 4071 integer (4071 binary)

Root relaxation: objective 3.260103e+03, 554 iterations, 0.02 seconds (0.03 work units)

    Nodes    |    Current Node    |     Objective Bounds      |     Work
 Expl Unexpl |  Obj  Depth IntInf | Incumbent    BestBd   Gap | It/Node Time

     0     0 3260.10339    0  113          - 3260.10339      -     -    0s
     0     0 infeasible    0               - infeasible      -     -    0s

Cutting planes:
  Gomory: 11
  Cover: 27
  Clique: 9
  MIR: 30
  Knapsack: 8
  StrongCG: 18
  GUB cover: 5
  Zero half: 16
  RLT: 119
  Relax-and-lift: 27
  BQP: 24

Explored 1 nodes (1261 simplex iterations) in 0.32 seconds (0.27 work units)
Thread count was 22 (of 22 available processors)

Solution count 0

Model is infeasible
Best objective -, best bound -, gap -

User-callback calls 515, time in user-callback 0.00 sec
Set parameter LogToConsole to value 0
