
Gurobi 13.0.0 (linux64) logging started Mon Jan  5 06:36:58 2026

Set parameter LogFile to value "../experiments/network-n_40_s_2_rp_0-app_set-id_57_24_apps/compact_model_gurobi.log"
Set parameter TimeLimit to value 900
Gurobi Optimizer version 13.0.0 build v13.0.0rc1 (linux64 - "Ubuntu 24.04.3 LTS")

CPU model: Intel(R) Core(TM) Ultra 7 165H, instruction set [SSE2|AVX|AVX2]
Thread count: 22 physical cores, 22 logical processors, using up to 22 threads

Non-default parameters:
TimeLimit  900
LogToConsole  0

Academic license 2539022 - for non-commercial use only - registered to al___@studenti.unimi.it
Optimize a model with 33860 rows, 6240 columns and 76390 nonzeros (Min)
Model fingerprint: 0xfe70d698
Model has 6240 linear objective coefficients
Model has 126 quadratic constraints
Variable types: 0 continuous, 6240 integer (6240 binary)
Coefficient statistics:
  Matrix range     [1e+00, 9e+02]
  QMatrix range    [5e+01, 2e+02]
  Objective range  [1e+01, 2e+02]
  Bounds range     [1e+00, 1e+00]
  RHS range        [1e+00, 1e+09]
  QRHS range       [1e+02, 6e+02]
Presolve removed 32207 rows and 3851 columns
Presolve time: 0.22s
Presolved: 20567 rows, 21131 columns, 129766 nonzeros
Variable types: 0 continuous, 21131 integer (21131 binary)
Deterministic concurrent LP optimizer: primal and dual simplex
Showing primal log only...

Concurrent spin time: 0.08s

Solved with dual simplex

Root relaxation: infeasible, 2979 iterations, 0.43 seconds (0.39 work units)

    Nodes    |    Current Node    |     Objective Bounds      |     Work
 Expl Unexpl |  Obj  Depth IntInf | Incumbent    BestBd   Gap | It/Node Time

     0     0 infeasible    0               - infeasible      -     -    1s

Explored 1 nodes (2979 simplex iterations) in 1.33 seconds (1.38 work units)
Thread count was 22 (of 22 available processors)

Solution count 0

Model is infeasible
Best objective -, best bound -, gap -

User-callback calls 747, time in user-callback 0.00 sec
