
Gurobi 13.0.0 (linux64) logging started Sun Jan  4 19:08:51 2026

Set parameter LogFile to value "../experiments/network-n_30_s_1_rp_0-app_set-id_7_7_apps/compact_model_gurobi.log"
Set parameter TimeLimit to value 900
Gurobi Optimizer version 13.0.0 build v13.0.0rc1 (linux64 - "Ubuntu 24.04.3 LTS")

CPU model: Intel(R) Core(TM) Ultra 7 165H, instruction set [SSE2|AVX|AVX2]
Thread count: 22 physical cores, 22 logical processors, using up to 22 threads

Non-default parameters:
TimeLimit  900
LogToConsole  0

Academic license 2539022 - for non-commercial use only - registered to al___@studenti.unimi.it
Optimize a model with 3606 rows, 1380 columns and 9144 nonzeros (Min)
Model fingerprint: 0x2f381aa8
Model has 1380 linear objective coefficients
Model has 100 quadratic constraints
Variable types: 0 continuous, 1380 integer (1380 binary)
Coefficient statistics:
  Matrix range     [1e+00, 7e+02]
  QMatrix range    [5e+01, 2e+02]
  Objective range  [1e+01, 2e+02]
  Bounds range     [1e+00, 1e+00]
  RHS range        [1e+00, 1e+09]
  QRHS range       [1e+02, 6e+02]
Presolve removed 3260 rows and 717 columns
Presolve time: 0.03s
Presolved: 6507 rows, 6729 columns, 36160 nonzeros
Variable types: 0 continuous, 6729 integer (6729 binary)
Found heuristic solution: objective 2726.0000000
Found heuristic solution: objective 2132.0000000

Root relaxation: objective 1.281884e+03, 221 iterations, 0.01 seconds (0.01 work units)

    Nodes    |    Current Node    |     Objective Bounds      |     Work
 Expl Unexpl |  Obj  Depth IntInf | Incumbent    BestBd   Gap | It/Node Time

     0     0 1281.88445    0   25 2132.00000 1281.88445  39.9%     -    0s
H    0     0                    1368.0000000 1281.88445  6.29%     -    0s
H    0     0                    1355.0000000 1281.88445  5.40%     -    0s
H    0     0                    1350.0000000 1299.53153  3.74%     -    0s
H    0     0                    1337.0000000 1299.53153  2.80%     -    0s
     0     0 1299.53153    0   59 1337.00000 1299.53153  2.80%     -    0s
H    0     0                    1330.0000000 1299.53153  2.29%     -    0s
H    0     0                    1329.0000000 1299.53153  2.22%     -    0s
     0     0 1305.70434    0   72 1329.00000 1305.70434  1.75%     -    0s
H    0     0                    1324.0000000 1305.70434  1.38%     -    0s
     0     0 1305.84671    0   71 1324.00000 1305.84671  1.37%     -    0s
H    0     0                    1316.0000000 1307.53625  0.64%     -    0s
     0     0 1307.59360    0   76 1316.00000 1307.59360  0.64%     -    0s
     0     0 1307.67382    0   67 1316.00000 1307.67382  0.63%     -    0s
     0     0 1307.96144    0   78 1316.00000 1307.96144  0.61%     -    0s
     0     0 1307.98185    0   78 1316.00000 1307.98185  0.61%     -    0s
     0     0 1307.98185    0   78 1316.00000 1307.98185  0.61%     -    0s
     0     0 1307.98185    0   78 1316.00000 1307.98185  0.61%     -    0s
     0     0 1307.99576    0   22 1316.00000 1307.99576  0.61%     -    0s
     0     0 1307.99576    0   29 1316.00000 1307.99576  0.61%     -    0s
     0     0 1308.58531    0   35 1316.00000 1308.58531  0.56%     -    0s
     0     0 1308.65169    0   35 1316.00000 1308.65169  0.56%     -    0s
     0     0 1308.87546    0   38 1316.00000 1308.87546  0.54%     -    0s
     0     0 1309.20884    0   39 1316.00000 1309.20884  0.52%     -    0s
     0     0 1309.37034    0   37 1316.00000 1309.37034  0.50%     -    0s
     0     0 1309.61614    0   42 1316.00000 1309.61614  0.49%     -    0s
     0     0 1309.62847    0   42 1316.00000 1309.62847  0.48%     -    0s
     0     0 1309.62847    0   37 1316.00000 1309.62847  0.48%     -    0s
     0     0 1309.82866    0   22 1316.00000 1309.82866  0.47%     -    0s
     0     0 1309.82866    0   19 1316.00000 1309.82866  0.47%     -    0s
     0     0 1309.82866    0   35 1316.00000 1309.82866  0.47%     -    0s
     0     0 1309.82866    0   38 1316.00000 1309.82866  0.47%     -    0s
     0     0 1309.82866    0   39 1316.00000 1309.82866  0.47%     -    0s
     0     0 1309.82866    0   42 1316.00000 1309.82866  0.47%     -    0s
     0     0 1309.82866    0   37 1316.00000 1309.82866  0.47%     -    0s
     0     0 1310.46013    0   36 1316.00000 1310.46013  0.42%     -    0s
     0     0 1310.56474    0   42 1316.00000 1310.56474  0.41%     -    0s
     0     0 1310.61994    0   44 1316.00000 1310.61994  0.41%     -    0s
     0     0 1311.21102    0   40 1316.00000 1311.21102  0.36%     -    0s
     0     0 1311.21102    0   39 1316.00000 1311.21102  0.36%     -    0s
     0     0 1311.21102    0   39 1316.00000 1311.21102  0.36%     -    0s
     0     0 1311.21102    0   39 1316.00000 1311.21102  0.36%     -    0s
     0     2 1311.21102    0   39 1316.00000 1311.21102  0.36%     -    0s

Cutting planes:
  Cover: 11
  MIR: 11
  Knapsack: 1
  StrongCG: 5
  GUB cover: 1
  Zero half: 1
  RLT: 1
  BQP: 1

Explored 45 nodes (1601 simplex iterations) in 0.85 seconds (0.49 work units)
Thread count was 22 (of 22 available processors)

Solution count 10: 1316 1324 1329 ... 2726

Optimal solution found (tolerance 1.00e-04)
Best objective 1.316000000000e+03, best bound 1.316000000000e+03, gap 0.0000%

User-callback calls 1016, time in user-callback 0.00 sec
