
Gurobi 13.0.0 (linux64) logging started Fri Jan  2 16:22:50 2026

Set parameter LogFile to value "../experiments/network-n_50_s_2_rp_0-app_set-id_45_20_apps/compact_model_gurobi.log"
Set parameter TimeLimit to value 900
Gurobi Optimizer version 13.0.0 build v13.0.0rc1 (linux64 - "Ubuntu 24.04.3 LTS")

CPU model: Intel(R) Core(TM) Ultra 7 165H, instruction set [SSE2|AVX|AVX2]
Thread count: 22 physical cores, 22 logical processors, using up to 22 threads

Non-default parameters:
TimeLimit  900
LogToConsole  0

Academic license 2539022 - for non-commercial use only - registered to al___@studenti.unimi.it
Optimize a model with 39167 rows, 6500 columns and 87442 nonzeros (Min)
Model fingerprint: 0x2d8d068e
Model has 6500 linear objective coefficients
Model has 162 quadratic constraints
Variable types: 0 continuous, 6500 integer (6500 binary)
Coefficient statistics:
  Matrix range     [1e+00, 9e+02]
  QMatrix range    [5e+01, 2e+02]
  Objective range  [1e+01, 2e+02]
  Bounds range     [1e+00, 1e+00]
  RHS range        [1e+00, 1e+09]
  QRHS range       [1e+02, 6e+02]
Presolve removed 37574 rows and 3869 columns
Presolve time: 0.39s
Presolved: 30259 rows, 31139 columns, 190174 nonzeros
Variable types: 0 continuous, 31139 integer (31139 binary)
Deterministic concurrent LP optimizer: primal and dual simplex
Showing primal log only...

Concurrent spin time: 0.05s

Solved with dual simplex

Root relaxation: objective 4.663340e+03, 4101 iterations, 1.14 seconds (1.11 work units)

    Nodes    |    Current Node    |     Objective Bounds      |     Work
 Expl Unexpl |  Obj  Depth IntInf | Incumbent    BestBd   Gap | It/Node Time

     0     0 4663.33973    0  384          - 4663.33973      -     -    2s
     0     0 4663.84845    0  383          - 4663.84845      -     -    2s
     0     0 4742.75444    0  458          - 4742.75444      -     -    4s
     0     0 4916.20381    0  461          - 4916.20381      -     -    6s
     0     0 4916.51163    0  460          - 4916.51163      -     -    6s
     0     0 4961.46998    0  445          - 4961.46998      -     -    7s
     0     0 4969.46640    0  482          - 4969.46640      -     -    8s
     0     0 4970.38328    0  487          - 4970.38328      -     -    8s
     0     0 4970.47832    0  487          - 4970.47832      -     -    9s
     0     0 5235.15087    0  435          - 5235.15087      -     -   12s
     0     0 5263.40145    0  437          - 5263.40145      -     -   13s
     0     0 5300.61675    0  540          - 5300.61675      -     -   14s
     0     0 5307.26634    0  530          - 5307.26634      -     -   15s
     0     0 5444.89688    0  531          - 5444.89688      -     -   19s
     0     0 5506.22531    0  519          - 5506.22531      -     -   21s
     0     0 5551.90587    0  598          - 5551.90587      -     -   23s
     0     0 5560.18859    0  586          - 5560.18859      -     -   23s
     0     0 5678.53937    0  572          - 5678.53937      -     -   27s
     0     0 5706.98158    0  640          - 5706.98158      -     -   29s
     0     0 5719.07896    0  637          - 5719.07896      -     -   30s
     0     0 5733.78914    0  597          - 5733.78914      -     -   31s
     0     0 5733.80703    0  585          - 5733.80703      -     -   31s
     0     0 5733.80703    0  571          - 5733.80703      -     -   31s
     0     2 5733.87622    0  570          - 5733.87622      -     -   34s
     1     5 5734.64778    1  559          - 5733.87622      -   132   35s
    15    30 5736.64825    4  533          - 5736.11752      -   762   40s
    53   115 5739.82899    6  529          - 5739.80677      -   670   45s
   154   193 5740.71850    8  509          - 5739.80677      -   518   51s
   230   263 5743.77008   11  538          - 5739.80677      -   531   57s
   266   298 5756.48146   13  521          - 5739.80677      -   567   60s
   338   370 5801.72027   14  571          - 5739.80677      -   606   65s
   410   451 5790.19519   17  552          - 5739.80677      -   623   71s
   506   534 5794.35098   21  548          - 5739.80677      -   583   76s
   581   609 5816.77400   24  530          - 5739.80677      -   569   80s
   652   679 5817.34712   25  540          - 5739.80677      -   558   85s
   720   739 5841.14841   28  534          - 5739.80677      -   546   90s
   781   805 5847.87464   35  525          - 5739.80677      -   538   95s
   840   847 5852.12910   41  528          - 5739.80677      -   532  101s
   887   891 5957.29762   42  489          - 5739.80677      -   525  106s
   932   934 5873.14093   44  515          - 5739.80677      -   518  112s
   955   954 5875.47721   44  520          - 5739.80677      -   513  115s
  1001   997 5924.15047   45  502          - 5739.80677      -   507  122s
  1024  1019 5903.67578   46  508          - 5739.80677      -   506  125s
  1069  1060 5907.38385   48  474          - 5739.80677      -   499  132s
  1091  1087 5912.07209   49  467          - 5739.80677      -   493  135s
  1158  1153 5955.55847   51  459          - 5739.80677      -   483  144s
  1190  1173 6019.91745   51  478          - 5739.80677      -   482  148s
  1214  1200 5957.27138   52  451          - 5740.81389      -   479  152s
  1245  1255 5974.43083   53  463          - 5740.81389      -   480  156s
  1300  1329 5978.62914   54  445          - 5740.81389      -   475  161s
  1382  1380 6007.26177   62  452          - 5740.81389      -   465  165s
  1449  1450 6109.76461   65  416          - 5740.81389      -   463  170s
  1633  1576 6195.56196   77  376          - 5742.57315      -   456  179s
  1721  1643 6365.88496   85  372          - 5744.35676      -   457  184s
  1806  1726 6224.89340   89  383          - 5744.35676      -   456  190s
  1907  1798 6303.90329   92  355          - 5744.35676      -   454  195s
  2007  1890 6334.50482   99  341          - 5748.97653      -   457  201s
  2117  2002 infeasible  116               - 5748.97653      -   455  208s
  2259  2113 infeasible  132               - 5748.97653      -   449  214s
  2390  2212 infeasible  149               - 5748.97653      -   444  220s
  2514  2291 infeasible    7               - 5752.87818      -   445  226s
  2624  2433 5816.92001   13  465          - 5754.76975      -   450  233s
  2780  2579 5928.49141   19  445          - 5754.76975      -   446  240s
  2956  2688 5845.77203   17  489          - 5754.86775      -   441  249s
  3127  2863 5921.85985   18  418          - 5754.86775      -   445  257s
  3365  3047 5973.00468   27  442          - 5754.86775      -   440  264s
  3608  3048 6058.09485   42 14183          - 5755.80114      -   437  273s
  3610  3049 6156.41262   39  380          - 5755.80114      -   437  279s
  3611  3050 6231.45486   46  425          - 5755.80114      -   437  281s
  3613  3051 6348.46970   33  506          - 5755.80114      -   436  285s
  3614  3052 6476.93421   83  453          - 5755.80114      -   436  290s
  3616  3053 6810.92955   49  557          - 5755.80114      -   436  301s
  3617  3054 6029.67204   10  541          - 5755.80114      -   436  305s
  3624  3059 6428.68056  118  620          - 5755.80114      -   435  311s
  3628  3061 6491.19865   47  646          - 5780.95662      -   435  315s
  3633  3065 5813.72217   17  641          - 5813.72217      -   434  320s
  3640  3069 6574.70193  100  658          - 5828.75587      -   433  326s
  3644  3072 6499.28152   62  690          - 5845.35152      -   433  330s
  3650  3076 6539.84592   35  730          - 5859.74300      -   432  335s
  3659  3082 5902.69487   32  714          - 5871.08686      -   431  340s
  3665  3086 6215.77632   54  699          - 5893.70390      -   430  345s
  3676  3093 6043.99846   22  697          - 5904.01181      -   429  350s
  3688  3101 5912.04069   35  793          - 5912.04069      -   427  356s
  3693  3105 6203.82434   12  760          - 5923.30362      -   427  360s
  3705  3113 6293.54520   52  799          - 5927.03229      -   425  365s
  3718  3121 6705.53859   76  796          - 5931.12231      -   424  371s
  3723  3125 6042.06911   25  769          - 5939.00097      -   423  375s
  3731  3130 5941.46120   18  808          - 5941.46120      -   423  380s
  3742  3137 6161.92959   48  834          - 5946.49832      -   421  385s
  3753  3145 6054.77870   25  831          - 5952.03006      -   420  390s
  3762  3151 6264.98268   14  886          - 5955.97571      -   419  395s
  3770  3156 6452.91722   71  823          - 5961.70339      -   418  400s
  3781  3163 6390.80629  106  929          - 5962.59174      -   417  405s
  3787  3167 6025.28531   22  821          - 5966.30290      -   416  410s
  3796  3173 5968.69156   40  869          - 5968.69156      -   415  415s
  3798  3175 6253.28070   68  857          - 5991.99200      -   415  422s
  3803  3178 6508.86356   47  901          - 5995.70279      -   415  425s
  3815  3186 6283.59438   42  954          - 5996.85079      -   413  432s
  3818  3188 6705.53859   76  930          - 6005.01387      -   413  435s
  3826  3193 6008.86100   17  938          - 6008.86100      -   412  440s
  3835  3199 6010.28679   17  887          - 6010.28679      -   411  445s
  3844  3205 6499.28152   62  900          - 6011.57594      -   410  450s
  3854  3212 6012.94292   10  935          - 6012.94292      -   409  456s
  3862  3217 6264.98268   14  945          - 6015.25724      -   408  461s
  3866  3220 6183.28471   49  886          - 6016.28181      -   408  465s
  3868  3221 6584.06792   71  852          - 6016.93231      -   408  472s
  3871  3223 6440.41482   75  811          - 6019.87446      -   407  475s
  3878  3228 6023.26752   29  806          - 6023.26752      -   407  481s
  3886  3233 6185.43017   72  883          - 6026.73402      -   406  485s
  3892  3237 6436.48686   85  863          - 6027.10420      -   405  491s
  3893  3238 6203.82434   12  892          - 6027.48006      -   405  502s
  3897  3241 6318.39129   78  890          - 6029.35495      -   405  505s
  3905  3246 6293.54520   52  843          - 6035.08193      -   404  510s
  3910  3249 6156.41262   39  854          - 6036.48131      -   403  516s
  3914  3252 6476.93421   83  821          - 6038.02878      -   403  520s
  3920  3256 6039.24326   10  846          - 6039.24326      -   402  525s
  3925  3259 6040.73419   16  847          - 6040.73419      -   402  530s
  3929  3262 6041.98622   20  822          - 6041.98622      -   401  535s
  3937  3267 6210.57564   86  861          - 6044.22933      -   400  540s
  3947  3274 6047.18225   32  952          - 6047.18225      -   399  545s
  3955  3279 6349.47738   37  907          - 6048.01973      -   399  550s
  3960  3283 6048.64460   19  901          - 6048.64460      -   398  556s
  3965  3286 6215.77632   54  970          - 6049.50195      -   398  560s
  3974  3292 6050.45312    5  911          - 6050.45312      -   397  566s
  3978  3295 6051.57824   29  888          - 6051.57824      -   396  570s
  3984  3299 6986.30432  102  864          - 6052.89112      -   396  575s
  3989  3302 6054.12076   18  897          - 6054.12076      -   395  580s
  3997  3307 6318.39129   78  831          - 6054.85053      -   394  585s
  4002  3311 6055.44607    9  900          - 6055.44607      -   394  590s
  4006  3313 6260.94093   22  920          - 6057.12669      -   394  595s
  4010  3316 6156.41262   39  909          - 6057.34890      -   393  600s
  4011  3317 6231.45486   46  914          - 6057.34890      -   393  605s
  4017  3321 6058.32105   10  888          - 6058.32105      -   392  611s
  4019  3322 6058.32105   33  894          - 6058.32105      -   392  615s
  4023  3326 6058.32105   25 14184          - 6058.32105      -   428  621s
  4025  3327 6058.32105   16  384          - 6058.32105      -   427  627s
  4027  3329 6103.19178   31  459          - 6058.32105      -   427  631s
  4028  3329 6491.19865   47  450          - 6058.32105      -   427  637s
  4029  3330 6058.32105   20  463          - 6058.32105      -   427  643s
  4030  3331 6504.28146   93  565          - 6058.35509      -   427  649s
  4031  3331 6058.73499   18  556          - 6058.73499      -   427  652s
  4032  3332 6149.04932   75  596          - 6058.73499      -   427  657s
  4033  3333 6060.61550   17  671          - 6060.61550      -   426  662s
  4034  3333 6328.00855   20  622          - 6060.61550      -   426  666s
  4035  3334 6060.61550   17  642          - 6060.61550      -   426  670s
  4037  3335 6210.57564   86  707          - 6063.51402      -   426  676s
  4039  3337 6253.17890   48  766          - 6064.17493      -   426  681s
  4043  3339 6108.68596   38  809          - 6064.18617      -   425  685s
  4049  3343 6126.11993   48  808          - 6072.42700      -   425  690s
  4057  3349 6072.42700    9  860          - 6072.42700      -   424  695s
  4069  3357 6099.32972   43  829          - 6099.32972      -   423  701s
  4075  3361 6099.32972   50  865          - 6099.32972      -   422  705s
  4084  3367 6986.30432  102  833          - 6099.32972      -   421  710s
  4092  3372 6436.48686   85  888          - 6099.32972      -   420  716s
  4099  3377 6099.32972   45  917          - 6099.32972      -   420  720s
  4109  3383 6514.73778   29  935          - 6099.32972      -   419  726s
  4121  3391 6217.53421   47  837          - 6099.32972      -   417  731s
  4131  3398 6099.32972   18  867          - 6099.32972      -   416  735s
  4141  3405 6183.01137   54  809          - 6099.32972      -   415  740s
  4146  3408 6099.32972   21  853          - 6099.32972      -   415  745s
  4156  3415 6099.32972    6  913          - 6099.32972      -   414  752s
  4160  3417 6099.32972   19  895          - 6099.32972      -   413  755s
  4170  3424 6452.91722   71  914          - 6099.32972      -   412  765s
  4178  3429 6099.32972   29  874          - 6099.32972      -   412  771s
  4183  3433 6099.32972   33  831          - 6099.32972      -   411  775s
  4191  3438 6705.53859   76  824          - 6099.32972      -   410  781s
  4196  3441 6099.32972   40  858          - 6099.32972      -   410  785s
  4210  3451 6156.41262   39  938          - 6099.32972      -   409  790s
  4214  3453 6476.93421   83  901          - 6099.32972      -   408  795s
  4225  3461 6099.32972   16  911          - 6099.32972      -   407  800s
  4232  3465 6149.04932   75  866          - 6099.32972      -   406  805s
  4236  3468 6099.32972   37  895          - 6099.32972      -   406  810s
  4237  3469 6210.57564   86  905          - 6099.42800      -   406  829s
  4238  3469 6099.68005   39  867          - 6099.68005      -   406  830s
  4247  3475 6100.08020   32  888          - 6100.08020      -   405  836s
  4253  3479 6100.40874   25  920          - 6100.40874      -   404  840s
  4263  3486 6567.26837   86  901          - 6100.53696      -   403  845s
  4269  3490 6100.58888   43  884          - 6100.58888      -   403  850s
  4275  3494 6101.03343   50  816          - 6101.03343      -   402  855s
  4285  3501 6102.56962   16  860          - 6102.56962      -   401  860s
  4297  3509 6318.39129   78  928          - 6102.95832      -   400  866s
  4302  3512 6103.23708    9  895          - 6103.23708      -   400  871s
  4308  3516 6103.93481   42  876          - 6103.93481      -   399  876s
  4316  3521 6810.92955   49  925          - 6104.57860      -   399  880s
  4321  3525 6217.53421   47  894          - 6106.60828      -   398  885s
  4328  3529 6491.19865   47  885          - 6107.14297      -   397  890s
  4335  3534 6107.71039   17  890          - 6107.71039      -   397  895s

Cutting planes:
  Gomory: 3
  Cover: 129
  Implied bound: 1
  Clique: 36
  MIR: 218
  Knapsack: 13
  StrongCG: 109
  Flow cover: 477
  GUB cover: 18
  Zero half: 43
  Mod-K: 3
  RLT: 117
  Relax-and-lift: 73
  BQP: 12

Explored 4339 nodes (1849636 simplex iterations) in 900.09 seconds (915.16 work units)
Thread count was 22 (of 22 available processors)

Solution count 0

Time limit reached
Best objective -, best bound 6.108000000000e+03, gap -

User-callback calls 156849, time in user-callback 0.75 sec
