FIXINGS_START
(0, 0, 0)
(1, 0, 0)
(1, 9, 0)
(2, 0, 0)
(3, 6, 0)
(4, 0, 0)
(5, 0, 0)
(6, 0, 0)
(7, 0, 0)
(8, 0, 0)
(9, 0, 0)
(9, 4, 0)
(10, 0, 0)
(10, 4, 0)
(11, 0, 0)
(12, 0, 0)
(12, 9, 0)
(13, 0, 0)
(13, 7, 0)
(14, 0, 0)
(14, 6, 0)
(15, 0, 0)
(15, 1, 0)
(16, 0, 0)
(16, 6, 0)
(17, 0, 0)
(19, 0, 0)
(19, 8, 0)
(1, 4, 0)
(1, 5, 0)
(19, 3, 0)
(1, 7, 0)
(1, 8, 21)
(19, 6, 0)
(0, 2, 0)
(2, 1, 0)
(9, 1, 0)
(9, 5, 0)
(9, 7, 0)
(16, 2, 0)
(6, 4, 0)
(13, 5, 0)
(11, 2, 0)
(16, 3, 0)
(15, 3, 24)
(8, 2, 0)
(4, 1, 0)
(2, 2, 11)
(15, 4, 0)
(18, 0, 0)
(15, 5, 0)
(3, 0, 0)
(3, 1, 0)
(18, 2, 0)
(7, 1, 0)
(3, 2, 0)
(3, 5, 0)
(2, 5, 0)
(12, 4, 0)
(12, 6, 0)
(16, 4, 18)
(16, 5, 13)
(12, 7, 27)
(14, 1, 0)
(14, 8, 0)
(14, 9, 0)
(18, 4, 0)
(19, 7, 14)
(8, 3, 4)
FIXINGS_END
time 3.440
GUROBI
Status INFEASIBLE
Runtime 3.4394218921661377
NodeCount 1.0
IterCount 9276.0
NumVars 6500
NumConstrs 39236
ObjBound inf
ObjBoundC inf
ObjVal None
MIPGap inf
