FIXINGS_START
(0, 0, 0)
(1, 0, 0)
(2, 4, 0)
(4, 0, 0)
(4, 6, 0)
(5, 0, 0)
(6, 0, 0)
(7, 0, 0)
(7, 6, 0)
(8, 8, 0)
(8, 9, 0)
(9, 0, 0)
(9, 4, 0)
(10, 0, 0)
(10, 7, 0)
(11, 8, 0)
(12, 0, 0)
(12, 6, 0)
(13, 0, 0)
(13, 7, 0)
(14, 0, 0)
(14, 7, 0)
(16, 0, 0)
(17, 0, 0)
(17, 6, 0)
(18, 0, 0)
(19, 0, 0)
(19, 6, 0)
(20, 0, 0)
(22, 0, 0)
(22, 1, 0)
(23, 6, 0)
(24, 0, 0)
(26, 0, 0)
(27, 0, 0)
(27, 6, 0)
(28, 0, 0)
(28, 4, 0)
(29, 0, 0)
(26, 2, 0)
(26, 4, 0)
(15, 0, 0)
(13, 5, 0)
(15, 1, 0)
(17, 2, 0)
(25, 0, 0)
(27, 2, 0)
(10, 1, 0)
(22, 2, 0)
(28, 3, 0)
(28, 6, 37)
(28, 7, 0)
(12, 2, 0)
(7, 1, 0)
(1, 2, 0)
(12, 3, 13)
(20, 2, 0)
(11, 0, 0)
(22, 3, 0)
(22, 5, 0)
(4, 1, 0)
(5, 1, 0)
(29, 1, 0)
(20, 3, 0)
(19, 1, 22)
(8, 1, 0)
(29, 2, 0)
(0, 2, 0)
(21, 1, 0)
(21, 2, 0)
(5, 3, 0)
(8, 2, 27)
(19, 5, 5)
(21, 3, 0)
(14, 2, 17)
(2, 0, 29)
(3, 0, 0)
(17, 7, 0)
(25, 3, 0)
(7, 3, 0)
(20, 4, 0)
(14, 4, 37)
(2, 1, 20)
(3, 2, 0)
(7, 4, 40)
(29, 3, 52)
(16, 1, 0)
(0, 3, 0)
(16, 2, 14)
(16, 3, 0)
(10, 3, 0)
(2, 2, 38)
(10, 5, 0)
(27, 3, 33)
(8, 3, 0)
(11, 1, 0)
(8, 4, 0)
(2, 3, 18)
(0, 5, 0)
(16, 4, 0)
(21, 4, 0)
(16, 5, 25)
FIXINGS_END
time 10.958
GUROBI
Status INFEASIBLE
Runtime 10.957475900650024
NodeCount 1.0
IterCount 18464.0
NumVars 11700
NumConstrs 60116
ObjBound inf
ObjBoundC inf
ObjVal None
MIPGap inf
