FIXINGS_START
(0, 0, 0)
(0, 4, 0)
(1, 0, 0)
(1, 6, 0)
(2, 0, 0)
(3, 5, 0)
(3, 6, 0)
(4, 0, 0)
(4, 1, 0)
(5, 0, 0)
(5, 6, 0)
(6, 0, 0)
(6, 6, 0)
(7, 0, 0)
(7, 6, 0)
(8, 0, 0)
(9, 0, 0)
(9, 6, 0)
(10, 0, 0)
(11, 5, 0)
(12, 6, 0)
(13, 0, 0)
(13, 6, 0)
(14, 6, 0)
(14, 7, 0)
(15, 0, 0)
(17, 0, 0)
(18, 0, 0)
(18, 4, 0)
(19, 0, 0)
(19, 9, 0)
(20, 0, 0)
(21, 0, 0)
(22, 2, 0)
(19, 1, 0)
(19, 4, 0)
(1, 5, 0)
(5, 5, 5)
(7, 4, 0)
(7, 5, 0)
(11, 1, 0)
(15, 2, 34)
(0, 3, 25)
(17, 1, 0)
(16, 0, 0)
(13, 1, 0)
(11, 3, 0)
(20, 2, 0)
(15, 3, 0)
(20, 3, 0)
(3, 0, 40)
(5, 8, 0)
(14, 0, 0)
(23, 0, 0)
(13, 4, 0)
(2, 1, 0)
(16, 4, 0)
(9, 1, 14)
(23, 3, 0)
(8, 1, 0)
(14, 1, 0)
(0, 5, 0)
(22, 1, 9)
(14, 4, 0)
(0, 6, 0)
(8, 2, 0)
(6, 1, 0)
(9, 2, 0)
(3, 1, 40)
(4, 2, 0)
(2, 2, 12)
FIXINGS_END
time 794.994
GUROBI
Status TIME_LIMIT
Runtime 794.993332862854
NodeCount 8879.0
IterCount 2904680.0
NumVars 9360
NumConstrs 48819
ObjBound 6428.0
ObjBoundC 6427.179485519813
ObjVal inf
MIPGap inf
