
Gurobi 13.0.0 (linux64) logging started Sat Jan 17 17:04:54 2026

Set parameter LogFile to value "../experiments/network-n_60_s_0_rp_0-app_set-id_58_24_apps/submip_40_epr1_model_gurobi.log"
Set parameter TimeLimit to value 7.7899039740501030e+02
Gurobi Optimizer version 13.0.0 build v13.0.0rc1 (linux64 - "Ubuntu 24.04.3 LTS")

CPU model: Intel(R) Core(TM) Ultra 7 165H, instruction set [SSE2|AVX|AVX2]
Thread count: 22 physical cores, 22 logical processors, using up to 22 threads

Non-default parameters:
TimeLimit  7.7899039740501030e+02
LogToConsole  0

Academic license 2539022 - for non-commercial use only - registered to al___@studenti.unimi.it
Optimize a model with 48831 rows, 9360 columns and 110612 nonzeros (Min)
Model fingerprint: 0x954e5b0d
Model has 9360 linear objective coefficients
Model has 200 quadratic constraints
Variable types: 0 continuous, 9360 integer (9360 binary)
Coefficient statistics:
  Matrix range     [1e+00, 9e+02]
  QMatrix range    [5e+01, 2e+02]
  Objective range  [1e+01, 2e+02]
  Bounds range     [1e+00, 1e+00]
  RHS range        [1e+00, 1e+09]
  QRHS range       [1e+02, 6e+02]
Presolve removed 48109 rows and 7511 columns
Presolve time: 0.21s
Presolved: 16855 rows, 17789 columns, 105180 nonzeros
Variable types: 0 continuous, 17789 integer (17789 binary)

Root relaxation: objective 6.160431e+03, 4255 iterations, 0.39 seconds (0.63 work units)

    Nodes    |    Current Node    |     Objective Bounds      |     Work
 Expl Unexpl |  Obj  Depth IntInf | Incumbent    BestBd   Gap | It/Node Time

     0     0 6160.43113    0  193          - 6160.43113      -     -    1s
     0     0 6160.83975    0  196          - 6160.83975      -     -    1s
     0     0 6203.29250    0  213          - 6203.29250      -     -    2s
     0     0 6238.96824    0  224          - 6238.96824      -     -    2s
     0     0 6263.71592    0  258          - 6263.71592      -     -    2s
     0     0 6267.92905    0  267          - 6267.92905      -     -    3s
     0     0 6268.19479    0  281          - 6268.19479      -     -    3s
     0     0 6291.49502    0  272          - 6291.49502      -     -    4s
     0     0 6309.51284    0  308          - 6309.51284      -     -    4s
     0     0 6320.35442    0  306          - 6320.35442      -     -    5s
     0     0 6329.85565    0  315          - 6329.85565      -     -    5s
     0     0 6333.47042    0  334          - 6333.47042      -     -    5s
     0     0 6334.08214    0  323          - 6334.08214      -     -    5s
     0     0 6360.96085    0  346          - 6360.96085      -     -    7s
     0     0 6360.96958    0  345          - 6360.96958      -     -    7s
     0     0 6360.96958    0  334          - 6360.96958      -     -    7s
     0     2 6361.02032    0  322          - 6361.02032      -     -    8s
    15    32 6367.12209    4  311          - 6365.62573      -   323   10s
   312   323 6387.52639   15  306          - 6367.49926      -   206   15s
   442   448 6461.15127   18  255          - 6367.49926      -   211   20s
   620   616 6410.46840   22  256          - 6367.49926      -   209   25s
   841   824 6421.29168   27  249          - 6367.49926      -   207   30s
   988   964 6439.38406   31  231          - 6367.49926      -   210   35s
  1118  1078 6438.11288   35  236          - 6367.49926      -   215   41s
  1199  1155 6442.14901   38  231          - 6367.49926      -   214   45s
  1384  1333 6457.10845   41  218          - 6367.49926      -   209   51s
  1653  1559 6456.07870   43  224          - 6367.49926      -   203   55s
  2020  1819 6574.79714   59  161          - 6367.66817      -   199   61s
  2483  2209 6418.27772   23  240          - 6374.72508      -   197   66s
  2865  2504 6514.97823   34  200          - 6374.72508      -   195   70s
  3069  2505 6490.74308   25 7530          - 6374.72508      -   195   76s
  3073  2508 6414.71114   16  270          - 6374.72508      -   195   80s
  3087  2517 6449.06489   32  437          - 6390.18820      -   194   85s
  3107  2530 6430.75152   24  417          - 6419.64452      -   193   90s
  3127  2544 6459.36136   60  462          - 6438.85118      -   192   95s
  3153  2561 6786.19417   49  426          - 6445.70907      -   190  100s
  3171  2573 6452.59767   33  457          - 6452.59767      -   189  105s
  3196  2590 6867.15387   27  460          - 6459.87494      -   188  110s
  3215  2602 6680.94665   27  464          - 6468.46831      -   186  115s
  3232  2614 6479.00657   19  464          - 6477.31944      -   185  120s
  3244  2622 6498.85574   15  489          - 6480.27359      -   185  126s
  3259  2632 6583.89016   35  497          - 6481.79133      -   184  130s
  3282  2647 6486.39479   24  526          - 6486.39479      -   183  135s
  3296  2656 6867.15387   27  491          - 6489.03193      -   182  140s
  3314  2668 6540.16653   36  521          - 6489.82080      -   181  145s
  3332  2680 6492.92669   19  483          - 6492.92669      -   180  150s
  3350  2692 6496.18080   46  477          - 6496.18080      -   179  155s
  3369  2705 6497.85139   25  490          - 6497.85139      -   178  160s
  3394  2722 6500.10914    9  532          - 6500.10914      -   177  165s
  3417  2737 6503.21660   17  511          - 6503.21660      -   175  170s
  3435  2749 6505.58297    8  485          - 6505.58297      -   174  175s
  3454  2762 6508.88206   18  482          - 6508.88206      -   174  180s
  3477  2777 6571.92894   18  490          - 6514.69190      -   172  185s
  3495  2789 6515.55867   21  542          - 6515.55867      -   171  190s
  3510  2800 6644.73312   49 7530          - 6515.68074      -   190  196s
  3514  2803 6540.16653   36  273          - 6515.68074      -   189  200s
  3518  2805 6515.89612   13  403          - 6515.89612      -   189  205s
  3531  2814 6518.89867   26  488          - 6518.89867      -   189  210s
  3550  2827 6518.89867   46  471          - 6518.89867      -   188  215s
  3571  2841 6519.80226   33  491          - 6519.80226      -   186  220s
  3583  2849 6557.55305   55  484          - 6520.70680      -   186  226s
  3594  2856 6520.95158    9  472          - 6520.95158      -   185  230s
  3609  2866 6587.74549   54  495          - 6524.40076      -   185  235s
  3630  2880 6641.13057   14  471          - 6526.03409      -   183  240s
  3652  2895 6677.43129   18  504          - 6528.02512      -   182  245s
  3664  2903 6729.55270   48  497          - 6528.51135      -   182  254s
  3665  2906 6528.71871   23  463          - 6528.71871      -   190  256s
  3679  2930 6533.78471   26  438          - 6531.37495      -   192  262s
  3695  2946 6534.26378   27  414          - 6531.61196      -   194  265s
  3762  3004 6556.59104   29  352          - 6533.95918      -   199  272s
  3797  3025 6538.81694   30  407          - 6533.95918      -   202  275s
  3863  3067 6542.30238   31  402          - 6533.95918      -   209  282s
  3898  3090 6543.18914   31  396          - 6533.95918      -   212  286s
  3970  3138 6547.48193   32  376          - 6533.95918      -   218  293s
  4006  3158 6620.19408   33  333          - 6533.95918      -   220  296s
  4070  3200 6561.74485   35  312          - 6533.95918      -   229  302s
  4106  3212 6584.80632   36  361          - 6533.95918      -   232  305s
  4158  3247 6578.66310   37  351          - 6533.95918      -   237  311s
  4212  3283 6580.84037   38  350          - 6533.95918      -   242  317s
  4241  3303 6618.95901   38  283          - 6533.95918      -   244  320s
  4317  3346 6585.40492   40  345          - 6533.95918      -   249  327s
  4355  3364 6589.98857   41  324          - 6533.95918      -   251  330s
  4418  3405 6597.01089   42  346          - 6533.95918      -   256  337s
  4454  3422 6634.14563   43  303          - 6533.95918      -   257  340s
  4497  3445 6599.64843   43  337          - 6533.95918      -   260  346s
  4542  3460 6613.58102   44  293          - 6534.28054      -   262  350s
  4608  3499 6634.04144   46  300          - 6534.28054      -   265  358s
  4643  3516 6635.89250   48  296          - 6534.28054      -   267  362s
  4676  3540 6661.42877   49  290          - 6534.28054      -   269  366s
  4711  3560 6662.44449   51  248          - 6534.28054      -   271  371s
  4760  3571 6703.70376   53  252          - 6534.28054      -   273  375s
  4790  3585 6652.44741   54  249          - 6534.28054      -   276  381s
  4823  3596 6664.77442   55  242          - 6534.28054      -   278  386s
  4865  3619 6669.26395   55  251          - 6543.18914      -   279  391s
  4914  3643 6677.26169   58  202          - 6543.18914      -   281  396s
  4984  3648 6696.61050   61  202          - 6543.18914      -   284  402s
  5038  3663 6703.05543   62  186          - 6543.18914      -   285  409s
  5081  3693 6704.05791   63  168          - 6543.18914      -   287  415s
  5140  3725 6742.49524   63  150          - 6543.18914      -   290  421s
  5209  3732 6719.38137   64  175          - 6543.18914      -   292  428s
  5284  3755 6726.00907   66  160          - 6543.18914      -   295  435s
  5368  3789 6558.68895   34  324          - 6547.48282      -   297  442s
  5448  3825 6579.42720   36  314          - 6547.48282      -   300  449s
  5539  3875 6733.28817   41  256          - 6547.48282      -   303  457s
  5660  3921 6638.39579   42  237          - 6547.84905      -   304  466s
  5781  3968 6860.78006   43  240          - 6547.84905      -   305  475s
  5925  3986 6761.58385   46  224          - 6547.84905      -   306  484s
  6044  4058 6813.00852   51  217          - 6549.64373      -   310  494s
  6201  4123 6592.92128   33  276          - 6550.40682      -   312  503s
  6370  4204 6816.24959   37  265          - 6550.40682      -   314  512s
  6575  4246 6630.08419   43  227          - 6550.40682      -   315  527s
  6766  4333 6682.38528   50  189          - 6553.62686      -   317  537s
  6979  4350 6744.14552   66  207          - 6553.62686      -   319  547s
  7141  4457 6605.03508   33  255          - 6553.62686      -   321  558s
  7360  4505 6737.01142   43  187          - 6553.62686      -   323  569s
  7553  4639 infeasible   50               - 6558.61086      -   324  581s
  7806  4719 6617.15232   38  280          - 6558.61086      -   327  593s
  8092  4814 infeasible   50               - 6563.12874      -   328  604s
  8358  4963 6723.27305   59  205          - 6563.59006      -   330  616s
  8672  5064 infeasible   72               - 6564.25323      -   331  629s
  8949  5135 6660.67223   38  273          - 6564.25323      -   334  642s
  9252  5242 6686.75537   42  260          - 6564.25323      -   338  655s
  9580  5389 6787.87357   48  218          - 6564.25323      -   341  668s
  9993  5489 6993.63902   56  246          - 6564.25323      -   344  682s
 10289  5667 6619.06992   38  269          - 6564.25323      -   346  696s
 10750  5790 6717.58600   51  224          - 6564.25323      -   349  711s
 11228  6018 6692.31008   38  273          - 6567.66043      -   352  726s
 11758  6209 infeasible   62               - 6567.66043      -   355  742s
 12383  6365 6654.53056   36  315          - 6570.09606      -   357  757s
 12971  6817 6762.03699   47  277          - 6570.09606      -   360  773s
 13664  6874 6637.70359   39  285          - 6573.05196      -   360  779s

Cutting planes:
  Gomory: 1
  Cover: 79
  Clique: 51
  MIR: 126
  Knapsack: 8
  StrongCG: 46
  Flow cover: 245
  GUB cover: 10
  Zero half: 26
  Mod-K: 2
  RLT: 45
  Relax-and-lift: 144
  BQP: 3
  PSD: 1

Explored 13749 nodes (4961160 simplex iterations) in 779.06 seconds (673.54 work units)
Thread count was 22 (of 22 available processors)

Solution count 0

Time limit reached
Best objective -, best bound 6.574000000000e+03, gap -

User-callback calls 159273, time in user-callback 0.94 sec
