
Gurobi 13.0.0 (linux64) logging started Sat Jan 17 16:51:38 2026

Set parameter LogFile to value "../experiments/network-n_60_s_0_rp_0-app_set-id_58_24_apps/submip_30_epr1_model_gurobi.log"
Set parameter TimeLimit to value 7.9494555587701325e+02
Gurobi Optimizer version 13.0.0 build v13.0.0rc1 (linux64 - "Ubuntu 24.04.3 LTS")

CPU model: Intel(R) Core(TM) Ultra 7 165H, instruction set [SSE2|AVX|AVX2]
Thread count: 22 physical cores, 22 logical processors, using up to 22 threads

Non-default parameters:
TimeLimit  7.9494555587701325e+02
LogToConsole  0

Academic license 2539022 - for non-commercial use only - registered to al___@studenti.unimi.it
Optimize a model with 48819 rows, 9360 columns and 110600 nonzeros (Min)
Model fingerprint: 0x7a370f08
Model has 9360 linear objective coefficients
Model has 200 quadratic constraints
Variable types: 0 continuous, 9360 integer (9360 binary)
Coefficient statistics:
  Matrix range     [1e+00, 9e+02]
  QMatrix range    [5e+01, 2e+02]
  Objective range  [1e+01, 2e+02]
  Bounds range     [1e+00, 1e+00]
  RHS range        [1e+00, 1e+09]
  QRHS range       [1e+02, 6e+02]
Presolve removed 47957 rows and 7086 columns
Presolve time: 0.25s
Presolved: 20948 rows, 22165 columns, 130891 nonzeros
Variable types: 0 continuous, 22165 integer (22165 binary)
Deterministic concurrent LP optimizer: primal and dual simplex
Showing primal log only...

Concurrent spin time: 0.21s (can be avoided by choosing Method=3)

Solved with dual simplex

Root relaxation: objective 6.128245e+03, 3454 iterations, 0.71 seconds (0.60 work units)

    Nodes    |    Current Node    |     Objective Bounds      |     Work
 Expl Unexpl |  Obj  Depth IntInf | Incumbent    BestBd   Gap | It/Node Time

     0     0 6128.24450    0  241          - 6128.24450      -     -    1s
     0     0 6129.04142    0  244          - 6129.04142      -     -    1s
     0     0 6170.69925    0  275          - 6170.69925      -     -    2s
     0     0 6221.09808    0  267          - 6221.09808      -     -    3s
     0     0 6237.29900    0  291          - 6237.29900      -     -    3s
     0     0 6238.51278    0  286          - 6238.51278      -     -    3s
     0     0 6238.64550    0  294          - 6238.64550      -     -    3s
     0     0 6271.64102    0  314          - 6271.64102      -     -    5s
     0     0 6280.63213    0  329          - 6280.63213      -     -    5s
     0     0 6288.53143    0  356          - 6288.53143      -     -    6s
     0     0 6292.91089    0  357          - 6292.91089      -     -    6s
     0     0 6294.92569    0  391          - 6294.92569      -     -    7s
     0     0 6303.66576    0  407          - 6303.66576      -     -    8s
     0     0 6303.70524    0  405          - 6303.70524      -     -    8s
     0     0 6303.70524    0  398          - 6303.70524      -     -    8s
     0     2 6303.70625    0  397          - 6303.70625      -     -   10s
    31    54 6307.67364    5  380          - 6306.17889      -   403   15s
   238   267 6317.26033   10  380          - 6307.67364      -   238   20s
   351   359 6319.31971   14  333          - 6307.67364      -   224   25s
   555   545 6325.90467   30  328          - 6307.67364      -   211   30s
   739   726 6336.23336   35  328          - 6307.67364      -   204   35s
   900   897 6342.28077   42  322          - 6307.67364      -   202   40s
  1082  1054 6351.65830   57  316          - 6307.67364      -   190   45s
  1228  1208 6366.98490   68  275          - 6307.67364      -   192   50s
  1403  1386 6377.84381   77  290          - 6307.67364      -   198   56s
  1511  1532 6381.13451   79  281          - 6307.67364      -   197   60s
  1854  1892 6420.28982   92  219          - 6307.67364      -   187   66s
  2156  2230 6452.63913  110  190          - 6307.67364      -   182   70s
  2574  2544 6800.80933  132  186          - 6309.77982      -   172   75s
  2930  2824 6334.15573    7  343          - 6313.37123      -   171   80s
  3298  3115 6364.53530   13  308          - 6313.37123      -   170   86s
  3675  3477 6378.25423   20  227          - 6313.37123      -   171   91s
  4143  3945 6580.77095   26  213          - 6313.37123      -   172   97s
  4418  4186 6407.11118   27  209          - 6313.46766      -   171  100s
  4971  4600 6737.14742   31  218          - 6313.46766      -   172  106s
  5512  4856 6367.06801   29 9493          - 6313.46766      -   173  116s
  5515  4858 6528.85212   84  268          - 6313.46766      -   173  120s
  5521  4862 6377.20545   76  406          - 6313.73967      -   173  125s
  5529  4867 6406.29267   34  493          - 6336.15115      -   173  130s
  5542  4876 6359.13606   21  549          - 6354.74989      -   173  135s
  5556  4885 7077.08365   66  554          - 6367.11540      -   172  140s
  5571  4895 6783.43228  128  445          - 6376.90707      -   172  145s
  5585  4905 6383.05826   47  447          - 6383.05826      -   171  150s
  5601  4915 6575.31396   33  502          - 6386.18167      -   171  155s
  5620  4928 6691.83147   67  604          - 6387.98312      -   170  160s
  5631  4935 6390.86624   26  547          - 6390.86624      -   170  165s
  5644  4944 6405.05039   51  525          - 6392.91364      -   169  170s
  5656  4952 7077.08365   66  568          - 6396.05506      -   169  175s
  5667  4959 6431.17822   80  647          - 6398.44857      -   169  181s
  5677  4966 6527.44302   52  602          - 6399.57070      -   168  185s
  5697  4979 6400.65306   23  597          - 6400.65306      -   168  190s
  5711  4989 6598.46434  108  610          - 6401.97586      -   167  195s
  5721  4995 6402.52066   76  638          - 6402.52066      -   167  200s
  5730  5001 6653.71224   72  612          - 6403.04605      -   167  205s
  5748  5013 6738.95607   33  655          - 6403.49716      -   166  210s
  5759  5021 6486.80356   18  659          - 6404.09278      -   166  217s
  5762  5023 6566.56754   58  626          - 6404.27933      -   166  220s
  5775  5031 6428.89628   54  623          - 6405.86721      -   166  225s
  5788  5040 6535.57519   40  603          - 6406.70361      -   165  230s
  5802  5049 6511.53514   48  646          - 6407.38364      -   165  235s
  5813  5057 6429.35584    9  670          - 6407.66821      -   164  240s
  5825  5065 7042.69131   89  657          - 6408.40894      -   164  245s
  5841  5075 6721.62251   65  609          - 6408.70276      -   164  250s
  5854  5084 6409.97033   12  601          - 6409.97033      -   163  255s
  5871  5095 6783.43228  128  593          - 6410.50790      -   163  260s
  5891  5109 6687.43239  101  559          - 6411.65270      -   162  265s
  5902  5116 6511.53514   48  607          - 6412.01262      -   162  270s
  5917  5126 6654.29007   53  654          - 6412.53816      -   162  275s
  5934  5137 6467.82090  102  649          - 6413.25660      -   161  280s
  5953  5150 6566.04978  130  687          - 6414.15176      -   161  285s
  5968  5160 6868.04563   71  691          - 6414.67047      -   160  290s
  5980  5168 6557.45074   52  694          - 6414.74225      -   160  295s
  5987  5174 6891.37187  107  263          - 6414.77652      -   173  302s
  5990  5176 6414.77652    8  404          - 6414.77652      -   173  305s
  5993  5178 6414.84756   32  478          - 6414.84756      -   173  310s
  5997  5181 6415.59251   23  502          - 6415.59251      -   173  315s
  6012  5191 6415.59251   29  656          - 6415.59251      -   173  321s
  6024  5199 6415.93825   33  624          - 6415.93825      -   172  325s
  6035  5206 6424.03024   34  620          - 6417.67708      -   172  330s
  6053  5218 6566.04978  130  624          - 6419.09823      -   171  335s
  6067  5228 6431.17822   80  635          - 6420.03997      -   171  340s
  6079  5236 6525.87441   56  613          - 6420.69890      -   171  346s
  6088  5242 6535.57519   40  622          - 6420.88013      -   170  350s
  6100  5250 6463.26086   46  578          - 6421.52116      -   170  355s
  6112  5258 6424.18727   29  569          - 6424.18727      -   170  360s
  6114  5259 6424.30775   13  628          - 6424.30775      -   170  365s
  6131  5270 6424.59408   26  636          - 6424.59408      -   169  370s
  6137  5274 6691.12598   81  574          - 6424.78364      -   169  381s
  6140  5281 6424.96443   32  542          - 6424.96443      -   175  385s
  6168  5318 6427.25489   35  487          - 6426.69057      -   177  393s
  6190  5361 6427.50869   36  454          - 6427.17611      -   179  397s
  6240  5379 6437.21431   37  490          - 6427.17949      -   180  404s
  6275  5406 6429.11991   38  508          - 6427.17949      -   183  409s
  6314  5415 6429.65056   39  489          - 6427.17949      -   188  414s
  6336  5430 6431.01079   39  511          - 6427.17949      -   188  421s
  6358  5445 6431.20592   40  509          - 6427.17949      -   192  427s
  6380  5459 6437.25909   40  511          - 6427.17949      -   193  434s
  6402  5474 6431.33576   41  485          - 6427.17949      -   197  438s
  6424  5489 6437.14401   41  529          - 6427.17949      -   198  445s
  6446  5503 6432.69719   42  425          - 6427.17949      -   201  450s
  6468  5518 6441.25532   42  453          - 6427.17949      -   203  458s
  6490  5534 6434.00275   43  467          - 6427.17949      -   205  463s
  6513  5550 6435.22304   43  459          - 6427.17949      -   206  469s
  6537  5567 6444.60492   44  433          - 6427.17949      -   209  476s
  6562  5581 6434.22482   44  402          - 6427.17949      -   210  482s
  6584  5595 6434.42658   45  441          - 6427.17949      -   212  487s
  6606  5610 6494.92796   45  485          - 6427.17949      -   214  493s
  6628  5625 6436.61698   46  438          - 6427.17949      -   215  500s
  6650  5640 6439.40439   46  417          - 6427.17949      -   216  506s
  6673  5662 6436.91331   47  442          - 6427.17949      -   219  512s
  6702  5679 6450.73763   47  396          - 6427.17949      -   220  518s
  6729  5692 6437.06747   48  442          - 6427.17949      -   221  524s
  6751  5712 6515.81806   48  511          - 6427.17949      -   223  529s
  6778  5731 6439.02182   49  424          - 6427.17949      -   225  535s
  6806  5743 6469.27517   49  506          - 6427.17949      -   226  541s
  6828  5758 6439.77446   50  449          - 6427.17949      -   229  547s
  6850  5773 6470.27583   50  397          - 6427.17949      -   230  554s
  6872  5788 6441.65843   51  449          - 6427.17949      -   232  561s
  6895  5804 6468.76786   51  491          - 6427.17949      -   233  571s
  6918  5821 6443.28045   52  438          - 6427.17949      -   235  578s
  6943  5843 6449.17274   52  439          - 6427.17949      -   237  586s
  6973  5868 6446.42362   53  434          - 6427.17949      -   239  594s
  7008  5887 6445.64270   53  406          - 6427.17949      -   240  602s
  7039  5911 6447.42862   54  405          - 6427.17949      -   243  611s
  7073  5921 6449.79254   54  372          - 6427.17949      -   246  620s
  7095  5941 6450.06972   55  403          - 6427.17949      -   248  628s
  7122  5982 6455.96155   55  478          - 6427.17949      -   249  638s
  7172  6025 6450.97910   56  386          - 6427.17949      -   253  648s
  7232  6086 6496.16680   56  404          - 6427.17949      -   256  658s
  7313  6139 6452.36665   57  397          - 6427.17949      -   262  668s
  7397  6215 6501.64749   57  344          - 6427.17949      -   267  678s
  7501  6203 6453.71526   58  367          - 6427.17949      -   272  689s
  7523  6228 6457.90060   58  403          - 6427.17949      -   273  700s
  7556  6326 6456.83444   59  352          - 6427.17949      -   275  711s
  7665  6449 6465.46975   59  458          - 6427.17949      -   279  724s
  7824  6557 6462.73341   62  367          - 6427.17949      -   286  736s
  7987  6668 6472.26357   65  359          - 6427.17949      -   294  748s
  8154  6795 6475.44056   68  378          - 6427.17949      -   302  760s
  8345  6905 6481.87625   72  327          - 6427.17949      -   308  773s
  8536  7018 6530.97509   76  352          - 6427.17949      -   316  787s
  8730  7092 6496.82304   80  318          - 6427.17949      -   322  794s

Cutting planes:
  Gomory: 3
  Lift-and-project: 1
  Cover: 77
  Clique: 32
  MIR: 162
  Knapsack: 6
  StrongCG: 65
  Flow cover: 297
  GUB cover: 33
  Zero half: 21
  Mod-K: 4
  RLT: 59
  Relax-and-lift: 199
  BQP: 2

Explored 8879 nodes (2904680 simplex iterations) in 794.99 seconds (766.65 work units)
Thread count was 22 (of 22 available processors)

Solution count 0

Time limit reached
Best objective -, best bound 6.428000000000e+03, gap -

User-callback calls 154003, time in user-callback 0.87 sec
Set parameter LogToConsole to value 0
