
Gurobi 13.0.0 (linux64) logging started Sun Jan  4 17:52:59 2026

Set parameter LogFile to value "../experiments/network-n_30_s_0_rp_0-app_set-id_7_7_apps/compact_model_gurobi.log"
Set parameter TimeLimit to value 900
Gurobi Optimizer version 13.0.0 build v13.0.0rc1 (linux64 - "Ubuntu 24.04.3 LTS")

CPU model: Intel(R) Core(TM) Ultra 7 165H, instruction set [SSE2|AVX|AVX2]
Thread count: 22 physical cores, 22 logical processors, using up to 22 threads

Non-default parameters:
TimeLimit  900
LogToConsole  0

Academic license 2539022 - for non-commercial use only - registered to al___@studenti.unimi.it
Optimize a model with 3471 rows, 1380 columns and 8828 nonzeros (Min)
Model fingerprint: 0xfd2fab86
Model has 1380 linear objective coefficients
Model has 98 quadratic constraints
Variable types: 0 continuous, 1380 integer (1380 binary)
Coefficient statistics:
  Matrix range     [1e+00, 7e+02]
  QMatrix range    [5e+01, 2e+02]
  Objective range  [1e+01, 2e+02]
  Bounds range     [1e+00, 1e+00]
  RHS range        [1e+00, 1e+09]
  QRHS range       [1e+02, 6e+02]
Presolve removed 3131 rows and 794 columns
Presolve time: 0.10s
Presolved: 5255 rows, 5407 columns, 29947 nonzeros
Variable types: 0 continuous, 5407 integer (5407 binary)
Found heuristic solution: objective 3665.0000000

Root relaxation: objective 1.352916e+03, 194 iterations, 0.01 seconds (0.01 work units)

    Nodes    |    Current Node    |     Objective Bounds      |     Work
 Expl Unexpl |  Obj  Depth IntInf | Incumbent    BestBd   Gap | It/Node Time

     0     0 1352.91613    0   37 3665.00000 1352.91613  63.1%     -    0s
H    0     0                    1491.0000000 1352.91613  9.26%     -    0s
H    0     0                    1433.0000000 1352.91613  5.59%     -    0s
     0     0 1372.45249    0   18 1433.00000 1372.45249  4.23%     -    0s
H    0     0                    1383.0000000 1372.45249  0.76%     -    0s
H    0     0                    1381.0000000 1372.45249  0.62%     -    0s
     0     0 1375.83674    0   45 1381.00000 1375.83674  0.37%     -    0s
     0     0 1375.83674    0    6 1381.00000 1375.83674  0.37%     -    0s
     0     0 1380.00000    0    8 1381.00000 1380.00000  0.07%     -    0s

Cutting planes:
  Gomory: 2
  Cover: 2
  Clique: 1

Explored 1 nodes (343 simplex iterations) in 0.38 seconds (0.20 work units)
Thread count was 22 (of 22 available processors)

Solution count 5: 1381 1383 1433 ... 3665

Optimal solution found (tolerance 1.00e-04)
Best objective 1.381000000000e+03, best bound 1.381000000000e+03, gap 0.0000%

User-callback calls 505, time in user-callback 0.00 sec
