
Gurobi 13.0.0 (linux64) logging started Sat Jan  3 01:33:37 2026

Set parameter LogFile to value "../experiments/network-n_50_s_2_rp_0-app_set-id_40_18_apps/compact_model_gurobi.log"
Set parameter TimeLimit to value 900
Gurobi Optimizer version 13.0.0 build v13.0.0rc1 (linux64 - "Ubuntu 24.04.3 LTS")

CPU model: Intel(R) Core(TM) Ultra 7 165H, instruction set [SSE2|AVX|AVX2]
Thread count: 22 physical cores, 22 logical processors, using up to 22 threads

Non-default parameters:
TimeLimit  900
LogToConsole  0

Academic license 2539022 - for non-commercial use only - registered to al___@studenti.unimi.it
Optimize a model with 23219 rows, 5850 columns and 54326 nonzeros (Min)
Model fingerprint: 0xbc8a79fa
Model has 5850 linear objective coefficients
Model has 162 quadratic constraints
Variable types: 0 continuous, 5850 integer (5850 binary)
Coefficient statistics:
  Matrix range     [1e+00, 9e+02]
  QMatrix range    [5e+01, 2e+02]
  Objective range  [1e+01, 2e+02]
  Bounds range     [1e+00, 1e+00]
  RHS range        [1e+00, 1e+09]
  QRHS range       [1e+02, 6e+02]
Presolve removed 22147 rows and 3827 columns
Presolve time: 0.22s
Presolved: 20189 rows, 20980 columns, 123963 nonzeros
Variable types: 0 continuous, 20980 integer (20980 binary)
Deterministic concurrent LP optimizer: primal and dual simplex
Showing primal log only...

Concurrent spin time: 0.00s

Solved with dual simplex

Root relaxation: objective 4.657126e+03, 2698 iterations, 0.55 seconds (0.53 work units)

    Nodes    |    Current Node    |     Objective Bounds      |     Work
 Expl Unexpl |  Obj  Depth IntInf | Incumbent    BestBd   Gap | It/Node Time

     0     0 4657.12643    0  271          - 4657.12643      -     -    1s
     0     0 5072.44705    0  287          - 5072.44705      -     -    3s
     0     0 5580.63764    0  358          - 5580.63764      -     -    4s
     0     0 5584.89326    0  372          - 5584.89326      -     -    4s
     0     0 5668.26504    0  380          - 5668.26504      -     -    4s
     0     0 5668.67776    0  376          - 5668.67776      -     -    4s
     0     0 5698.02546    0  421          - 5698.02546      -     -    5s
     0     0 5698.33751    0  402          - 5698.33751      -     -    5s
     0     0 infeasible    0               - infeasible      -     -    7s

Cutting planes:
  Gomory: 5
  Lift-and-project: 10
  Cover: 42
  Implied bound: 3
  Clique: 25
  MIR: 32
  Knapsack: 8
  StrongCG: 50
  GUB cover: 10
  Zero half: 26
  RLT: 131
  Relax-and-lift: 130
  BQP: 50
  PSD: 1

Explored 1 nodes (11763 simplex iterations) in 7.40 seconds (6.92 work units)
Thread count was 22 (of 22 available processors)

Solution count 0

Model is infeasible
Best objective -, best bound -, gap -

User-callback calls 1186, time in user-callback 0.00 sec
