FIXINGS_START
(0, 0, 0)
(0, 4, 0)
(1, 8, 0)
(2, 0, 0)
(3, 0, 0)
(4, 0, 0)
(4, 6, 0)
(5, 0, 0)
(5, 4, 0)
(6, 3, 0)
(7, 0, 0)
(8, 6, 0)
(9, 0, 0)
(10, 0, 0)
(10, 9, 0)
(11, 0, 0)
(11, 1, 0)
(12, 0, 0)
(13, 0, 0)
(14, 0, 0)
(14, 4, 0)
(15, 0, 0)
(16, 0, 0)
(6, 0, 0)
(8, 0, 0)
(6, 1, 0)
(5, 1, 0)
(0, 6, 0)
(3, 1, 0)
(2, 1, 0)
(6, 2, 0)
(11, 2, 0)
(12, 1, 0)
(7, 1, 0)
(7, 3, 0)
(13, 3, 0)
(2, 3, 0)
(12, 2, 0)
(12, 3, 0)
(16, 1, 0)
(5, 5, 0)
(8, 1, 0)
(8, 2, 0)
(1, 0, 0)
(9, 3, 0)
(3, 2, 0)
(10, 3, 11)
(4, 2, 0)
(3, 4, 0)
(5, 7, 0)
FIXINGS_END
found_sol 4135.0 time 26.083
found_sol 4090.0 time 40.192
found_sol 4078.0 time 42.064
found_sol 4076.0 time 43.755
found_sol 4055.0 time 44.679
found_sol 4044.0 time 61.628
found_sol 4076.0 time 63.738
found_sol 4036.0 time 74.286
found_sol 4030.0 time 84.998
found_sol 4029.0 time 94.287
found_sol 4027.0 time 117.208
found_sol 4024.0 time 158.246
found_sol 4013.0 time 223.940
time 319.873
GUROBI
Status OPTIMAL
Runtime 319.87308502197266
NodeCount 29171.0
IterCount 5412140.0
NumVars 5500
NumConstrs 43147
ObjBound 4013.0
ObjBoundC 4013.0
ObjVal 4013.0
MIPGap 0.0
