
Gurobi 13.0.0 (linux64) logging started Thu Jan 15 07:55:06 2026

Set parameter LogFile to value "../experiments/network-n_50_s_1_rp_0-app_set-id_37_17_apps/submip_40_epr0_model_gurobi.log"
Set parameter TimeLimit to value 8.9609946530999150e+02
Gurobi Optimizer version 13.0.0 build v13.0.0rc1 (linux64 - "Ubuntu 24.04.3 LTS")

CPU model: Intel(R) Core(TM) Ultra 7 165H, instruction set [SSE2|AVX|AVX2]
Thread count: 22 physical cores, 22 logical processors, using up to 22 threads

Non-default parameters:
TimeLimit  8.9609946530999150e+02
LogToConsole  0

Academic license 2539022 - for non-commercial use only - registered to al___@studenti.unimi.it
Optimize a model with 43155 rows, 5500 columns and 94266 nonzeros (Min)
Model fingerprint: 0xae3d58f7
Model has 5500 linear objective coefficients
Model has 164 quadratic constraints
Variable types: 0 continuous, 5500 integer (5500 binary)
Coefficient statistics:
  Matrix range     [1e+00, 9e+02]
  QMatrix range    [5e+01, 2e+02]
  Objective range  [1e+01, 2e+02]
  Bounds range     [1e+00, 1e+00]
  RHS range        [1e+00, 1e+09]
  QRHS range       [1e+02, 6e+02]
Presolve removed 42689 rows and 4500 columns
Presolve time: 0.12s
Presolved: 7750 rows, 8110 columns, 49153 nonzeros
Variable types: 0 continuous, 8110 integer (8110 binary)

Root relaxation: objective 3.700661e+03, 590 iterations, 0.02 seconds (0.04 work units)

    Nodes    |    Current Node    |     Objective Bounds      |     Work
 Expl Unexpl |  Obj  Depth IntInf | Incumbent    BestBd   Gap | It/Node Time

     0     0 3700.66145    0  110          - 3700.66145      -     -    0s
     0     0 infeasible    0               - infeasible      -     -    0s

Cutting planes:
  Gomory: 11
  Cover: 24
  Clique: 19
  MIR: 10
  Knapsack: 5
  StrongCG: 9
  GUB cover: 1
  Zero half: 25
  RLT: 55
  Relax-and-lift: 55
  BQP: 22

Explored 1 nodes (1673 simplex iterations) in 0.73 seconds (0.74 work units)
Thread count was 22 (of 22 available processors)

Solution count 0

Model is infeasible
Best objective -, best bound -, gap -

User-callback calls 781, time in user-callback 0.00 sec
Set parameter LogToConsole to value 0
