
Gurobi 13.0.0 (linux64) logging started Fri Jan  2 18:50:16 2026

Set parameter LogFile to value "../experiments/network-n_50_s_1_rp_0-app_set-id_24_13_apps/compact_model_gurobi.log"
Set parameter TimeLimit to value 900
Gurobi Optimizer version 13.0.0 build v13.0.0rc1 (linux64 - "Ubuntu 24.04.3 LTS")

CPU model: Intel(R) Core(TM) Ultra 7 165H, instruction set [SSE2|AVX|AVX2]
Thread count: 22 physical cores, 22 logical processors, using up to 22 threads

Non-default parameters:
TimeLimit  900
LogToConsole  0

Academic license 2539022 - for non-commercial use only - registered to al___@studenti.unimi.it
Optimize a model with 27497 rows, 4200 columns and 61066 nonzeros (Min)
Model fingerprint: 0x3c5abe1b
Model has 4200 linear objective coefficients
Model has 164 quadratic constraints
Variable types: 0 continuous, 4200 integer (4200 binary)
Coefficient statistics:
  Matrix range     [1e+00, 9e+02]
  QMatrix range    [5e+01, 2e+02]
  Objective range  [1e+01, 2e+02]
  Bounds range     [1e+00, 1e+00]
  RHS range        [1e+00, 1e+09]
  QRHS range       [1e+02, 6e+02]
Presolve removed 26427 rows and 2290 columns
Presolve time: 0.21s
Presolved: 22803 rows, 23483 columns, 142872 nonzeros
Variable types: 0 continuous, 23483 integer (23483 binary)
Deterministic concurrent LP optimizer: primal and dual simplex
Showing primal log only...

Concurrent spin time: 0.00s

Solved with dual simplex

Root relaxation: objective 2.784941e+03, 1206 iterations, 0.27 seconds (0.26 work units)

    Nodes    |    Current Node    |     Objective Bounds      |     Work
 Expl Unexpl |  Obj  Depth IntInf | Incumbent    BestBd   Gap | It/Node Time

     0     0 2784.94098    0  151          - 2784.94098      -     -    1s
     0     0 2798.27902    0  165          - 2798.27902      -     -    1s
     0     0 2806.60275    0  202          - 2806.60275      -     -    2s
     0     0 2807.37997    0  190          - 2807.37997      -     -    2s
     0     0 2807.55083    0  192          - 2807.55083      -     -    2s
     0     0 2807.55359    0  197          - 2807.55359      -     -    2s
     0     0 2820.26198    0  269          - 2820.26198      -     -    2s
H    0     0                    3766.0000000 2820.26198  25.1%     -    2s
H    0     0                    3746.0000000 2820.26198  24.7%     -    2s
     0     0 2827.04008    0  229 3746.00000 2827.04008  24.5%     -    3s
     0     0 2829.81202    0  235 3746.00000 2829.81202  24.5%     -    3s
     0     0 2830.02602    0  257 3746.00000 2830.02602  24.5%     -    3s
     0     0 2840.89757    0  249 3746.00000 2840.89757  24.2%     -    4s
H    0     0                    3695.0000000 2840.89757  23.1%     -    4s
H    0     0                    3676.0000000 2840.89757  22.7%     -    4s
H    0     0                    3627.0000000 2840.89757  21.7%     -    4s
     0     0 2841.21859    0  188 3627.00000 2841.21859  21.7%     -    4s
     0     0 2842.84443    0  214 3627.00000 2842.84443  21.6%     -    4s
     0     0 2844.50611    0  231 3627.00000 2844.50611  21.6%     -    4s
     0     0 2844.55225    0  227 3627.00000 2844.55225  21.6%     -    4s
     0     0 2845.21644    0  222 3627.00000 2845.21644  21.6%     -    5s
     0     0 2845.51458    0  239 3627.00000 2845.51458  21.5%     -    5s
     0     0 2845.94864    0  224 3627.00000 2845.94864  21.5%     -    5s
     0     0 2845.95610    0  221 3627.00000 2845.95610  21.5%     -    5s
     0     0 2845.95610    0  221 3627.00000 2845.95610  21.5%     -    5s
H    0     0                    3327.0000000 2845.95610  14.5%     -    5s
H    0     0                    3306.0000000 2845.95610  13.9%     -    5s
H    0     0                    3293.0000000 2845.95731  13.6%     -    5s
H    0     0                    3191.0000000 2845.95731  10.8%     -    5s
H    0     0                    3148.0000000 2845.95731  9.59%     -    6s
H    0     0                    3139.0000000 2845.95731  9.34%     -    6s
H    0     0                    3128.0000000 2845.95731  9.02%     -    6s
H    0     0                    3087.0000000 2845.95731  7.81%     -    6s
H    0     0                    3085.0000000 2845.95731  7.75%     -    6s
     0     2 2845.95731    0  214 3085.00000 2845.95731  7.75%     -    6s
H   66    95                    3084.0000000 2848.71532  7.63%   245    9s
    94   140 2851.70656    7  239 3084.00000 2848.71532  7.63%   206   10s
H  100   140                    3008.0000000 2848.71532  5.30%   203   10s
H  106   140                    2993.0000000 2848.71532  4.82%   202   10s
H  221   261                    2984.0000000 2848.71532  4.53%   186   12s
H  223   261                    2924.0000000 2848.71532  2.57%   185   12s
H  229   261                    2911.0000000 2848.71532  2.14%   184   12s
H  232   261                    2896.0000000 2848.71532  1.63%   183   12s
   346   378 2855.20066   13  203 2896.00000 2848.71532  1.63%   165   15s
   598   598 2861.01772   18  187 2896.00000 2849.13405  1.62%   147   20s
   804   773 2866.41431   22  174 2896.00000 2850.47244  1.57%   138   25s
  1078  1009 2872.10003   27  176 2896.00000 2850.93656  1.56%   126   31s
  1388  1222 2882.45309   30  108 2896.00000 2852.20601  1.51%   119   35s
  1828  1502 2878.13492   17  164 2896.00000 2852.88016  1.49%   114   40s
  2321  1807 2867.04741   14  137 2896.00000 2853.34685  1.47%   111   46s
  2759  2076 2882.57674   25  137 2896.00000 2854.14796  1.45%   110   51s
  3295  2370 2869.39551   19  168 2896.00000 2854.15828  1.44%   108   56s
  3449  2371 2878.44282   34 5259 2896.00000 2854.15828  1.44%   108   60s
  3481  2392 2869.31729   14  254 2896.00000 2854.15828  1.44%   107   65s
  3520  2418 2883.55594   30  269 2896.00000 2854.15828  1.44%   106   70s
  3554  2456 2861.07652   14  223 2896.00000 2856.21412  1.37%   109   76s
H 3641  2367                    2891.0000000 2857.82388  1.15%   111   79s
  3646  2393 2863.04173   17  214 2891.00000 2857.82388  1.15%   111   81s
H 3729  2285                    2890.0000000 2857.82388  1.11%   112   84s
  3753  2304 2870.82802   19  195 2890.00000 2857.82388  1.11%   112   86s
  3893  2330 2887.56318   21  192 2890.00000 2858.47610  1.09%   113   91s
  4020  2330 2870.73460   23  197 2890.00000 2858.59350  1.09%   113   95s
  4286  2383 2874.47020   26  144 2890.00000 2858.59350  1.09%   112  100s
H 4287  2272                    2889.0000000 2858.59350  1.05%   112  100s
  4657  2367     cutoff   34      2889.00000 2861.67867  0.95%   110  105s
  5091  2409 2881.61518   31   80 2889.00000 2862.13829  0.93%   108  110s
  5389  2444 2875.26335   23  146 2889.00000 2862.95485  0.90%   106  115s
  5905  2495 2883.71165   24  123 2889.00000 2864.43247  0.85%   105  120s
  6547  2586     cutoff   30      2889.00000 2864.43247  0.85%   103  126s
H 6751  2244                    2884.0000000 2866.12887  0.62%   103  128s
  6843  2280 2878.31464   21  168 2884.00000 2866.12887  0.62%   102  130s
  7631  2209 2874.63547   25  126 2884.00000 2867.83461  0.56%   101  135s
  7970  2149     cutoff   26      2884.00000 2868.67617  0.53%   101  140s
  8774  1992 2872.90900   24  175 2884.00000 2869.32735  0.51%  98.5  147s
  9232  2038 2873.63029   21  184 2884.00000 2869.93897  0.49%  97.7  151s
  9898  2115 2877.26812   33  146 2884.00000 2870.61173  0.46%  96.6  156s
 10750  2213 2880.35836   23  135 2884.00000 2871.51874  0.43%  95.1  161s
 11736  2300 2882.12871   25   91 2884.00000 2872.27888  0.41%  93.9  167s
 12237  2327     cutoff   33      2884.00000 2872.86890  0.39%  93.5  170s
 13467  2349 2880.49432   30  194 2884.00000 2873.70230  0.36%  92.2  176s
 14105  2349     cutoff   33      2884.00000 2874.22482  0.34%  91.7  180s
 15500  2222 2882.42549   22  139 2884.00000 2875.05944  0.31%  90.6  186s
 15753  2188 2878.72988   34  174 2884.00000 2875.20815  0.30%  90.7  190s
 17405  1890 2877.98726   23  141 2884.00000 2876.26405  0.27%  88.8  197s
 18336  1688     cutoff   22      2884.00000 2877.02905  0.24%  88.0  201s
 20262   960     cutoff   22      2884.00000 2878.20828  0.20%  85.9  209s
 20984    25 2880.90713   33  152 2884.00000 2879.00271  0.17%  85.1  212s

Cutting planes:
  Gomory: 5
  Lift-and-project: 5
  Cover: 200
  Clique: 26
  MIR: 162
  Knapsack: 8
  StrongCG: 123
  Flow cover: 59
  GUB cover: 6
  Zero half: 83
  RLT: 155
  Relax-and-lift: 84
  BQP: 40

Explored 22269 nodes (1841895 simplex iterations) in 212.27 seconds (108.14 work units)
Thread count was 22 (of 22 available processors)

Solution count 10: 2884 2889 2890 ... 3008

Optimal solution found (tolerance 1.00e-04)
Best objective 2.884000000000e+03, best bound 2.884000000000e+03, gap 0.0000%

User-callback calls 62392, time in user-callback 0.20 sec
