
Gurobi 13.0.0 (linux64) logging started Sun Jan  4 20:51:32 2026

Set parameter LogFile to value "../experiments/network-n_30_s_1_rp_0-app_set-id_34_16_apps/compact_model_gurobi.log"
Set parameter TimeLimit to value 900
Gurobi Optimizer version 13.0.0 build v13.0.0rc1 (linux64 - "Ubuntu 24.04.3 LTS")

CPU model: Intel(R) Core(TM) Ultra 7 165H, instruction set [SSE2|AVX|AVX2]
Thread count: 22 physical cores, 22 logical processors, using up to 22 threads

Non-default parameters:
TimeLimit  900
LogToConsole  0

Academic license 2539022 - for non-commercial use only - registered to al___@studenti.unimi.it
Optimize a model with 7817 rows, 3120 columns and 20012 nonzeros (Min)
Model fingerprint: 0xf826042a
Model has 3120 linear objective coefficients
Model has 100 quadratic constraints
Variable types: 0 continuous, 3120 integer (3120 binary)
Coefficient statistics:
  Matrix range     [1e+00, 9e+02]
  QMatrix range    [5e+01, 2e+02]
  Objective range  [1e+01, 2e+02]
  Bounds range     [1e+00, 1e+00]
  RHS range        [1e+00, 1e+09]
  QRHS range       [1e+02, 6e+02]
Presolve removed 7158 rows and 1664 columns
Presolve time: 0.08s
Presolved: 13664 rows, 14354 columns, 77201 nonzeros
Variable types: 0 continuous, 14354 integer (14354 binary)

Root relaxation: objective 3.650377e+03, 1372 iterations, 0.12 seconds (0.19 work units)

    Nodes    |    Current Node    |     Objective Bounds      |     Work
 Expl Unexpl |  Obj  Depth IntInf | Incumbent    BestBd   Gap | It/Node Time

     0     0 3650.37718    0  131          - 3650.37718      -     -    0s
     0     0 3684.59153    0  176          - 3684.59153      -     -    1s
     0     0 3697.54663    0  163          - 3697.54663      -     -    1s
     0     0 3697.80376    0  162          - 3697.80376      -     -    1s
     0     0 3711.97914    0  216          - 3711.97914      -     -    2s
     0     0 3723.46989    0  224          - 3723.46989      -     -    2s
     0     0 3727.52623    0  226          - 3727.52623      -     -    2s
     0     0 3728.17590    0  249          - 3728.17590      -     -    2s
     0     0 3728.40740    0  239          - 3728.40740      -     -    2s
     0     0 3744.95940    0  259          - 3744.95940      -     -    3s
     0     0 3749.36963    0  262          - 3749.36963      -     -    3s
     0     0 3751.39236    0  299          - 3751.39236      -     -    3s
     0     0 3751.76499    0  280          - 3751.76499      -     -    3s
     0     0 3758.91835    0  314          - 3758.91835      -     -    4s
     0     0 3758.92432    0  311          - 3758.92432      -     -    4s
     0     0 3758.92432    0  303          - 3758.92432      -     -    4s
     0     2 3758.92531    0  301          - 3758.92531      -     -    5s
   283   322 3771.91336   14  251          - 3763.18617      -   190   10s
   586   607 3791.70611   20  206          - 3763.18617      -   178   15s
   754   781 3791.12883   26  234          - 3763.18617      -   163   20s
   977  1010 3793.59516   32  216          - 3763.18617      -   149   26s
  1165  1211 3800.53043   36  201          - 3763.18617      -   145   31s
  1465  1603 3801.54339   39  219          - 3763.18617      -   139   35s
  2176  2250 3806.98089   43  210          - 3763.18617      -   119   40s
  2833  2815 3842.75603   51  195          - 3764.80870      -   116   46s
  3341  3189 3843.97911   59  167          - 3764.80870      -   114   51s
  3800  3654 3955.92318   87  156          - 3764.80870      -   113   55s
  4528  4297 3798.57681   14  150          - 3764.80870      -   111   61s
  5044  4548 3800.18859   40 6616          - 3764.80870      -   112   65s
  5069  4565 3865.64358   38  405          - 3770.82597      -   111   70s
  5107  4590 3852.41747   42  383          - 3778.72011      -   111   75s
  5147  4617 4131.31692  111  382          - 3782.36506      -   110   80s
  5173  4634 4040.57751   73  387          - 3784.41869      -   109   85s
  5199  4651 3994.37054   58  397          - 3786.46339      -   109   90s
  5223  4667 4055.83375   79  390          - 3787.18834      -   108   96s
  5229  4671 3790.90039   19  368          - 3787.39585      -   108  102s
  5244  4698 3790.82622   16  336          - 3789.83352      -   113  105s
  5325  4778 3796.86441   19  295          - 3791.48681      -   116  110s
  5476  4886 3812.14840   22  298          - 3791.48681      -   121  116s
  5581  4945 3817.50477   24  299          - 3791.48681      -   123  120s
  5700  5008 3823.84429   26  275          - 3791.48681      -   126  126s
  5777  5062 3821.02091   28  273          - 3791.48681      -   128  130s
  5892  5141 3835.69124   30  246          - 3791.48681      -   130  136s
  5971  5198 3840.38171   32  224          - 3791.48681      -   132  141s
  6095  5317 3868.46597   34  219          - 3791.48681      -   134  146s
  6305  5415 3855.13788   38  237          - 3791.48681      -   139  151s
  6372  5475 3855.42734   39  251          - 3791.48681      -   141  155s
  6564  5627 3865.06585   41  230          - 3791.48681      -   143  161s
  6756  5737 3868.02215   43  251          - 3791.48681      -   145  166s
  6956  5836 3894.06607   46  242          - 3791.48681      -   148  171s
  7110  5980 4182.40041   48  239          - 3791.48681      -   149  176s
  7432  6246 4028.80545   52  199          - 3791.52373      -   151  181s
  7944  6447 3915.44381   58  202          - 3791.52373      -   150  186s
  8405  6638 3924.20791   66  194          - 3793.22147      -   151  191s
  8845  6672 3986.20148   76  159          - 3793.28580      -   152  197s
  8894  6739 infeasible   76               - 3793.28580      -   153  200s
  9156  6957 3807.09350   22  291          - 3793.28580      -   155  206s
H 9425  6642                    4477.0000000 3793.50924  15.3%   156  209s
  9441  6928 3812.57568   24  290 4477.00000 3793.50924  15.3%   156  212s
H 9563  6661                    4442.0000000 3793.50924  14.6%   156  212s
  9747  6855 3880.26056   32  208 4442.00000 3793.50924  14.6%   156  216s
 10087  6913 3924.20233   42  201 4442.00000 3793.79644  14.6%   155  220s
 10521  7068 3819.09373   19  370 4442.00000 3793.79644  14.6%   159  228s
 10713  7268 3846.26176   27  230 4442.00000 3797.46510  14.5%   161  231s
 10981  7412 3885.80889   37  169 4442.00000 3797.46510  14.5%   162  236s
 11240  7649 3963.49276   58  190 4442.00000 3799.13064  14.5%   163  240s
 11616  7776 3886.38715   20  286 4442.00000 3799.13064  14.5%   163  245s
 11932  7903 3905.71608   28  302 4442.00000 3799.13064  14.5%   164  250s
H12186  7575                    4344.0000000 3799.13064  12.5%   165  250s
 12523  7980 4126.29708   44  237 4344.00000 3799.13064  12.5%   168  259s
 12862  8191 4197.67888   69  214 4344.00000 3799.13064  12.5%   169  265s
 13250  8375 3823.87996   19  351 4344.00000 3799.13064  12.5%   171  270s
 13636  8507 3858.82108   29  248 4344.00000 3799.13064  12.5%   172  275s
 14032  8777 4064.89211   40  268 4344.00000 3800.19359  12.5%   174  281s
 14493  9081 4308.85172   60  156 4344.00000 3800.19359  12.5%   174  286s
 15066  9328 3832.66210   27  310 4344.00000 3803.83928  12.4%   173  292s
 15620  9443 3866.06313   47  149 4344.00000 3804.44164  12.4%   173  298s
 15941  9741 3911.62708   88  102 4344.00000 3804.44164  12.4%   173  305s
 16448  9913 3835.53153   28  296 4344.00000 3805.05534  12.4%   172  312s
H16578  9622                    4304.0000000 3805.46667  11.6%   173  312s
H16612  9369                    4220.0000000 3805.46667  9.82%   173  312s
 16956  9659 3994.92503   35  238 4220.00000 3805.46667  9.82%   173  318s
 17361 10186 4218.19566   61  178 4220.00000 3805.46667  9.82%   176  325s
 17940 10561 3835.86852   26  303 4220.00000 3805.46667  9.82%   176  333s
 18379 11096 3860.76255   36  326 4220.00000 3805.46667  9.82%   176  341s
 19113 11581 4153.03817   53  207 4220.00000 3805.46667  9.82%   176  348s
 19730 12170 3988.49578   37  147 4220.00000 3805.46667  9.82%   177  357s
H20018 12068                    4196.0000000 3805.46667  9.31%   177  357s
 20432 12511 3876.23902   26  291 4196.00000 3805.46667  9.31%   177  365s
 21055 12775 3933.44638   31  280 4196.00000 3805.46667  9.31%   177  374s
 21376 13415 3947.93000   32  265 4196.00000 3805.46667  9.31%   179  383s
 22233 13778 3977.44944   36  204 4196.00000 3806.21030  9.29%   179  392s
 22697 14250 3925.51391   44  249 4196.00000 3806.21030  9.29%   181  401s
 23361 14821 4145.93837   58  143 4196.00000 3807.97733  9.25%   184  411s
 24098 15608 3855.89136   31  253 4196.00000 3807.97733  9.25%   185  423s
 25029 16446 3936.20217   56  226 4196.00000 3809.03777  9.22%   185  433s
 26072 17093 3844.21234   23  284 4196.00000 3809.03777  9.22%   184  442s
 26840 17808 3943.52800   51  262 4196.00000 3809.03777  9.22%   185  451s
 27747 18527 3913.53615   32  234 4196.00000 3809.03777  9.22%   186  461s
 28712 19089 3852.54296   29  275 4196.00000 3814.12177  9.10%   186  471s
 29325 20120 3891.57732   47  275 4196.00000 3814.31448  9.10%   187  482s
 30608 20893 3852.01508   29  282 4196.00000 3815.48647  9.07%   186  494s
 31737 21779 3928.61040   24  275 4196.00000 3815.78804  9.06%   186  505s
 32790 22604 4048.99841   51  272 4196.00000 3815.78804  9.06%   186  517s
 33854 22934 3830.47455   21  282 4196.00000 3815.78804  9.06%   186  532s
H33982 22583                    4160.0000000 3815.78804  8.27%   187  532s
H34035 21797                    4119.0000000 3815.78804  7.36%   187  532s
 34309 22673 3873.37541   29  224 4119.00000 3815.78804  7.36%   187  545s
 35429 23419 3832.83131   29  255 4119.00000 3816.53493  7.34%   188  559s
 36470 24315 3841.56307   34  327 4119.00000 3819.00584  7.28%   190  574s
 37667 24970 3886.25385   29  247 4119.00000 3819.13228  7.28%   191  589s
 38630 25923     cutoff   36      4119.00000 3819.13228  7.28%   193  605s
 39918 27289 4002.47590   61  157 4119.00000 3820.66913  7.24%   194  621s
 41486 28451 3995.78421   49  277 4119.00000 3820.72878  7.24%   195  638s
 42949 29577 3877.57532   34  302 4119.00000 3820.72878  7.24%   196  656s
 44350 30831 3929.65023   50  200 4119.00000 3822.23785  7.20%   197  675s
 45990 31922 3874.57708   39  266 4119.00000 3822.68000  7.19%   197  694s
 47453 32834 4065.68062   34  226 4119.00000 3823.31139  7.18%   199  715s
 48835 32835 3991.33907   66 6608 4119.00000 3823.82239  7.17%   201  770s
 48851 32846 4032.34049   56  382 4119.00000 3823.82239  7.17%   201  775s
 48872 32860 3926.57931   49  398 4119.00000 3823.82239  7.17%   200  781s
 48883 32867 3903.75329   44  409 4119.00000 3823.82239  7.17%   200  785s
 48891 32872 3935.63674   50  387 4119.00000 3823.82239  7.17%   200  790s
 48898 32877 4009.76486   53  394 4119.00000 3823.82239  7.17%   200  795s
 48908 32884 3944.62681   32  412 4119.00000 3823.82239  7.17%   200  800s
 48915 32888 3912.50723   63  397 4119.00000 3823.82239  7.17%   200  805s
 48921 32892 3854.38062   21  404 4119.00000 3823.82239  7.17%   200  811s
 48925 32895 3892.10865   34  416 4119.00000 3823.82239  7.17%   200  815s
 48929 32898 3895.32801   51  416 4119.00000 3823.82239  7.17%   200  820s
H48930 31251                    4097.0000000 3823.82239  6.67%   200  822s
 48932 31253 3898.09121   58  411 4097.00000 3823.82239  6.67%   200  825s
 48937 31261 3823.82239   26  352 4097.00000 3823.82239  6.67%   201  831s
 48949 31281 3823.82239   28  401 4097.00000 3823.82239  6.67%   201  835s
 48987 31316 3823.82239   30  379 4097.00000 3823.82239  6.67%   201  842s
H48996 29749                    4072.0000000 3823.82239  6.09%   201  842s
 49013 29796 3823.82239   31  408 4072.00000 3823.82239  6.09%   201  846s
 49101 29846 3823.82239   32  298 4072.00000 3823.82239  6.09%   202  852s
 49147 29873 3823.82239   33  364 4072.00000 3823.82239  6.09%   202  856s
H49171 28378                    4058.0000000 3823.82239  5.77%   202  856s
 49237 28447 3823.82239   34  334 4058.00000 3823.82239  5.77%   203  862s
H49286 27073                    4050.0000000 3823.82239  5.58%   203  864s
 49335 27103 3823.82239   35  299 4050.00000 3823.82239  5.58%   203  866s
 49435 27174 3826.95516   37  344 4050.00000 3823.82239  5.58%   204  871s
 49535 27218 3829.74986   38  311 4050.00000 3823.82239  5.58%   204  876s
 49636 27258 3839.45463   40  394 4050.00000 3823.82239  5.58%   205  881s
 49732 27324 3846.92283   41  204 4050.00000 3823.82239  5.58%   205  886s
 49840 27377 3852.36571   43  217 4050.00000 3823.82239  5.58%   205  892s
 49894 27411 3870.22012   43  212 4050.00000 3823.82239  5.58%   205  895s
 50012 27457 3854.96361   45  198 4050.00000 3823.82239  5.58%   206  900s
H50034 26107                    4016.0000000 3823.82239  4.79%   206  900s

Cutting planes:
  Gomory: 12
  Lift-and-project: 1
  Cover: 257
  Clique: 9
  MIR: 301
  Knapsack: 8
  StrongCG: 235
  Flow cover: 426
  GUB cover: 19
  Zero half: 58
  Mod-K: 1
  RLT: 75
  Relax-and-lift: 101
  BQP: 57

Explored 50059 nodes (10308547 simplex iterations) in 900.04 seconds (678.84 work units)
Thread count was 22 (of 22 available processors)

Solution count 10: 4016 4050 4058 ... 4304

Time limit reached
Best objective 4.016000000000e+03, best bound 3.824000000000e+03, gap 4.7809%

User-callback calls 231287, time in user-callback 1.03 sec
