
Gurobi 13.0.0 (linux64) logging started Thu Jan 15 00:22:26 2026

Set parameter LogFile to value "../experiments/network-n_30_s_1_rp_0-app_set-id_34_16_apps/submip_40_epr0_model_gurobi.log"
Set parameter TimeLimit to value 8.9823240565900051e+02
Gurobi Optimizer version 13.0.0 build v13.0.0rc1 (linux64 - "Ubuntu 24.04.3 LTS")

CPU model: Intel(R) Core(TM) Ultra 7 165H, instruction set [SSE2|AVX|AVX2]
Thread count: 22 physical cores, 22 logical processors, using up to 22 threads

Non-default parameters:
TimeLimit  8.9823240565900051e+02
LogToConsole  0

Academic license 2539022 - for non-commercial use only - registered to al___@studenti.unimi.it
Optimize a model with 7872 rows, 3120 columns and 20067 nonzeros (Min)
Model fingerprint: 0x278ea85e
Model has 3120 linear objective coefficients
Model has 100 quadratic constraints
Variable types: 0 continuous, 3120 integer (3120 binary)
Coefficient statistics:
  Matrix range     [1e+00, 9e+02]
  QMatrix range    [5e+01, 2e+02]
  Objective range  [1e+01, 2e+02]
  Bounds range     [1e+00, 1e+00]
  RHS range        [1e+00, 1e+09]
  QRHS range       [1e+02, 6e+02]
Presolve removed 7647 rows and 2420 columns
Presolve time: 0.02s
Presolved: 3315 rows, 3700 columns, 19012 nonzeros
Variable types: 0 continuous, 3700 integer (3700 binary)

Root relaxation: objective 3.677947e+03, 638 iterations, 0.02 seconds (0.03 work units)

    Nodes    |    Current Node    |     Objective Bounds      |     Work
 Expl Unexpl |  Obj  Depth IntInf | Incumbent    BestBd   Gap | It/Node Time

     0     0 3677.94677    0  108          - 3677.94677      -     -    0s
     0     0 3746.41234    0  144          - 3746.41234      -     -    0s
     0     0 3760.21857    0  147          - 3760.21857      -     -    0s
     0     0 3766.75592    0  140          - 3766.75592      -     -    0s
     0     0 3767.15561    0  143          - 3767.15561      -     -    0s
     0     0 3834.45675    0  175          - 3834.45675      -     -    0s
     0     0 3848.17517    0  168          - 3848.17517      -     -    0s
     0     0 3852.43399    0  163          - 3852.43399      -     -    0s
     0     0 3854.20088    0  164          - 3854.20088      -     -    0s
     0     0 infeasible    0               - infeasible      -     -    0s

Cutting planes:
  Cover: 86
  Clique: 18
  MIR: 115
  Knapsack: 22
  StrongCG: 57
  GUB cover: 8
  Zero half: 6
  RLT: 91
  Relax-and-lift: 11
  BQP: 58

Explored 1 nodes (2949 simplex iterations) in 0.83 seconds (0.74 work units)
Thread count was 22 (of 22 available processors)

Solution count 0

Model is infeasible
Best objective -, best bound -, gap -

User-callback calls 672, time in user-callback 0.00 sec
Set parameter LogToConsole to value 0
