FIXINGS_START
(0, 0, 0)
(0, 6, 0)
(2, 0, 0)
(2, 6, 0)
(3, 0, 0)
(3, 4, 0)
(4, 0, 0)
(4, 6, 0)
(5, 0, 0)
(5, 4, 0)
(6, 0, 0)
(7, 4, 0)
(8, 0, 0)
(9, 0, 0)
(10, 8, 0)
(10, 9, 0)
(11, 0, 0)
(12, 0, 0)
(12, 4, 0)
(13, 0, 0)
(14, 0, 0)
(15, 0, 0)
(12, 1, 0)
(12, 2, 0)
(12, 6, 16)
(12, 7, 1)
(6, 2, 0)
(11, 2, 15)
(0, 2, 12)
(6, 4, 1)
(14, 1, 0)
(0, 3, 0)
(7, 0, 1)
(4, 1, 0)
(6, 5, 0)
(2, 4, 0)
(8, 1, 0)
(15, 1, 3)
(5, 2, 18)
(13, 2, 0)
(13, 3, 0)
(13, 5, 0)
(14, 2, 16)
(0, 4, 0)
(0, 5, 0)
(15, 2, 1)
(4, 3, 0)
(8, 3, 0)
(1, 0, 0)
(3, 1, 0)
(9, 1, 9)
(5, 5, 0)
(11, 3, 0)
(9, 3, 0)
(1, 2, 0)
FIXINGS_END
time 23.262
GUROBI
Status INFEASIBLE
Runtime 23.262069940567017
NodeCount 14640.0
IterCount 1483491.0
NumVars 3120
NumConstrs 7872
ObjBound inf
ObjBoundC inf
ObjVal None
MIPGap inf
