found_sol 2133.0 time 0.096
found_sol 2133.0 time 0.345
found_sol 1759.0 time 0.433
found_sol 1749.0 time 0.448
found_sol 1589.0 time 0.461
found_sol 1541.0 time 0.760
found_sol 1540.0 time 0.951
found_sol 1501.0 time 0.975
found_sol 1336.0 time 1.080
found_sol 1334.0 time 1.757
found_sol 1334.0 time 1.769
found_sol 1332.0 time 1.770
time 1.774
GUROBI
Status OPTIMAL
Runtime 1.7741541862487793
NodeCount 1.0
IterCount 1053.0
NumVars 2340
NumConstrs 10940
ObjBound 1332.0
ObjBoundC 1332.0
ObjVal 1332.0
MIPGap 0.0
