
Gurobi 13.0.0 (linux64) logging started Fri Jan  2 17:15:46 2026

Set parameter LogFile to value "../experiments/network-n_50_s_2_rp_0-app_set-id_55_23_apps/compact_model_gurobi.log"
Set parameter TimeLimit to value 900
Gurobi Optimizer version 13.0.0 build v13.0.0rc1 (linux64 - "Ubuntu 24.04.3 LTS")

CPU model: Intel(R) Core(TM) Ultra 7 165H, instruction set [SSE2|AVX|AVX2]
Thread count: 22 physical cores, 22 logical processors, using up to 22 threads

Non-default parameters:
TimeLimit  900
LogToConsole  0

Academic license 2539022 - for non-commercial use only - registered to al___@studenti.unimi.it
Optimize a model with 38750 rows, 7500 columns and 87917 nonzeros (Min)
Model fingerprint: 0x5f08b53c
Model has 7500 linear objective coefficients
Model has 162 quadratic constraints
Variable types: 0 continuous, 7500 integer (7500 binary)
Coefficient statistics:
  Matrix range     [1e+00, 9e+02]
  QMatrix range    [5e+01, 2e+02]
  Objective range  [1e+01, 2e+02]
  Bounds range     [1e+00, 1e+00]
  RHS range        [1e+00, 1e+09]
  QRHS range       [1e+02, 6e+02]
Presolve removed 37136 rows and 4576 columns
Presolve time: 0.38s
Presolved: 32991 rows, 34141 columns, 205582 nonzeros
Variable types: 0 continuous, 34141 integer (34141 binary)
Deterministic concurrent LP optimizer: primal and dual simplex
Showing primal log only...

Concurrent spin time: 0.00s

Solved with dual simplex

Root relaxation: objective 7.278456e+03, 4901 iterations, 1.08 seconds (1.26 work units)

    Nodes    |    Current Node    |     Objective Bounds      |     Work
 Expl Unexpl |  Obj  Depth IntInf | Incumbent    BestBd   Gap | It/Node Time

     0     0 7278.45559    0  343          - 7278.45559      -     -    2s
     0     0 7283.21589    0  359          - 7283.21589      -     -    2s
     0     0 7283.25781    0  346          - 7283.25781      -     -    2s
     0     0 7831.51358    0  383          - 7831.51358      -     -    5s
     0     0 7836.44187    0  378          - 7836.44187      -     -    5s
     0     0 infeasible    0               - infeasible      -     -    6s

Cutting planes:
  Gomory: 7
  Cover: 33
  Implied bound: 1
  Clique: 33
  MIR: 33
  Knapsack: 9
  StrongCG: 21
  GUB cover: 13
  Zero half: 19
  RLT: 140
  Relax-and-lift: 13
  BQP: 48

Explored 1 nodes (10299 simplex iterations) in 6.95 seconds (7.18 work units)
Thread count was 22 (of 22 available processors)

Solution count 0

Model is infeasible
Best objective -, best bound -, gap -

User-callback calls 1144, time in user-callback 0.00 sec
