
Gurobi 13.0.0 (linux64) logging started Sun Jan 18 12:45:14 2026

Set parameter LogFile to value "../experiments/network-n_60_s_2_rp_0-app_set-id_50_21_apps/submip_40_epr1_model_gurobi.log"
Set parameter TimeLimit to value 8.0835892928000249e+02
Gurobi Optimizer version 13.0.0 build v13.0.0rc1 (linux64 - "Ubuntu 24.04.3 LTS")

CPU model: Intel(R) Core(TM) Ultra 7 165H, instruction set [SSE2|AVX|AVX2]
Thread count: 22 physical cores, 22 logical processors, using up to 22 threads

Non-default parameters:
TimeLimit  8.0835892928000249e+02
LogToConsole  0

Academic license 2539022 - for non-commercial use only - registered to al___@studenti.unimi.it
Optimize a model with 38467 rows, 8160 columns and 88372 nonzeros (Min)
Model fingerprint: 0xc6a55190
Model has 8160 linear objective coefficients
Model has 190 quadratic constraints
Variable types: 0 continuous, 8160 integer (8160 binary)
Coefficient statistics:
  Matrix range     [1e+00, 8e+02]
  QMatrix range    [5e+01, 2e+02]
  Objective range  [1e+01, 2e+02]
  Bounds range     [1e+00, 1e+00]
  RHS range        [1e+00, 1e+09]
  QRHS range       [1e+02, 6e+02]

MIP start from previous solve did not produce a new incumbent solution
MIP start from previous solve violates constraint fixed_app_15_microservice_3 by 1.000000000

Presolve removed 38055 rows and 6501 columns
Presolve time: 0.12s
Presolved: 14903 rows, 15973 columns, 93084 nonzeros
Variable types: 0 continuous, 15973 integer (15973 binary)

Root relaxation: objective 4.971963e+03, 1772 iterations, 0.15 seconds (0.24 work units)

    Nodes    |    Current Node    |     Objective Bounds      |     Work
 Expl Unexpl |  Obj  Depth IntInf | Incumbent    BestBd   Gap | It/Node Time

     0     0 4971.96259    0  143          - 4971.96259      -     -    0s
     0     0 5013.75271    0  156          - 5013.75271      -     -    1s
     0     0 5027.19667    0  171          - 5027.19667      -     -    1s
     0     0 5027.32474    0  181          - 5027.32474      -     -    1s
     0     0 5048.25010    0  174          - 5048.25010      -     -    2s
     0     0 5054.63422    0  219          - 5054.63422      -     -    2s
     0     0 5057.66283    0  231          - 5057.66283      -     -    2s
     0     0 5058.43771    0  204          - 5058.43771      -     -    3s
     0     0 5071.09542    0  260          - 5071.09542      -     -    3s
     0     0 5073.80024    0  271          - 5073.80024      -     -    4s
     0     0 5075.69315    0  284          - 5075.69315      -     -    4s
     0     0 5080.74356    0  254          - 5080.74356      -     -    5s
     0     0 5080.76908    0  250          - 5080.76908      -     -    5s
     0     0 5080.76908    0  248          - 5080.76908      -     -    5s
     0     2 5080.77358    0  243          - 5080.77358      -     -    6s
   200   230 5084.43176   12  239          - 5082.99812      -   148   10s
   397   420 5086.84998   16  245          - 5082.99812      -   157   16s
   578   604 5090.47707   22  211          - 5082.99812      -   152   20s
   881   922 5097.43872   40  214          - 5082.99812      -   148   26s
  1095  1138 5102.23280   45  170          - 5082.99812      -   153   30s
  1683  1835 5132.23401   80  119          - 5082.99812      -   140   35s
  2581  2498 5090.62617    8  221          - 5082.99812      -   127   40s
  3577  3330 5118.43254   29  166          - 5083.29527      -   121   45s
  4615  4242 5156.91941   51  119          - 5083.29527      -   117   51s
  5142  4421 5092.08063    8  155          - 5083.29527      -   117   56s
  5152  4428 5154.57959   56  280          - 5086.10386      -   117   60s
  5182  4448 5173.44023   93  289          - 5099.84883      -   116   65s
  5209  4466 5126.49117   35  330          - 5112.40228      -   116   70s
  5229  4479 5150.20129   96  340          - 5114.29195      -   115   75s
  5253  4495 5115.73516   24  358          - 5115.73516      -   115   80s
  5278  4512 5119.49235   12  326          - 5119.49235      -   114   85s
  5307  4531 5164.92598   60  335          - 5120.97629      -   114   90s
  5321  4542 5147.01102   47 6677          - 5121.04632      -   118   95s
  5327  4546 5138.44595   61  234          - 5121.08703      -   118  100s
  5353  4563 5121.48842   24  340          - 5121.48842      -   118  105s
  5373  4577 5123.66235   37  348          - 5121.71056      -   117  110s
  5381  4582 5156.92288   81  346          - 5121.77026      -   117  116s
  5398  4593 5264.49080   88  337          - 5122.96972      -   117  120s
  5419  4607 5145.91918   51  341          - 5123.64135      -   116  125s
  5447  4626 5124.28878   22  360          - 5124.28878      -   116  130s
  5474  4644 5125.31413   44  368          - 5125.31413      -   115  135s
  5480  4651 5126.55829   27  303          - 5125.64752      -   118  140s
  5510  4691 5127.88823   31  325          - 5127.83707      -   120  145s
  5576  4746 5159.10164   33  260          - 5127.90894      -   121  150s
  5642  4777 5131.45962   34  250          - 5127.90894      -   124  155s
  5686  4806 5131.54331   35  262          - 5127.90894      -   126  160s
  5730  4840 5136.82491   36  236          - 5127.90894      -   127  165s
  5827  4919 5132.64907   38  289          - 5127.90894      -   130  171s
  5906  4965 5134.92998   40  289          - 5127.90894      -   131  176s
  5973  5010 5136.26320   42  269          - 5127.90894      -   133  180s
  6037  5049 5267.65555   43  227          - 5127.90894      -   135  185s
  6114  5086 5146.37378   45  241          - 5127.90894      -   139  192s
  6158  5116 5146.56293   46  229          - 5127.90894      -   142  197s
  6204  5150 5147.63831   47  222          - 5127.90894      -   145  202s
  6234  5176 5147.77315   48  219          - 5127.90894      -   146  205s
  6296  5209 5148.44988   50  222          - 5127.90894      -   148  211s
  6375  5272 5163.29808   52  195          - 5127.90894      -   151  217s
  6425  5315 5150.33356   54  188          - 5127.90894      -   152  221s
H 6451  5071                    5322.0000000 5127.90894  3.65%   153  221s
  6595  5200 5180.86271   57  158 5322.00000 5127.90894  3.65%   156  228s
  6707  5263 5154.80350   59  209 5322.00000 5127.90894  3.65%   158  231s
  6842  5314 5159.82826   60  200 5322.00000 5129.94314  3.61%   161  235s
  7145  5514 5163.56125   64  198 5322.00000 5130.06861  3.61%   166  242s
  7340  5616 5177.83971   68  168 5322.00000 5130.06861  3.61%   167  246s
  7768  5818 5184.42138   75  148 5322.00000 5131.46394  3.58%   169  253s
  8029  5901 5188.76969   80  146 5322.00000 5131.46394  3.58%   170  257s
  8278  5989     cutoff   85      5322.00000 5131.57687  3.58%   170  261s
  8752  6148 5218.59720   99  132 5322.00000 5131.57687  3.58%   173  268s
H 8762  5921                    5321.0000000 5131.57687  3.56%   173  268s
H 8794  5698                    5320.0000000 5131.57687  3.54%   173  268s
H 8930  5702                    5319.0000000 5131.57687  3.52%   174  273s
  9274  5785 5283.33309  112  122 5319.00000 5131.57687  3.52%   173  277s
  9605  5701 5251.58697  130  120 5319.00000 5131.57687  3.52%   174  281s
H 9606  5499                    5314.0000000 5131.57687  3.43%   174  281s
H 9625  5229                    5294.0000000 5133.68975  3.03%   174  281s
  9659  5372     cutoff  130      5294.00000 5133.68975  3.03%   175  286s
  9866  5587 5173.42633   39  237 5294.00000 5133.68975  3.03%   176  291s
 10223  5704 5187.42686   43  205 5294.00000 5133.68975  3.03%   176  296s
 10554  5905 5207.13426   47  177 5294.00000 5133.68975  3.03%   177  300s
 10939  6048 5213.44424   51  176 5294.00000 5133.68975  3.03%   177  305s
H10968  5825                    5287.0000000 5133.68975  2.90%   177  305s
 11316  5975 5226.40366   55  192 5287.00000 5133.68975  2.90%   177  310s
 11658  6176 5285.21254   60  174 5287.00000 5133.68975  2.90%   178  316s
 12033  6406 5276.79892   66  166 5287.00000 5133.68975  2.90%   179  321s
 12484  6689 5156.29724   38  255 5287.00000 5133.97989  2.89%   180  327s
 13106  6849 5215.08894   46  159 5287.00000 5133.97989  2.89%   179  333s
 13655  6843 5167.32933   40  220 5287.00000 5133.97989  2.89%   178  339s
 13951  7193 5184.65611   47  153 5287.00000 5133.97989  2.89%   178  345s
 14499  7389 5216.97745   73  140 5287.00000 5133.97989  2.89%   179  351s
 15092  7523 5184.38553   38  244 5287.00000 5133.97989  2.89%   179  358s
 15533  7817 5211.84908   41  197 5287.00000 5133.97989  2.89%   180  364s
 15936  8058 5240.85196   46  158 5287.00000 5133.97989  2.89%   182  371s
 16534  8463 5162.65509   45  265 5287.00000 5137.17009  2.83%   182  378s
 17052  8891 5240.99173   80  126 5287.00000 5140.01099  2.78%   183  386s
 17646  9405 5185.19956   39  257 5287.00000 5140.51327  2.77%   182  394s
 18322  9976 5245.32242   68  144 5287.00000 5140.64159  2.77%   181  402s
 19077 10751 5205.81539   56  196 5287.00000 5140.72321  2.77%   180  411s
 20015 11205 5265.90947  107  128 5287.00000 5141.49515  2.75%   178  419s
 20745 11329 5190.43929   41  225 5287.00000 5142.64157  2.73%   178  428s
 21130 11958 5209.93837   59  170 5287.00000 5142.82048  2.73%   180  437s
 21993 12515 5175.59827   37  276 5287.00000 5142.82048  2.73%   179  447s
 22773 12941 5259.26445   67  164 5287.00000 5144.02694  2.70%   180  457s
 23458 13223 infeasible   44      5287.00000 5145.77205  2.67%   181  467s
 24118 13307 5233.62493   45  174 5287.00000 5146.71217  2.65%   183  482s
 24240 15535 5263.92532   47  163 5287.00000 5146.71217  2.65%   184  524s
 28002 15980 5271.88280   76   92 5287.00000 5149.04898  2.61%   187  537s
 28635 17141 5258.47256   61  120 5287.00000 5149.52361  2.60%   187  550s
 30228 17897 5202.72471   47  214 5287.00000 5150.66549  2.58%   185  561s
 31387 18579 5242.12056   85  100 5287.00000 5151.77927  2.56%   185  574s
 32359 19639 5188.77675   39  184 5287.00000 5152.42511  2.55%   185  587s
 33822 20258 5200.00655   37  172 5287.00000 5152.95477  2.54%   184  602s
 34740 21065 5234.79703   52  158 5287.00000 5153.10478  2.53%   184  616s
 35950 21730 5214.83786   45  199 5287.00000 5153.35967  2.53%   185  630s
 37095 22471 5221.78868   52  182 5287.00000 5154.41959  2.51%   186  645s
 38392 23225     cutoff   48      5287.00000 5154.74717  2.50%   188  661s
 39541 24405 5201.76077   63  165 5287.00000 5155.37838  2.49%   187  677s
 41210 25491 5229.61128   66  145 5287.00000 5155.88283  2.48%   187  694s
 42702 26373 5226.69775   47  228 5287.00000 5156.68584  2.46%   186  711s
 44084 27095     cutoff   52      5287.00000 5157.41522  2.45%   187  730s
 45390 28269 5173.08393   45  214 5287.00000 5157.80055  2.44%   188  749s
 47273 29528 5280.67355   54  152 5287.00000 5158.39357  2.43%   187  768s

Cutting planes:
  Gomory: 2
  Lift-and-project: 1
  Cover: 632
  Implied bound: 1
  Clique: 79
  MIR: 450
  Mixing: 1
  Knapsack: 12
  StrongCG: 279
  Flow cover: 422
  GUB cover: 33
  Inf proof: 2
  Zero half: 130
  Mod-K: 1
  RLT: 76
  Relax-and-lift: 63
  BQP: 37

Explored 49156 nodes (9217524 simplex iterations) in 808.41 seconds (647.24 work units)
Thread count was 22 (of 22 available processors)

Solution count 7: 5287 5294 5314 ... 5322

Time limit reached
Best objective 5.287000000000e+03, best bound 5.160000000000e+03, gap 2.4021%

User-callback calls 204477, time in user-callback 0.72 sec
