FIXINGS_START
(0, 0, 0)
(1, 0, 0)
(2, 0, 0)
(2, 9, 0)
(3, 0, 0)
(4, 0, 0)
(5, 0, 0)
(6, 0, 0)
(6, 4, 0)
(7, 0, 0)
(7, 8, 0)
(8, 0, 0)
(9, 0, 0)
(9, 6, 0)
(10, 2, 0)
(11, 0, 0)
(12, 0, 0)
(12, 6, 0)
(13, 0, 0)
(13, 1, 0)
(14, 0, 0)
(14, 4, 0)
(15, 0, 0)
(15, 1, 0)
(16, 0, 0)
(16, 4, 0)
(17, 8, 0)
(17, 9, 0)
(18, 0, 0)
(18, 4, 0)
(19, 0, 0)
(20, 9, 0)
(5, 1, 34)
(3, 1, 0)
(15, 2, 0)
(4, 1, 28)
(15, 6, 0)
(3, 2, 0)
(0, 1, 37)
(1, 3, 0)
(0, 2, 0)
(3, 3, 0)
(14, 5, 0)
(7, 1, 5)
(4, 2, 28)
(13, 2, 0)
(20, 0, 0)
(11, 1, 0)
(13, 3, 0)
(10, 1, 0)
(2, 4, 0)
(2, 5, 0)
(11, 2, 0)
(13, 4, 25)
(2, 6, 0)
(12, 4, 0)
(11, 5, 0)
(16, 1, 0)
(16, 2, 0)
(7, 2, 33)
(12, 5, 34)
(7, 3, 0)
(1, 4, 0)
(7, 4, 33)
(7, 5, 38)
(16, 6, 22)
(13, 5, 0)
(20, 1, 0)
(12, 7, 0)
(7, 6, 0)
(20, 2, 22)
(2, 7, 0)
(1, 5, 0)
(20, 3, 0)
FIXINGS_END
found_sol 5318.0 time 40.805
found_sol 5310.0 time 42.038
found_sol 5303.0 time 42.048
found_sol 5296.0 time 43.512
found_sol 5295.0 time 43.515
found_sol 5294.0 time 46.313
found_sol 5293.0 time 47.765
found_sol 5289.0 time 47.768
found_sol 5288.0 time 47.771
found_sol 5276.0 time 49.407
found_sol 5271.0 time 52.657
found_sol 5271.0 time 79.391
found_sol 5276.0 time 79.394
found_sol 5288.0 time 79.397
found_sol 5257.0 time 482.077
found_sol 5256.0 time 577.262
found_sol 5243.0 time 661.375
time 891.247
GUROBI
Status TIME_LIMIT
Runtime 891.2463550567627
NodeCount 20216.0
IterCount 6158152.0
NumVars 8160
NumConstrs 38467
ObjBound 5158.0
ObjBoundC 5157.094614319912
ObjVal 5243.0
MIPGap 0.01621209231356094
