FIXINGS_START
(0, 0, 0)
(1, 0, 0)
(2, 0, 0)
(2, 9, 0)
(3, 0, 0)
(4, 0, 0)
(5, 0, 0)
(6, 0, 0)
(6, 4, 0)
(7, 0, 0)
(7, 8, 0)
(8, 0, 0)
(9, 0, 0)
(9, 6, 0)
(10, 2, 0)
(11, 0, 0)
(12, 0, 0)
(12, 6, 0)
(13, 0, 0)
(13, 1, 0)
(14, 0, 0)
(14, 4, 0)
(15, 0, 0)
(15, 1, 0)
(16, 0, 0)
(16, 4, 0)
(17, 8, 0)
(17, 9, 0)
(18, 0, 0)
(18, 4, 0)
(19, 0, 0)
(20, 9, 0)
(6, 5, 0)
(12, 4, 0)
(12, 5, 34)
(12, 7, 0)
(18, 1, 0)
(18, 3, 0)
(18, 7, 0)
(10, 1, 0)
(14, 2, 37)
(7, 2, 33)
(1, 3, 0)
(14, 5, 0)
(5, 2, 29)
(16, 1, 0)
(17, 2, 0)
(7, 3, 0)
(9, 2, 6)
(2, 4, 0)
(6, 6, 0)
(7, 4, 33)
(17, 4, 0)
(16, 2, 0)
(7, 5, 38)
(14, 6, 37)
(17, 7, 0)
(0, 1, 28)
(15, 2, 0)
(2, 5, 0)
(1, 4, 0)
(0, 2, 0)
(3, 1, 0)
(7, 6, 0)
(1, 5, 0)
(15, 3, 5)
(20, 0, 0)
(2, 6, 0)
(2, 7, 0)
(16, 6, 22)
(11, 1, 0)
(11, 2, 0)
(13, 2, 0)
(3, 2, 0)
FIXINGS_END
found_sol 5322.0 time 221.153
found_sol 5321.0 time 268.921
found_sol 5320.0 time 268.922
found_sol 5319.0 time 273.403
found_sol 5314.0 time 281.982
found_sol 5294.0 time 281.991
found_sol 5287.0 time 305.834
found_sol 5287.0 time 808.411
time 808.431
GUROBI
Status TIME_LIMIT
Runtime 808.431058883667
NodeCount 49156.0
IterCount 9217524.0
NumVars 8160
NumConstrs 38467
ObjBound 5160.0
ObjBoundC 5159.153519409554
ObjVal 5287.0
MIPGap 0.02402118403631549
