
Gurobi 13.0.0 (linux64) logging started Sat Jan  3 01:03:35 2026

Set parameter LogFile to value "../experiments/network-n_50_s_2_rp_0-app_set-id_38_17_apps/compact_model_gurobi.log"
Set parameter TimeLimit to value 900
Gurobi Optimizer version 13.0.0 build v13.0.0rc1 (linux64 - "Ubuntu 24.04.3 LTS")

CPU model: Intel(R) Core(TM) Ultra 7 165H, instruction set [SSE2|AVX|AVX2]
Thread count: 22 physical cores, 22 logical processors, using up to 22 threads

Non-default parameters:
TimeLimit  900
LogToConsole  0

Academic license 2539022 - for non-commercial use only - registered to al___@studenti.unimi.it
Optimize a model with 33570 rows, 5500 columns and 74766 nonzeros (Min)
Model fingerprint: 0xdadb9c5e
Model has 5500 linear objective coefficients
Model has 162 quadratic constraints
Variable types: 0 continuous, 5500 integer (5500 binary)
Coefficient statistics:
  Matrix range     [1e+00, 9e+02]
  QMatrix range    [5e+01, 2e+02]
  Objective range  [1e+01, 2e+02]
  Bounds range     [1e+00, 1e+00]
  RHS range        [1e+00, 1e+09]
  QRHS range       [1e+02, 6e+02]
Presolve removed 32184 rows and 3375 columns
Presolve time: 0.33s
Presolved: 24490 rows, 25069 columns, 156008 nonzeros
Variable types: 0 continuous, 25069 integer (25069 binary)
Deterministic concurrent LP optimizer: primal and dual simplex
Showing primal log only...

Concurrent spin time: 0.00s

Solved with dual simplex

Root relaxation: objective 3.986668e+03, 2446 iterations, 0.63 seconds (0.51 work units)

    Nodes    |    Current Node    |     Objective Bounds      |     Work
 Expl Unexpl |  Obj  Depth IntInf | Incumbent    BestBd   Gap | It/Node Time

     0     0 3986.66815    0  304          - 3986.66815      -     -    1s
     0     0 3987.46572    0  305          - 3987.46572      -     -    1s
     0     0 3987.46798    0  302          - 3987.46798      -     -    1s
     0     0 4287.11506    0  303          - 4287.11506      -     -    4s
     0     0 4367.47555    0  336          - 4367.47555      -     -    4s
     0     0 4368.73932    0  331          - 4368.73932      -     -    5s
     0     0 4369.40794    0  353          - 4369.40794      -     -    5s
     0     0 4538.42843    0  356          - 4538.42843      -     -    7s
     0     0 4566.74738    0  385          - 4566.74738      -     -    8s
     0     0 4575.72838    0  378          - 4575.72838      -     -    8s
     0     0 4580.48078    0  402          - 4580.48078      -     -    8s
     0     0 4627.54145    0  373          - 4627.54145      -     -   11s
     0     0 4664.17844    0  450          - 4664.17844      -     -   12s
     0     0 4673.40978    0  455          - 4673.40978      -     -   13s
     0     0 4716.89437    0  433          - 4716.89437      -     -   16s
     0     0 4716.90037    0  427          - 4716.90037      -     -   16s
     0     0 4716.90037    0  427          - 4716.90037      -     -   16s
     0     2 4717.40507    0  403          - 4717.40507      -     -   18s
     3     8 4719.18236    2  393          - 4717.61444      -   431   20s
    53   107 4724.92980    6  391          - 4724.92980      -   424   26s
   184   224 4729.56758   12  389          - 4726.13481      -   345   32s
   316   337 4733.68536   17  379          - 4726.13481      -   349   36s
   431   439 4739.78553   19  371          - 4726.13481      -   361   41s
   453   469 4749.31741   20  379          - 4726.13481      -   356   45s
   541   551 4750.38789   22  355          - 4726.13481      -   348   50s
   658   660 4755.31327   25  360          - 4726.13481      -   351   57s
   724   731 4774.55982   26  351          - 4726.13481      -   347   60s
   835   835 4792.33251   29  337          - 4726.13481      -   346   66s
   882   857 4791.44747   29  322          - 4726.13481      -   340   73s
   904   878 4792.23968   30  318          - 4726.13481      -   339   75s
   976   939 4796.54395   33  323          - 4727.54022      -   335   81s
  1020   983 4799.91009   34  331          - 4727.54022      -   331   86s
  1064  1040 4807.70606   36  368          - 4727.54022      -   328   91s
  1134  1111 4809.45315   37  367          - 4727.54022      -   322   97s
  1174  1149 4810.04514   38  363          - 4727.54022      -   319  100s
  1252  1226 4826.77225   39  358          - 4727.54022      -   314  105s
  1321  1275 4816.81772   41  347          - 4727.54022      -   312  111s
  1343  1296 4817.18953   42  339          - 4727.54022      -   312  115s
  1397  1347 4895.41581   43  292          - 4727.54022      -   314  121s
  1421  1378 4822.69262   44  327          - 4727.54022      -   317  125s
  1503  1446 4826.08288   46  334          - 4727.54022      -   315  132s
  1540  1493 4832.65068   47  338          - 4727.54022      -   312  136s
  1722  1701 4856.79498   58  301          - 4727.54022      -   301  143s
  1849  1793 5063.88764   66  280          - 4727.54022      -   295  147s
  1983  1883 4914.20514   70  297          - 4727.54022      -   292  151s
  2147  1988 4949.21371   76  300          - 4727.54022      -   286  155s
  2428  2174 infeasible  111               - 4727.54022      -   285  164s
  2570  2319 4753.50777   16  351          - 4727.54022      -   284  168s
  2727  2449 4799.38484   23  320          - 4727.54022      -   284  173s
  2889  2584 4823.51544   31  341          - 4727.54022      -   284  178s
  3050  2737 4858.57677   34  335          - 4733.61701      -   285  183s
  3233  2922 4886.23714   40  299          - 4733.61701      -   283  188s
  3448  3144 4957.66750   50  287          - 4733.61701      -   282  193s
  3691  3145 5058.28450   29 11671          - 4733.61701      -   280  200s
  3694  3147 4882.47459   23  367          - 4733.61701      -   280  206s
  3695  3148 4856.45433   24  419          - 4733.61701      -   280  210s
  3697  3149 4857.33645   37  441          - 4733.61701      -   280  216s
  3704  3154 4903.21463   52  536          - 4742.96027      -   279  221s
  3709  3157 4927.75461   50  563          - 4782.65399      -   279  225s
  3716  3162 5227.30942   76  554          - 4794.40104      -   279  230s
  3729  3170 5096.42842   54  631          - 4814.25439      -   278  236s
  3735  3174 4830.99479   31  653          - 4830.99479      -   277  240s
  3745  3181 4909.59540   65  643          - 4839.95293      -   276  245s
  3758  3190 5279.40078   88  643          - 4845.98580      -   275  250s
  3771  3198 4895.94124   29  642          - 4853.22572      -   274  255s
  3780  3204 4858.43694   20  666          - 4858.43694      -   274  260s
  3794  3214 4882.47459   23  709          - 4861.86733      -   273  265s
  3812  3226 5095.87800   54  688          - 4864.69279      -   272  270s
  3823  3233 4995.12995   55  691          - 4866.08377      -   271  275s
  3831  3238 4867.92439    9  737          - 4867.92439      -   270  280s
  3843  3246 4893.71926   54  757          - 4871.71203      -   269  285s
  3854  3254 4880.17764   17  706          - 4880.17764      -   269  291s
  3868  3263 4882.68876   19  784          - 4882.68876      -   268  296s
  3882  3272 5196.16490   45  747          - 4888.18297      -   267  301s
  3892  3279 4891.17144   16  771          - 4891.17144      -   266  305s
  3905  3288 5156.43561    9  788          - 4892.89241      -   265  310s
  3920  3298 4895.59909   15  782          - 4895.59909      -   264  315s
  3932  3306 4897.21668   13  776          - 4897.21668      -   263  320s
  3938  3310 4965.99336   54  782          - 4897.33581      -   263  325s
  3945  3314 4909.59540   65  757          - 4897.78775      -   262  330s
  3960  3324 4995.12995   55  766          - 4898.83546      -   261  335s
  3971  3332 4899.37135   29  813          - 4899.37135      -   261  351s
  3983  3340 5349.19227   57  831          - 4899.96729      -   260  355s
  3990  3344 4944.32190   46  772          - 4900.50091      -   259  360s
  4003  3353 4902.16505   15  793          - 4902.16505      -   259  365s
  4010  3358 5014.40028   61  809          - 4902.56733      -   258  371s
  4019  3364 4903.38117   10  779          - 4903.38117      -   258  375s
  4028  3370 4904.19578   36  828          - 4904.19578      -   257  380s
  4042  3379 4954.81453   22  869          - 4904.78715      -   256  385s
  4051  3385 5056.85119   29  857          - 4905.04594      -   256  391s
  4057  3389 5095.51165   66  860          - 4905.09517      -   255  395s
  4063  3394 4905.10171   28 11671          - 4905.10171      -   280  400s
  4066  3396 5160.30566   65  357          - 4905.10171      -   280  407s
  4067  3397 4905.10171   23  413          - 4905.10171      -   280  410s
  4069  3398 4906.42859    9  532          - 4906.42859      -   280  418s
  4070  3399 4913.26283   18  514          - 4906.53937      -   280  420s
  4072  3400 4908.70691   24  618          - 4908.70691      -   280  427s
  4074  3401 4946.63407   39  720          - 4910.24419      -   279  431s
  4083  3407 5349.19227   57  769          - 4910.24419      -   279  435s
  4094  3415 4911.35282   23  730          - 4911.35282      -   278  440s
  4104  3421 4911.35282   52  732          - 4911.35282      -   277  445s
  4113  3427 5250.63465   52  738          - 4913.39235      -   277  450s
  4120  3432 4915.74634   15  696          - 4915.74634      -   276  455s
  4137  3443 4915.74634   11  758          - 4915.74634      -   275  460s
  4146  3449 5173.24455   46  781          - 4915.74634      -   275  465s
  4158  3457 5279.40078   88  776          - 4915.74634      -   274  470s
  4164  3461 4915.74634   29  722          - 4915.74634      -   273  477s
  4173  3467 4915.74634   11  771          - 4915.74634      -   273  481s
  4184  3475 5360.71946   57  730          - 4919.69220      -   272  485s
  4198  3484 4920.28263   32  772          - 4920.28263      -   271  490s
  4208  3491 4920.80850   35  683          - 4920.80850      -   271  495s
  4220  3499 4921.38211   15  768          - 4921.38211      -   270  500s
  4225  3502 4921.48717   23  737          - 4921.48717      -   269  505s
  4239  3511 4921.67268   14  755          - 4921.67268      -   269  510s
  4252  3520 4921.96217   35  777          - 4921.96217      -   268  515s
  4258  3524 5279.40078   88  776          - 4922.26265      -   267  533s
  4260  3525 4995.12995   55  731          - 4922.46002      -   267  535s
  4278  3537 5016.90279   44  760          - 4922.87774      -   266  540s
  4288  3544 4923.76341   40  766          - 4923.76341      -   266  545s
  4299  3551 5026.74161   46  767          - 4924.07198      -   265  550s
  4304  3555 4924.13027   52  750          - 4924.13027      -   265  555s
  4306  3556 4990.83207   26  729          - 4924.13227      -   264  566s
  4309  3563 4927.93476   20  648          - 4927.55055      -   279  571s
  4313  3570 4946.63844   21  618          - 4927.93476      -   280  575s
  4337  3600 4949.72754   23  591          - 4935.78567      -   285  584s
  4359  3628 4952.95502   24  588          - 4935.89826      -   288  591s
  4395  3638 4963.08853   25  523          - 4935.90727      -   291  598s
  4417  3659 4976.55934   26  538          - 4935.90727      -   293  605s
  4445  3673 4960.49649   26  548          - 4935.90727      -   297  611s
  4468  3688 4968.35923   27  548          - 4935.90727      -   300  617s
  4491  3704 4973.30884   27  529          - 4935.90727      -   305  623s
  4515  3720 4975.37286   28  517          - 4935.90727      -   307  630s
  4539  3737 4993.59567   28  515          - 4935.90727      -   310  636s
  4564  3756 4976.90277   29  591          - 4935.90727      -   313  642s
  4591  3775 4998.20651   29  522          - 4935.90727      -   315  649s
  4619  3793 4978.48294   30  554          - 4935.90727      -   319  656s
  4648  3812 5030.61967   30  543          - 4935.90727      -   322  663s
  4679  3838 4981.44618   31  503          - 4935.90727      -   328  669s
  4715  3859 5006.58696   31  507          - 4935.90727      -   331  676s
  4748  3892 4982.66074   32  523          - 4935.90727      -   334  683s
  4792  3921 5007.95027   32  512          - 4935.90727      -   338  689s
  4836  3945 4983.89538   33  541          - 4935.90727      -   343  695s
  4879  3972 4999.84437   33  527          - 4935.90727      -   349  703s
  4922  4011 4985.57694   34  522          - 4935.90727      -   355  709s
  4975  4039 5089.96333   34  464          - 4935.90727      -   361  715s
  5023  4070 4996.32653   35  523          - 4935.90727      -   366  722s
  5072  4111 4987.89541   35  521          - 4935.90727      -   374  731s
  5129  4140 4992.34245   36  539          - 4935.90727      -   381  739s
  5183  4160 4995.63860   37  545          - 4935.90727      -   390  748s
  5225  4201 5008.19813   38  469          - 4935.90727      -   397  757s
  5286  4232 5040.14159   39  473          - 4935.90727      -   406  767s
  5342  4273 5025.03537   40  472          - 4935.90727      -   415  778s
  5409  4272 5021.70244   42  469          - 4935.90727      -   425  786s
  5431  4286 5033.21712   42  466          - 4935.90727      -   428  795s
  5454  4298 5029.96208   43  481          - 4935.90727      -   431  804s
  5480  4312 5085.33963   43  436          - 4935.90727      -   435  813s
  5506  4323 5038.90224   44  481          - 4935.90727      -   438  823s
  5532  4339 5050.83189   44  476          - 4935.90727      -   441  832s
  5557  4353 5054.35610   45  484          - 4935.90727      -   447  842s
  5587  4363 6103.74819   45  377          - 4935.90727      -   453  853s
  5621  4379 5056.72503   46  459          - 4935.90727      -   459  864s
  5654  4388 5083.15457   46  447          - 4935.90727      -   463  875s
  5704  4401 5063.60623   47  429          - 4935.90727      -   465  887s
  5756  4413 5066.04674   47  451          - 4940.38172      -   468  899s
  5813  4397 5154.29593   56  409          - 4940.38172      -   475  900s

Cutting planes:
  Gomory: 3
  Lift-and-project: 1
  Cover: 67
  Clique: 38
  MIR: 175
  Knapsack: 9
  StrongCG: 61
  Flow cover: 200
  GUB cover: 12
  Zero half: 49
  Mod-K: 10
  RLT: 75
  Relax-and-lift: 95
  BQP: 8

Explored 5816 nodes (2778378 simplex iterations) in 900.03 seconds (863.19 work units)
Thread count was 22 (of 22 available processors)

Solution count 0

Time limit reached
Best objective -, best bound 4.941000000000e+03, gap -

User-callback calls 163916, time in user-callback 0.90 sec
