FIXINGS_START
(0, 6, 0)
(1, 0, 0)
(2, 5, 0)
(3, 0, 0)
(3, 1, 0)
(4, 0, 0)
(5, 0, 0)
(5, 4, 0)
(6, 0, 0)
(6, 4, 0)
(7, 0, 0)
(8, 0, 0)
(8, 4, 0)
(9, 0, 0)
(9, 8, 0)
(10, 0, 0)
(10, 4, 0)
(11, 0, 0)
(11, 7, 0)
(12, 0, 0)
(13, 0, 0)
(13, 1, 0)
(14, 0, 0)
(15, 0, 0)
(16, 0, 0)
(3, 3, 0)
(0, 0, 0)
(9, 3, 0)
(11, 3, 0)
(14, 2, 0)
(8, 6, 0)
(2, 0, 18)
(6, 1, 0)
(15, 2, 4)
(12, 2, 0)
(2, 1, 0)
(16, 3, 0)
(12, 3, 0)
(2, 3, 0)
(4, 1, 17)
(11, 4, 0)
(1, 2, 1)
(1, 4, 0)
(15, 3, 0)
(12, 4, 0)
(6, 5, 0)
(15, 4, 0)
(9, 6, 0)
(9, 7, 14)
(13, 3, 3)
(12, 5, 0)
FIXINGS_END
time 3.056
GUROBI
Status INFEASIBLE
Runtime 3.0556800365448
NodeCount 1.0
IterCount 6488.0
NumVars 5500
NumConstrs 33621
ObjBound inf
ObjBoundC inf
ObjVal None
MIPGap inf
