
Gurobi 13.0.0 (linux64) logging started Mon Jan  5 04:46:51 2026

Set parameter LogFile to value "../experiments/network-n_40_s_2_rp_0-app_set-id_27_14_apps/compact_model_gurobi.log"
Set parameter TimeLimit to value 900
Gurobi Optimizer version 13.0.0 build v13.0.0rc1 (linux64 - "Ubuntu 24.04.3 LTS")

CPU model: Intel(R) Core(TM) Ultra 7 165H, instruction set [SSE2|AVX|AVX2]
Thread count: 22 physical cores, 22 logical processors, using up to 22 threads

Non-default parameters:
TimeLimit  900
LogToConsole  0

Academic license 2539022 - for non-commercial use only - registered to al___@studenti.unimi.it
Optimize a model with 20209 rows, 3640 columns and 45573 nonzeros (Min)
Model fingerprint: 0x010a94e4
Model has 3640 linear objective coefficients
Model has 126 quadratic constraints
Variable types: 0 continuous, 3640 integer (3640 binary)
Coefficient statistics:
  Matrix range     [1e+00, 9e+02]
  QMatrix range    [5e+01, 2e+02]
  Objective range  [1e+01, 2e+02]
  Bounds range     [1e+00, 1e+00]
  RHS range        [1e+00, 1e+09]
  QRHS range       [1e+02, 6e+02]
Presolve removed 19242 rows and 2060 columns
Presolve time: 0.15s
Presolved: 17715 rows, 18202 columns, 113142 nonzeros
Variable types: 0 continuous, 18202 integer (18202 binary)
Deterministic concurrent LP optimizer: primal and dual simplex
Showing primal log only...

Concurrent spin time: 0.01s

Solved with dual simplex

Root relaxation: objective 3.209983e+03, 1194 iterations, 0.21 seconds (0.23 work units)

    Nodes    |    Current Node    |     Objective Bounds      |     Work
 Expl Unexpl |  Obj  Depth IntInf | Incumbent    BestBd   Gap | It/Node Time

     0     0 3209.98266    0  187          - 3209.98266      -     -    0s
     0     0 3266.70230    0  262          - 3266.70230      -     -    1s
     0     0 3291.74667    0  246          - 3291.74667      -     -    2s
     0     0 3292.78350    0  263          - 3292.78350      -     -    2s
     0     0 3292.80116    0  264          - 3292.80116      -     -    2s
     0     0 3324.88569    0  281          - 3324.88569      -     -    3s
     0     0 3342.94292    0  305          - 3342.94292      -     -    3s
     0     0 3344.07201    0  332          - 3344.07201      -     -    3s
     0     0 3360.34634    0  301          - 3360.34634      -     -    4s
     0     0 3364.52617    0  269          - 3364.52617      -     -    4s
     0     0 3364.93664    0  291          - 3364.93664      -     -    4s
     0     0 3370.34478    0  318          - 3370.34478      -     -    4s
     0     0 3372.82681    0  290          - 3372.82681      -     -    5s
H    0     0                    3860.0000000 3372.82681  12.6%     -    5s
     0     0 3374.68338    0  327 3860.00000 3374.68338  12.6%     -    5s
     0     0 3374.73388    0  322 3860.00000 3374.73388  12.6%     -    5s
     0     0 3374.73388    0  313 3860.00000 3374.73388  12.6%     -    5s
     0     2 3374.79770    0  310 3860.00000 3374.79770  12.6%     -    5s
H   21    32                    3853.0000000 3378.90377  12.3%   475    7s
    53    96 3384.31849    6  294 3853.00000 3382.98142  12.2%   521   10s
H  151   197                    3822.0000000 3382.98142  11.5%   364   12s
H  243   278                    3762.0000000 3382.98142  10.1%   340   14s
   279   317 3396.73435   11  302 3762.00000 3382.98142  10.1%   331   15s
H  357   392                    3754.0000000 3382.98142  9.88%   329   16s
H  375   392                    3729.0000000 3382.98142  9.28%   330   16s
H  400   419                    3706.0000000 3382.98142  8.72%   328   17s
H  414   419                    3675.0000000 3382.98142  7.95%   325   17s
H  494   515                    3647.0000000 3382.98142  7.24%   303   24s
H  500   515                    3618.0000000 3382.98142  6.50%   302   24s
   516   570 3408.88730   20  254 3618.00000 3382.98142  6.50%   299   25s
H  599   630                    3616.0000000 3382.98142  6.44%   285   27s
   721   747 3417.24343   26  255 3616.00000 3382.98142  6.44%   267   30s
H  787   795                    3606.0000000 3382.98142  6.18%   258   30s
  1056  1125 3430.30930   37  200 3606.00000 3382.98142  6.18%   240   35s
  1375  1397 3441.71530   54  200 3606.00000 3385.93932  6.10%   223   40s
  1827  1887 3459.31562   71  126 3606.00000 3387.46791  6.06%   204   45s
  2448  2340     cutoff  100      3606.00000 3387.46791  6.06%   192   50s
  2894  2744 3456.98443   14  240 3606.00000 3388.30079  6.04%   190   55s
  3531  3015 3470.84012   35 7830 3606.00000 3390.45541  5.98%   182   63s
  3534  3017 3559.40469   83  260 3606.00000 3390.45541  5.98%   182   65s
  3552  3029 3518.11791   38  409 3606.00000 3390.45541  5.98%   181   70s
  3580  3048 3570.27527   89  429 3606.00000 3391.62419  5.94%   179   75s
  3606  3065 3538.29313   52  443 3606.00000 3395.41399  5.84%   178   80s
  3630  3081 3471.61560   32  460 3606.00000 3397.87370  5.77%   177   85s
  3652  3096 3518.11791   38  426 3606.00000 3401.52357  5.67%   176   90s
  3672  3109 3412.07594   21  405 3606.00000 3402.36255  5.65%   175   95s
  3680  3123 3407.95964   13  389 3606.00000 3402.95884  5.63%   182  100s
  3704  3153 3413.20477   15  363 3606.00000 3403.90805  5.60%   185  105s
  3760  3194 3436.91153   17  337 3606.00000 3406.21448  5.54%   192  111s
  3822  3251 3424.45293   18  402 3606.00000 3406.21448  5.54%   198  117s
  3863  3282 3419.55566   19  435 3606.00000 3406.21448  5.54%   201  120s
  3945  3335 3421.74272   20  396 3606.00000 3406.21448  5.54%   210  125s
H 3951  3175                    3605.0000000 3406.21448  5.51%   211  125s
  4010  3228 3421.84466   21  416 3605.00000 3406.21448  5.51%   216  131s
  4118  3302 3433.65774   23  326 3605.00000 3406.21448  5.51%   221  135s
  4271  3391 3428.70720   25  306 3605.00000 3406.21448  5.51%   227  141s
  4372  3463 3430.91291   27  297 3605.00000 3406.21448  5.51%   228  146s
  4489  3522 3433.44210   29  320 3605.00000 3406.89201  5.50%   231  151s
  4607  3587 3442.76704   31  317 3605.00000 3407.20172  5.49%   235  155s
  4760  3620 3473.97519   34  312 3605.00000 3407.20172  5.49%   238  160s
H 4774  3466                    3594.0000000 3407.20172  5.20%   238  160s
  4883  3559 3481.15305   36  271 3594.00000 3407.20172  5.20%   240  166s
  5072  3643 3492.20971   38  240 3594.00000 3407.20172  5.20%   243  171s
  5295  3690 3499.05342   42  190 3594.00000 3407.20172  5.20%   245  177s
  5406  3715 3508.62085   44  170 3594.00000 3407.20172  5.20%   246  181s
  5572  3752 3511.08924   48  191 3594.00000 3409.18786  5.14%   247  188s
  5664  3801     cutoff   50      3594.00000 3409.43120  5.14%   248  191s
  5790  3861 3515.82305   52  164 3594.00000 3409.43120  5.14%   247  195s
  6149  4046     cutoff   58      3594.00000 3411.44553  5.08%   245  202s
  6350  4181 3543.72308   63  156 3594.00000 3411.44553  5.08%   244  206s
  6566  4255 3560.90575   69  175 3594.00000 3411.44553  5.08%   242  210s
  6781  4322 3425.77764   20  336 3594.00000 3412.84957  5.04%   241  215s
  7207  4558 3432.56684   24  331 3594.00000 3412.84957  5.04%   243  223s
  7502  4621 3435.63956   26  327 3594.00000 3412.84957  5.04%   242  228s
  7718  4746 3441.38587   28  311 3594.00000 3412.84957  5.04%   244  232s
  7945  4864 3455.38229   31  221 3594.00000 3414.08244  5.01%   246  237s
  8248  4944 3464.91750   34  237 3594.00000 3414.08244  5.01%   246  242s
  8514  5053 3488.08298   40  127 3594.00000 3414.58717  4.99%   246  247s
  8779  5151 3500.90348   46  121 3594.00000 3414.97450  4.98%   248  252s
  9027  5235 3512.99038   53  118 3594.00000 3414.97450  4.98%   250  257s
  9252  5402     cutoff   69      3594.00000 3415.23552  4.97%   251  262s
  9589  5546 3528.24352   35  151 3594.00000 3415.23552  4.97%   251  268s
  9934  5593 3482.45628   21  322 3594.00000 3415.23552  4.97%   251  273s
 10225  5646 3520.74389   24  256 3594.00000 3415.23552  4.97%   252  280s
 10514  5798 3436.83899   29  250 3594.00000 3417.33108  4.92%   253  286s
 10863  6024 3498.84230   48  189 3594.00000 3417.33108  4.92%   254  293s
 11296  6033 3435.29511   23  309 3594.00000 3421.61633  4.80%   253  300s
 11557  6210 3490.00819   27  281 3594.00000 3421.61633  4.80%   253  307s
 11982  6333 3571.67862   41  211 3594.00000 3421.65237  4.80%   254  314s
 12361  6615 3509.45438   31  253 3594.00000 3421.65237  4.80%   254  322s
 12840  6951 3461.35701   21  249 3594.00000 3421.65237  4.80%   253  329s
 13355  7313 3563.50093   36  243 3594.00000 3422.12182  4.78%   252  338s
 13864  7515 3479.03110   45  189 3594.00000 3422.12182  4.78%   252  346s
 14177  7792 3591.46895   62  123 3594.00000 3428.01677  4.62%   252  355s
 14608  8153 3526.97243   35  207 3594.00000 3428.01677  4.62%   253  364s
 15181  8471 3454.06468   23  283 3594.00000 3428.01677  4.62%   253  373s
 15691  8785 3538.65269   31  296 3594.00000 3429.65059  4.57%   253  383s
 16277  9087 3439.00959   16  304 3594.00000 3430.08615  4.56%   254  392s
 16838  9350 3557.37250   23  197 3594.00000 3430.08615  4.56%   256  402s
 17352  9716 3541.46189   35  222 3594.00000 3433.02348  4.48%   257  413s
 17963 10041 3532.04207   39  127 3594.00000 3433.20223  4.47%   259  425s
 18416 10567 3492.42007   25  276 3594.00000 3433.53827  4.46%   259  436s
 19287 10977 3496.62046   23  271 3594.00000 3435.11091  4.42%   257  447s
 20131 11487 3498.70354   23  271 3594.00000 3435.55183  4.41%   256  459s
 20902 11952 3511.00618   34  285 3594.00000 3436.43876  4.38%   255  472s
 21650 12491 3502.92227   22  280 3594.00000 3437.49817  4.35%   255  485s
 22481 13102 3482.94651   20  281 3594.00000 3437.67987  4.35%   256  498s
 23416 13685 3478.62330   35  239 3594.00000 3438.03113  4.34%   255  511s
 24301 14238 3575.33417   24  250 3594.00000 3439.45957  4.30%   256  529s
 25543 14572 3537.46691   40  186 3594.00000 3439.45957  4.30%   256  541s
 26248 14988 3478.17450   26  284 3594.00000 3439.58438  4.30%   256  554s
 27098 15388 3508.11556   42  122 3594.00000 3439.83829  4.29%   255  567s
 27721 15992 3515.33224   19  249 3594.00000 3440.66403  4.27%   255  581s
 28635 16824 3552.47759   64  116 3594.00000 3441.78523  4.24%   255  596s
 29863 17571 3506.33034   27  172 3594.00000 3442.44689  4.22%   254  612s
 30934 17963 3506.20093   32  181 3594.00000 3442.77034  4.21%   254  627s
H31383 17941                    3593.0000000 3443.29344  4.17%   254  627s
H31577 15476                    3566.0000000 3443.29344  3.44%   255  627s
 31597 15856 3549.84539   47  156 3566.00000 3443.29344  3.44%   255  644s
 32698 16482 3509.67880   25  224 3566.00000 3444.69595  3.40%   257  662s
 33914 16812 3510.69171   22  277 3566.00000 3445.80598  3.37%   257  680s
H34053 12947                    3543.0000000 3445.80598  2.74%   257  680s
 34436 13491 3529.36439   46  125 3543.00000 3445.80598  2.74%   257  700s
H35363 11947                    3534.0000000 3445.85666  2.49%   257  700s
 35874 12349 3493.51445   21  276 3534.00000 3447.89017  2.44%   257  721s
 36950 12863 3489.29546   29  236 3534.00000 3449.70190  2.39%   258  743s
 38585 13318 3477.30753   21  223 3534.00000 3450.93564  2.35%   258  765s
 39857 13933     cutoff   29      3534.00000 3452.64571  2.30%   259  788s
 41514 14652 3499.72969   22  240 3534.00000 3454.31482  2.25%   259  812s
 43278 15283 3473.89197   23  311 3534.00000 3455.81622  2.21%   260  837s
 44761 16147 3487.73338   39  194 3534.00000 3457.73049  2.16%   260  863s
 46837 16744 3489.76571   24  256 3534.00000 3459.53261  2.11%   259  889s

Cutting planes:
  Gomory: 2
  Lift-and-project: 9
  Cover: 874
  Implied bound: 2
  Clique: 47
  MIR: 302
  Knapsack: 21
  StrongCG: 222
  Flow cover: 306
  GUB cover: 15
  Inf proof: 1
  Zero half: 257
  Mod-K: 6
  RLT: 435
  Relax-and-lift: 71
  BQP: 252
  PSD: 1

Explored 48882 nodes (12664468 simplex iterations) in 900.13 seconds (688.25 work units)
Thread count was 22 (of 22 available processors)

Solution count 10: 3534 3543 3566 ... 3647

Time limit reached
Best objective 3.534000000000e+03, best bound 3.461000000000e+03, gap 2.0656%

User-callback calls 204640, time in user-callback 0.76 sec
