FIXINGS_START
(0, 0, 0)
(2, 0, 0)
(2, 6, 0)
(3, 0, 0)
(3, 8, 0)
(4, 0, 0)
(5, 0, 0)
(5, 6, 0)
(6, 0, 0)
(7, 0, 0)
(8, 0, 0)
(10, 0, 0)
(11, 8, 0)
(11, 9, 0)
(12, 0, 0)
(12, 4, 0)
(13, 8, 0)
(13, 9, 0)
(13, 2, 0)
(13, 4, 0)
(13, 7, 0)
(4, 2, 20)
(4, 3, 0)
(12, 1, 0)
(4, 4, 0)
(2, 3, 0)
(10, 1, 0)
(11, 0, 18)
(8, 1, 0)
(8, 2, 0)
(0, 1, 0)
(5, 1, 0)
(9, 0, 0)
(0, 3, 0)
(9, 1, 0)
(2, 7, 0)
(11, 1, 0)
(1, 0, 0)
(3, 1, 3)
(1, 1, 0)
(3, 4, 0)
(5, 5, 0)
(6, 2, 0)
(10, 3, 0)
(11, 2, 18)
(6, 4, 0)
(9, 2, 0)
(5, 7, 0)
FIXINGS_END
found_sol 3893.0 time 3.035
found_sol 3893.0 time 5.218
found_sol 3876.0 time 6.284
found_sol 3866.0 time 7.294
found_sol 3841.0 time 7.796
found_sol 3767.0 time 8.754
found_sol 3711.0 time 9.591
found_sol 3610.0 time 11.059
found_sol 3605.0 time 11.060
found_sol 3585.0 time 12.940
found_sol 3574.0 time 13.343
found_sol 3555.0 time 13.960
found_sol 3552.0 time 21.373
found_sol 3550.0 time 25.337
time 26.799
GUROBI
Status OPTIMAL
Runtime 26.798638820648193
NodeCount 13742.0
IterCount 1004058.0
NumVars 3640
NumConstrs 20257
ObjBound 3550.0
ObjBoundC 3550.0
ObjVal 3550.0
MIPGap 0.0
