FIXINGS_START
(0, 0, 0)
(2, 0, 0)
(2, 6, 0)
(3, 0, 0)
(3, 8, 0)
(4, 0, 0)
(5, 0, 0)
(5, 6, 0)
(6, 0, 0)
(7, 0, 0)
(8, 0, 0)
(10, 0, 0)
(11, 8, 0)
(11, 9, 0)
(12, 0, 0)
(12, 4, 0)
(13, 8, 0)
(13, 9, 0)
(13, 2, 0)
(13, 4, 0)
(13, 7, 0)
(4, 2, 20)
(4, 3, 0)
(12, 1, 0)
(4, 4, 0)
(2, 3, 0)
(10, 1, 0)
(11, 0, 18)
(8, 1, 0)
(8, 2, 0)
(0, 1, 0)
(5, 1, 0)
(9, 0, 0)
(0, 3, 0)
(9, 1, 0)
(2, 7, 0)
(11, 1, 0)
(1, 0, 0)
(3, 1, 3)
(1, 1, 0)
FIXINGS_END
found_sol 4990.0 time 0.692
found_sol 4888.0 time 0.750
found_sol 4614.0 time 1.290
found_sol 4497.0 time 1.817
found_sol 4454.0 time 1.818
found_sol 4386.0 time 1.819
found_sol 4316.0 time 1.974
found_sol 4292.0 time 2.278
found_sol 4178.0 time 2.279
found_sol 4046.0 time 2.280
found_sol 3933.0 time 2.651
found_sol 3852.0 time 2.652
found_sol 3820.0 time 2.989
found_sol 3680.0 time 2.990
found_sol 3678.0 time 4.565
found_sol 3671.0 time 5.415
found_sol 3624.0 time 5.417
found_sol 3622.0 time 6.328
found_sol 3611.0 time 6.329
found_sol 3600.0 time 6.330
found_sol 3563.0 time 35.304
found_sol 3539.0 time 53.679
found_sol 3522.0 time 57.348
found_sol 3522.0 time 57.366
time 57.372
GUROBI
Status OPTIMAL
Runtime 57.37190103530884
NodeCount 14732.0
IterCount 1550465.0
NumVars 3640
NumConstrs 20249
ObjBound 3522.0
ObjBoundC 3522.0
ObjVal 3522.0
MIPGap 0.0
