
Gurobi 13.0.0 (linux64) logging started Thu Jan 15 02:39:10 2026

Set parameter LogFile to value "../experiments/network-n_40_s_2_rp_0-app_set-id_27_14_apps/submip_40_epr1_model_gurobi.log"
Set parameter TimeLimit to value 8.8209336502398946e+02
Gurobi Optimizer version 13.0.0 build v13.0.0rc1 (linux64 - "Ubuntu 24.04.3 LTS")

CPU model: Intel(R) Core(TM) Ultra 7 165H, instruction set [SSE2|AVX|AVX2]
Thread count: 22 physical cores, 22 logical processors, using up to 22 threads

Non-default parameters:
TimeLimit  8.8209336502398946e+02
LogToConsole  0

Academic license 2539022 - for non-commercial use only - registered to al___@studenti.unimi.it
Optimize a model with 20257 rows, 3640 columns and 45621 nonzeros (Min)
Model fingerprint: 0x6bd06cdd
Model has 3640 linear objective coefficients
Model has 126 quadratic constraints
Variable types: 0 continuous, 3640 integer (3640 binary)
Coefficient statistics:
  Matrix range     [1e+00, 9e+02]
  QMatrix range    [5e+01, 2e+02]
  Objective range  [1e+01, 2e+02]
  Bounds range     [1e+00, 1e+00]
  RHS range        [1e+00, 1e+09]
  QRHS range       [1e+02, 6e+02]

MIP start from previous solve did not produce a new incumbent solution
MIP start from previous solve violates constraint fixed_app_11_microservice_2 by 1.000000000

Presolve removed 19999 rows and 2938 columns
Presolve time: 0.03s
Presolved: 4064 rows, 4393 columns, 25674 nonzeros
Variable types: 0 continuous, 4393 integer (4393 binary)

Root relaxation: objective 3.304649e+03, 571 iterations, 0.02 seconds (0.04 work units)

    Nodes    |    Current Node    |     Objective Bounds      |     Work
 Expl Unexpl |  Obj  Depth IntInf | Incumbent    BestBd   Gap | It/Node Time

     0     0 3304.64946    0  106          - 3304.64946      -     -    0s
     0     0 3363.32383    0  136          - 3363.32383      -     -    0s
     0     0 3365.76129    0  142          - 3365.76129      -     -    0s
     0     0 3365.92932    0  140          - 3365.92932      -     -    0s
     0     0 3397.76792    0  145          - 3397.76792      -     -    0s
     0     0 3404.55705    0  141          - 3404.55705      -     -    0s
     0     0 3406.67586    0  160          - 3406.67586      -     -    0s
     0     0 3407.45321    0  150          - 3407.45321      -     -    0s
     0     0 3421.50510    0  152          - 3421.50510      -     -    0s
     0     0 3421.52834    0  150          - 3421.52834      -     -    0s
     0     0 3421.52834    0  150          - 3421.52834      -     -    0s
     0     2 3421.63973    0  150          - 3421.63973      -     -    1s
H 1656  1368                    3893.0000000 3448.85298  11.4%  54.4    3s
  3052  2265 3632.15270   22 1982 3893.00000 3454.63161  11.3%  63.5    5s
H 3075  2165                    3876.0000000 3454.63161  10.9%  63.1    6s
H 3101  2073                    3866.0000000 3455.19083  10.6%  62.5    7s
H 3106  1971                    3841.0000000 3455.67055  10.0%  62.4    7s
H 3125  1884                    3767.0000000 3459.62868  8.16%  62.1    8s
H 3146  1801                    3711.0000000 3462.74334  6.69%  61.6    9s
  3162  1828 3478.39633   14  168 3711.00000 3473.61776  6.40%  65.3   10s
H 3201  1768                    3610.0000000 3483.14883  3.51%  68.5   11s
H 3220  1675                    3605.0000000 3483.39940  3.37%  69.3   11s
H 3593  1749                    3585.0000000 3491.27699  2.61%  77.9   12s
H 3664  1694                    3574.0000000 3494.48724  2.22%  78.8   13s
H 3865  1602                    3555.0000000 3498.54851  1.59%  80.4   13s
  4450  1618     cutoff   25      3555.00000 3502.51472  1.48%  81.4   15s
  7468  1481     cutoff   26      3555.00000 3521.33998  0.95%  78.6   20s
* 8450  1539              24    3552.0000000 3524.56424  0.77%  78.4   21s
 11333  1345 3542.58691   24   87 3552.00000 3533.03062  0.53%  76.8   25s
H11694  1299                    3550.0000000 3533.28580  0.47%  76.3   25s

Cutting planes:
  Gomory: 8
  Lift-and-project: 3
  Cover: 189
  Clique: 34
  MIR: 151
  Knapsack: 12
  StrongCG: 89
  Flow cover: 116
  GUB cover: 10
  Zero half: 40
  RLT: 70
  Relax-and-lift: 151
  BQP: 42

Explored 13742 nodes (1004058 simplex iterations) in 26.80 seconds (25.07 work units)
Thread count was 22 (of 22 available processors)

Solution count 10: 3550 3552 3555 ... 3841

Optimal solution found (tolerance 1.00e-04)
Best objective 3.550000000000e+03, best bound 3.550000000000e+03, gap 0.0000%

User-callback calls 32521, time in user-callback 0.04 sec
