
Gurobi 13.0.0 (linux64) logging started Thu Jan 15 02:38:13 2026

Set parameter LogFile to value "../experiments/network-n_40_s_2_rp_0-app_set-id_27_14_apps/submip_30_epr1_model_gurobi.log"
Set parameter TimeLimit to value 883.29077121499
Gurobi Optimizer version 13.0.0 build v13.0.0rc1 (linux64 - "Ubuntu 24.04.3 LTS")

CPU model: Intel(R) Core(TM) Ultra 7 165H, instruction set [SSE2|AVX|AVX2]
Thread count: 22 physical cores, 22 logical processors, using up to 22 threads

Non-default parameters:
TimeLimit  883.29077121499
LogToConsole  0

Academic license 2539022 - for non-commercial use only - registered to al___@studenti.unimi.it
Optimize a model with 20249 rows, 3640 columns and 45613 nonzeros (Min)
Model fingerprint: 0xabe631c9
Model has 3640 linear objective coefficients
Model has 126 quadratic constraints
Variable types: 0 continuous, 3640 integer (3640 binary)
Coefficient statistics:
  Matrix range     [1e+00, 9e+02]
  QMatrix range    [5e+01, 2e+02]
  Objective range  [1e+01, 2e+02]
  Bounds range     [1e+00, 1e+00]
  RHS range        [1e+00, 1e+09]
  QRHS range       [1e+02, 6e+02]

MIP start from previous solve did not produce a new incumbent solution
MIP start from previous solve violates constraint fixed_app_3_microservice_1 by 1.000000000

Presolve removed 19865 rows and 2697 columns
Presolve time: 0.06s
Presolved: 6546 rows, 6983 columns, 41999 nonzeros
Variable types: 0 continuous, 6983 integer (6983 binary)

Root relaxation: objective 3.299996e+03, 743 iterations, 0.03 seconds (0.06 work units)

    Nodes    |    Current Node    |     Objective Bounds      |     Work
 Expl Unexpl |  Obj  Depth IntInf | Incumbent    BestBd   Gap | It/Node Time

     0     0 3299.99556    0  105          - 3299.99556      -     -    0s
     0     0 3359.37589    0  137          - 3359.37589      -     -    0s
     0     0 3365.54597    0  147          - 3365.54597      -     -    0s
     0     0 3365.57949    0  147          - 3365.57949      -     -    0s
H    0     0                    4990.0000000 3365.57949  32.6%     -    0s
     0     0 3397.63418    0  178 4990.00000 3397.63418  31.9%     -    0s
H    0     0                    4888.0000000 3397.63418  30.5%     -    0s
     0     0 3403.79167    0  186 4888.00000 3403.79167  30.4%     -    0s
     0     0 3404.98988    0  186 4888.00000 3404.98988  30.3%     -    0s
     0     0 3417.41854    0  180 4888.00000 3417.41854  30.1%     -    1s
     0     0 3417.41854    0  180 4888.00000 3417.41854  30.1%     -    1s
     0     0 3417.41854    0  180 4888.00000 3417.41854  30.1%     -    1s
H    0     0                    4614.0000000 3417.44503  25.9%     -    1s
     0     2 3417.44503    0  180 4614.00000 3417.44503  25.9%     -    1s
H   54    99                    4497.0000000 3430.18134  23.7%   186    1s
H   76    99                    4454.0000000 3430.19257  23.0%   162    1s
H   82    99                    4386.0000000 3430.19257  21.8%   157    1s
H   98   139                    4316.0000000 3430.19257  20.5%   146    1s
H  189   209                    4292.0000000 3430.19257  20.1%   139    2s
H  197   209                    4178.0000000 3430.19257  17.9%   139    2s
H  206   209                    4046.0000000 3430.19257  15.2%   138    2s
H  306   332                    3933.0000000 3430.19257  12.8%   133    2s
H  320   332                    3852.0000000 3430.19257  11.0%   133    2s
H  413   448                    3820.0000000 3430.19257  10.2%   138    2s
H  415   448                    3680.0000000 3430.19257  6.79%   138    2s
H 1196  1037                    3678.0000000 3434.39108  6.62%   115    4s
  1455  1203 3523.66494   12  195 3678.00000 3434.39108  6.62%   110    5s
H 1641  1291                    3671.0000000 3436.13377  6.40%   109    5s
H 1667  1242                    3624.0000000 3436.13377  5.18%   108    5s
H 2037  1421                    3622.0000000 3437.42742  5.10%   105    6s
H 2044  1402                    3611.0000000 3437.42742  4.81%   105    6s
H 2050  1357                    3600.0000000 3437.42742  4.52%   106    6s
  3015  1921 3597.12732   20  157 3600.00000 3440.94991  4.42%   108   10s
  3722  2213 3548.47798   21  203 3600.00000 3443.79575  4.34%   107   15s
  3795  2267 3451.49450   14  192 3600.00000 3450.12289  4.16%   107   20s
  4144  2497 3501.82207   23  169 3600.00000 3456.08252  4.00%   116   25s
  4957  2604     cutoff   36      3600.00000 3466.13850  3.72%   119   30s
  6236  2871 3566.14732   20  150 3600.00000 3490.39258  3.04%   119   35s
H 6281  2588                    3563.0000000 3490.39258  2.04%   119   35s
  7680  2418 3519.27925   21  159 3563.00000 3502.79087  1.69%   116   40s
  8967  2586 3516.73639   26  151 3563.00000 3507.58823  1.56%   113   45s
 11020  2934 3536.08493   27  117 3563.00000 3513.13302  1.40%   110   50s
H12526  1978                    3539.0000000 3515.94108  0.65%   107   53s
 13382  1739     cutoff   29      3539.00000 3518.42449  0.58%   107   56s
*14208  1003              33    3522.0000000 3520.10945  0.05%   106   57s

Cutting planes:
  Gomory: 5
  Lift-and-project: 2
  Cover: 255
  Clique: 29
  MIR: 180
  Knapsack: 6
  StrongCG: 103
  Flow cover: 84
  GUB cover: 5
  Zero half: 50
  Mod-K: 1
  RLT: 81
  Relax-and-lift: 186
  BQP: 60

Explored 14732 nodes (1550465 simplex iterations) in 57.37 seconds (51.45 work units)
Thread count was 22 (of 22 available processors)

Solution count 10: 3522 3539 3563 ... 3680

Optimal solution found (tolerance 1.00e-04)
Best objective 3.522000000000e+03, best bound 3.522000000000e+03, gap 0.0000%

User-callback calls 38417, time in user-callback 0.11 sec
Set parameter LogToConsole to value 0
