
Gurobi 13.0.0 (linux64) logging started Sun Jan  4 17:57:32 2026

Set parameter LogFile to value "../experiments/network-n_30_s_0_rp_0-app_set-id_18_11_apps/compact_model_gurobi.log"
Set parameter TimeLimit to value 900
Gurobi Optimizer version 13.0.0 build v13.0.0rc1 (linux64 - "Ubuntu 24.04.3 LTS")

CPU model: Intel(R) Core(TM) Ultra 7 165H, instruction set [SSE2|AVX|AVX2]
Thread count: 22 physical cores, 22 logical processors, using up to 22 threads

Non-default parameters:
TimeLimit  900
LogToConsole  0

Academic license 2539022 - for non-commercial use only - registered to al___@studenti.unimi.it
Optimize a model with 3950 rows, 2160 columns and 10710 nonzeros (Min)
Model fingerprint: 0x1b958019
Model has 2160 linear objective coefficients
Model has 98 quadratic constraints
Variable types: 0 continuous, 2160 integer (2160 binary)
Coefficient statistics:
  Matrix range     [1e+00, 9e+02]
  QMatrix range    [5e+01, 2e+02]
  Objective range  [1e+01, 2e+02]
  Bounds range     [1e+00, 1e+00]
  RHS range        [1e+00, 1e+09]
  QRHS range       [1e+02, 6e+02]
Presolve removed 3598 rows and 1418 columns
Presolve time: 0.03s
Presolved: 5731 rows, 6025 columns, 32896 nonzeros
Variable types: 0 continuous, 6025 integer (6025 binary)

Root relaxation: infeasible, 696 iterations, 0.03 seconds (0.03 work units)

    Nodes    |    Current Node    |     Objective Bounds      |     Work
 Expl Unexpl |  Obj  Depth IntInf | Incumbent    BestBd   Gap | It/Node Time

     0     0 infeasible    0               - infeasible      -     -    0s

Explored 1 nodes (696 simplex iterations) in 0.22 seconds (0.18 work units)
Thread count was 22 (of 22 available processors)

Solution count 0

Model is infeasible
Best objective -, best bound -, gap -

User-callback calls 445, time in user-callback 0.00 sec
