FIXINGS_START
(0, 0, 0)
(1, 0, 0)
(2, 4, 0)
(3, 0, 0)
(4, 9, 0)
(5, 0, 0)
(6, 0, 0)
(6, 9, 0)
(7, 0, 0)
(7, 1, 0)
(8, 0, 0)
(9, 0, 0)
(11, 0, 0)
(12, 0, 0)
(12, 9, 0)
(15, 0, 0)
(15, 4, 0)
(16, 0, 0)
(17, 0, 0)
(18, 3, 0)
(19, 0, 0)
(19, 6, 0)
(20, 0, 0)
(20, 8, 0)
(21, 0, 0)
(21, 9, 0)
(22, 4, 0)
(23, 3, 0)
(24, 0, 0)
(25, 0, 0)
(25, 4, 0)
(8, 3, 0)
(20, 1, 9)
(8, 7, 0)
(21, 5, 21)
(24, 2, 0)
(8, 8, 0)
(7, 2, 0)
(6, 2, 33)
(3, 1, 0)
(7, 3, 0)
(6, 4, 0)
(7, 5, 0)
(14, 0, 0)
(1, 4, 0)
(10, 0, 0)
(3, 2, 0)
(1, 7, 0)
(24, 4, 0)
(4, 6, 0)
(14, 1, 0)
(10, 4, 0)
(25, 3, 0)
(13, 0, 0)
(1, 8, 0)
(3, 3, 15)
(22, 1, 0)
(15, 1, 0)
(3, 4, 0)
(25, 5, 0)
(0, 2, 0)
(23, 2, 0)
(2, 1, 0)
(10, 6, 0)
(19, 5, 0)
(17, 1, 0)
(3, 5, 0)
(17, 2, 20)
(0, 4, 0)
(12, 6, 0)
(17, 3, 13)
(10, 7, 0)
(13, 2, 0)
FIXINGS_END
time 760.516
GUROBI
Status TIME_LIMIT
Runtime 760.5159349441528
NodeCount 4893.0
IterCount 1973639.0
NumVars 10140
NumConstrs 64930
ObjBound 7806.0
ObjBoundC 7805.233892527491
ObjVal inf
MIPGap inf
