
Gurobi 13.0.0 (linux64) logging started Sun Jan 18 16:43:50 2026

Set parameter LogFile to value "../experiments/network-n_60_s_2_rp_0-app_set-id_60_25_apps/submip_40_epr0_model_gurobi.log"
Set parameter TimeLimit to value 889.225782915004
Gurobi Optimizer version 13.0.0 build v13.0.0rc1 (linux64 - "Ubuntu 24.04.3 LTS")

CPU model: Intel(R) Core(TM) Ultra 7 165H, instruction set [SSE2|AVX|AVX2]
Thread count: 22 physical cores, 22 logical processors, using up to 22 threads

Non-default parameters:
TimeLimit  889.225782915004
LogToConsole  0

Academic license 2539022 - for non-commercial use only - registered to al___@studenti.unimi.it
Optimize a model with 58108 rows, 9720 columns and 129964 nonzeros (Min)
Model fingerprint: 0x4e17a573
Model has 9720 linear objective coefficients
Model has 190 quadratic constraints
Variable types: 0 continuous, 9720 integer (9720 binary)
Coefficient statistics:
  Matrix range     [1e+00, 9e+02]
  QMatrix range    [5e+01, 2e+02]
  Objective range  [1e+01, 2e+02]
  Bounds range     [1e+00, 1e+00]
  RHS range        [1e+00, 1e+09]
  QRHS range       [1e+02, 6e+02]
Presolve removed 57318 rows and 7543 columns
Presolve time: 0.10s
Presolved: 20480 rows, 21682 columns, 130227 nonzeros
Variable types: 0 continuous, 21682 integer (21682 binary)
Performing another presolve...
Presolve removed 2529 rows and 3035 columns
Presolve time: 0.43s
Deterministic concurrent LP optimizer: primal and dual simplex
Showing primal log only...

Concurrent spin time: 0.00s

Solved with dual simplex

Root relaxation: objective 6.076788e+03, 3452 iterations, 0.59 seconds (0.62 work units)

    Nodes    |    Current Node    |     Objective Bounds      |     Work
 Expl Unexpl |  Obj  Depth IntInf | Incumbent    BestBd   Gap | It/Node Time

     0     0 6076.78821    0  273          - 6076.78821      -     -    1s
     0     0 6076.96754    0  274          - 6076.96754      -     -    1s
     0     0 6135.66173    0  293          - 6135.66173      -     -    2s
     0     0 6193.23679    0  299          - 6193.23679      -     -    4s
     0     0 6195.48089    0  312          - 6195.48089      -     -    4s
     0     0 6195.68292    0  312          - 6195.68292      -     -    4s
     0     0 6271.58058    0  285          - 6271.58058      -     -    5s
     0     0 6285.83817    0  300          - 6285.83817      -     -    6s
     0     0 6296.00196    0  290          - 6296.00196      -     -    7s
     0     0 6300.21204    0  318          - 6300.21204      -     -    7s
     0     0 6301.05817    0  329          - 6301.05817      -     -    7s
     0     0 6318.02860    0  319          - 6318.02860      -     -    9s
     0     0 6325.69643    0  368          - 6325.69643      -     -   10s
     0     0 6328.72308    0  386          - 6328.72308      -     -   10s
     0     0 6346.40865    0  383          - 6346.40865      -     -   11s
     0     0 6346.41631    0  378          - 6346.41631      -     -   11s
     0     0 6346.41631    0  366          - 6346.41631      -     -   12s
     0     2 6346.42835    0  364          - 6346.42835      -     -   14s
     3     8 6348.56433    2  335          - 6347.98634      -   302   15s
   122   142 6351.19876    9  359          - 6350.08601      -   252   20s
   249   256 6360.34411   12  334          - 6350.08601      -   317   26s
   344   343 6370.52059   14  321          - 6350.08601      -   363   31s
   424   412 6372.43110   17  316          - 6350.08601      -   379   36s
   474   462 6373.74927   19  333          - 6350.08601      -   390   40s
   608   579 6378.20773   24  313          - 6350.08601      -   388   45s
   705   672 6385.95582   27  305          - 6350.08601      -   377   50s
   809   770 6389.48454   29  314          - 6350.08601      -   385   55s
   880   843 6397.87978   31  317          - 6350.08601      -   379   60s
   956   918 6399.93462   33  289          - 6350.08601      -   368   65s
  1053  1025 6404.52141   36  285          - 6350.08601      -   355   71s
  1125  1110 6406.91982   37  280          - 6350.08601      -   347   75s
  1310  1304 6414.04557   41  285          - 6350.08601      -   329   82s
  1377  1357 6462.63471   42  262          - 6350.08601      -   330   85s
  1526  1545 6452.13834   51  272          - 6350.08601      -   329   90s
  1765  1772 6482.40576   61  238          - 6350.08601      -   313   95s
  2040  2014 6567.62810   73  265          - 6350.08601      -   305  101s
  2383  2284 6384.74246   14  286          - 6351.20005      -   294  107s
  2569  2402 6398.61515   16  257          - 6356.52472      -   290  110s
  2730  2530 6413.67230   23  247          - 6356.52472      -   290  115s
  3073  2828 6432.94030   31  216          - 6356.70768      -   291  122s
  3268  3048 6458.26198   41  214          - 6356.70768      -   291  125s
  3753  3461 6519.47763   61  158          - 6357.85038      -   285  133s
  4005  3665 6571.35334   69  185          - 6357.85038      -   283  137s
  4273  3950 6610.72296   77  174          - 6357.85038      -   279  141s
  4585  3951 6450.27152   31 8596          - 6357.85038      -   275  146s
  4588  3953 6513.93621   29  336          - 6357.85038      -   274  150s
  4590  3954 6441.00215   26  341          - 6357.85038      -   274  156s
  4593  3956 6635.88625   42  394          - 6357.85038      -   274  160s
  4602  3962 6641.08004   84  444          - 6378.41833      -   273  165s
  4613  3970 6576.81844   49  468          - 6391.74573      -   273  170s
  4633  3983 6601.69935   52  493          - 6401.14524      -   272  175s
  4650  3994 6677.32023   83  563          - 6406.51282      -   271  180s
  4669  4007 6805.81484   84  530          - 6411.04279      -   270  185s
  4689  4020 6676.55481   83  549          - 6415.49080      -   268  190s
  4706  4032 6606.24161   87  495          - 6420.77145      -   267  195s
  4727  4046 6597.21741   56  514          - 6423.24204      -   266  200s
  4743  4056 6428.69488   35  512          - 6428.69488      -   265  205s
  4755  4064 6484.79838   36  504          - 6433.16399      -   265  210s
  4775  4078 6516.87169   64  531          - 6436.46273      -   264  215s
  4787  4086 6508.75450   71  536          - 6436.90949      -   263  220s
  4809  4100 6450.83967   11  531          - 6438.26509      -   262  225s
  4818  4106 6505.72385   36  521          - 6438.70558      -   261  239s
  4819  4107 6438.90577   30  511          - 6438.90577      -   261  240s
  4831  4115 6439.73595    9  588          - 6439.73595      -   261  245s
  4843  4123 6440.02154   35  538          - 6440.02154      -   260  250s
  4860  4134 6528.87253   29  584          - 6440.39300      -   259  255s
  4866  4139 6494.51249   36  288          - 6440.39314      -   275  261s
  4868  4141 6554.84426   51  326          - 6440.39314      -   275  265s
  4871  4143 6574.59118   40  347          - 6441.92664      -   274  270s
  4874  4145 6513.48500   71  430          - 6441.92664      -   274  275s
  4886  4153 6464.04119   26  540          - 6441.92664      -   274  280s
  4901  4163 6519.85991   73  549          - 6441.92664      -   273  285s
  4914  4171 6554.96098   46  545          - 6441.92664      -   272  290s
  4917  4173 6574.66520   40  532          - 6442.29040      -   272  296s
  4920  4180 6448.75869   28  467          - 6444.48908      -   279  301s
  4932  4200 6452.69609   30  463          - 6448.27904      -   280  307s
  4948  4217 6454.51957   31  466          - 6448.74655      -   282  312s
  4970  4246 6456.66350   32  454          - 6450.49007      -   284  317s
  5006  4268 6456.89873   33  404          - 6450.57342      -   285  324s
  5040  4291 6457.18821   34  455          - 6450.57342      -   288  330s
  5075  4300 6457.47217   35  404          - 6450.57342      -   294  336s
  5097  4318 6467.37402   35  426          - 6450.57342      -   297  343s
  5123  4338 6462.14338   36  448          - 6450.57342      -   302  349s
  5151  4350 6524.64446   36  390          - 6450.57342      -   306  356s
  5173  4363 6462.74959   37  449          - 6450.57342      -   307  366s
  5195  4377 6476.91881   37  386          - 6450.57342      -   309  373s
  5220  4393 6486.06389   38  373          - 6450.57342      -   312  381s
  5247  4408 6466.91126   38  388          - 6450.57342      -   316  388s
  5273  4425 6471.65373   39  430          - 6450.57342      -   319  396s
  5298  4448 6476.15724   39  371          - 6450.57342      -   322  403s
  5330  4477 6471.92642   40  426          - 6450.57342      -   324  409s
  5373  4506 6479.62695   40  450          - 6450.57342      -   328  416s
  5421  4530 6473.18042   41  426          - 6450.57342      -   332  425s
  5469  4553 6478.36616   41  385          - 6450.57342      -   338  432s
  5510  4569 6487.00058   43  422          - 6450.57342      -   344  439s
  5549  4584 6488.88206   44  413          - 6450.57342      -   352  449s
  5581  4595 6488.89279   45  413          - 6450.57342      -   360  456s
  5605  4621 6502.79989   45  404          - 6450.57342      -   363  463s
  5641  4654 6489.08612   46  388          - 6450.57342      -   368  471s
  5688  4687 6543.75050   46  415          - 6450.57342      -   373  478s
  5741  4716 6494.39866   47  385          - 6450.57342      -   378  487s
  5801  4736 6491.53707   47  377          - 6450.57342      -   385  497s
  5863  4768 6492.26917   48  380          - 6450.57342      -   392  506s
  5942  4796 6576.07153   48  378          - 6450.57342      -   397  516s
  6024  4825 6499.44676   49  375          - 6450.57342      -   401  525s
  6118  4864 6495.15575   49  379          - 6454.21133      -   406  535s
  6214  4912 6497.88283   50  368          - 6454.21133      -   411  544s
  6320  4951 6560.11106   50  369          - 6454.21133      -   415  554s
  6428  5012 6497.93107   51  371          - 6457.06600      -   420  564s
  6543  4995 6584.40453   51  388          - 6457.06600      -   422  574s
  6565  5006 6498.92400   52  369          - 6457.06600      -   423  584s
  6589  5017 6503.76823   52  356          - 6457.06600      -   425  595s
  6614  5034 6501.91121   53  371          - 6457.06600      -   425  606s
  6641  5057 6533.91993   53  354          - 6457.06600      -   426  617s
  6685  5095 6503.09105   54  393          - 6457.06600      -   428  629s
  6764  5133 6552.20346   54  403          - 6457.06600      -   430  641s
  6860  5191 6504.01969   55  390          - 6457.06600      -   436  653s
  6990  5255 6519.34670   57  330          - 6457.06600      -   441  666s
  7153  5355 6515.66747   59  365          - 6459.06431      -   447  680s
  7363  5497 6516.59580   61  376          - 6463.37745      -   452  693s
  7601  5594 6529.51191   64  363          - 6463.37745      -   455  708s
  7866  5749 6525.97463   67  346          - 6463.37745      -   460  721s
  8168  5665 6532.13390   71  352          - 6464.30038      -   462  738s
  8196  5674 6577.00608   71  332          - 6464.30038      -   463  754s
  8221  5681 6532.40233   72  346          - 6464.30038      -   463  771s
  8250  5697 6606.38954   72  325          - 6464.30038      -   464  788s
  8282  5758 6534.11332   73  320          - 6464.30038      -   464  804s
  8367  5881 6538.75726   75  329          - 6464.30038      -   464  822s
  8556  6060 6543.99210   77  322          - 6464.85305      -   463  839s
  8884  6273 6558.23027   83  317          - 6464.85305      -   463  857s
  9277  6512 infeasible   88               - 6465.19527      -   465  874s
  9756  6648 6595.47631   95  282          - 6465.19527      -   462  889s

Cutting planes:
  Gomory: 5
  Cover: 75
  Implied bound: 1
  Clique: 20
  MIR: 177
  Knapsack: 9
  StrongCG: 84
  Flow cover: 221
  GUB cover: 5
  Zero half: 25
  Mod-K: 1
  RLT: 35
  Relax-and-lift: 21
  BQP: 5

Explored 10169 nodes (4712978 simplex iterations) in 889.25 seconds (841.37 work units)
Thread count was 22 (of 22 available processors)

Solution count 0

Time limit reached
Best objective -, best bound 6.466000000000e+03, gap -

User-callback calls 156469, time in user-callback 1.07 sec
Set parameter LogToConsole to value 0
