
Gurobi 13.0.0 (linux64) logging started Sun Jan 18 23:58:55 2026

Set parameter LogFile to value "../experiments/network-n_60_s_2_rp_0-app_set-id_60_25_apps/submip_40_epr1_model_gurobi.log"
Set parameter TimeLimit to value 7.5381993968201277e+02
Gurobi Optimizer version 13.0.0 build v13.0.0rc1 (linux64 - "Ubuntu 24.04.3 LTS")

CPU model: Intel(R) Core(TM) Ultra 7 165H, instruction set [SSE2|AVX|AVX2]
Thread count: 22 physical cores, 22 logical processors, using up to 22 threads

Non-default parameters:
TimeLimit  7.5381993968201277e+02
LogToConsole  0

Academic license 2539022 - for non-commercial use only - registered to al___@studenti.unimi.it
Optimize a model with 58108 rows, 9720 columns and 129964 nonzeros (Min)
Model fingerprint: 0x79b2c32d
Model has 9720 linear objective coefficients
Model has 190 quadratic constraints
Variable types: 0 continuous, 9720 integer (9720 binary)
Coefficient statistics:
  Matrix range     [1e+00, 9e+02]
  QMatrix range    [5e+01, 2e+02]
  Objective range  [1e+01, 2e+02]
  Bounds range     [1e+00, 1e+00]
  RHS range        [1e+00, 1e+09]
  QRHS range       [1e+02, 6e+02]
Presolve removed 57120 rows and 7571 columns
Presolve time: 0.08s
Presolved: 19460 rows, 20437 columns, 125907 nonzeros
Variable types: 0 continuous, 20437 integer (20437 binary)
Performing another presolve...
Presolve removed 1276 rows and 1530 columns
Presolve time: 0.45s
Deterministic concurrent LP optimizer: primal and dual simplex
Showing primal log only...

Concurrent spin time: 0.25s (can be avoided by choosing Method=3)

Solved with dual simplex

Root relaxation: objective 5.959735e+03, 4369 iterations, 0.91 seconds (0.81 work units)

    Nodes    |    Current Node    |     Objective Bounds      |     Work
 Expl Unexpl |  Obj  Depth IntInf | Incumbent    BestBd   Gap | It/Node Time

     0     0 5959.73484    0  263          - 5959.73484      -     -    1s
     0     0 6016.21224    0  294          - 6016.21224      -     -    3s
     0     0 6178.35181    0  249          - 6178.35181      -     -    4s
     0     0 6188.93203    0  276          - 6188.93203      -     -    5s
     0     0 6189.82127    0  291          - 6189.82127      -     -    5s
     0     0 6189.95146    0  294          - 6189.95146      -     -    5s
     0     0 6236.20253    0  310          - 6236.20253      -     -    6s
     0     0 6254.38064    0  324          - 6254.38064      -     -    7s
     0     0 6257.36727    0  340          - 6257.36727      -     -    7s
     0     0 6276.92502    0  333          - 6276.92502      -     -    9s
     0     0 6284.71744    0  354          - 6284.71744      -     -    9s
     0     0 6288.15536    0  377          - 6288.15536      -     -   10s
     0     0 6303.97207    0  355          - 6303.97207      -     -   12s
     0     0 6303.97953    0  346          - 6303.97953      -     -   12s
     0     0 6303.97953    0  344          - 6303.97953      -     -   12s
     0     2 6303.98589    0  341          - 6303.98589      -     -   14s
     3     8 6306.97299    2  347          - 6305.73676      -   267   15s
   118   157 6310.43593    9  341          - 6308.97810      -   256   20s
   282   301 6355.14800   13  321          - 6308.97810      -   294   27s
   326   354 6320.17884   15  333          - 6308.97810      -   293   31s
   427   452 6325.70937   17  314          - 6308.97810      -   292   35s
   569   592 6332.92996   21  301          - 6308.97810      -   297   40s
   730   752 6339.43941   25  304          - 6308.97810      -   295   46s
   818   841 6346.07447   27  297          - 6308.97810      -   313   50s
   915   927 6347.85885   29  275          - 6308.97810      -   323   55s
  1022  1019 6352.42989   32  276          - 6308.97810      -   323   60s
  1093  1082 6363.39643   34  267          - 6308.97810      -   319   65s
  1162  1146 6369.51180   36  264          - 6308.97810      -   320   71s
  1220  1209 6370.86196   37  257          - 6308.97810      -   322   76s
  1314  1296 6408.77252   39  238          - 6308.97810      -   321   80s
  1463  1444 6398.51240   46  252          - 6310.03787      -   315   85s
  1654  1597 6496.81233   51  230          - 6310.03787      -   313   91s
  1851  1731 6550.25477   56  243          - 6310.34814      -   314   97s
  1960  1802 6535.87053   61  250          - 6311.63035      -   312  100s
  2161  1957 infeasible   76               - 6312.43173      -   312  106s
  2246  2034 infeasible   78               - 6312.94683      -   316  110s
  2541  2306 6341.46311   13  274          - 6312.94683      -   317  116s
  2720  2435 6367.96643   16  283          - 6312.94683      -   316  120s
  3074  2715 6385.64472   17  293          - 6312.94683      -   321  127s
  3278  2910 6394.18679   19  268          - 6313.46960      -   322  131s
  3512  2911 6370.67445   20 8811          - 6313.46960      -   318  136s
  3514  2912 6548.23655   67  303          - 6313.46960      -   318  141s
  3517  2914 6350.62000   12  354          - 6313.46960      -   318  145s
  3519  2916 6351.14248   10  410          - 6313.46960      -   317  150s
  3526  2920 6394.43324   27  416          - 6325.75131      -   317  156s
  3535  2926 6358.88445   17  469          - 6338.03856      -   316  161s
  3546  2934 6350.79488   11  490          - 6350.79488      -   315  165s
  3553  2938 6444.56207   36  465          - 6364.49323      -   314  170s
  3564  2946 6502.60306   65  505          - 6372.40209      -   313  175s
  3575  2953 6516.84646   50  494          - 6381.40806      -   313  180s
  3588  2962 6558.58200   56  545          - 6387.15333      -   311  185s
  3605  2973 6440.04143   46  569          - 6390.35450      -   310  190s
  3620  2983 6546.09778   51  569          - 6391.99977      -   309  195s
  3633  2992 6462.28177   46  553          - 6393.46372      -   308  200s
  3647  3001 6442.90966   44  581          - 6394.17336      -   306  205s
  3657  3008 6410.53356   36  559          - 6399.33060      -   306  210s
  3666  3014 6402.37695   13  554          - 6402.37695      -   305  215s
  3676  3020 6403.47200   18  607          - 6403.47200      -   304  233s
  3684  3026 6403.58933   13  624          - 6403.58933      -   303  235s
  3696  3034 6404.31503   28  551          - 6404.31503      -   302  240s
  3714  3046 6548.23655   67  567          - 6405.35809      -   301  245s
  3732  3058 6485.23270   48  557          - 6405.63715      -   299  250s
  3750  3070 6406.37906   12  589          - 6406.37906      -   298  255s
  3765  3080 6406.63457   13  597          - 6406.63457      -   297  260s
  3779  3089 6560.62780   98  594          - 6407.08425      -   296  265s
  3794  3099 6440.01216   55  634          - 6407.49201      -   294  270s
  3813  3112 6407.86489    9  638          - 6407.86489      -   293  275s
  3826  3120 6409.08105   27  612          - 6409.08105      -   292  280s
  3837  3128 6409.42802   26  627          - 6409.42802      -   291  285s
  3849  3136 6409.65764   19  645          - 6409.65764      -   290  290s
  3864  3146 6502.60306   65  654          - 6410.27314      -   289  295s
  3878  3155 6410.76211   30  641          - 6410.76211      -   288  300s
  3893  3165 6411.23463   30  634          - 6411.23463      -   287  305s
  3903  3172 6411.70521   19  628          - 6411.70521      -   286  310s
  3916  3180 6412.07131   17  619          - 6412.07131      -   285  315s
  3924  3187 6412.08015   18 8811          - 6412.08015      -   309  320s
  3927  3189 6518.05176   52  331          - 6412.08015      -   309  325s
  3929  3190 6465.80900   47  319          - 6412.08015      -   309  332s
  3931  3192 6413.47437   17  383          - 6413.47437      -   309  336s
  3933  3193 6462.28177   46  468          - 6413.47437      -   309  341s
  3935  3194 6413.67522   17  466          - 6413.67522      -   308  345s
  3938  3196 6440.06336   31  499          - 6413.67522      -   308  351s
  3950  3204 6413.67522   12  602          - 6413.67522      -   307  355s
  3961  3212 6413.67522   17  590          - 6413.67522      -   306  360s
  3971  3218 6494.18966   60  591          - 6413.67522      -   306  365s
  3980  3224 6454.82546   24  602          - 6413.67522      -   305  370s
  3992  3232 6596.97465   75  604          - 6413.67522      -   304  375s
  4003  3240 6413.84684   19  613          - 6413.84684      -   303  380s
  4016  3248 6415.43849   17  611          - 6415.43849      -   302  386s
  4022  3252 6427.29150   30  604          - 6416.02666      -   302  390s
  4031  3258 6416.11658   17  632          - 6416.11658      -   301  395s
  4046  3268 6416.37162   11  659          - 6416.37162      -   300  400s
  4053  3273 6444.56207   36  618          - 6416.41898      -   300  405s
  4066  3282 6416.54839   13  644          - 6416.54839      -   299  410s
  4079  3290 6560.62780   98  674          - 6416.81859      -   298  415s
  4084  3294 6417.00108   13  651          - 6417.00108      -   297  425s
  4087  3301 6417.71180   27  576          - 6417.02256      -   312  431s
  4091  3307 6418.32759   28  563          - 6418.32759      -   312  435s
  4099  3321 6421.76048   29  523          - 6418.32759      -   315  441s
  4115  3337 6444.00948   30  517          - 6418.97326      -   318  448s
  4137  3354 6453.91290   31  498          - 6419.16056      -   322  457s
  4161  3368 6455.93236   32  480          - 6419.16056      -   324  466s
  4183  3383 6474.03677   32  481          - 6419.16056      -   327  478s
  4205  3397 6459.75383   33  438          - 6419.16056      -   332  488s
  4227  3411 6474.41505   33  520          - 6419.16056      -   336  501s
  4250  3430 6465.37510   34  449          - 6419.16056      -   344  511s
  4279  3449 6474.31049   34  432          - 6419.16056      -   350  520s
  4309  3475 6467.29581   35  449          - 6419.16056      -   356  532s
  4345  3489 6509.94885   35  429          - 6419.16056      -   366  545s
  4373  3514 6470.48212   36  452          - 6419.16056      -   374  555s
  4416  3545 6502.52637   36  391          - 6419.16056      -   382  565s
  4461  3565 6496.29095   37  432          - 6419.16056      -   390  575s
  4502  3585 6478.64068   37  442          - 6419.16056      -   398  588s
  4542  3620 6494.05444   38  444          - 6419.16056      -   408  596s
  4590  3644 6497.09215   38  426          - 6419.16056      -   414  605s
  4636  3677 6495.98960   40  433          - 6419.16056      -   423  618s
  4686  3698 6498.93356   41  422          - 6419.16056      -   431  628s
  4736  3722 6501.53320   42  413          - 6419.16056      -   443  637s
  4786  3749 6529.39598   43  410          - 6419.16056      -   452  646s
  4839  3770 6589.05920   44  408          - 6419.16056      -   457  657s
  4896  3790 6726.90989   45  337          - 6420.42631      -   466  667s
  4951  3817 6527.11242   47  389          - 6420.51314      -   473  681s
  5010  3835 6522.35773   49  414          - 6420.51314      -   479  693s
  5066  3865 6588.09803   50  377          - 6420.51314      -   485  704s
  5124  3912 6561.61611   51  393          - 6420.51314      -   493  716s
  5197  3952 6568.87838   53  389          - 6420.51314      -   499  728s
  5277  3987 6577.34988   55  397          - 6421.37219      -   505  740s
  5361  4013 6579.26390   57  364          - 6421.37219      -   512  753s

Cutting planes:
  Gomory: 1
  Cover: 64
  Clique: 41
  MIR: 180
  Knapsack: 9
  StrongCG: 67
  Flow cover: 178
  GUB cover: 12
  Zero half: 33
  RLT: 47
  Relax-and-lift: 120
  BQP: 2

Explored 5447 nodes (2839167 simplex iterations) in 753.85 seconds (793.76 work units)
Thread count was 22 (of 22 available processors)

Solution count 0

Time limit reached
Best objective -, best bound 6.422000000000e+03, gap -

User-callback calls 130461, time in user-callback 0.64 sec
