FIXINGS_START
(0, 0, 0)
(1, 0, 0)
(1, 4, 0)
(3, 0, 0)
(3, 6, 0)
(4, 0, 0)
(4, 7, 0)
(5, 0, 0)
(5, 4, 0)
(6, 0, 0)
(7, 0, 0)
(8, 0, 0)
(8, 6, 0)
(9, 0, 0)
(9, 6, 0)
(10, 0, 0)
(10, 4, 0)
(13, 0, 0)
(14, 0, 0)
(16, 6, 0)
(16, 7, 0)
(17, 0, 0)
(17, 4, 0)
(18, 4, 0)
(19, 0, 0)
(19, 7, 0)
(20, 0, 0)
(20, 9, 0)
(21, 0, 0)
(22, 0, 0)
(22, 4, 0)
(23, 0, 0)
(23, 4, 0)
(7, 2, 0)
(0, 2, 0)
(14, 2, 0)
(21, 1, 0)
(12, 0, 0)
(3, 2, 0)
(1, 2, 0)
(22, 5, 0)
(8, 4, 33)
(14, 4, 0)
(23, 6, 0)
(12, 1, 0)
(15, 0, 0)
(13, 1, 0)
(15, 2, 32)
(3, 4, 0)
(1, 3, 0)
(20, 1, 0)
(19, 1, 19)
(24, 0, 0)
(15, 3, 23)
(15, 4, 0)
(12, 2, 0)
(11, 0, 0)
(24, 1, 0)
(20, 4, 0)
(2, 0, 0)
(20, 5, 28)
(1, 5, 0)
(20, 7, 28)
(8, 5, 33)
(24, 3, 0)
(5, 1, 0)
(7, 4, 0)
(19, 2, 37)
(3, 5, 25)
(4, 2, 0)
(10, 2, 0)
(4, 3, 27)
FIXINGS_END
time 889.572
GUROBI
Status TIME_LIMIT
Runtime 889.5714771747589
NodeCount 6162.0
IterCount 3179399.0
NumVars 9720
NumConstrs 58095
ObjBound 6411.0005150291745
ObjBoundC 6411.0005150291745
ObjVal inf
MIPGap inf
