FIXINGS_START
(0, 0, 0)
(1, 0, 0)
(1, 4, 0)
(3, 0, 0)
(3, 6, 0)
(4, 0, 0)
(4, 7, 0)
(5, 0, 0)
(5, 4, 0)
(6, 0, 0)
(7, 0, 0)
(8, 0, 0)
(8, 6, 0)
(9, 0, 0)
(9, 6, 0)
(10, 0, 0)
(10, 4, 0)
(13, 0, 0)
(14, 0, 0)
(16, 6, 0)
(16, 7, 0)
(17, 0, 0)
(17, 4, 0)
(18, 4, 0)
(19, 0, 0)
(19, 7, 0)
(20, 0, 0)
(20, 9, 0)
(21, 0, 0)
(22, 0, 0)
(22, 4, 0)
(23, 0, 0)
(23, 4, 0)
(23, 6, 0)
(4, 1, 17)
(12, 0, 0)
(5, 1, 0)
(16, 0, 0)
(21, 1, 0)
(14, 2, 0)
(16, 1, 0)
(22, 5, 0)
(0, 2, 0)
(3, 2, 0)
(20, 1, 0)
(6, 3, 0)
(15, 0, 0)
(14, 4, 0)
(16, 4, 0)
(17, 1, 36)
(5, 3, 0)
(5, 6, 0)
(5, 7, 0)
(7, 2, 0)
(2, 0, 0)
(2, 2, 0)
(7, 4, 0)
(18, 1, 0)
(9, 3, 6)
(1, 2, 0)
(3, 4, 0)
(0, 3, 0)
(10, 1, 13)
(1, 3, 0)
(19, 5, 0)
(10, 2, 0)
(11, 0, 0)
(4, 2, 0)
(15, 4, 0)
(20, 4, 0)
(13, 1, 0)
(0, 4, 0)
(4, 5, 0)
(4, 6, 38)
(8, 2, 23)
(3, 5, 25)
(18, 2, 0)
(11, 1, 0)
(15, 6, 0)
(24, 0, 0)
(12, 1, 0)
(12, 2, 0)
(9, 7, 0)
(1, 5, 0)
(11, 2, 34)
FIXINGS_END
time 753.851
GUROBI
Status TIME_LIMIT
Runtime 753.8504571914673
NodeCount 5447.0
IterCount 2839167.0
NumVars 9720
NumConstrs 58108
ObjBound 6422.0
ObjBoundC 6421.372188725315
ObjVal inf
MIPGap inf
