
Gurobi 13.0.0 (linux64) logging started Sun Jan  4 17:52:59 2026

Set parameter LogFile to value "../experiments/network-n_30_s_0_rp_0-app_set-id_8_7_apps/compact_model_gurobi.log"
Set parameter TimeLimit to value 900
Gurobi Optimizer version 13.0.0 build v13.0.0rc1 (linux64 - "Ubuntu 24.04.3 LTS")

CPU model: Intel(R) Core(TM) Ultra 7 165H, instruction set [SSE2|AVX|AVX2]
Thread count: 22 physical cores, 22 logical processors, using up to 22 threads

Non-default parameters:
TimeLimit  900
LogToConsole  0

Academic license 2539022 - for non-commercial use only - registered to al___@studenti.unimi.it
Optimize a model with 3885 rows, 1380 columns and 9582 nonzeros (Min)
Model fingerprint: 0x09fb1415
Model has 1380 linear objective coefficients
Model has 98 quadratic constraints
Variable types: 0 continuous, 1380 integer (1380 binary)
Coefficient statistics:
  Matrix range     [1e+00, 8e+02]
  QMatrix range    [6e+01, 2e+02]
  Objective range  [1e+01, 2e+02]
  Bounds range     [1e+00, 1e+00]
  RHS range        [1e+00, 1e+09]
  QRHS range       [1e+02, 6e+02]
Presolve removed 3564 rows and 874 columns
Presolve time: 0.03s
Presolved: 5184 rows, 5273 columns, 30522 nonzeros
Variable types: 0 continuous, 5273 integer (5273 binary)
Found heuristic solution: objective 1995.0000000

Root relaxation: objective 1.500563e+03, 239 iterations, 0.01 seconds (0.01 work units)

    Nodes    |    Current Node    |     Objective Bounds      |     Work
 Expl Unexpl |  Obj  Depth IntInf | Incumbent    BestBd   Gap | It/Node Time

     0     0 1500.56253    0   55 1995.00000 1500.56253  24.8%     -    0s
H    0     0                    1592.0000000 1500.56253  5.74%     -    0s
     0     0 1520.88289    0   63 1592.00000 1520.88289  4.47%     -    0s
     0     0 1522.60961    0   75 1592.00000 1522.60961  4.36%     -    0s
     0     0 1534.13427    0  100 1592.00000 1534.13427  3.63%     -    0s
     0     0 1534.65521    0  104 1592.00000 1534.65521  3.60%     -    0s
     0     0 1535.01310    0  100 1592.00000 1535.01310  3.58%     -    0s
     0     0 1542.02990    0   73 1592.00000 1542.02990  3.14%     -    0s
     0     0 1542.22126    0   80 1592.00000 1542.22126  3.13%     -    0s
H    0     0                    1589.0000000 1542.22126  2.94%     -    0s
     0     0 1543.97784    0   73 1589.00000 1543.97784  2.83%     -    0s
     0     0 1545.13575    0   83 1589.00000 1545.13575  2.76%     -    0s
     0     0 1545.20467    0   78 1589.00000 1545.20467  2.76%     -    0s
H    0     0                    1554.0000000 1545.20467  0.57%     -    0s
     0     0 1545.21483    0   79 1554.00000 1545.21483  0.57%     -    0s
     0     0 1545.40907    0   78 1554.00000 1545.40907  0.55%     -    0s
     0     0 1545.40907    0   78 1554.00000 1545.40907  0.55%     -    0s
     0     0 1545.40907    0   78 1554.00000 1545.40907  0.55%     -    0s
     0     0 1545.40907    0   27 1554.00000 1545.40907  0.55%     -    0s
     0     0 1545.40907    0   29 1554.00000 1545.40907  0.55%     -    0s
     0     0 1548.58007    0   29 1554.00000 1548.58007  0.35%     -    0s
     0     0 1549.71402    0   31 1554.00000 1549.71402  0.28%     -    0s
     0     0 1549.74145    0   31 1554.00000 1549.74145  0.27%     -    0s
     0     0 1549.74145    0   31 1554.00000 1549.74145  0.27%     -    0s
H    0     0                    1552.0000000 1549.74145  0.15%     -    0s
     0     0 1550.40000    0   25 1552.00000 1550.40000  0.10%     -    0s

Cutting planes:
  Cover: 13
  Clique: 6
  MIR: 6
  StrongCG: 2
  Zero half: 2
  RLT: 7
  Relax-and-lift: 1
  BQP: 2

Explored 1 nodes (1120 simplex iterations) in 0.78 seconds (0.46 work units)
Thread count was 22 (of 22 available processors)

Solution count 5: 1552 1554 1589 ... 1995

Optimal solution found (tolerance 1.00e-04)
Best objective 1.552000000000e+03, best bound 1.552000000000e+03, gap 0.0000%

User-callback calls 692, time in user-callback 0.00 sec
