
Gurobi 13.0.0 (linux64) logging started Sun Jan  4 19:31:49 2026

Set parameter LogFile to value "../experiments/network-n_30_s_1_rp_0-app_set-id_27_14_apps/compact_model_gurobi.log"
Set parameter TimeLimit to value 900
Gurobi Optimizer version 13.0.0 build v13.0.0rc1 (linux64 - "Ubuntu 24.04.3 LTS")

CPU model: Intel(R) Core(TM) Ultra 7 165H, instruction set [SSE2|AVX|AVX2]
Thread count: 22 physical cores, 22 logical processors, using up to 22 threads

Non-default parameters:
TimeLimit  900
LogToConsole  0

Academic license 2539022 - for non-commercial use only - registered to al___@studenti.unimi.it
Optimize a model with 7586 rows, 2730 columns and 19047 nonzeros (Min)
Model fingerprint: 0x3e3d393d
Model has 2730 linear objective coefficients
Model has 100 quadratic constraints
Variable types: 0 continuous, 2730 integer (2730 binary)
Coefficient statistics:
  Matrix range     [1e+00, 9e+02]
  QMatrix range    [5e+01, 2e+02]
  Objective range  [1e+01, 2e+02]
  Bounds range     [1e+00, 1e+00]
  RHS range        [1e+00, 1e+09]
  QRHS range       [1e+02, 6e+02]
Presolve removed 6961 rows and 1417 columns
Presolve time: 0.07s
Presolved: 14665 rows, 15253 columns, 85417 nonzeros
Variable types: 0 continuous, 15253 integer (15253 binary)

Root relaxation: objective 3.247570e+03, 1159 iterations, 0.08 seconds (0.13 work units)

    Nodes    |    Current Node    |     Objective Bounds      |     Work
 Expl Unexpl |  Obj  Depth IntInf | Incumbent    BestBd   Gap | It/Node Time

     0     0 3247.57043    0  135          - 3247.57043      -     -    0s
H    0     0                    4562.0000000 3249.47857  28.8%     -    1s
H    0     0                    4462.0000000 3249.47857  27.2%     -    1s
     0     0 3264.20243    0  174 4462.00000 3264.20243  26.8%     -    1s
     0     0 3265.59223    0  170 4462.00000 3265.59223  26.8%     -    1s
     0     0 3265.62213    0  170 4462.00000 3265.62213  26.8%     -    1s
     0     0 3282.19629    0  235 4462.00000 3282.19629  26.4%     -    1s
H    0     0                    4461.0000000 3282.19629  26.4%     -    1s
     0     0 3285.30846    0  233 4461.00000 3285.30846  26.4%     -    2s
     0     0 3285.58776    0  238 4461.00000 3285.58776  26.3%     -    2s
     0     0 3289.61214    0  271 4461.00000 3289.61214  26.3%     -    2s
     0     0 3290.80827    0  272 4461.00000 3290.80827  26.2%     -    2s
     0     0 3291.50012    0  280 4461.00000 3291.50012  26.2%     -    2s
     0     0 3291.71142    0  282 4461.00000 3291.71142  26.2%     -    2s
H    0     0                    4456.0000000 3293.38149  26.1%     -    3s
     0     0 3293.38149    0  283 4456.00000 3293.38149  26.1%     -    3s
     0     0 3294.15797    0  280 4456.00000 3294.15797  26.1%     -    3s
     0     0 3295.06373    0  288 4456.00000 3295.06373  26.1%     -    3s
     0     0 3295.07637    0  283 4456.00000 3295.07637  26.1%     -    3s
     0     0 3295.07637    0  273 4456.00000 3295.07637  26.1%     -    3s
H    0     0                    4090.0000000 3295.07671  19.4%     -    3s
     0     2 3295.07671    0  268 4090.00000 3295.07671  19.4%     -    3s
    15    32 3297.99113    4  290 4090.00000 3297.12059  19.4%   322    5s
H   54    97                    4005.0000000 3299.29024  17.6%   314    6s
H   99   139                    3907.0000000 3299.29024  15.6%   252    7s
H  328   355                    3906.0000000 3299.29024  15.5%   188    9s
   354   383 3306.02066   10  279 3906.00000 3299.29024  15.5%   183   10s
H  547   562                    3885.0000000 3299.29024  15.1%   173   13s
H  630   655                    3620.0000000 3299.29024  8.86%   168   14s
   709   733 3310.11126   19  283 3620.00000 3299.29024  8.86%   163   15s
H  713   733                    3526.0000000 3299.29024  6.43%   163   15s
H  979  1012                    3525.0000000 3299.29024  6.40%   153   17s
H 1224  1225                    3511.0000000 3299.29024  6.03%   141   19s
H 1232  1225                    3500.0000000 3299.29024  5.73%   141   19s
H 1242  1225                    3498.0000000 3299.29024  5.68%   141   19s
  1345  1407 3331.91319   36  198 3498.00000 3299.29024  5.68%   138   20s
H 2033  1963                    3447.0000000 3299.29024  4.29%   116   23s
H 2250  2062                    3410.0000000 3299.60013  3.24%   111   24s
  2383  2179 3335.88735   56  213 3410.00000 3300.64862  3.21%   110   25s
H 2557  2236                    3408.0000000 3300.64862  3.15%   108   26s
H 2630  2027                    3382.0000000 3300.64862  2.41%   107   26s
H 2638  2016                    3381.0000000 3300.64862  2.38%   107   26s
  3141  2558 3351.06589   77  135 3381.00000 3300.64862  2.38%   103   30s
  3357  2572 3319.84990   12  312 3381.00000 3301.61699  2.35%   101   35s
H 3395  2466                    3380.0000000 3305.08494  2.22%   100   39s
  3397  2467 3329.62172   22  323 3380.00000 3305.11325  2.22%   100   40s
H 3414  2353                    3374.0000000 3305.75923  2.02%  99.2   42s
  3430  2378 3308.45904   13  294 3374.00000 3308.04659  1.95%   103   46s
  3509  2453 3310.17550   16  313 3374.00000 3309.02394  1.93%   107   50s
  3694  2579 3316.93003   19  256 3374.00000 3309.02394  1.93%   113   56s
H 3822  2495                    3369.0000000 3309.39129  1.77%   115   57s
  3875  2569 3322.46552   22  139 3369.00000 3309.39129  1.77%   116   60s
H 4051  2527                    3367.0000000 3309.39129  1.71%   117   63s
  4162  2623 3329.03116   27  137 3367.00000 3310.12735  1.69%   117   66s
  4403  2751 3338.43476   31  159 3367.00000 3310.12735  1.69%   119   70s
H 4478  2677                    3365.0000000 3310.12735  1.63%   119   71s
  4797  2779 3336.16853   38  131 3365.00000 3311.38068  1.59%   119   75s
  5258  2906 3355.98872   43  179 3365.00000 3312.09862  1.57%   119   80s
  5556  2956 3342.15323   47  156 3365.00000 3312.09862  1.57%   119   85s
H 5614  2851                    3359.0000000 3312.09862  1.40%   119   87s
  5875  3035 3349.24648   51  164 3359.00000 3312.09862  1.40%   118   90s
  6454  3215 3324.74081   27  140 3359.00000 3313.02814  1.37%   118   95s
  7076  3505 3337.27330   42   64 3359.00000 3313.02814  1.37%   117  100s
  7839  3793 3323.21559   19  208 3359.00000 3313.02814  1.37%   116  106s
  8308  4010 3340.76715   36  158 3359.00000 3313.02814  1.37%   116  110s
  9137  4315 3332.22384   41  196 3359.00000 3315.18253  1.30%   117  116s
  9816  4795 3334.71273   52  155 3359.00000 3315.18253  1.30%   116  121s
 10465  5220 3327.86990   20  204 3359.00000 3315.18253  1.30%   115  126s
 10972  5479 3353.56604   42  168 3359.00000 3315.18253  1.30%   115  131s
H11185  5144                    3354.0000000 3315.18253  1.16%   115  131s
 11667  5631 3328.00849   28  157 3354.00000 3315.18253  1.16%   115  136s
 12586  6294 3346.46482   57   33 3354.00000 3315.18253  1.16%   116  142s
 13089  6666 3349.19800   29   76 3354.00000 3316.08223  1.13%   116  145s
 14010  7287 3329.07269   21  154 3354.00000 3317.26119  1.10%   115  152s
 14609  7766 3328.33780   32  191 3354.00000 3318.07906  1.07%   115  155s
 15904  8558 3345.48033   18  136 3354.00000 3318.88422  1.05%   115  162s
 16539  9018 3349.41692   30  171 3354.00000 3318.88422  1.05%   114  166s
 17953  9957 3326.92298   26  187 3354.00000 3320.08648  1.01%   113  173s
 18650 10488 3338.28072   40  147 3354.00000 3320.09425  1.01%   113  177s
 19497 10751 3338.09990   29  160 3354.00000 3320.27574  1.01%   113  181s
 19965 11204 3335.71421   23  147 3354.00000 3320.51830  1.00%   113  186s
 20706 11794 3341.31646   35  217 3354.00000 3320.63870  0.99%   112  190s
 22516 13095 3326.26726   34  158 3354.00000 3321.27352  0.98%   112  199s
 23441 13644 3348.98890   32  181 3354.00000 3321.48075  0.97%   111  203s
 24370 13645 3331.53844   36 2858 3354.00000 3321.74124  0.96%   111  207s
 24397 13663 3343.72155   37  320 3354.00000 3321.74124  0.96%   111  210s
 24441 13695 3321.74124   25  267 3354.00000 3321.74124  0.96%   111  215s
 24535 13787 3324.89295   31  189 3354.00000 3321.74124  0.96%   112  220s
 24688 13882 3321.74124   34  201 3354.00000 3321.74124  0.96%   112  225s
 24919 13981 3327.35337   38  189 3354.00000 3321.74124  0.96%   113  230s
H24973 13307                    3350.0000000 3321.74124  0.84%   113  231s
 25131 13382 3326.45927   41  148 3350.00000 3321.74124  0.84%   113  235s
 25342 13430 3328.01869   44  177 3350.00000 3321.74124  0.84%   113  240s
 25592 13493 3333.84972   50  114 3350.00000 3321.74124  0.84%   113  245s
 25990 13618 3348.67549   65  106 3350.00000 3321.74124  0.84%   113  250s
 26673 13850 3337.21937   66  129 3350.00000 3321.74124  0.84%   113  256s
 27464 14078 3344.10579   61  128 3350.00000 3321.74124  0.84%   112  261s
 28318 14325 3335.00446   55  160 3350.00000 3321.74124  0.84%   111  266s
 29334 14735 3330.35674   37  116 3350.00000 3321.74124  0.84%   110  271s
 30638 15233     cutoff   67      3350.00000 3321.82686  0.84%   109  276s
 31411 15481 3334.00751   37  174 3350.00000 3322.12373  0.83%   108  280s
 32941 16041 3327.55020   36  190 3350.00000 3322.63624  0.82%   107  286s
 34017 16360 3347.31939   47  129 3350.00000 3322.76816  0.81%   107  291s
 35260 16699 3331.42486   31  153 3350.00000 3323.36280  0.80%   107  295s
 36535 17051 3329.68008   39  166 3350.00000 3324.49537  0.76%   106  300s
 37854 17373 3335.93150   44  123 3350.00000 3324.92671  0.75%   106  305s
 38603 17342 3337.08739   39  149 3350.00000 3324.96651  0.75%   105  311s
 39462 17620 3345.01012   54  128 3350.00000 3325.31327  0.74%   105  316s
 40875 17738 3342.08481   50  141 3350.00000 3325.55708  0.73%   105  322s
 41378 18068     cutoff   66      3350.00000 3325.55708  0.73%   105  325s
 42834 18396 3340.52732   49  146 3350.00000 3326.08191  0.71%   104  332s
 43704 18544 3341.68136   46   71 3350.00000 3326.35962  0.71%   104  335s
 45593 19058 3338.97013   48  148 3350.00000 3326.79738  0.69%   104  342s
 46777 19261     cutoff   38      3350.00000 3327.05859  0.68%   103  346s
 48007 19382 3339.56514   47  125 3350.00000 3327.24214  0.68%   103  350s
 50482 19844 3347.28971   73  114 3350.00000 3327.78746  0.66%   102  358s
 51468 19869     cutoff   67      3350.00000 3328.02202  0.66%   102  362s
 52254 20312 3335.10631   34  172 3350.00000 3328.09137  0.65%   102  366s
 53669 20642 3346.74646   60  130 3350.00000 3328.33871  0.65%   102  370s
 56099 20781 3333.71624   44  128 3350.00000 3328.71162  0.64%   101  378s
 57725 20986 3344.94709   53  138 3350.00000 3328.93931  0.63%   101  383s
 59255 21212     cutoff   61      3350.00000 3329.11664  0.62%   100  388s
 60833 21382     cutoff   46      3350.00000 3329.30107  0.62%   100  392s
 62343 21600 3338.09373   39  151 3350.00000 3329.49897  0.61%   100  397s
 64009 21979 infeasible   58      3350.00000 3329.73234  0.61%   100  402s
 65753 22752 3337.46579   38  188 3350.00000 3329.86436  0.60%  99.3  407s
 67408 23317 3342.98140   55  122 3350.00000 3330.04007  0.60%  99.0  413s
 69360 24182 3335.98337   42  210 3350.00000 3330.23236  0.59%  98.8  418s
 71371 25126 3338.29891   32  170 3350.00000 3330.44030  0.58%  98.5  424s
 73420 25745     cutoff   60      3350.00000 3330.67298  0.58%  98.3  447s
 75116 26873 3347.56038   49  148 3350.00000 3330.87304  0.57%  98.1  455s
 77833 27545 3344.13153   44  160 3350.00000 3331.11412  0.56%  97.9  463s
 79834 28572 3336.21794   43  184 3350.00000 3331.22592  0.56%  97.8  470s
 82593 29624 3336.28753   46  142 3350.00000 3331.45123  0.55%  97.9  477s
 85231 30213     cutoff   46      3350.00000 3331.73595  0.55%  97.8  484s
 87466 30932     cutoff   52      3350.00000 3331.97506  0.54%  97.8  492s
 89641 31582 3335.38600   45  207 3350.00000 3332.16932  0.53%  97.8  499s
 92076 32324 3339.24446   50  179 3350.00000 3332.36157  0.53%  97.8  506s
 94674 32972 3346.39998   38  137 3350.00000 3332.59756  0.52%  97.7  513s
 96934 33767 3342.23758   62  147 3350.00000 3332.78505  0.51%  97.9  520s
 99411 34531 3348.43024   50  134 3350.00000 3332.97210  0.51%  97.8  528s
 101800 35169 3338.37017   46  196 3350.00000 3333.21043  0.50%  97.9  535s
 103723 35367 3346.20879   61  128 3350.00000 3333.34341  0.50%  97.8  542s
 104390 36145 3348.06757   37  134 3350.00000 3333.34481  0.50%  97.8  550s
 106970 37070 3347.77932   48  140 3350.00000 3333.40818  0.50%  97.8  559s
 110038 37579 3335.52924   45  187 3350.00000 3333.75982  0.48%  97.8  566s
 111797 37718     cutoff   62      3350.00000 3333.88575  0.48%  97.7  574s
 112454 37888 3342.19452   39  177 3350.00000 3333.91010  0.48%  97.8  581s
 113122 38077 3344.34384   39  152 3350.00000 3333.91010  0.48%  97.8  589s
 113892 38700 3345.34717   40  162 3350.00000 3333.93592  0.48%  97.8  598s
 116412 39647 3342.68284   42  168 3350.00000 3334.13347  0.47%  97.9  608s
 119969 40459 3344.05094   63  103 3350.00000 3334.44793  0.46%  97.8  617s
 123092 41031     cutoff   43      3350.00000 3334.66925  0.46%  97.8  625s
 125823 41579     cutoff   47      3350.00000 3334.83008  0.45%  97.9  633s
 128074 42010 3338.69596   57  146 3350.00000 3334.98286  0.45%  97.8  641s
 130616 42685     cutoff   57      3350.00000 3335.11685  0.44%  98.0  648s
 133171 43195 3340.96467   49  170 3350.00000 3335.26588  0.44%  98.0  656s
 135521 43721 3348.49160   61   81 3350.00000 3335.40043  0.44%  98.1  663s
 137963 44236 3343.23846   39  188 3350.00000 3335.53245  0.43%  98.1  670s
 140256 44788 3344.60468   46  141 3350.00000 3335.63545  0.43%  98.1  677s
 142726 45298 3345.68591   47  109 3350.00000 3335.78781  0.42%  98.1  684s
 144947 45889 3345.25091   52  151 3350.00000 3335.89607  0.42%  98.2  691s
 147483 46260 3348.37759   59  133 3350.00000 3336.03296  0.42%  98.1  698s
 149536 46880 3344.97092   54  107 3350.00000 3336.10247  0.41%  98.1  705s
 152162 47338 3346.91806   47  138 3350.00000 3336.18152  0.41%  98.0  713s
 154680 47808     cutoff   58      3350.00000 3336.32828  0.41%  98.1  720s
 157169 48257 3345.98926   41   99 3350.00000 3336.47088  0.40%  98.1  727s
 159334 48709 3342.20221   44  201 3350.00000 3336.59516  0.40%  98.1  734s
 161778 49050     cutoff   43      3350.00000 3336.73141  0.40%  98.1  741s
 163980 49450 3338.83277   42  153 3350.00000 3336.84912  0.39%  98.2  748s
 166416 49792     cutoff   72      3350.00000 3336.95157  0.39%  98.1  755s
 168710 49972 3344.31555   55   84 3350.00000 3337.06936  0.39%  98.1  761s
 170904 50347 3338.94908   43  166 3350.00000 3337.18364  0.38%  98.2  768s
 173100 50671 3347.20410   55  113 3350.00000 3337.29235  0.38%  98.2  775s
 175393 50978 3346.81893   52   81 3350.00000 3337.41449  0.38%  98.2  782s
 177624 51381 3343.45152   34  195 3350.00000 3337.50242  0.37%  98.2  790s
 180117 51636 3343.88840   61  162 3350.00000 3337.61745  0.37%  98.2  797s
 182373 51965 3348.75945   48  148 3350.00000 3337.73375  0.37%  98.2  804s
 184692 52288 3345.39483   50  170 3350.00000 3337.83764  0.36%  98.3  811s
 186978 52513     cutoff   59      3350.00000 3337.93338  0.36%  98.3  819s
 188958 52743 3341.64677   51  115 3350.00000 3338.02507  0.36%  98.2  826s
 191363 52992 3345.48769   41  154 3350.00000 3338.14493  0.35%  98.2  833s
 193747 53288 3345.18650   46  146 3350.00000 3338.23512  0.35%  98.2  840s
 196196 53569 3340.05861   60   90 3350.00000 3338.34832  0.35%  98.2  847s
 198526 53825 3340.29835   50  136 3350.00000 3338.43511  0.35%  98.2  855s
 200983 54012     cutoff   42      3350.00000 3338.52097  0.34%  98.2  861s
 203290 54363     cutoff   45      3350.00000 3338.60446  0.34%  98.2  869s
 205871 54488 3342.24798   52  179 3350.00000 3338.71961  0.34%  98.1  876s
 207917 54652 3344.69463   57  141 3350.00000 3338.81462  0.33%  98.2  883s
H209506 31735                    3345.0000000 3338.81943  0.18%  98.2  883s
 210298 30672 3341.73082   59  198 3345.00000 3338.90587  0.18%  98.2  890s
 212280 29787 3343.90346   37  155 3345.00000 3339.05486  0.18%  98.1  898s
 214369 29435     cutoff   44      3345.00000 3339.29746  0.17%  98.2  900s

Cutting planes:
  Gomory: 4
  Lift-and-project: 4
  Cover: 964
  Clique: 24
  MIR: 433
  Knapsack: 10
  StrongCG: 328
  Flow cover: 285
  GUB cover: 28
  Inf proof: 33
  Zero half: 95
  Mod-K: 1
  RLT: 224
  Relax-and-lift: 19
  BQP: 405

Explored 215006 nodes (21111688 simplex iterations) in 900.02 seconds (537.86 work units)
Thread count was 22 (of 22 available processors)

Solution count 10: 3345 3350 3354 ... 3381

Time limit reached
Best objective 3.345000000000e+03, best bound 3.340000000000e+03, gap 0.1495%

User-callback calls 504902, time in user-callback 0.76 sec
