FIXINGS_START
(0, 0, 0)
(1, 0, 0)
(2, 0, 0)
(2, 6, 0)
(3, 0, 0)
(3, 8, 0)
(4, 0, 0)
(5, 0, 0)
(5, 6, 0)
(6, 0, 0)
(7, 0, 0)
(8, 0, 0)
(10, 0, 0)
(11, 8, 0)
(11, 9, 0)
(12, 0, 0)
(12, 4, 0)
(13, 8, 0)
(13, 9, 0)
(3, 1, 0)
(11, 1, 0)
(7, 1, 14)
(11, 3, 0)
(10, 1, 0)
(8, 1, 0)
(12, 1, 0)
(10, 3, 0)
(0, 1, 0)
(8, 2, 0)
(0, 3, 0)
(3, 2, 16)
(3, 4, 0)
(10, 4, 0)
(11, 4, 0)
(3, 6, 7)
(12, 2, 0)
(3, 7, 10)
(9, 0, 0)
(1, 1, 0)
(4, 3, 0)
(12, 6, 1)
(8, 4, 9)
(1, 2, 0)
(4, 4, 0)
(7, 2, 1)
(5, 1, 0)
(13, 0, 4)
(2, 3, 0)
FIXINGS_END
found_sol 3838.0 time 0.158
found_sol 3758.0 time 0.357
found_sol 3753.0 time 0.471
found_sol 3749.0 time 1.151
found_sol 3742.0 time 1.213
found_sol 3735.0 time 1.562
found_sol 3699.0 time 1.564
found_sol 3453.0 time 1.782
found_sol 3432.0 time 2.079
found_sol 3429.0 time 2.195
found_sol 3421.0 time 2.318
found_sol 3398.0 time 2.356
found_sol 3392.0 time 2.816
found_sol 3390.0 time 4.531
found_sol 3390.0 time 5.471
found_sol 3392.0 time 5.472
found_sol 3398.0 time 5.473
found_sol 3384.0 time 8.480
time 10.617
GUROBI
Status OPTIMAL
Runtime 10.616564989089966
NodeCount 7743.0
IterCount 424918.0
NumVars 2730
NumConstrs 7634
ObjBound 3384.0
ObjBoundC 3384.0
ObjVal 3384.0
MIPGap 0.0
