
Gurobi 13.0.0 (linux64) logging started Wed Jan 14 19:49:51 2026

Set parameter LogFile to value "../experiments/network-n_60_s_2_rp_0-app_set-id_97_37_apps/compact_model_gurobi.log"
Set parameter TimeLimit to value 900
Gurobi Optimizer version 13.0.0 build v13.0.0rc1 (linux64 - "Ubuntu 24.04.3 LTS")

CPU model: Intel(R) Core(TM) Ultra 7 165H, instruction set [SSE2|AVX|AVX2]
Thread count: 22 physical cores, 22 logical processors, using up to 22 threads

Non-default parameters:
TimeLimit  900
LogToConsole  0

Academic license 2539022 - for non-commercial use only - registered to al___@studenti.unimi.it
Optimize a model with 79866 rows, 14400 columns and 180209 nonzeros (Min)
Model fingerprint: 0xe46234d8
Model has 14400 linear objective coefficients
Model has 190 quadratic constraints
Variable types: 0 continuous, 14400 integer (14400 binary)
Coefficient statistics:
  Matrix range     [1e+00, 9e+02]
  QMatrix range    [5e+01, 2e+02]
  Objective range  [1e+01, 2e+02]
  Bounds range     [1e+00, 1e+00]
  RHS range        [1e+00, 1e+09]
  QRHS range       [1e+02, 6e+02]
Presolve removed 75603 rows and 7951 columns
Presolve time: 0.26s
Presolved: 107255 rows, 109253 columns, 665693 nonzeros
Variable types: 0 continuous, 109253 integer (109253 binary)
Performing another presolve...
Presolve removed 2881 rows and 2989 columns
Presolve time: 1.29s
Deterministic concurrent LP optimizer: primal simplex, dual simplex, and barrier
Showing barrier log only...

Root barrier log...

Ordering time: 5.13s
Elapsed ordering time = 5s
Ordering time: 5.40s

Barrier performed 0 iterations in 8.45 seconds (5.54 work units)
Barrier solve interrupted - model solved by another algorithm

Concurrent spin time: 4.01s (can be avoided by choosing Method=3)

Solved with dual simplex

Root relaxation: infeasible, 9867 iterations, 6.51 seconds (3.24 work units)

    Nodes    |    Current Node    |     Objective Bounds      |     Work
 Expl Unexpl |  Obj  Depth IntInf | Incumbent    BestBd   Gap | It/Node Time

     0     0 infeasible    0               - infeasible      -     -    8s

Explored 1 nodes (9867 simplex iterations) in 8.45 seconds (5.54 work units)
Thread count was 22 (of 22 available processors)

Solution count 0

Model is infeasible
Best objective -, best bound -, gap -

User-callback calls 1032, time in user-callback 0.00 sec
