
Gurobi 13.0.0 (linux64) logging started Sat Jan  3 05:38:20 2026

Set parameter LogFile to value "../experiments/network-n_60_s_0_rp_0-app_set-id_42_19_apps/compact_model_gurobi.log"
Set parameter TimeLimit to value 900
Gurobi Optimizer version 13.0.0 build v13.0.0rc1 (linux64 - "Ubuntu 24.04.3 LTS")

CPU model: Intel(R) Core(TM) Ultra 7 165H, instruction set [SSE2|AVX|AVX2]
Thread count: 22 physical cores, 22 logical processors, using up to 22 threads

Non-default parameters:
TimeLimit  900
LogToConsole  0

Academic license 2539022 - for non-commercial use only - registered to al___@studenti.unimi.it
Optimize a model with 42530 rows, 7440 columns and 95453 nonzeros (Min)
Model fingerprint: 0x78aeb6e8
Model has 7440 linear objective coefficients
Model has 200 quadratic constraints
Variable types: 0 continuous, 7440 integer (7440 binary)
Coefficient statistics:
  Matrix range     [1e+00, 9e+02]
  QMatrix range    [5e+01, 2e+02]
  Objective range  [1e+01, 2e+02]
  Bounds range     [1e+00, 1e+00]
  RHS range        [1e+00, 1e+09]
  QRHS range       [1e+02, 6e+02]
Presolve removed 40774 rows and 4270 columns
Presolve time: 0.49s
Presolved: 42772 rows, 43934 columns, 266331 nonzeros
Variable types: 0 continuous, 43934 integer (43934 binary)
Deterministic concurrent LP optimizer: primal and dual simplex
Showing primal log only...

Concurrent spin time: 0.00s

Solved with dual simplex

Root relaxation: objective 4.511407e+03, 2828 iterations, 0.65 seconds (0.78 work units)

    Nodes    |    Current Node    |     Objective Bounds      |     Work
 Expl Unexpl |  Obj  Depth IntInf | Incumbent    BestBd   Gap | It/Node Time

     0     0 4511.40682    0  243          - 4511.40682      -     -    2s
     0     0 4511.45966    0  263          - 4511.45966      -     -    2s
     0     0 4567.34583    0  314          - 4567.34583      -     -    4s
     0     0 4585.37404    0  324          - 4585.37404      -     -    5s
     0     0 4586.42676    0  327          - 4586.42676      -     -    5s
     0     0 4586.50191    0  326          - 4586.50191      -     -    5s
     0     0 4597.96534    0  335          - 4597.96534      -     -    6s
     0     0 4622.54823    0  328          - 4622.54823      -     -    7s
     0     0 4627.26925    0  319          - 4627.26925      -     -    8s
     0     0 4632.08040    0  304          - 4632.08040      -     -    9s
     0     0 4632.23607    0  303          - 4632.23607      -     -    9s
     0     0 4657.60002    0  319          - 4657.60002      -     -   11s
     0     0 4664.62169    0  319          - 4664.62169      -     -   11s
     0     0 4669.05558    0  390          - 4669.05558      -     -   12s
     0     0 4670.86373    0  368          - 4670.86373      -     -   12s
     0     0 4679.16645    0  396          - 4679.16645      -     -   14s
     0     0 4685.60198    0  323          - 4685.60198      -     -   15s
     0     0 4687.64432    0  366          - 4687.64432      -     -   15s
     0     0 4689.36719    0  405          - 4689.36719      -     -   16s
     0     0 4689.38420    0  395          - 4689.38420      -     -   16s
     0     0 4689.38420    0  395          - 4689.38420      -     -   16s
     0     2 4689.41783    0  394          - 4689.41783      -     -   19s
     1     5 4689.48300    1  393          - 4689.48300      -  95.0   20s
    31    54 4693.21446    5  356          - 4691.53590      -   345   25s
   133   160 4695.69986    8  316          - 4691.96003      -   252   30s
   287   312 4701.34943   13  304          - 4691.96003      -   241   36s
   421   438 4704.83212   15  252          - 4691.96003      -   220   40s
H  470   463                    4899.0000000 4691.96003  4.23%   213   41s
H  491   505                    4898.0000000 4691.96003  4.21%   212   42s
H  492   505                    4880.0000000 4691.96003  3.85%   212   42s
H  507   505                    4868.0000000 4691.96003  3.62%   209   42s
H  523   505                    4858.0000000 4691.96003  3.42%   207   42s
   572   566 4712.17499   19  246 4858.00000 4691.96003  3.42%   205   45s
H  573   566                    4839.0000000 4691.96003  3.04%   204   45s
H  587   566                    4825.0000000 4691.96003  2.76%   205   45s
H  695   642                    4822.0000000 4692.48711  2.69%   202   49s
   700   670 4732.84000   23  269 4822.00000 4692.48711  2.69%   203   51s
   801   755 4736.56954   25  254 4822.00000 4692.48711  2.69%   209   56s
H  854   791                    4814.0000000 4692.48711  2.52%   209   58s
   870   850 4737.30154   26  245 4814.00000 4692.48711  2.52%   209   60s
H  986   888                    4813.0000000 4693.26742  2.49%   211   64s
  1001   929 4741.53335   28  255 4813.00000 4695.73215  2.44%   213   66s
H 1078   981                    4810.0000000 4696.03267  2.37%   209   68s
  1137  1006 4751.32024   34  292 4810.00000 4696.03267  2.37%   208   71s
  1272  1107 4755.33770   36  271 4810.00000 4696.23399  2.37%   213   75s
H 1365  1181                    4809.0000000 4696.44696  2.34%   212   77s
  1434  1258 4760.16214   41  230 4809.00000 4696.44696  2.34%   209   80s
H 1537  1295                    4808.0000000 4696.49221  2.32%   206   82s
  1655  1318 4771.42953   47  233 4808.00000 4696.49221  2.32%   201   86s
H 1658  1293                    4805.0000000 4696.49221  2.26%   201   86s
  1818  1419 4777.44457   51  232 4805.00000 4698.73349  2.21%   203   91s
  2053  1592 4787.12396   62  213 4805.00000 4698.73349  2.21%   201   97s
  2171  1702 4796.93817   66  188 4805.00000 4698.73349  2.21%   201  100s
  2471  1936 4780.78342   17  338 4805.00000 4698.73349  2.21%   195  107s
  2631  2071     cutoff   18      4805.00000 4703.32093  2.12%   193  110s
  2818  2101 4718.05206    7  298 4805.00000 4703.32093  2.12%   189  115s
  2996  2209 4771.61694   32 18259 4805.00000 4703.32093  2.12%   188  134s
  2998  2210 4764.89376   21  259 4805.00000 4703.32093  2.12%   188  140s
  3001  2212 4794.97416   25  339 4805.00000 4703.32093  2.12%   188  145s
  3005  2215 4783.55722   37  377 4805.00000 4703.32093  2.12%   187  150s
  3014  2221 4755.63797   24  416 4805.00000 4703.32093  2.12%   187  155s
  3023  2227 4800.08283   33  392 4805.00000 4703.32093  2.12%   186  160s
  3035  2235 4783.55376   49  433 4805.00000 4705.47020  2.07%   185  166s
H 3035  2122                    4800.0000000 4706.40202  1.95%   185  167s
  3043  2127 4755.90819   26  444 4800.00000 4706.98708  1.94%   185  170s
  3054  2135 4795.33550   48  437 4800.00000 4708.06030  1.92%   184  175s
  3065  2142 4756.01921   18  453 4800.00000 4709.16840  1.89%   184  180s
  3078  2151 4780.14603   30  440 4800.00000 4709.58439  1.88%   183  185s
  3090  2159 4744.36348   28  463 4800.00000 4709.93245  1.88%   182  190s
  3098  2164 4764.89376   21  411 4800.00000 4713.01546  1.81%   182  195s
  3111  2173 4781.58509   29  439 4800.00000 4714.31421  1.79%   181  200s
  3122  2180 4766.20087   27  427 4800.00000 4715.81166  1.75%   180  205s
  3133  2187 4791.92445   88  418 4800.00000 4716.46241  1.74%   180  211s
  3144  2195 4790.47807   33  402 4800.00000 4717.58771  1.72%   179  215s
  3159  2205 4766.41951   38  425 4800.00000 4717.82141  1.71%   178  220s
  3166  2209 4721.24233   17  444 4800.00000 4718.10956  1.71%   178  226s
  3174  2215 4732.41422   25  426 4800.00000 4718.41893  1.70%   177  230s
  3177  2217 4778.91855   38  408 4800.00000 4718.73472  1.69%   177  237s
  3178  2220 4719.15073   11  401 4800.00000 4718.78550  1.69%   189  240s
  3184  2230 4731.23623   13  328 4800.00000 4719.20794  1.68%   190  247s
  3192  2244 4752.50078   14  344 4800.00000 4719.63175  1.67%   191  253s
  3208  2260 4761.12041   15  325 4800.00000 4720.41406  1.66%   194  260s
  3230  2294 4764.93733   16  321 4800.00000 4721.17968  1.64%   199  268s
  3281  2318 4793.98572   17  291 4800.00000 4721.17968  1.64%   202  274s
  3324  2335 4774.16911   18  324 4800.00000 4721.17968  1.64%   205  280s
  3362  2363 4771.83047   19  315 4800.00000 4721.17968  1.64%   207  286s
  3406  2387 4773.95989   20  312 4800.00000 4721.17968  1.64%   210  292s
H 3424  2267                    4799.0000000 4721.17968  1.62%   212  292s
  3451  2299 4788.56050   21  288 4799.00000 4721.17968  1.62%   212  298s
  3495  2325 4775.19595   21  312 4799.00000 4721.17968  1.62%   214  303s
  3541  2344     cutoff   22      4799.00000 4721.17968  1.62%   215  309s
  3588  2367 4782.27096   24  318 4799.00000 4721.35617  1.62%   216  314s
  3637  2389 4787.10043   25  306 4799.00000 4721.35617  1.62%   217  318s
  3688  2410 4787.10736   26  288 4799.00000 4721.35617  1.62%   218  322s
  3737  2423 4793.81138   27  280 4799.00000 4721.35617  1.62%   218  327s
  3787  2435     cutoff   28      4799.00000 4721.35617  1.62%   218  332s
  3833  2449     cutoff   30      4799.00000 4721.35617  1.62%   219  338s
  3888  2454 4796.54619   32  317 4799.00000 4721.35617  1.62%   219  343s
  3932  2475 4736.05684   22  275 4799.00000 4721.35617  1.62%   219  349s
  3988  2479 4763.65405   24  294 4799.00000 4721.35617  1.62%   219  355s
  4042  2487 4769.16824   25  224 4799.00000 4725.64221  1.53%   220  361s
  4111  2501 4773.74451   27  230 4799.00000 4725.65646  1.53%   219  366s
  4186  2536 4781.42000   30  246 4799.00000 4725.65646  1.53%   219  372s
  4276  2566 4783.50324   33  300 4799.00000 4726.53956  1.51%   219  378s
  4391  2591 4785.42564   37  299 4799.00000 4727.56637  1.49%   218  384s
  4519  2591     cutoff   42      4799.00000 4728.51598  1.47%   217  390s
  4592  2619 4793.75463   41  253 4799.00000 4728.51598  1.47%   217  397s
  4709  2650 4791.91399   27  282 4799.00000 4728.51598  1.47%   217  403s
  4837  2646 4793.71821   29  250 4799.00000 4728.51598  1.47%   217  410s
  4915  2657 4797.49632   33  208 4799.00000 4731.82252  1.40%   218  417s
  5051  2663 4738.40584   16  378 4799.00000 4732.84318  1.38%   219  424s
  5171  2699 4740.10491   18  367 4799.00000 4732.89891  1.38%   219  432s
  5307  2709 4749.91145   22  351 4799.00000 4733.82242  1.36%   219  442s
  5455  2733 4765.88742   25  350 4799.00000 4735.03500  1.33%   219  451s
  5586  2807 4774.98136   30  351 4799.00000 4735.03500  1.33%   219  460s
  5742  2831 4791.81779   37  268 4799.00000 4735.03500  1.33%   219  471s
  5949  2836 4759.27738   19  267 4799.00000 4735.73098  1.32%   219  482s
  6117  2856 4793.38757   25  236 4799.00000 4738.13513  1.27%   219  493s
  6244  2965 4744.39305   22  314 4799.00000 4738.33894  1.26%   219  503s
  6481  3026 4795.30045   30  285 4799.00000 4738.72389  1.26%   219  515s
  6733  3079 4794.03004   33  250 4799.00000 4738.72389  1.26%   219  529s
  7003  3132 4773.78765   23  234 4799.00000 4739.38488  1.24%   219  540s
  7247  3213     cutoff   37      4799.00000 4740.01484  1.23%   219  551s
  7530  3211 4758.87515   27  267 4799.00000 4740.01484  1.23%   219  563s
  7640  3392 4765.87647   29  272 4799.00000 4740.01484  1.23%   220  574s
  8001  3437 4774.55549   36  205 4799.00000 4740.76401  1.21%   219  588s
  8323  3426     cutoff   43      4799.00000 4741.96737  1.19%   218  601s
  8485  3637 4784.50330   49  171 4799.00000 4744.32303  1.14%   218  615s
  8943  3635 4763.28673   24  229 4799.00000 4745.28794  1.12%   215  631s
  9297  3717 4783.40664   28  184 4799.00000 4745.28794  1.12%   216  646s
  9622  3770 4770.70339   21  256 4799.00000 4745.31218  1.12%   216  661s
  9868  3990 4777.41272   28  270 4799.00000 4745.31218  1.12%   214  676s
 10313  4132 infeasible   45      4799.00000 4747.04268  1.08%   214  692s
 10663  4382     cutoff   34      4799.00000 4747.04268  1.08%   214  708s
 11079  4625 4764.73771   34  403 4799.00000 4748.71576  1.05%   213  725s
 11546  4870 4792.16522   62  163 4799.00000 4748.89360  1.04%   213  744s
 12040  5181 4795.62076   31  311 4799.00000 4748.89360  1.04%   212  763s
 12580  5444 4775.02190   38  288 4799.00000 4748.89360  1.04%   211  783s
H12818  5290                    4796.0000000 4750.33489  0.95%   211  783s
 13081  5577 4793.59490   27  240 4796.00000 4750.33489  0.95%   211  801s
H13671  5760                    4795.0000000 4752.03466  0.90%   210  822s
 14275  6063 4783.19025   32  225 4795.00000 4752.10974  0.89%   210  843s
H14389  5902                    4794.0000000 4752.10974  0.87%   209  843s
 14959  6258 4767.65359   29  309 4794.00000 4753.42788  0.85%   209  864s
 15631  6546 4761.25718   35  326 4794.00000 4753.49319  0.84%   208  886s
 16278  6597 4768.29590   27  238 4794.00000 4754.07029  0.83%   208  900s

Cutting planes:
  Gomory: 9
  Lift-and-project: 1
  Cover: 455
  Clique: 59
  MIR: 399
  Knapsack: 10
  StrongCG: 306
  Flow cover: 751
  GUB cover: 46
  Zero half: 153
  RLT: 299
  Relax-and-lift: 170
  BQP: 46
  PSD: 2

Explored 16523 nodes (3440334 simplex iterations) in 900.06 seconds (709.43 work units)
Thread count was 22 (of 22 available processors)

Solution count 10: 4794 4795 4796 ... 4813

Time limit reached
Best objective 4.794000000000e+03, best bound 4.755000000000e+03, gap 0.8135%

User-callback calls 137902, time in user-callback 0.71 sec
