FIXINGS_START
(0, 0, 0)
(1, 0, 0)
(1, 9, 0)
(2, 0, 0)
(2, 4, 0)
(3, 0, 0)
(4, 0, 0)
(4, 1, 0)
(5, 0, 0)
(6, 0, 0)
(7, 4, 0)
(8, 0, 0)
(9, 0, 0)
(9, 7, 0)
(12, 0, 0)
(12, 9, 0)
(13, 7, 0)
(13, 8, 0)
(14, 0, 0)
(14, 6, 0)
(15, 0, 0)
(15, 4, 0)
(16, 0, 0)
(17, 0, 0)
(18, 0, 0)
(18, 6, 0)
(4, 4, 0)
(4, 5, 0)
(9, 5, 0)
(18, 1, 18)
(10, 1, 0)
(11, 0, 0)
(5, 1, 40)
(13, 0, 29)
(11, 1, 23)
(15, 1, 0)
(12, 1, 3)
(14, 3, 1)
(5, 2, 40)
(14, 4, 0)
(16, 1, 0)
(10, 2, 0)
(6, 1, 0)
(12, 2, 0)
(15, 3, 0)
(14, 5, 0)
(12, 3, 0)
(7, 1, 0)
(12, 4, 0)
(5, 3, 15)
(0, 1, 0)
(7, 2, 0)
(2, 1, 0)
(16, 3, 0)
(15, 5, 0)
(10, 4, 0)
(18, 2, 0)
(0, 3, 0)
(12, 5, 0)
(15, 7, 0)
(10, 5, 0)
(8, 1, 14)
(3, 1, 0)
(12, 6, 0)
(11, 4, 0)
(1, 3, 0)
FIXINGS_END
found_sol 4816.0 time 0.002
found_sol 4816.0 time 0.420
found_sol 4816.0 time 27.767
time 149.452
GUROBI
Status OPTIMAL
Runtime 149.451318025589
NodeCount 28373.0
IterCount 1660001.0
NumVars 7440
NumConstrs 42596
ObjBound 4816.0
ObjBoundC 4816.0
ObjVal 4816.0
MIPGap 0.0
