
Gurobi 13.0.0 (linux64) logging started Fri Jan 16 04:31:04 2026

Set parameter LogFile to value "../experiments/network-n_60_s_0_rp_0-app_set-id_42_19_apps/submip_30_epr1_model_gurobi.log"
Set parameter TimeLimit to value 8.4297511735300941e+02
Gurobi Optimizer version 13.0.0 build v13.0.0rc1 (linux64 - "Ubuntu 24.04.3 LTS")

CPU model: Intel(R) Core(TM) Ultra 7 165H, instruction set [SSE2|AVX|AVX2]
Thread count: 22 physical cores, 22 logical processors, using up to 22 threads

Non-default parameters:
TimeLimit  8.4297511735300941e+02
LogToConsole  0

Academic license 2539022 - for non-commercial use only - registered to al___@studenti.unimi.it
Optimize a model with 42586 rows, 7440 columns and 95509 nonzeros (Min)
Model fingerprint: 0x85ddaffd
Model has 7440 linear objective coefficients
Model has 200 quadratic constraints
Variable types: 0 continuous, 7440 integer (7440 binary)
Coefficient statistics:
  Matrix range     [1e+00, 9e+02]
  QMatrix range    [5e+01, 2e+02]
  Objective range  [1e+01, 2e+02]
  Bounds range     [1e+00, 1e+00]
  RHS range        [1e+00, 1e+09]
  QRHS range       [1e+02, 6e+02]
Presolve removed 41917 rows and 5657 columns
Presolve time: 0.15s
Presolved: 15651 rows, 16572 columns, 97230 nonzeros
Variable types: 0 continuous, 16572 integer (16572 binary)

Root relaxation: objective 4.581582e+03, 1657 iterations, 0.15 seconds (0.23 work units)

    Nodes    |    Current Node    |     Objective Bounds      |     Work
 Expl Unexpl |  Obj  Depth IntInf | Incumbent    BestBd   Gap | It/Node Time

     0     0 4581.58191    0  165          - 4581.58191      -     -    0s
     0     0 4582.60789    0  180          - 4582.60789      -     -    0s
H    0     0                    6320.0000000 4584.16493  27.5%     -    1s
     0     0 4652.53670    0  198 6320.00000 4652.53670  26.4%     -    1s
H    0     0                    6154.0000000 4652.53670  24.4%     -    1s
H    0     0                    6028.0000000 4652.53670  22.8%     -    1s
H    0     0                    6022.0000000 4652.53670  22.7%     -    1s
     0     0 4672.22170    0  200 6022.00000 4672.22170  22.4%     -    1s
     0     0 4672.88942    0  221 6022.00000 4672.88942  22.4%     -    1s
     0     0 4672.88942    0  225 6022.00000 4672.88942  22.4%     -    2s
     0     0 4688.50263    0  215 6022.00000 4688.50263  22.1%     -    2s
H    0     0                    6013.0000000 4688.50263  22.0%     -    2s
H    0     0                    5968.0000000 4688.50263  21.4%     -    2s
H    0     0                    5225.0000000 4704.38451  10.0%     -    2s
H    0     0                    5191.0000000 4704.38451  9.37%     -    2s
H    0     0                    5171.0000000 4704.38451  9.02%     -    2s
     0     0 4709.93292    0  213 5171.00000 4709.93292  8.92%     -    2s
H    0     0                    5081.0000000 4710.75869  7.29%     -    2s
H    0     0                    5076.0000000 4710.75869  7.20%     -    2s
     0     0 4710.75869    0  238 5076.00000 4710.75869  7.20%     -    3s
     0     0 4711.93263    0  236 5076.00000 4711.93263  7.17%     -    3s
H    0     0                    5072.0000000 4711.93263  7.10%     -    3s
     0     0 4723.97951    0  215 5072.00000 4723.97951  6.86%     -    4s
H    0     0                    5005.0000000 4723.97951  5.61%     -    4s
H    0     0                    4999.0000000 4723.97951  5.50%     -    4s
     0     0 4729.72095    0  230 4999.00000 4729.72095  5.39%     -    4s
     0     0 4731.86512    0  260 4999.00000 4731.86512  5.34%     -    4s
     0     0 4735.51018    0  227 4999.00000 4735.51018  5.27%     -    5s
     0     0 4735.58695    0  223 4999.00000 4735.58695  5.27%     -    5s
     0     0 4735.58695    0  214 4999.00000 4735.58695  5.27%     -    5s
H    0     0                    4968.0000000 4735.59703  4.68%     -    5s
H    0     0                    4965.0000000 4735.59703  4.62%     -    5s
     0     2 4735.59703    0  213 4965.00000 4735.59703  4.62%     -    5s
H   55    97                    4964.0000000 4740.80915  4.50%   265    8s
H   98   147                    4944.0000000 4740.80915  4.11%   203    8s
H  100   147                    4940.0000000 4740.80915  4.03%   201    8s
H  102   147                    4868.0000000 4740.80915  2.61%   200    8s
H  151   168                    4864.0000000 4740.80915  2.53%   182    9s
H  156   168                    4844.0000000 4740.80915  2.13%   182    9s
   169   214 4744.73622    8  261 4844.00000 4740.80915  2.13%   178   10s
H  216   250                    4842.0000000 4740.80915  2.09%   167   10s
H  389   405                    4833.0000000 4740.80915  1.91%   153   12s
   589   609 4752.49647   17  207 4833.00000 4742.03202  1.88%   137   15s
  1141  1057 4775.50460   27  180 4833.00000 4743.82088  1.85%   118   20s
  1504  1237 4789.29285   30  159 4833.00000 4745.17672  1.82%   110   25s
  1885  1505 4791.61591   34  175 4833.00000 4746.05666  1.80%   110   30s
  2328  1836 4758.22492   11  240 4833.00000 4749.16379  1.73%   112   35s
  2880  2106 4826.72193   32   66 4833.00000 4750.15810  1.71%   113   40s
  3582  2375 4796.74280   21 5699 4833.00000 4752.69154  1.66%   112   48s
  3585  2377 4773.47390   12  220 4833.00000 4752.69154  1.66%   112   50s
  3613  2396 4826.44169   45  295 4833.00000 4752.69154  1.66%   111   55s
  3651  2421 4799.99548   18  270 4833.00000 4752.69154  1.66%   110   60s
  3679  2440 4798.58662   27  301 4833.00000 4756.42902  1.58%   109   65s
  3699  2455 4757.65717   16  275 4833.00000 4757.65717  1.56%   113   70s
  3744  2492 4778.16222   21  227 4833.00000 4766.72311  1.37%   115   75s
  3863  2535 4787.75790   24  243 4833.00000 4768.83327  1.33%   120   80s
  4037  2594 4790.98287   26  135 4833.00000 4770.75435  1.29%   122   85s
H 4092  2469                    4821.0000000 4770.96840  1.04%   123   87s
  4153  2487 4794.61320   27  149 4821.00000 4770.96840  1.04%   123   90s
  4317  2515 4798.58578   30  112 4821.00000 4778.02890  0.89%   123   95s
  4438  2546     cutoff   33      4821.00000 4778.74685  0.88%   123  100s
  4801  2597 4806.90294   42  101 4821.00000 4779.16374  0.87%   122  106s
  5163  2615 4787.20535   26  231 4821.00000 4781.80089  0.81%   121  110s
  5535  2650 4805.39239   38  175 4821.00000 4781.80089  0.81%   120  115s
H 5568  2521                    4818.0000000 4781.80089  0.75%   120  115s
  5923  2648 4815.60828   28  134 4818.00000 4786.16025  0.66%   120  120s
  6457  2673 4810.67303   32  202 4818.00000 4787.14706  0.64%   120  126s
  6871  2741 4809.14981   29  155 4818.00000 4787.26439  0.64%   118  130s
  7474  2805 4803.52366   34  208 4818.00000 4790.29360  0.58%   116  136s
  7886  2811 4815.51764   46  160 4818.00000 4792.48320  0.53%   116  141s
  8502  2758 4815.88899   30  132 4818.00000 4792.87751  0.52%   115  146s
  9141  2735     cutoff   38      4818.00000 4793.89923  0.50%   114  151s
  9902  2699 4813.30145   37  116 4818.00000 4795.06956  0.48%   112  157s
 10735  2888 4806.82179   33  182 4818.00000 4796.34063  0.45%   111  162s
 11192  3079 4803.96650   36  108 4818.00000 4796.74076  0.44%   109  165s
 12380  3521 4816.45862   42   87 4818.00000 4798.04145  0.41%   106  172s
 12951  3689 4805.02008   36  174 4818.00000 4798.56477  0.40%   105  175s
 13991  4035 4813.04193   35  133 4818.00000 4799.45581  0.38%   103  182s
 14715  4168 infeasible   39      4818.00000 4800.27458  0.37%   101  185s
H14925  3969                    4816.0000000 4800.37375  0.32%   101  185s
 15833  4303 4813.98780   35  135 4816.00000 4801.00881  0.31%  99.1  193s
 16744  4496 4811.45211   42   49 4816.00000 4801.00881  0.31%  97.1  196s
 17575  4704     cutoff   48      4816.00000 4802.13749  0.29%  95.7  200s
 19643  4893 4810.90641   37  100 4816.00000 4803.16173  0.27%  92.6  208s
 20381  4940 4807.94148   40  124 4816.00000 4803.70638  0.26%  91.7  212s
 20982  5061     cutoff   39      4816.00000 4803.99816  0.25%  90.9  217s
 22107  5186 4808.28599   26  136 4816.00000 4804.35887  0.24%  89.7  221s
 23369  5166 4809.60191   36  104 4816.00000 4804.94772  0.23%  88.3  225s
 24129  5207 4813.93622   32  133 4816.00000 4805.24441  0.22%  87.3  230s
 25536  5183     cutoff   48      4816.00000 4805.79852  0.21%  85.9  235s
 27709  4991 4813.45000   43   39 4816.00000 4806.59789  0.20%  84.4  244s
 29262  4894 4813.94291   34  157 4816.00000 4807.28341  0.18%  83.1  250s
 30052  4655 4811.26406   43   72 4816.00000 4807.59343  0.17%  82.6  255s
 31850  4169     cutoff   34      4816.00000 4808.28952  0.16%  81.1  260s
 33754  3504 4813.91776   41  154 4816.00000 4809.14412  0.14%  79.9  265s
 35646  2688 4814.07708   42  178 4816.00000 4809.86985  0.13%  78.6  271s
 37371  1411     cutoff   32      4816.00000 4810.56466  0.11%  77.2  275s

Cutting planes:
  Gomory: 13
  Lift-and-project: 2
  Cover: 382
  Implied bound: 1
  Clique: 43
  MIR: 192
  Knapsack: 11
  StrongCG: 111
  Flow cover: 148
  GUB cover: 31
  Inf proof: 3
  Zero half: 83
  RLT: 141
  Relax-and-lift: 194
  BQP: 23

Explored 41169 nodes (3019108 simplex iterations) in 278.82 seconds (150.86 work units)
Thread count was 22 (of 22 available processors)

Solution count 10: 4816 4818 4821 ... 4944

Optimal solution found (tolerance 1.00e-04)
Best objective 4.816000000000e+03, best bound 4.816000000000e+03, gap 0.0000%

User-callback calls 107050, time in user-callback 0.28 sec
Set parameter LogToConsole to value 0
