
Gurobi 13.0.0 (linux64) logging started Thu Jan 15 07:17:32 2026

Set parameter LogFile to value "../experiments/network-n_50_s_1_rp_0-app_set-id_31_15_apps/submip_30_epr1_model_gurobi.log"
Set parameter TimeLimit to value 8.6732379021200177e+02
Gurobi Optimizer version 13.0.0 build v13.0.0rc1 (linux64 - "Ubuntu 24.04.3 LTS")

CPU model: Intel(R) Core(TM) Ultra 7 165H, instruction set [SSE2|AVX|AVX2]
Thread count: 22 physical cores, 22 logical processors, using up to 22 threads

Non-default parameters:
TimeLimit  8.6732379021200177e+02
LogToConsole  0

Academic license 2539022 - for non-commercial use only - registered to al___@studenti.unimi.it
Optimize a model with 25748 rows, 4900 columns and 58337 nonzeros (Min)
Model fingerprint: 0x6f7199eb
Model has 4900 linear objective coefficients
Model has 164 quadratic constraints
Variable types: 0 continuous, 4900 integer (4900 binary)
Coefficient statistics:
  Matrix range     [1e+00, 9e+02]
  QMatrix range    [5e+01, 2e+02]
  Objective range  [1e+01, 2e+02]
  Bounds range     [1e+00, 1e+00]
  RHS range        [1e+00, 1e+09]
  QRHS range       [1e+02, 6e+02]

MIP start from previous solve did not produce a new incumbent solution
MIP start from previous solve violates constraint fixed_app_1_microservice_4 by 1.000000000

Presolve removed 25163 rows and 3783 columns
Presolve time: 0.12s
Presolved: 8822 rows, 9200 columns, 55529 nonzeros
Variable types: 0 continuous, 9200 integer (9200 binary)

Root relaxation: objective 3.699272e+03, 1271 iterations, 0.06 seconds (0.12 work units)

    Nodes    |    Current Node    |     Objective Bounds      |     Work
 Expl Unexpl |  Obj  Depth IntInf | Incumbent    BestBd   Gap | It/Node Time

     0     0 3699.27159    0  138          - 3699.27159      -     -    0s
     0     0 3761.63651    0  178          - 3761.63651      -     -    0s
     0     0 3799.52789    0  191          - 3799.52789      -     -    1s
     0     0 3802.08177    0  185          - 3802.08177      -     -    1s
     0     0 3802.08642    0  187          - 3802.08642      -     -    1s
     0     0 3866.83032    0  181          - 3866.83032      -     -    1s
     0     0 3870.72229    0  200          - 3870.72229      -     -    1s
     0     0 3874.07961    0  217          - 3874.07961      -     -    1s
     0     0 3874.08182    0  201          - 3874.08182      -     -    1s
     0     0 3874.49858    0  234          - 3874.49858      -     -    1s
H    0     0                    4526.0000000 3874.49858  14.4%     -    1s
H    0     0                    4516.0000000 3874.49858  14.2%     -    1s
H    0     0                    4461.0000000 3887.92820  12.8%     -    2s
     0     0 3887.92820    0  228 4461.00000 3887.92820  12.8%     -    2s
     0     0 3887.95880    0  222 4461.00000 3887.95880  12.8%     -    2s
     0     0 3887.95880    0  220 4461.00000 3887.95880  12.8%     -    2s
     0     2 3887.96213    0  220 4461.00000 3887.96213  12.8%     -    2s
H   95   149                    4405.0000000 3919.14477  11.0%   334    4s
H   99   149                    4342.0000000 3919.14477  9.74%   338    4s
H  111   149                    4340.0000000 3919.14477  9.70%   323    4s
   253   293 3936.96205   11  276 4340.00000 3919.14477  9.70%   270    5s
H  256   293                    4339.0000000 3919.14477  9.68%   270    5s
H  260   293                    4332.0000000 3919.14477  9.53%   269    5s
H  265   293                    4328.0000000 3919.14477  9.45%   268    5s
H  361   371                    4327.0000000 3919.14477  9.43%   248    5s
H  446   446                    4268.0000000 3919.14477  8.17%   239    6s
H  517   532                    4267.0000000 3919.14477  8.15%   227    6s
H 1069   957                    4238.0000000 3928.87428  7.29%   182    8s
H 1076   957                    4178.0000000 3928.87428  5.96%   184    8s
  1228  1081 4113.79128   30  205 4178.00000 3928.87428  5.96%   187   10s
H 1458  1198                    4175.0000000 3930.59186  5.85%   181   11s
H 1791  1346                    4162.0000000 3930.59186  5.56%   172   12s
H 2275  1680                    4143.0000000 3930.69328  5.12%   164   14s
  2416  1771     cutoff   56      4143.00000 3930.69328  5.12%   161   15s
H 2751  1902                    4138.0000000 3931.07442  5.00%   158   16s
H 2769  1855                    4124.0000000 3931.07442  4.68%   158   16s
  3534  2245 3998.24594    9 3680 4124.00000 3934.34717  4.60%   155   20s
H 3535  2133                    4107.0000000 3934.34717  4.20%   155   21s
  3565  2153 4090.93647   20  311 4107.00000 3934.34717  4.20%   153   25s
  3611  2201 3963.95357   20  253 4107.00000 3959.86390  3.58%   160   30s
  3820  2320 4001.65515   25  223 4107.00000 3969.40828  3.35%   167   35s
H 3946  2216                    4095.0000000 3971.12125  3.03%   168   36s
  4101  2258 4011.19609   29  208 4095.00000 3975.60285  2.92%   169   40s
  4509  2316 4029.96207   34  147 4095.00000 3981.12336  2.78%   167   45s
H 4556  2211                    4087.0000000 3981.12336  2.59%   166   45s
  4901  2320     cutoff   45      4087.00000 3984.27976  2.51%   165   50s
  5433  2449 4034.56114   38  118 4087.00000 3986.57604  2.46%   162   55s
  6117  2534 4054.07613   30  165 4087.00000 3988.51342  2.41%   158   60s
  6972  2639 4028.75501   28  230 4087.00000 3998.00280  2.18%   155   66s
  7664  2697 4045.02728   36  128 4087.00000 4001.28556  2.10%   152   70s
  7946  2784 4058.10277   41  139 4087.00000 4002.67268  2.06%   151   75s
  8785  2915 4075.38037   41  106 4087.00000 4009.68060  1.89%   148   81s
  9562  3000 4040.84519   29  176 4087.00000 4014.20590  1.78%   145   85s
 10731  3421 4060.03320   35  168 4087.00000 4016.58893  1.72%   143   92s
 11690  3807 4064.05463   28  208 4087.00000 4020.74622  1.62%   141   96s
 12575  4131 4068.83239   31  137 4087.00000 4021.85477  1.59%   139  101s
 13760  4479 4077.40017   36  165 4087.00000 4023.97591  1.54%   137  106s
 14175  4547 4072.33485   31   83 4087.00000 4024.74157  1.52%   136  111s
 14468  4627     cutoff   32      4087.00000 4025.47017  1.51%   136  116s
 14746  4725 4054.53754   34  175 4087.00000 4025.97304  1.49%   136  122s
 15036  4880     cutoff   36      4087.00000 4026.42526  1.48%   135  127s
 15231  4956 4077.45780   37  164 4087.00000 4026.42526  1.48%   135  130s
 16073  5499 4075.03344   27  169 4087.00000 4028.20494  1.44%   133  138s
 16942  5758 4043.98176   34   86 4087.00000 4029.67896  1.40%   132  141s
 17873  5918 4043.67019   32  145 4087.00000 4031.47216  1.36%   131  145s
 19819  6635 4055.04564   46   83 4087.00000 4033.85134  1.30%   127  153s
 21067  6939 4055.36860   32  166 4087.00000 4035.57252  1.26%   125  157s
 22361  7244     cutoff   40      4087.00000 4036.30784  1.24%   124  161s
 23642  7403     cutoff   29      4087.00000 4037.85388  1.20%   122  165s
H23964  7343                    4084.0000000 4037.93397  1.13%   122  165s
 24344  7661 4058.91205   33  123 4084.00000 4038.10022  1.12%   121  172s
 26071  7869 4053.61950   30  117 4084.00000 4039.72085  1.08%   120  175s
 28083  8313 4069.41346   31  150 4084.00000 4041.65464  1.04%   118  182s
 29192  8544 4076.28845   34  163 4084.00000 4042.60334  1.01%   116  185s
 31419  9033 4068.99266   39   79 4084.00000 4044.09017  0.98%   115  193s
 32670  9263     cutoff   44      4084.00000 4045.02621  0.95%   114  197s
 34003  9575 4076.14192   34   91 4084.00000 4045.74112  0.94%   112  200s
 35380  9811 4062.57916   42   94 4084.00000 4046.73015  0.91%   112  205s
 38428 10230 4066.33647   28  129 4084.00000 4048.18598  0.88%   109  213s
 40051 10380 4074.02126   43   70 4084.00000 4049.34969  0.85%   108  217s
 41127 10580 4061.87020   39  152 4084.00000 4049.92820  0.83%   108  222s
 42962 10792     cutoff   43      4084.00000 4050.89762  0.81%   107  227s
 44973 10860 4072.67456   50   69 4084.00000 4051.98437  0.78%   105  232s
 47023 10994     cutoff   48      4084.00000 4052.93954  0.76%   104  237s
 48881 11049 infeasible   41      4084.00000 4053.86712  0.74%   103  269s
 52247 11031     cutoff   50      4084.00000 4055.48256  0.70%   102  274s
 54393 11072 4079.34464   27  183 4084.00000 4056.43596  0.67%   101  280s
 56573 10999 4068.90623   37  148 4084.00000 4057.55961  0.65%   100  285s
 59014 10867 infeasible   34      4084.00000 4058.40303  0.63%  98.8  290s
 60679 10778     cutoff   48      4084.00000 4059.22686  0.61%  98.3  296s
 63077 10550     cutoff   39      4084.00000 4060.16493  0.58%  97.5  302s
H64969 10399                    4082.0000000 4060.33883  0.53%  97.0  302s
 65558  9873     cutoff   34      4082.00000 4061.35351  0.51%  96.8  307s
 67899  9227 4075.31863   30  101 4082.00000 4062.32562  0.48%  96.2  313s
 69998  8400     cutoff   43      4082.00000 4063.48167  0.45%  95.6  318s
 72581  7438     cutoff   35      4082.00000 4065.24582  0.41%  94.9  324s
 75149  6197 4073.62223   37   69 4082.00000 4066.78348  0.37%  94.2  329s
 77692  4795     cutoff   47      4082.00000 4068.47477  0.33%  93.4  334s
 79992  3683     cutoff   44      4082.00000 4070.29834  0.29%  92.7  339s
 81483  1882     cutoff   41      4082.00000 4070.49606  0.28%  92.0  342s

Cutting planes:
  Gomory: 2
  Lift-and-project: 8
  Cover: 607
  Implied bound: 3
  Clique: 42
  MIR: 197
  Knapsack: 10
  StrongCG: 129
  Flow cover: 119
  GUB cover: 20
  Inf proof: 2
  Zero half: 76
  RLT: 230
  Relax-and-lift: 48
  BQP: 31

Explored 85610 nodes (7663635 simplex iterations) in 344.63 seconds (291.65 work units)
Thread count was 22 (of 22 available processors)

Solution count 10: 4082 4084 4087 ... 4175

Optimal solution found (tolerance 1.00e-04)
Best objective 4.082000000000e+03, best bound 4.082000000000e+03, gap 0.0000%

User-callback calls 203383, time in user-callback 0.36 sec
Set parameter LogToConsole to value 0
