FIXINGS_START
(0, 0, 0)
(0, 4, 0)
(1, 0, 0)
(2, 0, 0)
(2, 9, 0)
(3, 0, 0)
(4, 0, 0)
(5, 9, 0)
(6, 7, 0)
(6, 8, 0)
(7, 0, 0)
(8, 4, 0)
(9, 0, 0)
(9, 1, 0)
(10, 0, 0)
(11, 0, 0)
(12, 0, 0)
(12, 6, 0)
(13, 0, 0)
(13, 7, 0)
(14, 0, 0)
(11, 1, 0)
(0, 3, 0)
(10, 1, 28)
(9, 2, 0)
(5, 0, 0)
(0, 6, 0)
(10, 2, 1)
(9, 3, 0)
(6, 0, 32)
(12, 1, 0)
(9, 5, 0)
(9, 6, 12)
(8, 2, 0)
(5, 1, 0)
(10, 3, 0)
(0, 7, 0)
(5, 2, 24)
(13, 2, 32)
(13, 3, 9)
(2, 2, 9)
(14, 3, 0)
(5, 3, 0)
(4, 1, 0)
(14, 4, 0)
(6, 1, 32)
(6, 2, 0)
(6, 5, 23)
(13, 4, 32)
(2, 3, 1)
(2, 5, 8)
(10, 4, 0)
FIXINGS_END
time 0.410
GUROBI
Status INFEASIBLE
Runtime 0.40952181816101074
NodeCount 1.0
IterCount 1218.0
NumVars 4900
NumConstrs 25755
ObjBound inf
ObjBoundC inf
ObjVal None
MIPGap inf
