FIXINGS_START
(0, 0, 0)
(0, 4, 0)
(1, 0, 0)
(2, 0, 0)
(2, 9, 0)
(3, 0, 0)
(4, 0, 0)
(5, 9, 0)
(6, 7, 0)
(6, 8, 0)
(7, 0, 0)
(8, 4, 0)
(9, 0, 0)
(9, 1, 0)
(10, 0, 0)
(11, 0, 0)
(12, 0, 0)
(12, 6, 0)
(13, 0, 0)
(13, 7, 0)
(14, 0, 0)
(5, 7, 0)
(1, 1, 0)
(1, 2, 0)
(1, 4, 25)
(12, 1, 0)
(2, 6, 0)
(8, 2, 0)
(14, 3, 0)
(13, 5, 0)
(9, 2, 0)
(9, 3, 0)
(4, 1, 0)
(11, 1, 0)
(10, 3, 0)
(10, 4, 0)
(14, 4, 0)
(9, 5, 0)
(10, 5, 0)
(4, 2, 0)
(0, 1, 0)
(4, 4, 0)
(0, 2, 4)
(0, 3, 0)
(0, 5, 2)
(0, 6, 0)
(4, 5, 0)
(0, 7, 0)
(6, 2, 0)
(3, 1, 32)
(11, 3, 24)
(7, 3, 29)
FIXINGS_END
found_sol 4340.0 time 4.104
found_sol 4332.0 time 4.348
found_sol 4316.0 time 4.349
found_sol 4245.0 time 4.350
found_sol 4150.0 time 4.351
found_sol 4145.0 time 4.530
found_sol 4142.0 time 4.531
found_sol 4137.0 time 5.012
found_sol 4110.0 time 10.474
found_sol 4108.0 time 13.391
found_sol 4103.0 time 14.961
found_sol 4094.0 time 29.896
time 38.933
GUROBI
Status OPTIMAL
Runtime 38.93253493309021
NodeCount 16165.0
IterCount 1782410.0
NumVars 4900
NumConstrs 25755
ObjBound 4094.0
ObjBoundC 4094.0
ObjVal 4094.0
MIPGap 0.0
