FIXINGS_START
(0, 0, 0)
(1, 6, 0)
(2, 0, 0)
(3, 0, 0)
(3, 9, 0)
(4, 0, 0)
(5, 0, 0)
(5, 4, 0)
(6, 0, 0)
(6, 1, 0)
(7, 0, 0)
(8, 0, 0)
(8, 6, 0)
(9, 0, 0)
(10, 0, 0)
(10, 6, 0)
(11, 0, 0)
(12, 0, 0)
(12, 6, 0)
(13, 0, 0)
(14, 0, 0)
(14, 4, 0)
(15, 0, 0)
(16, 0, 0)
(16, 4, 0)
(17, 0, 0)
(18, 0, 0)
(18, 7, 0)
(20, 0, 0)
(20, 8, 0)
(21, 0, 0)
(21, 4, 0)
(22, 0, 0)
(22, 9, 0)
(24, 0, 0)
(26, 2, 0)
(27, 0, 0)
(28, 0, 0)
(29, 0, 0)
(29, 4, 0)
(30, 0, 0)
(30, 1, 0)
(21, 2, 0)
(4, 2, 0)
(27, 1, 24)
(7, 1, 0)
(29, 3, 0)
(8, 1, 0)
(19, 0, 0)
(11, 1, 0)
(2, 2, 0)
(8, 3, 40)
(9, 1, 0)
(9, 4, 0)
(20, 4, 0)
(4, 3, 0)
(15, 1, 0)
(7, 3, 0)
(1, 0, 0)
(5, 3, 0)
(0, 1, 20)
(23, 0, 0)
(22, 1, 0)
(25, 0, 0)
(27, 2, 0)
(4, 4, 0)
(12, 7, 0)
(29, 7, 0)
(0, 2, 18)
(24, 1, 0)
(13, 1, 0)
(29, 8, 0)
(23, 1, 33)
(6, 2, 0)
(23, 4, 0)
(11, 2, 0)
(1, 3, 0)
(3, 4, 0)
(11, 4, 0)
(16, 1, 0)
(3, 6, 0)
(30, 2, 0)
(27, 3, 0)
(30, 4, 0)
(10, 7, 0)
(16, 5, 0)
(16, 7, 0)
(15, 2, 0)
(28, 1, 23)
FIXINGS_END
time 691.702
GUROBI
Status TIME_LIMIT
Runtime 691.7018110752106
NodeCount 4507.0
IterCount 2059402.0
NumVars 12120
NumConstrs 68415
ObjBound 8979.0
ObjBoundC 8978.408401967006
ObjVal inf
MIPGap inf
