
Gurobi 13.0.0 (linux64) logging started Fri Jan 16 01:57:01 2026

Set parameter LogFile to value "../experiments/network-n_50_s_2_rp_0-app_set-id_27_14_apps/submip_40_epr0_model_gurobi.log"
Set parameter TimeLimit to value 8.9653283297199232e+02
Gurobi Optimizer version 13.0.0 build v13.0.0rc1 (linux64 - "Ubuntu 24.04.3 LTS")

CPU model: Intel(R) Core(TM) Ultra 7 165H, instruction set [SSE2|AVX|AVX2]
Thread count: 22 physical cores, 22 logical processors, using up to 22 threads

Non-default parameters:
TimeLimit  8.9653283297199232e+02
LogToConsole  0

Academic license 2539022 - for non-commercial use only - registered to al___@studenti.unimi.it
Optimize a model with 26728 rows, 4550 columns and 59807 nonzeros (Min)
Model fingerprint: 0xabe22fb1
Model has 4550 linear objective coefficients
Model has 162 quadratic constraints
Variable types: 0 continuous, 4550 integer (4550 binary)
Coefficient statistics:
  Matrix range     [1e+00, 9e+02]
  QMatrix range    [5e+01, 2e+02]
  Objective range  [1e+01, 2e+02]
  Bounds range     [1e+00, 1e+00]
  RHS range        [1e+00, 1e+09]
  QRHS range       [1e+02, 6e+02]

Loaded MIP start from previous solve with objective 3296

Presolve removed 26315 rows and 3645 columns
Presolve time: 0.09s
Presolved: 6758 rows, 7092 columns, 43107 nonzeros
Variable types: 0 continuous, 7092 integer (7092 binary)

Root relaxation: objective 3.100138e+03, 941 iterations, 0.06 seconds (0.09 work units)

    Nodes    |    Current Node    |     Objective Bounds      |     Work
 Expl Unexpl |  Obj  Depth IntInf | Incumbent    BestBd   Gap | It/Node Time

     0     0 3100.13826    0  125 3296.00000 3100.13826  5.94%     -    0s
     0     0 3102.64081    0  131 3296.00000 3102.64081  5.87%     -    0s
     0     0 3138.50022    0  142 3296.00000 3138.50022  4.78%     -    0s
     0     0 3140.21208    0  148 3296.00000 3140.21208  4.73%     -    1s
     0     0 3140.25890    0  150 3296.00000 3140.25890  4.73%     -    1s
     0     0 3164.78548    0  162 3296.00000 3164.78548  3.98%     -    1s
     0     0 3165.82865    0  189 3296.00000 3165.82865  3.95%     -    1s
     0     0 3166.34350    0  193 3296.00000 3166.34350  3.93%     -    1s
     0     0 3183.84079    0  192 3296.00000 3183.84079  3.40%     -    2s
     0     0 3188.44021    0  192 3296.00000 3188.44021  3.26%     -    2s
     0     0 3188.95470    0  200 3296.00000 3188.95470  3.25%     -    2s
     0     0 3194.13937    0  191 3296.00000 3194.13937  3.09%     -    2s
     0     0 3194.31614    0  189 3296.00000 3194.31614  3.09%     -    2s
     0     0 3194.31614    0  184 3296.00000 3194.31614  3.09%     -    2s
     0     2 3194.33861    0  183 3296.00000 3194.33861  3.08%     -    2s
   290   297 3235.83039   11  160 3296.00000 3202.13978  2.85%   136    5s
  1153   952 3267.89572   38  116 3296.00000 3213.95405  2.49%   103   10s
  2028  1457 3275.70904   26  165 3296.00000 3217.62064  2.38%  95.8   15s
  3261  2193 3249.93726   17 2437 3296.00000 3222.53875  2.23%  88.1   20s
  3314  2228 3282.85433   29  212 3296.00000 3222.53875  2.23%  86.7   25s
  3531  2401 3259.67920   21  158 3296.00000 3230.02259  2.00%  92.8   30s
  3896  2533 3270.52028   27  125 3296.00000 3233.69115  1.89%  92.6   35s
  4539  2706 3285.90604   39  110 3296.00000 3240.07474  1.70%  91.3   40s
  5705  2938 3277.17496   23  126 3296.00000 3246.15256  1.51%  88.0   45s
  6338  3019 3253.00938   24  113 3296.00000 3247.52823  1.47%  85.8   50s
  7361  3297 3287.53213   36  108 3296.00000 3249.73040  1.40%  84.9   55s
  8158  3339 3260.50870   30  141 3296.00000 3251.25063  1.36%  83.7   60s
  9263  3449 3286.03423   31  110 3296.00000 3254.16510  1.27%  83.0   65s
 10327  3756 3264.60742   23  137 3296.00000 3256.42564  1.20%  81.9   70s
 12116  4504     cutoff   48      3296.00000 3257.55981  1.17%  80.5   76s
 13050  4721 3294.63176   30  143 3296.00000 3258.70403  1.13%  80.3   80s
 14078  5178     cutoff   26      3296.00000 3259.88198  1.10%  80.0   85s
 15892  5875 3271.60819   26  149 3296.00000 3261.79962  1.04%  78.9   91s
 17354  6359 3293.40487   28  101 3296.00000 3262.75876  1.01%  78.3   95s
 18875  6825     cutoff   33      3296.00000 3263.94786  0.97%  77.9  100s
 21158  7416 3276.00478   30  128 3296.00000 3265.47549  0.93%  77.4  107s
 23030  7849 3283.52869   28  141 3296.00000 3266.41009  0.90%  77.0  112s
 23981  8082     cutoff   39      3296.00000 3266.75668  0.89%  77.0  115s
 26003  8448     cutoff   33      3296.00000 3267.98834  0.85%  76.8  120s
 27910  8746 3292.61795   45  109 3296.00000 3268.95563  0.82%  76.7  125s
 29806  9126 3287.86106   34  107 3296.00000 3270.08837  0.79%  76.6  131s
 32092  9602 3285.19932   29  128 3296.00000 3271.06215  0.76%  76.6  137s
 33434  9835 3274.90121   35  170 3296.00000 3271.59111  0.74%  76.4  140s
 36306 10169 3291.65752   43  127 3296.00000 3272.81775  0.70%  75.9  147s
 37736 10288 3282.75852   24  102 3296.00000 3273.44440  0.68%  75.8  150s
 40441 10554     cutoff   25      3296.00000 3274.54074  0.65%  75.6  157s
 42184 10641     cutoff   32      3296.00000 3275.07041  0.63%  75.4  161s
 43833 10784 3283.94912   32  131 3296.00000 3275.78858  0.61%  75.4  165s
 47497 10856 3289.55428   24  118 3296.00000 3276.95530  0.58%  75.2  173s
 49014 11035     cutoff   33      3296.00000 3277.33833  0.57%  75.1  192s
 51424 11013     cutoff   35      3296.00000 3278.11913  0.54%  74.8  196s
 53289 10899 3293.04417   38  114 3296.00000 3278.79587  0.52%  74.8  200s
 55232 10778     cutoff   29      3296.00000 3279.49949  0.50%  74.8  205s
 59599 10162     cutoff   34      3296.00000 3280.83197  0.46%  74.8  214s
 61755  9775 3288.48553   28  145 3296.00000 3281.56941  0.44%  75.0  219s
 64061  9295 3294.65029   32  121 3296.00000 3282.35879  0.41%  75.1  223s
 66244  8624 3292.92278   29  112 3296.00000 3283.16194  0.39%  75.2  228s
 68531  7819 3292.49893   47  145 3296.00000 3284.10387  0.36%  75.3  233s
 71002  6770 3288.57230   30  132 3296.00000 3285.16735  0.33%  75.4  238s
 73384  5453     cutoff   35      3296.00000 3286.09429  0.30%  75.4  242s
 75705  3848 infeasible   33      3296.00000 3287.16459  0.27%  75.3  246s
 78238  2135     cutoff   28      3296.00000 3288.71175  0.22%  75.0  251s

Cutting planes:
  Gomory: 4
  Lift-and-project: 5
  Cover: 290
  Clique: 36
  MIR: 128
  Knapsack: 9
  StrongCG: 78
  Flow cover: 74
  GUB cover: 12
  Inf proof: 12
  Zero half: 49
  RLT: 127
  Relax-and-lift: 30
  BQP: 50

Explored 82653 nodes (6074444 simplex iterations) in 254.02 seconds (140.30 work units)
Thread count was 22 (of 22 available processors)

Solution count 1: 3296 

Optimal solution found (tolerance 1.00e-04)
Best objective 3.296000000000e+03, best bound 3.296000000000e+03, gap 0.0000%

User-callback calls 188707, time in user-callback 0.22 sec
Set parameter LogToConsole to value 0
