
Gurobi 13.0.0 (linux64) logging started Fri Jan  2 22:07:47 2026

Set parameter LogFile to value "../experiments/network-n_50_s_2_rp_0-app_set-id_20_11_apps/compact_model_gurobi.log"
Set parameter TimeLimit to value 900
Gurobi Optimizer version 13.0.0 build v13.0.0rc1 (linux64 - "Ubuntu 24.04.3 LTS")

CPU model: Intel(R) Core(TM) Ultra 7 165H, instruction set [SSE2|AVX|AVX2]
Thread count: 22 physical cores, 22 logical processors, using up to 22 threads

Non-default parameters:
TimeLimit  900
LogToConsole  0

Academic license 2539022 - for non-commercial use only - registered to al___@studenti.unimi.it
Optimize a model with 17915 rows, 3600 columns and 40623 nonzeros (Min)
Model fingerprint: 0xe23ef5c4
Model has 3600 linear objective coefficients
Model has 162 quadratic constraints
Variable types: 0 continuous, 3600 integer (3600 binary)
Coefficient statistics:
  Matrix range     [1e+00, 9e+02]
  QMatrix range    [5e+01, 2e+02]
  Objective range  [1e+01, 2e+02]
  Bounds range     [1e+00, 1e+00]
  RHS range        [1e+00, 1e+09]
  QRHS range       [1e+02, 6e+02]
Presolve removed 17220 rows and 2394 columns
Presolve time: 0.16s
Presolved: 13087 rows, 13441 columns, 80866 nonzeros
Variable types: 0 continuous, 13441 integer (13441 binary)

Root relaxation: objective 2.549100e+03, 958 iterations, 0.08 seconds (0.13 work units)

    Nodes    |    Current Node    |     Objective Bounds      |     Work
 Expl Unexpl |  Obj  Depth IntInf | Incumbent    BestBd   Gap | It/Node Time

     0     0 2549.10047    0  147          - 2549.10047      -     -    0s
     0     0 2615.12226    0  179          - 2615.12226      -     -    1s
     0     0 2621.81376    0  186          - 2621.81376      -     -    1s
     0     0 2622.94427    0  174          - 2622.94427      -     -    1s
     0     0 2623.15085    0  193          - 2623.15085      -     -    1s
     0     0 2652.32176    0  221          - 2652.32176      -     -    2s
     0     0 2663.89504    0  251          - 2663.89504      -     -    2s
     0     0 2670.64087    0  238          - 2670.64087      -     -    2s
     0     0 2671.50044    0  256          - 2671.50044      -     -    2s
     0     0 2687.95021    0  217          - 2687.95021      -     -    2s
     0     0 2711.65467    0  275          - 2711.65467      -     -    3s
     0     0 2718.95836    0  292          - 2718.95836      -     -    3s
     0     0 2720.26222    0  307          - 2720.26222      -     -    3s
     0     0 2727.86865    0  257          - 2727.86865      -     -    3s
     0     0 2730.41320    0  280          - 2730.41320      -     -    3s
     0     0 2735.50610    0  289          - 2735.50610      -     -    4s
     0     0 2735.53201    0  277          - 2735.53201      -     -    4s
     0     0 2735.53201    0  267          - 2735.53201      -     -    4s
H    0     0                    3283.0000000 2735.53201  16.7%     -    4s
H    0     0                    3272.0000000 2735.61703  16.4%     -    4s
     0     2 2735.61703    0  261 3272.00000 2735.61703  16.4%     -    4s
     7    16 2754.85498    3  267 3272.00000 2751.41516  15.9%   421    5s
H  160   194                    3196.0000000 2799.95648  12.4%   274    7s
H  188   194                    3043.0000000 2799.95648  7.99%   261    7s
H  411   354                    3031.0000000 2799.95648  7.62%   206    9s
   427   384 2919.88003   17  225 3031.00000 2799.95648  7.62%   204   10s
H  515   412                    3011.0000000 2805.13536  6.84%   191   10s
H  616   485                    2993.0000000 2805.31893  6.27%   183   11s
H  759   574                    2961.0000000 2821.64945  4.71%   172   13s
H  780   574                    2945.0000000 2821.64945  4.19%   169   13s
H  782   574                    2935.0000000 2821.64945  3.86%   169   13s
H  816   536                    2911.0000000 2821.64945  3.07%   166   14s
   950   597     cutoff   10      2911.00000 2826.15641  2.91%   159   15s
  1496   650 2890.89521    9  115 2911.00000 2849.94837  2.10%   139   20s
  2319   633     cutoff    9      2911.00000 2884.83081  0.90%   117   25s

Cutting planes:
  Gomory: 1
  Lift-and-project: 4
  Cover: 233
  Implied bound: 6
  Clique: 41
  MIR: 158
  Knapsack: 14
  StrongCG: 83
  GUB cover: 15
  Zero half: 21
  RLT: 364
  Relax-and-lift: 294
  BQP: 106

Explored 3511 nodes (318595 simplex iterations) in 27.05 seconds (16.21 work units)
Thread count was 22 (of 22 available processors)

Solution count 10: 2911 2935 2945 ... 3272

Optimal solution found (tolerance 1.00e-04)
Best objective 2.911000000000e+03, best bound 2.911000000000e+03, gap 0.0000%

User-callback calls 9653, time in user-callback 0.02 sec
