
Gurobi 13.0.0 (linux64) logging started Mon Jan  5 03:22:08 2026

Set parameter LogFile to value "../experiments/network-n_40_s_1_rp_0-app_set-id_43_19_apps/compact_model_gurobi.log"
Set parameter TimeLimit to value 900
Gurobi Optimizer version 13.0.0 build v13.0.0rc1 (linux64 - "Ubuntu 24.04.3 LTS")

CPU model: Intel(R) Core(TM) Ultra 7 165H, instruction set [SSE2|AVX|AVX2]
Thread count: 22 physical cores, 22 logical processors, using up to 22 threads

Non-default parameters:
TimeLimit  900
LogToConsole  0

Academic license 2539022 - for non-commercial use only - registered to al___@studenti.unimi.it
Optimize a model with 13487 rows, 4960 columns and 33619 nonzeros (Min)
Model fingerprint: 0x0ad039dd
Model has 4960 linear objective coefficients
Model has 128 quadratic constraints
Variable types: 0 continuous, 4960 integer (4960 binary)
Coefficient statistics:
  Matrix range     [1e+00, 9e+02]
  QMatrix range    [5e+01, 2e+02]
  Objective range  [1e+01, 2e+02]
  Bounds range     [1e+00, 1e+00]
  RHS range        [1e+00, 1e+09]
  QRHS range       [1e+02, 6e+02]
Presolve removed 12544 rows and 3078 columns
Presolve time: 0.13s
Presolved: 19447 rows, 20260 columns, 116117 nonzeros
Variable types: 0 continuous, 20260 integer (20260 binary)
Deterministic concurrent LP optimizer: primal and dual simplex
Showing primal log only...

Concurrent spin time: 0.17s (can be avoided by choosing Method=3)

Solved with primal simplex

Root relaxation: infeasible, 3838 iterations, 0.67 seconds (0.57 work units)

    Nodes    |    Current Node    |     Objective Bounds      |     Work
 Expl Unexpl |  Obj  Depth IntInf | Incumbent    BestBd   Gap | It/Node Time

     0     0 infeasible    0               - infeasible      -     -    1s

Explored 1 nodes (3838 simplex iterations) in 1.30 seconds (1.14 work units)
Thread count was 22 (of 22 available processors)

Solution count 0

Model is infeasible
Best objective -, best bound -, gap -

User-callback calls 701, time in user-callback 0.00 sec
