FIXINGS_START
(0, 0, 0)
(0, 9, 0)
(1, 0, 0)
(2, 0, 0)
(3, 0, 0)
(3, 6, 0)
(5, 0, 0)
(5, 6, 0)
(6, 0, 0)
(8, 0, 0)
(9, 0, 0)
(10, 0, 0)
(11, 0, 0)
(12, 0, 0)
(12, 6, 0)
(13, 8, 0)
(13, 9, 0)
(14, 0, 0)
(14, 9, 0)
(15, 0, 0)
(15, 4, 0)
(16, 0, 0)
(17, 0, 0)
(17, 8, 0)
(5, 4, 0)
(5, 5, 0)
(11, 3, 0)
(9, 1, 0)
(16, 2, 0)
(4, 0, 0)
(10, 4, 0)
(4, 1, 0)
(17, 1, 0)
(9, 3, 25)
(16, 4, 1)
(1, 2, 0)
(7, 0, 0)
(14, 2, 0)
(2, 1, 1)
(7, 2, 0)
(13, 0, 0)
(17, 2, 37)
(3, 2, 0)
(3, 3, 0)
(17, 4, 37)
(0, 2, 0)
(12, 1, 19)
(14, 3, 0)
(0, 4, 22)
(12, 3, 37)
(12, 4, 37)
(17, 6, 11)
(14, 4, 0)
(3, 4, 0)
(2, 2, 0)
(13, 1, 34)
(2, 3, 33)
(2, 4, 0)
(3, 7, 0)
(12, 5, 0)
(6, 1, 28)
(14, 5, 0)
FIXINGS_END
found_sol 5176.0 time 1.619
found_sol 5174.0 time 1.620
found_sol 4931.0 time 1.621
found_sol 4930.0 time 2.506
found_sol 4788.0 time 2.521
found_sol 4787.0 time 2.524
found_sol 4594.0 time 2.958
found_sol 4593.0 time 3.400
found_sol 4562.0 time 3.407
found_sol 4516.0 time 4.968
found_sol 4503.0 time 10.682
found_sol 4492.0 time 16.621
found_sol 4492.0 time 21.149
found_sol 4503.0 time 21.150
found_sol 4516.0 time 21.151
found_sol 4480.0 time 26.543
found_sol 4479.0 time 49.304
found_sol 4475.0 time 65.244
found_sol 4475.0 time 90.943
found_sol 4479.0 time 90.944
found_sol 4480.0 time 90.944
found_sol 4473.0 time 112.665
found_sol 4473.0 time 142.424
time 142.430
GUROBI
Status OPTIMAL
Runtime 142.43012189865112
NodeCount 44697.0
IterCount 3709160.0
NumVars 7020
NumConstrs 41431
ObjBound 4473.0
ObjBoundC 4473.0
ObjVal 4473.0
MIPGap 0.0
