FIXINGS_START
(0, 0, 0)
(0, 9, 0)
(1, 0, 0)
(2, 0, 0)
(3, 0, 0)
(3, 6, 0)
(5, 0, 0)
(5, 6, 0)
(6, 0, 0)
(8, 0, 0)
(9, 0, 0)
(10, 0, 0)
(11, 0, 0)
(12, 0, 0)
(12, 6, 0)
(13, 8, 0)
(13, 9, 0)
(14, 0, 0)
(14, 9, 0)
(15, 0, 0)
(15, 4, 0)
(16, 0, 0)
(17, 0, 0)
(17, 8, 0)
(1, 1, 28)
(1, 2, 0)
(14, 2, 0)
(14, 3, 0)
(14, 4, 0)
(14, 5, 0)
(14, 6, 0)
(7, 0, 0)
(3, 2, 0)
(8, 2, 0)
(5, 4, 0)
(7, 2, 0)
(16, 2, 0)
(15, 1, 0)
(10, 1, 19)
(15, 2, 0)
(4, 0, 0)
(8, 4, 0)
(3, 3, 0)
(15, 3, 25)
(11, 1, 11)
(12, 1, 3)
(13, 0, 0)
(9, 1, 0)
(11, 2, 6)
(5, 5, 0)
(3, 4, 0)
(4, 1, 0)
FIXINGS_END
found_sol 5019.0 time 3.674
found_sol 5014.0 time 3.838
found_sol 4799.0 time 3.840
found_sol 4790.0 time 4.348
found_sol 4774.0 time 4.349
found_sol 4769.0 time 4.350
found_sol 4756.0 time 4.557
found_sol 4741.0 time 5.046
found_sol 4713.0 time 8.301
found_sol 4582.0 time 8.303
found_sol 4580.0 time 9.786
found_sol 4575.0 time 9.789
found_sol 4561.0 time 12.310
found_sol 4552.0 time 13.557
found_sol 4523.0 time 13.559
found_sol 4515.0 time 14.056
found_sol 4514.0 time 14.612
found_sol 4513.0 time 15.202
found_sol 4511.0 time 18.783
found_sol 4511.0 time 39.708
found_sol 4513.0 time 39.710
found_sol 4514.0 time 39.712
found_sol 4507.0 time 103.988
found_sol 4494.0 time 248.630
found_sol 4494.0 time 894.435
time 894.447
GUROBI
Status TIME_LIMIT
Runtime 894.4465048313141
NodeCount 108902.0
IterCount 14247737.0
NumVars 7020
NumConstrs 41421
ObjBound 4473.0
ObjBoundC 4472.635339924381
ObjVal 4494.0
MIPGap 0.004672897196261682
