FIXINGS_START
(0, 0, 0)
(0, 9, 0)
(1, 0, 0)
(2, 0, 0)
(3, 0, 0)
(3, 6, 0)
(5, 0, 0)
(5, 6, 0)
(6, 0, 0)
(8, 0, 0)
(9, 0, 0)
(10, 0, 0)
(11, 0, 0)
(12, 0, 0)
(12, 6, 0)
(13, 8, 0)
(13, 9, 0)
(14, 0, 0)
(14, 9, 0)
(15, 0, 0)
(15, 4, 0)
(16, 0, 0)
(17, 0, 0)
(17, 8, 0)
(5, 4, 0)
(5, 5, 0)
(11, 3, 0)
(9, 1, 0)
(16, 2, 0)
(4, 0, 0)
(10, 4, 0)
(4, 1, 0)
(17, 1, 0)
(9, 3, 25)
(16, 4, 1)
(1, 2, 0)
(7, 0, 0)
(14, 2, 0)
(2, 1, 1)
(7, 2, 0)
(13, 0, 0)
(17, 2, 37)
(3, 2, 0)
(3, 3, 0)
(17, 4, 37)
(0, 2, 0)
(12, 1, 19)
(14, 3, 0)
(0, 4, 22)
(12, 3, 37)
(12, 4, 37)
(17, 6, 11)
FIXINGS_END
found_sol 5390.0 time 2.406
found_sol 5365.0 time 2.407
found_sol 5295.0 time 2.777
found_sol 5267.0 time 2.778
found_sol 5265.0 time 3.082
found_sol 5262.0 time 3.084
found_sol 5208.0 time 3.657
found_sol 5146.0 time 3.895
found_sol 4836.0 time 3.897
found_sol 4832.0 time 8.085
found_sol 4816.0 time 8.087
found_sol 4640.0 time 8.832
found_sol 4629.0 time 8.835
found_sol 4577.0 time 8.837
found_sol 4573.0 time 9.408
found_sol 4569.0 time 10.530
found_sol 4549.0 time 10.532
found_sol 4544.0 time 12.878
found_sol 4542.0 time 12.881
found_sol 4526.0 time 16.591
found_sol 4493.0 time 17.690
found_sol 4493.0 time 41.826
found_sol 4526.0 time 41.829
found_sol 4542.0 time 41.830
found_sol 4483.0 time 47.578
found_sol 4470.0 time 97.233
found_sol 4469.0 time 99.194
found_sol 4467.0 time 247.362
found_sol 4463.0 time 272.742
found_sol 4463.0 time 279.591
found_sol 4467.0 time 279.592
found_sol 4469.0 time 279.592
found_sol 4461.0 time 323.208
found_sol 4459.0 time 332.012
found_sol 4459.0 time 473.958
time 473.969
GUROBI
Status OPTIMAL
Runtime 473.9692780971527
NodeCount 75889.0
IterCount 7449922.0
NumVars 7020
NumConstrs 41421
ObjBound 4459.0
ObjBoundC 4459.0
ObjVal 4459.0
MIPGap 0.0
