
Gurobi 13.0.0 (linux64) logging started Fri Jan  2 21:57:37 2026

Set parameter LogFile to value "../experiments/network-n_50_s_2_rp_0-app_set-id_15_10_apps/compact_model_gurobi.log"
Set parameter TimeLimit to value 900
Gurobi Optimizer version 13.0.0 build v13.0.0rc1 (linux64 - "Ubuntu 24.04.3 LTS")

CPU model: Intel(R) Core(TM) Ultra 7 165H, instruction set [SSE2|AVX|AVX2]
Thread count: 22 physical cores, 22 logical processors, using up to 22 threads

Non-default parameters:
TimeLimit  900
LogToConsole  0

Academic license 2539022 - for non-commercial use only - registered to al___@studenti.unimi.it
Optimize a model with 16344 rows, 3250 columns and 37096 nonzeros (Min)
Model fingerprint: 0xc841e87b
Model has 3250 linear objective coefficients
Model has 162 quadratic constraints
Variable types: 0 continuous, 3250 integer (3250 binary)
Coefficient statistics:
  Matrix range     [1e+00, 9e+02]
  QMatrix range    [5e+01, 2e+02]
  Objective range  [1e+01, 2e+02]
  Bounds range     [1e+00, 1e+00]
  RHS range        [1e+00, 1e+09]
  QRHS range       [1e+02, 6e+02]
Presolve removed 15661 rows and 2025 columns
Presolve time: 0.17s
Presolved: 13379 rows, 13764 columns, 83589 nonzeros
Variable types: 0 continuous, 13764 integer (13764 binary)
Found heuristic solution: objective 5337.0000000

Root relaxation: objective 1.944370e+03, 560 iterations, 0.04 seconds (0.06 work units)

    Nodes    |    Current Node    |     Objective Bounds      |     Work
 Expl Unexpl |  Obj  Depth IntInf | Incumbent    BestBd   Gap | It/Node Time

     0     0 1944.37003    0   82 5337.00000 1944.37003  63.6%     -    0s
H    0     0                    5190.0000000 1944.37003  62.5%     -    0s
H    0     0                    4906.0000000 1944.37003  60.4%     -    0s
H    0     0                    4803.0000000 1944.37003  59.5%     -    0s
H    0     0                    4723.0000000 1944.53766  58.8%     -    0s
H    0     0                    4699.0000000 1944.53766  58.6%     -    0s
     0     0 1956.70678    0   94 4699.00000 1956.70678  58.4%     -    1s
H    0     0                    2269.0000000 1956.70678  13.8%     -    1s
H    0     0                    2261.0000000 1956.70678  13.5%     -    1s
     0     0 1982.07237    0  114 2261.00000 1982.07237  12.3%     -    1s
     0     0 1982.78571    0  113 2261.00000 1982.78571  12.3%     -    1s
     0     0 1983.25718    0  104 2261.00000 1983.25718  12.3%     -    1s
     0     0 1983.25718    0  104 2261.00000 1983.25718  12.3%     -    1s
     0     0 2002.77585    0  137 2261.00000 2002.77585  11.4%     -    1s
     0     0 2005.16427    0  127 2261.00000 2005.16427  11.3%     -    1s
     0     0 2005.16427    0  136 2261.00000 2005.16427  11.3%     -    1s
     0     0 2015.18212    0  135 2261.00000 2015.18212  10.9%     -    2s
     0     0 2017.70829    0  136 2261.00000 2017.70829  10.8%     -    2s
     0     0 2018.00506    0  136 2261.00000 2018.00506  10.7%     -    2s
H    0     0                    2200.0000000 2018.00506  8.27%     -    2s
     0     0 2024.16745    0  123 2200.00000 2024.16745  7.99%     -    2s
     0     0 2024.62862    0  123 2200.00000 2024.62862  7.97%     -    2s
     0     0 2024.62862    0  123 2200.00000 2024.62862  7.97%     -    2s
     0     0 2024.62862    0  123 2200.00000 2024.62862  7.97%     -    2s
H    0     0                    2159.0000000 2029.21977  6.01%     -    2s
H    0     0                    2118.0000000 2029.21977  4.19%     -    2s
     0     2 2029.21977    0  123 2118.00000 2029.21977  4.19%     -    2s
H   60    55                    2084.0000000 2072.92277  0.53%  87.9    3s

Cutting planes:
  Cover: 98
  Implied bound: 27
  Clique: 36
  MIR: 51
  Knapsack: 5
  StrongCG: 35
  GUB cover: 8
  Zero half: 10
  RLT: 109
  Relax-and-lift: 378
  BQP: 26

Explored 226 nodes (12311 simplex iterations) in 3.88 seconds (2.52 work units)
Thread count was 22 (of 22 available processors)

Solution count 10: 2084 2118 2159 ... 4906

Optimal solution found (tolerance 1.00e-04)
Best objective 2.084000000000e+03, best bound 2.084000000000e+03, gap 0.0000%

User-callback calls 1800, time in user-callback 0.00 sec
