
Gurobi 13.0.0 (linux64) logging started Mon Jan  5 01:28:09 2026

Set parameter LogFile to value "../experiments/network-n_40_s_1_rp_0-app_set-id_17_10_apps/compact_model_gurobi.log"
Set parameter TimeLimit to value 900
Gurobi Optimizer version 13.0.0 build v13.0.0rc1 (linux64 - "Ubuntu 24.04.3 LTS")

CPU model: Intel(R) Core(TM) Ultra 7 165H, instruction set [SSE2|AVX|AVX2]
Thread count: 22 physical cores, 22 logical processors, using up to 22 threads

Non-default parameters:
TimeLimit  900
LogToConsole  0

Academic license 2539022 - for non-commercial use only - registered to al___@studenti.unimi.it
Optimize a model with 7942 rows, 2600 columns and 19385 nonzeros (Min)
Model fingerprint: 0xce902765
Model has 2600 linear objective coefficients
Model has 128 quadratic constraints
Variable types: 0 continuous, 2600 integer (2600 binary)
Coefficient statistics:
  Matrix range     [1e+00, 8e+02]
  QMatrix range    [5e+01, 2e+02]
  Objective range  [1e+01, 2e+02]
  Bounds range     [1e+00, 1e+00]
  RHS range        [1e+00, 1e+09]
  QRHS range       [1e+02, 6e+02]
Presolve removed 7369 rows and 1548 columns
Presolve time: 0.07s
Presolved: 11556 rows, 11913 columns, 69479 nonzeros
Variable types: 0 continuous, 11913 integer (11913 binary)

Root relaxation: objective 2.017539e+03, 482 iterations, 0.08 seconds (0.05 work units)

    Nodes    |    Current Node    |     Objective Bounds      |     Work
 Expl Unexpl |  Obj  Depth IntInf | Incumbent    BestBd   Gap | It/Node Time

     0     0 2017.53901    0   73          - 2017.53901      -     -    0s
H    0     0                    2933.0000000 2017.53901  31.2%     -    0s
H    0     0                    2612.0000000 2017.53901  22.8%     -    0s
H    0     0                    2602.0000000 2017.53901  22.5%     -    0s
H    0     0                    2276.0000000 2017.53901  11.4%     -    0s
     0     0 2051.38048    0   95 2276.00000 2051.38048  9.87%     -    0s
H    0     0                    2242.0000000 2051.38048  8.50%     -    1s
H    0     0                    2201.0000000 2051.67874  6.78%     -    1s
H    0     0                    2142.0000000 2051.67874  4.22%     -    1s
     0     0 2051.67874    0   91 2142.00000 2051.67874  4.22%     -    1s
     0     0 2057.88906    0  103 2142.00000 2057.88906  3.93%     -    1s
     0     0 2059.34742    0   93 2142.00000 2059.34742  3.86%     -    1s
     0     0 2059.56974    0   96 2142.00000 2059.56974  3.85%     -    1s
     0     0 2064.16771    0  109 2142.00000 2064.16771  3.63%     -    1s
H    0     0                    2125.0000000 2064.16771  2.86%     -    1s
     0     0 2067.49178    0  106 2125.00000 2067.49178  2.71%     -    1s
     0     0 2068.27127    0  115 2125.00000 2068.27127  2.67%     -    1s
     0     0 2074.11520    0  113 2125.00000 2074.11520  2.39%     -    1s
     0     0 2074.33579    0  112 2125.00000 2074.33579  2.38%     -    1s
     0     0 2074.33579    0  112 2125.00000 2074.33579  2.38%     -    1s
     0     0 2074.33579    0  101 2125.00000 2074.33579  2.38%     -    1s
H    0     0                    2106.0000000 2074.33579  1.50%     -    2s
     0     2 2074.33579    0  101 2106.00000 2074.33579  1.50%     -    2s
*  224   145              10    2098.0000000 2085.73268  0.58%  40.3    2s

Cutting planes:
  Lift-and-project: 1
  Cover: 72
  Implied bound: 2
  Clique: 10
  MIR: 61
  Knapsack: 5
  StrongCG: 41
  GUB cover: 7
  Zero half: 11
  RLT: 45
  Relax-and-lift: 275
  BQP: 27

Explored 499 nodes (16115 simplex iterations) in 3.26 seconds (1.93 work units)
Thread count was 22 (of 22 available processors)

Solution count 10: 2098 2106 2125 ... 2933

Optimal solution found (tolerance 1.00e-04)
Best objective 2.098000000000e+03, best bound 2.098000000000e+03, gap 0.0000%

User-callback calls 2169, time in user-callback 0.01 sec
