
Gurobi 13.0.0 (linux64) logging started Wed Jan 14 00:13:29 2026

Set parameter LogFile to value "../experiments/network-n_40_s_2_rp_0-app_set-id_105_40_apps/compact_model_gurobi.log"
Set parameter TimeLimit to value 900
Gurobi Optimizer version 13.0.0 build v13.0.0rc1 (linux64 - "Ubuntu 24.04.3 LTS")

CPU model: Intel(R) Core(TM) Ultra 7 165H, instruction set [SSE2|AVX|AVX2]
Thread count: 22 physical cores, 22 logical processors, using up to 22 threads

Non-default parameters:
TimeLimit  900
LogToConsole  0

Academic license 2539022 - for non-commercial use only - registered to al___@studenti.unimi.it
Optimize a model with 47139 rows, 10400 columns and 108692 nonzeros (Min)
Model fingerprint: 0x75d584d9
Model has 10400 linear objective coefficients
Model has 126 quadratic constraints
Variable types: 0 continuous, 10400 integer (10400 binary)
Coefficient statistics:
  Matrix range     [1e+00, 9e+02]
  QMatrix range    [5e+01, 2e+02]
  Objective range  [1e+01, 2e+02]
  Bounds range     [1e+00, 1e+00]
  RHS range        [1e+00, 1e+09]
  QRHS range       [1e+02, 6e+02]
Presolve removed 44839 rows and 6392 columns
Presolve time: 0.29s
Presolved: 34952 rows, 36496 columns, 222140 nonzeros
Variable types: 0 continuous, 36496 integer (36496 binary)
Deterministic concurrent LP optimizer: primal and dual simplex
Showing primal log only...

Concurrent spin time: 0.00s

Solved with dual simplex

Root relaxation: infeasible, 4987 iterations, 0.87 seconds (0.81 work units)

    Nodes    |    Current Node    |     Objective Bounds      |     Work
 Expl Unexpl |  Obj  Depth IntInf | Incumbent    BestBd   Gap | It/Node Time

     0     0 infeasible    0               - infeasible      -     -    1s

Explored 1 nodes (4987 simplex iterations) in 1.82 seconds (2.10 work units)
Thread count was 22 (of 22 available processors)

Solution count 0

Model is infeasible
Best objective -, best bound -, gap -

User-callback calls 633, time in user-callback 0.00 sec
