
Gurobi 13.0.0 (linux64) logging started Fri Jan  2 18:29:09 2026

Set parameter LogFile to value "../experiments/network-n_50_s_1_rp_0-app_set-id_16_10_apps/compact_model_gurobi.log"
Set parameter TimeLimit to value 900
Gurobi Optimizer version 13.0.0 build v13.0.0rc1 (linux64 - "Ubuntu 24.04.3 LTS")

CPU model: Intel(R) Core(TM) Ultra 7 165H, instruction set [SSE2|AVX|AVX2]
Thread count: 22 physical cores, 22 logical processors, using up to 22 threads

Non-default parameters:
TimeLimit  900
LogToConsole  0

Academic license 2539022 - for non-commercial use only - registered to al___@studenti.unimi.it
Optimize a model with 13584 rows, 3250 columns and 31678 nonzeros (Min)
Model fingerprint: 0x8e33288e
Model has 3250 linear objective coefficients
Model has 164 quadratic constraints
Variable types: 0 continuous, 3250 integer (3250 binary)
Coefficient statistics:
  Matrix range     [1e+00, 9e+02]
  QMatrix range    [5e+01, 2e+02]
  Objective range  [1e+01, 2e+02]
  Bounds range     [1e+00, 1e+00]
  RHS range        [1e+00, 1e+09]
  QRHS range       [1e+02, 6e+02]
Presolve removed 12948 rows and 1930 columns
Presolve time: 0.11s
Presolved: 12556 rows, 13078 columns, 78431 nonzeros
Variable types: 0 continuous, 13078 integer (13078 binary)

Root relaxation: objective 2.441107e+03, 675 iterations, 0.05 seconds (0.08 work units)

    Nodes    |    Current Node    |     Objective Bounds      |     Work
 Expl Unexpl |  Obj  Depth IntInf | Incumbent    BestBd   Gap | It/Node Time

     0     0 2441.10656    0   78          - 2441.10656      -     -    0s
H    0     0                    3174.0000000 2441.10656  23.1%     -    0s
H    0     0                    3169.0000000 2441.10656  23.0%     -    0s
     0     0 2467.55135    0  126 3169.00000 2467.55135  22.1%     -    1s
H    0     0                    3160.0000000 2473.41090  21.7%     -    1s
H    0     0                    3142.0000000 2473.41090  21.3%     -    1s
H    0     0                    3017.0000000 2473.41090  18.0%     -    1s
H    0     0                    2978.0000000 2473.41090  16.9%     -    1s
     0     0 2473.41090    0  114 2978.00000 2473.41090  16.9%     -    1s
     0     0 2473.48233    0  112 2978.00000 2473.48233  16.9%     -    1s
     0     0 2477.94772    0  133 2978.00000 2477.94772  16.8%     -    1s
     0     0 2478.87357    0  149 2978.00000 2478.87357  16.8%     -    1s
     0     0 2478.91678    0  140 2978.00000 2478.91678  16.8%     -    1s
H    0     0                    2847.0000000 2481.86624  12.8%     -    1s
H    0     0                    2808.0000000 2481.86624  11.6%     -    1s
     0     0 2481.86624    0  132 2808.00000 2481.86624  11.6%     -    1s
     0     0 2481.97085    0  150 2808.00000 2481.97085  11.6%     -    1s
     0     0 2482.45062    0  154 2808.00000 2482.45062  11.6%     -    2s
     0     0 2482.45170    0  153 2808.00000 2482.45170  11.6%     -    2s
     0     0 2482.45170    0  145 2808.00000 2482.45170  11.6%     -    2s
H    0     0                    2701.0000000 2482.45170  8.09%     -    2s
H    0     0                    2562.0000000 2482.47638  3.10%     -    2s
     0     2 2482.47638    0  134 2562.00000 2482.47638  3.10%     -    2s
H   55   100                    2560.0000000 2488.70762  2.78%   154    3s
H   80   100                    2558.0000000 2488.74580  2.71%   126    3s
H   99   122                    2554.0000000 2488.74580  2.55%   114    3s
H  176   214                    2552.0000000 2488.74580  2.48%  94.5    4s
H  202   214                    2541.0000000 2488.74580  2.06%  92.2    4s
H  298   307                    2538.0000000 2488.74580  1.94%  81.6    4s
   366   403 2498.11891   14  159 2538.00000 2490.27392  1.88%  77.9    5s
H 1305   980                    2536.0000000 2493.17852  1.69%  61.6    8s
  1764  1299 2502.70123    9  131 2536.00000 2494.45658  1.64%  60.6   10s
  3385  2049 2534.09432   16   56 2536.00000 2496.66595  1.55%  58.6   15s
  3771  2214 2516.68573   27  151 2536.00000 2496.66595  1.55%  58.2   20s
  4344  2428 2528.63431   23   50 2536.00000 2499.00038  1.46%  63.7   25s
  6260  2665 2516.89322   20   79 2536.00000 2505.54388  1.20%  64.0   30s
H 7813  2446                    2534.0000000 2508.68434  1.00%  63.8   34s
  7870  2449 2524.50720   26   74 2534.00000 2508.68434  1.00%  63.8   35s
H 8610  2263                    2532.0000000 2509.46026  0.89%  63.3   37s
H 9577  1986                    2530.0000000 2510.71012  0.76%  63.4   39s
* 9585  1917              26    2529.0000000 2510.71012  0.72%  63.4   39s
  9828  1972 2517.57448   20   70 2529.00000 2510.80816  0.72%  63.5   40s
 12192  2131 2527.83377   23   79 2529.00000 2514.35158  0.58%  64.0   45s
 15182  1934 2526.99250   27   50 2529.00000 2517.58482  0.45%  63.6   50s
 19009    18 2525.62636   32   44 2529.00000 2521.97970  0.28%  63.0   55s

Cutting planes:
  Gomory: 6
  Lift-and-project: 1
  Cover: 187
  Clique: 31
  MIR: 60
  Knapsack: 8
  StrongCG: 49
  Flow cover: 22
  GUB cover: 11
  Zero half: 62
  RLT: 33
  Relax-and-lift: 31
  BQP: 1

Explored 19923 nodes (1228958 simplex iterations) in 55.72 seconds (31.14 work units)
Thread count was 22 (of 22 available processors)

Solution count 10: 2529 2530 2532 ... 2558

Optimal solution found (tolerance 1.00e-04)
Best objective 2.529000000000e+03, best bound 2.529000000000e+03, gap 0.0000%

User-callback calls 45889, time in user-callback 0.07 sec
