found_sol 3514.0 time 0.519
found_sol 3507.0 time 0.528
found_sol 3497.0 time 0.539
found_sol 2852.0 time 0.541
found_sol 2841.0 time 0.791
found_sol 2759.0 time 0.792
found_sol 2682.0 time 1.012
found_sol 2257.0 time 1.038
found_sol 2189.0 time 2.543
found_sol 2188.0 time 5.465
found_sol 2185.0 time 9.142
found_sol 2183.0 time 12.280
found_sol 2179.0 time 13.115
time 14.560
GUROBI
Status OPTIMAL
Runtime 14.56018614768982
NodeCount 4191.0
IterCount 219981.0
NumVars 2600
NumConstrs 13117
ObjBound 2179.0
ObjBoundC 2179.0
ObjVal 2179.0
MIPGap 0.0
