
Gurobi 13.0.0 (linux64) logging started Mon Jan  5 03:29:05 2026

Set parameter LogFile to value "../experiments/network-n_40_s_2_rp_0-app_set-id_17_10_apps/compact_model_gurobi.log"
Set parameter TimeLimit to value 900
Gurobi Optimizer version 13.0.0 build v13.0.0rc1 (linux64 - "Ubuntu 24.04.3 LTS")

CPU model: Intel(R) Core(TM) Ultra 7 165H, instruction set [SSE2|AVX|AVX2]
Thread count: 22 physical cores, 22 logical processors, using up to 22 threads

Non-default parameters:
TimeLimit  900
LogToConsole  0

Academic license 2539022 - for non-commercial use only - registered to al___@studenti.unimi.it
Optimize a model with 13117 rows, 2600 columns and 29912 nonzeros (Min)
Model fingerprint: 0xa036dcf8
Model has 2600 linear objective coefficients
Model has 126 quadratic constraints
Variable types: 0 continuous, 2600 integer (2600 binary)
Coefficient statistics:
  Matrix range     [1e+00, 8e+02]
  QMatrix range    [5e+01, 2e+02]
  Objective range  [1e+01, 2e+02]
  Bounds range     [1e+00, 1e+00]
  RHS range        [1e+00, 1e+09]
  QRHS range       [1e+02, 6e+02]
Presolve removed 12463 rows and 1445 columns
Presolve time: 0.09s
Presolved: 11593 rows, 11970 columns, 73670 nonzeros
Variable types: 0 continuous, 11970 integer (11970 binary)

Root relaxation: objective 2.068592e+03, 637 iterations, 0.06 seconds (0.08 work units)

    Nodes    |    Current Node    |     Objective Bounds      |     Work
 Expl Unexpl |  Obj  Depth IntInf | Incumbent    BestBd   Gap | It/Node Time

     0     0 2068.59178    0  137          - 2068.59178      -     -    0s
H    0     0                    3514.0000000 2068.59178  41.1%     -    0s
H    0     0                    3507.0000000 2068.59178  41.0%     -    0s
H    0     0                    3497.0000000 2068.59178  40.8%     -    0s
H    0     0                    2852.0000000 2068.59178  27.5%     -    0s
H    0     0                    2841.0000000 2068.59178  27.2%     -    0s
H    0     0                    2759.0000000 2068.59178  25.0%     -    0s
     0     0 2102.44669    0  165 2759.00000 2102.44669  23.8%     -    0s
H    0     0                    2682.0000000 2102.44669  21.6%     -    1s
H    0     0                    2257.0000000 2102.44669  6.85%     -    1s
     0     0 2107.18307    0  152 2257.00000 2107.18307  6.64%     -    1s
     0     0 2107.77248    0  144 2257.00000 2107.77248  6.61%     -    1s
     0     0 2107.88666    0  156 2257.00000 2107.88666  6.61%     -    1s
     0     0 2121.27632    0  131 2257.00000 2121.27632  6.01%     -    1s
     0     0 2126.73301    0  159 2257.00000 2126.73301  5.77%     -    1s
     0     0 2127.68271    0  178 2257.00000 2127.68271  5.73%     -    1s
     0     0 2127.76361    0  153 2257.00000 2127.76361  5.73%     -    1s
     0     0 2134.48984    0  116 2257.00000 2134.48984  5.43%     -    2s
     0     0 2139.03081    0  117 2257.00000 2139.03081  5.23%     -    2s
     0     0 2140.04394    0  150 2257.00000 2140.04394  5.18%     -    2s
     0     0 2141.32480    0  125 2257.00000 2141.32480  5.13%     -    2s
     0     0 2141.46235    0  131 2257.00000 2141.46235  5.12%     -    2s
     0     0 2141.51346    0  128 2257.00000 2141.51346  5.12%     -    2s
     0     0 2141.55494    0  128 2257.00000 2141.55494  5.11%     -    2s
     0     0 2141.55494    0  128 2257.00000 2141.55494  5.11%     -    2s
     0     0 2141.55494    0  128 2257.00000 2141.55494  5.11%     -    2s
H    0     0                    2189.0000000 2141.56203  2.17%     -    2s
     0     2 2141.56203    0  128 2189.00000 2141.56203  2.17%     -    2s
   534   330 2167.99053   14  120 2189.00000 2151.60033  1.71%  73.0    5s
H  628   361                    2188.0000000 2151.60033  1.66%  72.8    5s
H 1584   733                    2185.0000000 2160.11777  1.14%  62.7    9s
  2039   810     cutoff   18      2185.00000 2164.04363  0.96%  59.7   10s
* 2653   836              21    2183.0000000 2167.36089  0.72%  59.3   12s
H 3000   784                    2179.0000000 2167.89099  0.51%  58.6   13s

Cutting planes:
  Gomory: 5
  Lift-and-project: 8
  Cover: 119
  Implied bound: 2
  Clique: 30
  MIR: 71
  Knapsack: 5
  StrongCG: 53
  GUB cover: 7
  Inf proof: 1
  Zero half: 12
  RLT: 197
  Relax-and-lift: 126
  BQP: 96

Explored 4191 nodes (219981 simplex iterations) in 14.55 seconds (8.60 work units)
Thread count was 22 (of 22 available processors)

Solution count 10: 2179 2183 2185 ... 2852

Optimal solution found (tolerance 1.00e-04)
Best objective 2.179000000000e+03, best bound 2.179000000000e+03, gap 0.0000%

User-callback calls 10034, time in user-callback 0.02 sec
