
Gurobi 13.0.0 (linux64) logging started Fri Jan 16 04:19:08 2026

Set parameter LogFile to value "../experiments/network-n_60_s_0_rp_0-app_set-id_40_18_apps/submip_40_epr0_model_gurobi.log"
Set parameter TimeLimit to value 8.9438732957000320e+02
Gurobi Optimizer version 13.0.0 build v13.0.0rc1 (linux64 - "Ubuntu 24.04.3 LTS")

CPU model: Intel(R) Core(TM) Ultra 7 165H, instruction set [SSE2|AVX|AVX2]
Thread count: 22 physical cores, 22 logical processors, using up to 22 threads

Non-default parameters:
TimeLimit  8.9438732957000320e+02
LogToConsole  0

Academic license 2539022 - for non-commercial use only - registered to al___@studenti.unimi.it
Optimize a model with 29539 rows, 7020 columns and 68594 nonzeros (Min)
Model fingerprint: 0xbe64a4b9
Model has 7020 linear objective coefficients
Model has 200 quadratic constraints
Variable types: 0 continuous, 7020 integer (7020 binary)
Coefficient statistics:
  Matrix range     [1e+00, 9e+02]
  QMatrix range    [5e+01, 2e+02]
  Objective range  [1e+01, 2e+02]
  Bounds range     [1e+00, 1e+00]
  RHS range        [1e+00, 1e+09]
  QRHS range       [1e+02, 6e+02]

MIP start from previous solve did not produce a new incumbent solution
MIP start from previous solve violates constraint fixed_app_10_microservice_3 by 1.000000000

Presolve removed 29225 rows and 6000 columns
Presolve time: 0.06s
Presolved: 6593 rows, 7099 columns, 39164 nonzeros
Variable types: 0 continuous, 7099 integer (7099 binary)

Root relaxation: objective 4.732274e+03, 542 iterations, 0.02 seconds (0.03 work units)

    Nodes    |    Current Node    |     Objective Bounds      |     Work
 Expl Unexpl |  Obj  Depth IntInf | Incumbent    BestBd   Gap | It/Node Time

     0     0 4732.27374    0  111          - 4732.27374      -     -    0s
H    0     0                    5523.0000000 4732.27374  14.3%     -    0s
     0     0 4789.57734    0  132 5523.00000 4789.57734  13.3%     -    0s
     0     0 4790.17364    0  139 5523.00000 4790.17364  13.3%     -    0s
H    0     0                    5491.0000000 4801.03950  12.6%     -    1s
H    0     0                    5437.0000000 4801.03950  11.7%     -    1s
     0     0 4801.03950    0  149 5437.00000 4801.03950  11.7%     -    1s
     0     0 4801.07441    0  148 5437.00000 4801.07441  11.7%     -    1s
     0     0 4801.07441    0  148 5437.00000 4801.07441  11.7%     -    1s
H    0     0                    5364.0000000 4801.07441  10.5%     -    1s
     0     2 4801.07892    0  140 5364.00000 4801.07892  10.5%     -    1s
H   75    87                    5043.0000000 4807.40340  4.67%   120    2s
H  148   197                    5041.0000000 4807.40340  4.63%   101    2s
H  150   197                    5037.0000000 4807.40340  4.56%   101    2s
H  180   197                    4926.0000000 4807.40340  2.41%  94.6    2s
H  186   197                    4907.0000000 4807.40340  2.03%  93.7    2s
H  255   289                    4903.0000000 4807.40340  1.95%  84.4    2s
H  256   289                    4883.0000000 4807.40340  1.55%  84.3    2s
*  763   643              47    4882.0000000 4810.96542  1.46%  64.0    3s
H  836   701                    4876.0000000 4812.13285  1.31%  62.7    4s
H  837   701                    4875.0000000 4812.13285  1.29%  62.7    4s
H  846   701                    4873.0000000 4812.13285  1.25%  62.4    4s
H  858   701                    4871.0000000 4812.13285  1.21%  62.3    4s
  1163   924 4843.24701   42   25 4871.00000 4812.24012  1.21%  56.8    5s
  3449  2191 4831.10685   12 1298 4871.00000 4819.15946  1.06%  51.5   10s
  3541  2255 4829.33119   10  150 4871.00000 4828.52923  0.87%  51.8   15s
H 4249  2395                    4865.0000000 4833.80786  0.64%  56.9   18s
H 4318  2283                    4864.0000000 4833.80786  0.62%  56.9   18s
H 4373  2172                    4860.0000000 4834.98620  0.51%  57.0   18s
H 4677  2163                    4858.0000000 4834.98620  0.47%  56.5   19s
  4919  2143 4839.96222   20   94 4858.00000 4835.68428  0.46%  56.2   20s
H 5223  2046                    4853.0000000 4837.49165  0.32%  56.0   20s
  7938   633 4850.16112   19   92 4853.00000 4845.56003  0.15%  52.9   25s

Cutting planes:
  Gomory: 6
  Lift-and-project: 1
  Cover: 105
  Clique: 15
  MIR: 130
  Knapsack: 11
  StrongCG: 52
  Flow cover: 79
  GUB cover: 9
  Inf proof: 6
  Zero half: 43
  RLT: 41
  Relax-and-lift: 20
  BQP: 8

Explored 8810 nodes (441815 simplex iterations) in 25.94 seconds (12.84 work units)
Thread count was 22 (of 22 available processors)

Solution count 10: 4853 4858 4860 ... 4882

Optimal solution found (tolerance 1.00e-04)
Best objective 4.853000000000e+03, best bound 4.853000000000e+03, gap 0.0000%

User-callback calls 22106, time in user-callback 0.04 sec
Set parameter LogToConsole to value 0
