
Gurobi 13.0.0 (linux64) logging started Sat Jan  3 03:25:24 2026

Set parameter LogFile to value "../experiments/network-n_60_s_0_rp_0-app_set-id_24_13_apps/compact_model_gurobi.log"
Set parameter TimeLimit to value 900
Gurobi Optimizer version 13.0.0 build v13.0.0rc1 (linux64 - "Ubuntu 24.04.3 LTS")

CPU model: Intel(R) Core(TM) Ultra 7 165H, instruction set [SSE2|AVX|AVX2]
Thread count: 22 physical cores, 22 logical processors, using up to 22 threads

Non-default parameters:
TimeLimit  900
LogToConsole  0

Academic license 2539022 - for non-commercial use only - registered to al___@studenti.unimi.it
Optimize a model with 29169 rows, 5040 columns and 65486 nonzeros (Min)
Model fingerprint: 0x6be4e508
Model has 5040 linear objective coefficients
Model has 200 quadratic constraints
Variable types: 0 continuous, 5040 integer (5040 binary)
Coefficient statistics:
  Matrix range     [1e+00, 9e+02]
  QMatrix range    [5e+01, 2e+02]
  Objective range  [1e+01, 2e+02]
  Bounds range     [1e+00, 1e+00]
  RHS range        [1e+00, 1e+09]
  QRHS range       [1e+02, 6e+02]
Presolve removed 27960 rows and 2761 columns
Presolve time: 0.33s
Presolved: 36870 rows, 37744 columns, 229915 nonzeros
Variable types: 0 continuous, 37744 integer (37744 binary)
Found heuristic solution: objective 4526.0000000
Deterministic concurrent LP optimizer: primal and dual simplex
Showing primal log only...

Concurrent spin time: 0.00s

Solved with dual simplex

Root relaxation: objective 2.754407e+03, 1294 iterations, 0.37 seconds (0.42 work units)

    Nodes    |    Current Node    |     Objective Bounds      |     Work
 Expl Unexpl |  Obj  Depth IntInf | Incumbent    BestBd   Gap | It/Node Time

     0     0 2754.40665    0  189 4526.00000 2754.40665  39.1%     -    1s
H    0     0                    3921.0000000 2754.40665  29.8%     -    1s
H    0     0                    3915.0000000 2754.40665  29.6%     -    1s
H    0     0                    3902.0000000 2754.40665  29.4%     -    2s
     0     0 2780.83751    0  228 3902.00000 2780.83751  28.7%     -    2s
H    0     0                    3832.0000000 2780.83751  27.4%     -    2s
H    0     0                    3827.0000000 2780.83751  27.3%     -    2s
     0     0 2800.19866    0  267 3827.00000 2800.19866  26.8%     -    3s
     0     0 2800.78615    0  274 3827.00000 2800.78615  26.8%     -    3s
     0     0 2800.89023    0  267 3827.00000 2800.89023  26.8%     -    3s
     0     0 2818.62026    0  240 3827.00000 2818.62026  26.3%     -    4s
     0     0 2819.14136    0  217 3827.00000 2819.14136  26.3%     -    4s
H    0     0                    3629.0000000 2819.14136  22.3%     -    4s
H    0     0                    3388.0000000 2819.14136  16.8%     -    4s
     0     0 2823.54123    0  204 3388.00000 2823.54123  16.7%     -    4s
     0     0 2827.80860    0  243 3388.00000 2827.80860  16.5%     -    5s
     0     0 2827.98487    0  239 3388.00000 2827.98487  16.5%     -    5s
     0     0 2848.30912    0  249 3388.00000 2848.30912  15.9%     -    6s
H    0     0                    3255.0000000 2848.30912  12.5%     -    6s
     0     0 2852.73501    0  224 3255.00000 2852.73501  12.4%     -    7s
     0     0 2854.11082    0  229 3255.00000 2854.11082  12.3%     -    7s
H    0     0                    3252.0000000 2854.11082  12.2%     -    7s
H    0     0                    3245.0000000 2854.11082  12.0%     -    7s
H    0     0                    3188.0000000 2854.11082  10.5%     -    7s
H    0     0                    3154.0000000 2854.11082  9.51%     -    7s
     0     0 2858.42103    0  224 3154.00000 2858.42103  9.37%     -    8s
H    0     0                    3144.0000000 2860.65835  9.01%     -    8s
H    0     0                    3133.0000000 2860.65835  8.69%     -    8s
H    0     0                    3129.0000000 2860.65835  8.58%     -    8s
H    0     0                    3128.0000000 2860.65835  8.55%     -    8s
     0     0 2860.65835    0  214 3128.00000 2860.65835  8.55%     -    8s
     0     0 2861.65362    0  214 3128.00000 2861.65362  8.51%     -    8s
H    0     0                    3119.0000000 2863.23645  8.20%     -    8s
H    0     0                    3117.0000000 2863.23645  8.14%     -    8s
H    0     0                    3115.0000000 2863.23645  8.08%     -    8s
H    0     0                    3104.0000000 2863.23645  7.76%     -    8s
H    0     0                    3096.0000000 2863.23645  7.52%     -    8s
     0     0 2863.23645    0  228 3096.00000 2863.23645  7.52%     -    8s
H    0     0                    3088.0000000 2863.23645  7.28%     -    9s
H    0     0                    3086.0000000 2863.23645  7.22%     -    9s
H    0     0                    3069.0000000 2863.23645  6.70%     -    9s
H    0     0                    3054.0000000 2863.23645  6.25%     -    9s
     0     0 2863.55497    0  239 3054.00000 2863.55497  6.24%     -    9s
     0     0 2864.55574    0  209 3054.00000 2864.55574  6.20%     -    9s
     0     0 2864.58312    0  205 3054.00000 2864.58312  6.20%     -    9s
     0     0 2864.58312    0  195 3054.00000 2864.58312  6.20%     -    9s
H    0     0                    3042.0000000 2864.59090  5.83%     -   10s
H    0     0                    3033.0000000 2864.59090  5.55%     -   10s
H    0     0                    2982.0000000 2864.59090  3.94%     -   10s
     0     2 2864.59090    0  190 2982.00000 2864.59090  3.94%     -   10s
    53    98 2868.15211    6  219 2982.00000 2867.98110  3.82%   278   16s
H  158   190                    2975.0000000 2867.98110  3.60%   186   18s
   241   267 2871.32802   10  235 2975.00000 2867.98110  3.60%   163   20s
H  247   267                    2954.0000000 2867.98110  2.91%   162   20s
H  248   267                    2925.0000000 2867.98110  1.95%   162   20s
H  414   427                    2923.0000000 2867.98110  1.88%   144   24s
   436   469 2875.30622   17  240 2923.00000 2867.98110  1.88%   142   25s
H  525   530                    2921.0000000 2867.98110  1.82%   136   26s
   652   657 2881.02176   24  222 2921.00000 2868.21872  1.81%   132   30s
H  985   838                    2916.0000000 2869.22715  1.60%   121   34s
  1046   849 2897.94766   33  181 2916.00000 2869.22715  1.60%   119   35s
H 1052   849                    2908.0000000 2869.22715  1.33%   119   35s
H 1153   833                    2904.0000000 2869.22715  1.20%   115   37s
  1223   896 2900.65159   39  216 2904.00000 2870.42496  1.16%   119   40s
  1608   966 2886.26301   10  153 2904.00000 2872.97416  1.07%   116   45s
  1810  1010 2895.73409   14  146 2904.00000 2877.06882  0.93%   117   51s
  2082  1051     cutoff   10      2904.00000 2877.83225  0.90%   117   56s
  2255  1074 2897.23882   23   89 2904.00000 2878.55853  0.88%   117   61s
  2644  1115     cutoff   18      2904.00000 2880.00197  0.83%   114   66s
  3078  1125     cutoff   11      2904.00000 2883.12667  0.72%   110   70s
  3774  1066 2902.65318   17   97 2904.00000 2886.57108  0.60%   107   77s
  4272   997 2900.34152   22  196 2904.00000 2888.76057  0.52%   104   82s
  4987   903     cutoff   19      2904.00000 2892.37630  0.40%   101   87s
  5716   778 2902.90683   20  122 2904.00000 2895.52335  0.29%  98.9   92s
  6237   553     cutoff   18      2904.00000 2896.75909  0.25%  95.6   95s

Cutting planes:
  Gomory: 7
  Lift-and-project: 5
  Cover: 270
  Implied bound: 6
  Clique: 39
  MIR: 134
  Knapsack: 13
  StrongCG: 85
  GUB cover: 13
  Inf proof: 2
  Zero half: 28
  RLT: 407
  Relax-and-lift: 131
  BQP: 156

Explored 7464 nodes (654989 simplex iterations) in 97.67 seconds (51.17 work units)
Thread count was 22 (of 22 available processors)

Solution count 10: 2904 2908 2916 ... 3033

Optimal solution found (tolerance 1.00e-04)
Best objective 2.904000000000e+03, best bound 2.904000000000e+03, gap 0.0000%

User-callback calls 20064, time in user-callback 0.05 sec
