found_sol 3902.0 time 1.576
found_sol 3709.0 time 3.108
found_sol 3680.0 time 3.110
found_sol 3635.0 time 3.110
found_sol 3611.0 time 3.177
found_sol 3610.0 time 3.696
found_sol 3486.0 time 3.994
found_sol 3476.0 time 5.447
found_sol 3370.0 time 7.988
found_sol 3263.0 time 7.990
found_sol 3251.0 time 9.650
found_sol 3240.0 time 10.746
found_sol 3222.0 time 10.747
found_sol 3192.0 time 13.885
found_sol 3186.0 time 13.887
found_sol 3176.0 time 16.141
found_sol 3171.0 time 45.223
found_sol 3176.0 time 52.141
found_sol 3186.0 time 52.142
found_sol 3166.0 time 87.576
found_sol 3164.0 time 95.558
found_sol 3160.0 time 95.560
time 127.864
GUROBI
Status OPTIMAL
Runtime 127.86402297019958
NodeCount 10633.0
IterCount 1297791.0
NumVars 3600
NumConstrs 12356
ObjBound 3160.0
ObjBoundC 3160.0
ObjVal 3160.0
MIPGap 0.0
