
Gurobi 13.0.0 (linux64) logging started Wed Jan 14 19:19:45 2026

Set parameter LogFile to value "../experiments/network-n_60_s_0_rp_0-app_set-id_99_38_apps/compact_model_gurobi.log"
Set parameter TimeLimit to value 900
Gurobi Optimizer version 13.0.0 build v13.0.0rc1 (linux64 - "Ubuntu 24.04.3 LTS")

CPU model: Intel(R) Core(TM) Ultra 7 165H, instruction set [SSE2|AVX|AVX2]
Thread count: 22 physical cores, 22 logical processors, using up to 22 threads

Non-default parameters:
TimeLimit  900
LogToConsole  0

Academic license 2539022 - for non-commercial use only - registered to al___@studenti.unimi.it
Optimize a model with 76660 rows, 14820 columns and 173883 nonzeros (Min)
Model fingerprint: 0xf7805c88
Model has 14820 linear objective coefficients
Model has 200 quadratic constraints
Variable types: 0 continuous, 14820 integer (14820 binary)
Coefficient statistics:
  Matrix range     [1e+00, 9e+02]
  QMatrix range    [5e+01, 2e+02]
  Objective range  [1e+01, 2e+02]
  Bounds range     [1e+00, 1e+00]
  RHS range        [1e+00, 1e+09]
  QRHS range       [1e+02, 6e+02]
Presolve removed 72424 rows and 8630 columns
Presolve time: 0.20s
Presolved: 90496 rows, 92250 columns, 550744 nonzeros
Variable types: 0 continuous, 92250 integer (92250 binary)
Performing another presolve...
Presolve removed 3119 rows and 3241 columns
Presolve time: 0.99s
Deterministic concurrent LP optimizer: primal simplex, dual simplex, and barrier
Showing barrier log only...

Root barrier log...

Ordering time: 4.44s
Elapsed ordering time = 5s
Ordering time: 8.05s

Barrier performed 0 iterations in 10.53 seconds (5.58 work units)
Barrier solve interrupted - model solved by another algorithm

Concurrent spin time: 6.72s (can be avoided by choosing Method=3)

Solved with dual simplex

Root relaxation: infeasible, 11609 iterations, 9.02 seconds (3.58 work units)

    Nodes    |    Current Node    |     Objective Bounds      |     Work
 Expl Unexpl |  Obj  Depth IntInf | Incumbent    BestBd   Gap | It/Node Time

     0     0 infeasible    0               - infeasible      -     -   10s

Explored 1 nodes (11609 simplex iterations) in 10.53 seconds (5.58 work units)
Thread count was 22 (of 22 available processors)

Solution count 0

Model is infeasible
Best objective -, best bound -, gap -

User-callback calls 1544, time in user-callback 0.01 sec
