
Gurobi 13.0.0 (linux64) logging started Mon Jan  5 01:25:57 2026

Set parameter LogFile to value "../experiments/network-n_40_s_0_rp_0-app_set-id_63_26_apps/compact_model_gurobi.log"
Set parameter TimeLimit to value 900
Gurobi Optimizer version 13.0.0 build v13.0.0rc1 (linux64 - "Ubuntu 24.04.3 LTS")

CPU model: Intel(R) Core(TM) Ultra 7 165H, instruction set [SSE2|AVX|AVX2]
Thread count: 22 physical cores, 22 logical processors, using up to 22 threads

Non-default parameters:
TimeLimit  900
LogToConsole  0

Academic license 2539022 - for non-commercial use only - registered to al___@studenti.unimi.it
Optimize a model with 25166 rows, 6760 columns and 59336 nonzeros (Min)
Model fingerprint: 0x291315ce
Model has 6760 linear objective coefficients
Model has 128 quadratic constraints
Variable types: 0 continuous, 6760 integer (6760 binary)
Coefficient statistics:
  Matrix range     [1e+00, 9e+02]
  QMatrix range    [5e+01, 2e+02]
  Objective range  [1e+01, 2e+02]
  Bounds range     [1e+00, 1e+00]
  RHS range        [1e+00, 1e+09]
  QRHS range       [1e+02, 6e+02]
Presolve removed 23796 rows and 4395 columns
Presolve time: 0.19s
Presolved: 19725 rows, 20577 columns, 121675 nonzeros
Variable types: 0 continuous, 20577 integer (20577 binary)
Deterministic concurrent LP optimizer: primal and dual simplex
Showing primal log only...

Concurrent spin time: 0.01s

Solved with dual simplex

Root relaxation: infeasible, 2677 iterations, 0.44 seconds (0.39 work units)

    Nodes    |    Current Node    |     Objective Bounds      |     Work
 Expl Unexpl |  Obj  Depth IntInf | Incumbent    BestBd   Gap | It/Node Time

     0     0 infeasible    0               - infeasible      -     -    1s

Explored 1 nodes (2677 simplex iterations) in 1.36 seconds (1.38 work units)
Thread count was 22 (of 22 available processors)

Solution count 0

Model is infeasible
Best objective -, best bound -, gap -

User-callback calls 793, time in user-callback 0.00 sec
