
Gurobi 13.0.0 (linux64) logging started Thu Jan 15 02:57:57 2026

Set parameter LogFile to value "../experiments/network-n_40_s_2_rp_0-app_set-id_34_16_apps/submip_30_epr1_model_gurobi.log"
Set parameter TimeLimit to value 8.7845575320000353e+02
Gurobi Optimizer version 13.0.0 build v13.0.0rc1 (linux64 - "Ubuntu 24.04.3 LTS")

CPU model: Intel(R) Core(TM) Ultra 7 165H, instruction set [SSE2|AVX|AVX2]
Thread count: 22 physical cores, 22 logical processors, using up to 22 threads

Non-default parameters:
TimeLimit  8.7845575320000353e+02
LogToConsole  0

Academic license 2539022 - for non-commercial use only - registered to al___@studenti.unimi.it
Optimize a model with 18465 rows, 4160 columns and 42700 nonzeros (Min)
Model fingerprint: 0x8cfa9720
Model has 4160 linear objective coefficients
Model has 126 quadratic constraints
Variable types: 0 continuous, 4160 integer (4160 binary)
Coefficient statistics:
  Matrix range     [1e+00, 9e+02]
  QMatrix range    [5e+01, 2e+02]
  Objective range  [1e+01, 2e+02]
  Bounds range     [1e+00, 1e+00]
  RHS range        [1e+00, 1e+09]
  QRHS range       [1e+02, 6e+02]
Presolve removed 17865 rows and 3128 columns
Presolve time: 0.09s
Presolved: 9121 rows, 9427 columns, 56020 nonzeros
Variable types: 0 continuous, 9427 integer (9427 binary)

Root relaxation: objective 3.654594e+03, 1413 iterations, 0.08 seconds (0.16 work units)

    Nodes    |    Current Node    |     Objective Bounds      |     Work
 Expl Unexpl |  Obj  Depth IntInf | Incumbent    BestBd   Gap | It/Node Time

     0     0 3654.59410    0  220          - 3654.59410      -     -    0s
     0     0 3894.65405    0  243          - 3894.65405      -     -    1s
     0     0 3957.97892    0  259          - 3957.97892      -     -    1s
     0     0 3961.74224    0  272          - 3961.74224      -     -    1s
     0     0 3962.02850    0  284          - 3962.02850      -     -    1s
     0     0 4139.99482    0  251          - 4139.99482      -     -    1s
     0     0 4167.51464    0  257          - 4167.51464      -     -    1s
     0     0 4172.14366    0  268          - 4172.14366      -     -    1s
     0     0 4241.71351    0  278          - 4241.71351      -     -    2s
     0     0 4263.79590    0  307          - 4263.79590      -     -    2s
     0     0 4270.43470    0  334          - 4270.43470      -     -    2s
     0     0 4287.74855    0  334          - 4287.74855      -     -    3s
     0     0 4287.76631    0  329          - 4287.76631      -     -    3s
     0     0 4287.76631    0  329          - 4287.76631      -     -    3s
     0     2 4287.79998    0  311          - 4287.79998      -     -    3s
   104   131 4312.38122    8  263          - 4294.82264      -   214    5s
   540   560 4356.63720   18  242          - 4294.82264      -   252   10s
   720   753 4367.73328   21  234          - 4294.82264      -   238   16s
  1234  1202 4453.75470   35  227          - 4294.82264      -   220   20s
  1936  1769 4329.33592    9  244          - 4303.89313      -   195   25s
  3074  2743 4470.90433   39  189          - 4317.33327      -   184   30s
  3345  2752 4527.23228   27  342          - 4317.33327      -   180   35s
  3379  2775 4541.67302   14  419          - 4374.84193      -   179   40s
  3423  2804 4539.64087   26  460          - 4385.34183      -   176   45s
  3457  2827 4499.66554   15  474          - 4403.90889      -   175   50s
  3502  2857 4733.84840   59  484          - 4408.51343      -   172   55s
  3526  2873 4525.11242   35  475          - 4410.13057      -   171   60s
  3546  2903 4421.38798   13  384          - 4419.02789      -   183   65s
  3645  2995 4478.61923   16  321          - 4424.22602      -   192   71s
  3756  3056 4516.52252   18  312          - 4424.22602      -   203   76s
  3818  3092 4539.00231   19  307          - 4424.22602      -   210   80s
  3904  3137 4553.59320   21  303          - 4424.22602      -   219   85s
  3983  3161 4620.84324   22  276          - 4424.22602      -   228   90s
  4070  3194 infeasible   24               - 4424.22602      -   236   95s
  4178  3232 4622.86444   27  275          - 4424.22602      -   245  101s
  4242  3259 4600.63234   28  265          - 4424.22602      -   248  105s
  4341  3281 infeasible   30               - 4428.72487      -   254  110s
  4433  3310 4801.56113   30  242          - 4428.72487      -   258  115s
  4602  3362 infeasible   32               - 4433.06554      -   267  122s
  4688  3403 4786.69769   33  205          - 4433.06554      -   269  125s
  4903  3458 4828.38103   34  204          - 4433.06554      -   273  130s
  5146  3501 4474.46691   15  310          - 4436.96567      -   277  135s
  5387  3565 4533.13949   21  280          - 4442.12937      -   284  141s
  5637  3643 4577.15940   25  226          - 4442.86798      -   292  148s
  5767  3672 4630.57084   27  223          - 4442.86798      -   295  151s
  6018  3715 4667.71555   40  191          - 4443.53514      -   300  158s
  6154  3739 infeasible   43               - 4446.77184      -   303  161s
  6305  3764 infeasible   23               - 4446.78320      -   307  165s
  6627  3781 4674.72160   24  252          - 4450.47169      -   315  172s
  6660  3783 4691.22855   25  225          - 4450.47169      -   315  176s
  6691  3802 4664.62055   24  248          - 4450.47169      -   316  180s
  6798  3874 4689.97020   26  244          - 4452.55991      -   318  188s
  6908  3949 4744.47260   27  239          - 4452.55991      -   319  192s
  7067  4015 4747.37247   27  256          - 4452.55991      -   322  196s
  7316  4050 4746.91342   26  235          - 4452.55991      -   322  201s
  7534  4110 4766.67849   25  214          - 4452.55991      -   326  206s
  7764  4209 4751.38258   28  241          - 4463.69688      -   333  211s
  8054  4337 4873.72850   28  235          - 4464.61569      -   338  217s
  8366  4454 4880.33923   38  200          - 4466.38955      -   341  222s
  8772  4487 4763.67974   21  249          - 4468.56369      -   343  227s
  9147  4563 4526.72749   20  228          - 4468.56369      -   345  233s
  9498  4663 infeasible   24               - 4470.09964      -   350  238s
  9889  4770 infeasible   30               - 4470.09964      -   353  244s
 10351  4866 5107.41953   39  224          - 4470.09964      -   355  250s
 10811  4886 4545.29835   16  283          - 4470.09964      -   357  257s
 11099  5010 infeasible   22               - 4470.09964      -   361  264s
 11549  5102 4649.04711   21  237          - 4470.09964      -   364  270s
 12006  5267 4517.62809   23  257          - 4477.01521      -   367  278s
 12551  5331 4807.41359   28  195          - 4477.01521      -   368  285s
 12897  5588 4554.59513   20  262          - 4482.70191      -   369  292s
 13370  5929 4689.31081   30  247          - 4482.70191      -   372  300s
 13958  6269 4754.31268   48  185          - 4485.19891      -   374  308s
 14524  6568 4713.81118   24  248          - 4485.44550      -   373  316s
 15169  6627 5058.28812   37  113          - 4485.44550      -   373  325s
 15294  6678 infeasible   22               - 4491.35024      -   373  334s
 15363  6836 4770.17828   39  183          - 4491.35024      -   373  343s
 15638  7166 4516.48525   19  289          - 4491.35024      -   373  352s
 16140  7493 4656.80640   27  279          - 4491.35024      -   374  362s
 16771  7803 infeasible   22               - 4491.87594      -   376  372s
 17425  8256 4810.28265   30  186          - 4492.06767      -   380  382s
 18194  8596 4516.95416   25  275          - 4496.81904      -   381  393s
 18841  9000 4696.05523   32  254          - 4496.81904      -   383  404s
 19690  9495 4685.69860   27  166          - 4499.31851      -   385  415s
 20505  9969 4620.26217   21  212          - 4503.04142      -   386  427s
 21460 10088 4672.02807   25  257          - 4503.04142      -   387  438s
 21729 10423 4696.55431   26  252          - 4503.33432      -   389  451s
 22360 10856 4824.24322   26  196          - 4503.33432      -   390  463s
 23267 11259 4601.76187   26  261          - 4504.54970      -   392  477s
 24082 11880 4627.36409   20  263          - 4506.68110      -   394  493s
 25233 12289 4589.43475   22  205          - 4513.70135      -   397  506s
 26123 12657 4744.38716   27  226          - 4515.09122      -   398  518s
 27058 12715 5163.32220   40  186          - 4515.89014      -   400  532s
 27226 12804 4606.96228   20  212          - 4515.89014      -   400  545s
 27434 12912 4619.15881   21  202          - 4515.89014      -   400  561s
 27698 13006 infeasible   22               - 4515.89014      -   400  578s
 27940 13228 4644.58238   21  203          - 4517.24596      -   401  599s
 28352 13627 infeasible   22               - 4519.07471      -   401  624s
 29121 13912 infeasible   23               - 4520.23147      -   401  647s
 29617 14543 4669.50628   27  270          - 4520.23147      -   400  672s
 30788 15440 4682.40278   29  140          - 4523.21687      -   401  697s
 32678 15481 4569.49365   21  267          - 4525.55384      -   401  721s
 32765 15542 4574.90246   22  266          - 4525.55384      -   401  746s
 32888 15624 4597.25252   23  263          - 4525.55384      -   402  772s
 33034 15717 4612.68408   24  218          - 4525.55384      -   401  801s
 33225 16182 4613.46144   25  219          - 4525.55384      -   401  833s
 34126 17039 4751.00054   37  174          - 4527.12979      -   400  865s
 35973 17635 4575.67985   24  244          - 4528.87545      -   402  878s

Cutting planes:
  Gomory: 5
  Cover: 55
  Implied bound: 2
  Clique: 32
  MIR: 101
  Knapsack: 9
  StrongCG: 33
  Flow cover: 127
  GUB cover: 4
  Zero half: 18
  RLT: 68
  Relax-and-lift: 90
  BQP: 7

Explored 37117 nodes (14912276 simplex iterations) in 878.47 seconds (869.00 work units)
Thread count was 22 (of 22 available processors)

Solution count 0

Time limit reached
Best objective -, best bound 4.535000000000e+03, gap -

User-callback calls 245413, time in user-callback 1.49 sec
Set parameter LogToConsole to value 0
