FIXINGS_START
(0, 0, 0)
(0, 6, 0)
(2, 0, 0)
(2, 6, 0)
(3, 0, 0)
(3, 4, 0)
(4, 0, 0)
(4, 6, 0)
(5, 0, 0)
(5, 4, 0)
(6, 0, 0)
(7, 4, 0)
(8, 0, 0)
(9, 0, 0)
(10, 8, 0)
(10, 9, 0)
(11, 0, 0)
(12, 0, 0)
(12, 4, 0)
(13, 0, 0)
(14, 0, 0)
(15, 0, 0)
(4, 8, 0)
(4, 9, 0)
(9, 3, 0)
(5, 1, 20)
(13, 2, 0)
(0, 4, 0)
(13, 3, 0)
(5, 2, 20)
(10, 0, 1)
(8, 1, 0)
(13, 4, 11)
(8, 2, 21)
(0, 5, 0)
(5, 5, 0)
(1, 2, 0)
(5, 6, 20)
(15, 1, 11)
(14, 1, 0)
(6, 2, 0)
(13, 5, 0)
(11, 3, 0)
(15, 2, 16)
(6, 5, 0)
(0, 7, 0)
(8, 3, 0)
(3, 1, 8)
(3, 2, 6)
(15, 3, 0)
(14, 2, 20)
(3, 3, 0)
(3, 5, 2)
(15, 4, 16)
(15, 5, 0)
FIXINGS_END
time 1.061
GUROBI
Status INFEASIBLE
Runtime 1.0611591339111328
NodeCount 1.0
IterCount 2802.0
NumVars 4160
NumConstrs 18473
ObjBound inf
ObjBoundC inf
ObjVal None
MIPGap inf
