
Gurobi 13.0.0 (linux64) logging started Thu Jan 15 02:57:56 2026

Set parameter LogFile to value "../experiments/network-n_40_s_2_rp_0-app_set-id_34_16_apps/submip_40_epr0_model_gurobi.log"
Set parameter TimeLimit to value 8.9733424756498425e+02
Gurobi Optimizer version 13.0.0 build v13.0.0rc1 (linux64 - "Ubuntu 24.04.3 LTS")

CPU model: Intel(R) Core(TM) Ultra 7 165H, instruction set [SSE2|AVX|AVX2]
Thread count: 22 physical cores, 22 logical processors, using up to 22 threads

Non-default parameters:
TimeLimit  8.9733424756498425e+02
LogToConsole  0

Academic license 2539022 - for non-commercial use only - registered to al___@studenti.unimi.it
Optimize a model with 18473 rows, 4160 columns and 42708 nonzeros (Min)
Model fingerprint: 0x7b10ccef
Model has 4160 linear objective coefficients
Model has 126 quadratic constraints
Variable types: 0 continuous, 4160 integer (4160 binary)
Coefficient statistics:
  Matrix range     [1e+00, 9e+02]
  QMatrix range    [5e+01, 2e+02]
  Objective range  [1e+01, 2e+02]
  Bounds range     [1e+00, 1e+00]
  RHS range        [1e+00, 1e+09]
  QRHS range       [1e+02, 6e+02]
Presolve removed 18083 rows and 3424 columns
Presolve time: 0.05s
Presolved: 6100 rows, 6328 columns, 36352 nonzeros
Variable types: 0 continuous, 6328 integer (6328 binary)

Root relaxation: objective 3.954807e+03, 708 iterations, 0.03 seconds (0.05 work units)

    Nodes    |    Current Node    |     Objective Bounds      |     Work
 Expl Unexpl |  Obj  Depth IntInf | Incumbent    BestBd   Gap | It/Node Time

     0     0 3954.80700    0  137          - 3954.80700      -     -    0s
     0     0 4634.12972    0  136          - 4634.12972      -     -    0s
     0     0 4673.22312    0  155          - 4673.22312      -     -    0s
     0     0 4680.76716    0  152          - 4680.76716      -     -    0s
     0     0 infeasible    0               - infeasible      -     -    1s

Cutting planes:
  Gomory: 6
  Lift-and-project: 25
  Cover: 47
  Clique: 16
  MIR: 59
  Knapsack: 17
  StrongCG: 24
  GUB cover: 5
  Zero half: 22
  RLT: 122
  Relax-and-lift: 33
  BQP: 36

Explored 1 nodes (2802 simplex iterations) in 1.05 seconds (0.78 work units)
Thread count was 22 (of 22 available processors)

Solution count 0

Model is infeasible
Best objective -, best bound -, gap -

User-callback calls 658, time in user-callback 0.00 sec
Set parameter LogToConsole to value 0
