FIXINGS_START
(0, 0, 0)
(0, 9, 0)
(1, 5, 0)
(1, 6, 0)
(2, 0, 0)
(3, 0, 0)
(5, 0, 0)
(5, 6, 0)
(6, 0, 0)
(7, 0, 0)
(8, 0, 0)
(9, 0, 0)
(9, 4, 0)
(10, 8, 0)
(12, 0, 0)
(12, 1, 0)
(13, 0, 0)
(14, 0, 0)
(15, 7, 0)
(16, 0, 0)
(17, 0, 0)
(17, 7, 0)
(18, 6, 0)
(18, 7, 0)
(19, 0, 0)
(19, 7, 0)
(20, 5, 0)
(21, 0, 0)
(1, 0, 28)
(17, 1, 0)
(1, 1, 28)
(17, 2, 32)
(17, 3, 0)
(17, 4, 29)
(1, 2, 0)
(17, 5, 0)
(10, 0, 0)
(20, 1, 0)
(10, 1, 0)
(13, 1, 0)
(18, 0, 0)
(2, 1, 0)
(18, 1, 0)
(20, 2, 2)
(2, 3, 0)
(11, 0, 0)
(21, 1, 0)
(21, 2, 0)
(8, 1, 0)
(15, 0, 0)
(19, 3, 16)
(12, 4, 0)
(3, 1, 0)
(5, 1, 0)
(15, 4, 0)
(20, 3, 0)
(8, 2, 0)
(3, 2, 0)
(9, 1, 0)
(15, 5, 0)
(21, 3, 0)
(15, 8, 0)
(3, 5, 0)
FIXINGS_END
found_sol 5097.0 time 24.646
found_sol 5089.0 time 25.359
found_sol 5088.0 time 39.546
found_sol 5084.0 time 39.548
found_sol 5083.0 time 42.772
found_sol 5083.0 time 77.778
found_sol 5084.0 time 77.781
found_sol 5088.0 time 77.784
found_sol 5059.0 time 112.685
found_sol 5058.0 time 122.773
found_sol 5057.0 time 151.917
found_sol 5050.0 time 241.923
found_sol 5045.0 time 252.864
found_sol 5045.0 time 814.284
time 814.295
GUROBI
Status TIME_LIMIT
Runtime 814.2945849895477
NodeCount 29491.0
IterCount 6873906.0
NumVars 8580
NumConstrs 76157
ObjBound 4996.0
ObjBoundC 4995.156283629335
ObjVal 5045.0
MIPGap 0.009712586719524281
