
Gurobi 13.0.0 (linux64) logging started Mon Jan  5 00:21:15 2026

Set parameter LogFile to value "../experiments/network-n_40_s_0_rp_0-app_set-id_16_10_apps/compact_model_gurobi.log"
Set parameter TimeLimit to value 900
Gurobi Optimizer version 13.0.0 build v13.0.0rc1 (linux64 - "Ubuntu 24.04.3 LTS")

CPU model: Intel(R) Core(TM) Ultra 7 165H, instruction set [SSE2|AVX|AVX2]
Thread count: 22 physical cores, 22 logical processors, using up to 22 threads

Non-default parameters:
TimeLimit  900
LogToConsole  0

Academic license 2539022 - for non-commercial use only - registered to al___@studenti.unimi.it
Optimize a model with 6452 rows, 2600 columns and 16285 nonzeros (Min)
Model fingerprint: 0x8539ce6a
Model has 2600 linear objective coefficients
Model has 128 quadratic constraints
Variable types: 0 continuous, 2600 integer (2600 binary)
Coefficient statistics:
  Matrix range     [1e+00, 9e+02]
  QMatrix range    [5e+01, 2e+02]
  Objective range  [1e+01, 2e+02]
  Bounds range     [1e+00, 1e+00]
  RHS range        [1e+00, 1e+09]
  QRHS range       [1e+02, 6e+02]
Presolve removed 6050 rows and 1724 columns
Presolve time: 0.06s
Presolved: 5828 rows, 6180 columns, 35170 nonzeros
Variable types: 0 continuous, 6180 integer (6180 binary)

Root relaxation: objective 2.622453e+03, 638 iterations, 0.03 seconds (0.04 work units)

    Nodes    |    Current Node    |     Objective Bounds      |     Work
 Expl Unexpl |  Obj  Depth IntInf | Incumbent    BestBd   Gap | It/Node Time

     0     0 2622.45252    0  113          - 2622.45252      -     -    0s
     0     0 2744.80243    0  143          - 2744.80243      -     -    0s
     0     0 2757.50781    0  149          - 2757.50781      -     -    0s
     0     0 2757.50781    0  151          - 2757.50781      -     -    0s
     0     0 2838.41469    0  171          - 2838.41469      -     -    1s
     0     0 2866.46337    0  158          - 2866.46337      -     -    1s
     0     0 2870.41008    0  163          - 2870.41008      -     -    1s
     0     0 2870.71912    0  159          - 2870.71912      -     -    1s
     0     0 2943.74049    0  152          - 2943.74049      -     -    1s
     0     0 2959.31405    0  153          - 2959.31405      -     -    1s
     0     0 2959.78359    0  156          - 2959.78359      -     -    1s
     0     0 3034.91446    0  163          - 3034.91446      -     -    1s
     0     0 3038.68491    0  160          - 3038.68491      -     -    1s
     0     0 3047.02331    0  164          - 3047.02331      -     -    1s
     0     0 3047.02331    0  163          - 3047.02331      -     -    1s
     0     0 3047.02331    0  163          - 3047.02331      -     -    1s
H    0     0                    3983.0000000 3048.26874  23.5%     -    2s
H    0     0                    3758.0000000 3048.26874  18.9%     -    2s
H    0     0                    3644.0000000 3048.26874  16.3%     -    2s
H    0     0                    3451.0000000 3048.26874  11.7%     -    2s
     0     0 3411.98419    0    6 3451.00000 3411.98419  1.13%     -    2s
H    0     0                    3450.0000000 3411.98419  1.10%     -    2s
H    0     0                    3448.0000000 3411.98419  1.04%     -    2s
H    0     0                    3444.0000000 3411.98419  0.93%     -    2s
H    0     0                    3431.0000000 3411.98419  0.55%     -    2s
H    0     0                    3430.0000000 3411.98419  0.53%     -    2s
H    0     0                    3423.0000000 3419.92715  0.09%     -    2s
     0     0 infeasible    0      3423.00000 3423.00000  0.00%     -    2s

Cutting planes:
  Gomory: 3
  Cover: 3
  Clique: 1
  MIR: 1
  Knapsack: 1
  Zero half: 1

Explored 1 nodes (3747 simplex iterations) in 2.76 seconds (2.11 work units)
Thread count was 22 (of 22 available processors)

Solution count 10: 3423 3430 3431 ... 3644

Optimal solution found (tolerance 1.00e-04)
Best objective 3.423000000000e+03, best bound 3.423000000000e+03, gap 0.0000%

User-callback calls 1312, time in user-callback 0.00 sec
