
Gurobi 13.0.0 (linux64) logging started Sat Jan  3 15:05:30 2026

Set parameter LogFile to value "../experiments/network-n_60_s_1_rp_0-app_set-id_31_15_apps/compact_model_gurobi.log"
Set parameter TimeLimit to value 900
Gurobi Optimizer version 13.0.0 build v13.0.0rc1 (linux64 - "Ubuntu 24.04.3 LTS")

CPU model: Intel(R) Core(TM) Ultra 7 165H, instruction set [SSE2|AVX|AVX2]
Thread count: 22 physical cores, 22 logical processors, using up to 22 threads

Non-default parameters:
TimeLimit  900
LogToConsole  0

Academic license 2539022 - for non-commercial use only - registered to al___@studenti.unimi.it
Optimize a model with 36890 rows, 5880 columns and 82019 nonzeros (Min)
Model fingerprint: 0xbc0bcfbb
Model has 5880 linear objective coefficients
Model has 206 quadratic constraints
Variable types: 0 continuous, 5880 integer (5880 binary)
Coefficient statistics:
  Matrix range     [1e+00, 9e+02]
  QMatrix range    [5e+01, 2e+02]
  Objective range  [1e+01, 2e+02]
  Bounds range     [1e+00, 1e+00]
  RHS range        [1e+00, 1e+09]
  QRHS range       [1e+02, 6e+02]
Presolve removed 35690 rows and 3610 columns
Presolve time: 0.35s
Presolved: 27969 rows, 28802 columns, 176521 nonzeros
Variable types: 0 continuous, 28802 integer (28802 binary)
Deterministic concurrent LP optimizer: primal and dual simplex
Showing primal log only...

Concurrent spin time: 0.00s

Solved with dual simplex

Root relaxation: objective 3.612657e+03, 2211 iterations, 0.66 seconds (0.48 work units)

    Nodes    |    Current Node    |     Objective Bounds      |     Work
 Expl Unexpl |  Obj  Depth IntInf | Incumbent    BestBd   Gap | It/Node Time

     0     0 3612.65674    0  215          - 3612.65674      -     -    2s
     0     0 3630.81783    0  220          - 3630.81783      -     -    3s
     0     0 3643.58682    0  240          - 3643.58682      -     -    3s
     0     0 3651.45810    0  210          - 3651.45810      -     -    3s
     0     0 3652.04971    0  207          - 3652.04971      -     -    3s
     0     0 3652.04985    0  207          - 3652.04985      -     -    3s
     0     0 3656.56004    0  244          - 3656.56004      -     -    4s
     0     0 3670.44600    0  256          - 3670.44600      -     -    5s
     0     0 3675.83619    0  281          - 3675.83619      -     -    5s
     0     0 3677.02659    0  293          - 3677.02659      -     -    5s
     0     0 3677.15556    0  298          - 3677.15556      -     -    6s
     0     0 3691.44457    0  265          - 3691.44457      -     -    7s
     0     0 3694.97614    0  266          - 3694.97614      -     -    8s
     0     0 3695.39524    0  281          - 3695.39524      -     -    8s
     0     0 3700.10267    0  290          - 3700.10267      -     -    9s
     0     0 3702.34793    0  277          - 3702.34793      -     -    9s
     0     0 3702.90814    0  359          - 3702.90814      -     -    9s
H    0     0                    4345.0000000 3709.89723  14.6%     -   10s
     0     0 3709.89723    0  318 4345.00000 3709.89723  14.6%     -   10s
     0     0 3709.91697    0  305 4345.00000 3709.91697  14.6%     -   10s
     0     0 3709.91697    0  298 4345.00000 3709.91697  14.6%     -   10s
H    0     0                    4055.0000000 3709.91697  8.51%     -   11s
H    0     0                    4032.0000000 3709.91697  7.99%     -   11s
H    0     0                    4030.0000000 3709.91697  7.94%     -   11s
H    0     0                    4022.0000000 3709.91697  7.76%     -   11s
     0     2 3709.96985    0  298 4022.00000 3709.96985  7.76%     -   11s
    29    48 3719.74535    5  347 4022.00000 3713.53693  7.67%   489   15s
H  108   137                    4020.0000000 3716.70085  7.54%   376   18s
H  136   137                    3940.0000000 3716.70085  5.67%   330   18s
   140   187 3724.23230    8  336 3940.00000 3716.70085  5.67%   328   20s
H  150   187                    3939.0000000 3716.70085  5.64%   326   20s
H  190   230                    3840.0000000 3716.70085  3.21%   301   22s
H  221   230                    3837.0000000 3716.70085  3.14%   291   22s
   304   302 3780.88166    9  244 3837.00000 3716.70085  3.14%   275   25s
H  419   423                    3833.0000000 3720.54626  2.93%   250   28s
   489   473 3746.01500   15  285 3833.00000 3720.54626  2.93%   235   30s
   621   597 3750.39931   17  269 3833.00000 3720.54626  2.93%   226   35s
H  714   679                    3830.0000000 3722.77011  2.80%   221   37s
H  758   736                    3829.0000000 3722.77011  2.77%   214   39s
H  760   736                    3828.0000000 3722.77011  2.75%   214   39s
   825   785 3756.84066   23  243 3828.00000 3722.77011  2.75%   206   40s
H  938   846                    3827.0000000 3723.71733  2.70%   200   41s
H  948   846                    3826.0000000 3723.71733  2.67%   199   41s
  1099  1030 3785.24783   26  275 3826.00000 3723.71733  2.67%   193   45s
H 1217  1075                    3825.0000000 3723.71733  2.65%   184   47s
  1368  1204 3792.25424   34  233 3825.00000 3724.24095  2.63%   179   50s
  1544  1296 3799.85373   39  220 3825.00000 3724.98831  2.61%   173   55s
  1755  1506 3807.00344   51  241 3825.00000 3726.46213  2.58%   170   61s
  1973  1654 3813.70848   72  227 3825.00000 3726.46213  2.58%   166   65s
  2163  1781 3823.58524   76  210 3825.00000 3726.46213  2.58%   164   70s
H 2195  1439                    3804.0000000 3726.46213  2.04%   163   70s
  2370  1597 3739.58097   16  291 3804.00000 3728.47197  1.99%   161   75s
  2682  1805 3749.56391   31  185 3804.00000 3728.47197  1.99%   157   80s
  2982  1941 3761.62051   22 9551 3804.00000 3728.47197  1.99%   157   89s
  2984  1942 3783.42107   12  205 3804.00000 3728.47197  1.99%   157   91s
  2989  1946 3750.02326   20  304 3804.00000 3728.47197  1.99%   157   95s
  3010  1960 3774.44085   38  309 3804.00000 3728.47197  1.99%   156  100s
  3036  1977 3784.13606   41  321 3804.00000 3728.47197  1.99%   154  105s
  3055  1990 3788.73326   30  396 3804.00000 3728.47197  1.99%   153  110s
  3063  2004 3728.47197   14  398 3804.00000 3728.47197  1.99%   161  115s
  3087  2032 3734.78489   16  308 3804.00000 3729.57104  1.96%   165  121s
  3109  2062 3740.43912   17  339 3804.00000 3731.62355  1.90%   170  125s
  3187  2102 3750.19563   19  373 3804.00000 3731.64825  1.90%   177  133s
  3227  2109 3752.52482   19  356 3804.00000 3731.64825  1.90%   180  136s
  3312  2134 3774.08624   20  388 3804.00000 3731.64825  1.90%   183  143s
  3357  2149 3773.58503   21  349 3804.00000 3731.64825  1.90%   184  146s
  3458  2177 3785.89039   22  223 3804.00000 3731.64825  1.90%   186  151s
  3563  2203 3786.50241   24  203 3804.00000 3731.64825  1.90%   188  157s
  3611  2200 3788.89579   25  225 3804.00000 3735.88161  1.79%   189  160s
  3689  2220 3797.15927   26  218 3804.00000 3739.34648  1.70%   190  166s
  3778  2259 3793.89233   27  162 3804.00000 3739.34648  1.70%   191  172s
  3836  2267 3793.64426   29  127 3804.00000 3739.34648  1.70%   191  175s
  3982  2272 3799.45257   31  285 3804.00000 3741.06311  1.65%   191  182s
  4033  2290 3800.45745   32  298 3804.00000 3741.68007  1.64%   191  185s
  4231  2332 3751.70056   17  256 3804.00000 3743.01049  1.60%   191  192s
  4328  2366 3758.66521   21  246 3804.00000 3744.51317  1.56%   193  196s
  4591  2394 3760.35146   19  268 3804.00000 3744.51317  1.56%   193  203s
  4745  2391 3768.50598   25  199 3804.00000 3744.51317  1.56%   193  207s
  4836  2389 3774.47718   24  179 3804.00000 3744.51317  1.56%   193  211s
  4999  2430 3776.22052   27  182 3804.00000 3744.51317  1.56%   194  218s
  5156  2457     cutoff   25      3804.00000 3749.55289  1.43%   193  223s
  5330  2473 3753.32658   20  261 3804.00000 3749.55289  1.43%   194  229s
  5484  2536 3782.11042   25  249 3804.00000 3749.83657  1.42%   194  234s
  5696  2541     cutoff   32      3804.00000 3750.57019  1.40%   193  238s
  5901  2573 3778.46601   22  184 3804.00000 3750.57019  1.40%   194  243s
  6075  2589 3782.40460   28  172 3804.00000 3750.57019  1.40%   194  248s
  6243  2613     cutoff   36      3804.00000 3750.57019  1.40%   194  254s
  6465  2651 3770.32560   22  222 3804.00000 3753.60120  1.32%   194  259s
  6731  2678 3787.65312   31  219 3804.00000 3753.60120  1.32%   193  265s
  6939  2743 3802.79901   20  202 3804.00000 3754.37504  1.30%   194  270s
  7190  2777 3771.87692   22  296 3804.00000 3754.37504  1.30%   194  276s
  7458  2774 3783.39811   24  314 3804.00000 3754.59913  1.30%   194  282s
  7603  2884     cutoff   24      3804.00000 3754.59913  1.30%   195  288s
  7963  2768 3787.22455   25  367 3804.00000 3755.58834  1.27%   194  295s
  7999  2768 3787.37748   26  345 3804.00000 3756.67785  1.24%   195  301s
  8040  2824 infeasible   25      3804.00000 3756.67785  1.24%   195  307s
  8225  2926 3767.11580   34  200 3804.00000 3757.09166  1.23%   194  314s
  8535  2886 3763.54470   23  203 3804.00000 3757.15998  1.23%   193  320s
  8642  3064 3769.39619   27  255 3804.00000 3757.15998  1.23%   193  327s
  9022  3119 3789.87751   50  105 3804.00000 3758.25646  1.20%   192  335s
  9458  3206 3794.44404   28  200 3804.00000 3758.64184  1.19%   191  342s
  9701  3393 3769.34778   25  269 3804.00000 3758.64184  1.19%   191  351s
 10073  3577 3793.15675   28  298 3804.00000 3759.14570  1.18%   191  359s
 10555  3730 3771.71612   36  253 3804.00000 3759.46167  1.17%   191  367s
 10925  3887 3799.38975   56  217 3804.00000 3759.46167  1.17%   191  376s
 11364  4088     cutoff   38      3804.00000 3761.22309  1.12%   191  386s
 11848  4249 3770.72540   25  214 3804.00000 3762.12901  1.10%   191  395s
 12310  4437 3798.33892   49  106 3804.00000 3762.64407  1.09%   191  405s
 12825  4652 3799.40840   22  182 3804.00000 3762.87185  1.08%   191  415s
 13364  4892 3785.68109   27  259 3804.00000 3763.81075  1.06%   191  425s
 13971  5113 3788.15714   34  206 3804.00000 3764.64668  1.03%   191  436s
 14586  5370 3773.02117   28  178 3804.00000 3765.06857  1.02%   191  447s
 15266  5411 3777.61289   33  205 3804.00000 3766.04410  1.00%   190  459s
 15390  5660 3783.72588   39  188 3804.00000 3766.17580  0.99%   191  470s
 16054  5903 3792.16906   26  289 3804.00000 3766.65455  0.98%   190  483s
 16840  6004     cutoff   28      3804.00000 3767.17730  0.97%   190  494s
 17179  6328 3783.34474   30  263 3804.00000 3767.44414  0.96%   190  507s
 18091  6658 3777.54107   31  272 3804.00000 3768.20897  0.94%   189  520s
 19050  6970     cutoff   33      3804.00000 3769.25841  0.91%   188  534s
 19942  7125     cutoff   37      3804.00000 3769.71843  0.90%   188  548s
 20491  7511 3779.54401   24  196 3804.00000 3770.12513  0.89%   188  563s
 21501  7883 3777.33018   29  302 3804.00000 3770.69310  0.88%   187  578s
 22679  8124     cutoff   26      3804.00000 3771.51439  0.85%   186  593s
 23616  8470 3794.62249   36  166 3804.00000 3771.81034  0.85%   185  608s
 24694  8917     cutoff   43      3804.00000 3772.42150  0.83%   185  631s
 26044  9165 3796.47722   35  139 3804.00000 3773.19192  0.81%   184  645s
 26969  9444 3786.20596   27  264 3804.00000 3773.74583  0.80%   184  659s
 27903  9709 3794.87795   26  149 3804.00000 3773.78868  0.79%   184  674s
 28809  9972 infeasible   31      3804.00000 3774.41912  0.78%   185  690s
 29978 10197 3799.66288   35  151 3804.00000 3774.98472  0.76%   184  706s
 31245 10324 3796.88009   36  215 3804.00000 3775.47816  0.75%   184  722s
 31901 10579 3792.99887   29  187 3804.00000 3775.87811  0.74%   183  739s
 33157 10817     cutoff   29      3804.00000 3776.55410  0.72%   183  758s
 34623 11053 3801.78361   31  167 3804.00000 3777.03083  0.71%   183  776s
 36141 11335 3793.85462   44  249 3804.00000 3777.56187  0.70%   182  796s
 37618 11628 3786.30106   31  198 3804.00000 3778.08980  0.68%   181  815s
H38060 11561                    3803.0000000 3778.13761  0.65%   181  815s
 39151 11763 3795.63302   32  265 3803.00000 3778.68441  0.64%   181  836s
H39234 11669                    3802.0000000 3778.68441  0.61%   181  836s
 40668 11750     cutoff   35      3802.00000 3779.04968  0.60%   180  858s
 42303 11952 3797.82283   42  191 3802.00000 3779.92864  0.58%   180  879s
 43966 11952 3794.77981   34  171 3802.00000 3780.01594  0.58%   179  880s
 44243 11973     cutoff   41      3802.00000 3780.53578  0.56%   179  900s

Cutting planes:
  Gomory: 11
  Lift-and-project: 2
  Cover: 593
  Implied bound: 7
  Clique: 68
  MIR: 218
  Knapsack: 10
  StrongCG: 178
  Flow cover: 189
  GUB cover: 30
  Inf proof: 1
  Zero half: 106
  RLT: 278
  Relax-and-lift: 214
  BQP: 68

Explored 45063 nodes (8076422 simplex iterations) in 900.06 seconds (617.38 work units)
Thread count was 22 (of 22 available processors)

Solution count 10: 3802 3803 3804 ... 3833

Time limit reached
Best objective 3.802000000000e+03, best bound 3.781000000000e+03, gap 0.5523%

User-callback calls 222913, time in user-callback 1.14 sec
