FIXINGS_START
(0, 0, 0)
(0, 4, 0)
(1, 0, 0)
(2, 0, 0)
(2, 9, 0)
(3, 0, 0)
(4, 0, 0)
(5, 9, 0)
(6, 7, 0)
(6, 8, 0)
(7, 0, 0)
(8, 4, 0)
(9, 0, 0)
(9, 1, 0)
(10, 0, 0)
(11, 0, 0)
(12, 0, 0)
(12, 6, 0)
(13, 0, 0)
(13, 7, 0)
(14, 0, 0)
(11, 1, 0)
(0, 1, 0)
(5, 7, 0)
(6, 0, 20)
(0, 3, 0)
(4, 1, 0)
(2, 4, 11)
(6, 1, 20)
(14, 3, 0)
(10, 3, 0)
(0, 6, 0)
(0, 7, 0)
(14, 4, 0)
(10, 5, 0)
(9, 2, 0)
(2, 6, 0)
(9, 3, 0)
(6, 2, 0)
(4, 2, 0)
(4, 4, 0)
(4, 5, 0)
(9, 4, 11)
(12, 1, 0)
(9, 5, 0)
FIXINGS_END
time 1.830
GUROBI
Status INFEASIBLE
Runtime 1.8299438953399658
NodeCount 1.0
IterCount 5442.0
NumVars 3920
NumConstrs 16696
ObjBound inf
ObjBoundC inf
ObjVal None
MIPGap inf
