FIXINGS_START
(0, 0, 0)
(0, 9, 0)
(1, 0, 0)
(2, 0, 0)
(3, 0, 0)
(3, 6, 0)
(5, 0, 0)
(5, 6, 0)
(6, 0, 0)
(8, 0, 0)
(9, 0, 0)
(10, 0, 0)
(11, 0, 0)
(12, 0, 0)
(12, 6, 0)
(13, 8, 0)
(13, 9, 0)
(14, 0, 0)
(14, 9, 0)
(15, 0, 0)
(15, 4, 0)
(16, 0, 0)
(17, 0, 0)
(17, 8, 0)
(14, 2, 0)
(14, 3, 0)
(14, 4, 0)
(14, 6, 0)
(0, 6, 0)
(13, 0, 0)
(13, 2, 0)
(13, 3, 0)
(13, 7, 0)
(0, 8, 0)
(3, 2, 0)
(3, 3, 0)
(3, 4, 0)
(3, 7, 0)
(5, 4, 0)
(11, 3, 0)
(8, 2, 0)
(8, 4, 0)
(6, 1, 6)
(12, 5, 0)
(5, 5, 0)
(7, 0, 33)
(7, 2, 0)
(9, 1, 0)
(8, 5, 24)
(17, 1, 30)
(6, 2, 32)
(7, 3, 4)
(17, 2, 29)
(17, 6, 16)
(4, 0, 0)
(1, 2, 0)
(1, 5, 18)
(2, 2, 0)
(4, 1, 0)
(4, 2, 24)
(2, 4, 0)
(10, 1, 1)
FIXINGS_END
time 1.677
GUROBI
Status INFEASIBLE
Runtime 1.6769580841064453
NodeCount 1.0
IterCount 4283.0
NumVars 5850
NumConstrs 31044
ObjBound inf
ObjBoundC inf
ObjVal None
MIPGap inf
