
Gurobi 13.0.0 (linux64) logging started Fri Jan  2 18:28:23 2026

Set parameter LogFile to value "../experiments/network-n_50_s_1_rp_0-app_set-id_13_9_apps/compact_model_gurobi.log"
Set parameter TimeLimit to value 900
Gurobi Optimizer version 13.0.0 build v13.0.0rc1 (linux64 - "Ubuntu 24.04.3 LTS")

CPU model: Intel(R) Core(TM) Ultra 7 165H, instruction set [SSE2|AVX|AVX2]
Thread count: 22 physical cores, 22 logical processors, using up to 22 threads

Non-default parameters:
TimeLimit  900
LogToConsole  0

Academic license 2539022 - for non-commercial use only - registered to al___@studenti.unimi.it
Optimize a model with 16109 rows, 2900 columns and 36258 nonzeros (Min)
Model fingerprint: 0xc4e4b9bd
Model has 2900 linear objective coefficients
Model has 164 quadratic constraints
Variable types: 0 continuous, 2900 integer (2900 binary)
Coefficient statistics:
  Matrix range     [1e+00, 9e+02]
  QMatrix range    [5e+01, 2e+02]
  Objective range  [1e+01, 2e+02]
  Bounds range     [1e+00, 1e+00]
  RHS range        [1e+00, 1e+09]
  QRHS range       [1e+02, 6e+02]
Presolve removed 15415 rows and 1697 columns
Presolve time: 0.12s
Presolved: 13280 rows, 13634 columns, 82221 nonzeros
Variable types: 0 continuous, 13634 integer (13634 binary)
Found heuristic solution: objective 3699.0000000

Root relaxation: objective 1.972525e+03, 604 iterations, 0.04 seconds (0.06 work units)

    Nodes    |    Current Node    |     Objective Bounds      |     Work
 Expl Unexpl |  Obj  Depth IntInf | Incumbent    BestBd   Gap | It/Node Time

     0     0 1972.52451    0   67 3699.00000 1972.52451  46.7%     -    0s
H    0     0                    3480.0000000 1972.52451  43.3%     -    0s
H    0     0                    2501.0000000 1972.52451  21.1%     -    0s
H    0     0                    2496.0000000 1972.52451  21.0%     -    0s
H    0     0                    2353.0000000 1972.52451  16.2%     -    0s
H    0     0                    2148.0000000 1986.10963  7.54%     -    0s
     0     0 1986.64078    0  111 2148.00000 1986.64078  7.51%     -    0s
H    0     0                    2141.0000000 1986.64078  7.21%     -    0s
     0     0 1986.78924    0  110 2141.00000 1986.78924  7.20%     -    1s
     0     0 1987.02759    0  111 2141.00000 1987.02759  7.19%     -    1s
H    0     0                    2126.0000000 1987.02759  6.54%     -    1s
     0     0 1993.81782    0  116 2126.00000 1993.81782  6.22%     -    1s
     0     0 1994.88440    0  129 2126.00000 1994.88440  6.17%     -    1s
     0     0 1995.78669    0  129 2126.00000 1995.78669  6.12%     -    1s
     0     0 1996.37800    0  132 2126.00000 1996.37800  6.10%     -    1s
     0     0 1996.44652    0  134 2126.00000 1996.44652  6.09%     -    1s
     0     0 2000.29059    0  142 2126.00000 2000.29059  5.91%     -    1s
H    0     0                    2108.0000000 2000.29059  5.11%     -    1s
H    0     0                    2079.0000000 2000.29059  3.79%     -    1s
     0     0 2000.37388    0  143 2079.00000 2000.37388  3.78%     -    2s
     0     0 2001.03389    0  153 2079.00000 2001.03389  3.75%     -    2s
     0     0 2001.17760    0  144 2079.00000 2001.17760  3.74%     -    2s
     0     0 2001.63001    0  148 2079.00000 2001.63001  3.72%     -    2s
     0     0 2001.69733    0  146 2079.00000 2001.69733  3.72%     -    2s
     0     0 2001.69733    0  146 2079.00000 2001.69733  3.72%     -    2s
     0     0 2001.69733    0  141 2079.00000 2001.69733  3.72%     -    2s
     0     2 2001.70020    0  141 2079.00000 2001.70020  3.72%     -    2s
H   56    86                    2025.0000000 2009.41017  0.77%  92.4    3s
H   78    86                    2024.0000000 2009.41017  0.72%  85.2    3s
H  143   167                    2022.0000000 2009.41017  0.62%  70.9    4s
   577   177     cutoff   17      2022.00000 2011.95272  0.50%  44.4    5s

Cutting planes:
  Lift-and-project: 1
  Cover: 108
  Clique: 25
  MIR: 60
  Knapsack: 7
  StrongCG: 43
  GUB cover: 7
  Zero half: 20
  RLT: 88
  Relax-and-lift: 77
  BQP: 13

Explored 1131 nodes (45042 simplex iterations) in 6.10 seconds (3.09 work units)
Thread count was 22 (of 22 available processors)

Solution count 10: 2022 2024 2025 ... 2496

Optimal solution found (tolerance 1.00e-04)
Best objective 2.022000000000e+03, best bound 2.022000000000e+03, gap 0.0000%

User-callback calls 3502, time in user-callback 0.01 sec
