FIXINGS_START
(0, 0, 0)
(0, 9, 0)
(1, 0, 0)
(2, 0, 0)
(3, 0, 0)
(3, 6, 0)
(5, 0, 0)
(5, 6, 0)
(6, 0, 0)
(8, 0, 0)
(9, 0, 0)
(10, 0, 0)
(11, 0, 0)
(12, 0, 0)
(12, 6, 0)
(13, 8, 0)
(13, 9, 0)
(14, 0, 0)
(14, 9, 0)
(15, 0, 0)
(15, 4, 0)
(16, 0, 0)
(17, 0, 0)
(17, 8, 0)
(4, 0, 0)
(4, 1, 0)
(11, 1, 14)
(17, 1, 0)
(17, 4, 26)
(17, 6, 13)
(10, 3, 4)
(13, 0, 0)
(13, 2, 0)
(13, 3, 0)
(13, 5, 0)
(13, 7, 0)
(8, 2, 0)
(7, 0, 0)
(2, 2, 0)
(17, 2, 1)
(15, 1, 0)
(8, 4, 0)
(7, 2, 0)
(16, 2, 0)
(1, 2, 0)
(2, 4, 0)
(0, 2, 0)
(5, 4, 0)
(1, 3, 13)
(9, 1, 0)
(3, 2, 0)
(0, 6, 0)
FIXINGS_END
found_sol 5452.0 time 54.963
found_sol 5430.0 time 139.215
found_sol 5428.0 time 156.324
found_sol 5424.0 time 213.076
found_sol 5421.0 time 233.722
found_sol 5387.0 time 233.728
found_sol 5318.0 time 233.735
found_sol 5318.0 time 645.665
time 645.669
GUROBI
Status OPTIMAL
Runtime 645.6685869693756
NodeCount 93748.0
IterCount 16943842.0
NumVars 5850
NumConstrs 24107
ObjBound 5318.0
ObjBoundC 5318.0
ObjVal 5318.0
MIPGap 0.0
