
Gurobi 13.0.0 (linux64) logging started Thu Jan 15 03:52:26 2026

Set parameter LogFile to value "../experiments/network-n_50_s_0_rp_0-app_set-id_41_18_apps/submip_30_epr0_model_gurobi.log"
Set parameter TimeLimit to value 8.9692152252698725e+02
Gurobi Optimizer version 13.0.0 build v13.0.0rc1 (linux64 - "Ubuntu 24.04.3 LTS")

CPU model: Intel(R) Core(TM) Ultra 7 165H, instruction set [SSE2|AVX|AVX2]
Thread count: 22 physical cores, 22 logical processors, using up to 22 threads

Non-default parameters:
TimeLimit  8.9692152252698725e+02
LogToConsole  0

Academic license 2539022 - for non-commercial use only - registered to al___@studenti.unimi.it
Optimize a model with 24107 rows, 5850 columns and 56083 nonzeros (Min)
Model fingerprint: 0x523d6025
Model has 5850 linear objective coefficients
Model has 166 quadratic constraints
Variable types: 0 continuous, 5850 integer (5850 binary)
Coefficient statistics:
  Matrix range     [1e+00, 9e+02]
  QMatrix range    [5e+01, 2e+02]
  Objective range  [1e+01, 2e+02]
  Bounds range     [1e+00, 1e+00]
  RHS range        [1e+00, 1e+09]
  QRHS range       [1e+02, 6e+02]
Presolve removed 23628 rows and 4776 columns
Presolve time: 0.08s
Presolved: 6696 rows, 7139 columns, 40656 nonzeros
Variable types: 0 continuous, 7139 integer (7139 binary)

Root relaxation: objective 4.611009e+03, 1465 iterations, 0.07 seconds (0.10 work units)

    Nodes    |    Current Node    |     Objective Bounds      |     Work
 Expl Unexpl |  Obj  Depth IntInf | Incumbent    BestBd   Gap | It/Node Time

     0     0 4611.00937    0  160          - 4611.00937      -     -    0s
     0     0 4752.61280    0  200          - 4752.61280      -     -    0s
     0     0 4768.12526    0  214          - 4768.12526      -     -    0s
     0     0 4768.19000    0  211          - 4768.19000      -     -    0s
     0     0 4864.25938    0  244          - 4864.25938      -     -    1s
     0     0 4894.64906    0  248          - 4894.64906      -     -    1s
     0     0 4901.26637    0  271          - 4901.26637      -     -    1s
     0     0 4901.52849    0  272          - 4901.52849      -     -    1s
     0     0 4997.74051    0  264          - 4997.74051      -     -    1s
     0     0 5054.73906    0  285          - 5054.73906      -     -    1s
     0     0 5068.84086    0  290          - 5068.84086      -     -    1s
     0     0 5072.27571    0  289          - 5072.27571      -     -    1s
     0     0 5107.68348    0  287          - 5107.68348      -     -    2s
     0     0 5107.71539    0  279          - 5107.71539      -     -    2s
     0     0 5107.71539    0  267          - 5107.71539      -     -    2s
     0     2 5107.77201    0  259          - 5107.77201      -     -    2s
   524   388 5635.74215   15  200          - 5164.89972      -   184    5s
  1457   970 5361.65018   23  171          - 5197.61269      -   155   10s
  3153  1754 5452.91472    8  171          - 5230.49992      -   143   15s
  3796  1964 5547.95589   32  357          - 5235.01871      -   140   20s
  3863  2008 5468.15973   35  338          - 5235.01871      -   137   25s
  4089  2117 5386.16319   25  207          - 5290.08240      -   149   30s
  4462  2161 5479.11990   31  182          - 5304.30023      -   158   35s
  4729  2195 5456.36997   26  163          - 5324.64001      -   163   40s
  5072  2247 5488.43297   33  167          - 5324.64001      -   166   45s
  5512  2198 5568.01034   32  168          - 5336.71893      -   172   50s
  5903  2150 infeasible   36               - 5374.04427      -   176   55s
  6502  2028 5544.02699   28  209          - 5399.63010      -   181   61s
  6911  1953 infeasible   35               - 5401.50541      -   184   65s
  7884  1722 infeasible   27               - 5440.98672      -   188   70s
  8769  1377 infeasible   28               - 5475.96893      -   191   75s
  9625  1078 infeasible   33               - 5503.87480      -   191   81s
 10409   911 5635.93833   35  177          - 5532.24337      -   192   85s
 11826   798 5843.62512   29  158          - 5601.06677      -   191   92s
 11954   728 5874.26215   31  171          - 5610.62591      -   191   96s
 12792   316 infeasible   39               - 5642.64694      -   189  101s

Cutting planes:
  Gomory: 4
  Lift-and-project: 2
  Cover: 84
  Clique: 21
  MIR: 115
  Knapsack: 13
  StrongCG: 59
  Flow cover: 102
  GUB cover: 6
  Zero half: 36
  Mod-K: 1
  RLT: 52
  Relax-and-lift: 84
  BQP: 25
  PSD: 1

Explored 14296 nodes (2622731 simplex iterations) in 104.02 seconds (94.19 work units)
Thread count was 22 (of 22 available processors)

Solution count 0

Model is infeasible
Best objective -, best bound -, gap -

User-callback calls 47627, time in user-callback 0.15 sec
Set parameter LogToConsole to value 0
