FIXINGS_START
(0, 0, 0)
(0, 9, 0)
(1, 0, 0)
(2, 0, 0)
(3, 0, 0)
(3, 6, 0)
(5, 0, 0)
(5, 6, 0)
(6, 0, 0)
(8, 0, 0)
(9, 0, 0)
(10, 0, 0)
(11, 0, 0)
(12, 0, 0)
(12, 6, 0)
(13, 8, 0)
(13, 9, 0)
(14, 0, 0)
(14, 9, 0)
(15, 0, 0)
(15, 4, 0)
(16, 0, 0)
(17, 0, 0)
(17, 8, 0)
(4, 0, 0)
(4, 1, 0)
(11, 1, 14)
(17, 1, 0)
(17, 4, 26)
(17, 6, 13)
(10, 3, 4)
(13, 0, 0)
(13, 2, 0)
(13, 3, 0)
(13, 5, 0)
(13, 7, 0)
(8, 2, 0)
(7, 0, 0)
(2, 2, 0)
(17, 2, 1)
(15, 1, 0)
(8, 4, 0)
(7, 2, 0)
(16, 2, 0)
(1, 2, 0)
(2, 4, 0)
(0, 2, 0)
(5, 4, 0)
(1, 3, 13)
(9, 1, 0)
(3, 2, 0)
(0, 6, 0)
(12, 5, 0)
(3, 3, 0)
(1, 4, 2)
(3, 4, 0)
(3, 7, 0)
(11, 3, 0)
(14, 2, 0)
(10, 1, 10)
(15, 2, 0)
(14, 3, 0)
FIXINGS_END
found_sol 5483.0 time 11.023
found_sol 5426.0 time 14.412
found_sol 5426.0 time 14.853
time 14.857
GUROBI
Status OPTIMAL
Runtime 14.856518983840942
NodeCount 6400.0
IterCount 599970.0
NumVars 5850
NumConstrs 24117
ObjBound 5426.0
ObjBoundC 5426.0
ObjVal 5426.0
MIPGap 0.0
