
Gurobi 13.0.0 (linux64) logging started Mon Jan  5 00:21:39 2026

Set parameter LogFile to value "../experiments/network-n_40_s_0_rp_0-app_set-id_19_11_apps/compact_model_gurobi.log"
Set parameter TimeLimit to value 900
Gurobi Optimizer version 13.0.0 build v13.0.0rc1 (linux64 - "Ubuntu 24.04.3 LTS")

CPU model: Intel(R) Core(TM) Ultra 7 165H, instruction set [SSE2|AVX|AVX2]
Thread count: 22 physical cores, 22 logical processors, using up to 22 threads

Non-default parameters:
TimeLimit  900
LogToConsole  0

Academic license 2539022 - for non-commercial use only - registered to al___@studenti.unimi.it
Optimize a model with 9230 rows, 2880 columns and 22284 nonzeros (Min)
Model fingerprint: 0x1d846d20
Model has 2880 linear objective coefficients
Model has 128 quadratic constraints
Variable types: 0 continuous, 2880 integer (2880 binary)
Coefficient statistics:
  Matrix range     [1e+00, 8e+02]
  QMatrix range    [5e+01, 2e+02]
  Objective range  [1e+01, 2e+02]
  Bounds range     [1e+00, 1e+00]
  RHS range        [1e+00, 1e+09]
  QRHS range       [1e+02, 6e+02]
Presolve removed 8638 rows and 1840 columns
Presolve time: 0.06s
Presolved: 8762 rows, 9088 columns, 52532 nonzeros
Variable types: 0 continuous, 9088 integer (9088 binary)

Root relaxation: objective 2.581981e+03, 1102 iterations, 0.08 seconds (0.12 work units)

    Nodes    |    Current Node    |     Objective Bounds      |     Work
 Expl Unexpl |  Obj  Depth IntInf | Incumbent    BestBd   Gap | It/Node Time

     0     0 2581.98081    0  175          - 2581.98081      -     -    0s
     0     0 2628.89993    0  207          - 2628.89993      -     -    0s
     0     0 2652.58094    0  208          - 2652.58094      -     -    1s
     0     0 2658.39780    0  236          - 2658.39780      -     -    1s
     0     0 2658.51794    0  247          - 2658.51794      -     -    1s
     0     0 2658.53789    0  242          - 2658.53789      -     -    1s
H    0     0                    3717.0000000 2658.53789  28.5%     -    1s
     0     0 2685.22889    0  230 3717.00000 2685.22889  27.8%     -    1s
H    0     0                    3684.0000000 2685.22889  27.1%     -    1s
     0     0 2687.21757    0  224 3684.00000 2687.21757  27.1%     -    1s
     0     0 2688.12015    0  222 3684.00000 2688.12015  27.0%     -    1s
H    0     0                    3474.0000000 2688.12015  22.6%     -    2s
H    0     0                    3466.0000000 2688.12015  22.4%     -    2s
H    0     0                    3393.0000000 2710.54919  20.1%     -    2s
     0     0 2710.54919    0  235 3393.00000 2710.54919  20.1%     -    2s
     0     0 2715.10521    0  265 3393.00000 2715.10521  20.0%     -    2s
     0     0 2715.96656    0  250 3393.00000 2715.96656  20.0%     -    2s
H    0     0                    3371.0000000 2715.96656  19.4%     -    2s
H    0     0                    3362.0000000 2715.96656  19.2%     -    2s
     0     0 2721.30384    0  223 3362.00000 2721.30384  19.1%     -    2s
     0     0 2721.34764    0  218 3362.00000 2721.34764  19.1%     -    3s
     0     0 2721.34764    0  208 3362.00000 2721.34764  19.1%     -    3s
     0     2 2721.35269    0  206 3362.00000 2721.35269  19.1%     -    3s
    53    97 2732.44244    6  254 3362.00000 2730.88252  18.8%   347    5s
H  116   147                    3354.0000000 2730.95254  18.6%   270    5s
H  385   398                    3170.0000000 2730.95254  13.9%   219    8s
   486   507 2755.84648   16  231 3170.00000 2730.95254  13.9%   206   10s
H  704   701                    2902.0000000 2730.97024  5.89%   200   14s
   758   798 2772.33935   25  268 2902.00000 2730.97024  5.89%   197   15s
H  786   798                    2887.0000000 2730.97024  5.40%   195   15s
  1813  1664 2862.59971   66  136 2887.00000 2736.79955  5.20%   155   20s
  2540  2149 2858.87159   33  156 2887.00000 2736.80340  5.20%   147   25s
  3070  2406 2877.30214   24  112 2887.00000 2739.97508  5.09%   148   30s
  3228  2481 2775.32101   14  168 2887.00000 2739.97508  5.09%   148   35s
  3280  2516 2749.18435   13  335 2887.00000 2739.97508  5.09%   145   40s
  3325  2546 2861.38983   29  338 2887.00000 2739.97508  5.09%   144   45s
  3366  2590 2745.15694   19  269 2887.00000 2740.04513  5.09%   147   50s
  3539  2729 2756.46586   24  294 2887.00000 2743.56027  4.97%   153   55s
H 3873  2779                    2865.0000000 2749.94179  4.02%   154   60s
  4193  2862 2792.82596   32  181 2865.00000 2754.99709  3.84%   153   65s
  4492  2960 2818.72983   35  153 2865.00000 2756.95370  3.77%   152   70s
  4826  3026 2852.86870   41  122 2865.00000 2758.47772  3.72%   152   76s
  5104  3138 2783.26512   32  180 2865.00000 2760.12145  3.66%   152   80s
  5691  3280 2831.61656   59  158 2865.00000 2762.24930  3.59%   149   86s
  6258  3435 2859.49731   32  186 2865.00000 2763.33234  3.55%   147   91s
  6676  3438 2793.73343   28  164 2865.00000 2763.33234  3.55%   146   95s
  7284  3507     cutoff   25      2865.00000 2764.33603  3.51%   146  101s
  7586  3493 infeasible   33      2865.00000 2768.34421  3.37%   145  105s
  8158  3703 2797.83158   29  199 2865.00000 2770.47263  3.30%   144  111s
  8886  3751 2849.80048   28  189 2865.00000 2775.49275  3.12%   141  116s
  9458  3862 2822.03802   30  192 2865.00000 2777.64966  3.05%   142  121s
 10317  4016 2850.02419   34  125 2865.00000 2781.55241  2.91%   140  127s
 11254  4376 2845.45162   31  171 2865.00000 2782.83634  2.87%   137  132s
 11738  4604 2811.60826   31  157 2865.00000 2782.96925  2.86%   136  135s
 12808  5105 2846.61030   39  175 2865.00000 2784.87667  2.80%   135  142s
 13366  5312     cutoff   44      2865.00000 2786.14994  2.75%   134  145s
 14272  5718 2807.43867   27  182 2865.00000 2787.23816  2.71%   134  152s
 14884  6046 2813.05053   30  232 2865.00000 2788.92057  2.66%   133  155s
 16179  6572 2847.70805   29  119 2865.00000 2790.12695  2.61%   132  163s
 16886  6920 2826.81776   31  186 2865.00000 2791.35303  2.57%   131  167s
 17774  7105 2825.82589   36  133 2865.00000 2791.68770  2.56%   130  171s
 18157  7469 2836.05627   37  128 2865.00000 2791.70699  2.56%   129  175s
 19868  7820     cutoff   35      2865.00000 2794.11156  2.47%   128  184s
 20494  8119 2850.77811   30  168 2865.00000 2794.24948  2.47%   128  188s
 21419  8514     cutoff   30      2865.00000 2794.60124  2.46%   128  193s
 22436  8872 2811.17630   26  221 2865.00000 2796.51415  2.39%   127  198s
 23322  9166 2814.11233   29  242 2865.00000 2797.34223  2.36%   127  202s
 24293  9567     cutoff   38      2865.00000 2798.39630  2.32%   126  210s
 26159 10081 2822.71606   28  200 2865.00000 2799.98729  2.27%   125  219s
 26911 10430 2828.68832   39  169 2865.00000 2799.98729  2.27%   125  224s
 28013 10740     cutoff   35      2865.00000 2801.51053  2.22%   125  229s
 29044 11010 2835.96978   39  231 2865.00000 2801.91308  2.20%   124  235s
 30374 11309 2835.37357   28  102 2865.00000 2803.02037  2.16%   124  240s
 31634 11662 2837.94348   26  140 2865.00000 2803.77853  2.14%   123  246s
 32909 12040     cutoff   39      2865.00000 2804.64572  2.11%   123  252s
 34193 12492 2844.99236   31  164 2865.00000 2805.49579  2.08%   122  258s
 35498 12878 2833.82795   28  140 2865.00000 2806.32989  2.05%   122  264s
 36954 13265     cutoff   40      2865.00000 2807.25031  2.02%   121  270s
 38331 13456 2843.34279   32  100 2865.00000 2808.08848  1.99%   121  276s
 38879 13543     cutoff   44      2865.00000 2808.39078  1.98%   121  282s
H38959 13238                    2859.0000000 2808.39095  1.77%   121  282s
 39142 13561 2857.01006   43   87 2859.00000 2808.39095  1.77%   121  290s
H39917 13211                    2856.0000000 2808.47838  1.66%   121  290s
 40708 13477     cutoff   37      2856.00000 2809.18072  1.64%   121  297s
 42496 13689 2822.62739   35  199 2856.00000 2810.42858  1.60%   120  305s
 43612 13914 2846.06810   27  138 2856.00000 2810.56560  1.59%   120  313s
 45634 14177     cutoff   43      2856.00000 2812.20439  1.53%   120  321s
 47723 14366     cutoff   44      2856.00000 2813.43995  1.49%   119  329s
*47837 14030              36    2854.0000000 2813.43995  1.42%   119  329s
 49209 14191     cutoff   39      2854.00000 2814.29384  1.39%   119  385s
 51693 14267 2848.79073   32  124 2854.00000 2815.71791  1.34%   119  393s
 53686 14310 2843.98353   29  173 2854.00000 2817.12162  1.29%   119  401s
 55956 14289 2846.80839   38  128 2854.00000 2818.28982  1.25%   119  410s
 58151 14265 2844.97241   36  199 2854.00000 2819.62252  1.20%   119  418s
 60447 14125     cutoff   36      2854.00000 2820.87366  1.16%   118  427s
 62774 13960     cutoff   38      2854.00000 2822.49528  1.10%   118  435s
 65141 13576     cutoff   40      2854.00000 2823.63061  1.06%   118  444s
 67357 13240     cutoff   28      2854.00000 2825.18182  1.01%   118  452s
 69662 12805     cutoff   31      2854.00000 2826.40006  0.97%   118  461s
 72008 12182     cutoff   30      2854.00000 2827.84881  0.92%   118  470s
 74088 11446     cutoff   41      2854.00000 2829.44603  0.86%   118  479s
 76404 10518 2849.73594   32  118 2854.00000 2830.88504  0.81%   118  487s
 78724  9440     cutoff   35      2854.00000 2832.86818  0.74%   118  497s
 81245  8150 2852.06755   37  160 2854.00000 2834.63021  0.68%   118  506s
 83850  6537 2846.33804   33  172 2854.00000 2836.88084  0.60%   118  513s
 86368  4740     cutoff   31      2854.00000 2839.09288  0.52%   117  520s
 89044  2770     cutoff   38      2854.00000 2841.99584  0.42%   116  526s
 93566     0     cutoff   28      2854.00000 2850.48527  0.12%   113  530s

Cutting planes:
  Gomory: 8
  Lift-and-project: 2
  Cover: 441
  Clique: 43
  MIR: 216
  Knapsack: 11
  StrongCG: 129
  Flow cover: 181
  GUB cover: 21
  Inf proof: 1
  Zero half: 36
  Mod-K: 2
  RLT: 280
  Relax-and-lift: 102
  BQP: 127
  PSD: 2

Explored 94171 nodes (10596027 simplex iterations) in 530.62 seconds (349.60 work units)
Thread count was 22 (of 22 available processors)

Solution count 10: 2854 2856 2859 ... 3371

Optimal solution found (tolerance 1.00e-04)
Best objective 2.854000000000e+03, best bound 2.854000000000e+03, gap 0.0000%

User-callback calls 236564, time in user-callback 0.46 sec
