
Gurobi 13.0.0 (linux64) logging started Sat Jan  3 03:15:04 2026

Set parameter LogFile to value "../experiments/network-n_60_s_0_rp_0-app_set-id_18_11_apps/compact_model_gurobi.log"
Set parameter TimeLimit to value 900
Gurobi Optimizer version 13.0.0 build v13.0.0rc1 (linux64 - "Ubuntu 24.04.3 LTS")

CPU model: Intel(R) Core(TM) Ultra 7 165H, instruction set [SSE2|AVX|AVX2]
Thread count: 22 physical cores, 22 logical processors, using up to 22 threads

Non-default parameters:
TimeLimit  900
LogToConsole  0

Academic license 2539022 - for non-commercial use only - registered to al___@studenti.unimi.it
Optimize a model with 14803 rows, 4320 columns and 35451 nonzeros (Min)
Model fingerprint: 0x84775a50
Model has 4320 linear objective coefficients
Model has 200 quadratic constraints
Variable types: 0 continuous, 4320 integer (4320 binary)
Coefficient statistics:
  Matrix range     [1e+00, 9e+02]
  QMatrix range    [5e+01, 2e+02]
  Objective range  [1e+01, 2e+02]
  Bounds range     [1e+00, 1e+00]
  RHS range        [1e+00, 1e+09]
  QRHS range       [1e+02, 6e+02]
Presolve removed 14021 rows and 2631 columns
Presolve time: 0.18s
Presolved: 28316 rows, 29027 columns, 170477 nonzeros
Variable types: 0 continuous, 29027 integer (29027 binary)
Deterministic concurrent LP optimizer: primal and dual simplex
Showing primal log only...

Concurrent spin time: 0.03s

Solved with dual simplex

Root relaxation: objective 3.038458e+03, 1901 iterations, 0.43 seconds (0.45 work units)

    Nodes    |    Current Node    |     Objective Bounds      |     Work
 Expl Unexpl |  Obj  Depth IntInf | Incumbent    BestBd   Gap | It/Node Time

     0     0 3038.45787    0  188          - 3038.45787      -     -    1s
     0     0 3048.30585    0  182          - 3048.30585      -     -    1s
H    0     0                    4113.0000000 3048.30585  25.9%     -    2s
     0     0 3063.98580    0  211 4113.00000 3063.98580  25.5%     -    2s
H    0     0                    4038.0000000 3092.95356  23.4%     -    3s
H    0     0                    4008.0000000 3092.95356  22.8%     -    3s
     0     0 3092.95356    0  236 4008.00000 3092.95356  22.8%     -    3s
     0     0 3104.16639    0  253 4008.00000 3104.16639  22.6%     -    3s
     0     0 3105.53041    0  240 4008.00000 3105.53041  22.5%     -    3s
     0     0 3105.54177    0  246 4008.00000 3105.54177  22.5%     -    3s
     0     0 3123.68199    0  249 4008.00000 3123.68199  22.1%     -    4s
     0     0 3131.54858    0  253 4008.00000 3131.54858  21.9%     -    5s
     0     0 3134.13048    0  257 4008.00000 3134.13048  21.8%     -    5s
     0     0 3135.32288    0  268 4008.00000 3135.32288  21.8%     -    5s
     0     0 3135.52656    0  283 4008.00000 3135.52656  21.8%     -    5s
H    0     0                    3909.0000000 3143.73145  19.6%     -    6s
H    0     0                    3900.0000000 3143.73145  19.4%     -    6s
     0     0 3143.73145    0  280 3900.00000 3143.73145  19.4%     -    6s
H    0     0                    3821.0000000 3143.73145  17.7%     -    7s
H    0     0                    3521.0000000 3143.73145  10.7%     -    7s
H    0     0                    3520.0000000 3143.73145  10.7%     -    7s
     0     0 3149.74226    0  310 3520.00000 3149.74226  10.5%     -    7s
     0     0 3150.49948    0  299 3520.00000 3150.49948  10.5%     -    7s
H    0     0                    3485.0000000 3152.42814  9.54%     -    8s
     0     0 3152.42814    0  292 3485.00000 3152.42814  9.54%     -    8s
     0     0 3152.46112    0  289 3485.00000 3152.46112  9.54%     -    8s
     0     0 3152.46112    0  289 3485.00000 3152.46112  9.54%     -    8s
H    0     2                    3444.0000000 3152.46112  8.47%     -    8s
     0     2 3152.46112    0  275 3444.00000 3152.46112  8.47%     -    8s
     7    16 3164.07743    3  325 3444.00000 3156.99196  8.33%   445   10s
H   39    52                    3420.0000000 3161.47472  7.56%   482   12s
H   55    93                    3380.0000000 3163.77467  6.40%   480   14s
H   61    93                    3342.0000000 3163.77467  5.33%   476   14s
H   80    93                    3334.0000000 3163.77467  5.11%   428   14s
    94   147 3170.69596    8  328 3334.00000 3163.78436  5.11%   400   15s
H  299   311                    3285.0000000 3163.78436  3.69%   299   19s
   315   357 3178.68711   12  304 3285.00000 3163.78436  3.69%   290   20s
H  376   403                    3259.0000000 3163.78436  2.92%   280   21s
H  409   445                    3257.0000000 3163.78436  2.86%   270   22s
H  474   475                    3255.0000000 3163.78436  2.80%   259   23s
   541   528 infeasible   16      3255.00000 3163.78436  2.80%   250   25s
H  553   528                    3253.0000000 3163.78436  2.74%   250   25s
H  570   528                    3247.0000000 3163.78436  2.56%   250   25s
H  647   576                    3246.0000000 3167.26767  2.43%   239   27s
H  651   576                    3245.0000000 3167.26767  2.40%   238   27s
H  669   576                    3240.0000000 3167.26767  2.24%   238   27s
H  733   634                    3227.0000000 3167.26767  1.85%   232   30s
H  828   698                    3224.0000000 3167.73916  1.75%   228   32s
H  830   698                    3223.0000000 3167.73916  1.71%   228   32s
   938   779 3180.74797   11  221 3223.00000 3169.06502  1.67%   222   35s
H  952   779                    3217.0000000 3169.06502  1.49%   221   35s
  1211   911 3183.57548   13  206 3217.00000 3170.06608  1.46%   204   40s
  1629  1131     cutoff   18      3217.00000 3171.61737  1.41%   189   46s
  2008  1237 3197.06686   12  145 3217.00000 3173.70597  1.35%   178   51s
  2146  1296 3205.21096   19  138 3217.00000 3174.05089  1.34%   176   55s
  2628  1507 3186.93769    6  190 3217.00000 3174.39716  1.32%   167   60s
  2944  1650 3209.99601   14  206 3217.00000 3177.31527  1.23%   165   65s
  3295  1758 3195.75173   22  184 3217.00000 3177.31527  1.23%   162   70s
  3828  2032 3209.17976   22  159 3217.00000 3179.57387  1.16%   159   77s
  4088  2033 3198.03259    9 6790 3217.00000 3180.07066  1.15%   157   83s
  4091  2035 3198.98524   14  237 3217.00000 3180.07066  1.15%   157   85s
  4113  2050 3213.67264   38  402 3217.00000 3180.07066  1.15%   156   90s
  4145  2071 3208.67969   18  412 3217.00000 3180.07066  1.15%   155   95s
  4174  2090 3204.28687   15  397 3217.00000 3180.07066  1.15%   154  100s
  4195  2104 3200.50897   14  377 3217.00000 3180.07066  1.15%   153  105s
  4203  2119 3181.34372   15  299 3217.00000 3180.07066  1.15%   159  110s
  4249  2167 3183.82116   18  252 3217.00000 3183.28356  1.05%   161  115s
  4331  2203 3185.32359   20  198 3217.00000 3185.00265  0.99%   163  120s
  4462  2247 3194.86183   23  195 3217.00000 3185.00265  0.99%   164  127s
  4541  2250 3210.60357   24  163 3217.00000 3186.15618  0.96%   165  130s
  4654  2269 3211.72811   27   87 3217.00000 3187.04866  0.93%   164  136s
  4739  2274 3207.36852   30  104 3217.00000 3187.04866  0.93%   165  140s
  4912  2270 3214.29251   39   46 3217.00000 3187.04866  0.93%   163  146s
  5182  2279 3207.80836   27   81 3217.00000 3189.17753  0.86%   162  152s
  5306  2329 3211.46445   29  107 3217.00000 3189.71460  0.85%   162  156s
  5547  2362 3198.87433   27  201 3217.00000 3191.12995  0.80%   161  160s
  5888  2369 3212.05460   19  163 3217.00000 3192.02707  0.78%   159  165s
  6219  2350 3201.15190   23  225 3217.00000 3193.46482  0.73%   158  170s
  6616  2305 3200.95888   26  155 3217.00000 3194.09224  0.71%   156  175s
  7039  2289 3204.69230   21  221 3217.00000 3195.34360  0.67%   154  180s
  7327  2211     cutoff   28      3217.00000 3195.76149  0.66%   153  185s
  7480  2286     cutoff   35      3217.00000 3195.91851  0.66%   154  190s
  7992  2217 3210.36199   28  202 3217.00000 3196.65418  0.63%   151  196s
  8514  2143 3208.08958   24  137 3217.00000 3197.91895  0.59%   149  202s
  8819  2105     cutoff   26      3217.00000 3198.47559  0.58%   148  205s
  9562  1904 3210.92888   31  215 3217.00000 3199.92450  0.53%   145  212s
* 9608  1761              54    3216.0000000 3199.92450  0.50%   145  212s
  9969  1632     cutoff   25      3216.00000 3200.24233  0.49%   144  215s
H10029  1514                    3215.0000000 3200.24233  0.46%   144  215s
 10613  1377 3212.49522   25  252 3215.00000 3202.23888  0.40%   143  222s
 11071  1310     cutoff   30      3215.00000 3203.40530  0.36%   142  226s
 11488  1145     cutoff   32      3215.00000 3204.06427  0.34%   141  230s
 12768   495 3210.28921   28  157 3215.00000 3207.01069  0.25%   137  238s
 13301    14     cutoff   30      3215.00000 3208.14134  0.21%   135  240s

Cutting planes:
  Lift-and-project: 4
  Cover: 207
  Clique: 43
  MIR: 111
  Knapsack: 8
  StrongCG: 68
  Flow cover: 128
  GUB cover: 17
  Inf proof: 1
  Zero half: 54
  Mod-K: 2
  RLT: 230
  Relax-and-lift: 56
  BQP: 94

Explored 13911 nodes (1836212 simplex iterations) in 241.05 seconds (172.70 work units)
Thread count was 22 (of 22 available processors)

Solution count 10: 3215 3216 3217 ... 3247

Optimal solution found (tolerance 1.00e-04)
Best objective 3.215000000000e+03, best bound 3.215000000000e+03, gap 0.0000%

User-callback calls 50832, time in user-callback 0.24 sec
