FIXINGS_START
(1, 0, 0)
(2, 7, 0)
(2, 8, 0)
(3, 0, 0)
(3, 9, 0)
(4, 5, 0)
(5, 0, 0)
(5, 6, 0)
(6, 0, 0)
(6, 7, 0)
(7, 3, 0)
(8, 0, 0)
(8, 6, 0)
(9, 0, 0)
(9, 4, 0)
(10, 0, 0)
(11, 6, 0)
(11, 7, 0)
(12, 0, 0)
(12, 4, 0)
(13, 0, 0)
(14, 0, 0)
(14, 6, 0)
(15, 4, 0)
(17, 0, 0)
(17, 6, 0)
(2, 0, 32)
(4, 0, 18)
(1, 3, 15)
(17, 1, 31)
(13, 2, 0)
(16, 3, 0)
(13, 4, 0)
(11, 0, 0)
(5, 1, 0)
(14, 1, 0)
(0, 0, 0)
(14, 3, 0)
(12, 5, 0)
(2, 1, 32)
(3, 2, 18)
(14, 4, 0)
(8, 4, 0)
(14, 7, 0)
(0, 1, 0)
(11, 3, 27)
(2, 2, 33)
(7, 2, 0)
(17, 7, 0)
(14, 8, 0)
(3, 3, 8)
(3, 4, 0)
(5, 3, 0)
(5, 4, 32)
(8, 5, 0)
(3, 5, 6)
(5, 5, 32)
(0, 2, 0)
(11, 4, 9)
(11, 5, 26)
(5, 8, 0)
(5, 9, 0)
(2, 4, 9)
FIXINGS_END
time 111.787
GUROBI
Status INFEASIBLE
Runtime 111.78719592094421
NodeCount 8418.0
IterCount 1737549.0
NumVars 5850
NumConstrs 32703
ObjBound inf
ObjBoundC inf
ObjVal None
MIPGap inf
