FIXINGS_START
(1, 0, 0)
(2, 7, 0)
(2, 8, 0)
(3, 0, 0)
(3, 9, 0)
(4, 5, 0)
(5, 0, 0)
(5, 6, 0)
(6, 0, 0)
(6, 7, 0)
(7, 3, 0)
(8, 0, 0)
(8, 6, 0)
(9, 0, 0)
(9, 4, 0)
(10, 0, 0)
(11, 6, 0)
(11, 7, 0)
(12, 0, 0)
(12, 4, 0)
(13, 0, 0)
(14, 0, 0)
(14, 6, 0)
(15, 4, 0)
(17, 0, 0)
(17, 6, 0)
(9, 1, 12)
(7, 2, 0)
(16, 0, 0)
(8, 2, 30)
(13, 2, 0)
(14, 1, 0)
(16, 1, 0)
(12, 3, 28)
(12, 5, 0)
(13, 4, 0)
(1, 2, 1)
(14, 3, 0)
(14, 4, 0)
(14, 7, 0)
(14, 8, 0)
(8, 3, 8)
(3, 4, 0)
(5, 1, 0)
(9, 2, 6)
(9, 6, 32)
(6, 5, 0)
(8, 4, 0)
(8, 5, 0)
(11, 0, 0)
(11, 1, 24)
(0, 0, 0)
(5, 2, 4)
(0, 1, 0)
FIXINGS_END
found_sol 5639.0 time 184.211
found_sol 5620.0 time 395.401
found_sol 5604.000000000001 time 500.647
found_sol 5597.0 time 515.008
found_sol 5594.0 time 515.025
found_sol 5565.000000000771 time 804.380
found_sol 5565.0 time 807.912
time 807.918
GUROBI
Status OPTIMAL
Runtime 807.9181220531464
NodeCount 40030.0
IterCount 15256079.0
NumVars 5850
NumConstrs 32694
ObjBound 5565.0
ObjBoundC 5565.000000000771
ObjVal 5565.0
MIPGap 0.0
